[2023-04-17T08:59:59.903-0300] {processor.py:153} INFO - Started process (PID=81409) to work on /home/pepino/.virtualenvs/apache_airflow/lib/python3.10/site-packages/airflow/example_dags/example_branch_datetime_operator.py
[2023-04-17T08:59:59.904-0300] {processor.py:743} INFO - Processing file /home/pepino/.virtualenvs/apache_airflow/lib/python3.10/site-packages/airflow/example_dags/example_branch_datetime_operator.py for tasks to queue
[2023-04-17T08:59:59.905-0300] {logging_mixin.py:137} INFO - [2023-04-17T08:59:59.905-0300] {dagbag.py:532} INFO - Filling up the DagBag from /home/pepino/.virtualenvs/apache_airflow/lib/python3.10/site-packages/airflow/example_dags/example_branch_datetime_operator.py
[2023-04-17T08:59:59.919-0300] {processor.py:753} INFO - DAG(s) dict_keys(['example_branch_datetime_operator', 'example_branch_datetime_operator_2', 'example_branch_datetime_operator_3']) retrieved from /home/pepino/.virtualenvs/apache_airflow/lib/python3.10/site-packages/airflow/example_dags/example_branch_datetime_operator.py
[2023-04-17T08:59:59.932-0300] {logging_mixin.py:137} INFO - [2023-04-17T08:59:59.932-0300] {dag.py:2705} INFO - Sync 3 DAGs
[2023-04-17T08:59:59.941-0300] {logging_mixin.py:137} INFO - [2023-04-17T08:59:59.941-0300] {dag.py:3452} INFO - Setting next_dagrun for example_branch_datetime_operator to 2023-04-16T00:00:00+00:00, run_after=2023-04-17T00:00:00+00:00
[2023-04-17T08:59:59.943-0300] {logging_mixin.py:137} INFO - [2023-04-17T08:59:59.943-0300] {dag.py:3452} INFO - Setting next_dagrun for example_branch_datetime_operator_2 to 2023-04-16T00:00:00+00:00, run_after=2023-04-17T00:00:00+00:00
[2023-04-17T08:59:59.944-0300] {logging_mixin.py:137} INFO - [2023-04-17T08:59:59.944-0300] {dag.py:3452} INFO - Setting next_dagrun for example_branch_datetime_operator_3 to 2023-04-16T00:00:00+00:00, run_after=2023-04-17T00:00:00+00:00
[2023-04-17T08:59:59.962-0300] {processor.py:175} INFO - Processing /home/pepino/.virtualenvs/apache_airflow/lib/python3.10/site-packages/airflow/example_dags/example_branch_datetime_operator.py took 0.063 seconds
[2023-04-17T09:00:44.138-0300] {processor.py:153} INFO - Started process (PID=81665) to work on /home/pepino/.virtualenvs/apache_airflow/lib/python3.10/site-packages/airflow/example_dags/example_branch_datetime_operator.py
[2023-04-17T09:00:44.146-0300] {processor.py:743} INFO - Processing file /home/pepino/.virtualenvs/apache_airflow/lib/python3.10/site-packages/airflow/example_dags/example_branch_datetime_operator.py for tasks to queue
[2023-04-17T09:00:44.148-0300] {logging_mixin.py:137} INFO - [2023-04-17T09:00:44.147-0300] {dagbag.py:532} INFO - Filling up the DagBag from /home/pepino/.virtualenvs/apache_airflow/lib/python3.10/site-packages/airflow/example_dags/example_branch_datetime_operator.py
[2023-04-17T09:00:44.165-0300] {processor.py:753} INFO - DAG(s) dict_keys(['example_branch_datetime_operator_2', 'example_branch_datetime_operator', 'example_branch_datetime_operator_3']) retrieved from /home/pepino/.virtualenvs/apache_airflow/lib/python3.10/site-packages/airflow/example_dags/example_branch_datetime_operator.py
[2023-04-17T09:00:44.177-0300] {logging_mixin.py:137} INFO - [2023-04-17T09:00:44.177-0300] {dag.py:2705} INFO - Sync 3 DAGs
[2023-04-17T09:00:44.187-0300] {logging_mixin.py:137} INFO - [2023-04-17T09:00:44.187-0300] {dag.py:3452} INFO - Setting next_dagrun for example_branch_datetime_operator to 2023-04-16T00:00:00+00:00, run_after=2023-04-17T00:00:00+00:00
[2023-04-17T09:00:44.189-0300] {logging_mixin.py:137} INFO - [2023-04-17T09:00:44.189-0300] {dag.py:3452} INFO - Setting next_dagrun for example_branch_datetime_operator_2 to 2023-04-16T00:00:00+00:00, run_after=2023-04-17T00:00:00+00:00
[2023-04-17T09:00:44.190-0300] {logging_mixin.py:137} INFO - [2023-04-17T09:00:44.190-0300] {dag.py:3452} INFO - Setting next_dagrun for example_branch_datetime_operator_3 to 2023-04-16T00:00:00+00:00, run_after=2023-04-17T00:00:00+00:00
[2023-04-17T09:00:44.213-0300] {processor.py:175} INFO - Processing /home/pepino/.virtualenvs/apache_airflow/lib/python3.10/site-packages/airflow/example_dags/example_branch_datetime_operator.py took 0.079 seconds
[2023-04-17T09:01:26.523-0300] {processor.py:153} INFO - Started process (PID=81755) to work on /home/pepino/.virtualenvs/apache_airflow/lib/python3.10/site-packages/airflow/example_dags/example_branch_datetime_operator.py
[2023-04-17T09:01:26.532-0300] {processor.py:743} INFO - Processing file /home/pepino/.virtualenvs/apache_airflow/lib/python3.10/site-packages/airflow/example_dags/example_branch_datetime_operator.py for tasks to queue
[2023-04-17T09:01:26.533-0300] {logging_mixin.py:137} INFO - [2023-04-17T09:01:26.532-0300] {dagbag.py:532} INFO - Filling up the DagBag from /home/pepino/.virtualenvs/apache_airflow/lib/python3.10/site-packages/airflow/example_dags/example_branch_datetime_operator.py
[2023-04-17T09:01:26.549-0300] {processor.py:753} INFO - DAG(s) dict_keys(['example_branch_datetime_operator_2', 'example_branch_datetime_operator_3', 'example_branch_datetime_operator']) retrieved from /home/pepino/.virtualenvs/apache_airflow/lib/python3.10/site-packages/airflow/example_dags/example_branch_datetime_operator.py
[2023-04-17T09:01:26.561-0300] {logging_mixin.py:137} INFO - [2023-04-17T09:01:26.561-0300] {dag.py:2705} INFO - Sync 3 DAGs
[2023-04-17T09:01:26.571-0300] {logging_mixin.py:137} INFO - [2023-04-17T09:01:26.571-0300] {dag.py:3452} INFO - Setting next_dagrun for example_branch_datetime_operator to 2023-04-16T00:00:00+00:00, run_after=2023-04-17T00:00:00+00:00
[2023-04-17T09:01:26.573-0300] {logging_mixin.py:137} INFO - [2023-04-17T09:01:26.573-0300] {dag.py:3452} INFO - Setting next_dagrun for example_branch_datetime_operator_2 to 2023-04-16T00:00:00+00:00, run_after=2023-04-17T00:00:00+00:00
[2023-04-17T09:01:26.574-0300] {logging_mixin.py:137} INFO - [2023-04-17T09:01:26.574-0300] {dag.py:3452} INFO - Setting next_dagrun for example_branch_datetime_operator_3 to 2023-04-16T00:00:00+00:00, run_after=2023-04-17T00:00:00+00:00
[2023-04-17T09:01:26.592-0300] {processor.py:175} INFO - Processing /home/pepino/.virtualenvs/apache_airflow/lib/python3.10/site-packages/airflow/example_dags/example_branch_datetime_operator.py took 0.070 seconds
[2023-04-17T09:02:11.922-0300] {processor.py:153} INFO - Started process (PID=81861) to work on /home/pepino/.virtualenvs/apache_airflow/lib/python3.10/site-packages/airflow/example_dags/example_branch_datetime_operator.py
[2023-04-17T09:02:11.931-0300] {processor.py:743} INFO - Processing file /home/pepino/.virtualenvs/apache_airflow/lib/python3.10/site-packages/airflow/example_dags/example_branch_datetime_operator.py for tasks to queue
[2023-04-17T09:02:11.932-0300] {logging_mixin.py:137} INFO - [2023-04-17T09:02:11.932-0300] {dagbag.py:532} INFO - Filling up the DagBag from /home/pepino/.virtualenvs/apache_airflow/lib/python3.10/site-packages/airflow/example_dags/example_branch_datetime_operator.py
[2023-04-17T09:02:11.950-0300] {processor.py:753} INFO - DAG(s) dict_keys(['example_branch_datetime_operator', 'example_branch_datetime_operator_3', 'example_branch_datetime_operator_2']) retrieved from /home/pepino/.virtualenvs/apache_airflow/lib/python3.10/site-packages/airflow/example_dags/example_branch_datetime_operator.py
[2023-04-17T09:02:11.962-0300] {logging_mixin.py:137} INFO - [2023-04-17T09:02:11.962-0300] {dag.py:2705} INFO - Sync 3 DAGs
[2023-04-17T09:02:11.972-0300] {logging_mixin.py:137} INFO - [2023-04-17T09:02:11.972-0300] {dag.py:3452} INFO - Setting next_dagrun for example_branch_datetime_operator to 2023-04-16T00:00:00+00:00, run_after=2023-04-17T00:00:00+00:00
[2023-04-17T09:02:11.974-0300] {logging_mixin.py:137} INFO - [2023-04-17T09:02:11.974-0300] {dag.py:3452} INFO - Setting next_dagrun for example_branch_datetime_operator_2 to 2023-04-16T00:00:00+00:00, run_after=2023-04-17T00:00:00+00:00
[2023-04-17T09:02:11.975-0300] {logging_mixin.py:137} INFO - [2023-04-17T09:02:11.975-0300] {dag.py:3452} INFO - Setting next_dagrun for example_branch_datetime_operator_3 to 2023-04-16T00:00:00+00:00, run_after=2023-04-17T00:00:00+00:00
[2023-04-17T09:02:11.993-0300] {processor.py:175} INFO - Processing /home/pepino/.virtualenvs/apache_airflow/lib/python3.10/site-packages/airflow/example_dags/example_branch_datetime_operator.py took 0.074 seconds
[2023-04-17T09:02:52.192-0300] {processor.py:153} INFO - Started process (PID=81933) to work on /home/pepino/.virtualenvs/apache_airflow/lib/python3.10/site-packages/airflow/example_dags/example_branch_datetime_operator.py
[2023-04-17T09:02:52.192-0300] {processor.py:743} INFO - Processing file /home/pepino/.virtualenvs/apache_airflow/lib/python3.10/site-packages/airflow/example_dags/example_branch_datetime_operator.py for tasks to queue
[2023-04-17T09:02:52.193-0300] {logging_mixin.py:137} INFO - [2023-04-17T09:02:52.193-0300] {dagbag.py:532} INFO - Filling up the DagBag from /home/pepino/.virtualenvs/apache_airflow/lib/python3.10/site-packages/airflow/example_dags/example_branch_datetime_operator.py
[2023-04-17T09:02:52.201-0300] {processor.py:753} INFO - DAG(s) dict_keys(['example_branch_datetime_operator_3', 'example_branch_datetime_operator', 'example_branch_datetime_operator_2']) retrieved from /home/pepino/.virtualenvs/apache_airflow/lib/python3.10/site-packages/airflow/example_dags/example_branch_datetime_operator.py
[2023-04-17T09:02:52.212-0300] {logging_mixin.py:137} INFO - [2023-04-17T09:02:52.212-0300] {dag.py:2705} INFO - Sync 3 DAGs
[2023-04-17T09:02:52.222-0300] {logging_mixin.py:137} INFO - [2023-04-17T09:02:52.222-0300] {dag.py:3452} INFO - Setting next_dagrun for example_branch_datetime_operator to 2023-04-16T00:00:00+00:00, run_after=2023-04-17T00:00:00+00:00
[2023-04-17T09:02:52.224-0300] {logging_mixin.py:137} INFO - [2023-04-17T09:02:52.224-0300] {dag.py:3452} INFO - Setting next_dagrun for example_branch_datetime_operator_2 to 2023-04-16T00:00:00+00:00, run_after=2023-04-17T00:00:00+00:00
[2023-04-17T09:02:52.225-0300] {logging_mixin.py:137} INFO - [2023-04-17T09:02:52.225-0300] {dag.py:3452} INFO - Setting next_dagrun for example_branch_datetime_operator_3 to 2023-04-16T00:00:00+00:00, run_after=2023-04-17T00:00:00+00:00
[2023-04-17T09:02:52.262-0300] {processor.py:175} INFO - Processing /home/pepino/.virtualenvs/apache_airflow/lib/python3.10/site-packages/airflow/example_dags/example_branch_datetime_operator.py took 0.072 seconds
[2023-04-17T09:03:36.914-0300] {processor.py:153} INFO - Started process (PID=82053) to work on /home/pepino/.virtualenvs/apache_airflow/lib/python3.10/site-packages/airflow/example_dags/example_branch_datetime_operator.py
[2023-04-17T09:03:36.922-0300] {processor.py:743} INFO - Processing file /home/pepino/.virtualenvs/apache_airflow/lib/python3.10/site-packages/airflow/example_dags/example_branch_datetime_operator.py for tasks to queue
[2023-04-17T09:03:36.923-0300] {logging_mixin.py:137} INFO - [2023-04-17T09:03:36.923-0300] {dagbag.py:532} INFO - Filling up the DagBag from /home/pepino/.virtualenvs/apache_airflow/lib/python3.10/site-packages/airflow/example_dags/example_branch_datetime_operator.py
[2023-04-17T09:03:36.940-0300] {processor.py:753} INFO - DAG(s) dict_keys(['example_branch_datetime_operator', 'example_branch_datetime_operator_2', 'example_branch_datetime_operator_3']) retrieved from /home/pepino/.virtualenvs/apache_airflow/lib/python3.10/site-packages/airflow/example_dags/example_branch_datetime_operator.py
[2023-04-17T09:03:36.952-0300] {logging_mixin.py:137} INFO - [2023-04-17T09:03:36.952-0300] {dag.py:2705} INFO - Sync 3 DAGs
[2023-04-17T09:03:36.962-0300] {logging_mixin.py:137} INFO - [2023-04-17T09:03:36.962-0300] {dag.py:3452} INFO - Setting next_dagrun for example_branch_datetime_operator to 2023-04-16T00:00:00+00:00, run_after=2023-04-17T00:00:00+00:00
[2023-04-17T09:03:36.964-0300] {logging_mixin.py:137} INFO - [2023-04-17T09:03:36.964-0300] {dag.py:3452} INFO - Setting next_dagrun for example_branch_datetime_operator_2 to 2023-04-16T00:00:00+00:00, run_after=2023-04-17T00:00:00+00:00
[2023-04-17T09:03:36.965-0300] {logging_mixin.py:137} INFO - [2023-04-17T09:03:36.965-0300] {dag.py:3452} INFO - Setting next_dagrun for example_branch_datetime_operator_3 to 2023-04-16T00:00:00+00:00, run_after=2023-04-17T00:00:00+00:00
[2023-04-17T09:03:36.983-0300] {processor.py:175} INFO - Processing /home/pepino/.virtualenvs/apache_airflow/lib/python3.10/site-packages/airflow/example_dags/example_branch_datetime_operator.py took 0.070 seconds
[2023-04-17T09:04:20.160-0300] {processor.py:153} INFO - Started process (PID=82161) to work on /home/pepino/.virtualenvs/apache_airflow/lib/python3.10/site-packages/airflow/example_dags/example_branch_datetime_operator.py
[2023-04-17T09:04:20.162-0300] {processor.py:743} INFO - Processing file /home/pepino/.virtualenvs/apache_airflow/lib/python3.10/site-packages/airflow/example_dags/example_branch_datetime_operator.py for tasks to queue
[2023-04-17T09:04:20.162-0300] {logging_mixin.py:137} INFO - [2023-04-17T09:04:20.162-0300] {dagbag.py:532} INFO - Filling up the DagBag from /home/pepino/.virtualenvs/apache_airflow/lib/python3.10/site-packages/airflow/example_dags/example_branch_datetime_operator.py
[2023-04-17T09:04:20.174-0300] {processor.py:753} INFO - DAG(s) dict_keys(['example_branch_datetime_operator', 'example_branch_datetime_operator_2', 'example_branch_datetime_operator_3']) retrieved from /home/pepino/.virtualenvs/apache_airflow/lib/python3.10/site-packages/airflow/example_dags/example_branch_datetime_operator.py
[2023-04-17T09:04:20.189-0300] {logging_mixin.py:137} INFO - [2023-04-17T09:04:20.189-0300] {dag.py:2705} INFO - Sync 3 DAGs
[2023-04-17T09:04:20.200-0300] {logging_mixin.py:137} INFO - [2023-04-17T09:04:20.200-0300] {dag.py:3452} INFO - Setting next_dagrun for example_branch_datetime_operator to 2023-04-16T00:00:00+00:00, run_after=2023-04-17T00:00:00+00:00
[2023-04-17T09:04:20.203-0300] {logging_mixin.py:137} INFO - [2023-04-17T09:04:20.203-0300] {dag.py:3452} INFO - Setting next_dagrun for example_branch_datetime_operator_2 to 2023-04-16T00:00:00+00:00, run_after=2023-04-17T00:00:00+00:00
[2023-04-17T09:04:20.204-0300] {logging_mixin.py:137} INFO - [2023-04-17T09:04:20.204-0300] {dag.py:3452} INFO - Setting next_dagrun for example_branch_datetime_operator_3 to 2023-04-16T00:00:00+00:00, run_after=2023-04-17T00:00:00+00:00
[2023-04-17T09:04:20.222-0300] {processor.py:175} INFO - Processing /home/pepino/.virtualenvs/apache_airflow/lib/python3.10/site-packages/airflow/example_dags/example_branch_datetime_operator.py took 0.066 seconds
[2023-04-17T09:04:58.513-0300] {processor.py:153} INFO - Started process (PID=82275) to work on /home/pepino/.virtualenvs/apache_airflow/lib/python3.10/site-packages/airflow/example_dags/example_branch_datetime_operator.py
[2023-04-17T09:04:58.515-0300] {processor.py:743} INFO - Processing file /home/pepino/.virtualenvs/apache_airflow/lib/python3.10/site-packages/airflow/example_dags/example_branch_datetime_operator.py for tasks to queue
[2023-04-17T09:04:58.516-0300] {logging_mixin.py:137} INFO - [2023-04-17T09:04:58.515-0300] {dagbag.py:532} INFO - Filling up the DagBag from /home/pepino/.virtualenvs/apache_airflow/lib/python3.10/site-packages/airflow/example_dags/example_branch_datetime_operator.py
[2023-04-17T09:04:58.529-0300] {processor.py:753} INFO - DAG(s) dict_keys(['example_branch_datetime_operator', 'example_branch_datetime_operator_3', 'example_branch_datetime_operator_2']) retrieved from /home/pepino/.virtualenvs/apache_airflow/lib/python3.10/site-packages/airflow/example_dags/example_branch_datetime_operator.py
[2023-04-17T09:04:58.541-0300] {logging_mixin.py:137} INFO - [2023-04-17T09:04:58.541-0300] {dag.py:2705} INFO - Sync 3 DAGs
[2023-04-17T09:04:58.551-0300] {logging_mixin.py:137} INFO - [2023-04-17T09:04:58.551-0300] {dag.py:3452} INFO - Setting next_dagrun for example_branch_datetime_operator to 2023-04-16T00:00:00+00:00, run_after=2023-04-17T00:00:00+00:00
[2023-04-17T09:04:58.553-0300] {logging_mixin.py:137} INFO - [2023-04-17T09:04:58.553-0300] {dag.py:3452} INFO - Setting next_dagrun for example_branch_datetime_operator_2 to 2023-04-16T00:00:00+00:00, run_after=2023-04-17T00:00:00+00:00
[2023-04-17T09:04:58.554-0300] {logging_mixin.py:137} INFO - [2023-04-17T09:04:58.554-0300] {dag.py:3452} INFO - Setting next_dagrun for example_branch_datetime_operator_3 to 2023-04-16T00:00:00+00:00, run_after=2023-04-17T00:00:00+00:00
[2023-04-17T09:04:58.571-0300] {processor.py:175} INFO - Processing /home/pepino/.virtualenvs/apache_airflow/lib/python3.10/site-packages/airflow/example_dags/example_branch_datetime_operator.py took 0.062 seconds
[2023-04-17T09:05:38.909-0300] {processor.py:153} INFO - Started process (PID=82366) to work on /home/pepino/.virtualenvs/apache_airflow/lib/python3.10/site-packages/airflow/example_dags/example_branch_datetime_operator.py
[2023-04-17T09:05:38.917-0300] {processor.py:743} INFO - Processing file /home/pepino/.virtualenvs/apache_airflow/lib/python3.10/site-packages/airflow/example_dags/example_branch_datetime_operator.py for tasks to queue
[2023-04-17T09:05:38.918-0300] {logging_mixin.py:137} INFO - [2023-04-17T09:05:38.918-0300] {dagbag.py:532} INFO - Filling up the DagBag from /home/pepino/.virtualenvs/apache_airflow/lib/python3.10/site-packages/airflow/example_dags/example_branch_datetime_operator.py
[2023-04-17T09:05:38.936-0300] {processor.py:753} INFO - DAG(s) dict_keys(['example_branch_datetime_operator_2', 'example_branch_datetime_operator_3', 'example_branch_datetime_operator']) retrieved from /home/pepino/.virtualenvs/apache_airflow/lib/python3.10/site-packages/airflow/example_dags/example_branch_datetime_operator.py
[2023-04-17T09:05:38.949-0300] {logging_mixin.py:137} INFO - [2023-04-17T09:05:38.949-0300] {dag.py:2705} INFO - Sync 3 DAGs
[2023-04-17T09:05:38.959-0300] {logging_mixin.py:137} INFO - [2023-04-17T09:05:38.959-0300] {dag.py:3452} INFO - Setting next_dagrun for example_branch_datetime_operator to 2023-04-16T00:00:00+00:00, run_after=2023-04-17T00:00:00+00:00
[2023-04-17T09:05:38.961-0300] {logging_mixin.py:137} INFO - [2023-04-17T09:05:38.961-0300] {dag.py:3452} INFO - Setting next_dagrun for example_branch_datetime_operator_2 to 2023-04-16T00:00:00+00:00, run_after=2023-04-17T00:00:00+00:00
[2023-04-17T09:05:38.962-0300] {logging_mixin.py:137} INFO - [2023-04-17T09:05:38.962-0300] {dag.py:3452} INFO - Setting next_dagrun for example_branch_datetime_operator_3 to 2023-04-16T00:00:00+00:00, run_after=2023-04-17T00:00:00+00:00
[2023-04-17T09:05:38.991-0300] {processor.py:175} INFO - Processing /home/pepino/.virtualenvs/apache_airflow/lib/python3.10/site-packages/airflow/example_dags/example_branch_datetime_operator.py took 0.085 seconds
[2023-04-17T09:06:31.558-0300] {processor.py:153} INFO - Started process (PID=82508) to work on /home/pepino/.virtualenvs/apache_airflow/lib/python3.10/site-packages/airflow/example_dags/example_branch_datetime_operator.py
[2023-04-17T09:06:31.567-0300] {processor.py:743} INFO - Processing file /home/pepino/.virtualenvs/apache_airflow/lib/python3.10/site-packages/airflow/example_dags/example_branch_datetime_operator.py for tasks to queue
[2023-04-17T09:06:31.568-0300] {logging_mixin.py:137} INFO - [2023-04-17T09:06:31.568-0300] {dagbag.py:532} INFO - Filling up the DagBag from /home/pepino/.virtualenvs/apache_airflow/lib/python3.10/site-packages/airflow/example_dags/example_branch_datetime_operator.py
[2023-04-17T09:06:31.586-0300] {processor.py:753} INFO - DAG(s) dict_keys(['example_branch_datetime_operator_3', 'example_branch_datetime_operator_2', 'example_branch_datetime_operator']) retrieved from /home/pepino/.virtualenvs/apache_airflow/lib/python3.10/site-packages/airflow/example_dags/example_branch_datetime_operator.py
[2023-04-17T09:06:31.598-0300] {logging_mixin.py:137} INFO - [2023-04-17T09:06:31.598-0300] {dag.py:2705} INFO - Sync 3 DAGs
[2023-04-17T09:06:31.609-0300] {logging_mixin.py:137} INFO - [2023-04-17T09:06:31.609-0300] {dag.py:3452} INFO - Setting next_dagrun for example_branch_datetime_operator to 2023-04-16T00:00:00+00:00, run_after=2023-04-17T00:00:00+00:00
[2023-04-17T09:06:31.674-0300] {logging_mixin.py:137} INFO - [2023-04-17T09:06:31.674-0300] {dag.py:3452} INFO - Setting next_dagrun for example_branch_datetime_operator_2 to 2023-04-16T00:00:00+00:00, run_after=2023-04-17T00:00:00+00:00
[2023-04-17T09:06:31.675-0300] {logging_mixin.py:137} INFO - [2023-04-17T09:06:31.675-0300] {dag.py:3452} INFO - Setting next_dagrun for example_branch_datetime_operator_3 to 2023-04-16T00:00:00+00:00, run_after=2023-04-17T00:00:00+00:00
[2023-04-17T09:06:31.703-0300] {processor.py:175} INFO - Processing /home/pepino/.virtualenvs/apache_airflow/lib/python3.10/site-packages/airflow/example_dags/example_branch_datetime_operator.py took 0.148 seconds
[2023-04-17T09:07:11.282-0300] {processor.py:153} INFO - Started process (PID=82597) to work on /home/pepino/.virtualenvs/apache_airflow/lib/python3.10/site-packages/airflow/example_dags/example_branch_datetime_operator.py
[2023-04-17T09:07:11.291-0300] {processor.py:743} INFO - Processing file /home/pepino/.virtualenvs/apache_airflow/lib/python3.10/site-packages/airflow/example_dags/example_branch_datetime_operator.py for tasks to queue
[2023-04-17T09:07:11.291-0300] {logging_mixin.py:137} INFO - [2023-04-17T09:07:11.291-0300] {dagbag.py:532} INFO - Filling up the DagBag from /home/pepino/.virtualenvs/apache_airflow/lib/python3.10/site-packages/airflow/example_dags/example_branch_datetime_operator.py
[2023-04-17T09:07:11.307-0300] {processor.py:753} INFO - DAG(s) dict_keys(['example_branch_datetime_operator_3', 'example_branch_datetime_operator', 'example_branch_datetime_operator_2']) retrieved from /home/pepino/.virtualenvs/apache_airflow/lib/python3.10/site-packages/airflow/example_dags/example_branch_datetime_operator.py
[2023-04-17T09:07:11.320-0300] {logging_mixin.py:137} INFO - [2023-04-17T09:07:11.320-0300] {dag.py:2705} INFO - Sync 3 DAGs
[2023-04-17T09:07:11.395-0300] {logging_mixin.py:137} INFO - [2023-04-17T09:07:11.395-0300] {dag.py:3452} INFO - Setting next_dagrun for example_branch_datetime_operator to 2023-04-16T00:00:00+00:00, run_after=2023-04-17T00:00:00+00:00
[2023-04-17T09:07:11.397-0300] {logging_mixin.py:137} INFO - [2023-04-17T09:07:11.397-0300] {dag.py:3452} INFO - Setting next_dagrun for example_branch_datetime_operator_2 to 2023-04-16T00:00:00+00:00, run_after=2023-04-17T00:00:00+00:00
[2023-04-17T09:07:11.398-0300] {logging_mixin.py:137} INFO - [2023-04-17T09:07:11.398-0300] {dag.py:3452} INFO - Setting next_dagrun for example_branch_datetime_operator_3 to 2023-04-16T00:00:00+00:00, run_after=2023-04-17T00:00:00+00:00
[2023-04-17T09:07:11.427-0300] {processor.py:175} INFO - Processing /home/pepino/.virtualenvs/apache_airflow/lib/python3.10/site-packages/airflow/example_dags/example_branch_datetime_operator.py took 0.148 seconds
[2023-04-17T09:07:46.778-0300] {processor.py:153} INFO - Started process (PID=82665) to work on /home/pepino/.virtualenvs/apache_airflow/lib/python3.10/site-packages/airflow/example_dags/example_branch_datetime_operator.py
[2023-04-17T09:07:46.787-0300] {processor.py:743} INFO - Processing file /home/pepino/.virtualenvs/apache_airflow/lib/python3.10/site-packages/airflow/example_dags/example_branch_datetime_operator.py for tasks to queue
[2023-04-17T09:07:46.788-0300] {logging_mixin.py:137} INFO - [2023-04-17T09:07:46.787-0300] {dagbag.py:532} INFO - Filling up the DagBag from /home/pepino/.virtualenvs/apache_airflow/lib/python3.10/site-packages/airflow/example_dags/example_branch_datetime_operator.py
[2023-04-17T09:07:46.804-0300] {processor.py:753} INFO - DAG(s) dict_keys(['example_branch_datetime_operator_2', 'example_branch_datetime_operator_3', 'example_branch_datetime_operator']) retrieved from /home/pepino/.virtualenvs/apache_airflow/lib/python3.10/site-packages/airflow/example_dags/example_branch_datetime_operator.py
[2023-04-17T09:07:46.818-0300] {logging_mixin.py:137} INFO - [2023-04-17T09:07:46.818-0300] {dag.py:2705} INFO - Sync 3 DAGs
[2023-04-17T09:07:46.894-0300] {logging_mixin.py:137} INFO - [2023-04-17T09:07:46.894-0300] {dag.py:3452} INFO - Setting next_dagrun for example_branch_datetime_operator to 2023-04-16T00:00:00+00:00, run_after=2023-04-17T00:00:00+00:00
[2023-04-17T09:07:46.896-0300] {logging_mixin.py:137} INFO - [2023-04-17T09:07:46.896-0300] {dag.py:3452} INFO - Setting next_dagrun for example_branch_datetime_operator_2 to 2023-04-16T00:00:00+00:00, run_after=2023-04-17T00:00:00+00:00
[2023-04-17T09:07:46.897-0300] {logging_mixin.py:137} INFO - [2023-04-17T09:07:46.897-0300] {dag.py:3452} INFO - Setting next_dagrun for example_branch_datetime_operator_3 to 2023-04-16T00:00:00+00:00, run_after=2023-04-17T00:00:00+00:00
[2023-04-17T09:07:46.922-0300] {processor.py:175} INFO - Processing /home/pepino/.virtualenvs/apache_airflow/lib/python3.10/site-packages/airflow/example_dags/example_branch_datetime_operator.py took 0.148 seconds
[2023-04-17T09:08:20.316-0300] {processor.py:153} INFO - Started process (PID=82750) to work on /home/pepino/.virtualenvs/apache_airflow/lib/python3.10/site-packages/airflow/example_dags/example_branch_datetime_operator.py
[2023-04-17T09:08:20.324-0300] {processor.py:743} INFO - Processing file /home/pepino/.virtualenvs/apache_airflow/lib/python3.10/site-packages/airflow/example_dags/example_branch_datetime_operator.py for tasks to queue
[2023-04-17T09:08:20.325-0300] {logging_mixin.py:137} INFO - [2023-04-17T09:08:20.324-0300] {dagbag.py:532} INFO - Filling up the DagBag from /home/pepino/.virtualenvs/apache_airflow/lib/python3.10/site-packages/airflow/example_dags/example_branch_datetime_operator.py
[2023-04-17T09:08:20.334-0300] {processor.py:753} INFO - DAG(s) dict_keys(['example_branch_datetime_operator', 'example_branch_datetime_operator_3', 'example_branch_datetime_operator_2']) retrieved from /home/pepino/.virtualenvs/apache_airflow/lib/python3.10/site-packages/airflow/example_dags/example_branch_datetime_operator.py
[2023-04-17T09:08:20.431-0300] {logging_mixin.py:137} INFO - [2023-04-17T09:08:20.431-0300] {dag.py:2705} INFO - Sync 3 DAGs
[2023-04-17T09:08:20.446-0300] {logging_mixin.py:137} INFO - [2023-04-17T09:08:20.446-0300] {dag.py:3452} INFO - Setting next_dagrun for example_branch_datetime_operator to 2023-04-16T00:00:00+00:00, run_after=2023-04-17T00:00:00+00:00
[2023-04-17T09:08:20.450-0300] {logging_mixin.py:137} INFO - [2023-04-17T09:08:20.449-0300] {dag.py:3452} INFO - Setting next_dagrun for example_branch_datetime_operator_2 to 2023-04-16T00:00:00+00:00, run_after=2023-04-17T00:00:00+00:00
[2023-04-17T09:08:20.452-0300] {logging_mixin.py:137} INFO - [2023-04-17T09:08:20.452-0300] {dag.py:3452} INFO - Setting next_dagrun for example_branch_datetime_operator_3 to 2023-04-16T00:00:00+00:00, run_after=2023-04-17T00:00:00+00:00
[2023-04-17T09:08:20.481-0300] {processor.py:175} INFO - Processing /home/pepino/.virtualenvs/apache_airflow/lib/python3.10/site-packages/airflow/example_dags/example_branch_datetime_operator.py took 0.167 seconds
