[2023-04-17T09:00:19.454-0300] {processor.py:153} INFO - Started process (PID=81583) to work on /home/pepino/.virtualenvs/apache_airflow/lib/python3.10/site-packages/airflow/example_dags/example_sensors.py
[2023-04-17T09:00:19.455-0300] {processor.py:743} INFO - Processing file /home/pepino/.virtualenvs/apache_airflow/lib/python3.10/site-packages/airflow/example_dags/example_sensors.py for tasks to queue
[2023-04-17T09:00:19.455-0300] {logging_mixin.py:137} INFO - [2023-04-17T09:00:19.455-0300] {dagbag.py:532} INFO - Filling up the DagBag from /home/pepino/.virtualenvs/apache_airflow/lib/python3.10/site-packages/airflow/example_dags/example_sensors.py
[2023-04-17T09:00:19.471-0300] {processor.py:753} INFO - DAG(s) dict_keys(['example_sensors']) retrieved from /home/pepino/.virtualenvs/apache_airflow/lib/python3.10/site-packages/airflow/example_dags/example_sensors.py
[2023-04-17T09:00:19.488-0300] {logging_mixin.py:137} INFO - [2023-04-17T09:00:19.488-0300] {dag.py:2705} INFO - Sync 1 DAGs
[2023-04-17T09:00:19.503-0300] {logging_mixin.py:137} INFO - [2023-04-17T09:00:19.503-0300] {dag.py:3452} INFO - Setting next_dagrun for example_sensors to None, run_after=None
[2023-04-17T09:00:19.528-0300] {processor.py:175} INFO - Processing /home/pepino/.virtualenvs/apache_airflow/lib/python3.10/site-packages/airflow/example_dags/example_sensors.py took 0.075 seconds
[2023-04-17T09:01:03.672-0300] {processor.py:153} INFO - Started process (PID=81711) to work on /home/pepino/.virtualenvs/apache_airflow/lib/python3.10/site-packages/airflow/example_dags/example_sensors.py
[2023-04-17T09:01:03.680-0300] {processor.py:743} INFO - Processing file /home/pepino/.virtualenvs/apache_airflow/lib/python3.10/site-packages/airflow/example_dags/example_sensors.py for tasks to queue
[2023-04-17T09:01:03.681-0300] {logging_mixin.py:137} INFO - [2023-04-17T09:01:03.681-0300] {dagbag.py:532} INFO - Filling up the DagBag from /home/pepino/.virtualenvs/apache_airflow/lib/python3.10/site-packages/airflow/example_dags/example_sensors.py
[2023-04-17T09:01:03.696-0300] {processor.py:753} INFO - DAG(s) dict_keys(['example_sensors']) retrieved from /home/pepino/.virtualenvs/apache_airflow/lib/python3.10/site-packages/airflow/example_dags/example_sensors.py
[2023-04-17T09:01:03.708-0300] {logging_mixin.py:137} INFO - [2023-04-17T09:01:03.708-0300] {dag.py:2705} INFO - Sync 1 DAGs
[2023-04-17T09:01:03.716-0300] {logging_mixin.py:137} INFO - [2023-04-17T09:01:03.716-0300] {dag.py:3452} INFO - Setting next_dagrun for example_sensors to None, run_after=None
[2023-04-17T09:01:03.734-0300] {processor.py:175} INFO - Processing /home/pepino/.virtualenvs/apache_airflow/lib/python3.10/site-packages/airflow/example_dags/example_sensors.py took 0.065 seconds
[2023-04-17T09:01:49.573-0300] {processor.py:153} INFO - Started process (PID=81817) to work on /home/pepino/.virtualenvs/apache_airflow/lib/python3.10/site-packages/airflow/example_dags/example_sensors.py
[2023-04-17T09:01:49.573-0300] {processor.py:743} INFO - Processing file /home/pepino/.virtualenvs/apache_airflow/lib/python3.10/site-packages/airflow/example_dags/example_sensors.py for tasks to queue
[2023-04-17T09:01:49.574-0300] {logging_mixin.py:137} INFO - [2023-04-17T09:01:49.574-0300] {dagbag.py:532} INFO - Filling up the DagBag from /home/pepino/.virtualenvs/apache_airflow/lib/python3.10/site-packages/airflow/example_dags/example_sensors.py
[2023-04-17T09:01:49.586-0300] {processor.py:753} INFO - DAG(s) dict_keys(['example_sensors']) retrieved from /home/pepino/.virtualenvs/apache_airflow/lib/python3.10/site-packages/airflow/example_dags/example_sensors.py
[2023-04-17T09:01:49.598-0300] {logging_mixin.py:137} INFO - [2023-04-17T09:01:49.598-0300] {dag.py:2705} INFO - Sync 1 DAGs
[2023-04-17T09:01:49.609-0300] {logging_mixin.py:137} INFO - [2023-04-17T09:01:49.609-0300] {dag.py:3452} INFO - Setting next_dagrun for example_sensors to None, run_after=None
[2023-04-17T09:01:49.628-0300] {processor.py:175} INFO - Processing /home/pepino/.virtualenvs/apache_airflow/lib/python3.10/site-packages/airflow/example_dags/example_sensors.py took 0.057 seconds
[2023-04-17T09:02:33.801-0300] {processor.py:153} INFO - Started process (PID=81900) to work on /home/pepino/.virtualenvs/apache_airflow/lib/python3.10/site-packages/airflow/example_dags/example_sensors.py
[2023-04-17T09:02:33.810-0300] {processor.py:743} INFO - Processing file /home/pepino/.virtualenvs/apache_airflow/lib/python3.10/site-packages/airflow/example_dags/example_sensors.py for tasks to queue
[2023-04-17T09:02:33.811-0300] {logging_mixin.py:137} INFO - [2023-04-17T09:02:33.810-0300] {dagbag.py:532} INFO - Filling up the DagBag from /home/pepino/.virtualenvs/apache_airflow/lib/python3.10/site-packages/airflow/example_dags/example_sensors.py
[2023-04-17T09:02:33.828-0300] {processor.py:753} INFO - DAG(s) dict_keys(['example_sensors']) retrieved from /home/pepino/.virtualenvs/apache_airflow/lib/python3.10/site-packages/airflow/example_dags/example_sensors.py
[2023-04-17T09:02:33.839-0300] {logging_mixin.py:137} INFO - [2023-04-17T09:02:33.839-0300] {dag.py:2705} INFO - Sync 1 DAGs
[2023-04-17T09:02:33.848-0300] {logging_mixin.py:137} INFO - [2023-04-17T09:02:33.848-0300] {dag.py:3452} INFO - Setting next_dagrun for example_sensors to None, run_after=None
[2023-04-17T09:02:33.889-0300] {processor.py:175} INFO - Processing /home/pepino/.virtualenvs/apache_airflow/lib/python3.10/site-packages/airflow/example_dags/example_sensors.py took 0.093 seconds
[2023-04-17T09:03:17.802-0300] {processor.py:153} INFO - Started process (PID=81986) to work on /home/pepino/.virtualenvs/apache_airflow/lib/python3.10/site-packages/airflow/example_dags/example_sensors.py
[2023-04-17T09:03:17.803-0300] {processor.py:743} INFO - Processing file /home/pepino/.virtualenvs/apache_airflow/lib/python3.10/site-packages/airflow/example_dags/example_sensors.py for tasks to queue
[2023-04-17T09:03:17.804-0300] {logging_mixin.py:137} INFO - [2023-04-17T09:03:17.804-0300] {dagbag.py:532} INFO - Filling up the DagBag from /home/pepino/.virtualenvs/apache_airflow/lib/python3.10/site-packages/airflow/example_dags/example_sensors.py
[2023-04-17T09:03:17.818-0300] {processor.py:753} INFO - DAG(s) dict_keys(['example_sensors']) retrieved from /home/pepino/.virtualenvs/apache_airflow/lib/python3.10/site-packages/airflow/example_dags/example_sensors.py
[2023-04-17T09:03:17.829-0300] {logging_mixin.py:137} INFO - [2023-04-17T09:03:17.829-0300] {dag.py:2705} INFO - Sync 1 DAGs
[2023-04-17T09:03:17.839-0300] {logging_mixin.py:137} INFO - [2023-04-17T09:03:17.838-0300] {dag.py:3452} INFO - Setting next_dagrun for example_sensors to None, run_after=None
[2023-04-17T09:03:17.879-0300] {processor.py:175} INFO - Processing /home/pepino/.virtualenvs/apache_airflow/lib/python3.10/site-packages/airflow/example_dags/example_sensors.py took 0.081 seconds
[2023-04-17T09:04:03.960-0300] {processor.py:153} INFO - Started process (PID=82120) to work on /home/pepino/.virtualenvs/apache_airflow/lib/python3.10/site-packages/airflow/example_dags/example_sensors.py
[2023-04-17T09:04:03.961-0300] {processor.py:743} INFO - Processing file /home/pepino/.virtualenvs/apache_airflow/lib/python3.10/site-packages/airflow/example_dags/example_sensors.py for tasks to queue
[2023-04-17T09:04:03.962-0300] {logging_mixin.py:137} INFO - [2023-04-17T09:04:03.962-0300] {dagbag.py:532} INFO - Filling up the DagBag from /home/pepino/.virtualenvs/apache_airflow/lib/python3.10/site-packages/airflow/example_dags/example_sensors.py
[2023-04-17T09:04:03.975-0300] {processor.py:753} INFO - DAG(s) dict_keys(['example_sensors']) retrieved from /home/pepino/.virtualenvs/apache_airflow/lib/python3.10/site-packages/airflow/example_dags/example_sensors.py
[2023-04-17T09:04:03.991-0300] {logging_mixin.py:137} INFO - [2023-04-17T09:04:03.991-0300] {dag.py:2705} INFO - Sync 1 DAGs
[2023-04-17T09:04:04.004-0300] {logging_mixin.py:137} INFO - [2023-04-17T09:04:04.004-0300] {dag.py:3452} INFO - Setting next_dagrun for example_sensors to None, run_after=None
[2023-04-17T09:04:04.028-0300] {processor.py:175} INFO - Processing /home/pepino/.virtualenvs/apache_airflow/lib/python3.10/site-packages/airflow/example_dags/example_sensors.py took 0.070 seconds
[2023-04-17T09:04:44.234-0300] {processor.py:153} INFO - Started process (PID=82213) to work on /home/pepino/.virtualenvs/apache_airflow/lib/python3.10/site-packages/airflow/example_dags/example_sensors.py
[2023-04-17T09:04:44.242-0300] {processor.py:743} INFO - Processing file /home/pepino/.virtualenvs/apache_airflow/lib/python3.10/site-packages/airflow/example_dags/example_sensors.py for tasks to queue
[2023-04-17T09:04:44.243-0300] {logging_mixin.py:137} INFO - [2023-04-17T09:04:44.243-0300] {dagbag.py:532} INFO - Filling up the DagBag from /home/pepino/.virtualenvs/apache_airflow/lib/python3.10/site-packages/airflow/example_dags/example_sensors.py
[2023-04-17T09:04:44.262-0300] {processor.py:753} INFO - DAG(s) dict_keys(['example_sensors']) retrieved from /home/pepino/.virtualenvs/apache_airflow/lib/python3.10/site-packages/airflow/example_dags/example_sensors.py
[2023-04-17T09:04:44.273-0300] {logging_mixin.py:137} INFO - [2023-04-17T09:04:44.272-0300] {dag.py:2705} INFO - Sync 1 DAGs
[2023-04-17T09:04:44.281-0300] {logging_mixin.py:137} INFO - [2023-04-17T09:04:44.281-0300] {dag.py:3452} INFO - Setting next_dagrun for example_sensors to None, run_after=None
[2023-04-17T09:04:44.298-0300] {processor.py:175} INFO - Processing /home/pepino/.virtualenvs/apache_airflow/lib/python3.10/site-packages/airflow/example_dags/example_sensors.py took 0.066 seconds
[2023-04-17T09:05:26.589-0300] {processor.py:153} INFO - Started process (PID=82345) to work on /home/pepino/.virtualenvs/apache_airflow/lib/python3.10/site-packages/airflow/example_dags/example_sensors.py
[2023-04-17T09:05:26.590-0300] {processor.py:743} INFO - Processing file /home/pepino/.virtualenvs/apache_airflow/lib/python3.10/site-packages/airflow/example_dags/example_sensors.py for tasks to queue
[2023-04-17T09:05:26.591-0300] {logging_mixin.py:137} INFO - [2023-04-17T09:05:26.591-0300] {dagbag.py:532} INFO - Filling up the DagBag from /home/pepino/.virtualenvs/apache_airflow/lib/python3.10/site-packages/airflow/example_dags/example_sensors.py
[2023-04-17T09:05:26.606-0300] {processor.py:753} INFO - DAG(s) dict_keys(['example_sensors']) retrieved from /home/pepino/.virtualenvs/apache_airflow/lib/python3.10/site-packages/airflow/example_dags/example_sensors.py
[2023-04-17T09:05:26.617-0300] {logging_mixin.py:137} INFO - [2023-04-17T09:05:26.617-0300] {dag.py:2705} INFO - Sync 1 DAGs
[2023-04-17T09:05:26.628-0300] {logging_mixin.py:137} INFO - [2023-04-17T09:05:26.628-0300] {dag.py:3452} INFO - Setting next_dagrun for example_sensors to None, run_after=None
[2023-04-17T09:05:26.706-0300] {processor.py:175} INFO - Processing /home/pepino/.virtualenvs/apache_airflow/lib/python3.10/site-packages/airflow/example_dags/example_sensors.py took 0.121 seconds
[2023-04-17T09:06:21.016-0300] {processor.py:153} INFO - Started process (PID=82490) to work on /home/pepino/.virtualenvs/apache_airflow/lib/python3.10/site-packages/airflow/example_dags/example_sensors.py
[2023-04-17T09:06:21.025-0300] {processor.py:743} INFO - Processing file /home/pepino/.virtualenvs/apache_airflow/lib/python3.10/site-packages/airflow/example_dags/example_sensors.py for tasks to queue
[2023-04-17T09:06:21.026-0300] {logging_mixin.py:137} INFO - [2023-04-17T09:06:21.026-0300] {dagbag.py:532} INFO - Filling up the DagBag from /home/pepino/.virtualenvs/apache_airflow/lib/python3.10/site-packages/airflow/example_dags/example_sensors.py
[2023-04-17T09:06:21.043-0300] {processor.py:753} INFO - DAG(s) dict_keys(['example_sensors']) retrieved from /home/pepino/.virtualenvs/apache_airflow/lib/python3.10/site-packages/airflow/example_dags/example_sensors.py
[2023-04-17T09:06:21.056-0300] {logging_mixin.py:137} INFO - [2023-04-17T09:06:21.056-0300] {dag.py:2705} INFO - Sync 1 DAGs
[2023-04-17T09:06:21.129-0300] {logging_mixin.py:137} INFO - [2023-04-17T09:06:21.129-0300] {dag.py:3452} INFO - Setting next_dagrun for example_sensors to None, run_after=None
[2023-04-17T09:06:21.158-0300] {processor.py:175} INFO - Processing /home/pepino/.virtualenvs/apache_airflow/lib/python3.10/site-packages/airflow/example_dags/example_sensors.py took 0.147 seconds
[2023-04-17T09:07:17.983-0300] {processor.py:153} INFO - Started process (PID=82614) to work on /home/pepino/.virtualenvs/apache_airflow/lib/python3.10/site-packages/airflow/example_dags/example_sensors.py
[2023-04-17T09:07:17.991-0300] {processor.py:743} INFO - Processing file /home/pepino/.virtualenvs/apache_airflow/lib/python3.10/site-packages/airflow/example_dags/example_sensors.py for tasks to queue
[2023-04-17T09:07:17.992-0300] {logging_mixin.py:137} INFO - [2023-04-17T09:07:17.992-0300] {dagbag.py:532} INFO - Filling up the DagBag from /home/pepino/.virtualenvs/apache_airflow/lib/python3.10/site-packages/airflow/example_dags/example_sensors.py
[2023-04-17T09:07:18.006-0300] {processor.py:753} INFO - DAG(s) dict_keys(['example_sensors']) retrieved from /home/pepino/.virtualenvs/apache_airflow/lib/python3.10/site-packages/airflow/example_dags/example_sensors.py
[2023-04-17T09:07:18.018-0300] {logging_mixin.py:137} INFO - [2023-04-17T09:07:18.018-0300] {dag.py:2705} INFO - Sync 1 DAGs
[2023-04-17T09:07:18.090-0300] {logging_mixin.py:137} INFO - [2023-04-17T09:07:18.090-0300] {dag.py:3452} INFO - Setting next_dagrun for example_sensors to None, run_after=None
[2023-04-17T09:07:18.117-0300] {processor.py:175} INFO - Processing /home/pepino/.virtualenvs/apache_airflow/lib/python3.10/site-packages/airflow/example_dags/example_sensors.py took 0.137 seconds
[2023-04-17T09:08:10.067-0300] {processor.py:153} INFO - Started process (PID=82733) to work on /home/pepino/.virtualenvs/apache_airflow/lib/python3.10/site-packages/airflow/example_dags/example_sensors.py
[2023-04-17T09:08:10.076-0300] {processor.py:743} INFO - Processing file /home/pepino/.virtualenvs/apache_airflow/lib/python3.10/site-packages/airflow/example_dags/example_sensors.py for tasks to queue
[2023-04-17T09:08:10.077-0300] {logging_mixin.py:137} INFO - [2023-04-17T09:08:10.077-0300] {dagbag.py:532} INFO - Filling up the DagBag from /home/pepino/.virtualenvs/apache_airflow/lib/python3.10/site-packages/airflow/example_dags/example_sensors.py
[2023-04-17T09:08:10.093-0300] {processor.py:753} INFO - DAG(s) dict_keys(['example_sensors']) retrieved from /home/pepino/.virtualenvs/apache_airflow/lib/python3.10/site-packages/airflow/example_dags/example_sensors.py
[2023-04-17T09:08:10.169-0300] {logging_mixin.py:137} INFO - [2023-04-17T09:08:10.169-0300] {dag.py:2705} INFO - Sync 1 DAGs
[2023-04-17T09:08:10.177-0300] {logging_mixin.py:137} INFO - [2023-04-17T09:08:10.177-0300] {dag.py:3452} INFO - Setting next_dagrun for example_sensors to None, run_after=None
[2023-04-17T09:08:10.195-0300] {processor.py:175} INFO - Processing /home/pepino/.virtualenvs/apache_airflow/lib/python3.10/site-packages/airflow/example_dags/example_sensors.py took 0.132 seconds
