[2023-04-17T08:59:57.610-0300] {processor.py:153} INFO - Started process (PID=81405) to work on /home/pepino/.virtualenvs/apache_airflow/lib/python3.10/site-packages/airflow/example_dags/example_task_group.py
[2023-04-17T08:59:57.611-0300] {processor.py:743} INFO - Processing file /home/pepino/.virtualenvs/apache_airflow/lib/python3.10/site-packages/airflow/example_dags/example_task_group.py for tasks to queue
[2023-04-17T08:59:57.611-0300] {logging_mixin.py:137} INFO - [2023-04-17T08:59:57.611-0300] {dagbag.py:532} INFO - Filling up the DagBag from /home/pepino/.virtualenvs/apache_airflow/lib/python3.10/site-packages/airflow/example_dags/example_task_group.py
[2023-04-17T08:59:57.618-0300] {processor.py:753} INFO - DAG(s) dict_keys(['example_task_group']) retrieved from /home/pepino/.virtualenvs/apache_airflow/lib/python3.10/site-packages/airflow/example_dags/example_task_group.py
[2023-04-17T08:59:57.629-0300] {logging_mixin.py:137} INFO - [2023-04-17T08:59:57.629-0300] {dag.py:2705} INFO - Sync 1 DAGs
[2023-04-17T08:59:57.638-0300] {logging_mixin.py:137} INFO - [2023-04-17T08:59:57.638-0300] {dag.py:3452} INFO - Setting next_dagrun for example_task_group to 2023-04-16T11:59:57.638128+00:00, run_after=2023-04-17T11:59:57.638128+00:00
[2023-04-17T08:59:57.662-0300] {processor.py:175} INFO - Processing /home/pepino/.virtualenvs/apache_airflow/lib/python3.10/site-packages/airflow/example_dags/example_task_group.py took 0.055 seconds
[2023-04-17T09:00:42.211-0300] {processor.py:153} INFO - Started process (PID=81660) to work on /home/pepino/.virtualenvs/apache_airflow/lib/python3.10/site-packages/airflow/example_dags/example_task_group.py
[2023-04-17T09:00:42.219-0300] {processor.py:743} INFO - Processing file /home/pepino/.virtualenvs/apache_airflow/lib/python3.10/site-packages/airflow/example_dags/example_task_group.py for tasks to queue
[2023-04-17T09:00:42.220-0300] {logging_mixin.py:137} INFO - [2023-04-17T09:00:42.219-0300] {dagbag.py:532} INFO - Filling up the DagBag from /home/pepino/.virtualenvs/apache_airflow/lib/python3.10/site-packages/airflow/example_dags/example_task_group.py
[2023-04-17T09:00:42.231-0300] {processor.py:753} INFO - DAG(s) dict_keys(['example_task_group']) retrieved from /home/pepino/.virtualenvs/apache_airflow/lib/python3.10/site-packages/airflow/example_dags/example_task_group.py
[2023-04-17T09:00:42.242-0300] {logging_mixin.py:137} INFO - [2023-04-17T09:00:42.242-0300] {dag.py:2705} INFO - Sync 1 DAGs
[2023-04-17T09:00:42.252-0300] {logging_mixin.py:137} INFO - [2023-04-17T09:00:42.252-0300] {dag.py:3452} INFO - Setting next_dagrun for example_task_group to 2023-04-16T12:00:42.252390+00:00, run_after=2023-04-17T12:00:42.252390+00:00
[2023-04-17T09:00:42.280-0300] {processor.py:175} INFO - Processing /home/pepino/.virtualenvs/apache_airflow/lib/python3.10/site-packages/airflow/example_dags/example_task_group.py took 0.070 seconds
[2023-04-17T09:01:24.216-0300] {processor.py:153} INFO - Started process (PID=81751) to work on /home/pepino/.virtualenvs/apache_airflow/lib/python3.10/site-packages/airflow/example_dags/example_task_group.py
[2023-04-17T09:01:24.217-0300] {processor.py:743} INFO - Processing file /home/pepino/.virtualenvs/apache_airflow/lib/python3.10/site-packages/airflow/example_dags/example_task_group.py for tasks to queue
[2023-04-17T09:01:24.218-0300] {logging_mixin.py:137} INFO - [2023-04-17T09:01:24.218-0300] {dagbag.py:532} INFO - Filling up the DagBag from /home/pepino/.virtualenvs/apache_airflow/lib/python3.10/site-packages/airflow/example_dags/example_task_group.py
[2023-04-17T09:01:24.230-0300] {processor.py:753} INFO - DAG(s) dict_keys(['example_task_group']) retrieved from /home/pepino/.virtualenvs/apache_airflow/lib/python3.10/site-packages/airflow/example_dags/example_task_group.py
[2023-04-17T09:01:24.239-0300] {logging_mixin.py:137} INFO - [2023-04-17T09:01:24.239-0300] {dag.py:2705} INFO - Sync 1 DAGs
[2023-04-17T09:01:24.248-0300] {logging_mixin.py:137} INFO - [2023-04-17T09:01:24.248-0300] {dag.py:3452} INFO - Setting next_dagrun for example_task_group to 2023-04-16T12:01:24.248277+00:00, run_after=2023-04-17T12:01:24.248277+00:00
[2023-04-17T09:01:24.266-0300] {processor.py:175} INFO - Processing /home/pepino/.virtualenvs/apache_airflow/lib/python3.10/site-packages/airflow/example_dags/example_task_group.py took 0.055 seconds
[2023-04-17T09:02:09.985-0300] {processor.py:153} INFO - Started process (PID=81852) to work on /home/pepino/.virtualenvs/apache_airflow/lib/python3.10/site-packages/airflow/example_dags/example_task_group.py
[2023-04-17T09:02:09.993-0300] {processor.py:743} INFO - Processing file /home/pepino/.virtualenvs/apache_airflow/lib/python3.10/site-packages/airflow/example_dags/example_task_group.py for tasks to queue
[2023-04-17T09:02:09.994-0300] {logging_mixin.py:137} INFO - [2023-04-17T09:02:09.994-0300] {dagbag.py:532} INFO - Filling up the DagBag from /home/pepino/.virtualenvs/apache_airflow/lib/python3.10/site-packages/airflow/example_dags/example_task_group.py
[2023-04-17T09:02:10.008-0300] {processor.py:753} INFO - DAG(s) dict_keys(['example_task_group']) retrieved from /home/pepino/.virtualenvs/apache_airflow/lib/python3.10/site-packages/airflow/example_dags/example_task_group.py
[2023-04-17T09:02:10.017-0300] {logging_mixin.py:137} INFO - [2023-04-17T09:02:10.017-0300] {dag.py:2705} INFO - Sync 1 DAGs
[2023-04-17T09:02:10.026-0300] {logging_mixin.py:137} INFO - [2023-04-17T09:02:10.026-0300] {dag.py:3452} INFO - Setting next_dagrun for example_task_group to 2023-04-16T12:02:10.026798+00:00, run_after=2023-04-17T12:02:10.026798+00:00
[2023-04-17T09:02:10.042-0300] {processor.py:175} INFO - Processing /home/pepino/.virtualenvs/apache_airflow/lib/python3.10/site-packages/airflow/example_dags/example_task_group.py took 0.059 seconds
[2023-04-17T09:02:51.614-0300] {processor.py:153} INFO - Started process (PID=81931) to work on /home/pepino/.virtualenvs/apache_airflow/lib/python3.10/site-packages/airflow/example_dags/example_task_group.py
[2023-04-17T09:02:51.622-0300] {processor.py:743} INFO - Processing file /home/pepino/.virtualenvs/apache_airflow/lib/python3.10/site-packages/airflow/example_dags/example_task_group.py for tasks to queue
[2023-04-17T09:02:51.625-0300] {logging_mixin.py:137} INFO - [2023-04-17T09:02:51.625-0300] {dagbag.py:532} INFO - Filling up the DagBag from /home/pepino/.virtualenvs/apache_airflow/lib/python3.10/site-packages/airflow/example_dags/example_task_group.py
[2023-04-17T09:02:51.640-0300] {processor.py:753} INFO - DAG(s) dict_keys(['example_task_group']) retrieved from /home/pepino/.virtualenvs/apache_airflow/lib/python3.10/site-packages/airflow/example_dags/example_task_group.py
[2023-04-17T09:02:51.650-0300] {logging_mixin.py:137} INFO - [2023-04-17T09:02:51.650-0300] {dag.py:2705} INFO - Sync 1 DAGs
[2023-04-17T09:02:51.659-0300] {logging_mixin.py:137} INFO - [2023-04-17T09:02:51.659-0300] {dag.py:3452} INFO - Setting next_dagrun for example_task_group to 2023-04-16T12:02:51.659397+00:00, run_after=2023-04-17T12:02:51.659397+00:00
[2023-04-17T09:02:51.677-0300] {processor.py:175} INFO - Processing /home/pepino/.virtualenvs/apache_airflow/lib/python3.10/site-packages/airflow/example_dags/example_task_group.py took 0.067 seconds
[2023-04-17T09:03:34.646-0300] {processor.py:153} INFO - Started process (PID=82045) to work on /home/pepino/.virtualenvs/apache_airflow/lib/python3.10/site-packages/airflow/example_dags/example_task_group.py
[2023-04-17T09:03:34.653-0300] {processor.py:743} INFO - Processing file /home/pepino/.virtualenvs/apache_airflow/lib/python3.10/site-packages/airflow/example_dags/example_task_group.py for tasks to queue
[2023-04-17T09:03:34.656-0300] {logging_mixin.py:137} INFO - [2023-04-17T09:03:34.655-0300] {dagbag.py:532} INFO - Filling up the DagBag from /home/pepino/.virtualenvs/apache_airflow/lib/python3.10/site-packages/airflow/example_dags/example_task_group.py
[2023-04-17T09:03:34.668-0300] {processor.py:753} INFO - DAG(s) dict_keys(['example_task_group']) retrieved from /home/pepino/.virtualenvs/apache_airflow/lib/python3.10/site-packages/airflow/example_dags/example_task_group.py
[2023-04-17T09:03:34.679-0300] {logging_mixin.py:137} INFO - [2023-04-17T09:03:34.679-0300] {dag.py:2705} INFO - Sync 1 DAGs
[2023-04-17T09:03:34.689-0300] {logging_mixin.py:137} INFO - [2023-04-17T09:03:34.689-0300] {dag.py:3452} INFO - Setting next_dagrun for example_task_group to 2023-04-16T12:03:34.689647+00:00, run_after=2023-04-17T12:03:34.689647+00:00
[2023-04-17T09:03:34.731-0300] {processor.py:175} INFO - Processing /home/pepino/.virtualenvs/apache_airflow/lib/python3.10/site-packages/airflow/example_dags/example_task_group.py took 0.090 seconds
[2023-04-17T09:04:18.733-0300] {processor.py:153} INFO - Started process (PID=82153) to work on /home/pepino/.virtualenvs/apache_airflow/lib/python3.10/site-packages/airflow/example_dags/example_task_group.py
[2023-04-17T09:04:18.742-0300] {processor.py:743} INFO - Processing file /home/pepino/.virtualenvs/apache_airflow/lib/python3.10/site-packages/airflow/example_dags/example_task_group.py for tasks to queue
[2023-04-17T09:04:18.743-0300] {logging_mixin.py:137} INFO - [2023-04-17T09:04:18.743-0300] {dagbag.py:532} INFO - Filling up the DagBag from /home/pepino/.virtualenvs/apache_airflow/lib/python3.10/site-packages/airflow/example_dags/example_task_group.py
[2023-04-17T09:04:18.759-0300] {processor.py:753} INFO - DAG(s) dict_keys(['example_task_group']) retrieved from /home/pepino/.virtualenvs/apache_airflow/lib/python3.10/site-packages/airflow/example_dags/example_task_group.py
[2023-04-17T09:04:18.771-0300] {logging_mixin.py:137} INFO - [2023-04-17T09:04:18.771-0300] {dag.py:2705} INFO - Sync 1 DAGs
[2023-04-17T09:04:18.782-0300] {logging_mixin.py:137} INFO - [2023-04-17T09:04:18.782-0300] {dag.py:3452} INFO - Setting next_dagrun for example_task_group to 2023-04-16T12:04:18.782231+00:00, run_after=2023-04-17T12:04:18.782231+00:00
[2023-04-17T09:04:18.803-0300] {processor.py:175} INFO - Processing /home/pepino/.virtualenvs/apache_airflow/lib/python3.10/site-packages/airflow/example_dags/example_task_group.py took 0.074 seconds
[2023-04-17T09:04:56.206-0300] {processor.py:153} INFO - Started process (PID=82273) to work on /home/pepino/.virtualenvs/apache_airflow/lib/python3.10/site-packages/airflow/example_dags/example_task_group.py
[2023-04-17T09:04:56.207-0300] {processor.py:743} INFO - Processing file /home/pepino/.virtualenvs/apache_airflow/lib/python3.10/site-packages/airflow/example_dags/example_task_group.py for tasks to queue
[2023-04-17T09:04:56.208-0300] {logging_mixin.py:137} INFO - [2023-04-17T09:04:56.208-0300] {dagbag.py:532} INFO - Filling up the DagBag from /home/pepino/.virtualenvs/apache_airflow/lib/python3.10/site-packages/airflow/example_dags/example_task_group.py
[2023-04-17T09:04:56.224-0300] {processor.py:753} INFO - DAG(s) dict_keys(['example_task_group']) retrieved from /home/pepino/.virtualenvs/apache_airflow/lib/python3.10/site-packages/airflow/example_dags/example_task_group.py
[2023-04-17T09:04:56.238-0300] {logging_mixin.py:137} INFO - [2023-04-17T09:04:56.238-0300] {dag.py:2705} INFO - Sync 1 DAGs
[2023-04-17T09:04:56.252-0300] {logging_mixin.py:137} INFO - [2023-04-17T09:04:56.252-0300] {dag.py:3452} INFO - Setting next_dagrun for example_task_group to 2023-04-16T12:04:56.252119+00:00, run_after=2023-04-17T12:04:56.252119+00:00
[2023-04-17T09:04:56.273-0300] {processor.py:175} INFO - Processing /home/pepino/.virtualenvs/apache_airflow/lib/python3.10/site-packages/airflow/example_dags/example_task_group.py took 0.069 seconds
[2023-04-17T09:05:36.818-0300] {processor.py:153} INFO - Started process (PID=82364) to work on /home/pepino/.virtualenvs/apache_airflow/lib/python3.10/site-packages/airflow/example_dags/example_task_group.py
[2023-04-17T09:05:36.826-0300] {processor.py:743} INFO - Processing file /home/pepino/.virtualenvs/apache_airflow/lib/python3.10/site-packages/airflow/example_dags/example_task_group.py for tasks to queue
[2023-04-17T09:05:36.827-0300] {logging_mixin.py:137} INFO - [2023-04-17T09:05:36.827-0300] {dagbag.py:532} INFO - Filling up the DagBag from /home/pepino/.virtualenvs/apache_airflow/lib/python3.10/site-packages/airflow/example_dags/example_task_group.py
[2023-04-17T09:05:36.838-0300] {processor.py:753} INFO - DAG(s) dict_keys(['example_task_group']) retrieved from /home/pepino/.virtualenvs/apache_airflow/lib/python3.10/site-packages/airflow/example_dags/example_task_group.py
[2023-04-17T09:05:36.847-0300] {logging_mixin.py:137} INFO - [2023-04-17T09:05:36.847-0300] {dag.py:2705} INFO - Sync 1 DAGs
[2023-04-17T09:05:36.856-0300] {logging_mixin.py:137} INFO - [2023-04-17T09:05:36.856-0300] {dag.py:3452} INFO - Setting next_dagrun for example_task_group to 2023-04-16T12:05:36.856029+00:00, run_after=2023-04-17T12:05:36.856029+00:00
[2023-04-17T09:05:36.890-0300] {processor.py:175} INFO - Processing /home/pepino/.virtualenvs/apache_airflow/lib/python3.10/site-packages/airflow/example_dags/example_task_group.py took 0.074 seconds
[2023-04-17T09:06:29.103-0300] {processor.py:153} INFO - Started process (PID=82500) to work on /home/pepino/.virtualenvs/apache_airflow/lib/python3.10/site-packages/airflow/example_dags/example_task_group.py
[2023-04-17T09:06:29.111-0300] {processor.py:743} INFO - Processing file /home/pepino/.virtualenvs/apache_airflow/lib/python3.10/site-packages/airflow/example_dags/example_task_group.py for tasks to queue
[2023-04-17T09:06:29.113-0300] {logging_mixin.py:137} INFO - [2023-04-17T09:06:29.113-0300] {dagbag.py:532} INFO - Filling up the DagBag from /home/pepino/.virtualenvs/apache_airflow/lib/python3.10/site-packages/airflow/example_dags/example_task_group.py
[2023-04-17T09:06:29.128-0300] {processor.py:753} INFO - DAG(s) dict_keys(['example_task_group']) retrieved from /home/pepino/.virtualenvs/apache_airflow/lib/python3.10/site-packages/airflow/example_dags/example_task_group.py
[2023-04-17T09:06:29.139-0300] {logging_mixin.py:137} INFO - [2023-04-17T09:06:29.139-0300] {dag.py:2705} INFO - Sync 1 DAGs
[2023-04-17T09:06:29.150-0300] {logging_mixin.py:137} INFO - [2023-04-17T09:06:29.149-0300] {dag.py:3452} INFO - Setting next_dagrun for example_task_group to 2023-04-16T12:06:29.149786+00:00, run_after=2023-04-17T12:06:29.149786+00:00
[2023-04-17T09:06:29.238-0300] {processor.py:175} INFO - Processing /home/pepino/.virtualenvs/apache_airflow/lib/python3.10/site-packages/airflow/example_dags/example_task_group.py took 0.139 seconds
[2023-04-17T09:07:08.787-0300] {processor.py:153} INFO - Started process (PID=82595) to work on /home/pepino/.virtualenvs/apache_airflow/lib/python3.10/site-packages/airflow/example_dags/example_task_group.py
[2023-04-17T09:07:08.796-0300] {processor.py:743} INFO - Processing file /home/pepino/.virtualenvs/apache_airflow/lib/python3.10/site-packages/airflow/example_dags/example_task_group.py for tasks to queue
[2023-04-17T09:07:08.798-0300] {logging_mixin.py:137} INFO - [2023-04-17T09:07:08.798-0300] {dagbag.py:532} INFO - Filling up the DagBag from /home/pepino/.virtualenvs/apache_airflow/lib/python3.10/site-packages/airflow/example_dags/example_task_group.py
[2023-04-17T09:07:08.813-0300] {processor.py:753} INFO - DAG(s) dict_keys(['example_task_group']) retrieved from /home/pepino/.virtualenvs/apache_airflow/lib/python3.10/site-packages/airflow/example_dags/example_task_group.py
[2023-04-17T09:07:08.824-0300] {logging_mixin.py:137} INFO - [2023-04-17T09:07:08.824-0300] {dag.py:2705} INFO - Sync 1 DAGs
[2023-04-17T09:07:08.897-0300] {logging_mixin.py:137} INFO - [2023-04-17T09:07:08.897-0300] {dag.py:3452} INFO - Setting next_dagrun for example_task_group to 2023-04-16T12:07:08.897535+00:00, run_after=2023-04-17T12:07:08.897535+00:00
[2023-04-17T09:07:08.924-0300] {processor.py:175} INFO - Processing /home/pepino/.virtualenvs/apache_airflow/lib/python3.10/site-packages/airflow/example_dags/example_task_group.py took 0.140 seconds
[2023-04-17T09:07:44.273-0300] {processor.py:153} INFO - Started process (PID=82658) to work on /home/pepino/.virtualenvs/apache_airflow/lib/python3.10/site-packages/airflow/example_dags/example_task_group.py
[2023-04-17T09:07:44.274-0300] {processor.py:743} INFO - Processing file /home/pepino/.virtualenvs/apache_airflow/lib/python3.10/site-packages/airflow/example_dags/example_task_group.py for tasks to queue
[2023-04-17T09:07:44.274-0300] {logging_mixin.py:137} INFO - [2023-04-17T09:07:44.274-0300] {dagbag.py:532} INFO - Filling up the DagBag from /home/pepino/.virtualenvs/apache_airflow/lib/python3.10/site-packages/airflow/example_dags/example_task_group.py
[2023-04-17T09:07:44.284-0300] {processor.py:753} INFO - DAG(s) dict_keys(['example_task_group']) retrieved from /home/pepino/.virtualenvs/apache_airflow/lib/python3.10/site-packages/airflow/example_dags/example_task_group.py
[2023-04-17T09:07:44.294-0300] {logging_mixin.py:137} INFO - [2023-04-17T09:07:44.294-0300] {dag.py:2705} INFO - Sync 1 DAGs
[2023-04-17T09:07:44.375-0300] {logging_mixin.py:137} INFO - [2023-04-17T09:07:44.375-0300] {dag.py:3452} INFO - Setting next_dagrun for example_task_group to 2023-04-16T12:07:44.374915+00:00, run_after=2023-04-17T12:07:44.374915+00:00
[2023-04-17T09:07:44.410-0300] {processor.py:175} INFO - Processing /home/pepino/.virtualenvs/apache_airflow/lib/python3.10/site-packages/airflow/example_dags/example_task_group.py took 0.139 seconds
[2023-04-17T09:08:18.332-0300] {processor.py:153} INFO - Started process (PID=82748) to work on /home/pepino/.virtualenvs/apache_airflow/lib/python3.10/site-packages/airflow/example_dags/example_task_group.py
[2023-04-17T09:08:18.332-0300] {processor.py:743} INFO - Processing file /home/pepino/.virtualenvs/apache_airflow/lib/python3.10/site-packages/airflow/example_dags/example_task_group.py for tasks to queue
[2023-04-17T09:08:18.333-0300] {logging_mixin.py:137} INFO - [2023-04-17T09:08:18.333-0300] {dagbag.py:532} INFO - Filling up the DagBag from /home/pepino/.virtualenvs/apache_airflow/lib/python3.10/site-packages/airflow/example_dags/example_task_group.py
[2023-04-17T09:08:18.342-0300] {processor.py:753} INFO - DAG(s) dict_keys(['example_task_group']) retrieved from /home/pepino/.virtualenvs/apache_airflow/lib/python3.10/site-packages/airflow/example_dags/example_task_group.py
[2023-04-17T09:08:18.415-0300] {logging_mixin.py:137} INFO - [2023-04-17T09:08:18.415-0300] {dag.py:2705} INFO - Sync 1 DAGs
[2023-04-17T09:08:18.423-0300] {logging_mixin.py:137} INFO - [2023-04-17T09:08:18.423-0300] {dag.py:3452} INFO - Setting next_dagrun for example_task_group to 2023-04-16T12:08:18.423613+00:00, run_after=2023-04-17T12:08:18.423613+00:00
[2023-04-17T09:08:18.441-0300] {processor.py:175} INFO - Processing /home/pepino/.virtualenvs/apache_airflow/lib/python3.10/site-packages/airflow/example_dags/example_task_group.py took 0.112 seconds
