[2023-04-17T09:00:29.776-0300] {processor.py:153} INFO - Started process (PID=81626) to work on /home/pepino/.virtualenvs/apache_airflow/lib/python3.10/site-packages/airflow/example_dags/example_external_task_marker_dag.py
[2023-04-17T09:00:29.777-0300] {processor.py:743} INFO - Processing file /home/pepino/.virtualenvs/apache_airflow/lib/python3.10/site-packages/airflow/example_dags/example_external_task_marker_dag.py for tasks to queue
[2023-04-17T09:00:29.777-0300] {logging_mixin.py:137} INFO - [2023-04-17T09:00:29.777-0300] {dagbag.py:532} INFO - Filling up the DagBag from /home/pepino/.virtualenvs/apache_airflow/lib/python3.10/site-packages/airflow/example_dags/example_external_task_marker_dag.py
[2023-04-17T09:00:29.790-0300] {processor.py:753} INFO - DAG(s) dict_keys(['example_external_task_marker_child', 'example_external_task_marker_parent']) retrieved from /home/pepino/.virtualenvs/apache_airflow/lib/python3.10/site-packages/airflow/example_dags/example_external_task_marker_dag.py
[2023-04-17T09:00:29.814-0300] {logging_mixin.py:137} INFO - [2023-04-17T09:00:29.814-0300] {dag.py:2705} INFO - Sync 2 DAGs
[2023-04-17T09:00:29.823-0300] {logging_mixin.py:137} INFO - [2023-04-17T09:00:29.823-0300] {dag.py:3452} INFO - Setting next_dagrun for example_external_task_marker_child to None, run_after=None
[2023-04-17T09:00:29.825-0300] {logging_mixin.py:137} INFO - [2023-04-17T09:00:29.825-0300] {dag.py:3452} INFO - Setting next_dagrun for example_external_task_marker_parent to None, run_after=None
[2023-04-17T09:00:29.844-0300] {processor.py:175} INFO - Processing /home/pepino/.virtualenvs/apache_airflow/lib/python3.10/site-packages/airflow/example_dags/example_external_task_marker_dag.py took 0.070 seconds
[2023-04-17T09:01:15.042-0300] {processor.py:153} INFO - Started process (PID=81733) to work on /home/pepino/.virtualenvs/apache_airflow/lib/python3.10/site-packages/airflow/example_dags/example_external_task_marker_dag.py
[2023-04-17T09:01:15.051-0300] {processor.py:743} INFO - Processing file /home/pepino/.virtualenvs/apache_airflow/lib/python3.10/site-packages/airflow/example_dags/example_external_task_marker_dag.py for tasks to queue
[2023-04-17T09:01:15.052-0300] {logging_mixin.py:137} INFO - [2023-04-17T09:01:15.052-0300] {dagbag.py:532} INFO - Filling up the DagBag from /home/pepino/.virtualenvs/apache_airflow/lib/python3.10/site-packages/airflow/example_dags/example_external_task_marker_dag.py
[2023-04-17T09:01:15.068-0300] {processor.py:753} INFO - DAG(s) dict_keys(['example_external_task_marker_child', 'example_external_task_marker_parent']) retrieved from /home/pepino/.virtualenvs/apache_airflow/lib/python3.10/site-packages/airflow/example_dags/example_external_task_marker_dag.py
[2023-04-17T09:01:15.078-0300] {logging_mixin.py:137} INFO - [2023-04-17T09:01:15.078-0300] {dag.py:2705} INFO - Sync 2 DAGs
[2023-04-17T09:01:15.086-0300] {logging_mixin.py:137} INFO - [2023-04-17T09:01:15.086-0300] {dag.py:3452} INFO - Setting next_dagrun for example_external_task_marker_child to None, run_after=None
[2023-04-17T09:01:15.088-0300] {logging_mixin.py:137} INFO - [2023-04-17T09:01:15.088-0300] {dag.py:3452} INFO - Setting next_dagrun for example_external_task_marker_parent to None, run_after=None
[2023-04-17T09:01:15.104-0300] {processor.py:175} INFO - Processing /home/pepino/.virtualenvs/apache_airflow/lib/python3.10/site-packages/airflow/example_dags/example_external_task_marker_dag.py took 0.067 seconds
[2023-04-17T09:02:00.424-0300] {processor.py:153} INFO - Started process (PID=81839) to work on /home/pepino/.virtualenvs/apache_airflow/lib/python3.10/site-packages/airflow/example_dags/example_external_task_marker_dag.py
[2023-04-17T09:02:00.433-0300] {processor.py:743} INFO - Processing file /home/pepino/.virtualenvs/apache_airflow/lib/python3.10/site-packages/airflow/example_dags/example_external_task_marker_dag.py for tasks to queue
[2023-04-17T09:02:00.434-0300] {logging_mixin.py:137} INFO - [2023-04-17T09:02:00.434-0300] {dagbag.py:532} INFO - Filling up the DagBag from /home/pepino/.virtualenvs/apache_airflow/lib/python3.10/site-packages/airflow/example_dags/example_external_task_marker_dag.py
[2023-04-17T09:02:00.448-0300] {processor.py:753} INFO - DAG(s) dict_keys(['example_external_task_marker_parent', 'example_external_task_marker_child']) retrieved from /home/pepino/.virtualenvs/apache_airflow/lib/python3.10/site-packages/airflow/example_dags/example_external_task_marker_dag.py
[2023-04-17T09:02:00.458-0300] {logging_mixin.py:137} INFO - [2023-04-17T09:02:00.458-0300] {dag.py:2705} INFO - Sync 2 DAGs
[2023-04-17T09:02:00.467-0300] {logging_mixin.py:137} INFO - [2023-04-17T09:02:00.467-0300] {dag.py:3452} INFO - Setting next_dagrun for example_external_task_marker_child to None, run_after=None
[2023-04-17T09:02:00.470-0300] {logging_mixin.py:137} INFO - [2023-04-17T09:02:00.469-0300] {dag.py:3452} INFO - Setting next_dagrun for example_external_task_marker_parent to None, run_after=None
[2023-04-17T09:02:00.486-0300] {processor.py:175} INFO - Processing /home/pepino/.virtualenvs/apache_airflow/lib/python3.10/site-packages/airflow/example_dags/example_external_task_marker_dag.py took 0.067 seconds
[2023-04-17T09:02:43.929-0300] {processor.py:153} INFO - Started process (PID=81921) to work on /home/pepino/.virtualenvs/apache_airflow/lib/python3.10/site-packages/airflow/example_dags/example_external_task_marker_dag.py
[2023-04-17T09:02:43.937-0300] {processor.py:743} INFO - Processing file /home/pepino/.virtualenvs/apache_airflow/lib/python3.10/site-packages/airflow/example_dags/example_external_task_marker_dag.py for tasks to queue
[2023-04-17T09:02:43.938-0300] {logging_mixin.py:137} INFO - [2023-04-17T09:02:43.938-0300] {dagbag.py:532} INFO - Filling up the DagBag from /home/pepino/.virtualenvs/apache_airflow/lib/python3.10/site-packages/airflow/example_dags/example_external_task_marker_dag.py
[2023-04-17T09:02:43.954-0300] {processor.py:753} INFO - DAG(s) dict_keys(['example_external_task_marker_child', 'example_external_task_marker_parent']) retrieved from /home/pepino/.virtualenvs/apache_airflow/lib/python3.10/site-packages/airflow/example_dags/example_external_task_marker_dag.py
[2023-04-17T09:02:43.965-0300] {logging_mixin.py:137} INFO - [2023-04-17T09:02:43.964-0300] {dag.py:2705} INFO - Sync 2 DAGs
[2023-04-17T09:02:43.974-0300] {logging_mixin.py:137} INFO - [2023-04-17T09:02:43.973-0300] {dag.py:3452} INFO - Setting next_dagrun for example_external_task_marker_child to None, run_after=None
[2023-04-17T09:02:43.975-0300] {logging_mixin.py:137} INFO - [2023-04-17T09:02:43.975-0300] {dag.py:3452} INFO - Setting next_dagrun for example_external_task_marker_parent to None, run_after=None
[2023-04-17T09:02:43.993-0300] {processor.py:175} INFO - Processing /home/pepino/.virtualenvs/apache_airflow/lib/python3.10/site-packages/airflow/example_dags/example_external_task_marker_dag.py took 0.067 seconds
[2023-04-17T09:03:27.911-0300] {processor.py:153} INFO - Started process (PID=82009) to work on /home/pepino/.virtualenvs/apache_airflow/lib/python3.10/site-packages/airflow/example_dags/example_external_task_marker_dag.py
[2023-04-17T09:03:27.913-0300] {processor.py:743} INFO - Processing file /home/pepino/.virtualenvs/apache_airflow/lib/python3.10/site-packages/airflow/example_dags/example_external_task_marker_dag.py for tasks to queue
[2023-04-17T09:03:27.913-0300] {logging_mixin.py:137} INFO - [2023-04-17T09:03:27.913-0300] {dagbag.py:532} INFO - Filling up the DagBag from /home/pepino/.virtualenvs/apache_airflow/lib/python3.10/site-packages/airflow/example_dags/example_external_task_marker_dag.py
[2023-04-17T09:03:27.921-0300] {processor.py:753} INFO - DAG(s) dict_keys(['example_external_task_marker_parent', 'example_external_task_marker_child']) retrieved from /home/pepino/.virtualenvs/apache_airflow/lib/python3.10/site-packages/airflow/example_dags/example_external_task_marker_dag.py
[2023-04-17T09:03:28.090-0300] {logging_mixin.py:137} INFO - [2023-04-17T09:03:28.090-0300] {dag.py:2705} INFO - Sync 2 DAGs
[2023-04-17T09:03:28.258-0300] {logging_mixin.py:137} INFO - [2023-04-17T09:03:28.257-0300] {dag.py:3452} INFO - Setting next_dagrun for example_external_task_marker_child to None, run_after=None
[2023-04-17T09:03:28.279-0300] {logging_mixin.py:137} INFO - [2023-04-17T09:03:28.279-0300] {dag.py:3452} INFO - Setting next_dagrun for example_external_task_marker_parent to None, run_after=None
[2023-04-17T09:03:28.314-0300] {processor.py:175} INFO - Processing /home/pepino/.virtualenvs/apache_airflow/lib/python3.10/site-packages/airflow/example_dags/example_external_task_marker_dag.py took 0.405 seconds
[2023-04-17T09:04:14.303-0300] {processor.py:153} INFO - Started process (PID=82146) to work on /home/pepino/.virtualenvs/apache_airflow/lib/python3.10/site-packages/airflow/example_dags/example_external_task_marker_dag.py
[2023-04-17T09:04:14.312-0300] {processor.py:743} INFO - Processing file /home/pepino/.virtualenvs/apache_airflow/lib/python3.10/site-packages/airflow/example_dags/example_external_task_marker_dag.py for tasks to queue
[2023-04-17T09:04:14.313-0300] {logging_mixin.py:137} INFO - [2023-04-17T09:04:14.313-0300] {dagbag.py:532} INFO - Filling up the DagBag from /home/pepino/.virtualenvs/apache_airflow/lib/python3.10/site-packages/airflow/example_dags/example_external_task_marker_dag.py
[2023-04-17T09:04:14.329-0300] {processor.py:753} INFO - DAG(s) dict_keys(['example_external_task_marker_child', 'example_external_task_marker_parent']) retrieved from /home/pepino/.virtualenvs/apache_airflow/lib/python3.10/site-packages/airflow/example_dags/example_external_task_marker_dag.py
[2023-04-17T09:04:14.341-0300] {logging_mixin.py:137} INFO - [2023-04-17T09:04:14.341-0300] {dag.py:2705} INFO - Sync 2 DAGs
[2023-04-17T09:04:14.351-0300] {logging_mixin.py:137} INFO - [2023-04-17T09:04:14.351-0300] {dag.py:3452} INFO - Setting next_dagrun for example_external_task_marker_child to None, run_after=None
[2023-04-17T09:04:14.353-0300] {logging_mixin.py:137} INFO - [2023-04-17T09:04:14.353-0300] {dag.py:3452} INFO - Setting next_dagrun for example_external_task_marker_parent to None, run_after=None
[2023-04-17T09:04:14.370-0300] {processor.py:175} INFO - Processing /home/pepino/.virtualenvs/apache_airflow/lib/python3.10/site-packages/airflow/example_dags/example_external_task_marker_dag.py took 0.070 seconds
[2023-04-17T09:05:04.812-0300] {processor.py:153} INFO - Started process (PID=82292) to work on /home/pepino/.virtualenvs/apache_airflow/lib/python3.10/site-packages/airflow/example_dags/example_external_task_marker_dag.py
[2023-04-17T09:05:04.821-0300] {processor.py:743} INFO - Processing file /home/pepino/.virtualenvs/apache_airflow/lib/python3.10/site-packages/airflow/example_dags/example_external_task_marker_dag.py for tasks to queue
[2023-04-17T09:05:04.821-0300] {logging_mixin.py:137} INFO - [2023-04-17T09:05:04.821-0300] {dagbag.py:532} INFO - Filling up the DagBag from /home/pepino/.virtualenvs/apache_airflow/lib/python3.10/site-packages/airflow/example_dags/example_external_task_marker_dag.py
[2023-04-17T09:05:04.835-0300] {processor.py:753} INFO - DAG(s) dict_keys(['example_external_task_marker_child', 'example_external_task_marker_parent']) retrieved from /home/pepino/.virtualenvs/apache_airflow/lib/python3.10/site-packages/airflow/example_dags/example_external_task_marker_dag.py
[2023-04-17T09:05:04.846-0300] {logging_mixin.py:137} INFO - [2023-04-17T09:05:04.846-0300] {dag.py:2705} INFO - Sync 2 DAGs
[2023-04-17T09:05:04.857-0300] {logging_mixin.py:137} INFO - [2023-04-17T09:05:04.857-0300] {dag.py:3452} INFO - Setting next_dagrun for example_external_task_marker_child to None, run_after=None
[2023-04-17T09:05:04.859-0300] {logging_mixin.py:137} INFO - [2023-04-17T09:05:04.859-0300] {dag.py:3452} INFO - Setting next_dagrun for example_external_task_marker_parent to None, run_after=None
[2023-04-17T09:05:04.879-0300] {processor.py:175} INFO - Processing /home/pepino/.virtualenvs/apache_airflow/lib/python3.10/site-packages/airflow/example_dags/example_external_task_marker_dag.py took 0.069 seconds
[2023-04-17T09:06:03.978-0300] {processor.py:153} INFO - Started process (PID=82430) to work on /home/pepino/.virtualenvs/apache_airflow/lib/python3.10/site-packages/airflow/example_dags/example_external_task_marker_dag.py
[2023-04-17T09:06:03.978-0300] {processor.py:743} INFO - Processing file /home/pepino/.virtualenvs/apache_airflow/lib/python3.10/site-packages/airflow/example_dags/example_external_task_marker_dag.py for tasks to queue
[2023-04-17T09:06:03.978-0300] {logging_mixin.py:137} INFO - [2023-04-17T09:06:03.978-0300] {dagbag.py:532} INFO - Filling up the DagBag from /home/pepino/.virtualenvs/apache_airflow/lib/python3.10/site-packages/airflow/example_dags/example_external_task_marker_dag.py
[2023-04-17T09:06:03.991-0300] {processor.py:753} INFO - DAG(s) dict_keys(['example_external_task_marker_child', 'example_external_task_marker_parent']) retrieved from /home/pepino/.virtualenvs/apache_airflow/lib/python3.10/site-packages/airflow/example_dags/example_external_task_marker_dag.py
[2023-04-17T09:06:04.008-0300] {logging_mixin.py:137} INFO - [2023-04-17T09:06:04.008-0300] {dag.py:2705} INFO - Sync 2 DAGs
[2023-04-17T09:06:04.024-0300] {logging_mixin.py:137} INFO - [2023-04-17T09:06:04.023-0300] {dag.py:3452} INFO - Setting next_dagrun for example_external_task_marker_child to None, run_after=None
[2023-04-17T09:06:04.026-0300] {logging_mixin.py:137} INFO - [2023-04-17T09:06:04.026-0300] {dag.py:3452} INFO - Setting next_dagrun for example_external_task_marker_parent to None, run_after=None
[2023-04-17T09:06:04.061-0300] {processor.py:175} INFO - Processing /home/pepino/.virtualenvs/apache_airflow/lib/python3.10/site-packages/airflow/example_dags/example_external_task_marker_dag.py took 0.085 seconds
[2023-04-17T09:07:05.200-0300] {processor.py:153} INFO - Started process (PID=82589) to work on /home/pepino/.virtualenvs/apache_airflow/lib/python3.10/site-packages/airflow/example_dags/example_external_task_marker_dag.py
[2023-04-17T09:07:05.209-0300] {processor.py:743} INFO - Processing file /home/pepino/.virtualenvs/apache_airflow/lib/python3.10/site-packages/airflow/example_dags/example_external_task_marker_dag.py for tasks to queue
[2023-04-17T09:07:05.210-0300] {logging_mixin.py:137} INFO - [2023-04-17T09:07:05.210-0300] {dagbag.py:532} INFO - Filling up the DagBag from /home/pepino/.virtualenvs/apache_airflow/lib/python3.10/site-packages/airflow/example_dags/example_external_task_marker_dag.py
[2023-04-17T09:07:05.225-0300] {processor.py:753} INFO - DAG(s) dict_keys(['example_external_task_marker_parent', 'example_external_task_marker_child']) retrieved from /home/pepino/.virtualenvs/apache_airflow/lib/python3.10/site-packages/airflow/example_dags/example_external_task_marker_dag.py
[2023-04-17T09:07:05.236-0300] {logging_mixin.py:137} INFO - [2023-04-17T09:07:05.236-0300] {dag.py:2705} INFO - Sync 2 DAGs
[2023-04-17T09:07:05.312-0300] {logging_mixin.py:137} INFO - [2023-04-17T09:07:05.312-0300] {dag.py:3452} INFO - Setting next_dagrun for example_external_task_marker_child to None, run_after=None
[2023-04-17T09:07:05.314-0300] {logging_mixin.py:137} INFO - [2023-04-17T09:07:05.314-0300] {dag.py:3452} INFO - Setting next_dagrun for example_external_task_marker_parent to None, run_after=None
[2023-04-17T09:07:05.339-0300] {processor.py:175} INFO - Processing /home/pepino/.virtualenvs/apache_airflow/lib/python3.10/site-packages/airflow/example_dags/example_external_task_marker_dag.py took 0.143 seconds
[2023-04-17T09:07:58.273-0300] {processor.py:153} INFO - Started process (PID=82692) to work on /home/pepino/.virtualenvs/apache_airflow/lib/python3.10/site-packages/airflow/example_dags/example_external_task_marker_dag.py
[2023-04-17T09:07:58.274-0300] {processor.py:743} INFO - Processing file /home/pepino/.virtualenvs/apache_airflow/lib/python3.10/site-packages/airflow/example_dags/example_external_task_marker_dag.py for tasks to queue
[2023-04-17T09:07:58.275-0300] {logging_mixin.py:137} INFO - [2023-04-17T09:07:58.275-0300] {dagbag.py:532} INFO - Filling up the DagBag from /home/pepino/.virtualenvs/apache_airflow/lib/python3.10/site-packages/airflow/example_dags/example_external_task_marker_dag.py
[2023-04-17T09:07:58.287-0300] {processor.py:753} INFO - DAG(s) dict_keys(['example_external_task_marker_parent', 'example_external_task_marker_child']) retrieved from /home/pepino/.virtualenvs/apache_airflow/lib/python3.10/site-packages/airflow/example_dags/example_external_task_marker_dag.py
[2023-04-17T09:07:58.297-0300] {logging_mixin.py:137} INFO - [2023-04-17T09:07:58.297-0300] {dag.py:2705} INFO - Sync 2 DAGs
[2023-04-17T09:07:58.370-0300] {logging_mixin.py:137} INFO - [2023-04-17T09:07:58.370-0300] {dag.py:3452} INFO - Setting next_dagrun for example_external_task_marker_child to None, run_after=None
[2023-04-17T09:07:58.371-0300] {logging_mixin.py:137} INFO - [2023-04-17T09:07:58.371-0300] {dag.py:3452} INFO - Setting next_dagrun for example_external_task_marker_parent to None, run_after=None
[2023-04-17T09:07:58.389-0300] {processor.py:175} INFO - Processing /home/pepino/.virtualenvs/apache_airflow/lib/python3.10/site-packages/airflow/example_dags/example_external_task_marker_dag.py took 0.119 seconds
