[2023-04-17T09:00:05.122-0300] {processor.py:153} INFO - Started process (PID=81476) to work on /home/pepino/.virtualenvs/apache_airflow/lib/python3.10/site-packages/airflow/example_dags/example_sensor_decorator.py
[2023-04-17T09:00:05.122-0300] {processor.py:743} INFO - Processing file /home/pepino/.virtualenvs/apache_airflow/lib/python3.10/site-packages/airflow/example_dags/example_sensor_decorator.py for tasks to queue
[2023-04-17T09:00:05.123-0300] {logging_mixin.py:137} INFO - [2023-04-17T09:00:05.123-0300] {dagbag.py:532} INFO - Filling up the DagBag from /home/pepino/.virtualenvs/apache_airflow/lib/python3.10/site-packages/airflow/example_dags/example_sensor_decorator.py
[2023-04-17T09:00:05.138-0300] {processor.py:753} INFO - DAG(s) dict_keys(['example_sensor_decorator']) retrieved from /home/pepino/.virtualenvs/apache_airflow/lib/python3.10/site-packages/airflow/example_dags/example_sensor_decorator.py
[2023-04-17T09:00:05.158-0300] {logging_mixin.py:137} INFO - [2023-04-17T09:00:05.158-0300] {dag.py:2705} INFO - Sync 1 DAGs
[2023-04-17T09:00:05.171-0300] {logging_mixin.py:137} INFO - [2023-04-17T09:00:05.171-0300] {dag.py:3452} INFO - Setting next_dagrun for example_sensor_decorator to None, run_after=None
[2023-04-17T09:00:05.190-0300] {processor.py:175} INFO - Processing /home/pepino/.virtualenvs/apache_airflow/lib/python3.10/site-packages/airflow/example_dags/example_sensor_decorator.py took 0.069 seconds
[2023-04-17T09:00:48.127-0300] {processor.py:153} INFO - Started process (PID=81679) to work on /home/pepino/.virtualenvs/apache_airflow/lib/python3.10/site-packages/airflow/example_dags/example_sensor_decorator.py
[2023-04-17T09:00:48.135-0300] {processor.py:743} INFO - Processing file /home/pepino/.virtualenvs/apache_airflow/lib/python3.10/site-packages/airflow/example_dags/example_sensor_decorator.py for tasks to queue
[2023-04-17T09:00:48.136-0300] {logging_mixin.py:137} INFO - [2023-04-17T09:00:48.136-0300] {dagbag.py:532} INFO - Filling up the DagBag from /home/pepino/.virtualenvs/apache_airflow/lib/python3.10/site-packages/airflow/example_dags/example_sensor_decorator.py
[2023-04-17T09:00:48.156-0300] {processor.py:753} INFO - DAG(s) dict_keys(['example_sensor_decorator']) retrieved from /home/pepino/.virtualenvs/apache_airflow/lib/python3.10/site-packages/airflow/example_dags/example_sensor_decorator.py
[2023-04-17T09:00:48.164-0300] {logging_mixin.py:137} INFO - [2023-04-17T09:00:48.164-0300] {dag.py:2705} INFO - Sync 1 DAGs
[2023-04-17T09:00:48.173-0300] {logging_mixin.py:137} INFO - [2023-04-17T09:00:48.173-0300] {dag.py:3452} INFO - Setting next_dagrun for example_sensor_decorator to None, run_after=None
[2023-04-17T09:00:48.199-0300] {processor.py:175} INFO - Processing /home/pepino/.virtualenvs/apache_airflow/lib/python3.10/site-packages/airflow/example_dags/example_sensor_decorator.py took 0.075 seconds
[2023-04-17T09:01:30.559-0300] {processor.py:153} INFO - Started process (PID=81764) to work on /home/pepino/.virtualenvs/apache_airflow/lib/python3.10/site-packages/airflow/example_dags/example_sensor_decorator.py
[2023-04-17T09:01:30.568-0300] {processor.py:743} INFO - Processing file /home/pepino/.virtualenvs/apache_airflow/lib/python3.10/site-packages/airflow/example_dags/example_sensor_decorator.py for tasks to queue
[2023-04-17T09:01:30.569-0300] {logging_mixin.py:137} INFO - [2023-04-17T09:01:30.569-0300] {dagbag.py:532} INFO - Filling up the DagBag from /home/pepino/.virtualenvs/apache_airflow/lib/python3.10/site-packages/airflow/example_dags/example_sensor_decorator.py
[2023-04-17T09:01:30.588-0300] {processor.py:753} INFO - DAG(s) dict_keys(['example_sensor_decorator']) retrieved from /home/pepino/.virtualenvs/apache_airflow/lib/python3.10/site-packages/airflow/example_dags/example_sensor_decorator.py
[2023-04-17T09:01:30.598-0300] {logging_mixin.py:137} INFO - [2023-04-17T09:01:30.598-0300] {dag.py:2705} INFO - Sync 1 DAGs
[2023-04-17T09:01:30.609-0300] {logging_mixin.py:137} INFO - [2023-04-17T09:01:30.608-0300] {dag.py:3452} INFO - Setting next_dagrun for example_sensor_decorator to None, run_after=None
[2023-04-17T09:01:30.626-0300] {processor.py:175} INFO - Processing /home/pepino/.virtualenvs/apache_airflow/lib/python3.10/site-packages/airflow/example_dags/example_sensor_decorator.py took 0.071 seconds
[2023-04-17T09:02:15.777-0300] {processor.py:153} INFO - Started process (PID=81865) to work on /home/pepino/.virtualenvs/apache_airflow/lib/python3.10/site-packages/airflow/example_dags/example_sensor_decorator.py
[2023-04-17T09:02:15.786-0300] {processor.py:743} INFO - Processing file /home/pepino/.virtualenvs/apache_airflow/lib/python3.10/site-packages/airflow/example_dags/example_sensor_decorator.py for tasks to queue
[2023-04-17T09:02:15.787-0300] {logging_mixin.py:137} INFO - [2023-04-17T09:02:15.786-0300] {dagbag.py:532} INFO - Filling up the DagBag from /home/pepino/.virtualenvs/apache_airflow/lib/python3.10/site-packages/airflow/example_dags/example_sensor_decorator.py
[2023-04-17T09:02:15.808-0300] {processor.py:753} INFO - DAG(s) dict_keys(['example_sensor_decorator']) retrieved from /home/pepino/.virtualenvs/apache_airflow/lib/python3.10/site-packages/airflow/example_dags/example_sensor_decorator.py
[2023-04-17T09:02:15.816-0300] {logging_mixin.py:137} INFO - [2023-04-17T09:02:15.816-0300] {dag.py:2705} INFO - Sync 1 DAGs
[2023-04-17T09:02:15.826-0300] {logging_mixin.py:137} INFO - [2023-04-17T09:02:15.825-0300] {dag.py:3452} INFO - Setting next_dagrun for example_sensor_decorator to None, run_after=None
[2023-04-17T09:02:15.843-0300] {processor.py:175} INFO - Processing /home/pepino/.virtualenvs/apache_airflow/lib/python3.10/site-packages/airflow/example_dags/example_sensor_decorator.py took 0.069 seconds
[2023-04-17T09:02:56.359-0300] {processor.py:153} INFO - Started process (PID=81943) to work on /home/pepino/.virtualenvs/apache_airflow/lib/python3.10/site-packages/airflow/example_dags/example_sensor_decorator.py
[2023-04-17T09:02:56.367-0300] {processor.py:743} INFO - Processing file /home/pepino/.virtualenvs/apache_airflow/lib/python3.10/site-packages/airflow/example_dags/example_sensor_decorator.py for tasks to queue
[2023-04-17T09:02:56.368-0300] {logging_mixin.py:137} INFO - [2023-04-17T09:02:56.368-0300] {dagbag.py:532} INFO - Filling up the DagBag from /home/pepino/.virtualenvs/apache_airflow/lib/python3.10/site-packages/airflow/example_dags/example_sensor_decorator.py
[2023-04-17T09:02:56.388-0300] {processor.py:753} INFO - DAG(s) dict_keys(['example_sensor_decorator']) retrieved from /home/pepino/.virtualenvs/apache_airflow/lib/python3.10/site-packages/airflow/example_dags/example_sensor_decorator.py
[2023-04-17T09:02:56.397-0300] {logging_mixin.py:137} INFO - [2023-04-17T09:02:56.397-0300] {dag.py:2705} INFO - Sync 1 DAGs
[2023-04-17T09:02:56.406-0300] {logging_mixin.py:137} INFO - [2023-04-17T09:02:56.406-0300] {dag.py:3452} INFO - Setting next_dagrun for example_sensor_decorator to None, run_after=None
[2023-04-17T09:02:56.423-0300] {processor.py:175} INFO - Processing /home/pepino/.virtualenvs/apache_airflow/lib/python3.10/site-packages/airflow/example_dags/example_sensor_decorator.py took 0.067 seconds
[2023-04-17T09:03:40.915-0300] {processor.py:153} INFO - Started process (PID=82067) to work on /home/pepino/.virtualenvs/apache_airflow/lib/python3.10/site-packages/airflow/example_dags/example_sensor_decorator.py
[2023-04-17T09:03:40.916-0300] {processor.py:743} INFO - Processing file /home/pepino/.virtualenvs/apache_airflow/lib/python3.10/site-packages/airflow/example_dags/example_sensor_decorator.py for tasks to queue
[2023-04-17T09:03:40.917-0300] {logging_mixin.py:137} INFO - [2023-04-17T09:03:40.916-0300] {dagbag.py:532} INFO - Filling up the DagBag from /home/pepino/.virtualenvs/apache_airflow/lib/python3.10/site-packages/airflow/example_dags/example_sensor_decorator.py
[2023-04-17T09:03:40.931-0300] {processor.py:753} INFO - DAG(s) dict_keys(['example_sensor_decorator']) retrieved from /home/pepino/.virtualenvs/apache_airflow/lib/python3.10/site-packages/airflow/example_dags/example_sensor_decorator.py
[2023-04-17T09:03:40.940-0300] {logging_mixin.py:137} INFO - [2023-04-17T09:03:40.940-0300] {dag.py:2705} INFO - Sync 1 DAGs
[2023-04-17T09:03:40.950-0300] {logging_mixin.py:137} INFO - [2023-04-17T09:03:40.950-0300] {dag.py:3452} INFO - Setting next_dagrun for example_sensor_decorator to None, run_after=None
[2023-04-17T09:03:40.968-0300] {processor.py:175} INFO - Processing /home/pepino/.virtualenvs/apache_airflow/lib/python3.10/site-packages/airflow/example_dags/example_sensor_decorator.py took 0.057 seconds
[2023-04-17T09:04:24.068-0300] {processor.py:153} INFO - Started process (PID=82168) to work on /home/pepino/.virtualenvs/apache_airflow/lib/python3.10/site-packages/airflow/example_dags/example_sensor_decorator.py
[2023-04-17T09:04:24.070-0300] {processor.py:743} INFO - Processing file /home/pepino/.virtualenvs/apache_airflow/lib/python3.10/site-packages/airflow/example_dags/example_sensor_decorator.py for tasks to queue
[2023-04-17T09:04:24.071-0300] {logging_mixin.py:137} INFO - [2023-04-17T09:04:24.071-0300] {dagbag.py:532} INFO - Filling up the DagBag from /home/pepino/.virtualenvs/apache_airflow/lib/python3.10/site-packages/airflow/example_dags/example_sensor_decorator.py
[2023-04-17T09:04:24.086-0300] {processor.py:753} INFO - DAG(s) dict_keys(['example_sensor_decorator']) retrieved from /home/pepino/.virtualenvs/apache_airflow/lib/python3.10/site-packages/airflow/example_dags/example_sensor_decorator.py
[2023-04-17T09:04:24.095-0300] {logging_mixin.py:137} INFO - [2023-04-17T09:04:24.095-0300] {dag.py:2705} INFO - Sync 1 DAGs
[2023-04-17T09:04:24.104-0300] {logging_mixin.py:137} INFO - [2023-04-17T09:04:24.104-0300] {dag.py:3452} INFO - Setting next_dagrun for example_sensor_decorator to None, run_after=None
[2023-04-17T09:04:24.122-0300] {processor.py:175} INFO - Processing /home/pepino/.virtualenvs/apache_airflow/lib/python3.10/site-packages/airflow/example_dags/example_sensor_decorator.py took 0.058 seconds
[2023-04-17T09:05:06.537-0300] {processor.py:153} INFO - Started process (PID=82303) to work on /home/pepino/.virtualenvs/apache_airflow/lib/python3.10/site-packages/airflow/example_dags/example_sensor_decorator.py
[2023-04-17T09:05:06.545-0300] {processor.py:743} INFO - Processing file /home/pepino/.virtualenvs/apache_airflow/lib/python3.10/site-packages/airflow/example_dags/example_sensor_decorator.py for tasks to queue
[2023-04-17T09:05:06.546-0300] {logging_mixin.py:137} INFO - [2023-04-17T09:05:06.545-0300] {dagbag.py:532} INFO - Filling up the DagBag from /home/pepino/.virtualenvs/apache_airflow/lib/python3.10/site-packages/airflow/example_dags/example_sensor_decorator.py
[2023-04-17T09:05:06.560-0300] {processor.py:753} INFO - DAG(s) dict_keys(['example_sensor_decorator']) retrieved from /home/pepino/.virtualenvs/apache_airflow/lib/python3.10/site-packages/airflow/example_dags/example_sensor_decorator.py
[2023-04-17T09:05:06.571-0300] {logging_mixin.py:137} INFO - [2023-04-17T09:05:06.571-0300] {dag.py:2705} INFO - Sync 1 DAGs
[2023-04-17T09:05:06.581-0300] {logging_mixin.py:137} INFO - [2023-04-17T09:05:06.581-0300] {dag.py:3452} INFO - Setting next_dagrun for example_sensor_decorator to None, run_after=None
[2023-04-17T09:05:06.601-0300] {processor.py:175} INFO - Processing /home/pepino/.virtualenvs/apache_airflow/lib/python3.10/site-packages/airflow/example_dags/example_sensor_decorator.py took 0.066 seconds
[2023-04-17T09:05:50.615-0300] {processor.py:153} INFO - Started process (PID=82395) to work on /home/pepino/.virtualenvs/apache_airflow/lib/python3.10/site-packages/airflow/example_dags/example_sensor_decorator.py
[2023-04-17T09:05:50.615-0300] {processor.py:743} INFO - Processing file /home/pepino/.virtualenvs/apache_airflow/lib/python3.10/site-packages/airflow/example_dags/example_sensor_decorator.py for tasks to queue
[2023-04-17T09:05:50.616-0300] {logging_mixin.py:137} INFO - [2023-04-17T09:05:50.616-0300] {dagbag.py:532} INFO - Filling up the DagBag from /home/pepino/.virtualenvs/apache_airflow/lib/python3.10/site-packages/airflow/example_dags/example_sensor_decorator.py
[2023-04-17T09:05:50.627-0300] {processor.py:753} INFO - DAG(s) dict_keys(['example_sensor_decorator']) retrieved from /home/pepino/.virtualenvs/apache_airflow/lib/python3.10/site-packages/airflow/example_dags/example_sensor_decorator.py
[2023-04-17T09:05:50.635-0300] {logging_mixin.py:137} INFO - [2023-04-17T09:05:50.635-0300] {dag.py:2705} INFO - Sync 1 DAGs
[2023-04-17T09:05:50.644-0300] {logging_mixin.py:137} INFO - [2023-04-17T09:05:50.644-0300] {dag.py:3452} INFO - Setting next_dagrun for example_sensor_decorator to None, run_after=None
[2023-04-17T09:05:50.718-0300] {processor.py:175} INFO - Processing /home/pepino/.virtualenvs/apache_airflow/lib/python3.10/site-packages/airflow/example_dags/example_sensor_decorator.py took 0.105 seconds
[2023-04-17T09:06:36.575-0300] {processor.py:153} INFO - Started process (PID=82512) to work on /home/pepino/.virtualenvs/apache_airflow/lib/python3.10/site-packages/airflow/example_dags/example_sensor_decorator.py
[2023-04-17T09:06:36.576-0300] {processor.py:743} INFO - Processing file /home/pepino/.virtualenvs/apache_airflow/lib/python3.10/site-packages/airflow/example_dags/example_sensor_decorator.py for tasks to queue
[2023-04-17T09:06:36.576-0300] {logging_mixin.py:137} INFO - [2023-04-17T09:06:36.576-0300] {dagbag.py:532} INFO - Filling up the DagBag from /home/pepino/.virtualenvs/apache_airflow/lib/python3.10/site-packages/airflow/example_dags/example_sensor_decorator.py
[2023-04-17T09:06:36.593-0300] {processor.py:753} INFO - DAG(s) dict_keys(['example_sensor_decorator']) retrieved from /home/pepino/.virtualenvs/apache_airflow/lib/python3.10/site-packages/airflow/example_dags/example_sensor_decorator.py
[2023-04-17T09:06:36.604-0300] {logging_mixin.py:137} INFO - [2023-04-17T09:06:36.604-0300] {dag.py:2705} INFO - Sync 1 DAGs
[2023-04-17T09:06:36.689-0300] {logging_mixin.py:137} INFO - [2023-04-17T09:06:36.689-0300] {dag.py:3452} INFO - Setting next_dagrun for example_sensor_decorator to None, run_after=None
[2023-04-17T09:06:36.707-0300] {processor.py:175} INFO - Processing /home/pepino/.virtualenvs/apache_airflow/lib/python3.10/site-packages/airflow/example_dags/example_sensor_decorator.py took 0.134 seconds
[2023-04-17T09:07:15.485-0300] {processor.py:153} INFO - Started process (PID=82607) to work on /home/pepino/.virtualenvs/apache_airflow/lib/python3.10/site-packages/airflow/example_dags/example_sensor_decorator.py
[2023-04-17T09:07:15.486-0300] {processor.py:743} INFO - Processing file /home/pepino/.virtualenvs/apache_airflow/lib/python3.10/site-packages/airflow/example_dags/example_sensor_decorator.py for tasks to queue
[2023-04-17T09:07:15.487-0300] {logging_mixin.py:137} INFO - [2023-04-17T09:07:15.487-0300] {dagbag.py:532} INFO - Filling up the DagBag from /home/pepino/.virtualenvs/apache_airflow/lib/python3.10/site-packages/airflow/example_dags/example_sensor_decorator.py
[2023-04-17T09:07:15.504-0300] {processor.py:753} INFO - DAG(s) dict_keys(['example_sensor_decorator']) retrieved from /home/pepino/.virtualenvs/apache_airflow/lib/python3.10/site-packages/airflow/example_dags/example_sensor_decorator.py
[2023-04-17T09:07:15.513-0300] {logging_mixin.py:137} INFO - [2023-04-17T09:07:15.513-0300] {dag.py:2705} INFO - Sync 1 DAGs
[2023-04-17T09:07:15.586-0300] {logging_mixin.py:137} INFO - [2023-04-17T09:07:15.586-0300] {dag.py:3452} INFO - Setting next_dagrun for example_sensor_decorator to None, run_after=None
[2023-04-17T09:07:15.604-0300] {processor.py:175} INFO - Processing /home/pepino/.virtualenvs/apache_airflow/lib/python3.10/site-packages/airflow/example_dags/example_sensor_decorator.py took 0.122 seconds
[2023-04-17T09:08:06.655-0300] {processor.py:153} INFO - Started process (PID=82721) to work on /home/pepino/.virtualenvs/apache_airflow/lib/python3.10/site-packages/airflow/example_dags/example_sensor_decorator.py
[2023-04-17T09:08:06.663-0300] {processor.py:743} INFO - Processing file /home/pepino/.virtualenvs/apache_airflow/lib/python3.10/site-packages/airflow/example_dags/example_sensor_decorator.py for tasks to queue
[2023-04-17T09:08:06.663-0300] {logging_mixin.py:137} INFO - [2023-04-17T09:08:06.663-0300] {dagbag.py:532} INFO - Filling up the DagBag from /home/pepino/.virtualenvs/apache_airflow/lib/python3.10/site-packages/airflow/example_dags/example_sensor_decorator.py
[2023-04-17T09:08:06.675-0300] {processor.py:753} INFO - DAG(s) dict_keys(['example_sensor_decorator']) retrieved from /home/pepino/.virtualenvs/apache_airflow/lib/python3.10/site-packages/airflow/example_dags/example_sensor_decorator.py
[2023-04-17T09:08:06.754-0300] {logging_mixin.py:137} INFO - [2023-04-17T09:08:06.753-0300] {dag.py:2705} INFO - Sync 1 DAGs
[2023-04-17T09:08:06.765-0300] {logging_mixin.py:137} INFO - [2023-04-17T09:08:06.765-0300] {dag.py:3452} INFO - Setting next_dagrun for example_sensor_decorator to None, run_after=None
[2023-04-17T09:08:06.792-0300] {processor.py:175} INFO - Processing /home/pepino/.virtualenvs/apache_airflow/lib/python3.10/site-packages/airflow/example_dags/example_sensor_decorator.py took 0.141 seconds
