[2023-04-17T09:00:14.303-0300] {processor.py:153} INFO - Started process (PID=81534) to work on /home/pepino/.virtualenvs/apache_airflow/lib/python3.10/site-packages/airflow/example_dags/example_branch_python_dop_operator_3.py
[2023-04-17T09:00:14.305-0300] {processor.py:743} INFO - Processing file /home/pepino/.virtualenvs/apache_airflow/lib/python3.10/site-packages/airflow/example_dags/example_branch_python_dop_operator_3.py for tasks to queue
[2023-04-17T09:00:14.305-0300] {logging_mixin.py:137} INFO - [2023-04-17T09:00:14.305-0300] {dagbag.py:532} INFO - Filling up the DagBag from /home/pepino/.virtualenvs/apache_airflow/lib/python3.10/site-packages/airflow/example_dags/example_branch_python_dop_operator_3.py
[2023-04-17T09:00:14.324-0300] {processor.py:753} INFO - DAG(s) dict_keys(['example_branch_dop_operator_v3']) retrieved from /home/pepino/.virtualenvs/apache_airflow/lib/python3.10/site-packages/airflow/example_dags/example_branch_python_dop_operator_3.py
[2023-04-17T09:00:14.334-0300] {logging_mixin.py:137} INFO - [2023-04-17T09:00:14.334-0300] {dag.py:2705} INFO - Sync 1 DAGs
[2023-04-17T09:00:14.345-0300] {logging_mixin.py:137} INFO - [2023-04-17T09:00:14.345-0300] {dag.py:3452} INFO - Setting next_dagrun for example_branch_dop_operator_v3 to 2023-04-17T11:59:00+00:00, run_after=2023-04-17T12:00:00+00:00
[2023-04-17T09:00:14.363-0300] {processor.py:175} INFO - Processing /home/pepino/.virtualenvs/apache_airflow/lib/python3.10/site-packages/airflow/example_dags/example_branch_python_dop_operator_3.py took 0.063 seconds
[2023-04-17T09:00:58.504-0300] {processor.py:153} INFO - Started process (PID=81700) to work on /home/pepino/.virtualenvs/apache_airflow/lib/python3.10/site-packages/airflow/example_dags/example_branch_python_dop_operator_3.py
[2023-04-17T09:00:58.512-0300] {processor.py:743} INFO - Processing file /home/pepino/.virtualenvs/apache_airflow/lib/python3.10/site-packages/airflow/example_dags/example_branch_python_dop_operator_3.py for tasks to queue
[2023-04-17T09:00:58.512-0300] {logging_mixin.py:137} INFO - [2023-04-17T09:00:58.512-0300] {dagbag.py:532} INFO - Filling up the DagBag from /home/pepino/.virtualenvs/apache_airflow/lib/python3.10/site-packages/airflow/example_dags/example_branch_python_dop_operator_3.py
[2023-04-17T09:00:58.533-0300] {processor.py:753} INFO - DAG(s) dict_keys(['example_branch_dop_operator_v3']) retrieved from /home/pepino/.virtualenvs/apache_airflow/lib/python3.10/site-packages/airflow/example_dags/example_branch_python_dop_operator_3.py
[2023-04-17T09:00:58.543-0300] {logging_mixin.py:137} INFO - [2023-04-17T09:00:58.543-0300] {dag.py:2705} INFO - Sync 1 DAGs
[2023-04-17T09:00:58.554-0300] {logging_mixin.py:137} INFO - [2023-04-17T09:00:58.554-0300] {dag.py:3452} INFO - Setting next_dagrun for example_branch_dop_operator_v3 to 2023-04-17T11:59:00+00:00, run_after=2023-04-17T12:00:00+00:00
[2023-04-17T09:00:58.572-0300] {processor.py:175} INFO - Processing /home/pepino/.virtualenvs/apache_airflow/lib/python3.10/site-packages/airflow/example_dags/example_branch_python_dop_operator_3.py took 0.070 seconds
[2023-04-17T09:01:44.220-0300] {processor.py:153} INFO - Started process (PID=81794) to work on /home/pepino/.virtualenvs/apache_airflow/lib/python3.10/site-packages/airflow/example_dags/example_branch_python_dop_operator_3.py
[2023-04-17T09:01:44.229-0300] {processor.py:743} INFO - Processing file /home/pepino/.virtualenvs/apache_airflow/lib/python3.10/site-packages/airflow/example_dags/example_branch_python_dop_operator_3.py for tasks to queue
[2023-04-17T09:01:44.230-0300] {logging_mixin.py:137} INFO - [2023-04-17T09:01:44.230-0300] {dagbag.py:532} INFO - Filling up the DagBag from /home/pepino/.virtualenvs/apache_airflow/lib/python3.10/site-packages/airflow/example_dags/example_branch_python_dop_operator_3.py
[2023-04-17T09:01:44.250-0300] {processor.py:753} INFO - DAG(s) dict_keys(['example_branch_dop_operator_v3']) retrieved from /home/pepino/.virtualenvs/apache_airflow/lib/python3.10/site-packages/airflow/example_dags/example_branch_python_dop_operator_3.py
[2023-04-17T09:01:44.262-0300] {logging_mixin.py:137} INFO - [2023-04-17T09:01:44.262-0300] {dag.py:2705} INFO - Sync 1 DAGs
[2023-04-17T09:01:44.277-0300] {logging_mixin.py:137} INFO - [2023-04-17T09:01:44.277-0300] {dag.py:3452} INFO - Setting next_dagrun for example_branch_dop_operator_v3 to 2023-04-17T12:00:00+00:00, run_after=2023-04-17T12:01:00+00:00
[2023-04-17T09:01:44.310-0300] {processor.py:175} INFO - Processing /home/pepino/.virtualenvs/apache_airflow/lib/python3.10/site-packages/airflow/example_dags/example_branch_python_dop_operator_3.py took 0.092 seconds
[2023-04-17T09:02:27.525-0300] {processor.py:153} INFO - Started process (PID=81886) to work on /home/pepino/.virtualenvs/apache_airflow/lib/python3.10/site-packages/airflow/example_dags/example_branch_python_dop_operator_3.py
[2023-04-17T09:02:27.534-0300] {processor.py:743} INFO - Processing file /home/pepino/.virtualenvs/apache_airflow/lib/python3.10/site-packages/airflow/example_dags/example_branch_python_dop_operator_3.py for tasks to queue
[2023-04-17T09:02:27.535-0300] {logging_mixin.py:137} INFO - [2023-04-17T09:02:27.534-0300] {dagbag.py:532} INFO - Filling up the DagBag from /home/pepino/.virtualenvs/apache_airflow/lib/python3.10/site-packages/airflow/example_dags/example_branch_python_dop_operator_3.py
[2023-04-17T09:02:27.555-0300] {processor.py:753} INFO - DAG(s) dict_keys(['example_branch_dop_operator_v3']) retrieved from /home/pepino/.virtualenvs/apache_airflow/lib/python3.10/site-packages/airflow/example_dags/example_branch_python_dop_operator_3.py
[2023-04-17T09:02:27.564-0300] {logging_mixin.py:137} INFO - [2023-04-17T09:02:27.564-0300] {dag.py:2705} INFO - Sync 1 DAGs
[2023-04-17T09:02:27.575-0300] {logging_mixin.py:137} INFO - [2023-04-17T09:02:27.575-0300] {dag.py:3452} INFO - Setting next_dagrun for example_branch_dop_operator_v3 to 2023-04-17T12:01:00+00:00, run_after=2023-04-17T12:02:00+00:00
[2023-04-17T09:02:27.594-0300] {processor.py:175} INFO - Processing /home/pepino/.virtualenvs/apache_airflow/lib/python3.10/site-packages/airflow/example_dags/example_branch_python_dop_operator_3.py took 0.070 seconds
[2023-04-17T09:03:09.455-0300] {processor.py:153} INFO - Started process (PID=81965) to work on /home/pepino/.virtualenvs/apache_airflow/lib/python3.10/site-packages/airflow/example_dags/example_branch_python_dop_operator_3.py
[2023-04-17T09:03:09.463-0300] {processor.py:743} INFO - Processing file /home/pepino/.virtualenvs/apache_airflow/lib/python3.10/site-packages/airflow/example_dags/example_branch_python_dop_operator_3.py for tasks to queue
[2023-04-17T09:03:09.463-0300] {logging_mixin.py:137} INFO - [2023-04-17T09:03:09.463-0300] {dagbag.py:532} INFO - Filling up the DagBag from /home/pepino/.virtualenvs/apache_airflow/lib/python3.10/site-packages/airflow/example_dags/example_branch_python_dop_operator_3.py
[2023-04-17T09:03:09.477-0300] {processor.py:753} INFO - DAG(s) dict_keys(['example_branch_dop_operator_v3']) retrieved from /home/pepino/.virtualenvs/apache_airflow/lib/python3.10/site-packages/airflow/example_dags/example_branch_python_dop_operator_3.py
[2023-04-17T09:03:09.488-0300] {logging_mixin.py:137} INFO - [2023-04-17T09:03:09.488-0300] {dag.py:2705} INFO - Sync 1 DAGs
[2023-04-17T09:03:09.500-0300] {logging_mixin.py:137} INFO - [2023-04-17T09:03:09.500-0300] {dag.py:3452} INFO - Setting next_dagrun for example_branch_dop_operator_v3 to 2023-04-17T12:02:00+00:00, run_after=2023-04-17T12:03:00+00:00
[2023-04-17T09:03:09.519-0300] {processor.py:175} INFO - Processing /home/pepino/.virtualenvs/apache_airflow/lib/python3.10/site-packages/airflow/example_dags/example_branch_python_dop_operator_3.py took 0.067 seconds
[2023-04-17T09:03:54.120-0300] {processor.py:153} INFO - Started process (PID=82094) to work on /home/pepino/.virtualenvs/apache_airflow/lib/python3.10/site-packages/airflow/example_dags/example_branch_python_dop_operator_3.py
[2023-04-17T09:03:54.122-0300] {processor.py:743} INFO - Processing file /home/pepino/.virtualenvs/apache_airflow/lib/python3.10/site-packages/airflow/example_dags/example_branch_python_dop_operator_3.py for tasks to queue
[2023-04-17T09:03:54.123-0300] {logging_mixin.py:137} INFO - [2023-04-17T09:03:54.123-0300] {dagbag.py:532} INFO - Filling up the DagBag from /home/pepino/.virtualenvs/apache_airflow/lib/python3.10/site-packages/airflow/example_dags/example_branch_python_dop_operator_3.py
[2023-04-17T09:03:54.140-0300] {processor.py:753} INFO - DAG(s) dict_keys(['example_branch_dop_operator_v3']) retrieved from /home/pepino/.virtualenvs/apache_airflow/lib/python3.10/site-packages/airflow/example_dags/example_branch_python_dop_operator_3.py
[2023-04-17T09:03:54.149-0300] {logging_mixin.py:137} INFO - [2023-04-17T09:03:54.149-0300] {dag.py:2705} INFO - Sync 1 DAGs
[2023-04-17T09:03:54.161-0300] {logging_mixin.py:137} INFO - [2023-04-17T09:03:54.161-0300] {dag.py:3452} INFO - Setting next_dagrun for example_branch_dop_operator_v3 to 2023-04-17T12:02:00+00:00, run_after=2023-04-17T12:03:00+00:00
[2023-04-17T09:03:54.179-0300] {processor.py:175} INFO - Processing /home/pepino/.virtualenvs/apache_airflow/lib/python3.10/site-packages/airflow/example_dags/example_branch_python_dop_operator_3.py took 0.063 seconds
[2023-04-17T09:04:37.912-0300] {processor.py:153} INFO - Started process (PID=82197) to work on /home/pepino/.virtualenvs/apache_airflow/lib/python3.10/site-packages/airflow/example_dags/example_branch_python_dop_operator_3.py
[2023-04-17T09:04:37.920-0300] {processor.py:743} INFO - Processing file /home/pepino/.virtualenvs/apache_airflow/lib/python3.10/site-packages/airflow/example_dags/example_branch_python_dop_operator_3.py for tasks to queue
[2023-04-17T09:04:37.922-0300] {logging_mixin.py:137} INFO - [2023-04-17T09:04:37.922-0300] {dagbag.py:532} INFO - Filling up the DagBag from /home/pepino/.virtualenvs/apache_airflow/lib/python3.10/site-packages/airflow/example_dags/example_branch_python_dop_operator_3.py
[2023-04-17T09:04:37.942-0300] {processor.py:753} INFO - DAG(s) dict_keys(['example_branch_dop_operator_v3']) retrieved from /home/pepino/.virtualenvs/apache_airflow/lib/python3.10/site-packages/airflow/example_dags/example_branch_python_dop_operator_3.py
[2023-04-17T09:04:37.951-0300] {logging_mixin.py:137} INFO - [2023-04-17T09:04:37.951-0300] {dag.py:2705} INFO - Sync 1 DAGs
[2023-04-17T09:04:37.962-0300] {logging_mixin.py:137} INFO - [2023-04-17T09:04:37.962-0300] {dag.py:3452} INFO - Setting next_dagrun for example_branch_dop_operator_v3 to 2023-04-17T12:03:00+00:00, run_after=2023-04-17T12:04:00+00:00
[2023-04-17T09:04:37.980-0300] {processor.py:175} INFO - Processing /home/pepino/.virtualenvs/apache_airflow/lib/python3.10/site-packages/airflow/example_dags/example_branch_python_dop_operator_3.py took 0.069 seconds
[2023-04-17T09:05:21.577-0300] {processor.py:153} INFO - Started process (PID=82331) to work on /home/pepino/.virtualenvs/apache_airflow/lib/python3.10/site-packages/airflow/example_dags/example_branch_python_dop_operator_3.py
[2023-04-17T09:05:21.586-0300] {processor.py:743} INFO - Processing file /home/pepino/.virtualenvs/apache_airflow/lib/python3.10/site-packages/airflow/example_dags/example_branch_python_dop_operator_3.py for tasks to queue
[2023-04-17T09:05:21.587-0300] {logging_mixin.py:137} INFO - [2023-04-17T09:05:21.586-0300] {dagbag.py:532} INFO - Filling up the DagBag from /home/pepino/.virtualenvs/apache_airflow/lib/python3.10/site-packages/airflow/example_dags/example_branch_python_dop_operator_3.py
[2023-04-17T09:05:21.601-0300] {processor.py:753} INFO - DAG(s) dict_keys(['example_branch_dop_operator_v3']) retrieved from /home/pepino/.virtualenvs/apache_airflow/lib/python3.10/site-packages/airflow/example_dags/example_branch_python_dop_operator_3.py
[2023-04-17T09:05:21.612-0300] {logging_mixin.py:137} INFO - [2023-04-17T09:05:21.612-0300] {dag.py:2705} INFO - Sync 1 DAGs
[2023-04-17T09:05:21.626-0300] {logging_mixin.py:137} INFO - [2023-04-17T09:05:21.626-0300] {dag.py:3452} INFO - Setting next_dagrun for example_branch_dop_operator_v3 to 2023-04-17T12:04:00+00:00, run_after=2023-04-17T12:05:00+00:00
[2023-04-17T09:05:21.722-0300] {processor.py:175} INFO - Processing /home/pepino/.virtualenvs/apache_airflow/lib/python3.10/site-packages/airflow/example_dags/example_branch_python_dop_operator_3.py took 0.149 seconds
[2023-04-17T09:06:15.737-0300] {processor.py:153} INFO - Started process (PID=82474) to work on /home/pepino/.virtualenvs/apache_airflow/lib/python3.10/site-packages/airflow/example_dags/example_branch_python_dop_operator_3.py
[2023-04-17T09:06:15.737-0300] {processor.py:743} INFO - Processing file /home/pepino/.virtualenvs/apache_airflow/lib/python3.10/site-packages/airflow/example_dags/example_branch_python_dop_operator_3.py for tasks to queue
[2023-04-17T09:06:15.738-0300] {logging_mixin.py:137} INFO - [2023-04-17T09:06:15.738-0300] {dagbag.py:532} INFO - Filling up the DagBag from /home/pepino/.virtualenvs/apache_airflow/lib/python3.10/site-packages/airflow/example_dags/example_branch_python_dop_operator_3.py
[2023-04-17T09:06:15.755-0300] {processor.py:753} INFO - DAG(s) dict_keys(['example_branch_dop_operator_v3']) retrieved from /home/pepino/.virtualenvs/apache_airflow/lib/python3.10/site-packages/airflow/example_dags/example_branch_python_dop_operator_3.py
[2023-04-17T09:06:15.764-0300] {logging_mixin.py:137} INFO - [2023-04-17T09:06:15.764-0300] {dag.py:2705} INFO - Sync 1 DAGs
[2023-04-17T09:06:15.842-0300] {logging_mixin.py:137} INFO - [2023-04-17T09:06:15.842-0300] {dag.py:3452} INFO - Setting next_dagrun for example_branch_dop_operator_v3 to 2023-04-17T12:05:00+00:00, run_after=2023-04-17T12:06:00+00:00
[2023-04-17T09:06:15.877-0300] {processor.py:175} INFO - Processing /home/pepino/.virtualenvs/apache_airflow/lib/python3.10/site-packages/airflow/example_dags/example_branch_python_dop_operator_3.py took 0.143 seconds
[2023-04-17T09:06:58.535-0300] {processor.py:153} INFO - Started process (PID=82577) to work on /home/pepino/.virtualenvs/apache_airflow/lib/python3.10/site-packages/airflow/example_dags/example_branch_python_dop_operator_3.py
[2023-04-17T09:06:58.543-0300] {processor.py:743} INFO - Processing file /home/pepino/.virtualenvs/apache_airflow/lib/python3.10/site-packages/airflow/example_dags/example_branch_python_dop_operator_3.py for tasks to queue
[2023-04-17T09:06:58.544-0300] {logging_mixin.py:137} INFO - [2023-04-17T09:06:58.544-0300] {dagbag.py:532} INFO - Filling up the DagBag from /home/pepino/.virtualenvs/apache_airflow/lib/python3.10/site-packages/airflow/example_dags/example_branch_python_dop_operator_3.py
[2023-04-17T09:06:58.565-0300] {processor.py:753} INFO - DAG(s) dict_keys(['example_branch_dop_operator_v3']) retrieved from /home/pepino/.virtualenvs/apache_airflow/lib/python3.10/site-packages/airflow/example_dags/example_branch_python_dop_operator_3.py
[2023-04-17T09:06:58.575-0300] {logging_mixin.py:137} INFO - [2023-04-17T09:06:58.575-0300] {dag.py:2705} INFO - Sync 1 DAGs
[2023-04-17T09:06:58.653-0300] {logging_mixin.py:137} INFO - [2023-04-17T09:06:58.653-0300] {dag.py:3452} INFO - Setting next_dagrun for example_branch_dop_operator_v3 to 2023-04-17T12:05:00+00:00, run_after=2023-04-17T12:06:00+00:00
[2023-04-17T09:06:58.682-0300] {processor.py:175} INFO - Processing /home/pepino/.virtualenvs/apache_airflow/lib/python3.10/site-packages/airflow/example_dags/example_branch_python_dop_operator_3.py took 0.152 seconds
[2023-04-17T09:07:52.069-0300] {processor.py:153} INFO - Started process (PID=82677) to work on /home/pepino/.virtualenvs/apache_airflow/lib/python3.10/site-packages/airflow/example_dags/example_branch_python_dop_operator_3.py
[2023-04-17T09:07:52.078-0300] {processor.py:743} INFO - Processing file /home/pepino/.virtualenvs/apache_airflow/lib/python3.10/site-packages/airflow/example_dags/example_branch_python_dop_operator_3.py for tasks to queue
[2023-04-17T09:07:52.079-0300] {logging_mixin.py:137} INFO - [2023-04-17T09:07:52.079-0300] {dagbag.py:532} INFO - Filling up the DagBag from /home/pepino/.virtualenvs/apache_airflow/lib/python3.10/site-packages/airflow/example_dags/example_branch_python_dop_operator_3.py
[2023-04-17T09:07:52.099-0300] {processor.py:753} INFO - DAG(s) dict_keys(['example_branch_dop_operator_v3']) retrieved from /home/pepino/.virtualenvs/apache_airflow/lib/python3.10/site-packages/airflow/example_dags/example_branch_python_dop_operator_3.py
[2023-04-17T09:07:52.172-0300] {logging_mixin.py:137} INFO - [2023-04-17T09:07:52.172-0300] {dag.py:2705} INFO - Sync 1 DAGs
[2023-04-17T09:07:52.183-0300] {logging_mixin.py:137} INFO - [2023-04-17T09:07:52.183-0300] {dag.py:3452} INFO - Setting next_dagrun for example_branch_dop_operator_v3 to 2023-04-17T12:06:00+00:00, run_after=2023-04-17T12:07:00+00:00
[2023-04-17T09:07:52.220-0300] {processor.py:175} INFO - Processing /home/pepino/.virtualenvs/apache_airflow/lib/python3.10/site-packages/airflow/example_dags/example_branch_python_dop_operator_3.py took 0.155 seconds
