[2023-04-17T09:00:21.979-0300] {processor.py:153} INFO - Started process (PID=81600) to work on /home/pepino/.virtualenvs/apache_airflow/lib/python3.10/site-packages/airflow/example_dags/example_skip_dag.py
[2023-04-17T09:00:21.980-0300] {processor.py:743} INFO - Processing file /home/pepino/.virtualenvs/apache_airflow/lib/python3.10/site-packages/airflow/example_dags/example_skip_dag.py for tasks to queue
[2023-04-17T09:00:21.980-0300] {logging_mixin.py:137} INFO - [2023-04-17T09:00:21.980-0300] {dagbag.py:532} INFO - Filling up the DagBag from /home/pepino/.virtualenvs/apache_airflow/lib/python3.10/site-packages/airflow/example_dags/example_skip_dag.py
[2023-04-17T09:00:21.992-0300] {processor.py:753} INFO - DAG(s) dict_keys(['example_skip_dag']) retrieved from /home/pepino/.virtualenvs/apache_airflow/lib/python3.10/site-packages/airflow/example_dags/example_skip_dag.py
[2023-04-17T09:00:22.002-0300] {logging_mixin.py:137} INFO - [2023-04-17T09:00:22.002-0300] {dag.py:2705} INFO - Sync 1 DAGs
[2023-04-17T09:00:22.011-0300] {logging_mixin.py:137} INFO - [2023-04-17T09:00:22.011-0300] {dag.py:3452} INFO - Setting next_dagrun for example_skip_dag to 2023-04-16T12:00:22.011686+00:00, run_after=2023-04-17T12:00:22.011686+00:00
[2023-04-17T09:00:22.027-0300] {processor.py:175} INFO - Processing /home/pepino/.virtualenvs/apache_airflow/lib/python3.10/site-packages/airflow/example_dags/example_skip_dag.py took 0.052 seconds
[2023-04-17T09:01:07.117-0300] {processor.py:153} INFO - Started process (PID=81723) to work on /home/pepino/.virtualenvs/apache_airflow/lib/python3.10/site-packages/airflow/example_dags/example_skip_dag.py
[2023-04-17T09:01:07.125-0300] {processor.py:743} INFO - Processing file /home/pepino/.virtualenvs/apache_airflow/lib/python3.10/site-packages/airflow/example_dags/example_skip_dag.py for tasks to queue
[2023-04-17T09:01:07.126-0300] {logging_mixin.py:137} INFO - [2023-04-17T09:01:07.126-0300] {dagbag.py:532} INFO - Filling up the DagBag from /home/pepino/.virtualenvs/apache_airflow/lib/python3.10/site-packages/airflow/example_dags/example_skip_dag.py
[2023-04-17T09:01:07.141-0300] {processor.py:753} INFO - DAG(s) dict_keys(['example_skip_dag']) retrieved from /home/pepino/.virtualenvs/apache_airflow/lib/python3.10/site-packages/airflow/example_dags/example_skip_dag.py
[2023-04-17T09:01:07.150-0300] {logging_mixin.py:137} INFO - [2023-04-17T09:01:07.150-0300] {dag.py:2705} INFO - Sync 1 DAGs
[2023-04-17T09:01:07.159-0300] {logging_mixin.py:137} INFO - [2023-04-17T09:01:07.159-0300] {dag.py:3452} INFO - Setting next_dagrun for example_skip_dag to 2023-04-16T12:01:07.159644+00:00, run_after=2023-04-17T12:01:07.159644+00:00
[2023-04-17T09:01:07.175-0300] {processor.py:175} INFO - Processing /home/pepino/.virtualenvs/apache_airflow/lib/python3.10/site-packages/airflow/example_dags/example_skip_dag.py took 0.063 seconds
[2023-04-17T09:01:52.563-0300] {processor.py:153} INFO - Started process (PID=81823) to work on /home/pepino/.virtualenvs/apache_airflow/lib/python3.10/site-packages/airflow/example_dags/example_skip_dag.py
[2023-04-17T09:01:52.572-0300] {processor.py:743} INFO - Processing file /home/pepino/.virtualenvs/apache_airflow/lib/python3.10/site-packages/airflow/example_dags/example_skip_dag.py for tasks to queue
[2023-04-17T09:01:52.572-0300] {logging_mixin.py:137} INFO - [2023-04-17T09:01:52.572-0300] {dagbag.py:532} INFO - Filling up the DagBag from /home/pepino/.virtualenvs/apache_airflow/lib/python3.10/site-packages/airflow/example_dags/example_skip_dag.py
[2023-04-17T09:01:52.588-0300] {processor.py:753} INFO - DAG(s) dict_keys(['example_skip_dag']) retrieved from /home/pepino/.virtualenvs/apache_airflow/lib/python3.10/site-packages/airflow/example_dags/example_skip_dag.py
[2023-04-17T09:01:52.598-0300] {logging_mixin.py:137} INFO - [2023-04-17T09:01:52.597-0300] {dag.py:2705} INFO - Sync 1 DAGs
[2023-04-17T09:01:52.607-0300] {logging_mixin.py:137} INFO - [2023-04-17T09:01:52.607-0300] {dag.py:3452} INFO - Setting next_dagrun for example_skip_dag to 2023-04-16T12:01:52.607415+00:00, run_after=2023-04-17T12:01:52.607415+00:00
[2023-04-17T09:01:52.626-0300] {processor.py:175} INFO - Processing /home/pepino/.virtualenvs/apache_airflow/lib/python3.10/site-packages/airflow/example_dags/example_skip_dag.py took 0.065 seconds
[2023-04-17T09:02:36.701-0300] {processor.py:153} INFO - Started process (PID=81904) to work on /home/pepino/.virtualenvs/apache_airflow/lib/python3.10/site-packages/airflow/example_dags/example_skip_dag.py
[2023-04-17T09:02:36.709-0300] {processor.py:743} INFO - Processing file /home/pepino/.virtualenvs/apache_airflow/lib/python3.10/site-packages/airflow/example_dags/example_skip_dag.py for tasks to queue
[2023-04-17T09:02:36.710-0300] {logging_mixin.py:137} INFO - [2023-04-17T09:02:36.710-0300] {dagbag.py:532} INFO - Filling up the DagBag from /home/pepino/.virtualenvs/apache_airflow/lib/python3.10/site-packages/airflow/example_dags/example_skip_dag.py
[2023-04-17T09:02:36.726-0300] {processor.py:753} INFO - DAG(s) dict_keys(['example_skip_dag']) retrieved from /home/pepino/.virtualenvs/apache_airflow/lib/python3.10/site-packages/airflow/example_dags/example_skip_dag.py
[2023-04-17T09:02:36.736-0300] {logging_mixin.py:137} INFO - [2023-04-17T09:02:36.736-0300] {dag.py:2705} INFO - Sync 1 DAGs
[2023-04-17T09:02:36.746-0300] {logging_mixin.py:137} INFO - [2023-04-17T09:02:36.745-0300] {dag.py:3452} INFO - Setting next_dagrun for example_skip_dag to 2023-04-16T12:02:36.745869+00:00, run_after=2023-04-17T12:02:36.745869+00:00
[2023-04-17T09:02:36.763-0300] {processor.py:175} INFO - Processing /home/pepino/.virtualenvs/apache_airflow/lib/python3.10/site-packages/airflow/example_dags/example_skip_dag.py took 0.064 seconds
[2023-04-17T09:03:20.406-0300] {processor.py:153} INFO - Started process (PID=81991) to work on /home/pepino/.virtualenvs/apache_airflow/lib/python3.10/site-packages/airflow/example_dags/example_skip_dag.py
[2023-04-17T09:03:20.414-0300] {processor.py:743} INFO - Processing file /home/pepino/.virtualenvs/apache_airflow/lib/python3.10/site-packages/airflow/example_dags/example_skip_dag.py for tasks to queue
[2023-04-17T09:03:20.415-0300] {logging_mixin.py:137} INFO - [2023-04-17T09:03:20.415-0300] {dagbag.py:532} INFO - Filling up the DagBag from /home/pepino/.virtualenvs/apache_airflow/lib/python3.10/site-packages/airflow/example_dags/example_skip_dag.py
[2023-04-17T09:03:20.430-0300] {processor.py:753} INFO - DAG(s) dict_keys(['example_skip_dag']) retrieved from /home/pepino/.virtualenvs/apache_airflow/lib/python3.10/site-packages/airflow/example_dags/example_skip_dag.py
[2023-04-17T09:03:20.441-0300] {logging_mixin.py:137} INFO - [2023-04-17T09:03:20.441-0300] {dag.py:2705} INFO - Sync 1 DAGs
[2023-04-17T09:03:20.452-0300] {logging_mixin.py:137} INFO - [2023-04-17T09:03:20.452-0300] {dag.py:3452} INFO - Setting next_dagrun for example_skip_dag to 2023-04-16T12:03:20.451656+00:00, run_after=2023-04-17T12:03:20.451656+00:00
[2023-04-17T09:03:20.483-0300] {processor.py:175} INFO - Processing /home/pepino/.virtualenvs/apache_airflow/lib/python3.10/site-packages/airflow/example_dags/example_skip_dag.py took 0.082 seconds
[2023-04-17T09:04:06.306-0300] {processor.py:153} INFO - Started process (PID=82126) to work on /home/pepino/.virtualenvs/apache_airflow/lib/python3.10/site-packages/airflow/example_dags/example_skip_dag.py
[2023-04-17T09:04:06.315-0300] {processor.py:743} INFO - Processing file /home/pepino/.virtualenvs/apache_airflow/lib/python3.10/site-packages/airflow/example_dags/example_skip_dag.py for tasks to queue
[2023-04-17T09:04:06.316-0300] {logging_mixin.py:137} INFO - [2023-04-17T09:04:06.315-0300] {dagbag.py:532} INFO - Filling up the DagBag from /home/pepino/.virtualenvs/apache_airflow/lib/python3.10/site-packages/airflow/example_dags/example_skip_dag.py
[2023-04-17T09:04:06.329-0300] {processor.py:753} INFO - DAG(s) dict_keys(['example_skip_dag']) retrieved from /home/pepino/.virtualenvs/apache_airflow/lib/python3.10/site-packages/airflow/example_dags/example_skip_dag.py
[2023-04-17T09:04:06.340-0300] {logging_mixin.py:137} INFO - [2023-04-17T09:04:06.340-0300] {dag.py:2705} INFO - Sync 1 DAGs
[2023-04-17T09:04:06.351-0300] {logging_mixin.py:137} INFO - [2023-04-17T09:04:06.351-0300] {dag.py:3452} INFO - Setting next_dagrun for example_skip_dag to 2023-04-16T12:04:06.351593+00:00, run_after=2023-04-17T12:04:06.351593+00:00
[2023-04-17T09:04:06.370-0300] {processor.py:175} INFO - Processing /home/pepino/.virtualenvs/apache_airflow/lib/python3.10/site-packages/airflow/example_dags/example_skip_dag.py took 0.067 seconds
[2023-04-17T09:04:47.039-0300] {processor.py:153} INFO - Started process (PID=82216) to work on /home/pepino/.virtualenvs/apache_airflow/lib/python3.10/site-packages/airflow/example_dags/example_skip_dag.py
[2023-04-17T09:04:47.047-0300] {processor.py:743} INFO - Processing file /home/pepino/.virtualenvs/apache_airflow/lib/python3.10/site-packages/airflow/example_dags/example_skip_dag.py for tasks to queue
[2023-04-17T09:04:47.048-0300] {logging_mixin.py:137} INFO - [2023-04-17T09:04:47.048-0300] {dagbag.py:532} INFO - Filling up the DagBag from /home/pepino/.virtualenvs/apache_airflow/lib/python3.10/site-packages/airflow/example_dags/example_skip_dag.py
[2023-04-17T09:04:47.064-0300] {processor.py:753} INFO - DAG(s) dict_keys(['example_skip_dag']) retrieved from /home/pepino/.virtualenvs/apache_airflow/lib/python3.10/site-packages/airflow/example_dags/example_skip_dag.py
[2023-04-17T09:04:47.075-0300] {logging_mixin.py:137} INFO - [2023-04-17T09:04:47.075-0300] {dag.py:2705} INFO - Sync 1 DAGs
[2023-04-17T09:04:47.086-0300] {logging_mixin.py:137} INFO - [2023-04-17T09:04:47.086-0300] {dag.py:3452} INFO - Setting next_dagrun for example_skip_dag to 2023-04-16T12:04:47.086422+00:00, run_after=2023-04-17T12:04:47.086422+00:00
[2023-04-17T09:04:47.107-0300] {processor.py:175} INFO - Processing /home/pepino/.virtualenvs/apache_airflow/lib/python3.10/site-packages/airflow/example_dags/example_skip_dag.py took 0.073 seconds
[2023-04-17T09:05:29.806-0300] {processor.py:153} INFO - Started process (PID=82351) to work on /home/pepino/.virtualenvs/apache_airflow/lib/python3.10/site-packages/airflow/example_dags/example_skip_dag.py
[2023-04-17T09:05:29.815-0300] {processor.py:743} INFO - Processing file /home/pepino/.virtualenvs/apache_airflow/lib/python3.10/site-packages/airflow/example_dags/example_skip_dag.py for tasks to queue
[2023-04-17T09:05:29.816-0300] {logging_mixin.py:137} INFO - [2023-04-17T09:05:29.815-0300] {dagbag.py:532} INFO - Filling up the DagBag from /home/pepino/.virtualenvs/apache_airflow/lib/python3.10/site-packages/airflow/example_dags/example_skip_dag.py
[2023-04-17T09:05:29.832-0300] {processor.py:753} INFO - DAG(s) dict_keys(['example_skip_dag']) retrieved from /home/pepino/.virtualenvs/apache_airflow/lib/python3.10/site-packages/airflow/example_dags/example_skip_dag.py
[2023-04-17T09:05:29.841-0300] {logging_mixin.py:137} INFO - [2023-04-17T09:05:29.841-0300] {dag.py:2705} INFO - Sync 1 DAGs
[2023-04-17T09:05:29.852-0300] {logging_mixin.py:137} INFO - [2023-04-17T09:05:29.852-0300] {dag.py:3452} INFO - Setting next_dagrun for example_skip_dag to 2023-04-16T12:05:29.852677+00:00, run_after=2023-04-17T12:05:29.852677+00:00
[2023-04-17T09:05:29.872-0300] {processor.py:175} INFO - Processing /home/pepino/.virtualenvs/apache_airflow/lib/python3.10/site-packages/airflow/example_dags/example_skip_dag.py took 0.068 seconds
[2023-04-17T09:06:24.784-0300] {processor.py:153} INFO - Started process (PID=82495) to work on /home/pepino/.virtualenvs/apache_airflow/lib/python3.10/site-packages/airflow/example_dags/example_skip_dag.py
[2023-04-17T09:06:24.793-0300] {processor.py:743} INFO - Processing file /home/pepino/.virtualenvs/apache_airflow/lib/python3.10/site-packages/airflow/example_dags/example_skip_dag.py for tasks to queue
[2023-04-17T09:06:24.794-0300] {logging_mixin.py:137} INFO - [2023-04-17T09:06:24.794-0300] {dagbag.py:532} INFO - Filling up the DagBag from /home/pepino/.virtualenvs/apache_airflow/lib/python3.10/site-packages/airflow/example_dags/example_skip_dag.py
[2023-04-17T09:06:24.808-0300] {processor.py:753} INFO - DAG(s) dict_keys(['example_skip_dag']) retrieved from /home/pepino/.virtualenvs/apache_airflow/lib/python3.10/site-packages/airflow/example_dags/example_skip_dag.py
[2023-04-17T09:06:24.820-0300] {logging_mixin.py:137} INFO - [2023-04-17T09:06:24.820-0300] {dag.py:2705} INFO - Sync 1 DAGs
[2023-04-17T09:06:24.830-0300] {logging_mixin.py:137} INFO - [2023-04-17T09:06:24.830-0300] {dag.py:3452} INFO - Setting next_dagrun for example_skip_dag to 2023-04-16T12:06:24.830498+00:00, run_after=2023-04-17T12:06:24.830498+00:00
[2023-04-17T09:06:24.934-0300] {processor.py:175} INFO - Processing /home/pepino/.virtualenvs/apache_airflow/lib/python3.10/site-packages/airflow/example_dags/example_skip_dag.py took 0.155 seconds
[2023-04-17T09:07:20.278-0300] {processor.py:153} INFO - Started process (PID=82618) to work on /home/pepino/.virtualenvs/apache_airflow/lib/python3.10/site-packages/airflow/example_dags/example_skip_dag.py
[2023-04-17T09:07:20.287-0300] {processor.py:743} INFO - Processing file /home/pepino/.virtualenvs/apache_airflow/lib/python3.10/site-packages/airflow/example_dags/example_skip_dag.py for tasks to queue
[2023-04-17T09:07:20.287-0300] {logging_mixin.py:137} INFO - [2023-04-17T09:07:20.287-0300] {dagbag.py:532} INFO - Filling up the DagBag from /home/pepino/.virtualenvs/apache_airflow/lib/python3.10/site-packages/airflow/example_dags/example_skip_dag.py
[2023-04-17T09:07:20.299-0300] {processor.py:753} INFO - DAG(s) dict_keys(['example_skip_dag']) retrieved from /home/pepino/.virtualenvs/apache_airflow/lib/python3.10/site-packages/airflow/example_dags/example_skip_dag.py
[2023-04-17T09:07:20.310-0300] {logging_mixin.py:137} INFO - [2023-04-17T09:07:20.310-0300] {dag.py:2705} INFO - Sync 1 DAGs
[2023-04-17T09:07:20.391-0300] {logging_mixin.py:137} INFO - [2023-04-17T09:07:20.391-0300] {dag.py:3452} INFO - Setting next_dagrun for example_skip_dag to 2023-04-16T12:07:20.391044+00:00, run_after=2023-04-17T12:07:20.391044+00:00
[2023-04-17T09:07:20.425-0300] {processor.py:175} INFO - Processing /home/pepino/.virtualenvs/apache_airflow/lib/python3.10/site-packages/airflow/example_dags/example_skip_dag.py took 0.152 seconds
[2023-04-17T09:08:12.276-0300] {processor.py:153} INFO - Started process (PID=82736) to work on /home/pepino/.virtualenvs/apache_airflow/lib/python3.10/site-packages/airflow/example_dags/example_skip_dag.py
[2023-04-17T09:08:12.285-0300] {processor.py:743} INFO - Processing file /home/pepino/.virtualenvs/apache_airflow/lib/python3.10/site-packages/airflow/example_dags/example_skip_dag.py for tasks to queue
[2023-04-17T09:08:12.286-0300] {logging_mixin.py:137} INFO - [2023-04-17T09:08:12.285-0300] {dagbag.py:532} INFO - Filling up the DagBag from /home/pepino/.virtualenvs/apache_airflow/lib/python3.10/site-packages/airflow/example_dags/example_skip_dag.py
[2023-04-17T09:08:12.302-0300] {processor.py:753} INFO - DAG(s) dict_keys(['example_skip_dag']) retrieved from /home/pepino/.virtualenvs/apache_airflow/lib/python3.10/site-packages/airflow/example_dags/example_skip_dag.py
[2023-04-17T09:08:12.390-0300] {logging_mixin.py:137} INFO - [2023-04-17T09:08:12.390-0300] {dag.py:2705} INFO - Sync 1 DAGs
[2023-04-17T09:08:12.406-0300] {logging_mixin.py:137} INFO - [2023-04-17T09:08:12.406-0300] {dag.py:3452} INFO - Setting next_dagrun for example_skip_dag to 2023-04-16T12:08:12.406360+00:00, run_after=2023-04-17T12:08:12.406360+00:00
[2023-04-17T09:08:12.426-0300] {processor.py:175} INFO - Processing /home/pepino/.virtualenvs/apache_airflow/lib/python3.10/site-packages/airflow/example_dags/example_skip_dag.py took 0.154 seconds
