[2023-04-17T09:00:21.583-0300] {processor.py:153} INFO - Started process (PID=81594) to work on /home/pepino/.virtualenvs/apache_airflow/lib/python3.10/site-packages/airflow/example_dags/example_params_ui_tutorial.py
[2023-04-17T09:00:21.583-0300] {processor.py:743} INFO - Processing file /home/pepino/.virtualenvs/apache_airflow/lib/python3.10/site-packages/airflow/example_dags/example_params_ui_tutorial.py for tasks to queue
[2023-04-17T09:00:21.584-0300] {logging_mixin.py:137} INFO - [2023-04-17T09:00:21.584-0300] {dagbag.py:532} INFO - Filling up the DagBag from /home/pepino/.virtualenvs/apache_airflow/lib/python3.10/site-packages/airflow/example_dags/example_params_ui_tutorial.py
[2023-04-17T09:00:21.615-0300] {processor.py:753} INFO - DAG(s) dict_keys(['example_params_ui_tutorial']) retrieved from /home/pepino/.virtualenvs/apache_airflow/lib/python3.10/site-packages/airflow/example_dags/example_params_ui_tutorial.py
[2023-04-17T09:00:21.648-0300] {logging_mixin.py:137} INFO - [2023-04-17T09:00:21.648-0300] {dag.py:2705} INFO - Sync 1 DAGs
[2023-04-17T09:00:21.663-0300] {logging_mixin.py:137} INFO - [2023-04-17T09:00:21.662-0300] {dag.py:3452} INFO - Setting next_dagrun for example_params_ui_tutorial to None, run_after=None
[2023-04-17T09:00:21.685-0300] {processor.py:175} INFO - Processing /home/pepino/.virtualenvs/apache_airflow/lib/python3.10/site-packages/airflow/example_dags/example_params_ui_tutorial.py took 0.104 seconds
[2023-04-17T09:01:05.995-0300] {processor.py:153} INFO - Started process (PID=81716) to work on /home/pepino/.virtualenvs/apache_airflow/lib/python3.10/site-packages/airflow/example_dags/example_params_ui_tutorial.py
[2023-04-17T09:01:06.003-0300] {processor.py:743} INFO - Processing file /home/pepino/.virtualenvs/apache_airflow/lib/python3.10/site-packages/airflow/example_dags/example_params_ui_tutorial.py for tasks to queue
[2023-04-17T09:01:06.004-0300] {logging_mixin.py:137} INFO - [2023-04-17T09:01:06.004-0300] {dagbag.py:532} INFO - Filling up the DagBag from /home/pepino/.virtualenvs/apache_airflow/lib/python3.10/site-packages/airflow/example_dags/example_params_ui_tutorial.py
[2023-04-17T09:01:06.034-0300] {processor.py:753} INFO - DAG(s) dict_keys(['example_params_ui_tutorial']) retrieved from /home/pepino/.virtualenvs/apache_airflow/lib/python3.10/site-packages/airflow/example_dags/example_params_ui_tutorial.py
[2023-04-17T09:01:06.063-0300] {logging_mixin.py:137} INFO - [2023-04-17T09:01:06.063-0300] {dag.py:2705} INFO - Sync 1 DAGs
[2023-04-17T09:01:06.075-0300] {logging_mixin.py:137} INFO - [2023-04-17T09:01:06.074-0300] {dag.py:3452} INFO - Setting next_dagrun for example_params_ui_tutorial to None, run_after=None
[2023-04-17T09:01:06.114-0300] {processor.py:175} INFO - Processing /home/pepino/.virtualenvs/apache_airflow/lib/python3.10/site-packages/airflow/example_dags/example_params_ui_tutorial.py took 0.122 seconds
[2023-04-17T09:01:51.610-0300] {processor.py:153} INFO - Started process (PID=81822) to work on /home/pepino/.virtualenvs/apache_airflow/lib/python3.10/site-packages/airflow/example_dags/example_params_ui_tutorial.py
[2023-04-17T09:01:51.619-0300] {processor.py:743} INFO - Processing file /home/pepino/.virtualenvs/apache_airflow/lib/python3.10/site-packages/airflow/example_dags/example_params_ui_tutorial.py for tasks to queue
[2023-04-17T09:01:51.620-0300] {logging_mixin.py:137} INFO - [2023-04-17T09:01:51.620-0300] {dagbag.py:532} INFO - Filling up the DagBag from /home/pepino/.virtualenvs/apache_airflow/lib/python3.10/site-packages/airflow/example_dags/example_params_ui_tutorial.py
[2023-04-17T09:01:51.652-0300] {processor.py:753} INFO - DAG(s) dict_keys(['example_params_ui_tutorial']) retrieved from /home/pepino/.virtualenvs/apache_airflow/lib/python3.10/site-packages/airflow/example_dags/example_params_ui_tutorial.py
[2023-04-17T09:01:51.680-0300] {logging_mixin.py:137} INFO - [2023-04-17T09:01:51.680-0300] {dag.py:2705} INFO - Sync 1 DAGs
[2023-04-17T09:01:51.689-0300] {logging_mixin.py:137} INFO - [2023-04-17T09:01:51.689-0300] {dag.py:3452} INFO - Setting next_dagrun for example_params_ui_tutorial to None, run_after=None
[2023-04-17T09:01:51.706-0300] {processor.py:175} INFO - Processing /home/pepino/.virtualenvs/apache_airflow/lib/python3.10/site-packages/airflow/example_dags/example_params_ui_tutorial.py took 0.101 seconds
[2023-04-17T09:02:36.061-0300] {processor.py:153} INFO - Started process (PID=81902) to work on /home/pepino/.virtualenvs/apache_airflow/lib/python3.10/site-packages/airflow/example_dags/example_params_ui_tutorial.py
[2023-04-17T09:02:36.069-0300] {processor.py:743} INFO - Processing file /home/pepino/.virtualenvs/apache_airflow/lib/python3.10/site-packages/airflow/example_dags/example_params_ui_tutorial.py for tasks to queue
[2023-04-17T09:02:36.070-0300] {logging_mixin.py:137} INFO - [2023-04-17T09:02:36.070-0300] {dagbag.py:532} INFO - Filling up the DagBag from /home/pepino/.virtualenvs/apache_airflow/lib/python3.10/site-packages/airflow/example_dags/example_params_ui_tutorial.py
[2023-04-17T09:02:36.103-0300] {processor.py:753} INFO - DAG(s) dict_keys(['example_params_ui_tutorial']) retrieved from /home/pepino/.virtualenvs/apache_airflow/lib/python3.10/site-packages/airflow/example_dags/example_params_ui_tutorial.py
[2023-04-17T09:02:36.129-0300] {logging_mixin.py:137} INFO - [2023-04-17T09:02:36.129-0300] {dag.py:2705} INFO - Sync 1 DAGs
[2023-04-17T09:02:36.138-0300] {logging_mixin.py:137} INFO - [2023-04-17T09:02:36.138-0300] {dag.py:3452} INFO - Setting next_dagrun for example_params_ui_tutorial to None, run_after=None
[2023-04-17T09:02:36.155-0300] {processor.py:175} INFO - Processing /home/pepino/.virtualenvs/apache_airflow/lib/python3.10/site-packages/airflow/example_dags/example_params_ui_tutorial.py took 0.096 seconds
[2023-04-17T09:03:19.158-0300] {processor.py:153} INFO - Started process (PID=81988) to work on /home/pepino/.virtualenvs/apache_airflow/lib/python3.10/site-packages/airflow/example_dags/example_params_ui_tutorial.py
[2023-04-17T09:03:19.166-0300] {processor.py:743} INFO - Processing file /home/pepino/.virtualenvs/apache_airflow/lib/python3.10/site-packages/airflow/example_dags/example_params_ui_tutorial.py for tasks to queue
[2023-04-17T09:03:19.167-0300] {logging_mixin.py:137} INFO - [2023-04-17T09:03:19.167-0300] {dagbag.py:532} INFO - Filling up the DagBag from /home/pepino/.virtualenvs/apache_airflow/lib/python3.10/site-packages/airflow/example_dags/example_params_ui_tutorial.py
[2023-04-17T09:03:19.200-0300] {processor.py:753} INFO - DAG(s) dict_keys(['example_params_ui_tutorial']) retrieved from /home/pepino/.virtualenvs/apache_airflow/lib/python3.10/site-packages/airflow/example_dags/example_params_ui_tutorial.py
[2023-04-17T09:03:19.225-0300] {logging_mixin.py:137} INFO - [2023-04-17T09:03:19.225-0300] {dag.py:2705} INFO - Sync 1 DAGs
[2023-04-17T09:03:19.233-0300] {logging_mixin.py:137} INFO - [2023-04-17T09:03:19.233-0300] {dag.py:3452} INFO - Setting next_dagrun for example_params_ui_tutorial to None, run_after=None
[2023-04-17T09:03:19.257-0300] {processor.py:175} INFO - Processing /home/pepino/.virtualenvs/apache_airflow/lib/python3.10/site-packages/airflow/example_dags/example_params_ui_tutorial.py took 0.104 seconds
[2023-04-17T09:04:05.056-0300] {processor.py:153} INFO - Started process (PID=82123) to work on /home/pepino/.virtualenvs/apache_airflow/lib/python3.10/site-packages/airflow/example_dags/example_params_ui_tutorial.py
[2023-04-17T09:04:05.064-0300] {processor.py:743} INFO - Processing file /home/pepino/.virtualenvs/apache_airflow/lib/python3.10/site-packages/airflow/example_dags/example_params_ui_tutorial.py for tasks to queue
[2023-04-17T09:04:05.065-0300] {logging_mixin.py:137} INFO - [2023-04-17T09:04:05.064-0300] {dagbag.py:532} INFO - Filling up the DagBag from /home/pepino/.virtualenvs/apache_airflow/lib/python3.10/site-packages/airflow/example_dags/example_params_ui_tutorial.py
[2023-04-17T09:04:05.093-0300] {processor.py:753} INFO - DAG(s) dict_keys(['example_params_ui_tutorial']) retrieved from /home/pepino/.virtualenvs/apache_airflow/lib/python3.10/site-packages/airflow/example_dags/example_params_ui_tutorial.py
[2023-04-17T09:04:05.121-0300] {logging_mixin.py:137} INFO - [2023-04-17T09:04:05.121-0300] {dag.py:2705} INFO - Sync 1 DAGs
[2023-04-17T09:04:05.131-0300] {logging_mixin.py:137} INFO - [2023-04-17T09:04:05.131-0300] {dag.py:3452} INFO - Setting next_dagrun for example_params_ui_tutorial to None, run_after=None
[2023-04-17T09:04:05.223-0300] {processor.py:175} INFO - Processing /home/pepino/.virtualenvs/apache_airflow/lib/python3.10/site-packages/airflow/example_dags/example_params_ui_tutorial.py took 0.169 seconds
[2023-04-17T09:04:45.767-0300] {processor.py:153} INFO - Started process (PID=82215) to work on /home/pepino/.virtualenvs/apache_airflow/lib/python3.10/site-packages/airflow/example_dags/example_params_ui_tutorial.py
[2023-04-17T09:04:45.775-0300] {processor.py:743} INFO - Processing file /home/pepino/.virtualenvs/apache_airflow/lib/python3.10/site-packages/airflow/example_dags/example_params_ui_tutorial.py for tasks to queue
[2023-04-17T09:04:45.776-0300] {logging_mixin.py:137} INFO - [2023-04-17T09:04:45.776-0300] {dagbag.py:532} INFO - Filling up the DagBag from /home/pepino/.virtualenvs/apache_airflow/lib/python3.10/site-packages/airflow/example_dags/example_params_ui_tutorial.py
[2023-04-17T09:04:45.810-0300] {processor.py:753} INFO - DAG(s) dict_keys(['example_params_ui_tutorial']) retrieved from /home/pepino/.virtualenvs/apache_airflow/lib/python3.10/site-packages/airflow/example_dags/example_params_ui_tutorial.py
[2023-04-17T09:04:45.836-0300] {logging_mixin.py:137} INFO - [2023-04-17T09:04:45.836-0300] {dag.py:2705} INFO - Sync 1 DAGs
[2023-04-17T09:04:45.904-0300] {logging_mixin.py:137} INFO - [2023-04-17T09:04:45.904-0300] {dag.py:3452} INFO - Setting next_dagrun for example_params_ui_tutorial to None, run_after=None
[2023-04-17T09:04:45.923-0300] {processor.py:175} INFO - Processing /home/pepino/.virtualenvs/apache_airflow/lib/python3.10/site-packages/airflow/example_dags/example_params_ui_tutorial.py took 0.158 seconds
[2023-04-17T09:05:28.568-0300] {processor.py:153} INFO - Started process (PID=82349) to work on /home/pepino/.virtualenvs/apache_airflow/lib/python3.10/site-packages/airflow/example_dags/example_params_ui_tutorial.py
[2023-04-17T09:05:28.569-0300] {processor.py:743} INFO - Processing file /home/pepino/.virtualenvs/apache_airflow/lib/python3.10/site-packages/airflow/example_dags/example_params_ui_tutorial.py for tasks to queue
[2023-04-17T09:05:28.569-0300] {logging_mixin.py:137} INFO - [2023-04-17T09:05:28.569-0300] {dagbag.py:532} INFO - Filling up the DagBag from /home/pepino/.virtualenvs/apache_airflow/lib/python3.10/site-packages/airflow/example_dags/example_params_ui_tutorial.py
[2023-04-17T09:05:28.595-0300] {processor.py:753} INFO - DAG(s) dict_keys(['example_params_ui_tutorial']) retrieved from /home/pepino/.virtualenvs/apache_airflow/lib/python3.10/site-packages/airflow/example_dags/example_params_ui_tutorial.py
[2023-04-17T09:05:28.624-0300] {logging_mixin.py:137} INFO - [2023-04-17T09:05:28.624-0300] {dag.py:2705} INFO - Sync 1 DAGs
[2023-04-17T09:05:28.696-0300] {logging_mixin.py:137} INFO - [2023-04-17T09:05:28.696-0300] {dag.py:3452} INFO - Setting next_dagrun for example_params_ui_tutorial to None, run_after=None
[2023-04-17T09:05:28.721-0300] {processor.py:175} INFO - Processing /home/pepino/.virtualenvs/apache_airflow/lib/python3.10/site-packages/airflow/example_dags/example_params_ui_tutorial.py took 0.158 seconds
[2023-04-17T09:06:23.539-0300] {processor.py:153} INFO - Started process (PID=82492) to work on /home/pepino/.virtualenvs/apache_airflow/lib/python3.10/site-packages/airflow/example_dags/example_params_ui_tutorial.py
[2023-04-17T09:06:23.548-0300] {processor.py:743} INFO - Processing file /home/pepino/.virtualenvs/apache_airflow/lib/python3.10/site-packages/airflow/example_dags/example_params_ui_tutorial.py for tasks to queue
[2023-04-17T09:06:23.549-0300] {logging_mixin.py:137} INFO - [2023-04-17T09:06:23.549-0300] {dagbag.py:532} INFO - Filling up the DagBag from /home/pepino/.virtualenvs/apache_airflow/lib/python3.10/site-packages/airflow/example_dags/example_params_ui_tutorial.py
[2023-04-17T09:06:23.582-0300] {processor.py:753} INFO - DAG(s) dict_keys(['example_params_ui_tutorial']) retrieved from /home/pepino/.virtualenvs/apache_airflow/lib/python3.10/site-packages/airflow/example_dags/example_params_ui_tutorial.py
[2023-04-17T09:06:23.673-0300] {logging_mixin.py:137} INFO - [2023-04-17T09:06:23.673-0300] {dag.py:2705} INFO - Sync 1 DAGs
[2023-04-17T09:06:23.682-0300] {logging_mixin.py:137} INFO - [2023-04-17T09:06:23.682-0300] {dag.py:3452} INFO - Setting next_dagrun for example_params_ui_tutorial to None, run_after=None
[2023-04-17T09:06:23.708-0300] {processor.py:175} INFO - Processing /home/pepino/.virtualenvs/apache_airflow/lib/python3.10/site-packages/airflow/example_dags/example_params_ui_tutorial.py took 0.174 seconds
[2023-04-17T09:07:19.039-0300] {processor.py:153} INFO - Started process (PID=82617) to work on /home/pepino/.virtualenvs/apache_airflow/lib/python3.10/site-packages/airflow/example_dags/example_params_ui_tutorial.py
[2023-04-17T09:07:19.048-0300] {processor.py:743} INFO - Processing file /home/pepino/.virtualenvs/apache_airflow/lib/python3.10/site-packages/airflow/example_dags/example_params_ui_tutorial.py for tasks to queue
[2023-04-17T09:07:19.049-0300] {logging_mixin.py:137} INFO - [2023-04-17T09:07:19.049-0300] {dagbag.py:532} INFO - Filling up the DagBag from /home/pepino/.virtualenvs/apache_airflow/lib/python3.10/site-packages/airflow/example_dags/example_params_ui_tutorial.py
[2023-04-17T09:07:19.081-0300] {processor.py:753} INFO - DAG(s) dict_keys(['example_params_ui_tutorial']) retrieved from /home/pepino/.virtualenvs/apache_airflow/lib/python3.10/site-packages/airflow/example_dags/example_params_ui_tutorial.py
[2023-04-17T09:07:19.171-0300] {logging_mixin.py:137} INFO - [2023-04-17T09:07:19.171-0300] {dag.py:2705} INFO - Sync 1 DAGs
[2023-04-17T09:07:19.180-0300] {logging_mixin.py:137} INFO - [2023-04-17T09:07:19.180-0300] {dag.py:3452} INFO - Setting next_dagrun for example_params_ui_tutorial to None, run_after=None
[2023-04-17T09:07:19.208-0300] {processor.py:175} INFO - Processing /home/pepino/.virtualenvs/apache_airflow/lib/python3.10/site-packages/airflow/example_dags/example_params_ui_tutorial.py took 0.173 seconds
[2023-04-17T09:08:11.924-0300] {processor.py:153} INFO - Started process (PID=82735) to work on /home/pepino/.virtualenvs/apache_airflow/lib/python3.10/site-packages/airflow/example_dags/example_params_ui_tutorial.py
[2023-04-17T09:08:11.932-0300] {processor.py:743} INFO - Processing file /home/pepino/.virtualenvs/apache_airflow/lib/python3.10/site-packages/airflow/example_dags/example_params_ui_tutorial.py for tasks to queue
[2023-04-17T09:08:11.933-0300] {logging_mixin.py:137} INFO - [2023-04-17T09:08:11.933-0300] {dagbag.py:532} INFO - Filling up the DagBag from /home/pepino/.virtualenvs/apache_airflow/lib/python3.10/site-packages/airflow/example_dags/example_params_ui_tutorial.py
[2023-04-17T09:08:12.033-0300] {processor.py:753} INFO - DAG(s) dict_keys(['example_params_ui_tutorial']) retrieved from /home/pepino/.virtualenvs/apache_airflow/lib/python3.10/site-packages/airflow/example_dags/example_params_ui_tutorial.py
[2023-04-17T09:08:12.061-0300] {logging_mixin.py:137} INFO - [2023-04-17T09:08:12.060-0300] {dag.py:2705} INFO - Sync 1 DAGs
[2023-04-17T09:08:12.073-0300] {logging_mixin.py:137} INFO - [2023-04-17T09:08:12.073-0300] {dag.py:3452} INFO - Setting next_dagrun for example_params_ui_tutorial to None, run_after=None
[2023-04-17T09:08:12.107-0300] {processor.py:175} INFO - Processing /home/pepino/.virtualenvs/apache_airflow/lib/python3.10/site-packages/airflow/example_dags/example_params_ui_tutorial.py took 0.185 seconds
