[2023-04-17T09:00:03.970-0300] {processor.py:153} INFO - Started process (PID=81472) to work on /home/pepino/.virtualenvs/apache_airflow/lib/python3.10/site-packages/airflow/example_dags/example_branch_day_of_week_operator.py
[2023-04-17T09:00:03.971-0300] {processor.py:743} INFO - Processing file /home/pepino/.virtualenvs/apache_airflow/lib/python3.10/site-packages/airflow/example_dags/example_branch_day_of_week_operator.py for tasks to queue
[2023-04-17T09:00:03.971-0300] {logging_mixin.py:137} INFO - [2023-04-17T09:00:03.971-0300] {dagbag.py:532} INFO - Filling up the DagBag from /home/pepino/.virtualenvs/apache_airflow/lib/python3.10/site-packages/airflow/example_dags/example_branch_day_of_week_operator.py
[2023-04-17T09:00:03.979-0300] {processor.py:753} INFO - DAG(s) dict_keys(['example_weekday_branch_operator']) retrieved from /home/pepino/.virtualenvs/apache_airflow/lib/python3.10/site-packages/airflow/example_dags/example_branch_day_of_week_operator.py
[2023-04-17T09:00:03.990-0300] {logging_mixin.py:137} INFO - [2023-04-17T09:00:03.990-0300] {dag.py:2705} INFO - Sync 1 DAGs
[2023-04-17T09:00:04.000-0300] {logging_mixin.py:137} INFO - [2023-04-17T09:00:04.000-0300] {dag.py:3452} INFO - Setting next_dagrun for example_weekday_branch_operator to 2023-04-16T00:00:00+00:00, run_after=2023-04-17T00:00:00+00:00
[2023-04-17T09:00:04.017-0300] {processor.py:175} INFO - Processing /home/pepino/.virtualenvs/apache_airflow/lib/python3.10/site-packages/airflow/example_dags/example_branch_day_of_week_operator.py took 0.050 seconds
[2023-04-17T09:00:47.549-0300] {processor.py:153} INFO - Started process (PID=81676) to work on /home/pepino/.virtualenvs/apache_airflow/lib/python3.10/site-packages/airflow/example_dags/example_branch_day_of_week_operator.py
[2023-04-17T09:00:47.550-0300] {processor.py:743} INFO - Processing file /home/pepino/.virtualenvs/apache_airflow/lib/python3.10/site-packages/airflow/example_dags/example_branch_day_of_week_operator.py for tasks to queue
[2023-04-17T09:00:47.551-0300] {logging_mixin.py:137} INFO - [2023-04-17T09:00:47.551-0300] {dagbag.py:532} INFO - Filling up the DagBag from /home/pepino/.virtualenvs/apache_airflow/lib/python3.10/site-packages/airflow/example_dags/example_branch_day_of_week_operator.py
[2023-04-17T09:00:47.563-0300] {processor.py:753} INFO - DAG(s) dict_keys(['example_weekday_branch_operator']) retrieved from /home/pepino/.virtualenvs/apache_airflow/lib/python3.10/site-packages/airflow/example_dags/example_branch_day_of_week_operator.py
[2023-04-17T09:00:47.572-0300] {logging_mixin.py:137} INFO - [2023-04-17T09:00:47.572-0300] {dag.py:2705} INFO - Sync 1 DAGs
[2023-04-17T09:00:47.582-0300] {logging_mixin.py:137} INFO - [2023-04-17T09:00:47.582-0300] {dag.py:3452} INFO - Setting next_dagrun for example_weekday_branch_operator to 2023-04-16T00:00:00+00:00, run_after=2023-04-17T00:00:00+00:00
[2023-04-17T09:00:47.600-0300] {processor.py:175} INFO - Processing /home/pepino/.virtualenvs/apache_airflow/lib/python3.10/site-packages/airflow/example_dags/example_branch_day_of_week_operator.py took 0.055 seconds
[2023-04-17T09:01:29.377-0300] {processor.py:153} INFO - Started process (PID=81763) to work on /home/pepino/.virtualenvs/apache_airflow/lib/python3.10/site-packages/airflow/example_dags/example_branch_day_of_week_operator.py
[2023-04-17T09:01:29.385-0300] {processor.py:743} INFO - Processing file /home/pepino/.virtualenvs/apache_airflow/lib/python3.10/site-packages/airflow/example_dags/example_branch_day_of_week_operator.py for tasks to queue
[2023-04-17T09:01:29.387-0300] {logging_mixin.py:137} INFO - [2023-04-17T09:01:29.386-0300] {dagbag.py:532} INFO - Filling up the DagBag from /home/pepino/.virtualenvs/apache_airflow/lib/python3.10/site-packages/airflow/example_dags/example_branch_day_of_week_operator.py
[2023-04-17T09:01:29.395-0300] {processor.py:753} INFO - DAG(s) dict_keys(['example_weekday_branch_operator']) retrieved from /home/pepino/.virtualenvs/apache_airflow/lib/python3.10/site-packages/airflow/example_dags/example_branch_day_of_week_operator.py
[2023-04-17T09:01:29.405-0300] {logging_mixin.py:137} INFO - [2023-04-17T09:01:29.405-0300] {dag.py:2705} INFO - Sync 1 DAGs
[2023-04-17T09:01:29.415-0300] {logging_mixin.py:137} INFO - [2023-04-17T09:01:29.415-0300] {dag.py:3452} INFO - Setting next_dagrun for example_weekday_branch_operator to 2023-04-16T00:00:00+00:00, run_after=2023-04-17T00:00:00+00:00
[2023-04-17T09:01:29.437-0300] {processor.py:175} INFO - Processing /home/pepino/.virtualenvs/apache_airflow/lib/python3.10/site-packages/airflow/example_dags/example_branch_day_of_week_operator.py took 0.062 seconds
[2023-04-17T09:02:14.646-0300] {processor.py:153} INFO - Started process (PID=81864) to work on /home/pepino/.virtualenvs/apache_airflow/lib/python3.10/site-packages/airflow/example_dags/example_branch_day_of_week_operator.py
[2023-04-17T09:02:14.655-0300] {processor.py:743} INFO - Processing file /home/pepino/.virtualenvs/apache_airflow/lib/python3.10/site-packages/airflow/example_dags/example_branch_day_of_week_operator.py for tasks to queue
[2023-04-17T09:02:14.656-0300] {logging_mixin.py:137} INFO - [2023-04-17T09:02:14.655-0300] {dagbag.py:532} INFO - Filling up the DagBag from /home/pepino/.virtualenvs/apache_airflow/lib/python3.10/site-packages/airflow/example_dags/example_branch_day_of_week_operator.py
[2023-04-17T09:02:14.672-0300] {processor.py:753} INFO - DAG(s) dict_keys(['example_weekday_branch_operator']) retrieved from /home/pepino/.virtualenvs/apache_airflow/lib/python3.10/site-packages/airflow/example_dags/example_branch_day_of_week_operator.py
[2023-04-17T09:02:14.682-0300] {logging_mixin.py:137} INFO - [2023-04-17T09:02:14.682-0300] {dag.py:2705} INFO - Sync 1 DAGs
[2023-04-17T09:02:14.692-0300] {logging_mixin.py:137} INFO - [2023-04-17T09:02:14.692-0300] {dag.py:3452} INFO - Setting next_dagrun for example_weekday_branch_operator to 2023-04-16T00:00:00+00:00, run_after=2023-04-17T00:00:00+00:00
[2023-04-17T09:02:14.710-0300] {processor.py:175} INFO - Processing /home/pepino/.virtualenvs/apache_airflow/lib/python3.10/site-packages/airflow/example_dags/example_branch_day_of_week_operator.py took 0.067 seconds
[2023-04-17T09:02:55.218-0300] {processor.py:153} INFO - Started process (PID=81942) to work on /home/pepino/.virtualenvs/apache_airflow/lib/python3.10/site-packages/airflow/example_dags/example_branch_day_of_week_operator.py
[2023-04-17T09:02:55.227-0300] {processor.py:743} INFO - Processing file /home/pepino/.virtualenvs/apache_airflow/lib/python3.10/site-packages/airflow/example_dags/example_branch_day_of_week_operator.py for tasks to queue
[2023-04-17T09:02:55.228-0300] {logging_mixin.py:137} INFO - [2023-04-17T09:02:55.227-0300] {dagbag.py:532} INFO - Filling up the DagBag from /home/pepino/.virtualenvs/apache_airflow/lib/python3.10/site-packages/airflow/example_dags/example_branch_day_of_week_operator.py
[2023-04-17T09:02:55.244-0300] {processor.py:753} INFO - DAG(s) dict_keys(['example_weekday_branch_operator']) retrieved from /home/pepino/.virtualenvs/apache_airflow/lib/python3.10/site-packages/airflow/example_dags/example_branch_day_of_week_operator.py
[2023-04-17T09:02:55.254-0300] {logging_mixin.py:137} INFO - [2023-04-17T09:02:55.254-0300] {dag.py:2705} INFO - Sync 1 DAGs
[2023-04-17T09:02:55.264-0300] {logging_mixin.py:137} INFO - [2023-04-17T09:02:55.263-0300] {dag.py:3452} INFO - Setting next_dagrun for example_weekday_branch_operator to 2023-04-16T00:00:00+00:00, run_after=2023-04-17T00:00:00+00:00
[2023-04-17T09:02:55.281-0300] {processor.py:175} INFO - Processing /home/pepino/.virtualenvs/apache_airflow/lib/python3.10/site-packages/airflow/example_dags/example_branch_day_of_week_operator.py took 0.066 seconds
[2023-04-17T09:03:39.774-0300] {processor.py:153} INFO - Started process (PID=82065) to work on /home/pepino/.virtualenvs/apache_airflow/lib/python3.10/site-packages/airflow/example_dags/example_branch_day_of_week_operator.py
[2023-04-17T09:03:39.774-0300] {processor.py:743} INFO - Processing file /home/pepino/.virtualenvs/apache_airflow/lib/python3.10/site-packages/airflow/example_dags/example_branch_day_of_week_operator.py for tasks to queue
[2023-04-17T09:03:39.775-0300] {logging_mixin.py:137} INFO - [2023-04-17T09:03:39.775-0300] {dagbag.py:532} INFO - Filling up the DagBag from /home/pepino/.virtualenvs/apache_airflow/lib/python3.10/site-packages/airflow/example_dags/example_branch_day_of_week_operator.py
[2023-04-17T09:03:39.790-0300] {processor.py:753} INFO - DAG(s) dict_keys(['example_weekday_branch_operator']) retrieved from /home/pepino/.virtualenvs/apache_airflow/lib/python3.10/site-packages/airflow/example_dags/example_branch_day_of_week_operator.py
[2023-04-17T09:03:39.801-0300] {logging_mixin.py:137} INFO - [2023-04-17T09:03:39.801-0300] {dag.py:2705} INFO - Sync 1 DAGs
[2023-04-17T09:03:39.818-0300] {logging_mixin.py:137} INFO - [2023-04-17T09:03:39.818-0300] {dag.py:3452} INFO - Setting next_dagrun for example_weekday_branch_operator to 2023-04-16T00:00:00+00:00, run_after=2023-04-17T00:00:00+00:00
[2023-04-17T09:03:39.841-0300] {processor.py:175} INFO - Processing /home/pepino/.virtualenvs/apache_airflow/lib/python3.10/site-packages/airflow/example_dags/example_branch_day_of_week_operator.py took 0.070 seconds
[2023-04-17T09:04:23.597-0300] {processor.py:153} INFO - Started process (PID=82167) to work on /home/pepino/.virtualenvs/apache_airflow/lib/python3.10/site-packages/airflow/example_dags/example_branch_day_of_week_operator.py
[2023-04-17T09:04:23.598-0300] {processor.py:743} INFO - Processing file /home/pepino/.virtualenvs/apache_airflow/lib/python3.10/site-packages/airflow/example_dags/example_branch_day_of_week_operator.py for tasks to queue
[2023-04-17T09:04:23.599-0300] {logging_mixin.py:137} INFO - [2023-04-17T09:04:23.599-0300] {dagbag.py:532} INFO - Filling up the DagBag from /home/pepino/.virtualenvs/apache_airflow/lib/python3.10/site-packages/airflow/example_dags/example_branch_day_of_week_operator.py
[2023-04-17T09:04:23.613-0300] {processor.py:753} INFO - DAG(s) dict_keys(['example_weekday_branch_operator']) retrieved from /home/pepino/.virtualenvs/apache_airflow/lib/python3.10/site-packages/airflow/example_dags/example_branch_day_of_week_operator.py
[2023-04-17T09:04:23.623-0300] {logging_mixin.py:137} INFO - [2023-04-17T09:04:23.623-0300] {dag.py:2705} INFO - Sync 1 DAGs
[2023-04-17T09:04:23.633-0300] {logging_mixin.py:137} INFO - [2023-04-17T09:04:23.633-0300] {dag.py:3452} INFO - Setting next_dagrun for example_weekday_branch_operator to 2023-04-16T00:00:00+00:00, run_after=2023-04-17T00:00:00+00:00
[2023-04-17T09:04:23.650-0300] {processor.py:175} INFO - Processing /home/pepino/.virtualenvs/apache_airflow/lib/python3.10/site-packages/airflow/example_dags/example_branch_day_of_week_operator.py took 0.057 seconds
[2023-04-17T09:05:06.186-0300] {processor.py:153} INFO - Started process (PID=82302) to work on /home/pepino/.virtualenvs/apache_airflow/lib/python3.10/site-packages/airflow/example_dags/example_branch_day_of_week_operator.py
[2023-04-17T09:05:06.187-0300] {processor.py:743} INFO - Processing file /home/pepino/.virtualenvs/apache_airflow/lib/python3.10/site-packages/airflow/example_dags/example_branch_day_of_week_operator.py for tasks to queue
[2023-04-17T09:05:06.188-0300] {logging_mixin.py:137} INFO - [2023-04-17T09:05:06.188-0300] {dagbag.py:532} INFO - Filling up the DagBag from /home/pepino/.virtualenvs/apache_airflow/lib/python3.10/site-packages/airflow/example_dags/example_branch_day_of_week_operator.py
[2023-04-17T09:05:06.201-0300] {processor.py:753} INFO - DAG(s) dict_keys(['example_weekday_branch_operator']) retrieved from /home/pepino/.virtualenvs/apache_airflow/lib/python3.10/site-packages/airflow/example_dags/example_branch_day_of_week_operator.py
[2023-04-17T09:05:06.210-0300] {logging_mixin.py:137} INFO - [2023-04-17T09:05:06.210-0300] {dag.py:2705} INFO - Sync 1 DAGs
[2023-04-17T09:05:06.221-0300] {logging_mixin.py:137} INFO - [2023-04-17T09:05:06.221-0300] {dag.py:3452} INFO - Setting next_dagrun for example_weekday_branch_operator to 2023-04-16T00:00:00+00:00, run_after=2023-04-17T00:00:00+00:00
[2023-04-17T09:05:06.240-0300] {processor.py:175} INFO - Processing /home/pepino/.virtualenvs/apache_airflow/lib/python3.10/site-packages/airflow/example_dags/example_branch_day_of_week_operator.py took 0.057 seconds
[2023-04-17T09:05:49.470-0300] {processor.py:153} INFO - Started process (PID=82394) to work on /home/pepino/.virtualenvs/apache_airflow/lib/python3.10/site-packages/airflow/example_dags/example_branch_day_of_week_operator.py
[2023-04-17T09:05:49.478-0300] {processor.py:743} INFO - Processing file /home/pepino/.virtualenvs/apache_airflow/lib/python3.10/site-packages/airflow/example_dags/example_branch_day_of_week_operator.py for tasks to queue
[2023-04-17T09:05:49.479-0300] {logging_mixin.py:137} INFO - [2023-04-17T09:05:49.478-0300] {dagbag.py:532} INFO - Filling up the DagBag from /home/pepino/.virtualenvs/apache_airflow/lib/python3.10/site-packages/airflow/example_dags/example_branch_day_of_week_operator.py
[2023-04-17T09:05:49.495-0300] {processor.py:753} INFO - DAG(s) dict_keys(['example_weekday_branch_operator']) retrieved from /home/pepino/.virtualenvs/apache_airflow/lib/python3.10/site-packages/airflow/example_dags/example_branch_day_of_week_operator.py
[2023-04-17T09:05:49.505-0300] {logging_mixin.py:137} INFO - [2023-04-17T09:05:49.504-0300] {dag.py:2705} INFO - Sync 1 DAGs
[2023-04-17T09:05:49.514-0300] {logging_mixin.py:137} INFO - [2023-04-17T09:05:49.514-0300] {dag.py:3452} INFO - Setting next_dagrun for example_weekday_branch_operator to 2023-04-16T00:00:00+00:00, run_after=2023-04-17T00:00:00+00:00
[2023-04-17T09:05:49.549-0300] {processor.py:175} INFO - Processing /home/pepino/.virtualenvs/apache_airflow/lib/python3.10/site-packages/airflow/example_dags/example_branch_day_of_week_operator.py took 0.081 seconds
[2023-04-17T09:06:35.332-0300] {processor.py:153} INFO - Started process (PID=82511) to work on /home/pepino/.virtualenvs/apache_airflow/lib/python3.10/site-packages/airflow/example_dags/example_branch_day_of_week_operator.py
[2023-04-17T09:06:35.341-0300] {processor.py:743} INFO - Processing file /home/pepino/.virtualenvs/apache_airflow/lib/python3.10/site-packages/airflow/example_dags/example_branch_day_of_week_operator.py for tasks to queue
[2023-04-17T09:06:35.342-0300] {logging_mixin.py:137} INFO - [2023-04-17T09:06:35.342-0300] {dagbag.py:532} INFO - Filling up the DagBag from /home/pepino/.virtualenvs/apache_airflow/lib/python3.10/site-packages/airflow/example_dags/example_branch_day_of_week_operator.py
[2023-04-17T09:06:35.358-0300] {processor.py:753} INFO - DAG(s) dict_keys(['example_weekday_branch_operator']) retrieved from /home/pepino/.virtualenvs/apache_airflow/lib/python3.10/site-packages/airflow/example_dags/example_branch_day_of_week_operator.py
[2023-04-17T09:06:35.368-0300] {logging_mixin.py:137} INFO - [2023-04-17T09:06:35.367-0300] {dag.py:2705} INFO - Sync 1 DAGs
[2023-04-17T09:06:35.378-0300] {logging_mixin.py:137} INFO - [2023-04-17T09:06:35.378-0300] {dag.py:3452} INFO - Setting next_dagrun for example_weekday_branch_operator to 2023-04-16T00:00:00+00:00, run_after=2023-04-17T00:00:00+00:00
[2023-04-17T09:06:35.471-0300] {processor.py:175} INFO - Processing /home/pepino/.virtualenvs/apache_airflow/lib/python3.10/site-packages/airflow/example_dags/example_branch_day_of_week_operator.py took 0.143 seconds
[2023-04-17T09:07:14.241-0300] {processor.py:153} INFO - Started process (PID=82606) to work on /home/pepino/.virtualenvs/apache_airflow/lib/python3.10/site-packages/airflow/example_dags/example_branch_day_of_week_operator.py
[2023-04-17T09:07:14.250-0300] {processor.py:743} INFO - Processing file /home/pepino/.virtualenvs/apache_airflow/lib/python3.10/site-packages/airflow/example_dags/example_branch_day_of_week_operator.py for tasks to queue
[2023-04-17T09:07:14.251-0300] {logging_mixin.py:137} INFO - [2023-04-17T09:07:14.251-0300] {dagbag.py:532} INFO - Filling up the DagBag from /home/pepino/.virtualenvs/apache_airflow/lib/python3.10/site-packages/airflow/example_dags/example_branch_day_of_week_operator.py
[2023-04-17T09:07:14.265-0300] {processor.py:753} INFO - DAG(s) dict_keys(['example_weekday_branch_operator']) retrieved from /home/pepino/.virtualenvs/apache_airflow/lib/python3.10/site-packages/airflow/example_dags/example_branch_day_of_week_operator.py
[2023-04-17T09:07:14.276-0300] {logging_mixin.py:137} INFO - [2023-04-17T09:07:14.276-0300] {dag.py:2705} INFO - Sync 1 DAGs
[2023-04-17T09:07:14.357-0300] {logging_mixin.py:137} INFO - [2023-04-17T09:07:14.356-0300] {dag.py:3452} INFO - Setting next_dagrun for example_weekday_branch_operator to 2023-04-16T00:00:00+00:00, run_after=2023-04-17T00:00:00+00:00
[2023-04-17T09:07:14.385-0300] {processor.py:175} INFO - Processing /home/pepino/.virtualenvs/apache_airflow/lib/python3.10/site-packages/airflow/example_dags/example_branch_day_of_week_operator.py took 0.147 seconds
[2023-04-17T09:08:05.376-0300] {processor.py:153} INFO - Started process (PID=82718) to work on /home/pepino/.virtualenvs/apache_airflow/lib/python3.10/site-packages/airflow/example_dags/example_branch_day_of_week_operator.py
[2023-04-17T09:08:05.385-0300] {processor.py:743} INFO - Processing file /home/pepino/.virtualenvs/apache_airflow/lib/python3.10/site-packages/airflow/example_dags/example_branch_day_of_week_operator.py for tasks to queue
[2023-04-17T09:08:05.386-0300] {logging_mixin.py:137} INFO - [2023-04-17T09:08:05.386-0300] {dagbag.py:532} INFO - Filling up the DagBag from /home/pepino/.virtualenvs/apache_airflow/lib/python3.10/site-packages/airflow/example_dags/example_branch_day_of_week_operator.py
[2023-04-17T09:08:05.401-0300] {processor.py:753} INFO - DAG(s) dict_keys(['example_weekday_branch_operator']) retrieved from /home/pepino/.virtualenvs/apache_airflow/lib/python3.10/site-packages/airflow/example_dags/example_branch_day_of_week_operator.py
[2023-04-17T09:08:05.412-0300] {logging_mixin.py:137} INFO - [2023-04-17T09:08:05.412-0300] {dag.py:2705} INFO - Sync 1 DAGs
[2023-04-17T09:08:05.490-0300] {logging_mixin.py:137} INFO - [2023-04-17T09:08:05.490-0300] {dag.py:3452} INFO - Setting next_dagrun for example_weekday_branch_operator to 2023-04-16T00:00:00+00:00, run_after=2023-04-17T00:00:00+00:00
[2023-04-17T09:08:05.535-0300] {processor.py:175} INFO - Processing /home/pepino/.virtualenvs/apache_airflow/lib/python3.10/site-packages/airflow/example_dags/example_branch_day_of_week_operator.py took 0.163 seconds
