[2023-04-17T09:00:06.833-0300] {processor.py:153} INFO - Started process (PID=81482) to work on /home/pepino/.virtualenvs/apache_airflow/lib/python3.10/site-packages/airflow/example_dags/example_datasets.py
[2023-04-17T09:00:06.834-0300] {processor.py:743} INFO - Processing file /home/pepino/.virtualenvs/apache_airflow/lib/python3.10/site-packages/airflow/example_dags/example_datasets.py for tasks to queue
[2023-04-17T09:00:06.834-0300] {logging_mixin.py:137} INFO - [2023-04-17T09:00:06.834-0300] {dagbag.py:532} INFO - Filling up the DagBag from /home/pepino/.virtualenvs/apache_airflow/lib/python3.10/site-packages/airflow/example_dags/example_datasets.py
[2023-04-17T09:00:06.848-0300] {processor.py:753} INFO - DAG(s) dict_keys(['dataset_produces_1', 'dataset_consumes_1', 'dataset_consumes_1_never_scheduled', 'dataset_produces_2', 'dataset_consumes_unknown_never_scheduled', 'dataset_consumes_1_and_2']) retrieved from /home/pepino/.virtualenvs/apache_airflow/lib/python3.10/site-packages/airflow/example_dags/example_datasets.py
[2023-04-17T09:00:06.880-0300] {logging_mixin.py:137} INFO - [2023-04-17T09:00:06.880-0300] {dag.py:2705} INFO - Sync 6 DAGs
[2023-04-17T09:00:06.890-0300] {logging_mixin.py:137} INFO - [2023-04-17T09:00:06.889-0300] {dag.py:3452} INFO - Setting next_dagrun for dataset_consumes_1 to None, run_after=None
[2023-04-17T09:00:06.891-0300] {logging_mixin.py:137} INFO - [2023-04-17T09:00:06.891-0300] {dag.py:3452} INFO - Setting next_dagrun for dataset_consumes_1_and_2 to None, run_after=None
[2023-04-17T09:00:06.891-0300] {logging_mixin.py:137} INFO - [2023-04-17T09:00:06.891-0300] {dag.py:3452} INFO - Setting next_dagrun for dataset_consumes_1_never_scheduled to None, run_after=None
[2023-04-17T09:00:06.892-0300] {logging_mixin.py:137} INFO - [2023-04-17T09:00:06.892-0300] {dag.py:3452} INFO - Setting next_dagrun for dataset_consumes_unknown_never_scheduled to None, run_after=None
[2023-04-17T09:00:06.893-0300] {logging_mixin.py:137} INFO - [2023-04-17T09:00:06.893-0300] {dag.py:3452} INFO - Setting next_dagrun for dataset_produces_1 to 2023-04-16T00:00:00+00:00, run_after=2023-04-17T00:00:00+00:00
[2023-04-17T09:00:06.893-0300] {logging_mixin.py:137} INFO - [2023-04-17T09:00:06.893-0300] {dag.py:3452} INFO - Setting next_dagrun for dataset_produces_2 to None, run_after=None
[2023-04-17T09:00:06.915-0300] {processor.py:175} INFO - Processing /home/pepino/.virtualenvs/apache_airflow/lib/python3.10/site-packages/airflow/example_dags/example_datasets.py took 0.086 seconds
[2023-04-17T09:00:51.460-0300] {processor.py:153} INFO - Started process (PID=81686) to work on /home/pepino/.virtualenvs/apache_airflow/lib/python3.10/site-packages/airflow/example_dags/example_datasets.py
[2023-04-17T09:00:51.470-0300] {processor.py:743} INFO - Processing file /home/pepino/.virtualenvs/apache_airflow/lib/python3.10/site-packages/airflow/example_dags/example_datasets.py for tasks to queue
[2023-04-17T09:00:51.471-0300] {logging_mixin.py:137} INFO - [2023-04-17T09:00:51.470-0300] {dagbag.py:532} INFO - Filling up the DagBag from /home/pepino/.virtualenvs/apache_airflow/lib/python3.10/site-packages/airflow/example_dags/example_datasets.py
[2023-04-17T09:00:51.487-0300] {processor.py:753} INFO - DAG(s) dict_keys(['dataset_consumes_1_never_scheduled', 'dataset_consumes_1_and_2', 'dataset_produces_1', 'dataset_consumes_unknown_never_scheduled', 'dataset_produces_2', 'dataset_consumes_1']) retrieved from /home/pepino/.virtualenvs/apache_airflow/lib/python3.10/site-packages/airflow/example_dags/example_datasets.py
[2023-04-17T09:00:51.502-0300] {logging_mixin.py:137} INFO - [2023-04-17T09:00:51.502-0300] {dag.py:2705} INFO - Sync 6 DAGs
[2023-04-17T09:00:51.512-0300] {logging_mixin.py:137} INFO - [2023-04-17T09:00:51.512-0300] {dag.py:3452} INFO - Setting next_dagrun for dataset_consumes_1 to None, run_after=None
[2023-04-17T09:00:51.513-0300] {logging_mixin.py:137} INFO - [2023-04-17T09:00:51.513-0300] {dag.py:3452} INFO - Setting next_dagrun for dataset_consumes_1_and_2 to None, run_after=None
[2023-04-17T09:00:51.513-0300] {logging_mixin.py:137} INFO - [2023-04-17T09:00:51.513-0300] {dag.py:3452} INFO - Setting next_dagrun for dataset_consumes_1_never_scheduled to None, run_after=None
[2023-04-17T09:00:51.514-0300] {logging_mixin.py:137} INFO - [2023-04-17T09:00:51.514-0300] {dag.py:3452} INFO - Setting next_dagrun for dataset_consumes_unknown_never_scheduled to None, run_after=None
[2023-04-17T09:00:51.515-0300] {logging_mixin.py:137} INFO - [2023-04-17T09:00:51.515-0300] {dag.py:3452} INFO - Setting next_dagrun for dataset_produces_1 to 2023-04-16T00:00:00+00:00, run_after=2023-04-17T00:00:00+00:00
[2023-04-17T09:00:51.515-0300] {logging_mixin.py:137} INFO - [2023-04-17T09:00:51.515-0300] {dag.py:3452} INFO - Setting next_dagrun for dataset_produces_2 to None, run_after=None
[2023-04-17T09:00:51.537-0300] {processor.py:175} INFO - Processing /home/pepino/.virtualenvs/apache_airflow/lib/python3.10/site-packages/airflow/example_dags/example_datasets.py took 0.079 seconds
[2023-04-17T09:01:35.725-0300] {processor.py:153} INFO - Started process (PID=81773) to work on /home/pepino/.virtualenvs/apache_airflow/lib/python3.10/site-packages/airflow/example_dags/example_datasets.py
[2023-04-17T09:01:35.734-0300] {processor.py:743} INFO - Processing file /home/pepino/.virtualenvs/apache_airflow/lib/python3.10/site-packages/airflow/example_dags/example_datasets.py for tasks to queue
[2023-04-17T09:01:35.735-0300] {logging_mixin.py:137} INFO - [2023-04-17T09:01:35.734-0300] {dagbag.py:532} INFO - Filling up the DagBag from /home/pepino/.virtualenvs/apache_airflow/lib/python3.10/site-packages/airflow/example_dags/example_datasets.py
[2023-04-17T09:01:35.752-0300] {processor.py:753} INFO - DAG(s) dict_keys(['dataset_produces_1', 'dataset_consumes_1', 'dataset_consumes_1_never_scheduled', 'dataset_produces_2', 'dataset_consumes_1_and_2', 'dataset_consumes_unknown_never_scheduled']) retrieved from /home/pepino/.virtualenvs/apache_airflow/lib/python3.10/site-packages/airflow/example_dags/example_datasets.py
[2023-04-17T09:01:35.767-0300] {logging_mixin.py:137} INFO - [2023-04-17T09:01:35.767-0300] {dag.py:2705} INFO - Sync 6 DAGs
[2023-04-17T09:01:35.776-0300] {logging_mixin.py:137} INFO - [2023-04-17T09:01:35.776-0300] {dag.py:3452} INFO - Setting next_dagrun for dataset_consumes_1 to None, run_after=None
[2023-04-17T09:01:35.778-0300] {logging_mixin.py:137} INFO - [2023-04-17T09:01:35.778-0300] {dag.py:3452} INFO - Setting next_dagrun for dataset_consumes_1_and_2 to None, run_after=None
[2023-04-17T09:01:35.779-0300] {logging_mixin.py:137} INFO - [2023-04-17T09:01:35.779-0300] {dag.py:3452} INFO - Setting next_dagrun for dataset_consumes_1_never_scheduled to None, run_after=None
[2023-04-17T09:01:35.779-0300] {logging_mixin.py:137} INFO - [2023-04-17T09:01:35.779-0300] {dag.py:3452} INFO - Setting next_dagrun for dataset_consumes_unknown_never_scheduled to None, run_after=None
[2023-04-17T09:01:35.780-0300] {logging_mixin.py:137} INFO - [2023-04-17T09:01:35.780-0300] {dag.py:3452} INFO - Setting next_dagrun for dataset_produces_1 to 2023-04-16T00:00:00+00:00, run_after=2023-04-17T00:00:00+00:00
[2023-04-17T09:01:35.781-0300] {logging_mixin.py:137} INFO - [2023-04-17T09:01:35.781-0300] {dag.py:3452} INFO - Setting next_dagrun for dataset_produces_2 to None, run_after=None
[2023-04-17T09:01:35.804-0300] {processor.py:175} INFO - Processing /home/pepino/.virtualenvs/apache_airflow/lib/python3.10/site-packages/airflow/example_dags/example_datasets.py took 0.081 seconds
[2023-04-17T09:02:20.620-0300] {processor.py:153} INFO - Started process (PID=81871) to work on /home/pepino/.virtualenvs/apache_airflow/lib/python3.10/site-packages/airflow/example_dags/example_datasets.py
[2023-04-17T09:02:20.629-0300] {processor.py:743} INFO - Processing file /home/pepino/.virtualenvs/apache_airflow/lib/python3.10/site-packages/airflow/example_dags/example_datasets.py for tasks to queue
[2023-04-17T09:02:20.630-0300] {logging_mixin.py:137} INFO - [2023-04-17T09:02:20.629-0300] {dagbag.py:532} INFO - Filling up the DagBag from /home/pepino/.virtualenvs/apache_airflow/lib/python3.10/site-packages/airflow/example_dags/example_datasets.py
[2023-04-17T09:02:20.646-0300] {processor.py:753} INFO - DAG(s) dict_keys(['dataset_consumes_1_and_2', 'dataset_consumes_1_never_scheduled', 'dataset_produces_1', 'dataset_consumes_1', 'dataset_consumes_unknown_never_scheduled', 'dataset_produces_2']) retrieved from /home/pepino/.virtualenvs/apache_airflow/lib/python3.10/site-packages/airflow/example_dags/example_datasets.py
[2023-04-17T09:02:20.661-0300] {logging_mixin.py:137} INFO - [2023-04-17T09:02:20.661-0300] {dag.py:2705} INFO - Sync 6 DAGs
[2023-04-17T09:02:20.671-0300] {logging_mixin.py:137} INFO - [2023-04-17T09:02:20.671-0300] {dag.py:3452} INFO - Setting next_dagrun for dataset_consumes_1 to None, run_after=None
[2023-04-17T09:02:20.672-0300] {logging_mixin.py:137} INFO - [2023-04-17T09:02:20.672-0300] {dag.py:3452} INFO - Setting next_dagrun for dataset_consumes_1_and_2 to None, run_after=None
[2023-04-17T09:02:20.673-0300] {logging_mixin.py:137} INFO - [2023-04-17T09:02:20.673-0300] {dag.py:3452} INFO - Setting next_dagrun for dataset_consumes_1_never_scheduled to None, run_after=None
[2023-04-17T09:02:20.673-0300] {logging_mixin.py:137} INFO - [2023-04-17T09:02:20.673-0300] {dag.py:3452} INFO - Setting next_dagrun for dataset_consumes_unknown_never_scheduled to None, run_after=None
[2023-04-17T09:02:20.674-0300] {logging_mixin.py:137} INFO - [2023-04-17T09:02:20.674-0300] {dag.py:3452} INFO - Setting next_dagrun for dataset_produces_1 to 2023-04-16T00:00:00+00:00, run_after=2023-04-17T00:00:00+00:00
[2023-04-17T09:02:20.674-0300] {logging_mixin.py:137} INFO - [2023-04-17T09:02:20.674-0300] {dag.py:3452} INFO - Setting next_dagrun for dataset_produces_2 to None, run_after=None
[2023-04-17T09:02:20.696-0300] {processor.py:175} INFO - Processing /home/pepino/.virtualenvs/apache_airflow/lib/python3.10/site-packages/airflow/example_dags/example_datasets.py took 0.081 seconds
[2023-04-17T09:03:01.963-0300] {processor.py:153} INFO - Started process (PID=81949) to work on /home/pepino/.virtualenvs/apache_airflow/lib/python3.10/site-packages/airflow/example_dags/example_datasets.py
[2023-04-17T09:03:01.972-0300] {processor.py:743} INFO - Processing file /home/pepino/.virtualenvs/apache_airflow/lib/python3.10/site-packages/airflow/example_dags/example_datasets.py for tasks to queue
[2023-04-17T09:03:01.972-0300] {logging_mixin.py:137} INFO - [2023-04-17T09:03:01.972-0300] {dagbag.py:532} INFO - Filling up the DagBag from /home/pepino/.virtualenvs/apache_airflow/lib/python3.10/site-packages/airflow/example_dags/example_datasets.py
[2023-04-17T09:03:01.990-0300] {processor.py:753} INFO - DAG(s) dict_keys(['dataset_produces_1', 'dataset_produces_2', 'dataset_consumes_unknown_never_scheduled', 'dataset_consumes_1', 'dataset_consumes_1_never_scheduled', 'dataset_consumes_1_and_2']) retrieved from /home/pepino/.virtualenvs/apache_airflow/lib/python3.10/site-packages/airflow/example_dags/example_datasets.py
[2023-04-17T09:03:02.004-0300] {logging_mixin.py:137} INFO - [2023-04-17T09:03:02.004-0300] {dag.py:2705} INFO - Sync 6 DAGs
[2023-04-17T09:03:02.014-0300] {logging_mixin.py:137} INFO - [2023-04-17T09:03:02.014-0300] {dag.py:3452} INFO - Setting next_dagrun for dataset_consumes_1 to None, run_after=None
[2023-04-17T09:03:02.015-0300] {logging_mixin.py:137} INFO - [2023-04-17T09:03:02.015-0300] {dag.py:3452} INFO - Setting next_dagrun for dataset_consumes_1_and_2 to None, run_after=None
[2023-04-17T09:03:02.016-0300] {logging_mixin.py:137} INFO - [2023-04-17T09:03:02.016-0300] {dag.py:3452} INFO - Setting next_dagrun for dataset_consumes_1_never_scheduled to None, run_after=None
[2023-04-17T09:03:02.016-0300] {logging_mixin.py:137} INFO - [2023-04-17T09:03:02.016-0300] {dag.py:3452} INFO - Setting next_dagrun for dataset_consumes_unknown_never_scheduled to None, run_after=None
[2023-04-17T09:03:02.017-0300] {logging_mixin.py:137} INFO - [2023-04-17T09:03:02.017-0300] {dag.py:3452} INFO - Setting next_dagrun for dataset_produces_1 to 2023-04-16T00:00:00+00:00, run_after=2023-04-17T00:00:00+00:00
[2023-04-17T09:03:02.017-0300] {logging_mixin.py:137} INFO - [2023-04-17T09:03:02.017-0300] {dag.py:3452} INFO - Setting next_dagrun for dataset_produces_2 to None, run_after=None
[2023-04-17T09:03:02.038-0300] {processor.py:175} INFO - Processing /home/pepino/.virtualenvs/apache_airflow/lib/python3.10/site-packages/airflow/example_dags/example_datasets.py took 0.077 seconds
[2023-04-17T09:03:47.056-0300] {processor.py:153} INFO - Started process (PID=82074) to work on /home/pepino/.virtualenvs/apache_airflow/lib/python3.10/site-packages/airflow/example_dags/example_datasets.py
[2023-04-17T09:03:47.058-0300] {processor.py:743} INFO - Processing file /home/pepino/.virtualenvs/apache_airflow/lib/python3.10/site-packages/airflow/example_dags/example_datasets.py for tasks to queue
[2023-04-17T09:03:47.059-0300] {logging_mixin.py:137} INFO - [2023-04-17T09:03:47.059-0300] {dagbag.py:532} INFO - Filling up the DagBag from /home/pepino/.virtualenvs/apache_airflow/lib/python3.10/site-packages/airflow/example_dags/example_datasets.py
[2023-04-17T09:03:47.071-0300] {processor.py:753} INFO - DAG(s) dict_keys(['dataset_consumes_1_and_2', 'dataset_consumes_1', 'dataset_consumes_1_never_scheduled', 'dataset_consumes_unknown_never_scheduled', 'dataset_produces_1', 'dataset_produces_2']) retrieved from /home/pepino/.virtualenvs/apache_airflow/lib/python3.10/site-packages/airflow/example_dags/example_datasets.py
[2023-04-17T09:03:47.088-0300] {logging_mixin.py:137} INFO - [2023-04-17T09:03:47.087-0300] {dag.py:2705} INFO - Sync 6 DAGs
[2023-04-17T09:03:47.098-0300] {logging_mixin.py:137} INFO - [2023-04-17T09:03:47.098-0300] {dag.py:3452} INFO - Setting next_dagrun for dataset_consumes_1 to None, run_after=None
[2023-04-17T09:03:47.100-0300] {logging_mixin.py:137} INFO - [2023-04-17T09:03:47.100-0300] {dag.py:3452} INFO - Setting next_dagrun for dataset_consumes_1_and_2 to None, run_after=None
[2023-04-17T09:03:47.100-0300] {logging_mixin.py:137} INFO - [2023-04-17T09:03:47.100-0300] {dag.py:3452} INFO - Setting next_dagrun for dataset_consumes_1_never_scheduled to None, run_after=None
[2023-04-17T09:03:47.100-0300] {logging_mixin.py:137} INFO - [2023-04-17T09:03:47.100-0300] {dag.py:3452} INFO - Setting next_dagrun for dataset_consumes_unknown_never_scheduled to None, run_after=None
[2023-04-17T09:03:47.102-0300] {logging_mixin.py:137} INFO - [2023-04-17T09:03:47.102-0300] {dag.py:3452} INFO - Setting next_dagrun for dataset_produces_1 to 2023-04-16T00:00:00+00:00, run_after=2023-04-17T00:00:00+00:00
[2023-04-17T09:03:47.102-0300] {logging_mixin.py:137} INFO - [2023-04-17T09:03:47.102-0300] {dag.py:3452} INFO - Setting next_dagrun for dataset_produces_2 to None, run_after=None
[2023-04-17T09:03:47.124-0300] {processor.py:175} INFO - Processing /home/pepino/.virtualenvs/apache_airflow/lib/python3.10/site-packages/airflow/example_dags/example_datasets.py took 0.069 seconds
[2023-04-17T09:04:30.030-0300] {processor.py:153} INFO - Started process (PID=82180) to work on /home/pepino/.virtualenvs/apache_airflow/lib/python3.10/site-packages/airflow/example_dags/example_datasets.py
[2023-04-17T09:04:30.038-0300] {processor.py:743} INFO - Processing file /home/pepino/.virtualenvs/apache_airflow/lib/python3.10/site-packages/airflow/example_dags/example_datasets.py for tasks to queue
[2023-04-17T09:04:30.039-0300] {logging_mixin.py:137} INFO - [2023-04-17T09:04:30.039-0300] {dagbag.py:532} INFO - Filling up the DagBag from /home/pepino/.virtualenvs/apache_airflow/lib/python3.10/site-packages/airflow/example_dags/example_datasets.py
[2023-04-17T09:04:30.056-0300] {processor.py:753} INFO - DAG(s) dict_keys(['dataset_consumes_1_and_2', 'dataset_consumes_1', 'dataset_produces_1', 'dataset_produces_2', 'dataset_consumes_1_never_scheduled', 'dataset_consumes_unknown_never_scheduled']) retrieved from /home/pepino/.virtualenvs/apache_airflow/lib/python3.10/site-packages/airflow/example_dags/example_datasets.py
[2023-04-17T09:04:30.070-0300] {logging_mixin.py:137} INFO - [2023-04-17T09:04:30.070-0300] {dag.py:2705} INFO - Sync 6 DAGs
[2023-04-17T09:04:30.080-0300] {logging_mixin.py:137} INFO - [2023-04-17T09:04:30.080-0300] {dag.py:3452} INFO - Setting next_dagrun for dataset_consumes_1 to None, run_after=None
[2023-04-17T09:04:30.081-0300] {logging_mixin.py:137} INFO - [2023-04-17T09:04:30.081-0300] {dag.py:3452} INFO - Setting next_dagrun for dataset_consumes_1_and_2 to None, run_after=None
[2023-04-17T09:04:30.081-0300] {logging_mixin.py:137} INFO - [2023-04-17T09:04:30.081-0300] {dag.py:3452} INFO - Setting next_dagrun for dataset_consumes_1_never_scheduled to None, run_after=None
[2023-04-17T09:04:30.082-0300] {logging_mixin.py:137} INFO - [2023-04-17T09:04:30.082-0300] {dag.py:3452} INFO - Setting next_dagrun for dataset_consumes_unknown_never_scheduled to None, run_after=None
[2023-04-17T09:04:30.083-0300] {logging_mixin.py:137} INFO - [2023-04-17T09:04:30.083-0300] {dag.py:3452} INFO - Setting next_dagrun for dataset_produces_1 to 2023-04-16T00:00:00+00:00, run_after=2023-04-17T00:00:00+00:00
[2023-04-17T09:04:30.083-0300] {logging_mixin.py:137} INFO - [2023-04-17T09:04:30.083-0300] {dag.py:3452} INFO - Setting next_dagrun for dataset_produces_2 to None, run_after=None
[2023-04-17T09:04:30.104-0300] {processor.py:175} INFO - Processing /home/pepino/.virtualenvs/apache_airflow/lib/python3.10/site-packages/airflow/example_dags/example_datasets.py took 0.076 seconds
[2023-04-17T09:05:09.532-0300] {processor.py:153} INFO - Started process (PID=82309) to work on /home/pepino/.virtualenvs/apache_airflow/lib/python3.10/site-packages/airflow/example_dags/example_datasets.py
[2023-04-17T09:05:09.541-0300] {processor.py:743} INFO - Processing file /home/pepino/.virtualenvs/apache_airflow/lib/python3.10/site-packages/airflow/example_dags/example_datasets.py for tasks to queue
[2023-04-17T09:05:09.542-0300] {logging_mixin.py:137} INFO - [2023-04-17T09:05:09.541-0300] {dagbag.py:532} INFO - Filling up the DagBag from /home/pepino/.virtualenvs/apache_airflow/lib/python3.10/site-packages/airflow/example_dags/example_datasets.py
[2023-04-17T09:05:09.558-0300] {processor.py:753} INFO - DAG(s) dict_keys(['dataset_produces_1', 'dataset_consumes_unknown_never_scheduled', 'dataset_consumes_1', 'dataset_produces_2', 'dataset_consumes_1_and_2', 'dataset_consumes_1_never_scheduled']) retrieved from /home/pepino/.virtualenvs/apache_airflow/lib/python3.10/site-packages/airflow/example_dags/example_datasets.py
[2023-04-17T09:05:09.574-0300] {logging_mixin.py:137} INFO - [2023-04-17T09:05:09.574-0300] {dag.py:2705} INFO - Sync 6 DAGs
[2023-04-17T09:05:09.585-0300] {logging_mixin.py:137} INFO - [2023-04-17T09:05:09.585-0300] {dag.py:3452} INFO - Setting next_dagrun for dataset_consumes_1 to None, run_after=None
[2023-04-17T09:05:09.586-0300] {logging_mixin.py:137} INFO - [2023-04-17T09:05:09.586-0300] {dag.py:3452} INFO - Setting next_dagrun for dataset_consumes_1_and_2 to None, run_after=None
[2023-04-17T09:05:09.586-0300] {logging_mixin.py:137} INFO - [2023-04-17T09:05:09.586-0300] {dag.py:3452} INFO - Setting next_dagrun for dataset_consumes_1_never_scheduled to None, run_after=None
[2023-04-17T09:05:09.587-0300] {logging_mixin.py:137} INFO - [2023-04-17T09:05:09.587-0300] {dag.py:3452} INFO - Setting next_dagrun for dataset_consumes_unknown_never_scheduled to None, run_after=None
[2023-04-17T09:05:09.588-0300] {logging_mixin.py:137} INFO - [2023-04-17T09:05:09.588-0300] {dag.py:3452} INFO - Setting next_dagrun for dataset_produces_1 to 2023-04-16T00:00:00+00:00, run_after=2023-04-17T00:00:00+00:00
[2023-04-17T09:05:09.589-0300] {logging_mixin.py:137} INFO - [2023-04-17T09:05:09.588-0300] {dag.py:3452} INFO - Setting next_dagrun for dataset_produces_2 to None, run_after=None
[2023-04-17T09:05:09.685-0300] {processor.py:175} INFO - Processing /home/pepino/.virtualenvs/apache_airflow/lib/python3.10/site-packages/airflow/example_dags/example_datasets.py took 0.157 seconds
[2023-04-17T09:05:53.465-0300] {processor.py:153} INFO - Started process (PID=82400) to work on /home/pepino/.virtualenvs/apache_airflow/lib/python3.10/site-packages/airflow/example_dags/example_datasets.py
[2023-04-17T09:05:53.466-0300] {processor.py:743} INFO - Processing file /home/pepino/.virtualenvs/apache_airflow/lib/python3.10/site-packages/airflow/example_dags/example_datasets.py for tasks to queue
[2023-04-17T09:05:53.467-0300] {logging_mixin.py:137} INFO - [2023-04-17T09:05:53.467-0300] {dagbag.py:532} INFO - Filling up the DagBag from /home/pepino/.virtualenvs/apache_airflow/lib/python3.10/site-packages/airflow/example_dags/example_datasets.py
[2023-04-17T09:05:53.477-0300] {processor.py:753} INFO - DAG(s) dict_keys(['dataset_consumes_1_never_scheduled', 'dataset_produces_2', 'dataset_consumes_1', 'dataset_produces_1', 'dataset_consumes_1_and_2', 'dataset_consumes_unknown_never_scheduled']) retrieved from /home/pepino/.virtualenvs/apache_airflow/lib/python3.10/site-packages/airflow/example_dags/example_datasets.py
[2023-04-17T09:05:53.494-0300] {logging_mixin.py:137} INFO - [2023-04-17T09:05:53.494-0300] {dag.py:2705} INFO - Sync 6 DAGs
[2023-04-17T09:05:53.505-0300] {logging_mixin.py:137} INFO - [2023-04-17T09:05:53.505-0300] {dag.py:3452} INFO - Setting next_dagrun for dataset_consumes_1 to None, run_after=None
[2023-04-17T09:05:53.507-0300] {logging_mixin.py:137} INFO - [2023-04-17T09:05:53.507-0300] {dag.py:3452} INFO - Setting next_dagrun for dataset_consumes_1_and_2 to None, run_after=None
[2023-04-17T09:05:53.508-0300] {logging_mixin.py:137} INFO - [2023-04-17T09:05:53.508-0300] {dag.py:3452} INFO - Setting next_dagrun for dataset_consumes_1_never_scheduled to None, run_after=None
[2023-04-17T09:05:53.508-0300] {logging_mixin.py:137} INFO - [2023-04-17T09:05:53.508-0300] {dag.py:3452} INFO - Setting next_dagrun for dataset_consumes_unknown_never_scheduled to None, run_after=None
[2023-04-17T09:05:53.509-0300] {logging_mixin.py:137} INFO - [2023-04-17T09:05:53.509-0300] {dag.py:3452} INFO - Setting next_dagrun for dataset_produces_1 to 2023-04-16T00:00:00+00:00, run_after=2023-04-17T00:00:00+00:00
[2023-04-17T09:05:53.510-0300] {logging_mixin.py:137} INFO - [2023-04-17T09:05:53.509-0300] {dag.py:3452} INFO - Setting next_dagrun for dataset_produces_2 to None, run_after=None
[2023-04-17T09:05:53.601-0300] {processor.py:175} INFO - Processing /home/pepino/.virtualenvs/apache_airflow/lib/python3.10/site-packages/airflow/example_dags/example_datasets.py took 0.138 seconds
[2023-04-17T09:06:39.350-0300] {processor.py:153} INFO - Started process (PID=82516) to work on /home/pepino/.virtualenvs/apache_airflow/lib/python3.10/site-packages/airflow/example_dags/example_datasets.py
[2023-04-17T09:06:39.358-0300] {processor.py:743} INFO - Processing file /home/pepino/.virtualenvs/apache_airflow/lib/python3.10/site-packages/airflow/example_dags/example_datasets.py for tasks to queue
[2023-04-17T09:06:39.359-0300] {logging_mixin.py:137} INFO - [2023-04-17T09:06:39.359-0300] {dagbag.py:532} INFO - Filling up the DagBag from /home/pepino/.virtualenvs/apache_airflow/lib/python3.10/site-packages/airflow/example_dags/example_datasets.py
[2023-04-17T09:06:39.370-0300] {processor.py:753} INFO - DAG(s) dict_keys(['dataset_produces_2', 'dataset_consumes_1', 'dataset_consumes_1_never_scheduled', 'dataset_produces_1', 'dataset_consumes_1_and_2', 'dataset_consumes_unknown_never_scheduled']) retrieved from /home/pepino/.virtualenvs/apache_airflow/lib/python3.10/site-packages/airflow/example_dags/example_datasets.py
[2023-04-17T09:06:39.388-0300] {logging_mixin.py:137} INFO - [2023-04-17T09:06:39.388-0300] {dag.py:2705} INFO - Sync 6 DAGs
[2023-04-17T09:06:39.477-0300] {logging_mixin.py:137} INFO - [2023-04-17T09:06:39.477-0300] {dag.py:3452} INFO - Setting next_dagrun for dataset_consumes_1 to None, run_after=None
[2023-04-17T09:06:39.480-0300] {logging_mixin.py:137} INFO - [2023-04-17T09:06:39.480-0300] {dag.py:3452} INFO - Setting next_dagrun for dataset_consumes_1_and_2 to None, run_after=None
[2023-04-17T09:06:39.481-0300] {logging_mixin.py:137} INFO - [2023-04-17T09:06:39.481-0300] {dag.py:3452} INFO - Setting next_dagrun for dataset_consumes_1_never_scheduled to None, run_after=None
[2023-04-17T09:06:39.481-0300] {logging_mixin.py:137} INFO - [2023-04-17T09:06:39.481-0300] {dag.py:3452} INFO - Setting next_dagrun for dataset_consumes_unknown_never_scheduled to None, run_after=None
[2023-04-17T09:06:39.483-0300] {logging_mixin.py:137} INFO - [2023-04-17T09:06:39.483-0300] {dag.py:3452} INFO - Setting next_dagrun for dataset_produces_1 to 2023-04-16T00:00:00+00:00, run_after=2023-04-17T00:00:00+00:00
[2023-04-17T09:06:39.483-0300] {logging_mixin.py:137} INFO - [2023-04-17T09:06:39.483-0300] {dag.py:3452} INFO - Setting next_dagrun for dataset_produces_2 to None, run_after=None
[2023-04-17T09:06:39.509-0300] {processor.py:175} INFO - Processing /home/pepino/.virtualenvs/apache_airflow/lib/python3.10/site-packages/airflow/example_dags/example_datasets.py took 0.160 seconds
[2023-04-17T09:07:31.764-0300] {processor.py:153} INFO - Started process (PID=82635) to work on /home/pepino/.virtualenvs/apache_airflow/lib/python3.10/site-packages/airflow/example_dags/example_datasets.py
[2023-04-17T09:07:31.773-0300] {processor.py:743} INFO - Processing file /home/pepino/.virtualenvs/apache_airflow/lib/python3.10/site-packages/airflow/example_dags/example_datasets.py for tasks to queue
[2023-04-17T09:07:31.775-0300] {logging_mixin.py:137} INFO - [2023-04-17T09:07:31.775-0300] {dagbag.py:532} INFO - Filling up the DagBag from /home/pepino/.virtualenvs/apache_airflow/lib/python3.10/site-packages/airflow/example_dags/example_datasets.py
[2023-04-17T09:07:31.788-0300] {processor.py:753} INFO - DAG(s) dict_keys(['dataset_consumes_1_and_2', 'dataset_produces_2', 'dataset_consumes_unknown_never_scheduled', 'dataset_consumes_1_never_scheduled', 'dataset_consumes_1', 'dataset_produces_1']) retrieved from /home/pepino/.virtualenvs/apache_airflow/lib/python3.10/site-packages/airflow/example_dags/example_datasets.py
[2023-04-17T09:07:31.804-0300] {logging_mixin.py:137} INFO - [2023-04-17T09:07:31.804-0300] {dag.py:2705} INFO - Sync 6 DAGs
[2023-04-17T09:07:31.878-0300] {logging_mixin.py:137} INFO - [2023-04-17T09:07:31.878-0300] {dag.py:3452} INFO - Setting next_dagrun for dataset_consumes_1 to None, run_after=None
[2023-04-17T09:07:31.879-0300] {logging_mixin.py:137} INFO - [2023-04-17T09:07:31.879-0300] {dag.py:3452} INFO - Setting next_dagrun for dataset_consumes_1_and_2 to None, run_after=None
[2023-04-17T09:07:31.880-0300] {logging_mixin.py:137} INFO - [2023-04-17T09:07:31.880-0300] {dag.py:3452} INFO - Setting next_dagrun for dataset_consumes_1_never_scheduled to None, run_after=None
[2023-04-17T09:07:31.880-0300] {logging_mixin.py:137} INFO - [2023-04-17T09:07:31.880-0300] {dag.py:3452} INFO - Setting next_dagrun for dataset_consumes_unknown_never_scheduled to None, run_after=None
[2023-04-17T09:07:31.881-0300] {logging_mixin.py:137} INFO - [2023-04-17T09:07:31.881-0300] {dag.py:3452} INFO - Setting next_dagrun for dataset_produces_1 to 2023-04-16T00:00:00+00:00, run_after=2023-04-17T00:00:00+00:00
[2023-04-17T09:07:31.882-0300] {logging_mixin.py:137} INFO - [2023-04-17T09:07:31.882-0300] {dag.py:3452} INFO - Setting next_dagrun for dataset_produces_2 to None, run_after=None
[2023-04-17T09:07:31.911-0300] {processor.py:175} INFO - Processing /home/pepino/.virtualenvs/apache_airflow/lib/python3.10/site-packages/airflow/example_dags/example_datasets.py took 0.150 seconds
[2023-04-17T09:08:22.360-0300] {processor.py:153} INFO - Started process (PID=82753) to work on /home/pepino/.virtualenvs/apache_airflow/lib/python3.10/site-packages/airflow/example_dags/example_datasets.py
[2023-04-17T09:08:22.369-0300] {processor.py:743} INFO - Processing file /home/pepino/.virtualenvs/apache_airflow/lib/python3.10/site-packages/airflow/example_dags/example_datasets.py for tasks to queue
[2023-04-17T09:08:22.369-0300] {logging_mixin.py:137} INFO - [2023-04-17T09:08:22.369-0300] {dagbag.py:532} INFO - Filling up the DagBag from /home/pepino/.virtualenvs/apache_airflow/lib/python3.10/site-packages/airflow/example_dags/example_datasets.py
[2023-04-17T09:08:22.387-0300] {processor.py:753} INFO - DAG(s) dict_keys(['dataset_consumes_1_and_2', 'dataset_produces_1', 'dataset_produces_2', 'dataset_consumes_unknown_never_scheduled', 'dataset_consumes_1_never_scheduled', 'dataset_consumes_1']) retrieved from /home/pepino/.virtualenvs/apache_airflow/lib/python3.10/site-packages/airflow/example_dags/example_datasets.py
[2023-04-17T09:08:22.459-0300] {logging_mixin.py:137} INFO - [2023-04-17T09:08:22.459-0300] {dag.py:2705} INFO - Sync 6 DAGs
[2023-04-17T09:08:22.467-0300] {logging_mixin.py:137} INFO - [2023-04-17T09:08:22.467-0300] {dag.py:3452} INFO - Setting next_dagrun for dataset_consumes_1 to None, run_after=None
[2023-04-17T09:08:22.468-0300] {logging_mixin.py:137} INFO - [2023-04-17T09:08:22.468-0300] {dag.py:3452} INFO - Setting next_dagrun for dataset_consumes_1_and_2 to None, run_after=None
[2023-04-17T09:08:22.469-0300] {logging_mixin.py:137} INFO - [2023-04-17T09:08:22.469-0300] {dag.py:3452} INFO - Setting next_dagrun for dataset_consumes_1_never_scheduled to None, run_after=None
[2023-04-17T09:08:22.469-0300] {logging_mixin.py:137} INFO - [2023-04-17T09:08:22.469-0300] {dag.py:3452} INFO - Setting next_dagrun for dataset_consumes_unknown_never_scheduled to None, run_after=None
[2023-04-17T09:08:22.470-0300] {logging_mixin.py:137} INFO - [2023-04-17T09:08:22.470-0300] {dag.py:3452} INFO - Setting next_dagrun for dataset_produces_1 to 2023-04-16T00:00:00+00:00, run_after=2023-04-17T00:00:00+00:00
[2023-04-17T09:08:22.470-0300] {logging_mixin.py:137} INFO - [2023-04-17T09:08:22.470-0300] {dag.py:3452} INFO - Setting next_dagrun for dataset_produces_2 to None, run_after=None
[2023-04-17T09:08:22.517-0300] {processor.py:175} INFO - Processing /home/pepino/.virtualenvs/apache_airflow/lib/python3.10/site-packages/airflow/example_dags/example_datasets.py took 0.159 seconds
