[2023-04-17T09:00:13.162-0300] {processor.py:153} INFO - Started process (PID=81533) to work on /home/pepino/.virtualenvs/apache_airflow/lib/python3.10/site-packages/airflow/example_dags/example_latest_only.py
[2023-04-17T09:00:13.162-0300] {processor.py:743} INFO - Processing file /home/pepino/.virtualenvs/apache_airflow/lib/python3.10/site-packages/airflow/example_dags/example_latest_only.py for tasks to queue
[2023-04-17T09:00:13.163-0300] {logging_mixin.py:137} INFO - [2023-04-17T09:00:13.163-0300] {dagbag.py:532} INFO - Filling up the DagBag from /home/pepino/.virtualenvs/apache_airflow/lib/python3.10/site-packages/airflow/example_dags/example_latest_only.py
[2023-04-17T09:00:13.170-0300] {processor.py:753} INFO - DAG(s) dict_keys(['latest_only']) retrieved from /home/pepino/.virtualenvs/apache_airflow/lib/python3.10/site-packages/airflow/example_dags/example_latest_only.py
[2023-04-17T09:00:13.179-0300] {logging_mixin.py:137} INFO - [2023-04-17T09:00:13.179-0300] {dag.py:2705} INFO - Sync 1 DAGs
[2023-04-17T09:00:13.188-0300] {logging_mixin.py:137} INFO - [2023-04-17T09:00:13.187-0300] {dag.py:3452} INFO - Setting next_dagrun for latest_only to 2023-04-17T08:00:13.187879+00:00, run_after=2023-04-17T12:00:13.187879+00:00
[2023-04-17T09:00:13.205-0300] {processor.py:175} INFO - Processing /home/pepino/.virtualenvs/apache_airflow/lib/python3.10/site-packages/airflow/example_dags/example_latest_only.py took 0.045 seconds
[2023-04-17T09:00:57.937-0300] {processor.py:153} INFO - Started process (PID=81699) to work on /home/pepino/.virtualenvs/apache_airflow/lib/python3.10/site-packages/airflow/example_dags/example_latest_only.py
[2023-04-17T09:00:57.939-0300] {processor.py:743} INFO - Processing file /home/pepino/.virtualenvs/apache_airflow/lib/python3.10/site-packages/airflow/example_dags/example_latest_only.py for tasks to queue
[2023-04-17T09:00:57.940-0300] {logging_mixin.py:137} INFO - [2023-04-17T09:00:57.940-0300] {dagbag.py:532} INFO - Filling up the DagBag from /home/pepino/.virtualenvs/apache_airflow/lib/python3.10/site-packages/airflow/example_dags/example_latest_only.py
[2023-04-17T09:00:57.952-0300] {processor.py:753} INFO - DAG(s) dict_keys(['latest_only']) retrieved from /home/pepino/.virtualenvs/apache_airflow/lib/python3.10/site-packages/airflow/example_dags/example_latest_only.py
[2023-04-17T09:00:57.962-0300] {logging_mixin.py:137} INFO - [2023-04-17T09:00:57.961-0300] {dag.py:2705} INFO - Sync 1 DAGs
[2023-04-17T09:00:57.971-0300] {logging_mixin.py:137} INFO - [2023-04-17T09:00:57.971-0300] {dag.py:3452} INFO - Setting next_dagrun for latest_only to 2023-04-17T08:00:57.971039+00:00, run_after=2023-04-17T12:00:57.971039+00:00
[2023-04-17T09:00:57.993-0300] {processor.py:175} INFO - Processing /home/pepino/.virtualenvs/apache_airflow/lib/python3.10/site-packages/airflow/example_dags/example_latest_only.py took 0.060 seconds
[2023-04-17T09:01:43.092-0300] {processor.py:153} INFO - Started process (PID=81792) to work on /home/pepino/.virtualenvs/apache_airflow/lib/python3.10/site-packages/airflow/example_dags/example_latest_only.py
[2023-04-17T09:01:43.101-0300] {processor.py:743} INFO - Processing file /home/pepino/.virtualenvs/apache_airflow/lib/python3.10/site-packages/airflow/example_dags/example_latest_only.py for tasks to queue
[2023-04-17T09:01:43.102-0300] {logging_mixin.py:137} INFO - [2023-04-17T09:01:43.101-0300] {dagbag.py:532} INFO - Filling up the DagBag from /home/pepino/.virtualenvs/apache_airflow/lib/python3.10/site-packages/airflow/example_dags/example_latest_only.py
[2023-04-17T09:01:43.113-0300] {processor.py:753} INFO - DAG(s) dict_keys(['latest_only']) retrieved from /home/pepino/.virtualenvs/apache_airflow/lib/python3.10/site-packages/airflow/example_dags/example_latest_only.py
[2023-04-17T09:01:43.123-0300] {logging_mixin.py:137} INFO - [2023-04-17T09:01:43.123-0300] {dag.py:2705} INFO - Sync 1 DAGs
[2023-04-17T09:01:43.134-0300] {logging_mixin.py:137} INFO - [2023-04-17T09:01:43.134-0300] {dag.py:3452} INFO - Setting next_dagrun for latest_only to 2023-04-17T08:01:43.134527+00:00, run_after=2023-04-17T12:01:43.134527+00:00
[2023-04-17T09:01:43.162-0300] {processor.py:175} INFO - Processing /home/pepino/.virtualenvs/apache_airflow/lib/python3.10/site-packages/airflow/example_dags/example_latest_only.py took 0.073 seconds
[2023-04-17T09:02:26.350-0300] {processor.py:153} INFO - Started process (PID=81885) to work on /home/pepino/.virtualenvs/apache_airflow/lib/python3.10/site-packages/airflow/example_dags/example_latest_only.py
[2023-04-17T09:02:26.350-0300] {processor.py:743} INFO - Processing file /home/pepino/.virtualenvs/apache_airflow/lib/python3.10/site-packages/airflow/example_dags/example_latest_only.py for tasks to queue
[2023-04-17T09:02:26.351-0300] {logging_mixin.py:137} INFO - [2023-04-17T09:02:26.351-0300] {dagbag.py:532} INFO - Filling up the DagBag from /home/pepino/.virtualenvs/apache_airflow/lib/python3.10/site-packages/airflow/example_dags/example_latest_only.py
[2023-04-17T09:02:26.361-0300] {processor.py:753} INFO - DAG(s) dict_keys(['latest_only']) retrieved from /home/pepino/.virtualenvs/apache_airflow/lib/python3.10/site-packages/airflow/example_dags/example_latest_only.py
[2023-04-17T09:02:26.370-0300] {logging_mixin.py:137} INFO - [2023-04-17T09:02:26.370-0300] {dag.py:2705} INFO - Sync 1 DAGs
[2023-04-17T09:02:26.379-0300] {logging_mixin.py:137} INFO - [2023-04-17T09:02:26.379-0300] {dag.py:3452} INFO - Setting next_dagrun for latest_only to 2023-04-17T08:02:26.379527+00:00, run_after=2023-04-17T12:02:26.379527+00:00
[2023-04-17T09:02:26.399-0300] {processor.py:175} INFO - Processing /home/pepino/.virtualenvs/apache_airflow/lib/python3.10/site-packages/airflow/example_dags/example_latest_only.py took 0.050 seconds
[2023-04-17T09:03:08.304-0300] {processor.py:153} INFO - Started process (PID=81962) to work on /home/pepino/.virtualenvs/apache_airflow/lib/python3.10/site-packages/airflow/example_dags/example_latest_only.py
[2023-04-17T09:03:08.313-0300] {processor.py:743} INFO - Processing file /home/pepino/.virtualenvs/apache_airflow/lib/python3.10/site-packages/airflow/example_dags/example_latest_only.py for tasks to queue
[2023-04-17T09:03:08.314-0300] {logging_mixin.py:137} INFO - [2023-04-17T09:03:08.314-0300] {dagbag.py:532} INFO - Filling up the DagBag from /home/pepino/.virtualenvs/apache_airflow/lib/python3.10/site-packages/airflow/example_dags/example_latest_only.py
[2023-04-17T09:03:08.328-0300] {processor.py:753} INFO - DAG(s) dict_keys(['latest_only']) retrieved from /home/pepino/.virtualenvs/apache_airflow/lib/python3.10/site-packages/airflow/example_dags/example_latest_only.py
[2023-04-17T09:03:08.337-0300] {logging_mixin.py:137} INFO - [2023-04-17T09:03:08.337-0300] {dag.py:2705} INFO - Sync 1 DAGs
[2023-04-17T09:03:08.346-0300] {logging_mixin.py:137} INFO - [2023-04-17T09:03:08.346-0300] {dag.py:3452} INFO - Setting next_dagrun for latest_only to 2023-04-17T08:03:08.346157+00:00, run_after=2023-04-17T12:03:08.346157+00:00
[2023-04-17T09:03:08.364-0300] {processor.py:175} INFO - Processing /home/pepino/.virtualenvs/apache_airflow/lib/python3.10/site-packages/airflow/example_dags/example_latest_only.py took 0.065 seconds
[2023-04-17T09:03:53.777-0300] {processor.py:153} INFO - Started process (PID=82093) to work on /home/pepino/.virtualenvs/apache_airflow/lib/python3.10/site-packages/airflow/example_dags/example_latest_only.py
[2023-04-17T09:03:53.786-0300] {processor.py:743} INFO - Processing file /home/pepino/.virtualenvs/apache_airflow/lib/python3.10/site-packages/airflow/example_dags/example_latest_only.py for tasks to queue
[2023-04-17T09:03:53.787-0300] {logging_mixin.py:137} INFO - [2023-04-17T09:03:53.787-0300] {dagbag.py:532} INFO - Filling up the DagBag from /home/pepino/.virtualenvs/apache_airflow/lib/python3.10/site-packages/airflow/example_dags/example_latest_only.py
[2023-04-17T09:03:53.801-0300] {processor.py:753} INFO - DAG(s) dict_keys(['latest_only']) retrieved from /home/pepino/.virtualenvs/apache_airflow/lib/python3.10/site-packages/airflow/example_dags/example_latest_only.py
[2023-04-17T09:03:53.810-0300] {logging_mixin.py:137} INFO - [2023-04-17T09:03:53.810-0300] {dag.py:2705} INFO - Sync 1 DAGs
[2023-04-17T09:03:53.821-0300] {logging_mixin.py:137} INFO - [2023-04-17T09:03:53.821-0300] {dag.py:3452} INFO - Setting next_dagrun for latest_only to 2023-04-17T08:03:53.821036+00:00, run_after=2023-04-17T12:03:53.821036+00:00
[2023-04-17T09:03:53.869-0300] {processor.py:175} INFO - Processing /home/pepino/.virtualenvs/apache_airflow/lib/python3.10/site-packages/airflow/example_dags/example_latest_only.py took 0.094 seconds
[2023-04-17T09:04:36.767-0300] {processor.py:153} INFO - Started process (PID=82195) to work on /home/pepino/.virtualenvs/apache_airflow/lib/python3.10/site-packages/airflow/example_dags/example_latest_only.py
[2023-04-17T09:04:36.775-0300] {processor.py:743} INFO - Processing file /home/pepino/.virtualenvs/apache_airflow/lib/python3.10/site-packages/airflow/example_dags/example_latest_only.py for tasks to queue
[2023-04-17T09:04:36.776-0300] {logging_mixin.py:137} INFO - [2023-04-17T09:04:36.776-0300] {dagbag.py:532} INFO - Filling up the DagBag from /home/pepino/.virtualenvs/apache_airflow/lib/python3.10/site-packages/airflow/example_dags/example_latest_only.py
[2023-04-17T09:04:36.793-0300] {processor.py:753} INFO - DAG(s) dict_keys(['latest_only']) retrieved from /home/pepino/.virtualenvs/apache_airflow/lib/python3.10/site-packages/airflow/example_dags/example_latest_only.py
[2023-04-17T09:04:36.802-0300] {logging_mixin.py:137} INFO - [2023-04-17T09:04:36.802-0300] {dag.py:2705} INFO - Sync 1 DAGs
[2023-04-17T09:04:36.812-0300] {logging_mixin.py:137} INFO - [2023-04-17T09:04:36.811-0300] {dag.py:3452} INFO - Setting next_dagrun for latest_only to 2023-04-17T08:04:36.811861+00:00, run_after=2023-04-17T12:04:36.811861+00:00
[2023-04-17T09:04:36.830-0300] {processor.py:175} INFO - Processing /home/pepino/.virtualenvs/apache_airflow/lib/python3.10/site-packages/airflow/example_dags/example_latest_only.py took 0.066 seconds
[2023-04-17T09:05:20.428-0300] {processor.py:153} INFO - Started process (PID=82330) to work on /home/pepino/.virtualenvs/apache_airflow/lib/python3.10/site-packages/airflow/example_dags/example_latest_only.py
[2023-04-17T09:05:20.436-0300] {processor.py:743} INFO - Processing file /home/pepino/.virtualenvs/apache_airflow/lib/python3.10/site-packages/airflow/example_dags/example_latest_only.py for tasks to queue
[2023-04-17T09:05:20.437-0300] {logging_mixin.py:137} INFO - [2023-04-17T09:05:20.437-0300] {dagbag.py:532} INFO - Filling up the DagBag from /home/pepino/.virtualenvs/apache_airflow/lib/python3.10/site-packages/airflow/example_dags/example_latest_only.py
[2023-04-17T09:05:20.451-0300] {processor.py:753} INFO - DAG(s) dict_keys(['latest_only']) retrieved from /home/pepino/.virtualenvs/apache_airflow/lib/python3.10/site-packages/airflow/example_dags/example_latest_only.py
[2023-04-17T09:05:20.461-0300] {logging_mixin.py:137} INFO - [2023-04-17T09:05:20.461-0300] {dag.py:2705} INFO - Sync 1 DAGs
[2023-04-17T09:05:20.471-0300] {logging_mixin.py:137} INFO - [2023-04-17T09:05:20.471-0300] {dag.py:3452} INFO - Setting next_dagrun for latest_only to 2023-04-17T08:05:20.471063+00:00, run_after=2023-04-17T12:05:20.471063+00:00
[2023-04-17T09:05:20.489-0300] {processor.py:175} INFO - Processing /home/pepino/.virtualenvs/apache_airflow/lib/python3.10/site-packages/airflow/example_dags/example_latest_only.py took 0.063 seconds
[2023-04-17T09:06:15.327-0300] {processor.py:153} INFO - Started process (PID=82473) to work on /home/pepino/.virtualenvs/apache_airflow/lib/python3.10/site-packages/airflow/example_dags/example_latest_only.py
[2023-04-17T09:06:15.328-0300] {processor.py:743} INFO - Processing file /home/pepino/.virtualenvs/apache_airflow/lib/python3.10/site-packages/airflow/example_dags/example_latest_only.py for tasks to queue
[2023-04-17T09:06:15.329-0300] {logging_mixin.py:137} INFO - [2023-04-17T09:06:15.329-0300] {dagbag.py:532} INFO - Filling up the DagBag from /home/pepino/.virtualenvs/apache_airflow/lib/python3.10/site-packages/airflow/example_dags/example_latest_only.py
[2023-04-17T09:06:15.340-0300] {processor.py:753} INFO - DAG(s) dict_keys(['latest_only']) retrieved from /home/pepino/.virtualenvs/apache_airflow/lib/python3.10/site-packages/airflow/example_dags/example_latest_only.py
[2023-04-17T09:06:15.370-0300] {logging_mixin.py:137} INFO - [2023-04-17T09:06:15.370-0300] {dag.py:2705} INFO - Sync 1 DAGs
[2023-04-17T09:06:15.383-0300] {logging_mixin.py:137} INFO - [2023-04-17T09:06:15.382-0300] {dag.py:3452} INFO - Setting next_dagrun for latest_only to 2023-04-17T08:06:15.382820+00:00, run_after=2023-04-17T12:06:15.382820+00:00
[2023-04-17T09:06:15.496-0300] {processor.py:175} INFO - Processing /home/pepino/.virtualenvs/apache_airflow/lib/python3.10/site-packages/airflow/example_dags/example_latest_only.py took 0.172 seconds
[2023-04-17T09:06:57.488-0300] {processor.py:153} INFO - Started process (PID=82576) to work on /home/pepino/.virtualenvs/apache_airflow/lib/python3.10/site-packages/airflow/example_dags/example_latest_only.py
[2023-04-17T09:06:57.497-0300] {processor.py:743} INFO - Processing file /home/pepino/.virtualenvs/apache_airflow/lib/python3.10/site-packages/airflow/example_dags/example_latest_only.py for tasks to queue
[2023-04-17T09:06:57.498-0300] {logging_mixin.py:137} INFO - [2023-04-17T09:06:57.498-0300] {dagbag.py:532} INFO - Filling up the DagBag from /home/pepino/.virtualenvs/apache_airflow/lib/python3.10/site-packages/airflow/example_dags/example_latest_only.py
[2023-04-17T09:06:57.512-0300] {processor.py:753} INFO - DAG(s) dict_keys(['latest_only']) retrieved from /home/pepino/.virtualenvs/apache_airflow/lib/python3.10/site-packages/airflow/example_dags/example_latest_only.py
[2023-04-17T09:06:57.523-0300] {logging_mixin.py:137} INFO - [2023-04-17T09:06:57.523-0300] {dag.py:2705} INFO - Sync 1 DAGs
[2023-04-17T09:06:57.600-0300] {logging_mixin.py:137} INFO - [2023-04-17T09:06:57.600-0300] {dag.py:3452} INFO - Setting next_dagrun for latest_only to 2023-04-17T08:06:57.600603+00:00, run_after=2023-04-17T12:06:57.600603+00:00
[2023-04-17T09:06:57.628-0300] {processor.py:175} INFO - Processing /home/pepino/.virtualenvs/apache_airflow/lib/python3.10/site-packages/airflow/example_dags/example_latest_only.py took 0.143 seconds
[2023-04-17T09:07:50.820-0300] {processor.py:153} INFO - Started process (PID=82676) to work on /home/pepino/.virtualenvs/apache_airflow/lib/python3.10/site-packages/airflow/example_dags/example_latest_only.py
[2023-04-17T09:07:50.829-0300] {processor.py:743} INFO - Processing file /home/pepino/.virtualenvs/apache_airflow/lib/python3.10/site-packages/airflow/example_dags/example_latest_only.py for tasks to queue
[2023-04-17T09:07:50.830-0300] {logging_mixin.py:137} INFO - [2023-04-17T09:07:50.830-0300] {dagbag.py:532} INFO - Filling up the DagBag from /home/pepino/.virtualenvs/apache_airflow/lib/python3.10/site-packages/airflow/example_dags/example_latest_only.py
[2023-04-17T09:07:50.839-0300] {processor.py:753} INFO - DAG(s) dict_keys(['latest_only']) retrieved from /home/pepino/.virtualenvs/apache_airflow/lib/python3.10/site-packages/airflow/example_dags/example_latest_only.py
[2023-04-17T09:07:50.852-0300] {logging_mixin.py:137} INFO - [2023-04-17T09:07:50.852-0300] {dag.py:2705} INFO - Sync 1 DAGs
[2023-04-17T09:07:50.930-0300] {logging_mixin.py:137} INFO - [2023-04-17T09:07:50.930-0300] {dag.py:3452} INFO - Setting next_dagrun for latest_only to 2023-04-17T08:07:50.929912+00:00, run_after=2023-04-17T12:07:50.929912+00:00
[2023-04-17T09:07:50.948-0300] {processor.py:175} INFO - Processing /home/pepino/.virtualenvs/apache_airflow/lib/python3.10/site-packages/airflow/example_dags/example_latest_only.py took 0.133 seconds
