[2023-04-17T09:00:09.129-0300] {processor.py:153} INFO - Started process (PID=81484) to work on /home/pepino/.virtualenvs/apache_airflow/lib/python3.10/site-packages/airflow/example_dags/example_time_delta_sensor_async.py
[2023-04-17T09:00:09.130-0300] {processor.py:743} INFO - Processing file /home/pepino/.virtualenvs/apache_airflow/lib/python3.10/site-packages/airflow/example_dags/example_time_delta_sensor_async.py for tasks to queue
[2023-04-17T09:00:09.131-0300] {logging_mixin.py:137} INFO - [2023-04-17T09:00:09.131-0300] {dagbag.py:532} INFO - Filling up the DagBag from /home/pepino/.virtualenvs/apache_airflow/lib/python3.10/site-packages/airflow/example_dags/example_time_delta_sensor_async.py
[2023-04-17T09:00:09.141-0300] {processor.py:753} INFO - DAG(s) dict_keys(['example_time_delta_sensor_async']) retrieved from /home/pepino/.virtualenvs/apache_airflow/lib/python3.10/site-packages/airflow/example_dags/example_time_delta_sensor_async.py
[2023-04-17T09:00:09.153-0300] {logging_mixin.py:137} INFO - [2023-04-17T09:00:09.153-0300] {dag.py:2705} INFO - Sync 1 DAGs
[2023-04-17T09:00:09.162-0300] {logging_mixin.py:137} INFO - [2023-04-17T09:00:09.162-0300] {dag.py:3452} INFO - Setting next_dagrun for example_time_delta_sensor_async to None, run_after=None
[2023-04-17T09:00:09.188-0300] {processor.py:175} INFO - Processing /home/pepino/.virtualenvs/apache_airflow/lib/python3.10/site-packages/airflow/example_dags/example_time_delta_sensor_async.py took 0.063 seconds
[2023-04-17T09:00:52.365-0300] {processor.py:153} INFO - Started process (PID=81688) to work on /home/pepino/.virtualenvs/apache_airflow/lib/python3.10/site-packages/airflow/example_dags/example_time_delta_sensor_async.py
[2023-04-17T09:00:52.373-0300] {processor.py:743} INFO - Processing file /home/pepino/.virtualenvs/apache_airflow/lib/python3.10/site-packages/airflow/example_dags/example_time_delta_sensor_async.py for tasks to queue
[2023-04-17T09:00:52.374-0300] {logging_mixin.py:137} INFO - [2023-04-17T09:00:52.374-0300] {dagbag.py:532} INFO - Filling up the DagBag from /home/pepino/.virtualenvs/apache_airflow/lib/python3.10/site-packages/airflow/example_dags/example_time_delta_sensor_async.py
[2023-04-17T09:00:52.389-0300] {processor.py:753} INFO - DAG(s) dict_keys(['example_time_delta_sensor_async']) retrieved from /home/pepino/.virtualenvs/apache_airflow/lib/python3.10/site-packages/airflow/example_dags/example_time_delta_sensor_async.py
[2023-04-17T09:00:52.399-0300] {logging_mixin.py:137} INFO - [2023-04-17T09:00:52.399-0300] {dag.py:2705} INFO - Sync 1 DAGs
[2023-04-17T09:00:52.407-0300] {logging_mixin.py:137} INFO - [2023-04-17T09:00:52.407-0300] {dag.py:3452} INFO - Setting next_dagrun for example_time_delta_sensor_async to None, run_after=None
[2023-04-17T09:00:52.440-0300] {processor.py:175} INFO - Processing /home/pepino/.virtualenvs/apache_airflow/lib/python3.10/site-packages/airflow/example_dags/example_time_delta_sensor_async.py took 0.079 seconds
[2023-04-17T09:01:37.416-0300] {processor.py:153} INFO - Started process (PID=81776) to work on /home/pepino/.virtualenvs/apache_airflow/lib/python3.10/site-packages/airflow/example_dags/example_time_delta_sensor_async.py
[2023-04-17T09:01:37.425-0300] {processor.py:743} INFO - Processing file /home/pepino/.virtualenvs/apache_airflow/lib/python3.10/site-packages/airflow/example_dags/example_time_delta_sensor_async.py for tasks to queue
[2023-04-17T09:01:37.427-0300] {logging_mixin.py:137} INFO - [2023-04-17T09:01:37.426-0300] {dagbag.py:532} INFO - Filling up the DagBag from /home/pepino/.virtualenvs/apache_airflow/lib/python3.10/site-packages/airflow/example_dags/example_time_delta_sensor_async.py
[2023-04-17T09:01:37.441-0300] {processor.py:753} INFO - DAG(s) dict_keys(['example_time_delta_sensor_async']) retrieved from /home/pepino/.virtualenvs/apache_airflow/lib/python3.10/site-packages/airflow/example_dags/example_time_delta_sensor_async.py
[2023-04-17T09:01:37.450-0300] {logging_mixin.py:137} INFO - [2023-04-17T09:01:37.450-0300] {dag.py:2705} INFO - Sync 1 DAGs
[2023-04-17T09:01:37.460-0300] {logging_mixin.py:137} INFO - [2023-04-17T09:01:37.460-0300] {dag.py:3452} INFO - Setting next_dagrun for example_time_delta_sensor_async to None, run_after=None
[2023-04-17T09:01:37.479-0300] {processor.py:175} INFO - Processing /home/pepino/.virtualenvs/apache_airflow/lib/python3.10/site-packages/airflow/example_dags/example_time_delta_sensor_async.py took 0.068 seconds
[2023-04-17T09:02:22.347-0300] {processor.py:153} INFO - Started process (PID=81879) to work on /home/pepino/.virtualenvs/apache_airflow/lib/python3.10/site-packages/airflow/example_dags/example_time_delta_sensor_async.py
[2023-04-17T09:02:22.355-0300] {processor.py:743} INFO - Processing file /home/pepino/.virtualenvs/apache_airflow/lib/python3.10/site-packages/airflow/example_dags/example_time_delta_sensor_async.py for tasks to queue
[2023-04-17T09:02:22.356-0300] {logging_mixin.py:137} INFO - [2023-04-17T09:02:22.356-0300] {dagbag.py:532} INFO - Filling up the DagBag from /home/pepino/.virtualenvs/apache_airflow/lib/python3.10/site-packages/airflow/example_dags/example_time_delta_sensor_async.py
[2023-04-17T09:02:22.365-0300] {processor.py:753} INFO - DAG(s) dict_keys(['example_time_delta_sensor_async']) retrieved from /home/pepino/.virtualenvs/apache_airflow/lib/python3.10/site-packages/airflow/example_dags/example_time_delta_sensor_async.py
[2023-04-17T09:02:22.374-0300] {logging_mixin.py:137} INFO - [2023-04-17T09:02:22.374-0300] {dag.py:2705} INFO - Sync 1 DAGs
[2023-04-17T09:02:22.383-0300] {logging_mixin.py:137} INFO - [2023-04-17T09:02:22.383-0300] {dag.py:3452} INFO - Setting next_dagrun for example_time_delta_sensor_async to None, run_after=None
[2023-04-17T09:02:22.400-0300] {processor.py:175} INFO - Processing /home/pepino/.virtualenvs/apache_airflow/lib/python3.10/site-packages/airflow/example_dags/example_time_delta_sensor_async.py took 0.055 seconds
[2023-04-17T09:03:03.698-0300] {processor.py:153} INFO - Started process (PID=81952) to work on /home/pepino/.virtualenvs/apache_airflow/lib/python3.10/site-packages/airflow/example_dags/example_time_delta_sensor_async.py
[2023-04-17T09:03:03.707-0300] {processor.py:743} INFO - Processing file /home/pepino/.virtualenvs/apache_airflow/lib/python3.10/site-packages/airflow/example_dags/example_time_delta_sensor_async.py for tasks to queue
[2023-04-17T09:03:03.707-0300] {logging_mixin.py:137} INFO - [2023-04-17T09:03:03.707-0300] {dagbag.py:532} INFO - Filling up the DagBag from /home/pepino/.virtualenvs/apache_airflow/lib/python3.10/site-packages/airflow/example_dags/example_time_delta_sensor_async.py
[2023-04-17T09:03:03.722-0300] {processor.py:753} INFO - DAG(s) dict_keys(['example_time_delta_sensor_async']) retrieved from /home/pepino/.virtualenvs/apache_airflow/lib/python3.10/site-packages/airflow/example_dags/example_time_delta_sensor_async.py
[2023-04-17T09:03:03.731-0300] {logging_mixin.py:137} INFO - [2023-04-17T09:03:03.731-0300] {dag.py:2705} INFO - Sync 1 DAGs
[2023-04-17T09:03:03.740-0300] {logging_mixin.py:137} INFO - [2023-04-17T09:03:03.740-0300] {dag.py:3452} INFO - Setting next_dagrun for example_time_delta_sensor_async to None, run_after=None
[2023-04-17T09:03:03.769-0300] {processor.py:175} INFO - Processing /home/pepino/.virtualenvs/apache_airflow/lib/python3.10/site-packages/airflow/example_dags/example_time_delta_sensor_async.py took 0.075 seconds
[2023-04-17T09:03:48.949-0300] {processor.py:153} INFO - Started process (PID=82085) to work on /home/pepino/.virtualenvs/apache_airflow/lib/python3.10/site-packages/airflow/example_dags/example_time_delta_sensor_async.py
[2023-04-17T09:03:48.958-0300] {processor.py:743} INFO - Processing file /home/pepino/.virtualenvs/apache_airflow/lib/python3.10/site-packages/airflow/example_dags/example_time_delta_sensor_async.py for tasks to queue
[2023-04-17T09:03:48.959-0300] {logging_mixin.py:137} INFO - [2023-04-17T09:03:48.959-0300] {dagbag.py:532} INFO - Filling up the DagBag from /home/pepino/.virtualenvs/apache_airflow/lib/python3.10/site-packages/airflow/example_dags/example_time_delta_sensor_async.py
[2023-04-17T09:03:48.973-0300] {processor.py:753} INFO - DAG(s) dict_keys(['example_time_delta_sensor_async']) retrieved from /home/pepino/.virtualenvs/apache_airflow/lib/python3.10/site-packages/airflow/example_dags/example_time_delta_sensor_async.py
[2023-04-17T09:03:48.983-0300] {logging_mixin.py:137} INFO - [2023-04-17T09:03:48.983-0300] {dag.py:2705} INFO - Sync 1 DAGs
[2023-04-17T09:03:48.992-0300] {logging_mixin.py:137} INFO - [2023-04-17T09:03:48.992-0300] {dag.py:3452} INFO - Setting next_dagrun for example_time_delta_sensor_async to None, run_after=None
[2023-04-17T09:03:49.010-0300] {processor.py:175} INFO - Processing /home/pepino/.virtualenvs/apache_airflow/lib/python3.10/site-packages/airflow/example_dags/example_time_delta_sensor_async.py took 0.064 seconds
[2023-04-17T09:04:31.656-0300] {processor.py:153} INFO - Started process (PID=82188) to work on /home/pepino/.virtualenvs/apache_airflow/lib/python3.10/site-packages/airflow/example_dags/example_time_delta_sensor_async.py
[2023-04-17T09:04:31.665-0300] {processor.py:743} INFO - Processing file /home/pepino/.virtualenvs/apache_airflow/lib/python3.10/site-packages/airflow/example_dags/example_time_delta_sensor_async.py for tasks to queue
[2023-04-17T09:04:31.666-0300] {logging_mixin.py:137} INFO - [2023-04-17T09:04:31.666-0300] {dagbag.py:532} INFO - Filling up the DagBag from /home/pepino/.virtualenvs/apache_airflow/lib/python3.10/site-packages/airflow/example_dags/example_time_delta_sensor_async.py
[2023-04-17T09:04:31.680-0300] {processor.py:753} INFO - DAG(s) dict_keys(['example_time_delta_sensor_async']) retrieved from /home/pepino/.virtualenvs/apache_airflow/lib/python3.10/site-packages/airflow/example_dags/example_time_delta_sensor_async.py
[2023-04-17T09:04:31.690-0300] {logging_mixin.py:137} INFO - [2023-04-17T09:04:31.690-0300] {dag.py:2705} INFO - Sync 1 DAGs
[2023-04-17T09:04:31.699-0300] {logging_mixin.py:137} INFO - [2023-04-17T09:04:31.699-0300] {dag.py:3452} INFO - Setting next_dagrun for example_time_delta_sensor_async to None, run_after=None
[2023-04-17T09:04:31.734-0300] {processor.py:175} INFO - Processing /home/pepino/.virtualenvs/apache_airflow/lib/python3.10/site-packages/airflow/example_dags/example_time_delta_sensor_async.py took 0.080 seconds
[2023-04-17T09:05:11.707-0300] {processor.py:153} INFO - Started process (PID=82313) to work on /home/pepino/.virtualenvs/apache_airflow/lib/python3.10/site-packages/airflow/example_dags/example_time_delta_sensor_async.py
[2023-04-17T09:05:11.707-0300] {processor.py:743} INFO - Processing file /home/pepino/.virtualenvs/apache_airflow/lib/python3.10/site-packages/airflow/example_dags/example_time_delta_sensor_async.py for tasks to queue
[2023-04-17T09:05:11.708-0300] {logging_mixin.py:137} INFO - [2023-04-17T09:05:11.708-0300] {dagbag.py:532} INFO - Filling up the DagBag from /home/pepino/.virtualenvs/apache_airflow/lib/python3.10/site-packages/airflow/example_dags/example_time_delta_sensor_async.py
[2023-04-17T09:05:11.716-0300] {processor.py:753} INFO - DAG(s) dict_keys(['example_time_delta_sensor_async']) retrieved from /home/pepino/.virtualenvs/apache_airflow/lib/python3.10/site-packages/airflow/example_dags/example_time_delta_sensor_async.py
[2023-04-17T09:05:11.728-0300] {logging_mixin.py:137} INFO - [2023-04-17T09:05:11.728-0300] {dag.py:2705} INFO - Sync 1 DAGs
[2023-04-17T09:05:11.741-0300] {logging_mixin.py:137} INFO - [2023-04-17T09:05:11.741-0300] {dag.py:3452} INFO - Setting next_dagrun for example_time_delta_sensor_async to None, run_after=None
[2023-04-17T09:05:11.763-0300] {processor.py:175} INFO - Processing /home/pepino/.virtualenvs/apache_airflow/lib/python3.10/site-packages/airflow/example_dags/example_time_delta_sensor_async.py took 0.058 seconds
[2023-04-17T09:05:55.971-0300] {processor.py:153} INFO - Started process (PID=82410) to work on /home/pepino/.virtualenvs/apache_airflow/lib/python3.10/site-packages/airflow/example_dags/example_time_delta_sensor_async.py
[2023-04-17T09:05:55.979-0300] {processor.py:743} INFO - Processing file /home/pepino/.virtualenvs/apache_airflow/lib/python3.10/site-packages/airflow/example_dags/example_time_delta_sensor_async.py for tasks to queue
[2023-04-17T09:05:55.980-0300] {logging_mixin.py:137} INFO - [2023-04-17T09:05:55.980-0300] {dagbag.py:532} INFO - Filling up the DagBag from /home/pepino/.virtualenvs/apache_airflow/lib/python3.10/site-packages/airflow/example_dags/example_time_delta_sensor_async.py
[2023-04-17T09:05:55.988-0300] {processor.py:753} INFO - DAG(s) dict_keys(['example_time_delta_sensor_async']) retrieved from /home/pepino/.virtualenvs/apache_airflow/lib/python3.10/site-packages/airflow/example_dags/example_time_delta_sensor_async.py
[2023-04-17T09:05:55.998-0300] {logging_mixin.py:137} INFO - [2023-04-17T09:05:55.998-0300] {dag.py:2705} INFO - Sync 1 DAGs
[2023-04-17T09:05:56.009-0300] {logging_mixin.py:137} INFO - [2023-04-17T09:05:56.009-0300] {dag.py:3452} INFO - Setting next_dagrun for example_time_delta_sensor_async to None, run_after=None
[2023-04-17T09:05:56.029-0300] {processor.py:175} INFO - Processing /home/pepino/.virtualenvs/apache_airflow/lib/python3.10/site-packages/airflow/example_dags/example_time_delta_sensor_async.py took 0.061 seconds
[2023-04-17T09:06:40.996-0300] {processor.py:153} INFO - Started process (PID=82524) to work on /home/pepino/.virtualenvs/apache_airflow/lib/python3.10/site-packages/airflow/example_dags/example_time_delta_sensor_async.py
[2023-04-17T09:06:40.997-0300] {processor.py:743} INFO - Processing file /home/pepino/.virtualenvs/apache_airflow/lib/python3.10/site-packages/airflow/example_dags/example_time_delta_sensor_async.py for tasks to queue
[2023-04-17T09:06:40.998-0300] {logging_mixin.py:137} INFO - [2023-04-17T09:06:40.998-0300] {dagbag.py:532} INFO - Filling up the DagBag from /home/pepino/.virtualenvs/apache_airflow/lib/python3.10/site-packages/airflow/example_dags/example_time_delta_sensor_async.py
[2023-04-17T09:06:41.008-0300] {processor.py:753} INFO - DAG(s) dict_keys(['example_time_delta_sensor_async']) retrieved from /home/pepino/.virtualenvs/apache_airflow/lib/python3.10/site-packages/airflow/example_dags/example_time_delta_sensor_async.py
[2023-04-17T09:06:41.018-0300] {logging_mixin.py:137} INFO - [2023-04-17T09:06:41.018-0300] {dag.py:2705} INFO - Sync 1 DAGs
[2023-04-17T09:06:41.028-0300] {logging_mixin.py:137} INFO - [2023-04-17T09:06:41.028-0300] {dag.py:3452} INFO - Setting next_dagrun for example_time_delta_sensor_async to None, run_after=None
[2023-04-17T09:06:41.109-0300] {processor.py:175} INFO - Processing /home/pepino/.virtualenvs/apache_airflow/lib/python3.10/site-packages/airflow/example_dags/example_time_delta_sensor_async.py took 0.118 seconds
[2023-04-17T09:07:33.940-0300] {processor.py:153} INFO - Started process (PID=82639) to work on /home/pepino/.virtualenvs/apache_airflow/lib/python3.10/site-packages/airflow/example_dags/example_time_delta_sensor_async.py
[2023-04-17T09:07:33.949-0300] {processor.py:743} INFO - Processing file /home/pepino/.virtualenvs/apache_airflow/lib/python3.10/site-packages/airflow/example_dags/example_time_delta_sensor_async.py for tasks to queue
[2023-04-17T09:07:33.950-0300] {logging_mixin.py:137} INFO - [2023-04-17T09:07:33.950-0300] {dagbag.py:532} INFO - Filling up the DagBag from /home/pepino/.virtualenvs/apache_airflow/lib/python3.10/site-packages/airflow/example_dags/example_time_delta_sensor_async.py
[2023-04-17T09:07:33.965-0300] {processor.py:753} INFO - DAG(s) dict_keys(['example_time_delta_sensor_async']) retrieved from /home/pepino/.virtualenvs/apache_airflow/lib/python3.10/site-packages/airflow/example_dags/example_time_delta_sensor_async.py
[2023-04-17T09:07:33.976-0300] {logging_mixin.py:137} INFO - [2023-04-17T09:07:33.976-0300] {dag.py:2705} INFO - Sync 1 DAGs
[2023-04-17T09:07:34.050-0300] {logging_mixin.py:137} INFO - [2023-04-17T09:07:34.050-0300] {dag.py:3452} INFO - Setting next_dagrun for example_time_delta_sensor_async to None, run_after=None
[2023-04-17T09:07:34.068-0300] {processor.py:175} INFO - Processing /home/pepino/.virtualenvs/apache_airflow/lib/python3.10/site-packages/airflow/example_dags/example_time_delta_sensor_async.py took 0.132 seconds
[2023-04-17T09:08:24.833-0300] {processor.py:153} INFO - Started process (PID=82755) to work on /home/pepino/.virtualenvs/apache_airflow/lib/python3.10/site-packages/airflow/example_dags/example_time_delta_sensor_async.py
[2023-04-17T09:08:24.841-0300] {processor.py:743} INFO - Processing file /home/pepino/.virtualenvs/apache_airflow/lib/python3.10/site-packages/airflow/example_dags/example_time_delta_sensor_async.py for tasks to queue
[2023-04-17T09:08:24.842-0300] {logging_mixin.py:137} INFO - [2023-04-17T09:08:24.842-0300] {dagbag.py:532} INFO - Filling up the DagBag from /home/pepino/.virtualenvs/apache_airflow/lib/python3.10/site-packages/airflow/example_dags/example_time_delta_sensor_async.py
[2023-04-17T09:08:24.856-0300] {processor.py:753} INFO - DAG(s) dict_keys(['example_time_delta_sensor_async']) retrieved from /home/pepino/.virtualenvs/apache_airflow/lib/python3.10/site-packages/airflow/example_dags/example_time_delta_sensor_async.py
[2023-04-17T09:08:24.923-0300] {logging_mixin.py:137} INFO - [2023-04-17T09:08:24.923-0300] {dag.py:2705} INFO - Sync 1 DAGs
[2023-04-17T09:08:24.931-0300] {logging_mixin.py:137} INFO - [2023-04-17T09:08:24.931-0300] {dag.py:3452} INFO - Setting next_dagrun for example_time_delta_sensor_async to None, run_after=None
[2023-04-17T09:08:24.958-0300] {processor.py:175} INFO - Processing /home/pepino/.virtualenvs/apache_airflow/lib/python3.10/site-packages/airflow/example_dags/example_time_delta_sensor_async.py took 0.127 seconds
