[2023-04-17T09:00:17.164-0300] {processor.py:153} INFO - Started process (PID=81567) to work on /home/pepino/.virtualenvs/apache_airflow/lib/python3.10/site-packages/airflow/example_dags/example_dynamic_task_mapping.py
[2023-04-17T09:00:17.165-0300] {processor.py:743} INFO - Processing file /home/pepino/.virtualenvs/apache_airflow/lib/python3.10/site-packages/airflow/example_dags/example_dynamic_task_mapping.py for tasks to queue
[2023-04-17T09:00:17.166-0300] {logging_mixin.py:137} INFO - [2023-04-17T09:00:17.166-0300] {dagbag.py:532} INFO - Filling up the DagBag from /home/pepino/.virtualenvs/apache_airflow/lib/python3.10/site-packages/airflow/example_dags/example_dynamic_task_mapping.py
[2023-04-17T09:00:17.184-0300] {processor.py:753} INFO - DAG(s) dict_keys(['example_dynamic_task_mapping']) retrieved from /home/pepino/.virtualenvs/apache_airflow/lib/python3.10/site-packages/airflow/example_dags/example_dynamic_task_mapping.py
[2023-04-17T09:00:17.193-0300] {logging_mixin.py:137} INFO - [2023-04-17T09:00:17.193-0300] {dag.py:2705} INFO - Sync 1 DAGs
[2023-04-17T09:00:17.203-0300] {logging_mixin.py:137} INFO - [2023-04-17T09:00:17.203-0300] {dag.py:3452} INFO - Setting next_dagrun for example_dynamic_task_mapping to 2022-03-04T00:00:00+00:00, run_after=2022-03-05T00:00:00+00:00
[2023-04-17T09:00:17.225-0300] {processor.py:175} INFO - Processing /home/pepino/.virtualenvs/apache_airflow/lib/python3.10/site-packages/airflow/example_dags/example_dynamic_task_mapping.py took 0.066 seconds
[2023-04-17T09:01:01.953-0300] {processor.py:153} INFO - Started process (PID=81708) to work on /home/pepino/.virtualenvs/apache_airflow/lib/python3.10/site-packages/airflow/example_dags/example_dynamic_task_mapping.py
[2023-04-17T09:01:01.962-0300] {processor.py:743} INFO - Processing file /home/pepino/.virtualenvs/apache_airflow/lib/python3.10/site-packages/airflow/example_dags/example_dynamic_task_mapping.py for tasks to queue
[2023-04-17T09:01:01.963-0300] {logging_mixin.py:137} INFO - [2023-04-17T09:01:01.963-0300] {dagbag.py:532} INFO - Filling up the DagBag from /home/pepino/.virtualenvs/apache_airflow/lib/python3.10/site-packages/airflow/example_dags/example_dynamic_task_mapping.py
[2023-04-17T09:01:01.985-0300] {processor.py:753} INFO - DAG(s) dict_keys(['example_dynamic_task_mapping']) retrieved from /home/pepino/.virtualenvs/apache_airflow/lib/python3.10/site-packages/airflow/example_dags/example_dynamic_task_mapping.py
[2023-04-17T09:01:01.993-0300] {logging_mixin.py:137} INFO - [2023-04-17T09:01:01.993-0300] {dag.py:2705} INFO - Sync 1 DAGs
[2023-04-17T09:01:02.002-0300] {logging_mixin.py:137} INFO - [2023-04-17T09:01:02.002-0300] {dag.py:3452} INFO - Setting next_dagrun for example_dynamic_task_mapping to 2022-03-04T00:00:00+00:00, run_after=2022-03-05T00:00:00+00:00
[2023-04-17T09:01:02.021-0300] {processor.py:175} INFO - Processing /home/pepino/.virtualenvs/apache_airflow/lib/python3.10/site-packages/airflow/example_dags/example_dynamic_task_mapping.py took 0.069 seconds
[2023-04-17T09:01:47.203-0300] {processor.py:153} INFO - Started process (PID=81802) to work on /home/pepino/.virtualenvs/apache_airflow/lib/python3.10/site-packages/airflow/example_dags/example_dynamic_task_mapping.py
[2023-04-17T09:01:47.212-0300] {processor.py:743} INFO - Processing file /home/pepino/.virtualenvs/apache_airflow/lib/python3.10/site-packages/airflow/example_dags/example_dynamic_task_mapping.py for tasks to queue
[2023-04-17T09:01:47.214-0300] {logging_mixin.py:137} INFO - [2023-04-17T09:01:47.214-0300] {dagbag.py:532} INFO - Filling up the DagBag from /home/pepino/.virtualenvs/apache_airflow/lib/python3.10/site-packages/airflow/example_dags/example_dynamic_task_mapping.py
[2023-04-17T09:01:47.232-0300] {processor.py:753} INFO - DAG(s) dict_keys(['example_dynamic_task_mapping']) retrieved from /home/pepino/.virtualenvs/apache_airflow/lib/python3.10/site-packages/airflow/example_dags/example_dynamic_task_mapping.py
[2023-04-17T09:01:47.240-0300] {logging_mixin.py:137} INFO - [2023-04-17T09:01:47.240-0300] {dag.py:2705} INFO - Sync 1 DAGs
[2023-04-17T09:01:47.250-0300] {logging_mixin.py:137} INFO - [2023-04-17T09:01:47.250-0300] {dag.py:3452} INFO - Setting next_dagrun for example_dynamic_task_mapping to 2022-03-04T00:00:00+00:00, run_after=2022-03-05T00:00:00+00:00
[2023-04-17T09:01:47.266-0300] {processor.py:175} INFO - Processing /home/pepino/.virtualenvs/apache_airflow/lib/python3.10/site-packages/airflow/example_dags/example_dynamic_task_mapping.py took 0.068 seconds
[2023-04-17T09:02:30.933-0300] {processor.py:153} INFO - Started process (PID=81889) to work on /home/pepino/.virtualenvs/apache_airflow/lib/python3.10/site-packages/airflow/example_dags/example_dynamic_task_mapping.py
[2023-04-17T09:02:30.942-0300] {processor.py:743} INFO - Processing file /home/pepino/.virtualenvs/apache_airflow/lib/python3.10/site-packages/airflow/example_dags/example_dynamic_task_mapping.py for tasks to queue
[2023-04-17T09:02:30.943-0300] {logging_mixin.py:137} INFO - [2023-04-17T09:02:30.942-0300] {dagbag.py:532} INFO - Filling up the DagBag from /home/pepino/.virtualenvs/apache_airflow/lib/python3.10/site-packages/airflow/example_dags/example_dynamic_task_mapping.py
[2023-04-17T09:02:30.960-0300] {processor.py:753} INFO - DAG(s) dict_keys(['example_dynamic_task_mapping']) retrieved from /home/pepino/.virtualenvs/apache_airflow/lib/python3.10/site-packages/airflow/example_dags/example_dynamic_task_mapping.py
[2023-04-17T09:02:30.969-0300] {logging_mixin.py:137} INFO - [2023-04-17T09:02:30.969-0300] {dag.py:2705} INFO - Sync 1 DAGs
[2023-04-17T09:02:30.978-0300] {logging_mixin.py:137} INFO - [2023-04-17T09:02:30.978-0300] {dag.py:3452} INFO - Setting next_dagrun for example_dynamic_task_mapping to 2022-03-04T00:00:00+00:00, run_after=2022-03-05T00:00:00+00:00
[2023-04-17T09:02:30.997-0300] {processor.py:175} INFO - Processing /home/pepino/.virtualenvs/apache_airflow/lib/python3.10/site-packages/airflow/example_dags/example_dynamic_task_mapping.py took 0.068 seconds
[2023-04-17T09:03:15.512-0300] {processor.py:153} INFO - Started process (PID=81980) to work on /home/pepino/.virtualenvs/apache_airflow/lib/python3.10/site-packages/airflow/example_dags/example_dynamic_task_mapping.py
[2023-04-17T09:03:15.521-0300] {processor.py:743} INFO - Processing file /home/pepino/.virtualenvs/apache_airflow/lib/python3.10/site-packages/airflow/example_dags/example_dynamic_task_mapping.py for tasks to queue
[2023-04-17T09:03:15.523-0300] {logging_mixin.py:137} INFO - [2023-04-17T09:03:15.522-0300] {dagbag.py:532} INFO - Filling up the DagBag from /home/pepino/.virtualenvs/apache_airflow/lib/python3.10/site-packages/airflow/example_dags/example_dynamic_task_mapping.py
[2023-04-17T09:03:15.541-0300] {processor.py:753} INFO - DAG(s) dict_keys(['example_dynamic_task_mapping']) retrieved from /home/pepino/.virtualenvs/apache_airflow/lib/python3.10/site-packages/airflow/example_dags/example_dynamic_task_mapping.py
[2023-04-17T09:03:15.550-0300] {logging_mixin.py:137} INFO - [2023-04-17T09:03:15.550-0300] {dag.py:2705} INFO - Sync 1 DAGs
[2023-04-17T09:03:15.559-0300] {logging_mixin.py:137} INFO - [2023-04-17T09:03:15.559-0300] {dag.py:3452} INFO - Setting next_dagrun for example_dynamic_task_mapping to 2022-03-04T00:00:00+00:00, run_after=2022-03-05T00:00:00+00:00
[2023-04-17T09:03:15.577-0300] {processor.py:175} INFO - Processing /home/pepino/.virtualenvs/apache_airflow/lib/python3.10/site-packages/airflow/example_dags/example_dynamic_task_mapping.py took 0.070 seconds
[2023-04-17T09:04:01.689-0300] {processor.py:153} INFO - Started process (PID=82115) to work on /home/pepino/.virtualenvs/apache_airflow/lib/python3.10/site-packages/airflow/example_dags/example_dynamic_task_mapping.py
[2023-04-17T09:04:01.697-0300] {processor.py:743} INFO - Processing file /home/pepino/.virtualenvs/apache_airflow/lib/python3.10/site-packages/airflow/example_dags/example_dynamic_task_mapping.py for tasks to queue
[2023-04-17T09:04:01.698-0300] {logging_mixin.py:137} INFO - [2023-04-17T09:04:01.698-0300] {dagbag.py:532} INFO - Filling up the DagBag from /home/pepino/.virtualenvs/apache_airflow/lib/python3.10/site-packages/airflow/example_dags/example_dynamic_task_mapping.py
[2023-04-17T09:04:01.710-0300] {processor.py:753} INFO - DAG(s) dict_keys(['example_dynamic_task_mapping']) retrieved from /home/pepino/.virtualenvs/apache_airflow/lib/python3.10/site-packages/airflow/example_dags/example_dynamic_task_mapping.py
[2023-04-17T09:04:01.721-0300] {logging_mixin.py:137} INFO - [2023-04-17T09:04:01.721-0300] {dag.py:2705} INFO - Sync 1 DAGs
[2023-04-17T09:04:01.733-0300] {logging_mixin.py:137} INFO - [2023-04-17T09:04:01.733-0300] {dag.py:3452} INFO - Setting next_dagrun for example_dynamic_task_mapping to 2022-03-04T00:00:00+00:00, run_after=2022-03-05T00:00:00+00:00
[2023-04-17T09:04:01.754-0300] {processor.py:175} INFO - Processing /home/pepino/.virtualenvs/apache_airflow/lib/python3.10/site-packages/airflow/example_dags/example_dynamic_task_mapping.py took 0.066 seconds
[2023-04-17T09:04:41.939-0300] {processor.py:153} INFO - Started process (PID=82209) to work on /home/pepino/.virtualenvs/apache_airflow/lib/python3.10/site-packages/airflow/example_dags/example_dynamic_task_mapping.py
[2023-04-17T09:04:41.948-0300] {processor.py:743} INFO - Processing file /home/pepino/.virtualenvs/apache_airflow/lib/python3.10/site-packages/airflow/example_dags/example_dynamic_task_mapping.py for tasks to queue
[2023-04-17T09:04:41.949-0300] {logging_mixin.py:137} INFO - [2023-04-17T09:04:41.948-0300] {dagbag.py:532} INFO - Filling up the DagBag from /home/pepino/.virtualenvs/apache_airflow/lib/python3.10/site-packages/airflow/example_dags/example_dynamic_task_mapping.py
[2023-04-17T09:04:41.969-0300] {processor.py:753} INFO - DAG(s) dict_keys(['example_dynamic_task_mapping']) retrieved from /home/pepino/.virtualenvs/apache_airflow/lib/python3.10/site-packages/airflow/example_dags/example_dynamic_task_mapping.py
[2023-04-17T09:04:41.978-0300] {logging_mixin.py:137} INFO - [2023-04-17T09:04:41.978-0300] {dag.py:2705} INFO - Sync 1 DAGs
[2023-04-17T09:04:41.986-0300] {logging_mixin.py:137} INFO - [2023-04-17T09:04:41.986-0300] {dag.py:3452} INFO - Setting next_dagrun for example_dynamic_task_mapping to 2022-03-04T00:00:00+00:00, run_after=2022-03-05T00:00:00+00:00
[2023-04-17T09:04:42.005-0300] {processor.py:175} INFO - Processing /home/pepino/.virtualenvs/apache_airflow/lib/python3.10/site-packages/airflow/example_dags/example_dynamic_task_mapping.py took 0.067 seconds
[2023-04-17T09:05:24.547-0300] {processor.py:153} INFO - Started process (PID=82341) to work on /home/pepino/.virtualenvs/apache_airflow/lib/python3.10/site-packages/airflow/example_dags/example_dynamic_task_mapping.py
[2023-04-17T09:05:24.556-0300] {processor.py:743} INFO - Processing file /home/pepino/.virtualenvs/apache_airflow/lib/python3.10/site-packages/airflow/example_dags/example_dynamic_task_mapping.py for tasks to queue
[2023-04-17T09:05:24.557-0300] {logging_mixin.py:137} INFO - [2023-04-17T09:05:24.557-0300] {dagbag.py:532} INFO - Filling up the DagBag from /home/pepino/.virtualenvs/apache_airflow/lib/python3.10/site-packages/airflow/example_dags/example_dynamic_task_mapping.py
[2023-04-17T09:05:24.579-0300] {processor.py:753} INFO - DAG(s) dict_keys(['example_dynamic_task_mapping']) retrieved from /home/pepino/.virtualenvs/apache_airflow/lib/python3.10/site-packages/airflow/example_dags/example_dynamic_task_mapping.py
[2023-04-17T09:05:24.589-0300] {logging_mixin.py:137} INFO - [2023-04-17T09:05:24.589-0300] {dag.py:2705} INFO - Sync 1 DAGs
[2023-04-17T09:05:24.600-0300] {logging_mixin.py:137} INFO - [2023-04-17T09:05:24.600-0300] {dag.py:3452} INFO - Setting next_dagrun for example_dynamic_task_mapping to 2022-03-04T00:00:00+00:00, run_after=2022-03-05T00:00:00+00:00
[2023-04-17T09:05:24.694-0300] {processor.py:175} INFO - Processing /home/pepino/.virtualenvs/apache_airflow/lib/python3.10/site-packages/airflow/example_dags/example_dynamic_task_mapping.py took 0.152 seconds
[2023-04-17T09:06:18.853-0300] {processor.py:153} INFO - Started process (PID=82486) to work on /home/pepino/.virtualenvs/apache_airflow/lib/python3.10/site-packages/airflow/example_dags/example_dynamic_task_mapping.py
[2023-04-17T09:06:18.862-0300] {processor.py:743} INFO - Processing file /home/pepino/.virtualenvs/apache_airflow/lib/python3.10/site-packages/airflow/example_dags/example_dynamic_task_mapping.py for tasks to queue
[2023-04-17T09:06:18.863-0300] {logging_mixin.py:137} INFO - [2023-04-17T09:06:18.863-0300] {dagbag.py:532} INFO - Filling up the DagBag from /home/pepino/.virtualenvs/apache_airflow/lib/python3.10/site-packages/airflow/example_dags/example_dynamic_task_mapping.py
[2023-04-17T09:06:18.884-0300] {processor.py:753} INFO - DAG(s) dict_keys(['example_dynamic_task_mapping']) retrieved from /home/pepino/.virtualenvs/apache_airflow/lib/python3.10/site-packages/airflow/example_dags/example_dynamic_task_mapping.py
[2023-04-17T09:06:18.893-0300] {logging_mixin.py:137} INFO - [2023-04-17T09:06:18.893-0300] {dag.py:2705} INFO - Sync 1 DAGs
[2023-04-17T09:06:18.978-0300] {logging_mixin.py:137} INFO - [2023-04-17T09:06:18.977-0300] {dag.py:3452} INFO - Setting next_dagrun for example_dynamic_task_mapping to 2022-03-04T00:00:00+00:00, run_after=2022-03-05T00:00:00+00:00
[2023-04-17T09:06:19.006-0300] {processor.py:175} INFO - Processing /home/pepino/.virtualenvs/apache_airflow/lib/python3.10/site-packages/airflow/example_dags/example_dynamic_task_mapping.py took 0.157 seconds
[2023-04-17T09:07:02.275-0300] {processor.py:153} INFO - Started process (PID=82581) to work on /home/pepino/.virtualenvs/apache_airflow/lib/python3.10/site-packages/airflow/example_dags/example_dynamic_task_mapping.py
[2023-04-17T09:07:02.284-0300] {processor.py:743} INFO - Processing file /home/pepino/.virtualenvs/apache_airflow/lib/python3.10/site-packages/airflow/example_dags/example_dynamic_task_mapping.py for tasks to queue
[2023-04-17T09:07:02.285-0300] {logging_mixin.py:137} INFO - [2023-04-17T09:07:02.284-0300] {dagbag.py:532} INFO - Filling up the DagBag from /home/pepino/.virtualenvs/apache_airflow/lib/python3.10/site-packages/airflow/example_dags/example_dynamic_task_mapping.py
[2023-04-17T09:07:02.303-0300] {processor.py:753} INFO - DAG(s) dict_keys(['example_dynamic_task_mapping']) retrieved from /home/pepino/.virtualenvs/apache_airflow/lib/python3.10/site-packages/airflow/example_dags/example_dynamic_task_mapping.py
[2023-04-17T09:07:02.313-0300] {logging_mixin.py:137} INFO - [2023-04-17T09:07:02.313-0300] {dag.py:2705} INFO - Sync 1 DAGs
[2023-04-17T09:07:02.389-0300] {logging_mixin.py:137} INFO - [2023-04-17T09:07:02.389-0300] {dag.py:3452} INFO - Setting next_dagrun for example_dynamic_task_mapping to 2022-03-04T00:00:00+00:00, run_after=2022-03-05T00:00:00+00:00
[2023-04-17T09:07:02.406-0300] {processor.py:175} INFO - Processing /home/pepino/.virtualenvs/apache_airflow/lib/python3.10/site-packages/airflow/example_dags/example_dynamic_task_mapping.py took 0.135 seconds
[2023-04-17T09:07:54.818-0300] {processor.py:153} INFO - Started process (PID=82680) to work on /home/pepino/.virtualenvs/apache_airflow/lib/python3.10/site-packages/airflow/example_dags/example_dynamic_task_mapping.py
[2023-04-17T09:07:54.820-0300] {processor.py:743} INFO - Processing file /home/pepino/.virtualenvs/apache_airflow/lib/python3.10/site-packages/airflow/example_dags/example_dynamic_task_mapping.py for tasks to queue
[2023-04-17T09:07:54.821-0300] {logging_mixin.py:137} INFO - [2023-04-17T09:07:54.821-0300] {dagbag.py:532} INFO - Filling up the DagBag from /home/pepino/.virtualenvs/apache_airflow/lib/python3.10/site-packages/airflow/example_dags/example_dynamic_task_mapping.py
[2023-04-17T09:07:54.836-0300] {processor.py:753} INFO - DAG(s) dict_keys(['example_dynamic_task_mapping']) retrieved from /home/pepino/.virtualenvs/apache_airflow/lib/python3.10/site-packages/airflow/example_dags/example_dynamic_task_mapping.py
[2023-04-17T09:07:54.911-0300] {logging_mixin.py:137} INFO - [2023-04-17T09:07:54.911-0300] {dag.py:2705} INFO - Sync 1 DAGs
[2023-04-17T09:07:54.921-0300] {logging_mixin.py:137} INFO - [2023-04-17T09:07:54.921-0300] {dag.py:3452} INFO - Setting next_dagrun for example_dynamic_task_mapping to 2022-03-04T00:00:00+00:00, run_after=2022-03-05T00:00:00+00:00
[2023-04-17T09:07:54.958-0300] {processor.py:175} INFO - Processing /home/pepino/.virtualenvs/apache_airflow/lib/python3.10/site-packages/airflow/example_dags/example_dynamic_task_mapping.py took 0.144 seconds
