[2023-04-17T09:00:11.414-0300] {processor.py:153} INFO - Started process (PID=81525) to work on /home/pepino/.virtualenvs/apache_airflow/lib/python3.10/site-packages/airflow/example_dags/example_short_circuit_decorator.py
[2023-04-17T09:00:11.415-0300] {processor.py:743} INFO - Processing file /home/pepino/.virtualenvs/apache_airflow/lib/python3.10/site-packages/airflow/example_dags/example_short_circuit_decorator.py for tasks to queue
[2023-04-17T09:00:11.416-0300] {logging_mixin.py:137} INFO - [2023-04-17T09:00:11.416-0300] {dagbag.py:532} INFO - Filling up the DagBag from /home/pepino/.virtualenvs/apache_airflow/lib/python3.10/site-packages/airflow/example_dags/example_short_circuit_decorator.py
[2023-04-17T09:00:11.433-0300] {processor.py:753} INFO - DAG(s) dict_keys(['example_short_circuit_decorator']) retrieved from /home/pepino/.virtualenvs/apache_airflow/lib/python3.10/site-packages/airflow/example_dags/example_short_circuit_decorator.py
[2023-04-17T09:00:11.444-0300] {logging_mixin.py:137} INFO - [2023-04-17T09:00:11.444-0300] {dag.py:2705} INFO - Sync 1 DAGs
[2023-04-17T09:00:11.454-0300] {logging_mixin.py:137} INFO - [2023-04-17T09:00:11.454-0300] {dag.py:3452} INFO - Setting next_dagrun for example_short_circuit_decorator to 2023-04-16T12:00:11.454150+00:00, run_after=2023-04-17T12:00:11.454150+00:00
[2023-04-17T09:00:11.478-0300] {processor.py:175} INFO - Processing /home/pepino/.virtualenvs/apache_airflow/lib/python3.10/site-packages/airflow/example_dags/example_short_circuit_decorator.py took 0.068 seconds
[2023-04-17T09:00:54.519-0300] {processor.py:153} INFO - Started process (PID=81691) to work on /home/pepino/.virtualenvs/apache_airflow/lib/python3.10/site-packages/airflow/example_dags/example_short_circuit_decorator.py
[2023-04-17T09:00:54.528-0300] {processor.py:743} INFO - Processing file /home/pepino/.virtualenvs/apache_airflow/lib/python3.10/site-packages/airflow/example_dags/example_short_circuit_decorator.py for tasks to queue
[2023-04-17T09:00:54.529-0300] {logging_mixin.py:137} INFO - [2023-04-17T09:00:54.529-0300] {dagbag.py:532} INFO - Filling up the DagBag from /home/pepino/.virtualenvs/apache_airflow/lib/python3.10/site-packages/airflow/example_dags/example_short_circuit_decorator.py
[2023-04-17T09:00:54.549-0300] {processor.py:753} INFO - DAG(s) dict_keys(['example_short_circuit_decorator']) retrieved from /home/pepino/.virtualenvs/apache_airflow/lib/python3.10/site-packages/airflow/example_dags/example_short_circuit_decorator.py
[2023-04-17T09:00:54.559-0300] {logging_mixin.py:137} INFO - [2023-04-17T09:00:54.559-0300] {dag.py:2705} INFO - Sync 1 DAGs
[2023-04-17T09:00:54.569-0300] {logging_mixin.py:137} INFO - [2023-04-17T09:00:54.568-0300] {dag.py:3452} INFO - Setting next_dagrun for example_short_circuit_decorator to 2023-04-16T12:00:54.568807+00:00, run_after=2023-04-17T12:00:54.568807+00:00
[2023-04-17T09:00:54.588-0300] {processor.py:175} INFO - Processing /home/pepino/.virtualenvs/apache_airflow/lib/python3.10/site-packages/airflow/example_dags/example_short_circuit_decorator.py took 0.073 seconds
[2023-04-17T09:01:39.717-0300] {processor.py:153} INFO - Started process (PID=81783) to work on /home/pepino/.virtualenvs/apache_airflow/lib/python3.10/site-packages/airflow/example_dags/example_short_circuit_decorator.py
[2023-04-17T09:01:39.726-0300] {processor.py:743} INFO - Processing file /home/pepino/.virtualenvs/apache_airflow/lib/python3.10/site-packages/airflow/example_dags/example_short_circuit_decorator.py for tasks to queue
[2023-04-17T09:01:39.727-0300] {logging_mixin.py:137} INFO - [2023-04-17T09:01:39.727-0300] {dagbag.py:532} INFO - Filling up the DagBag from /home/pepino/.virtualenvs/apache_airflow/lib/python3.10/site-packages/airflow/example_dags/example_short_circuit_decorator.py
[2023-04-17T09:01:39.747-0300] {processor.py:753} INFO - DAG(s) dict_keys(['example_short_circuit_decorator']) retrieved from /home/pepino/.virtualenvs/apache_airflow/lib/python3.10/site-packages/airflow/example_dags/example_short_circuit_decorator.py
[2023-04-17T09:01:39.758-0300] {logging_mixin.py:137} INFO - [2023-04-17T09:01:39.757-0300] {dag.py:2705} INFO - Sync 1 DAGs
[2023-04-17T09:01:39.768-0300] {logging_mixin.py:137} INFO - [2023-04-17T09:01:39.768-0300] {dag.py:3452} INFO - Setting next_dagrun for example_short_circuit_decorator to 2023-04-16T12:01:39.768400+00:00, run_after=2023-04-17T12:01:39.768400+00:00
[2023-04-17T09:01:39.787-0300] {processor.py:175} INFO - Processing /home/pepino/.virtualenvs/apache_airflow/lib/python3.10/site-packages/airflow/example_dags/example_short_circuit_decorator.py took 0.075 seconds
[2023-04-17T09:02:23.644-0300] {processor.py:153} INFO - Started process (PID=81882) to work on /home/pepino/.virtualenvs/apache_airflow/lib/python3.10/site-packages/airflow/example_dags/example_short_circuit_decorator.py
[2023-04-17T09:02:23.653-0300] {processor.py:743} INFO - Processing file /home/pepino/.virtualenvs/apache_airflow/lib/python3.10/site-packages/airflow/example_dags/example_short_circuit_decorator.py for tasks to queue
[2023-04-17T09:02:23.654-0300] {logging_mixin.py:137} INFO - [2023-04-17T09:02:23.653-0300] {dagbag.py:532} INFO - Filling up the DagBag from /home/pepino/.virtualenvs/apache_airflow/lib/python3.10/site-packages/airflow/example_dags/example_short_circuit_decorator.py
[2023-04-17T09:02:23.676-0300] {processor.py:753} INFO - DAG(s) dict_keys(['example_short_circuit_decorator']) retrieved from /home/pepino/.virtualenvs/apache_airflow/lib/python3.10/site-packages/airflow/example_dags/example_short_circuit_decorator.py
[2023-04-17T09:02:23.685-0300] {logging_mixin.py:137} INFO - [2023-04-17T09:02:23.685-0300] {dag.py:2705} INFO - Sync 1 DAGs
[2023-04-17T09:02:23.695-0300] {logging_mixin.py:137} INFO - [2023-04-17T09:02:23.694-0300] {dag.py:3452} INFO - Setting next_dagrun for example_short_circuit_decorator to 2023-04-16T12:02:23.694872+00:00, run_after=2023-04-17T12:02:23.694872+00:00
[2023-04-17T09:02:23.713-0300] {processor.py:175} INFO - Processing /home/pepino/.virtualenvs/apache_airflow/lib/python3.10/site-packages/airflow/example_dags/example_short_circuit_decorator.py took 0.071 seconds
[2023-04-17T09:03:05.358-0300] {processor.py:153} INFO - Started process (PID=81959) to work on /home/pepino/.virtualenvs/apache_airflow/lib/python3.10/site-packages/airflow/example_dags/example_short_circuit_decorator.py
[2023-04-17T09:03:05.366-0300] {processor.py:743} INFO - Processing file /home/pepino/.virtualenvs/apache_airflow/lib/python3.10/site-packages/airflow/example_dags/example_short_circuit_decorator.py for tasks to queue
[2023-04-17T09:03:05.367-0300] {logging_mixin.py:137} INFO - [2023-04-17T09:03:05.367-0300] {dagbag.py:532} INFO - Filling up the DagBag from /home/pepino/.virtualenvs/apache_airflow/lib/python3.10/site-packages/airflow/example_dags/example_short_circuit_decorator.py
[2023-04-17T09:03:05.389-0300] {processor.py:753} INFO - DAG(s) dict_keys(['example_short_circuit_decorator']) retrieved from /home/pepino/.virtualenvs/apache_airflow/lib/python3.10/site-packages/airflow/example_dags/example_short_circuit_decorator.py
[2023-04-17T09:03:05.399-0300] {logging_mixin.py:137} INFO - [2023-04-17T09:03:05.399-0300] {dag.py:2705} INFO - Sync 1 DAGs
[2023-04-17T09:03:05.407-0300] {logging_mixin.py:137} INFO - [2023-04-17T09:03:05.407-0300] {dag.py:3452} INFO - Setting next_dagrun for example_short_circuit_decorator to 2023-04-16T12:03:05.407709+00:00, run_after=2023-04-17T12:03:05.407709+00:00
[2023-04-17T09:03:05.425-0300] {processor.py:175} INFO - Processing /home/pepino/.virtualenvs/apache_airflow/lib/python3.10/site-packages/airflow/example_dags/example_short_circuit_decorator.py took 0.071 seconds
[2023-04-17T09:03:51.260-0300] {processor.py:153} INFO - Started process (PID=82087) to work on /home/pepino/.virtualenvs/apache_airflow/lib/python3.10/site-packages/airflow/example_dags/example_short_circuit_decorator.py
[2023-04-17T09:03:51.269-0300] {processor.py:743} INFO - Processing file /home/pepino/.virtualenvs/apache_airflow/lib/python3.10/site-packages/airflow/example_dags/example_short_circuit_decorator.py for tasks to queue
[2023-04-17T09:03:51.271-0300] {logging_mixin.py:137} INFO - [2023-04-17T09:03:51.271-0300] {dagbag.py:532} INFO - Filling up the DagBag from /home/pepino/.virtualenvs/apache_airflow/lib/python3.10/site-packages/airflow/example_dags/example_short_circuit_decorator.py
[2023-04-17T09:03:51.295-0300] {processor.py:753} INFO - DAG(s) dict_keys(['example_short_circuit_decorator']) retrieved from /home/pepino/.virtualenvs/apache_airflow/lib/python3.10/site-packages/airflow/example_dags/example_short_circuit_decorator.py
[2023-04-17T09:03:51.310-0300] {logging_mixin.py:137} INFO - [2023-04-17T09:03:51.310-0300] {dag.py:2705} INFO - Sync 1 DAGs
[2023-04-17T09:03:51.319-0300] {logging_mixin.py:137} INFO - [2023-04-17T09:03:51.319-0300] {dag.py:3452} INFO - Setting next_dagrun for example_short_circuit_decorator to 2023-04-16T12:03:51.319601+00:00, run_after=2023-04-17T12:03:51.319601+00:00
[2023-04-17T09:03:51.347-0300] {processor.py:175} INFO - Processing /home/pepino/.virtualenvs/apache_airflow/lib/python3.10/site-packages/airflow/example_dags/example_short_circuit_decorator.py took 0.091 seconds
[2023-04-17T09:04:33.936-0300] {processor.py:153} INFO - Started process (PID=82191) to work on /home/pepino/.virtualenvs/apache_airflow/lib/python3.10/site-packages/airflow/example_dags/example_short_circuit_decorator.py
[2023-04-17T09:04:33.944-0300] {processor.py:743} INFO - Processing file /home/pepino/.virtualenvs/apache_airflow/lib/python3.10/site-packages/airflow/example_dags/example_short_circuit_decorator.py for tasks to queue
[2023-04-17T09:04:33.945-0300] {logging_mixin.py:137} INFO - [2023-04-17T09:04:33.945-0300] {dagbag.py:532} INFO - Filling up the DagBag from /home/pepino/.virtualenvs/apache_airflow/lib/python3.10/site-packages/airflow/example_dags/example_short_circuit_decorator.py
[2023-04-17T09:04:33.966-0300] {processor.py:753} INFO - DAG(s) dict_keys(['example_short_circuit_decorator']) retrieved from /home/pepino/.virtualenvs/apache_airflow/lib/python3.10/site-packages/airflow/example_dags/example_short_circuit_decorator.py
[2023-04-17T09:04:33.976-0300] {logging_mixin.py:137} INFO - [2023-04-17T09:04:33.976-0300] {dag.py:2705} INFO - Sync 1 DAGs
[2023-04-17T09:04:33.985-0300] {logging_mixin.py:137} INFO - [2023-04-17T09:04:33.985-0300] {dag.py:3452} INFO - Setting next_dagrun for example_short_circuit_decorator to 2023-04-16T12:04:33.985134+00:00, run_after=2023-04-17T12:04:33.985134+00:00
[2023-04-17T09:04:34.002-0300] {processor.py:175} INFO - Processing /home/pepino/.virtualenvs/apache_airflow/lib/python3.10/site-packages/airflow/example_dags/example_short_circuit_decorator.py took 0.071 seconds
[2023-04-17T09:05:13.996-0300] {processor.py:153} INFO - Started process (PID=82321) to work on /home/pepino/.virtualenvs/apache_airflow/lib/python3.10/site-packages/airflow/example_dags/example_short_circuit_decorator.py
[2023-04-17T09:05:14.004-0300] {processor.py:743} INFO - Processing file /home/pepino/.virtualenvs/apache_airflow/lib/python3.10/site-packages/airflow/example_dags/example_short_circuit_decorator.py for tasks to queue
[2023-04-17T09:05:14.005-0300] {logging_mixin.py:137} INFO - [2023-04-17T09:05:14.004-0300] {dagbag.py:532} INFO - Filling up the DagBag from /home/pepino/.virtualenvs/apache_airflow/lib/python3.10/site-packages/airflow/example_dags/example_short_circuit_decorator.py
[2023-04-17T09:05:14.022-0300] {processor.py:753} INFO - DAG(s) dict_keys(['example_short_circuit_decorator']) retrieved from /home/pepino/.virtualenvs/apache_airflow/lib/python3.10/site-packages/airflow/example_dags/example_short_circuit_decorator.py
[2023-04-17T09:05:14.033-0300] {logging_mixin.py:137} INFO - [2023-04-17T09:05:14.033-0300] {dag.py:2705} INFO - Sync 1 DAGs
[2023-04-17T09:05:14.044-0300] {logging_mixin.py:137} INFO - [2023-04-17T09:05:14.044-0300] {dag.py:3452} INFO - Setting next_dagrun for example_short_circuit_decorator to 2023-04-16T12:05:14.044035+00:00, run_after=2023-04-17T12:05:14.044035+00:00
[2023-04-17T09:05:14.139-0300] {processor.py:175} INFO - Processing /home/pepino/.virtualenvs/apache_airflow/lib/python3.10/site-packages/airflow/example_dags/example_short_circuit_decorator.py took 0.146 seconds
[2023-04-17T09:05:58.352-0300] {processor.py:153} INFO - Started process (PID=82419) to work on /home/pepino/.virtualenvs/apache_airflow/lib/python3.10/site-packages/airflow/example_dags/example_short_circuit_decorator.py
[2023-04-17T09:05:58.361-0300] {processor.py:743} INFO - Processing file /home/pepino/.virtualenvs/apache_airflow/lib/python3.10/site-packages/airflow/example_dags/example_short_circuit_decorator.py for tasks to queue
[2023-04-17T09:05:58.362-0300] {logging_mixin.py:137} INFO - [2023-04-17T09:05:58.362-0300] {dagbag.py:532} INFO - Filling up the DagBag from /home/pepino/.virtualenvs/apache_airflow/lib/python3.10/site-packages/airflow/example_dags/example_short_circuit_decorator.py
[2023-04-17T09:05:58.384-0300] {processor.py:753} INFO - DAG(s) dict_keys(['example_short_circuit_decorator']) retrieved from /home/pepino/.virtualenvs/apache_airflow/lib/python3.10/site-packages/airflow/example_dags/example_short_circuit_decorator.py
[2023-04-17T09:05:58.394-0300] {logging_mixin.py:137} INFO - [2023-04-17T09:05:58.394-0300] {dag.py:2705} INFO - Sync 1 DAGs
[2023-04-17T09:05:58.477-0300] {logging_mixin.py:137} INFO - [2023-04-17T09:05:58.477-0300] {dag.py:3452} INFO - Setting next_dagrun for example_short_circuit_decorator to 2023-04-16T12:05:58.476953+00:00, run_after=2023-04-17T12:05:58.476953+00:00
[2023-04-17T09:05:58.506-0300] {processor.py:175} INFO - Processing /home/pepino/.virtualenvs/apache_airflow/lib/python3.10/site-packages/airflow/example_dags/example_short_circuit_decorator.py took 0.158 seconds
[2023-04-17T09:06:53.888-0300] {processor.py:153} INFO - Started process (PID=82565) to work on /home/pepino/.virtualenvs/apache_airflow/lib/python3.10/site-packages/airflow/example_dags/example_short_circuit_decorator.py
[2023-04-17T09:06:53.896-0300] {processor.py:743} INFO - Processing file /home/pepino/.virtualenvs/apache_airflow/lib/python3.10/site-packages/airflow/example_dags/example_short_circuit_decorator.py for tasks to queue
[2023-04-17T09:06:53.897-0300] {logging_mixin.py:137} INFO - [2023-04-17T09:06:53.897-0300] {dagbag.py:532} INFO - Filling up the DagBag from /home/pepino/.virtualenvs/apache_airflow/lib/python3.10/site-packages/airflow/example_dags/example_short_circuit_decorator.py
[2023-04-17T09:06:53.918-0300] {processor.py:753} INFO - DAG(s) dict_keys(['example_short_circuit_decorator']) retrieved from /home/pepino/.virtualenvs/apache_airflow/lib/python3.10/site-packages/airflow/example_dags/example_short_circuit_decorator.py
[2023-04-17T09:06:53.928-0300] {logging_mixin.py:137} INFO - [2023-04-17T09:06:53.928-0300] {dag.py:2705} INFO - Sync 1 DAGs
[2023-04-17T09:06:54.003-0300] {logging_mixin.py:137} INFO - [2023-04-17T09:06:54.002-0300] {dag.py:3452} INFO - Setting next_dagrun for example_short_circuit_decorator to 2023-04-16T12:06:54.002795+00:00, run_after=2023-04-17T12:06:54.002795+00:00
[2023-04-17T09:06:54.029-0300] {processor.py:175} INFO - Processing /home/pepino/.virtualenvs/apache_airflow/lib/python3.10/site-packages/airflow/example_dags/example_short_circuit_decorator.py took 0.143 seconds
[2023-04-17T09:07:36.465-0300] {processor.py:153} INFO - Started process (PID=82647) to work on /home/pepino/.virtualenvs/apache_airflow/lib/python3.10/site-packages/airflow/example_dags/example_short_circuit_decorator.py
[2023-04-17T09:07:36.473-0300] {processor.py:743} INFO - Processing file /home/pepino/.virtualenvs/apache_airflow/lib/python3.10/site-packages/airflow/example_dags/example_short_circuit_decorator.py for tasks to queue
[2023-04-17T09:07:36.474-0300] {logging_mixin.py:137} INFO - [2023-04-17T09:07:36.474-0300] {dagbag.py:532} INFO - Filling up the DagBag from /home/pepino/.virtualenvs/apache_airflow/lib/python3.10/site-packages/airflow/example_dags/example_short_circuit_decorator.py
[2023-04-17T09:07:36.494-0300] {processor.py:753} INFO - DAG(s) dict_keys(['example_short_circuit_decorator']) retrieved from /home/pepino/.virtualenvs/apache_airflow/lib/python3.10/site-packages/airflow/example_dags/example_short_circuit_decorator.py
[2023-04-17T09:07:36.569-0300] {logging_mixin.py:137} INFO - [2023-04-17T09:07:36.569-0300] {dag.py:2705} INFO - Sync 1 DAGs
[2023-04-17T09:07:36.578-0300] {logging_mixin.py:137} INFO - [2023-04-17T09:07:36.578-0300] {dag.py:3452} INFO - Setting next_dagrun for example_short_circuit_decorator to 2023-04-16T12:07:36.578117+00:00, run_after=2023-04-17T12:07:36.578117+00:00
[2023-04-17T09:07:36.605-0300] {processor.py:175} INFO - Processing /home/pepino/.virtualenvs/apache_airflow/lib/python3.10/site-packages/airflow/example_dags/example_short_circuit_decorator.py took 0.144 seconds
[2023-04-17T09:08:26.361-0300] {processor.py:153} INFO - Started process (PID=82757) to work on /home/pepino/.virtualenvs/apache_airflow/lib/python3.10/site-packages/airflow/example_dags/example_short_circuit_decorator.py
[2023-04-17T09:08:26.361-0300] {processor.py:743} INFO - Processing file /home/pepino/.virtualenvs/apache_airflow/lib/python3.10/site-packages/airflow/example_dags/example_short_circuit_decorator.py for tasks to queue
[2023-04-17T09:08:26.362-0300] {logging_mixin.py:137} INFO - [2023-04-17T09:08:26.362-0300] {dagbag.py:532} INFO - Filling up the DagBag from /home/pepino/.virtualenvs/apache_airflow/lib/python3.10/site-packages/airflow/example_dags/example_short_circuit_decorator.py
[2023-04-17T09:08:26.378-0300] {processor.py:753} INFO - DAG(s) dict_keys(['example_short_circuit_decorator']) retrieved from /home/pepino/.virtualenvs/apache_airflow/lib/python3.10/site-packages/airflow/example_dags/example_short_circuit_decorator.py
[2023-04-17T09:08:26.454-0300] {logging_mixin.py:137} INFO - [2023-04-17T09:08:26.454-0300] {dag.py:2705} INFO - Sync 1 DAGs
[2023-04-17T09:08:26.462-0300] {logging_mixin.py:137} INFO - [2023-04-17T09:08:26.462-0300] {dag.py:3452} INFO - Setting next_dagrun for example_short_circuit_decorator to 2023-04-16T12:08:26.462635+00:00, run_after=2023-04-17T12:08:26.462635+00:00
[2023-04-17T09:08:26.507-0300] {processor.py:175} INFO - Processing /home/pepino/.virtualenvs/apache_airflow/lib/python3.10/site-packages/airflow/example_dags/example_short_circuit_decorator.py took 0.149 seconds
