[2023-04-17T09:00:16.576-0300] {processor.py:153} INFO - Started process (PID=81562) to work on /home/pepino/.virtualenvs/apache_airflow/lib/python3.10/site-packages/airflow/example_dags/example_branch_operator_decorator.py
[2023-04-17T09:00:16.576-0300] {processor.py:743} INFO - Processing file /home/pepino/.virtualenvs/apache_airflow/lib/python3.10/site-packages/airflow/example_dags/example_branch_operator_decorator.py for tasks to queue
[2023-04-17T09:00:16.576-0300] {logging_mixin.py:137} INFO - [2023-04-17T09:00:16.576-0300] {dagbag.py:532} INFO - Filling up the DagBag from /home/pepino/.virtualenvs/apache_airflow/lib/python3.10/site-packages/airflow/example_dags/example_branch_operator_decorator.py
[2023-04-17T09:00:16.592-0300] {processor.py:753} INFO - DAG(s) dict_keys(['example_branch_python_operator_decorator']) retrieved from /home/pepino/.virtualenvs/apache_airflow/lib/python3.10/site-packages/airflow/example_dags/example_branch_operator_decorator.py
[2023-04-17T09:00:16.603-0300] {logging_mixin.py:137} INFO - [2023-04-17T09:00:16.603-0300] {dag.py:2705} INFO - Sync 1 DAGs
[2023-04-17T09:00:16.613-0300] {logging_mixin.py:137} INFO - [2023-04-17T09:00:16.613-0300] {dag.py:3452} INFO - Setting next_dagrun for example_branch_python_operator_decorator to 2023-04-16T00:00:00+00:00, run_after=2023-04-17T00:00:00+00:00
[2023-04-17T09:00:16.636-0300] {processor.py:175} INFO - Processing /home/pepino/.virtualenvs/apache_airflow/lib/python3.10/site-packages/airflow/example_dags/example_branch_operator_decorator.py took 0.062 seconds
[2023-04-17T09:01:00.811-0300] {processor.py:153} INFO - Started process (PID=81707) to work on /home/pepino/.virtualenvs/apache_airflow/lib/python3.10/site-packages/airflow/example_dags/example_branch_operator_decorator.py
[2023-04-17T09:01:00.819-0300] {processor.py:743} INFO - Processing file /home/pepino/.virtualenvs/apache_airflow/lib/python3.10/site-packages/airflow/example_dags/example_branch_operator_decorator.py for tasks to queue
[2023-04-17T09:01:00.820-0300] {logging_mixin.py:137} INFO - [2023-04-17T09:01:00.820-0300] {dagbag.py:532} INFO - Filling up the DagBag from /home/pepino/.virtualenvs/apache_airflow/lib/python3.10/site-packages/airflow/example_dags/example_branch_operator_decorator.py
[2023-04-17T09:01:00.839-0300] {processor.py:753} INFO - DAG(s) dict_keys(['example_branch_python_operator_decorator']) retrieved from /home/pepino/.virtualenvs/apache_airflow/lib/python3.10/site-packages/airflow/example_dags/example_branch_operator_decorator.py
[2023-04-17T09:01:00.849-0300] {logging_mixin.py:137} INFO - [2023-04-17T09:01:00.849-0300] {dag.py:2705} INFO - Sync 1 DAGs
[2023-04-17T09:01:00.859-0300] {logging_mixin.py:137} INFO - [2023-04-17T09:01:00.859-0300] {dag.py:3452} INFO - Setting next_dagrun for example_branch_python_operator_decorator to 2023-04-16T00:00:00+00:00, run_after=2023-04-17T00:00:00+00:00
[2023-04-17T09:01:00.877-0300] {processor.py:175} INFO - Processing /home/pepino/.virtualenvs/apache_airflow/lib/python3.10/site-packages/airflow/example_dags/example_branch_operator_decorator.py took 0.067 seconds
[2023-04-17T09:01:46.063-0300] {processor.py:153} INFO - Started process (PID=81798) to work on /home/pepino/.virtualenvs/apache_airflow/lib/python3.10/site-packages/airflow/example_dags/example_branch_operator_decorator.py
[2023-04-17T09:01:46.072-0300] {processor.py:743} INFO - Processing file /home/pepino/.virtualenvs/apache_airflow/lib/python3.10/site-packages/airflow/example_dags/example_branch_operator_decorator.py for tasks to queue
[2023-04-17T09:01:46.073-0300] {logging_mixin.py:137} INFO - [2023-04-17T09:01:46.073-0300] {dagbag.py:532} INFO - Filling up the DagBag from /home/pepino/.virtualenvs/apache_airflow/lib/python3.10/site-packages/airflow/example_dags/example_branch_operator_decorator.py
[2023-04-17T09:01:46.093-0300] {processor.py:753} INFO - DAG(s) dict_keys(['example_branch_python_operator_decorator']) retrieved from /home/pepino/.virtualenvs/apache_airflow/lib/python3.10/site-packages/airflow/example_dags/example_branch_operator_decorator.py
[2023-04-17T09:01:46.104-0300] {logging_mixin.py:137} INFO - [2023-04-17T09:01:46.103-0300] {dag.py:2705} INFO - Sync 1 DAGs
[2023-04-17T09:01:46.114-0300] {logging_mixin.py:137} INFO - [2023-04-17T09:01:46.114-0300] {dag.py:3452} INFO - Setting next_dagrun for example_branch_python_operator_decorator to 2023-04-16T00:00:00+00:00, run_after=2023-04-17T00:00:00+00:00
[2023-04-17T09:01:46.133-0300] {processor.py:175} INFO - Processing /home/pepino/.virtualenvs/apache_airflow/lib/python3.10/site-packages/airflow/example_dags/example_branch_operator_decorator.py took 0.075 seconds
[2023-04-17T09:02:29.794-0300] {processor.py:153} INFO - Started process (PID=81888) to work on /home/pepino/.virtualenvs/apache_airflow/lib/python3.10/site-packages/airflow/example_dags/example_branch_operator_decorator.py
[2023-04-17T09:02:29.802-0300] {processor.py:743} INFO - Processing file /home/pepino/.virtualenvs/apache_airflow/lib/python3.10/site-packages/airflow/example_dags/example_branch_operator_decorator.py for tasks to queue
[2023-04-17T09:02:29.804-0300] {logging_mixin.py:137} INFO - [2023-04-17T09:02:29.804-0300] {dagbag.py:532} INFO - Filling up the DagBag from /home/pepino/.virtualenvs/apache_airflow/lib/python3.10/site-packages/airflow/example_dags/example_branch_operator_decorator.py
[2023-04-17T09:02:29.828-0300] {processor.py:753} INFO - DAG(s) dict_keys(['example_branch_python_operator_decorator']) retrieved from /home/pepino/.virtualenvs/apache_airflow/lib/python3.10/site-packages/airflow/example_dags/example_branch_operator_decorator.py
[2023-04-17T09:02:29.838-0300] {logging_mixin.py:137} INFO - [2023-04-17T09:02:29.838-0300] {dag.py:2705} INFO - Sync 1 DAGs
[2023-04-17T09:02:29.848-0300] {logging_mixin.py:137} INFO - [2023-04-17T09:02:29.848-0300] {dag.py:3452} INFO - Setting next_dagrun for example_branch_python_operator_decorator to 2023-04-16T00:00:00+00:00, run_after=2023-04-17T00:00:00+00:00
[2023-04-17T09:02:29.875-0300] {processor.py:175} INFO - Processing /home/pepino/.virtualenvs/apache_airflow/lib/python3.10/site-packages/airflow/example_dags/example_branch_operator_decorator.py took 0.086 seconds
[2023-04-17T09:03:11.738-0300] {processor.py:153} INFO - Started process (PID=81969) to work on /home/pepino/.virtualenvs/apache_airflow/lib/python3.10/site-packages/airflow/example_dags/example_branch_operator_decorator.py
[2023-04-17T09:03:11.746-0300] {processor.py:743} INFO - Processing file /home/pepino/.virtualenvs/apache_airflow/lib/python3.10/site-packages/airflow/example_dags/example_branch_operator_decorator.py for tasks to queue
[2023-04-17T09:03:11.747-0300] {logging_mixin.py:137} INFO - [2023-04-17T09:03:11.747-0300] {dagbag.py:532} INFO - Filling up the DagBag from /home/pepino/.virtualenvs/apache_airflow/lib/python3.10/site-packages/airflow/example_dags/example_branch_operator_decorator.py
[2023-04-17T09:03:11.768-0300] {processor.py:753} INFO - DAG(s) dict_keys(['example_branch_python_operator_decorator']) retrieved from /home/pepino/.virtualenvs/apache_airflow/lib/python3.10/site-packages/airflow/example_dags/example_branch_operator_decorator.py
[2023-04-17T09:03:11.778-0300] {logging_mixin.py:137} INFO - [2023-04-17T09:03:11.778-0300] {dag.py:2705} INFO - Sync 1 DAGs
[2023-04-17T09:03:11.787-0300] {logging_mixin.py:137} INFO - [2023-04-17T09:03:11.787-0300] {dag.py:3452} INFO - Setting next_dagrun for example_branch_python_operator_decorator to 2023-04-16T00:00:00+00:00, run_after=2023-04-17T00:00:00+00:00
[2023-04-17T09:03:11.806-0300] {processor.py:175} INFO - Processing /home/pepino/.virtualenvs/apache_airflow/lib/python3.10/site-packages/airflow/example_dags/example_branch_operator_decorator.py took 0.069 seconds
[2023-04-17T09:03:56.073-0300] {processor.py:153} INFO - Started process (PID=82096) to work on /home/pepino/.virtualenvs/apache_airflow/lib/python3.10/site-packages/airflow/example_dags/example_branch_operator_decorator.py
[2023-04-17T09:03:56.081-0300] {processor.py:743} INFO - Processing file /home/pepino/.virtualenvs/apache_airflow/lib/python3.10/site-packages/airflow/example_dags/example_branch_operator_decorator.py for tasks to queue
[2023-04-17T09:03:56.083-0300] {logging_mixin.py:137} INFO - [2023-04-17T09:03:56.082-0300] {dagbag.py:532} INFO - Filling up the DagBag from /home/pepino/.virtualenvs/apache_airflow/lib/python3.10/site-packages/airflow/example_dags/example_branch_operator_decorator.py
[2023-04-17T09:03:56.103-0300] {processor.py:753} INFO - DAG(s) dict_keys(['example_branch_python_operator_decorator']) retrieved from /home/pepino/.virtualenvs/apache_airflow/lib/python3.10/site-packages/airflow/example_dags/example_branch_operator_decorator.py
[2023-04-17T09:03:56.113-0300] {logging_mixin.py:137} INFO - [2023-04-17T09:03:56.113-0300] {dag.py:2705} INFO - Sync 1 DAGs
[2023-04-17T09:03:56.124-0300] {logging_mixin.py:137} INFO - [2023-04-17T09:03:56.124-0300] {dag.py:3452} INFO - Setting next_dagrun for example_branch_python_operator_decorator to 2023-04-16T00:00:00+00:00, run_after=2023-04-17T00:00:00+00:00
[2023-04-17T09:03:56.141-0300] {processor.py:175} INFO - Processing /home/pepino/.virtualenvs/apache_airflow/lib/python3.10/site-packages/airflow/example_dags/example_branch_operator_decorator.py took 0.075 seconds
[2023-04-17T09:04:39.224-0300] {processor.py:153} INFO - Started process (PID=82199) to work on /home/pepino/.virtualenvs/apache_airflow/lib/python3.10/site-packages/airflow/example_dags/example_branch_operator_decorator.py
[2023-04-17T09:04:39.225-0300] {processor.py:743} INFO - Processing file /home/pepino/.virtualenvs/apache_airflow/lib/python3.10/site-packages/airflow/example_dags/example_branch_operator_decorator.py for tasks to queue
[2023-04-17T09:04:39.225-0300] {logging_mixin.py:137} INFO - [2023-04-17T09:04:39.225-0300] {dagbag.py:532} INFO - Filling up the DagBag from /home/pepino/.virtualenvs/apache_airflow/lib/python3.10/site-packages/airflow/example_dags/example_branch_operator_decorator.py
[2023-04-17T09:04:39.241-0300] {processor.py:753} INFO - DAG(s) dict_keys(['example_branch_python_operator_decorator']) retrieved from /home/pepino/.virtualenvs/apache_airflow/lib/python3.10/site-packages/airflow/example_dags/example_branch_operator_decorator.py
[2023-04-17T09:04:39.251-0300] {logging_mixin.py:137} INFO - [2023-04-17T09:04:39.251-0300] {dag.py:2705} INFO - Sync 1 DAGs
[2023-04-17T09:04:39.261-0300] {logging_mixin.py:137} INFO - [2023-04-17T09:04:39.261-0300] {dag.py:3452} INFO - Setting next_dagrun for example_branch_python_operator_decorator to 2023-04-16T00:00:00+00:00, run_after=2023-04-17T00:00:00+00:00
[2023-04-17T09:04:39.280-0300] {processor.py:175} INFO - Processing /home/pepino/.virtualenvs/apache_airflow/lib/python3.10/site-packages/airflow/example_dags/example_branch_operator_decorator.py took 0.061 seconds
[2023-04-17T09:05:23.299-0300] {processor.py:153} INFO - Started process (PID=82335) to work on /home/pepino/.virtualenvs/apache_airflow/lib/python3.10/site-packages/airflow/example_dags/example_branch_operator_decorator.py
[2023-04-17T09:05:23.308-0300] {processor.py:743} INFO - Processing file /home/pepino/.virtualenvs/apache_airflow/lib/python3.10/site-packages/airflow/example_dags/example_branch_operator_decorator.py for tasks to queue
[2023-04-17T09:05:23.309-0300] {logging_mixin.py:137} INFO - [2023-04-17T09:05:23.308-0300] {dagbag.py:532} INFO - Filling up the DagBag from /home/pepino/.virtualenvs/apache_airflow/lib/python3.10/site-packages/airflow/example_dags/example_branch_operator_decorator.py
[2023-04-17T09:05:23.327-0300] {processor.py:753} INFO - DAG(s) dict_keys(['example_branch_python_operator_decorator']) retrieved from /home/pepino/.virtualenvs/apache_airflow/lib/python3.10/site-packages/airflow/example_dags/example_branch_operator_decorator.py
[2023-04-17T09:05:23.338-0300] {logging_mixin.py:137} INFO - [2023-04-17T09:05:23.338-0300] {dag.py:2705} INFO - Sync 1 DAGs
[2023-04-17T09:05:23.350-0300] {logging_mixin.py:137} INFO - [2023-04-17T09:05:23.350-0300] {dag.py:3452} INFO - Setting next_dagrun for example_branch_python_operator_decorator to 2023-04-16T00:00:00+00:00, run_after=2023-04-17T00:00:00+00:00
[2023-04-17T09:05:23.445-0300] {processor.py:175} INFO - Processing /home/pepino/.virtualenvs/apache_airflow/lib/python3.10/site-packages/airflow/example_dags/example_branch_operator_decorator.py took 0.149 seconds
[2023-04-17T09:06:17.595-0300] {processor.py:153} INFO - Started process (PID=82477) to work on /home/pepino/.virtualenvs/apache_airflow/lib/python3.10/site-packages/airflow/example_dags/example_branch_operator_decorator.py
[2023-04-17T09:06:17.604-0300] {processor.py:743} INFO - Processing file /home/pepino/.virtualenvs/apache_airflow/lib/python3.10/site-packages/airflow/example_dags/example_branch_operator_decorator.py for tasks to queue
[2023-04-17T09:06:17.604-0300] {logging_mixin.py:137} INFO - [2023-04-17T09:06:17.604-0300] {dagbag.py:532} INFO - Filling up the DagBag from /home/pepino/.virtualenvs/apache_airflow/lib/python3.10/site-packages/airflow/example_dags/example_branch_operator_decorator.py
[2023-04-17T09:06:17.622-0300] {processor.py:753} INFO - DAG(s) dict_keys(['example_branch_python_operator_decorator']) retrieved from /home/pepino/.virtualenvs/apache_airflow/lib/python3.10/site-packages/airflow/example_dags/example_branch_operator_decorator.py
[2023-04-17T09:06:17.635-0300] {logging_mixin.py:137} INFO - [2023-04-17T09:06:17.635-0300] {dag.py:2705} INFO - Sync 1 DAGs
[2023-04-17T09:06:17.719-0300] {logging_mixin.py:137} INFO - [2023-04-17T09:06:17.719-0300] {dag.py:3452} INFO - Setting next_dagrun for example_branch_python_operator_decorator to 2023-04-16T00:00:00+00:00, run_after=2023-04-17T00:00:00+00:00
[2023-04-17T09:06:17.745-0300] {processor.py:175} INFO - Processing /home/pepino/.virtualenvs/apache_airflow/lib/python3.10/site-packages/airflow/example_dags/example_branch_operator_decorator.py took 0.152 seconds
[2023-04-17T09:07:01.025-0300] {processor.py:153} INFO - Started process (PID=82579) to work on /home/pepino/.virtualenvs/apache_airflow/lib/python3.10/site-packages/airflow/example_dags/example_branch_operator_decorator.py
[2023-04-17T09:07:01.034-0300] {processor.py:743} INFO - Processing file /home/pepino/.virtualenvs/apache_airflow/lib/python3.10/site-packages/airflow/example_dags/example_branch_operator_decorator.py for tasks to queue
[2023-04-17T09:07:01.035-0300] {logging_mixin.py:137} INFO - [2023-04-17T09:07:01.035-0300] {dagbag.py:532} INFO - Filling up the DagBag from /home/pepino/.virtualenvs/apache_airflow/lib/python3.10/site-packages/airflow/example_dags/example_branch_operator_decorator.py
[2023-04-17T09:07:01.056-0300] {processor.py:753} INFO - DAG(s) dict_keys(['example_branch_python_operator_decorator']) retrieved from /home/pepino/.virtualenvs/apache_airflow/lib/python3.10/site-packages/airflow/example_dags/example_branch_operator_decorator.py
[2023-04-17T09:07:01.067-0300] {logging_mixin.py:137} INFO - [2023-04-17T09:07:01.067-0300] {dag.py:2705} INFO - Sync 1 DAGs
[2023-04-17T09:07:01.141-0300] {logging_mixin.py:137} INFO - [2023-04-17T09:07:01.140-0300] {dag.py:3452} INFO - Setting next_dagrun for example_branch_python_operator_decorator to 2023-04-16T00:00:00+00:00, run_after=2023-04-17T00:00:00+00:00
[2023-04-17T09:07:01.167-0300] {processor.py:175} INFO - Processing /home/pepino/.virtualenvs/apache_airflow/lib/python3.10/site-packages/airflow/example_dags/example_branch_operator_decorator.py took 0.146 seconds
[2023-04-17T09:07:54.140-0300] {processor.py:153} INFO - Started process (PID=82679) to work on /home/pepino/.virtualenvs/apache_airflow/lib/python3.10/site-packages/airflow/example_dags/example_branch_operator_decorator.py
[2023-04-17T09:07:54.149-0300] {processor.py:743} INFO - Processing file /home/pepino/.virtualenvs/apache_airflow/lib/python3.10/site-packages/airflow/example_dags/example_branch_operator_decorator.py for tasks to queue
[2023-04-17T09:07:54.150-0300] {logging_mixin.py:137} INFO - [2023-04-17T09:07:54.150-0300] {dagbag.py:532} INFO - Filling up the DagBag from /home/pepino/.virtualenvs/apache_airflow/lib/python3.10/site-packages/airflow/example_dags/example_branch_operator_decorator.py
[2023-04-17T09:07:54.172-0300] {processor.py:753} INFO - DAG(s) dict_keys(['example_branch_python_operator_decorator']) retrieved from /home/pepino/.virtualenvs/apache_airflow/lib/python3.10/site-packages/airflow/example_dags/example_branch_operator_decorator.py
[2023-04-17T09:07:54.246-0300] {logging_mixin.py:137} INFO - [2023-04-17T09:07:54.246-0300] {dag.py:2705} INFO - Sync 1 DAGs
[2023-04-17T09:07:54.256-0300] {logging_mixin.py:137} INFO - [2023-04-17T09:07:54.256-0300] {dag.py:3452} INFO - Setting next_dagrun for example_branch_python_operator_decorator to 2023-04-16T00:00:00+00:00, run_after=2023-04-17T00:00:00+00:00
[2023-04-17T09:07:54.285-0300] {processor.py:175} INFO - Processing /home/pepino/.virtualenvs/apache_airflow/lib/python3.10/site-packages/airflow/example_dags/example_branch_operator_decorator.py took 0.149 seconds
