[2023-04-17T09:00:11.831-0300] {processor.py:153} INFO - Started process (PID=81531) to work on /home/pepino/.virtualenvs/apache_airflow/lib/python3.10/site-packages/airflow/example_dags/example_nested_branch_dag.py
[2023-04-17T09:00:11.832-0300] {processor.py:743} INFO - Processing file /home/pepino/.virtualenvs/apache_airflow/lib/python3.10/site-packages/airflow/example_dags/example_nested_branch_dag.py for tasks to queue
[2023-04-17T09:00:11.833-0300] {logging_mixin.py:137} INFO - [2023-04-17T09:00:11.833-0300] {dagbag.py:532} INFO - Filling up the DagBag from /home/pepino/.virtualenvs/apache_airflow/lib/python3.10/site-packages/airflow/example_dags/example_nested_branch_dag.py
[2023-04-17T09:00:11.850-0300] {processor.py:753} INFO - DAG(s) dict_keys(['example_nested_branch_dag']) retrieved from /home/pepino/.virtualenvs/apache_airflow/lib/python3.10/site-packages/airflow/example_dags/example_nested_branch_dag.py
[2023-04-17T09:00:11.860-0300] {logging_mixin.py:137} INFO - [2023-04-17T09:00:11.860-0300] {dag.py:2705} INFO - Sync 1 DAGs
[2023-04-17T09:00:11.870-0300] {logging_mixin.py:137} INFO - [2023-04-17T09:00:11.870-0300] {dag.py:3452} INFO - Setting next_dagrun for example_nested_branch_dag to 2023-04-16T00:00:00+00:00, run_after=2023-04-17T00:00:00+00:00
[2023-04-17T09:00:11.893-0300] {processor.py:175} INFO - Processing /home/pepino/.virtualenvs/apache_airflow/lib/python3.10/site-packages/airflow/example_dags/example_nested_branch_dag.py took 0.067 seconds
[2023-04-17T09:00:55.656-0300] {processor.py:153} INFO - Started process (PID=81697) to work on /home/pepino/.virtualenvs/apache_airflow/lib/python3.10/site-packages/airflow/example_dags/example_nested_branch_dag.py
[2023-04-17T09:00:55.665-0300] {processor.py:743} INFO - Processing file /home/pepino/.virtualenvs/apache_airflow/lib/python3.10/site-packages/airflow/example_dags/example_nested_branch_dag.py for tasks to queue
[2023-04-17T09:00:55.666-0300] {logging_mixin.py:137} INFO - [2023-04-17T09:00:55.666-0300] {dagbag.py:532} INFO - Filling up the DagBag from /home/pepino/.virtualenvs/apache_airflow/lib/python3.10/site-packages/airflow/example_dags/example_nested_branch_dag.py
[2023-04-17T09:00:55.688-0300] {processor.py:753} INFO - DAG(s) dict_keys(['example_nested_branch_dag']) retrieved from /home/pepino/.virtualenvs/apache_airflow/lib/python3.10/site-packages/airflow/example_dags/example_nested_branch_dag.py
[2023-04-17T09:00:55.697-0300] {logging_mixin.py:137} INFO - [2023-04-17T09:00:55.697-0300] {dag.py:2705} INFO - Sync 1 DAGs
[2023-04-17T09:00:55.707-0300] {logging_mixin.py:137} INFO - [2023-04-17T09:00:55.707-0300] {dag.py:3452} INFO - Setting next_dagrun for example_nested_branch_dag to 2023-04-16T00:00:00+00:00, run_after=2023-04-17T00:00:00+00:00
[2023-04-17T09:00:55.725-0300] {processor.py:175} INFO - Processing /home/pepino/.virtualenvs/apache_airflow/lib/python3.10/site-packages/airflow/example_dags/example_nested_branch_dag.py took 0.074 seconds
[2023-04-17T09:01:40.885-0300] {processor.py:153} INFO - Started process (PID=81784) to work on /home/pepino/.virtualenvs/apache_airflow/lib/python3.10/site-packages/airflow/example_dags/example_nested_branch_dag.py
[2023-04-17T09:01:40.894-0300] {processor.py:743} INFO - Processing file /home/pepino/.virtualenvs/apache_airflow/lib/python3.10/site-packages/airflow/example_dags/example_nested_branch_dag.py for tasks to queue
[2023-04-17T09:01:40.895-0300] {logging_mixin.py:137} INFO - [2023-04-17T09:01:40.895-0300] {dagbag.py:532} INFO - Filling up the DagBag from /home/pepino/.virtualenvs/apache_airflow/lib/python3.10/site-packages/airflow/example_dags/example_nested_branch_dag.py
[2023-04-17T09:01:40.916-0300] {processor.py:753} INFO - DAG(s) dict_keys(['example_nested_branch_dag']) retrieved from /home/pepino/.virtualenvs/apache_airflow/lib/python3.10/site-packages/airflow/example_dags/example_nested_branch_dag.py
[2023-04-17T09:01:40.926-0300] {logging_mixin.py:137} INFO - [2023-04-17T09:01:40.926-0300] {dag.py:2705} INFO - Sync 1 DAGs
[2023-04-17T09:01:40.937-0300] {logging_mixin.py:137} INFO - [2023-04-17T09:01:40.937-0300] {dag.py:3452} INFO - Setting next_dagrun for example_nested_branch_dag to 2023-04-16T00:00:00+00:00, run_after=2023-04-17T00:00:00+00:00
[2023-04-17T09:01:40.955-0300] {processor.py:175} INFO - Processing /home/pepino/.virtualenvs/apache_airflow/lib/python3.10/site-packages/airflow/example_dags/example_nested_branch_dag.py took 0.071 seconds
[2023-04-17T09:02:24.792-0300] {processor.py:153} INFO - Started process (PID=81883) to work on /home/pepino/.virtualenvs/apache_airflow/lib/python3.10/site-packages/airflow/example_dags/example_nested_branch_dag.py
[2023-04-17T09:02:24.800-0300] {processor.py:743} INFO - Processing file /home/pepino/.virtualenvs/apache_airflow/lib/python3.10/site-packages/airflow/example_dags/example_nested_branch_dag.py for tasks to queue
[2023-04-17T09:02:24.801-0300] {logging_mixin.py:137} INFO - [2023-04-17T09:02:24.801-0300] {dagbag.py:532} INFO - Filling up the DagBag from /home/pepino/.virtualenvs/apache_airflow/lib/python3.10/site-packages/airflow/example_dags/example_nested_branch_dag.py
[2023-04-17T09:02:24.823-0300] {processor.py:753} INFO - DAG(s) dict_keys(['example_nested_branch_dag']) retrieved from /home/pepino/.virtualenvs/apache_airflow/lib/python3.10/site-packages/airflow/example_dags/example_nested_branch_dag.py
[2023-04-17T09:02:24.832-0300] {logging_mixin.py:137} INFO - [2023-04-17T09:02:24.832-0300] {dag.py:2705} INFO - Sync 1 DAGs
[2023-04-17T09:02:24.842-0300] {logging_mixin.py:137} INFO - [2023-04-17T09:02:24.842-0300] {dag.py:3452} INFO - Setting next_dagrun for example_nested_branch_dag to 2023-04-16T00:00:00+00:00, run_after=2023-04-17T00:00:00+00:00
[2023-04-17T09:02:24.860-0300] {processor.py:175} INFO - Processing /home/pepino/.virtualenvs/apache_airflow/lib/python3.10/site-packages/airflow/example_dags/example_nested_branch_dag.py took 0.072 seconds
[2023-04-17T09:03:06.498-0300] {processor.py:153} INFO - Started process (PID=81960) to work on /home/pepino/.virtualenvs/apache_airflow/lib/python3.10/site-packages/airflow/example_dags/example_nested_branch_dag.py
[2023-04-17T09:03:06.498-0300] {processor.py:743} INFO - Processing file /home/pepino/.virtualenvs/apache_airflow/lib/python3.10/site-packages/airflow/example_dags/example_nested_branch_dag.py for tasks to queue
[2023-04-17T09:03:06.498-0300] {logging_mixin.py:137} INFO - [2023-04-17T09:03:06.498-0300] {dagbag.py:532} INFO - Filling up the DagBag from /home/pepino/.virtualenvs/apache_airflow/lib/python3.10/site-packages/airflow/example_dags/example_nested_branch_dag.py
[2023-04-17T09:03:06.514-0300] {processor.py:753} INFO - DAG(s) dict_keys(['example_nested_branch_dag']) retrieved from /home/pepino/.virtualenvs/apache_airflow/lib/python3.10/site-packages/airflow/example_dags/example_nested_branch_dag.py
[2023-04-17T09:03:06.525-0300] {logging_mixin.py:137} INFO - [2023-04-17T09:03:06.525-0300] {dag.py:2705} INFO - Sync 1 DAGs
[2023-04-17T09:03:06.535-0300] {logging_mixin.py:137} INFO - [2023-04-17T09:03:06.535-0300] {dag.py:3452} INFO - Setting next_dagrun for example_nested_branch_dag to 2023-04-16T00:00:00+00:00, run_after=2023-04-17T00:00:00+00:00
[2023-04-17T09:03:06.552-0300] {processor.py:175} INFO - Processing /home/pepino/.virtualenvs/apache_airflow/lib/python3.10/site-packages/airflow/example_dags/example_nested_branch_dag.py took 0.056 seconds
[2023-04-17T09:03:52.007-0300] {processor.py:153} INFO - Started process (PID=82089) to work on /home/pepino/.virtualenvs/apache_airflow/lib/python3.10/site-packages/airflow/example_dags/example_nested_branch_dag.py
[2023-04-17T09:03:52.008-0300] {processor.py:743} INFO - Processing file /home/pepino/.virtualenvs/apache_airflow/lib/python3.10/site-packages/airflow/example_dags/example_nested_branch_dag.py for tasks to queue
[2023-04-17T09:03:52.009-0300] {logging_mixin.py:137} INFO - [2023-04-17T09:03:52.009-0300] {dagbag.py:532} INFO - Filling up the DagBag from /home/pepino/.virtualenvs/apache_airflow/lib/python3.10/site-packages/airflow/example_dags/example_nested_branch_dag.py
[2023-04-17T09:03:52.027-0300] {processor.py:753} INFO - DAG(s) dict_keys(['example_nested_branch_dag']) retrieved from /home/pepino/.virtualenvs/apache_airflow/lib/python3.10/site-packages/airflow/example_dags/example_nested_branch_dag.py
[2023-04-17T09:03:52.039-0300] {logging_mixin.py:137} INFO - [2023-04-17T09:03:52.039-0300] {dag.py:2705} INFO - Sync 1 DAGs
[2023-04-17T09:03:52.050-0300] {logging_mixin.py:137} INFO - [2023-04-17T09:03:52.050-0300] {dag.py:3452} INFO - Setting next_dagrun for example_nested_branch_dag to 2023-04-16T00:00:00+00:00, run_after=2023-04-17T00:00:00+00:00
[2023-04-17T09:03:52.075-0300] {processor.py:175} INFO - Processing /home/pepino/.virtualenvs/apache_airflow/lib/python3.10/site-packages/airflow/example_dags/example_nested_branch_dag.py took 0.073 seconds
[2023-04-17T09:04:35.063-0300] {processor.py:153} INFO - Started process (PID=82193) to work on /home/pepino/.virtualenvs/apache_airflow/lib/python3.10/site-packages/airflow/example_dags/example_nested_branch_dag.py
[2023-04-17T09:04:35.071-0300] {processor.py:743} INFO - Processing file /home/pepino/.virtualenvs/apache_airflow/lib/python3.10/site-packages/airflow/example_dags/example_nested_branch_dag.py for tasks to queue
[2023-04-17T09:04:35.072-0300] {logging_mixin.py:137} INFO - [2023-04-17T09:04:35.072-0300] {dagbag.py:532} INFO - Filling up the DagBag from /home/pepino/.virtualenvs/apache_airflow/lib/python3.10/site-packages/airflow/example_dags/example_nested_branch_dag.py
[2023-04-17T09:04:35.087-0300] {processor.py:753} INFO - DAG(s) dict_keys(['example_nested_branch_dag']) retrieved from /home/pepino/.virtualenvs/apache_airflow/lib/python3.10/site-packages/airflow/example_dags/example_nested_branch_dag.py
[2023-04-17T09:04:35.097-0300] {logging_mixin.py:137} INFO - [2023-04-17T09:04:35.097-0300] {dag.py:2705} INFO - Sync 1 DAGs
[2023-04-17T09:04:35.106-0300] {logging_mixin.py:137} INFO - [2023-04-17T09:04:35.106-0300] {dag.py:3452} INFO - Setting next_dagrun for example_nested_branch_dag to 2023-04-16T00:00:00+00:00, run_after=2023-04-17T00:00:00+00:00
[2023-04-17T09:04:35.125-0300] {processor.py:175} INFO - Processing /home/pepino/.virtualenvs/apache_airflow/lib/python3.10/site-packages/airflow/example_dags/example_nested_branch_dag.py took 0.064 seconds
[2023-04-17T09:05:15.242-0300] {processor.py:153} INFO - Started process (PID=82323) to work on /home/pepino/.virtualenvs/apache_airflow/lib/python3.10/site-packages/airflow/example_dags/example_nested_branch_dag.py
[2023-04-17T09:05:15.251-0300] {processor.py:743} INFO - Processing file /home/pepino/.virtualenvs/apache_airflow/lib/python3.10/site-packages/airflow/example_dags/example_nested_branch_dag.py for tasks to queue
[2023-04-17T09:05:15.252-0300] {logging_mixin.py:137} INFO - [2023-04-17T09:05:15.252-0300] {dagbag.py:532} INFO - Filling up the DagBag from /home/pepino/.virtualenvs/apache_airflow/lib/python3.10/site-packages/airflow/example_dags/example_nested_branch_dag.py
[2023-04-17T09:05:15.270-0300] {processor.py:753} INFO - DAG(s) dict_keys(['example_nested_branch_dag']) retrieved from /home/pepino/.virtualenvs/apache_airflow/lib/python3.10/site-packages/airflow/example_dags/example_nested_branch_dag.py
[2023-04-17T09:05:15.281-0300] {logging_mixin.py:137} INFO - [2023-04-17T09:05:15.281-0300] {dag.py:2705} INFO - Sync 1 DAGs
[2023-04-17T09:05:15.290-0300] {logging_mixin.py:137} INFO - [2023-04-17T09:05:15.290-0300] {dag.py:3452} INFO - Setting next_dagrun for example_nested_branch_dag to 2023-04-16T00:00:00+00:00, run_after=2023-04-17T00:00:00+00:00
[2023-04-17T09:05:15.378-0300] {processor.py:175} INFO - Processing /home/pepino/.virtualenvs/apache_airflow/lib/python3.10/site-packages/airflow/example_dags/example_nested_branch_dag.py took 0.138 seconds
[2023-04-17T09:05:58.725-0300] {processor.py:153} INFO - Started process (PID=82422) to work on /home/pepino/.virtualenvs/apache_airflow/lib/python3.10/site-packages/airflow/example_dags/example_nested_branch_dag.py
[2023-04-17T09:05:58.734-0300] {processor.py:743} INFO - Processing file /home/pepino/.virtualenvs/apache_airflow/lib/python3.10/site-packages/airflow/example_dags/example_nested_branch_dag.py for tasks to queue
[2023-04-17T09:05:58.735-0300] {logging_mixin.py:137} INFO - [2023-04-17T09:05:58.735-0300] {dagbag.py:532} INFO - Filling up the DagBag from /home/pepino/.virtualenvs/apache_airflow/lib/python3.10/site-packages/airflow/example_dags/example_nested_branch_dag.py
[2023-04-17T09:05:58.755-0300] {processor.py:753} INFO - DAG(s) dict_keys(['example_nested_branch_dag']) retrieved from /home/pepino/.virtualenvs/apache_airflow/lib/python3.10/site-packages/airflow/example_dags/example_nested_branch_dag.py
[2023-04-17T09:05:58.766-0300] {logging_mixin.py:137} INFO - [2023-04-17T09:05:58.766-0300] {dag.py:2705} INFO - Sync 1 DAGs
[2023-04-17T09:05:58.841-0300] {logging_mixin.py:137} INFO - [2023-04-17T09:05:58.841-0300] {dag.py:3452} INFO - Setting next_dagrun for example_nested_branch_dag to 2023-04-16T00:00:00+00:00, run_after=2023-04-17T00:00:00+00:00
[2023-04-17T09:05:58.859-0300] {processor.py:175} INFO - Processing /home/pepino/.virtualenvs/apache_airflow/lib/python3.10/site-packages/airflow/example_dags/example_nested_branch_dag.py took 0.137 seconds
[2023-04-17T09:06:55.119-0300] {processor.py:153} INFO - Started process (PID=82566) to work on /home/pepino/.virtualenvs/apache_airflow/lib/python3.10/site-packages/airflow/example_dags/example_nested_branch_dag.py
[2023-04-17T09:06:55.119-0300] {processor.py:743} INFO - Processing file /home/pepino/.virtualenvs/apache_airflow/lib/python3.10/site-packages/airflow/example_dags/example_nested_branch_dag.py for tasks to queue
[2023-04-17T09:06:55.120-0300] {logging_mixin.py:137} INFO - [2023-04-17T09:06:55.120-0300] {dagbag.py:532} INFO - Filling up the DagBag from /home/pepino/.virtualenvs/apache_airflow/lib/python3.10/site-packages/airflow/example_dags/example_nested_branch_dag.py
[2023-04-17T09:06:55.138-0300] {processor.py:753} INFO - DAG(s) dict_keys(['example_nested_branch_dag']) retrieved from /home/pepino/.virtualenvs/apache_airflow/lib/python3.10/site-packages/airflow/example_dags/example_nested_branch_dag.py
[2023-04-17T09:06:55.155-0300] {logging_mixin.py:137} INFO - [2023-04-17T09:06:55.155-0300] {dag.py:2705} INFO - Sync 1 DAGs
[2023-04-17T09:06:55.269-0300] {logging_mixin.py:137} INFO - [2023-04-17T09:06:55.269-0300] {dag.py:3452} INFO - Setting next_dagrun for example_nested_branch_dag to 2023-04-16T00:00:00+00:00, run_after=2023-04-17T00:00:00+00:00
[2023-04-17T09:06:55.297-0300] {processor.py:175} INFO - Processing /home/pepino/.virtualenvs/apache_airflow/lib/python3.10/site-packages/airflow/example_dags/example_nested_branch_dag.py took 0.179 seconds
[2023-04-17T09:07:49.272-0300] {processor.py:153} INFO - Started process (PID=82673) to work on /home/pepino/.virtualenvs/apache_airflow/lib/python3.10/site-packages/airflow/example_dags/example_nested_branch_dag.py
[2023-04-17T09:07:49.281-0300] {processor.py:743} INFO - Processing file /home/pepino/.virtualenvs/apache_airflow/lib/python3.10/site-packages/airflow/example_dags/example_nested_branch_dag.py for tasks to queue
[2023-04-17T09:07:49.282-0300] {logging_mixin.py:137} INFO - [2023-04-17T09:07:49.281-0300] {dagbag.py:532} INFO - Filling up the DagBag from /home/pepino/.virtualenvs/apache_airflow/lib/python3.10/site-packages/airflow/example_dags/example_nested_branch_dag.py
[2023-04-17T09:07:49.304-0300] {processor.py:753} INFO - DAG(s) dict_keys(['example_nested_branch_dag']) retrieved from /home/pepino/.virtualenvs/apache_airflow/lib/python3.10/site-packages/airflow/example_dags/example_nested_branch_dag.py
[2023-04-17T09:07:49.381-0300] {logging_mixin.py:137} INFO - [2023-04-17T09:07:49.381-0300] {dag.py:2705} INFO - Sync 1 DAGs
[2023-04-17T09:07:49.390-0300] {logging_mixin.py:137} INFO - [2023-04-17T09:07:49.390-0300] {dag.py:3452} INFO - Setting next_dagrun for example_nested_branch_dag to 2023-04-16T00:00:00+00:00, run_after=2023-04-17T00:00:00+00:00
[2023-04-17T09:07:49.407-0300] {processor.py:175} INFO - Processing /home/pepino/.virtualenvs/apache_airflow/lib/python3.10/site-packages/airflow/example_dags/example_nested_branch_dag.py took 0.138 seconds
