[2023-04-17T09:00:27.477-0300] {processor.py:153} INFO - Started process (PID=81624) to work on /home/pepino/.virtualenvs/apache_airflow/lib/python3.10/site-packages/airflow/example_dags/example_kubernetes_executor.py
[2023-04-17T09:00:27.478-0300] {processor.py:743} INFO - Processing file /home/pepino/.virtualenvs/apache_airflow/lib/python3.10/site-packages/airflow/example_dags/example_kubernetes_executor.py for tasks to queue
[2023-04-17T09:00:27.479-0300] {logging_mixin.py:137} INFO - [2023-04-17T09:00:27.479-0300] {dagbag.py:532} INFO - Filling up the DagBag from /home/pepino/.virtualenvs/apache_airflow/lib/python3.10/site-packages/airflow/example_dags/example_kubernetes_executor.py
[2023-04-17T09:00:27.490-0300] {logging_mixin.py:137} INFO - [2023-04-17T09:00:27.490-0300] {example_kubernetes_executor.py:41} WARNING - The example_kubernetes_executor example DAG requires the kubernetes provider. Please install it with: pip install apache-airflow[cncf.kubernetes]
[2023-04-17T09:00:27.490-0300] {processor.py:755} WARNING - No viable dags retrieved from /home/pepino/.virtualenvs/apache_airflow/lib/python3.10/site-packages/airflow/example_dags/example_kubernetes_executor.py
[2023-04-17T09:00:27.498-0300] {processor.py:175} INFO - Processing /home/pepino/.virtualenvs/apache_airflow/lib/python3.10/site-packages/airflow/example_dags/example_kubernetes_executor.py took 0.024 seconds
[2023-04-17T09:01:12.712-0300] {processor.py:153} INFO - Started process (PID=81731) to work on /home/pepino/.virtualenvs/apache_airflow/lib/python3.10/site-packages/airflow/example_dags/example_kubernetes_executor.py
[2023-04-17T09:01:12.720-0300] {processor.py:743} INFO - Processing file /home/pepino/.virtualenvs/apache_airflow/lib/python3.10/site-packages/airflow/example_dags/example_kubernetes_executor.py for tasks to queue
[2023-04-17T09:01:12.721-0300] {logging_mixin.py:137} INFO - [2023-04-17T09:01:12.720-0300] {dagbag.py:532} INFO - Filling up the DagBag from /home/pepino/.virtualenvs/apache_airflow/lib/python3.10/site-packages/airflow/example_dags/example_kubernetes_executor.py
[2023-04-17T09:01:12.735-0300] {logging_mixin.py:137} INFO - [2023-04-17T09:01:12.735-0300] {example_kubernetes_executor.py:41} WARNING - The example_kubernetes_executor example DAG requires the kubernetes provider. Please install it with: pip install apache-airflow[cncf.kubernetes]
[2023-04-17T09:01:12.736-0300] {processor.py:755} WARNING - No viable dags retrieved from /home/pepino/.virtualenvs/apache_airflow/lib/python3.10/site-packages/airflow/example_dags/example_kubernetes_executor.py
[2023-04-17T09:01:12.740-0300] {processor.py:175} INFO - Processing /home/pepino/.virtualenvs/apache_airflow/lib/python3.10/site-packages/airflow/example_dags/example_kubernetes_executor.py took 0.030 seconds
[2023-04-17T09:01:58.817-0300] {processor.py:153} INFO - Started process (PID=81830) to work on /home/pepino/.virtualenvs/apache_airflow/lib/python3.10/site-packages/airflow/example_dags/example_kubernetes_executor.py
[2023-04-17T09:01:58.825-0300] {processor.py:743} INFO - Processing file /home/pepino/.virtualenvs/apache_airflow/lib/python3.10/site-packages/airflow/example_dags/example_kubernetes_executor.py for tasks to queue
[2023-04-17T09:01:58.826-0300] {logging_mixin.py:137} INFO - [2023-04-17T09:01:58.826-0300] {dagbag.py:532} INFO - Filling up the DagBag from /home/pepino/.virtualenvs/apache_airflow/lib/python3.10/site-packages/airflow/example_dags/example_kubernetes_executor.py
[2023-04-17T09:01:58.838-0300] {logging_mixin.py:137} INFO - [2023-04-17T09:01:58.838-0300] {example_kubernetes_executor.py:41} WARNING - The example_kubernetes_executor example DAG requires the kubernetes provider. Please install it with: pip install apache-airflow[cncf.kubernetes]
[2023-04-17T09:01:58.838-0300] {processor.py:755} WARNING - No viable dags retrieved from /home/pepino/.virtualenvs/apache_airflow/lib/python3.10/site-packages/airflow/example_dags/example_kubernetes_executor.py
[2023-04-17T09:01:58.842-0300] {processor.py:175} INFO - Processing /home/pepino/.virtualenvs/apache_airflow/lib/python3.10/site-packages/airflow/example_dags/example_kubernetes_executor.py took 0.028 seconds
[2023-04-17T09:02:41.873-0300] {processor.py:153} INFO - Started process (PID=81913) to work on /home/pepino/.virtualenvs/apache_airflow/lib/python3.10/site-packages/airflow/example_dags/example_kubernetes_executor.py
[2023-04-17T09:02:41.882-0300] {processor.py:743} INFO - Processing file /home/pepino/.virtualenvs/apache_airflow/lib/python3.10/site-packages/airflow/example_dags/example_kubernetes_executor.py for tasks to queue
[2023-04-17T09:02:41.883-0300] {logging_mixin.py:137} INFO - [2023-04-17T09:02:41.882-0300] {dagbag.py:532} INFO - Filling up the DagBag from /home/pepino/.virtualenvs/apache_airflow/lib/python3.10/site-packages/airflow/example_dags/example_kubernetes_executor.py
[2023-04-17T09:02:41.900-0300] {logging_mixin.py:137} INFO - [2023-04-17T09:02:41.900-0300] {example_kubernetes_executor.py:41} WARNING - The example_kubernetes_executor example DAG requires the kubernetes provider. Please install it with: pip install apache-airflow[cncf.kubernetes]
[2023-04-17T09:02:41.900-0300] {processor.py:755} WARNING - No viable dags retrieved from /home/pepino/.virtualenvs/apache_airflow/lib/python3.10/site-packages/airflow/example_dags/example_kubernetes_executor.py
[2023-04-17T09:02:41.904-0300] {processor.py:175} INFO - Processing /home/pepino/.virtualenvs/apache_airflow/lib/python3.10/site-packages/airflow/example_dags/example_kubernetes_executor.py took 0.032 seconds
[2023-04-17T09:03:25.642-0300] {processor.py:153} INFO - Started process (PID=82006) to work on /home/pepino/.virtualenvs/apache_airflow/lib/python3.10/site-packages/airflow/example_dags/example_kubernetes_executor.py
[2023-04-17T09:03:25.642-0300] {processor.py:743} INFO - Processing file /home/pepino/.virtualenvs/apache_airflow/lib/python3.10/site-packages/airflow/example_dags/example_kubernetes_executor.py for tasks to queue
[2023-04-17T09:03:25.643-0300] {logging_mixin.py:137} INFO - [2023-04-17T09:03:25.642-0300] {dagbag.py:532} INFO - Filling up the DagBag from /home/pepino/.virtualenvs/apache_airflow/lib/python3.10/site-packages/airflow/example_dags/example_kubernetes_executor.py
[2023-04-17T09:03:25.650-0300] {logging_mixin.py:137} INFO - [2023-04-17T09:03:25.650-0300] {example_kubernetes_executor.py:41} WARNING - The example_kubernetes_executor example DAG requires the kubernetes provider. Please install it with: pip install apache-airflow[cncf.kubernetes]
[2023-04-17T09:03:25.650-0300] {processor.py:755} WARNING - No viable dags retrieved from /home/pepino/.virtualenvs/apache_airflow/lib/python3.10/site-packages/airflow/example_dags/example_kubernetes_executor.py
[2023-04-17T09:03:25.654-0300] {processor.py:175} INFO - Processing /home/pepino/.virtualenvs/apache_airflow/lib/python3.10/site-packages/airflow/example_dags/example_kubernetes_executor.py took 0.014 seconds
[2023-04-17T09:04:12.022-0300] {processor.py:153} INFO - Started process (PID=82143) to work on /home/pepino/.virtualenvs/apache_airflow/lib/python3.10/site-packages/airflow/example_dags/example_kubernetes_executor.py
[2023-04-17T09:04:12.031-0300] {processor.py:743} INFO - Processing file /home/pepino/.virtualenvs/apache_airflow/lib/python3.10/site-packages/airflow/example_dags/example_kubernetes_executor.py for tasks to queue
[2023-04-17T09:04:12.031-0300] {logging_mixin.py:137} INFO - [2023-04-17T09:04:12.031-0300] {dagbag.py:532} INFO - Filling up the DagBag from /home/pepino/.virtualenvs/apache_airflow/lib/python3.10/site-packages/airflow/example_dags/example_kubernetes_executor.py
[2023-04-17T09:04:12.044-0300] {logging_mixin.py:137} INFO - [2023-04-17T09:04:12.044-0300] {example_kubernetes_executor.py:41} WARNING - The example_kubernetes_executor example DAG requires the kubernetes provider. Please install it with: pip install apache-airflow[cncf.kubernetes]
[2023-04-17T09:04:12.044-0300] {processor.py:755} WARNING - No viable dags retrieved from /home/pepino/.virtualenvs/apache_airflow/lib/python3.10/site-packages/airflow/example_dags/example_kubernetes_executor.py
[2023-04-17T09:04:12.049-0300] {processor.py:175} INFO - Processing /home/pepino/.virtualenvs/apache_airflow/lib/python3.10/site-packages/airflow/example_dags/example_kubernetes_executor.py took 0.029 seconds
[2023-04-17T09:05:02.534-0300] {processor.py:153} INFO - Started process (PID=82290) to work on /home/pepino/.virtualenvs/apache_airflow/lib/python3.10/site-packages/airflow/example_dags/example_kubernetes_executor.py
[2023-04-17T09:05:02.542-0300] {processor.py:743} INFO - Processing file /home/pepino/.virtualenvs/apache_airflow/lib/python3.10/site-packages/airflow/example_dags/example_kubernetes_executor.py for tasks to queue
[2023-04-17T09:05:02.543-0300] {logging_mixin.py:137} INFO - [2023-04-17T09:05:02.543-0300] {dagbag.py:532} INFO - Filling up the DagBag from /home/pepino/.virtualenvs/apache_airflow/lib/python3.10/site-packages/airflow/example_dags/example_kubernetes_executor.py
[2023-04-17T09:05:02.561-0300] {logging_mixin.py:137} INFO - [2023-04-17T09:05:02.561-0300] {example_kubernetes_executor.py:41} WARNING - The example_kubernetes_executor example DAG requires the kubernetes provider. Please install it with: pip install apache-airflow[cncf.kubernetes]
[2023-04-17T09:05:02.561-0300] {processor.py:755} WARNING - No viable dags retrieved from /home/pepino/.virtualenvs/apache_airflow/lib/python3.10/site-packages/airflow/example_dags/example_kubernetes_executor.py
[2023-04-17T09:05:02.565-0300] {processor.py:175} INFO - Processing /home/pepino/.virtualenvs/apache_airflow/lib/python3.10/site-packages/airflow/example_dags/example_kubernetes_executor.py took 0.034 seconds
[2023-04-17T09:06:01.208-0300] {processor.py:153} INFO - Started process (PID=82426) to work on /home/pepino/.virtualenvs/apache_airflow/lib/python3.10/site-packages/airflow/example_dags/example_kubernetes_executor.py
[2023-04-17T09:06:01.217-0300] {processor.py:743} INFO - Processing file /home/pepino/.virtualenvs/apache_airflow/lib/python3.10/site-packages/airflow/example_dags/example_kubernetes_executor.py for tasks to queue
[2023-04-17T09:06:01.217-0300] {logging_mixin.py:137} INFO - [2023-04-17T09:06:01.217-0300] {dagbag.py:532} INFO - Filling up the DagBag from /home/pepino/.virtualenvs/apache_airflow/lib/python3.10/site-packages/airflow/example_dags/example_kubernetes_executor.py
[2023-04-17T09:06:01.231-0300] {logging_mixin.py:137} INFO - [2023-04-17T09:06:01.231-0300] {example_kubernetes_executor.py:41} WARNING - The example_kubernetes_executor example DAG requires the kubernetes provider. Please install it with: pip install apache-airflow[cncf.kubernetes]
[2023-04-17T09:06:01.231-0300] {processor.py:755} WARNING - No viable dags retrieved from /home/pepino/.virtualenvs/apache_airflow/lib/python3.10/site-packages/airflow/example_dags/example_kubernetes_executor.py
[2023-04-17T09:06:01.238-0300] {processor.py:175} INFO - Processing /home/pepino/.virtualenvs/apache_airflow/lib/python3.10/site-packages/airflow/example_dags/example_kubernetes_executor.py took 0.032 seconds
[2023-04-17T09:07:02.766-0300] {processor.py:153} INFO - Started process (PID=82587) to work on /home/pepino/.virtualenvs/apache_airflow/lib/python3.10/site-packages/airflow/example_dags/example_kubernetes_executor.py
[2023-04-17T09:07:02.774-0300] {processor.py:743} INFO - Processing file /home/pepino/.virtualenvs/apache_airflow/lib/python3.10/site-packages/airflow/example_dags/example_kubernetes_executor.py for tasks to queue
[2023-04-17T09:07:02.776-0300] {logging_mixin.py:137} INFO - [2023-04-17T09:07:02.775-0300] {dagbag.py:532} INFO - Filling up the DagBag from /home/pepino/.virtualenvs/apache_airflow/lib/python3.10/site-packages/airflow/example_dags/example_kubernetes_executor.py
[2023-04-17T09:07:02.791-0300] {logging_mixin.py:137} INFO - [2023-04-17T09:07:02.790-0300] {example_kubernetes_executor.py:41} WARNING - The example_kubernetes_executor example DAG requires the kubernetes provider. Please install it with: pip install apache-airflow[cncf.kubernetes]
[2023-04-17T09:07:02.791-0300] {processor.py:755} WARNING - No viable dags retrieved from /home/pepino/.virtualenvs/apache_airflow/lib/python3.10/site-packages/airflow/example_dags/example_kubernetes_executor.py
[2023-04-17T09:07:02.795-0300] {processor.py:175} INFO - Processing /home/pepino/.virtualenvs/apache_airflow/lib/python3.10/site-packages/airflow/example_dags/example_kubernetes_executor.py took 0.033 seconds
[2023-04-17T09:07:56.091-0300] {processor.py:153} INFO - Started process (PID=82682) to work on /home/pepino/.virtualenvs/apache_airflow/lib/python3.10/site-packages/airflow/example_dags/example_kubernetes_executor.py
[2023-04-17T09:07:56.092-0300] {processor.py:743} INFO - Processing file /home/pepino/.virtualenvs/apache_airflow/lib/python3.10/site-packages/airflow/example_dags/example_kubernetes_executor.py for tasks to queue
[2023-04-17T09:07:56.093-0300] {logging_mixin.py:137} INFO - [2023-04-17T09:07:56.092-0300] {dagbag.py:532} INFO - Filling up the DagBag from /home/pepino/.virtualenvs/apache_airflow/lib/python3.10/site-packages/airflow/example_dags/example_kubernetes_executor.py
[2023-04-17T09:07:56.106-0300] {logging_mixin.py:137} INFO - [2023-04-17T09:07:56.106-0300] {example_kubernetes_executor.py:41} WARNING - The example_kubernetes_executor example DAG requires the kubernetes provider. Please install it with: pip install apache-airflow[cncf.kubernetes]
[2023-04-17T09:07:56.106-0300] {processor.py:755} WARNING - No viable dags retrieved from /home/pepino/.virtualenvs/apache_airflow/lib/python3.10/site-packages/airflow/example_dags/example_kubernetes_executor.py
[2023-04-17T09:07:56.110-0300] {processor.py:175} INFO - Processing /home/pepino/.virtualenvs/apache_airflow/lib/python3.10/site-packages/airflow/example_dags/example_kubernetes_executor.py took 0.022 seconds
