[2023-04-17T09:00:25.773-0300] {processor.py:153} INFO - Started process (PID=81616) to work on /home/pepino/.virtualenvs/apache_airflow/lib/python3.10/site-packages/airflow/example_dags/example_xcom.py
[2023-04-17T09:00:25.773-0300] {processor.py:743} INFO - Processing file /home/pepino/.virtualenvs/apache_airflow/lib/python3.10/site-packages/airflow/example_dags/example_xcom.py for tasks to queue
[2023-04-17T09:00:25.774-0300] {logging_mixin.py:137} INFO - [2023-04-17T09:00:25.774-0300] {dagbag.py:532} INFO - Filling up the DagBag from /home/pepino/.virtualenvs/apache_airflow/lib/python3.10/site-packages/airflow/example_dags/example_xcom.py
[2023-04-17T09:00:25.790-0300] {processor.py:753} INFO - DAG(s) dict_keys(['example_xcom']) retrieved from /home/pepino/.virtualenvs/apache_airflow/lib/python3.10/site-packages/airflow/example_dags/example_xcom.py
[2023-04-17T09:00:25.802-0300] {logging_mixin.py:137} INFO - [2023-04-17T09:00:25.802-0300] {dag.py:2705} INFO - Sync 1 DAGs
[2023-04-17T09:00:25.816-0300] {logging_mixin.py:137} INFO - [2023-04-17T09:00:25.816-0300] {dag.py:3452} INFO - Setting next_dagrun for example_xcom to 2021-01-01T00:00:00+00:00, run_after=2021-01-01T00:00:00+00:00
[2023-04-17T09:00:25.841-0300] {processor.py:175} INFO - Processing /home/pepino/.virtualenvs/apache_airflow/lib/python3.10/site-packages/airflow/example_dags/example_xcom.py took 0.069 seconds
[2023-04-17T09:01:11.157-0300] {processor.py:153} INFO - Started process (PID=81729) to work on /home/pepino/.virtualenvs/apache_airflow/lib/python3.10/site-packages/airflow/example_dags/example_xcom.py
[2023-04-17T09:01:11.166-0300] {processor.py:743} INFO - Processing file /home/pepino/.virtualenvs/apache_airflow/lib/python3.10/site-packages/airflow/example_dags/example_xcom.py for tasks to queue
[2023-04-17T09:01:11.167-0300] {logging_mixin.py:137} INFO - [2023-04-17T09:01:11.167-0300] {dagbag.py:532} INFO - Filling up the DagBag from /home/pepino/.virtualenvs/apache_airflow/lib/python3.10/site-packages/airflow/example_dags/example_xcom.py
[2023-04-17T09:01:11.187-0300] {processor.py:753} INFO - DAG(s) dict_keys(['example_xcom']) retrieved from /home/pepino/.virtualenvs/apache_airflow/lib/python3.10/site-packages/airflow/example_dags/example_xcom.py
[2023-04-17T09:01:11.196-0300] {logging_mixin.py:137} INFO - [2023-04-17T09:01:11.196-0300] {dag.py:2705} INFO - Sync 1 DAGs
[2023-04-17T09:01:11.206-0300] {logging_mixin.py:137} INFO - [2023-04-17T09:01:11.206-0300] {dag.py:3452} INFO - Setting next_dagrun for example_xcom to 2021-01-01T00:00:00+00:00, run_after=2021-01-01T00:00:00+00:00
[2023-04-17T09:01:11.224-0300] {processor.py:175} INFO - Processing /home/pepino/.virtualenvs/apache_airflow/lib/python3.10/site-packages/airflow/example_dags/example_xcom.py took 0.071 seconds
[2023-04-17T09:01:56.419-0300] {processor.py:153} INFO - Started process (PID=81827) to work on /home/pepino/.virtualenvs/apache_airflow/lib/python3.10/site-packages/airflow/example_dags/example_xcom.py
[2023-04-17T09:01:56.427-0300] {processor.py:743} INFO - Processing file /home/pepino/.virtualenvs/apache_airflow/lib/python3.10/site-packages/airflow/example_dags/example_xcom.py for tasks to queue
[2023-04-17T09:01:56.428-0300] {logging_mixin.py:137} INFO - [2023-04-17T09:01:56.428-0300] {dagbag.py:532} INFO - Filling up the DagBag from /home/pepino/.virtualenvs/apache_airflow/lib/python3.10/site-packages/airflow/example_dags/example_xcom.py
[2023-04-17T09:01:56.450-0300] {processor.py:753} INFO - DAG(s) dict_keys(['example_xcom']) retrieved from /home/pepino/.virtualenvs/apache_airflow/lib/python3.10/site-packages/airflow/example_dags/example_xcom.py
[2023-04-17T09:01:56.461-0300] {logging_mixin.py:137} INFO - [2023-04-17T09:01:56.461-0300] {dag.py:2705} INFO - Sync 1 DAGs
[2023-04-17T09:01:56.472-0300] {logging_mixin.py:137} INFO - [2023-04-17T09:01:56.472-0300] {dag.py:3452} INFO - Setting next_dagrun for example_xcom to 2021-01-01T00:00:00+00:00, run_after=2021-01-01T00:00:00+00:00
[2023-04-17T09:01:56.511-0300] {processor.py:175} INFO - Processing /home/pepino/.virtualenvs/apache_airflow/lib/python3.10/site-packages/airflow/example_dags/example_xcom.py took 0.096 seconds
[2023-04-17T09:02:40.312-0300] {processor.py:153} INFO - Started process (PID=81910) to work on /home/pepino/.virtualenvs/apache_airflow/lib/python3.10/site-packages/airflow/example_dags/example_xcom.py
[2023-04-17T09:02:40.320-0300] {processor.py:743} INFO - Processing file /home/pepino/.virtualenvs/apache_airflow/lib/python3.10/site-packages/airflow/example_dags/example_xcom.py for tasks to queue
[2023-04-17T09:02:40.321-0300] {logging_mixin.py:137} INFO - [2023-04-17T09:02:40.321-0300] {dagbag.py:532} INFO - Filling up the DagBag from /home/pepino/.virtualenvs/apache_airflow/lib/python3.10/site-packages/airflow/example_dags/example_xcom.py
[2023-04-17T09:02:40.341-0300] {processor.py:753} INFO - DAG(s) dict_keys(['example_xcom']) retrieved from /home/pepino/.virtualenvs/apache_airflow/lib/python3.10/site-packages/airflow/example_dags/example_xcom.py
[2023-04-17T09:02:40.351-0300] {logging_mixin.py:137} INFO - [2023-04-17T09:02:40.351-0300] {dag.py:2705} INFO - Sync 1 DAGs
[2023-04-17T09:02:40.360-0300] {logging_mixin.py:137} INFO - [2023-04-17T09:02:40.360-0300] {dag.py:3452} INFO - Setting next_dagrun for example_xcom to 2021-01-01T00:00:00+00:00, run_after=2021-01-01T00:00:00+00:00
[2023-04-17T09:02:40.382-0300] {processor.py:175} INFO - Processing /home/pepino/.virtualenvs/apache_airflow/lib/python3.10/site-packages/airflow/example_dags/example_xcom.py took 0.071 seconds
[2023-04-17T09:03:23.449-0300] {processor.py:153} INFO - Started process (PID=81998) to work on /home/pepino/.virtualenvs/apache_airflow/lib/python3.10/site-packages/airflow/example_dags/example_xcom.py
[2023-04-17T09:03:23.450-0300] {processor.py:743} INFO - Processing file /home/pepino/.virtualenvs/apache_airflow/lib/python3.10/site-packages/airflow/example_dags/example_xcom.py for tasks to queue
[2023-04-17T09:03:23.451-0300] {logging_mixin.py:137} INFO - [2023-04-17T09:03:23.451-0300] {dagbag.py:532} INFO - Filling up the DagBag from /home/pepino/.virtualenvs/apache_airflow/lib/python3.10/site-packages/airflow/example_dags/example_xcom.py
[2023-04-17T09:03:23.468-0300] {processor.py:753} INFO - DAG(s) dict_keys(['example_xcom']) retrieved from /home/pepino/.virtualenvs/apache_airflow/lib/python3.10/site-packages/airflow/example_dags/example_xcom.py
[2023-04-17T09:03:23.479-0300] {logging_mixin.py:137} INFO - [2023-04-17T09:03:23.479-0300] {dag.py:2705} INFO - Sync 1 DAGs
[2023-04-17T09:03:23.488-0300] {logging_mixin.py:137} INFO - [2023-04-17T09:03:23.488-0300] {dag.py:3452} INFO - Setting next_dagrun for example_xcom to 2021-01-01T00:00:00+00:00, run_after=2021-01-01T00:00:00+00:00
[2023-04-17T09:03:23.506-0300] {processor.py:175} INFO - Processing /home/pepino/.virtualenvs/apache_airflow/lib/python3.10/site-packages/airflow/example_dags/example_xcom.py took 0.059 seconds
[2023-04-17T09:04:09.714-0300] {processor.py:153} INFO - Started process (PID=82137) to work on /home/pepino/.virtualenvs/apache_airflow/lib/python3.10/site-packages/airflow/example_dags/example_xcom.py
[2023-04-17T09:04:09.719-0300] {processor.py:743} INFO - Processing file /home/pepino/.virtualenvs/apache_airflow/lib/python3.10/site-packages/airflow/example_dags/example_xcom.py for tasks to queue
[2023-04-17T09:04:09.720-0300] {logging_mixin.py:137} INFO - [2023-04-17T09:04:09.719-0300] {dagbag.py:532} INFO - Filling up the DagBag from /home/pepino/.virtualenvs/apache_airflow/lib/python3.10/site-packages/airflow/example_dags/example_xcom.py
[2023-04-17T09:04:09.735-0300] {processor.py:753} INFO - DAG(s) dict_keys(['example_xcom']) retrieved from /home/pepino/.virtualenvs/apache_airflow/lib/python3.10/site-packages/airflow/example_dags/example_xcom.py
[2023-04-17T09:04:09.746-0300] {logging_mixin.py:137} INFO - [2023-04-17T09:04:09.746-0300] {dag.py:2705} INFO - Sync 1 DAGs
[2023-04-17T09:04:09.762-0300] {logging_mixin.py:137} INFO - [2023-04-17T09:04:09.762-0300] {dag.py:3452} INFO - Setting next_dagrun for example_xcom to 2021-01-01T00:00:00+00:00, run_after=2021-01-01T00:00:00+00:00
[2023-04-17T09:04:09.795-0300] {processor.py:175} INFO - Processing /home/pepino/.virtualenvs/apache_airflow/lib/python3.10/site-packages/airflow/example_dags/example_xcom.py took 0.082 seconds
[2023-04-17T09:04:51.043-0300] {processor.py:153} INFO - Started process (PID=82258) to work on /home/pepino/.virtualenvs/apache_airflow/lib/python3.10/site-packages/airflow/example_dags/example_xcom.py
[2023-04-17T09:04:51.046-0300] {processor.py:743} INFO - Processing file /home/pepino/.virtualenvs/apache_airflow/lib/python3.10/site-packages/airflow/example_dags/example_xcom.py for tasks to queue
[2023-04-17T09:04:51.047-0300] {logging_mixin.py:137} INFO - [2023-04-17T09:04:51.046-0300] {dagbag.py:532} INFO - Filling up the DagBag from /home/pepino/.virtualenvs/apache_airflow/lib/python3.10/site-packages/airflow/example_dags/example_xcom.py
[2023-04-17T09:04:51.062-0300] {processor.py:753} INFO - DAG(s) dict_keys(['example_xcom']) retrieved from /home/pepino/.virtualenvs/apache_airflow/lib/python3.10/site-packages/airflow/example_dags/example_xcom.py
[2023-04-17T09:04:51.072-0300] {logging_mixin.py:137} INFO - [2023-04-17T09:04:51.072-0300] {dag.py:2705} INFO - Sync 1 DAGs
[2023-04-17T09:04:51.081-0300] {logging_mixin.py:137} INFO - [2023-04-17T09:04:51.081-0300] {dag.py:3452} INFO - Setting next_dagrun for example_xcom to 2021-01-01T00:00:00+00:00, run_after=2021-01-01T00:00:00+00:00
[2023-04-17T09:04:51.103-0300] {processor.py:175} INFO - Processing /home/pepino/.virtualenvs/apache_airflow/lib/python3.10/site-packages/airflow/example_dags/example_xcom.py took 0.065 seconds
[2023-04-17T09:05:44.095-0300] {processor.py:153} INFO - Started process (PID=82378) to work on /home/pepino/.virtualenvs/apache_airflow/lib/python3.10/site-packages/airflow/example_dags/example_xcom.py
[2023-04-17T09:05:44.104-0300] {processor.py:743} INFO - Processing file /home/pepino/.virtualenvs/apache_airflow/lib/python3.10/site-packages/airflow/example_dags/example_xcom.py for tasks to queue
[2023-04-17T09:05:44.105-0300] {logging_mixin.py:137} INFO - [2023-04-17T09:05:44.104-0300] {dagbag.py:532} INFO - Filling up the DagBag from /home/pepino/.virtualenvs/apache_airflow/lib/python3.10/site-packages/airflow/example_dags/example_xcom.py
[2023-04-17T09:05:44.123-0300] {processor.py:753} INFO - DAG(s) dict_keys(['example_xcom']) retrieved from /home/pepino/.virtualenvs/apache_airflow/lib/python3.10/site-packages/airflow/example_dags/example_xcom.py
[2023-04-17T09:05:44.133-0300] {logging_mixin.py:137} INFO - [2023-04-17T09:05:44.133-0300] {dag.py:2705} INFO - Sync 1 DAGs
[2023-04-17T09:05:44.206-0300] {logging_mixin.py:137} INFO - [2023-04-17T09:05:44.206-0300] {dag.py:3452} INFO - Setting next_dagrun for example_xcom to 2021-01-01T00:00:00+00:00, run_after=2021-01-01T00:00:00+00:00
[2023-04-17T09:05:44.231-0300] {processor.py:175} INFO - Processing /home/pepino/.virtualenvs/apache_airflow/lib/python3.10/site-packages/airflow/example_dags/example_xcom.py took 0.140 seconds
[2023-04-17T09:06:45.484-0300] {processor.py:153} INFO - Started process (PID=82534) to work on /home/pepino/.virtualenvs/apache_airflow/lib/python3.10/site-packages/airflow/example_dags/example_xcom.py
[2023-04-17T09:06:45.485-0300] {processor.py:743} INFO - Processing file /home/pepino/.virtualenvs/apache_airflow/lib/python3.10/site-packages/airflow/example_dags/example_xcom.py for tasks to queue
[2023-04-17T09:06:45.486-0300] {logging_mixin.py:137} INFO - [2023-04-17T09:06:45.486-0300] {dagbag.py:532} INFO - Filling up the DagBag from /home/pepino/.virtualenvs/apache_airflow/lib/python3.10/site-packages/airflow/example_dags/example_xcom.py
[2023-04-17T09:06:45.500-0300] {processor.py:753} INFO - DAG(s) dict_keys(['example_xcom']) retrieved from /home/pepino/.virtualenvs/apache_airflow/lib/python3.10/site-packages/airflow/example_dags/example_xcom.py
[2023-04-17T09:06:45.510-0300] {logging_mixin.py:137} INFO - [2023-04-17T09:06:45.510-0300] {dag.py:2705} INFO - Sync 1 DAGs
[2023-04-17T09:06:45.608-0300] {logging_mixin.py:137} INFO - [2023-04-17T09:06:45.608-0300] {dag.py:3452} INFO - Setting next_dagrun for example_xcom to 2021-01-01T00:00:00+00:00, run_after=2021-01-01T00:00:00+00:00
[2023-04-17T09:06:45.643-0300] {processor.py:175} INFO - Processing /home/pepino/.virtualenvs/apache_airflow/lib/python3.10/site-packages/airflow/example_dags/example_xcom.py took 0.162 seconds
[2023-04-17T09:07:39.214-0300] {processor.py:153} INFO - Started process (PID=82650) to work on /home/pepino/.virtualenvs/apache_airflow/lib/python3.10/site-packages/airflow/example_dags/example_xcom.py
[2023-04-17T09:07:39.216-0300] {processor.py:743} INFO - Processing file /home/pepino/.virtualenvs/apache_airflow/lib/python3.10/site-packages/airflow/example_dags/example_xcom.py for tasks to queue
[2023-04-17T09:07:39.217-0300] {logging_mixin.py:137} INFO - [2023-04-17T09:07:39.216-0300] {dagbag.py:532} INFO - Filling up the DagBag from /home/pepino/.virtualenvs/apache_airflow/lib/python3.10/site-packages/airflow/example_dags/example_xcom.py
[2023-04-17T09:07:39.232-0300] {processor.py:753} INFO - DAG(s) dict_keys(['example_xcom']) retrieved from /home/pepino/.virtualenvs/apache_airflow/lib/python3.10/site-packages/airflow/example_dags/example_xcom.py
[2023-04-17T09:07:39.309-0300] {logging_mixin.py:137} INFO - [2023-04-17T09:07:39.309-0300] {dag.py:2705} INFO - Sync 1 DAGs
[2023-04-17T09:07:39.318-0300] {logging_mixin.py:137} INFO - [2023-04-17T09:07:39.318-0300] {dag.py:3452} INFO - Setting next_dagrun for example_xcom to 2021-01-01T00:00:00+00:00, run_after=2021-01-01T00:00:00+00:00
[2023-04-17T09:07:39.355-0300] {processor.py:175} INFO - Processing /home/pepino/.virtualenvs/apache_airflow/lib/python3.10/site-packages/airflow/example_dags/example_xcom.py took 0.145 seconds
[2023-04-17T09:08:29.900-0300] {processor.py:153} INFO - Started process (PID=82766) to work on /home/pepino/.virtualenvs/apache_airflow/lib/python3.10/site-packages/airflow/example_dags/example_xcom.py
[2023-04-17T09:08:29.908-0300] {processor.py:743} INFO - Processing file /home/pepino/.virtualenvs/apache_airflow/lib/python3.10/site-packages/airflow/example_dags/example_xcom.py for tasks to queue
[2023-04-17T09:08:29.909-0300] {logging_mixin.py:137} INFO - [2023-04-17T09:08:29.909-0300] {dagbag.py:532} INFO - Filling up the DagBag from /home/pepino/.virtualenvs/apache_airflow/lib/python3.10/site-packages/airflow/example_dags/example_xcom.py
[2023-04-17T09:08:29.931-0300] {processor.py:753} INFO - DAG(s) dict_keys(['example_xcom']) retrieved from /home/pepino/.virtualenvs/apache_airflow/lib/python3.10/site-packages/airflow/example_dags/example_xcom.py
[2023-04-17T09:08:29.997-0300] {logging_mixin.py:137} INFO - [2023-04-17T09:08:29.997-0300] {dag.py:2705} INFO - Sync 1 DAGs
[2023-04-17T09:08:30.005-0300] {logging_mixin.py:137} INFO - [2023-04-17T09:08:30.005-0300] {dag.py:3452} INFO - Setting next_dagrun for example_xcom to 2021-01-01T00:00:00+00:00, run_after=2021-01-01T00:00:00+00:00
[2023-04-17T09:08:30.023-0300] {processor.py:175} INFO - Processing /home/pepino/.virtualenvs/apache_airflow/lib/python3.10/site-packages/airflow/example_dags/example_xcom.py took 0.126 seconds
