[2023-04-17T09:00:01.075-0300] {processor.py:153} INFO - Started process (PID=81451) to work on /home/pepino/.virtualenvs/apache_airflow/lib/python3.10/site-packages/airflow/example_dags/example_subdag_operator.py
[2023-04-17T09:00:01.075-0300] {processor.py:743} INFO - Processing file /home/pepino/.virtualenvs/apache_airflow/lib/python3.10/site-packages/airflow/example_dags/example_subdag_operator.py for tasks to queue
[2023-04-17T09:00:01.076-0300] {logging_mixin.py:137} INFO - [2023-04-17T09:00:01.076-0300] {dagbag.py:532} INFO - Filling up the DagBag from /home/pepino/.virtualenvs/apache_airflow/lib/python3.10/site-packages/airflow/example_dags/example_subdag_operator.py
[2023-04-17T09:00:01.223-0300] {processor.py:753} INFO - DAG(s) dict_keys(['example_subdag_operator.section-1', 'example_subdag_operator.section-2', 'example_subdag_operator']) retrieved from /home/pepino/.virtualenvs/apache_airflow/lib/python3.10/site-packages/airflow/example_dags/example_subdag_operator.py
[2023-04-17T09:00:01.286-0300] {logging_mixin.py:137} INFO - [2023-04-17T09:00:01.286-0300] {dag.py:2705} INFO - Sync 3 DAGs
[2023-04-17T09:00:01.395-0300] {logging_mixin.py:137} INFO - [2023-04-17T09:00:01.395-0300] {dag.py:3452} INFO - Setting next_dagrun for example_subdag_operator to 2022-01-01T00:00:00+00:00, run_after=2022-01-01T00:00:00+00:00
[2023-04-17T09:00:01.409-0300] {logging_mixin.py:137} INFO - [2023-04-17T09:00:01.409-0300] {dag.py:3452} INFO - Setting next_dagrun for example_subdag_operator.section-1 to None, run_after=None
[2023-04-17T09:00:01.410-0300] {logging_mixin.py:137} INFO - [2023-04-17T09:00:01.410-0300] {dag.py:3452} INFO - Setting next_dagrun for example_subdag_operator.section-2 to None, run_after=None
[2023-04-17T09:00:01.445-0300] {logging_mixin.py:137} INFO - [2023-04-17T09:00:01.445-0300] {dag.py:2705} INFO - Sync 2 DAGs
[2023-04-17T09:00:01.451-0300] {logging_mixin.py:137} INFO - [2023-04-17T09:00:01.451-0300] {dag.py:3452} INFO - Setting next_dagrun for example_subdag_operator.section-1 to None, run_after=None
[2023-04-17T09:00:01.452-0300] {logging_mixin.py:137} INFO - [2023-04-17T09:00:01.452-0300] {dag.py:3452} INFO - Setting next_dagrun for example_subdag_operator.section-2 to None, run_after=None
[2023-04-17T09:00:01.539-0300] {processor.py:175} INFO - Processing /home/pepino/.virtualenvs/apache_airflow/lib/python3.10/site-packages/airflow/example_dags/example_subdag_operator.py took 0.467 seconds
[2023-04-17T09:00:45.270-0300] {processor.py:153} INFO - Started process (PID=81672) to work on /home/pepino/.virtualenvs/apache_airflow/lib/python3.10/site-packages/airflow/example_dags/example_subdag_operator.py
[2023-04-17T09:00:45.270-0300] {processor.py:743} INFO - Processing file /home/pepino/.virtualenvs/apache_airflow/lib/python3.10/site-packages/airflow/example_dags/example_subdag_operator.py for tasks to queue
[2023-04-17T09:00:45.271-0300] {logging_mixin.py:137} INFO - [2023-04-17T09:00:45.271-0300] {dagbag.py:532} INFO - Filling up the DagBag from /home/pepino/.virtualenvs/apache_airflow/lib/python3.10/site-packages/airflow/example_dags/example_subdag_operator.py
[2023-04-17T09:00:45.284-0300] {processor.py:753} INFO - DAG(s) dict_keys(['example_subdag_operator.section-1', 'example_subdag_operator.section-2', 'example_subdag_operator']) retrieved from /home/pepino/.virtualenvs/apache_airflow/lib/python3.10/site-packages/airflow/example_dags/example_subdag_operator.py
[2023-04-17T09:00:45.293-0300] {logging_mixin.py:137} INFO - [2023-04-17T09:00:45.293-0300] {dag.py:2705} INFO - Sync 3 DAGs
[2023-04-17T09:00:45.302-0300] {logging_mixin.py:137} INFO - [2023-04-17T09:00:45.301-0300] {dag.py:3452} INFO - Setting next_dagrun for example_subdag_operator to 2022-01-01T00:00:00+00:00, run_after=2022-01-01T00:00:00+00:00
[2023-04-17T09:00:45.303-0300] {logging_mixin.py:137} INFO - [2023-04-17T09:00:45.303-0300] {dag.py:3452} INFO - Setting next_dagrun for example_subdag_operator.section-1 to None, run_after=None
[2023-04-17T09:00:45.303-0300] {logging_mixin.py:137} INFO - [2023-04-17T09:00:45.303-0300] {dag.py:3452} INFO - Setting next_dagrun for example_subdag_operator.section-2 to None, run_after=None
[2023-04-17T09:00:45.306-0300] {logging_mixin.py:137} INFO - [2023-04-17T09:00:45.306-0300] {dag.py:2705} INFO - Sync 2 DAGs
[2023-04-17T09:00:45.308-0300] {logging_mixin.py:137} INFO - [2023-04-17T09:00:45.308-0300] {dag.py:3452} INFO - Setting next_dagrun for example_subdag_operator.section-1 to None, run_after=None
[2023-04-17T09:00:45.308-0300] {logging_mixin.py:137} INFO - [2023-04-17T09:00:45.308-0300] {dag.py:3452} INFO - Setting next_dagrun for example_subdag_operator.section-2 to None, run_after=None
[2023-04-17T09:00:45.323-0300] {processor.py:175} INFO - Processing /home/pepino/.virtualenvs/apache_airflow/lib/python3.10/site-packages/airflow/example_dags/example_subdag_operator.py took 0.055 seconds
[2023-04-17T09:01:27.668-0300] {processor.py:153} INFO - Started process (PID=81761) to work on /home/pepino/.virtualenvs/apache_airflow/lib/python3.10/site-packages/airflow/example_dags/example_subdag_operator.py
[2023-04-17T09:01:27.676-0300] {processor.py:743} INFO - Processing file /home/pepino/.virtualenvs/apache_airflow/lib/python3.10/site-packages/airflow/example_dags/example_subdag_operator.py for tasks to queue
[2023-04-17T09:01:27.677-0300] {logging_mixin.py:137} INFO - [2023-04-17T09:01:27.677-0300] {dagbag.py:532} INFO - Filling up the DagBag from /home/pepino/.virtualenvs/apache_airflow/lib/python3.10/site-packages/airflow/example_dags/example_subdag_operator.py
[2023-04-17T09:01:27.698-0300] {processor.py:753} INFO - DAG(s) dict_keys(['example_subdag_operator.section-1', 'example_subdag_operator.section-2', 'example_subdag_operator']) retrieved from /home/pepino/.virtualenvs/apache_airflow/lib/python3.10/site-packages/airflow/example_dags/example_subdag_operator.py
[2023-04-17T09:01:27.707-0300] {logging_mixin.py:137} INFO - [2023-04-17T09:01:27.707-0300] {dag.py:2705} INFO - Sync 3 DAGs
[2023-04-17T09:01:27.716-0300] {logging_mixin.py:137} INFO - [2023-04-17T09:01:27.716-0300] {dag.py:3452} INFO - Setting next_dagrun for example_subdag_operator to 2022-01-01T00:00:00+00:00, run_after=2022-01-01T00:00:00+00:00
[2023-04-17T09:01:27.717-0300] {logging_mixin.py:137} INFO - [2023-04-17T09:01:27.717-0300] {dag.py:3452} INFO - Setting next_dagrun for example_subdag_operator.section-1 to None, run_after=None
[2023-04-17T09:01:27.718-0300] {logging_mixin.py:137} INFO - [2023-04-17T09:01:27.718-0300] {dag.py:3452} INFO - Setting next_dagrun for example_subdag_operator.section-2 to None, run_after=None
[2023-04-17T09:01:27.721-0300] {logging_mixin.py:137} INFO - [2023-04-17T09:01:27.721-0300] {dag.py:2705} INFO - Sync 2 DAGs
[2023-04-17T09:01:27.723-0300] {logging_mixin.py:137} INFO - [2023-04-17T09:01:27.723-0300] {dag.py:3452} INFO - Setting next_dagrun for example_subdag_operator.section-1 to None, run_after=None
[2023-04-17T09:01:27.723-0300] {logging_mixin.py:137} INFO - [2023-04-17T09:01:27.723-0300] {dag.py:3452} INFO - Setting next_dagrun for example_subdag_operator.section-2 to None, run_after=None
[2023-04-17T09:01:27.738-0300] {processor.py:175} INFO - Processing /home/pepino/.virtualenvs/apache_airflow/lib/python3.10/site-packages/airflow/example_dags/example_subdag_operator.py took 0.071 seconds
[2023-04-17T09:02:13.066-0300] {processor.py:153} INFO - Started process (PID=81862) to work on /home/pepino/.virtualenvs/apache_airflow/lib/python3.10/site-packages/airflow/example_dags/example_subdag_operator.py
[2023-04-17T09:02:13.075-0300] {processor.py:743} INFO - Processing file /home/pepino/.virtualenvs/apache_airflow/lib/python3.10/site-packages/airflow/example_dags/example_subdag_operator.py for tasks to queue
[2023-04-17T09:02:13.076-0300] {logging_mixin.py:137} INFO - [2023-04-17T09:02:13.075-0300] {dagbag.py:532} INFO - Filling up the DagBag from /home/pepino/.virtualenvs/apache_airflow/lib/python3.10/site-packages/airflow/example_dags/example_subdag_operator.py
[2023-04-17T09:02:13.097-0300] {processor.py:753} INFO - DAG(s) dict_keys(['example_subdag_operator.section-1', 'example_subdag_operator.section-2', 'example_subdag_operator']) retrieved from /home/pepino/.virtualenvs/apache_airflow/lib/python3.10/site-packages/airflow/example_dags/example_subdag_operator.py
[2023-04-17T09:02:13.106-0300] {logging_mixin.py:137} INFO - [2023-04-17T09:02:13.105-0300] {dag.py:2705} INFO - Sync 3 DAGs
[2023-04-17T09:02:13.115-0300] {logging_mixin.py:137} INFO - [2023-04-17T09:02:13.115-0300] {dag.py:3452} INFO - Setting next_dagrun for example_subdag_operator to 2022-01-01T00:00:00+00:00, run_after=2022-01-01T00:00:00+00:00
[2023-04-17T09:02:13.116-0300] {logging_mixin.py:137} INFO - [2023-04-17T09:02:13.116-0300] {dag.py:3452} INFO - Setting next_dagrun for example_subdag_operator.section-1 to None, run_after=None
[2023-04-17T09:02:13.116-0300] {logging_mixin.py:137} INFO - [2023-04-17T09:02:13.116-0300] {dag.py:3452} INFO - Setting next_dagrun for example_subdag_operator.section-2 to None, run_after=None
[2023-04-17T09:02:13.119-0300] {logging_mixin.py:137} INFO - [2023-04-17T09:02:13.119-0300] {dag.py:2705} INFO - Sync 2 DAGs
[2023-04-17T09:02:13.121-0300] {logging_mixin.py:137} INFO - [2023-04-17T09:02:13.121-0300] {dag.py:3452} INFO - Setting next_dagrun for example_subdag_operator.section-1 to None, run_after=None
[2023-04-17T09:02:13.121-0300] {logging_mixin.py:137} INFO - [2023-04-17T09:02:13.121-0300] {dag.py:3452} INFO - Setting next_dagrun for example_subdag_operator.section-2 to None, run_after=None
[2023-04-17T09:02:13.139-0300] {processor.py:175} INFO - Processing /home/pepino/.virtualenvs/apache_airflow/lib/python3.10/site-packages/airflow/example_dags/example_subdag_operator.py took 0.078 seconds
[2023-04-17T09:02:53.160-0300] {processor.py:153} INFO - Started process (PID=81934) to work on /home/pepino/.virtualenvs/apache_airflow/lib/python3.10/site-packages/airflow/example_dags/example_subdag_operator.py
[2023-04-17T09:02:53.168-0300] {processor.py:743} INFO - Processing file /home/pepino/.virtualenvs/apache_airflow/lib/python3.10/site-packages/airflow/example_dags/example_subdag_operator.py for tasks to queue
[2023-04-17T09:02:53.169-0300] {logging_mixin.py:137} INFO - [2023-04-17T09:02:53.169-0300] {dagbag.py:532} INFO - Filling up the DagBag from /home/pepino/.virtualenvs/apache_airflow/lib/python3.10/site-packages/airflow/example_dags/example_subdag_operator.py
[2023-04-17T09:02:53.192-0300] {processor.py:753} INFO - DAG(s) dict_keys(['example_subdag_operator.section-1', 'example_subdag_operator.section-2', 'example_subdag_operator']) retrieved from /home/pepino/.virtualenvs/apache_airflow/lib/python3.10/site-packages/airflow/example_dags/example_subdag_operator.py
[2023-04-17T09:02:53.200-0300] {logging_mixin.py:137} INFO - [2023-04-17T09:02:53.200-0300] {dag.py:2705} INFO - Sync 3 DAGs
[2023-04-17T09:02:53.209-0300] {logging_mixin.py:137} INFO - [2023-04-17T09:02:53.209-0300] {dag.py:3452} INFO - Setting next_dagrun for example_subdag_operator to 2022-01-01T00:00:00+00:00, run_after=2022-01-01T00:00:00+00:00
[2023-04-17T09:02:53.210-0300] {logging_mixin.py:137} INFO - [2023-04-17T09:02:53.210-0300] {dag.py:3452} INFO - Setting next_dagrun for example_subdag_operator.section-1 to None, run_after=None
[2023-04-17T09:02:53.211-0300] {logging_mixin.py:137} INFO - [2023-04-17T09:02:53.211-0300] {dag.py:3452} INFO - Setting next_dagrun for example_subdag_operator.section-2 to None, run_after=None
[2023-04-17T09:02:53.213-0300] {logging_mixin.py:137} INFO - [2023-04-17T09:02:53.213-0300] {dag.py:2705} INFO - Sync 2 DAGs
[2023-04-17T09:02:53.215-0300] {logging_mixin.py:137} INFO - [2023-04-17T09:02:53.215-0300] {dag.py:3452} INFO - Setting next_dagrun for example_subdag_operator.section-1 to None, run_after=None
[2023-04-17T09:02:53.215-0300] {logging_mixin.py:137} INFO - [2023-04-17T09:02:53.215-0300] {dag.py:3452} INFO - Setting next_dagrun for example_subdag_operator.section-2 to None, run_after=None
[2023-04-17T09:02:53.241-0300] {processor.py:175} INFO - Processing /home/pepino/.virtualenvs/apache_airflow/lib/python3.10/site-packages/airflow/example_dags/example_subdag_operator.py took 0.083 seconds
[2023-04-17T09:03:38.050-0300] {processor.py:153} INFO - Started process (PID=82057) to work on /home/pepino/.virtualenvs/apache_airflow/lib/python3.10/site-packages/airflow/example_dags/example_subdag_operator.py
[2023-04-17T09:03:38.051-0300] {processor.py:743} INFO - Processing file /home/pepino/.virtualenvs/apache_airflow/lib/python3.10/site-packages/airflow/example_dags/example_subdag_operator.py for tasks to queue
[2023-04-17T09:03:38.051-0300] {logging_mixin.py:137} INFO - [2023-04-17T09:03:38.051-0300] {dagbag.py:532} INFO - Filling up the DagBag from /home/pepino/.virtualenvs/apache_airflow/lib/python3.10/site-packages/airflow/example_dags/example_subdag_operator.py
[2023-04-17T09:03:38.065-0300] {processor.py:753} INFO - DAG(s) dict_keys(['example_subdag_operator.section-1', 'example_subdag_operator.section-2', 'example_subdag_operator']) retrieved from /home/pepino/.virtualenvs/apache_airflow/lib/python3.10/site-packages/airflow/example_dags/example_subdag_operator.py
[2023-04-17T09:03:38.074-0300] {logging_mixin.py:137} INFO - [2023-04-17T09:03:38.074-0300] {dag.py:2705} INFO - Sync 3 DAGs
[2023-04-17T09:03:38.083-0300] {logging_mixin.py:137} INFO - [2023-04-17T09:03:38.083-0300] {dag.py:3452} INFO - Setting next_dagrun for example_subdag_operator to 2022-01-01T00:00:00+00:00, run_after=2022-01-01T00:00:00+00:00
[2023-04-17T09:03:38.084-0300] {logging_mixin.py:137} INFO - [2023-04-17T09:03:38.084-0300] {dag.py:3452} INFO - Setting next_dagrun for example_subdag_operator.section-1 to None, run_after=None
[2023-04-17T09:03:38.085-0300] {logging_mixin.py:137} INFO - [2023-04-17T09:03:38.085-0300] {dag.py:3452} INFO - Setting next_dagrun for example_subdag_operator.section-2 to None, run_after=None
[2023-04-17T09:03:38.087-0300] {logging_mixin.py:137} INFO - [2023-04-17T09:03:38.087-0300] {dag.py:2705} INFO - Sync 2 DAGs
[2023-04-17T09:03:38.089-0300] {logging_mixin.py:137} INFO - [2023-04-17T09:03:38.089-0300] {dag.py:3452} INFO - Setting next_dagrun for example_subdag_operator.section-1 to None, run_after=None
[2023-04-17T09:03:38.090-0300] {logging_mixin.py:137} INFO - [2023-04-17T09:03:38.089-0300] {dag.py:3452} INFO - Setting next_dagrun for example_subdag_operator.section-2 to None, run_after=None
[2023-04-17T09:03:38.105-0300] {processor.py:175} INFO - Processing /home/pepino/.virtualenvs/apache_airflow/lib/python3.10/site-packages/airflow/example_dags/example_subdag_operator.py took 0.057 seconds
[2023-04-17T09:04:21.334-0300] {processor.py:153} INFO - Started process (PID=82162) to work on /home/pepino/.virtualenvs/apache_airflow/lib/python3.10/site-packages/airflow/example_dags/example_subdag_operator.py
[2023-04-17T09:04:21.336-0300] {processor.py:743} INFO - Processing file /home/pepino/.virtualenvs/apache_airflow/lib/python3.10/site-packages/airflow/example_dags/example_subdag_operator.py for tasks to queue
[2023-04-17T09:04:21.336-0300] {logging_mixin.py:137} INFO - [2023-04-17T09:04:21.336-0300] {dagbag.py:532} INFO - Filling up the DagBag from /home/pepino/.virtualenvs/apache_airflow/lib/python3.10/site-packages/airflow/example_dags/example_subdag_operator.py
[2023-04-17T09:04:21.351-0300] {processor.py:753} INFO - DAG(s) dict_keys(['example_subdag_operator.section-1', 'example_subdag_operator.section-2', 'example_subdag_operator']) retrieved from /home/pepino/.virtualenvs/apache_airflow/lib/python3.10/site-packages/airflow/example_dags/example_subdag_operator.py
[2023-04-17T09:04:21.362-0300] {logging_mixin.py:137} INFO - [2023-04-17T09:04:21.362-0300] {dag.py:2705} INFO - Sync 3 DAGs
[2023-04-17T09:04:21.373-0300] {logging_mixin.py:137} INFO - [2023-04-17T09:04:21.372-0300] {dag.py:3452} INFO - Setting next_dagrun for example_subdag_operator to 2022-01-01T00:00:00+00:00, run_after=2022-01-01T00:00:00+00:00
[2023-04-17T09:04:21.374-0300] {logging_mixin.py:137} INFO - [2023-04-17T09:04:21.374-0300] {dag.py:3452} INFO - Setting next_dagrun for example_subdag_operator.section-1 to None, run_after=None
[2023-04-17T09:04:21.375-0300] {logging_mixin.py:137} INFO - [2023-04-17T09:04:21.375-0300] {dag.py:3452} INFO - Setting next_dagrun for example_subdag_operator.section-2 to None, run_after=None
[2023-04-17T09:04:21.378-0300] {logging_mixin.py:137} INFO - [2023-04-17T09:04:21.378-0300] {dag.py:2705} INFO - Sync 2 DAGs
[2023-04-17T09:04:21.380-0300] {logging_mixin.py:137} INFO - [2023-04-17T09:04:21.380-0300] {dag.py:3452} INFO - Setting next_dagrun for example_subdag_operator.section-1 to None, run_after=None
[2023-04-17T09:04:21.380-0300] {logging_mixin.py:137} INFO - [2023-04-17T09:04:21.380-0300] {dag.py:3452} INFO - Setting next_dagrun for example_subdag_operator.section-2 to None, run_after=None
[2023-04-17T09:04:21.396-0300] {processor.py:175} INFO - Processing /home/pepino/.virtualenvs/apache_airflow/lib/python3.10/site-packages/airflow/example_dags/example_subdag_operator.py took 0.065 seconds
[2023-04-17T09:04:59.655-0300] {processor.py:153} INFO - Started process (PID=82276) to work on /home/pepino/.virtualenvs/apache_airflow/lib/python3.10/site-packages/airflow/example_dags/example_subdag_operator.py
[2023-04-17T09:04:59.664-0300] {processor.py:743} INFO - Processing file /home/pepino/.virtualenvs/apache_airflow/lib/python3.10/site-packages/airflow/example_dags/example_subdag_operator.py for tasks to queue
[2023-04-17T09:04:59.665-0300] {logging_mixin.py:137} INFO - [2023-04-17T09:04:59.665-0300] {dagbag.py:532} INFO - Filling up the DagBag from /home/pepino/.virtualenvs/apache_airflow/lib/python3.10/site-packages/airflow/example_dags/example_subdag_operator.py
[2023-04-17T09:04:59.690-0300] {processor.py:753} INFO - DAG(s) dict_keys(['example_subdag_operator.section-1', 'example_subdag_operator.section-2', 'example_subdag_operator']) retrieved from /home/pepino/.virtualenvs/apache_airflow/lib/python3.10/site-packages/airflow/example_dags/example_subdag_operator.py
[2023-04-17T09:04:59.698-0300] {logging_mixin.py:137} INFO - [2023-04-17T09:04:59.698-0300] {dag.py:2705} INFO - Sync 3 DAGs
[2023-04-17T09:04:59.707-0300] {logging_mixin.py:137} INFO - [2023-04-17T09:04:59.707-0300] {dag.py:3452} INFO - Setting next_dagrun for example_subdag_operator to 2022-01-01T00:00:00+00:00, run_after=2022-01-01T00:00:00+00:00
[2023-04-17T09:04:59.709-0300] {logging_mixin.py:137} INFO - [2023-04-17T09:04:59.708-0300] {dag.py:3452} INFO - Setting next_dagrun for example_subdag_operator.section-1 to None, run_after=None
[2023-04-17T09:04:59.709-0300] {logging_mixin.py:137} INFO - [2023-04-17T09:04:59.709-0300] {dag.py:3452} INFO - Setting next_dagrun for example_subdag_operator.section-2 to None, run_after=None
[2023-04-17T09:04:59.713-0300] {logging_mixin.py:137} INFO - [2023-04-17T09:04:59.713-0300] {dag.py:2705} INFO - Sync 2 DAGs
[2023-04-17T09:04:59.716-0300] {logging_mixin.py:137} INFO - [2023-04-17T09:04:59.715-0300] {dag.py:3452} INFO - Setting next_dagrun for example_subdag_operator.section-1 to None, run_after=None
[2023-04-17T09:04:59.716-0300] {logging_mixin.py:137} INFO - [2023-04-17T09:04:59.716-0300] {dag.py:3452} INFO - Setting next_dagrun for example_subdag_operator.section-2 to None, run_after=None
[2023-04-17T09:04:59.742-0300] {processor.py:175} INFO - Processing /home/pepino/.virtualenvs/apache_airflow/lib/python3.10/site-packages/airflow/example_dags/example_subdag_operator.py took 0.091 seconds
[2023-04-17T09:05:39.791-0300] {processor.py:153} INFO - Started process (PID=82368) to work on /home/pepino/.virtualenvs/apache_airflow/lib/python3.10/site-packages/airflow/example_dags/example_subdag_operator.py
[2023-04-17T09:05:39.799-0300] {processor.py:743} INFO - Processing file /home/pepino/.virtualenvs/apache_airflow/lib/python3.10/site-packages/airflow/example_dags/example_subdag_operator.py for tasks to queue
[2023-04-17T09:05:39.800-0300] {logging_mixin.py:137} INFO - [2023-04-17T09:05:39.800-0300] {dagbag.py:532} INFO - Filling up the DagBag from /home/pepino/.virtualenvs/apache_airflow/lib/python3.10/site-packages/airflow/example_dags/example_subdag_operator.py
[2023-04-17T09:05:39.822-0300] {processor.py:753} INFO - DAG(s) dict_keys(['example_subdag_operator.section-1', 'example_subdag_operator.section-2', 'example_subdag_operator']) retrieved from /home/pepino/.virtualenvs/apache_airflow/lib/python3.10/site-packages/airflow/example_dags/example_subdag_operator.py
[2023-04-17T09:05:39.831-0300] {logging_mixin.py:137} INFO - [2023-04-17T09:05:39.831-0300] {dag.py:2705} INFO - Sync 3 DAGs
[2023-04-17T09:05:39.840-0300] {logging_mixin.py:137} INFO - [2023-04-17T09:05:39.839-0300] {dag.py:3452} INFO - Setting next_dagrun for example_subdag_operator to 2022-01-01T00:00:00+00:00, run_after=2022-01-01T00:00:00+00:00
[2023-04-17T09:05:39.841-0300] {logging_mixin.py:137} INFO - [2023-04-17T09:05:39.841-0300] {dag.py:3452} INFO - Setting next_dagrun for example_subdag_operator.section-1 to None, run_after=None
[2023-04-17T09:05:39.841-0300] {logging_mixin.py:137} INFO - [2023-04-17T09:05:39.841-0300] {dag.py:3452} INFO - Setting next_dagrun for example_subdag_operator.section-2 to None, run_after=None
[2023-04-17T09:05:39.845-0300] {logging_mixin.py:137} INFO - [2023-04-17T09:05:39.844-0300] {dag.py:2705} INFO - Sync 2 DAGs
[2023-04-17T09:05:39.846-0300] {logging_mixin.py:137} INFO - [2023-04-17T09:05:39.846-0300] {dag.py:3452} INFO - Setting next_dagrun for example_subdag_operator.section-1 to None, run_after=None
[2023-04-17T09:05:39.847-0300] {logging_mixin.py:137} INFO - [2023-04-17T09:05:39.846-0300] {dag.py:3452} INFO - Setting next_dagrun for example_subdag_operator.section-2 to None, run_after=None
[2023-04-17T09:05:39.862-0300] {processor.py:175} INFO - Processing /home/pepino/.virtualenvs/apache_airflow/lib/python3.10/site-packages/airflow/example_dags/example_subdag_operator.py took 0.073 seconds
[2023-04-17T09:06:32.830-0300] {processor.py:153} INFO - Started process (PID=82509) to work on /home/pepino/.virtualenvs/apache_airflow/lib/python3.10/site-packages/airflow/example_dags/example_subdag_operator.py
[2023-04-17T09:06:32.838-0300] {processor.py:743} INFO - Processing file /home/pepino/.virtualenvs/apache_airflow/lib/python3.10/site-packages/airflow/example_dags/example_subdag_operator.py for tasks to queue
[2023-04-17T09:06:32.838-0300] {logging_mixin.py:137} INFO - [2023-04-17T09:06:32.838-0300] {dagbag.py:532} INFO - Filling up the DagBag from /home/pepino/.virtualenvs/apache_airflow/lib/python3.10/site-packages/airflow/example_dags/example_subdag_operator.py
[2023-04-17T09:06:32.852-0300] {processor.py:753} INFO - DAG(s) dict_keys(['example_subdag_operator.section-1', 'example_subdag_operator.section-2', 'example_subdag_operator']) retrieved from /home/pepino/.virtualenvs/apache_airflow/lib/python3.10/site-packages/airflow/example_dags/example_subdag_operator.py
[2023-04-17T09:06:32.862-0300] {logging_mixin.py:137} INFO - [2023-04-17T09:06:32.862-0300] {dag.py:2705} INFO - Sync 3 DAGs
[2023-04-17T09:06:32.872-0300] {logging_mixin.py:137} INFO - [2023-04-17T09:06:32.872-0300] {dag.py:3452} INFO - Setting next_dagrun for example_subdag_operator to 2022-01-01T00:00:00+00:00, run_after=2022-01-01T00:00:00+00:00
[2023-04-17T09:06:32.937-0300] {logging_mixin.py:137} INFO - [2023-04-17T09:06:32.937-0300] {dag.py:3452} INFO - Setting next_dagrun for example_subdag_operator.section-1 to None, run_after=None
[2023-04-17T09:06:32.937-0300] {logging_mixin.py:137} INFO - [2023-04-17T09:06:32.937-0300] {dag.py:3452} INFO - Setting next_dagrun for example_subdag_operator.section-2 to None, run_after=None
[2023-04-17T09:06:32.940-0300] {logging_mixin.py:137} INFO - [2023-04-17T09:06:32.940-0300] {dag.py:2705} INFO - Sync 2 DAGs
[2023-04-17T09:06:32.942-0300] {logging_mixin.py:137} INFO - [2023-04-17T09:06:32.942-0300] {dag.py:3452} INFO - Setting next_dagrun for example_subdag_operator.section-1 to None, run_after=None
[2023-04-17T09:06:32.942-0300] {logging_mixin.py:137} INFO - [2023-04-17T09:06:32.942-0300] {dag.py:3452} INFO - Setting next_dagrun for example_subdag_operator.section-2 to None, run_after=None
[2023-04-17T09:06:32.965-0300] {processor.py:175} INFO - Processing /home/pepino/.virtualenvs/apache_airflow/lib/python3.10/site-packages/airflow/example_dags/example_subdag_operator.py took 0.137 seconds
[2023-04-17T09:07:12.539-0300] {processor.py:153} INFO - Started process (PID=82598) to work on /home/pepino/.virtualenvs/apache_airflow/lib/python3.10/site-packages/airflow/example_dags/example_subdag_operator.py
[2023-04-17T09:07:12.548-0300] {processor.py:743} INFO - Processing file /home/pepino/.virtualenvs/apache_airflow/lib/python3.10/site-packages/airflow/example_dags/example_subdag_operator.py for tasks to queue
[2023-04-17T09:07:12.549-0300] {logging_mixin.py:137} INFO - [2023-04-17T09:07:12.549-0300] {dagbag.py:532} INFO - Filling up the DagBag from /home/pepino/.virtualenvs/apache_airflow/lib/python3.10/site-packages/airflow/example_dags/example_subdag_operator.py
[2023-04-17T09:07:12.570-0300] {processor.py:753} INFO - DAG(s) dict_keys(['example_subdag_operator.section-1', 'example_subdag_operator.section-2', 'example_subdag_operator']) retrieved from /home/pepino/.virtualenvs/apache_airflow/lib/python3.10/site-packages/airflow/example_dags/example_subdag_operator.py
[2023-04-17T09:07:12.579-0300] {logging_mixin.py:137} INFO - [2023-04-17T09:07:12.579-0300] {dag.py:2705} INFO - Sync 3 DAGs
[2023-04-17T09:07:12.653-0300] {logging_mixin.py:137} INFO - [2023-04-17T09:07:12.653-0300] {dag.py:3452} INFO - Setting next_dagrun for example_subdag_operator to 2022-01-01T00:00:00+00:00, run_after=2022-01-01T00:00:00+00:00
[2023-04-17T09:07:12.655-0300] {logging_mixin.py:137} INFO - [2023-04-17T09:07:12.654-0300] {dag.py:3452} INFO - Setting next_dagrun for example_subdag_operator.section-1 to None, run_after=None
[2023-04-17T09:07:12.655-0300] {logging_mixin.py:137} INFO - [2023-04-17T09:07:12.655-0300] {dag.py:3452} INFO - Setting next_dagrun for example_subdag_operator.section-2 to None, run_after=None
[2023-04-17T09:07:12.658-0300] {logging_mixin.py:137} INFO - [2023-04-17T09:07:12.657-0300] {dag.py:2705} INFO - Sync 2 DAGs
[2023-04-17T09:07:12.660-0300] {logging_mixin.py:137} INFO - [2023-04-17T09:07:12.660-0300] {dag.py:3452} INFO - Setting next_dagrun for example_subdag_operator.section-1 to None, run_after=None
[2023-04-17T09:07:12.660-0300] {logging_mixin.py:137} INFO - [2023-04-17T09:07:12.660-0300] {dag.py:3452} INFO - Setting next_dagrun for example_subdag_operator.section-2 to None, run_after=None
[2023-04-17T09:07:12.684-0300] {processor.py:175} INFO - Processing /home/pepino/.virtualenvs/apache_airflow/lib/python3.10/site-packages/airflow/example_dags/example_subdag_operator.py took 0.149 seconds
[2023-04-17T09:07:48.025-0300] {processor.py:153} INFO - Started process (PID=82670) to work on /home/pepino/.virtualenvs/apache_airflow/lib/python3.10/site-packages/airflow/example_dags/example_subdag_operator.py
[2023-04-17T09:07:48.033-0300] {processor.py:743} INFO - Processing file /home/pepino/.virtualenvs/apache_airflow/lib/python3.10/site-packages/airflow/example_dags/example_subdag_operator.py for tasks to queue
[2023-04-17T09:07:48.034-0300] {logging_mixin.py:137} INFO - [2023-04-17T09:07:48.034-0300] {dagbag.py:532} INFO - Filling up the DagBag from /home/pepino/.virtualenvs/apache_airflow/lib/python3.10/site-packages/airflow/example_dags/example_subdag_operator.py
[2023-04-17T09:07:48.056-0300] {processor.py:753} INFO - DAG(s) dict_keys(['example_subdag_operator.section-1', 'example_subdag_operator.section-2', 'example_subdag_operator']) retrieved from /home/pepino/.virtualenvs/apache_airflow/lib/python3.10/site-packages/airflow/example_dags/example_subdag_operator.py
[2023-04-17T09:07:48.065-0300] {logging_mixin.py:137} INFO - [2023-04-17T09:07:48.065-0300] {dag.py:2705} INFO - Sync 3 DAGs
[2023-04-17T09:07:48.140-0300] {logging_mixin.py:137} INFO - [2023-04-17T09:07:48.140-0300] {dag.py:3452} INFO - Setting next_dagrun for example_subdag_operator to 2022-01-01T00:00:00+00:00, run_after=2022-01-01T00:00:00+00:00
[2023-04-17T09:07:48.141-0300] {logging_mixin.py:137} INFO - [2023-04-17T09:07:48.141-0300] {dag.py:3452} INFO - Setting next_dagrun for example_subdag_operator.section-1 to None, run_after=None
[2023-04-17T09:07:48.141-0300] {logging_mixin.py:137} INFO - [2023-04-17T09:07:48.141-0300] {dag.py:3452} INFO - Setting next_dagrun for example_subdag_operator.section-2 to None, run_after=None
[2023-04-17T09:07:48.144-0300] {logging_mixin.py:137} INFO - [2023-04-17T09:07:48.144-0300] {dag.py:2705} INFO - Sync 2 DAGs
[2023-04-17T09:07:48.146-0300] {logging_mixin.py:137} INFO - [2023-04-17T09:07:48.146-0300] {dag.py:3452} INFO - Setting next_dagrun for example_subdag_operator.section-1 to None, run_after=None
[2023-04-17T09:07:48.146-0300] {logging_mixin.py:137} INFO - [2023-04-17T09:07:48.146-0300] {dag.py:3452} INFO - Setting next_dagrun for example_subdag_operator.section-2 to None, run_after=None
[2023-04-17T09:07:48.177-0300] {processor.py:175} INFO - Processing /home/pepino/.virtualenvs/apache_airflow/lib/python3.10/site-packages/airflow/example_dags/example_subdag_operator.py took 0.156 seconds
