[2023-04-17T08:59:56.461-0300] {processor.py:153} INFO - Started process (PID=81404) to work on /home/pepino/.virtualenvs/apache_airflow/lib/python3.10/site-packages/airflow/example_dags/example_bash_operator.py
[2023-04-17T08:59:56.462-0300] {processor.py:743} INFO - Processing file /home/pepino/.virtualenvs/apache_airflow/lib/python3.10/site-packages/airflow/example_dags/example_bash_operator.py for tasks to queue
[2023-04-17T08:59:56.463-0300] {logging_mixin.py:137} INFO - [2023-04-17T08:59:56.463-0300] {dagbag.py:532} INFO - Filling up the DagBag from /home/pepino/.virtualenvs/apache_airflow/lib/python3.10/site-packages/airflow/example_dags/example_bash_operator.py
[2023-04-17T08:59:56.480-0300] {processor.py:753} INFO - DAG(s) dict_keys(['example_bash_operator']) retrieved from /home/pepino/.virtualenvs/apache_airflow/lib/python3.10/site-packages/airflow/example_dags/example_bash_operator.py
[2023-04-17T08:59:56.495-0300] {logging_mixin.py:137} INFO - [2023-04-17T08:59:56.495-0300] {dag.py:2705} INFO - Sync 1 DAGs
[2023-04-17T08:59:56.505-0300] {logging_mixin.py:137} INFO - [2023-04-17T08:59:56.505-0300] {dag.py:3452} INFO - Setting next_dagrun for example_bash_operator to 2023-04-16T00:00:00+00:00, run_after=2023-04-17T00:00:00+00:00
[2023-04-17T08:59:56.522-0300] {processor.py:175} INFO - Processing /home/pepino/.virtualenvs/apache_airflow/lib/python3.10/site-packages/airflow/example_dags/example_bash_operator.py took 0.065 seconds
[2023-04-17T09:00:41.234-0300] {processor.py:153} INFO - Started process (PID=81659) to work on /home/pepino/.virtualenvs/apache_airflow/lib/python3.10/site-packages/airflow/example_dags/example_bash_operator.py
[2023-04-17T09:00:41.243-0300] {processor.py:743} INFO - Processing file /home/pepino/.virtualenvs/apache_airflow/lib/python3.10/site-packages/airflow/example_dags/example_bash_operator.py for tasks to queue
[2023-04-17T09:00:41.243-0300] {logging_mixin.py:137} INFO - [2023-04-17T09:00:41.243-0300] {dagbag.py:532} INFO - Filling up the DagBag from /home/pepino/.virtualenvs/apache_airflow/lib/python3.10/site-packages/airflow/example_dags/example_bash_operator.py
[2023-04-17T09:00:41.261-0300] {processor.py:753} INFO - DAG(s) dict_keys(['example_bash_operator']) retrieved from /home/pepino/.virtualenvs/apache_airflow/lib/python3.10/site-packages/airflow/example_dags/example_bash_operator.py
[2023-04-17T09:00:41.279-0300] {logging_mixin.py:137} INFO - [2023-04-17T09:00:41.279-0300] {dag.py:2705} INFO - Sync 1 DAGs
[2023-04-17T09:00:41.291-0300] {logging_mixin.py:137} INFO - [2023-04-17T09:00:41.290-0300] {dag.py:3452} INFO - Setting next_dagrun for example_bash_operator to 2023-04-16T00:00:00+00:00, run_after=2023-04-17T00:00:00+00:00
[2023-04-17T09:00:41.310-0300] {processor.py:175} INFO - Processing /home/pepino/.virtualenvs/apache_airflow/lib/python3.10/site-packages/airflow/example_dags/example_bash_operator.py took 0.077 seconds
[2023-04-17T09:01:24.013-0300] {processor.py:153} INFO - Started process (PID=81750) to work on /home/pepino/.virtualenvs/apache_airflow/lib/python3.10/site-packages/airflow/example_dags/example_bash_operator.py
[2023-04-17T09:01:24.021-0300] {processor.py:743} INFO - Processing file /home/pepino/.virtualenvs/apache_airflow/lib/python3.10/site-packages/airflow/example_dags/example_bash_operator.py for tasks to queue
[2023-04-17T09:01:24.023-0300] {logging_mixin.py:137} INFO - [2023-04-17T09:01:24.022-0300] {dagbag.py:532} INFO - Filling up the DagBag from /home/pepino/.virtualenvs/apache_airflow/lib/python3.10/site-packages/airflow/example_dags/example_bash_operator.py
[2023-04-17T09:01:24.042-0300] {processor.py:753} INFO - DAG(s) dict_keys(['example_bash_operator']) retrieved from /home/pepino/.virtualenvs/apache_airflow/lib/python3.10/site-packages/airflow/example_dags/example_bash_operator.py
[2023-04-17T09:01:24.056-0300] {logging_mixin.py:137} INFO - [2023-04-17T09:01:24.056-0300] {dag.py:2705} INFO - Sync 1 DAGs
[2023-04-17T09:01:24.066-0300] {logging_mixin.py:137} INFO - [2023-04-17T09:01:24.066-0300] {dag.py:3452} INFO - Setting next_dagrun for example_bash_operator to 2023-04-16T00:00:00+00:00, run_after=2023-04-17T00:00:00+00:00
[2023-04-17T09:01:24.101-0300] {processor.py:175} INFO - Processing /home/pepino/.virtualenvs/apache_airflow/lib/python3.10/site-packages/airflow/example_dags/example_bash_operator.py took 0.090 seconds
[2023-04-17T09:02:08.859-0300] {processor.py:153} INFO - Started process (PID=81849) to work on /home/pepino/.virtualenvs/apache_airflow/lib/python3.10/site-packages/airflow/example_dags/example_bash_operator.py
[2023-04-17T09:02:08.867-0300] {processor.py:743} INFO - Processing file /home/pepino/.virtualenvs/apache_airflow/lib/python3.10/site-packages/airflow/example_dags/example_bash_operator.py for tasks to queue
[2023-04-17T09:02:08.869-0300] {logging_mixin.py:137} INFO - [2023-04-17T09:02:08.869-0300] {dagbag.py:532} INFO - Filling up the DagBag from /home/pepino/.virtualenvs/apache_airflow/lib/python3.10/site-packages/airflow/example_dags/example_bash_operator.py
[2023-04-17T09:02:08.888-0300] {processor.py:753} INFO - DAG(s) dict_keys(['example_bash_operator']) retrieved from /home/pepino/.virtualenvs/apache_airflow/lib/python3.10/site-packages/airflow/example_dags/example_bash_operator.py
[2023-04-17T09:02:08.903-0300] {logging_mixin.py:137} INFO - [2023-04-17T09:02:08.903-0300] {dag.py:2705} INFO - Sync 1 DAGs
[2023-04-17T09:02:08.913-0300] {logging_mixin.py:137} INFO - [2023-04-17T09:02:08.913-0300] {dag.py:3452} INFO - Setting next_dagrun for example_bash_operator to 2023-04-16T00:00:00+00:00, run_after=2023-04-17T00:00:00+00:00
[2023-04-17T09:02:08.929-0300] {processor.py:175} INFO - Processing /home/pepino/.virtualenvs/apache_airflow/lib/python3.10/site-packages/airflow/example_dags/example_bash_operator.py took 0.074 seconds
[2023-04-17T09:02:50.481-0300] {processor.py:153} INFO - Started process (PID=81930) to work on /home/pepino/.virtualenvs/apache_airflow/lib/python3.10/site-packages/airflow/example_dags/example_bash_operator.py
[2023-04-17T09:02:50.484-0300] {processor.py:743} INFO - Processing file /home/pepino/.virtualenvs/apache_airflow/lib/python3.10/site-packages/airflow/example_dags/example_bash_operator.py for tasks to queue
[2023-04-17T09:02:50.485-0300] {logging_mixin.py:137} INFO - [2023-04-17T09:02:50.485-0300] {dagbag.py:532} INFO - Filling up the DagBag from /home/pepino/.virtualenvs/apache_airflow/lib/python3.10/site-packages/airflow/example_dags/example_bash_operator.py
[2023-04-17T09:02:50.502-0300] {processor.py:753} INFO - DAG(s) dict_keys(['example_bash_operator']) retrieved from /home/pepino/.virtualenvs/apache_airflow/lib/python3.10/site-packages/airflow/example_dags/example_bash_operator.py
[2023-04-17T09:02:50.517-0300] {logging_mixin.py:137} INFO - [2023-04-17T09:02:50.517-0300] {dag.py:2705} INFO - Sync 1 DAGs
[2023-04-17T09:02:50.528-0300] {logging_mixin.py:137} INFO - [2023-04-17T09:02:50.528-0300] {dag.py:3452} INFO - Setting next_dagrun for example_bash_operator to 2023-04-16T00:00:00+00:00, run_after=2023-04-17T00:00:00+00:00
[2023-04-17T09:02:50.545-0300] {processor.py:175} INFO - Processing /home/pepino/.virtualenvs/apache_airflow/lib/python3.10/site-packages/airflow/example_dags/example_bash_operator.py took 0.069 seconds
[2023-04-17T09:03:33.537-0300] {processor.py:153} INFO - Started process (PID=82044) to work on /home/pepino/.virtualenvs/apache_airflow/lib/python3.10/site-packages/airflow/example_dags/example_bash_operator.py
[2023-04-17T09:03:33.540-0300] {processor.py:743} INFO - Processing file /home/pepino/.virtualenvs/apache_airflow/lib/python3.10/site-packages/airflow/example_dags/example_bash_operator.py for tasks to queue
[2023-04-17T09:03:33.541-0300] {logging_mixin.py:137} INFO - [2023-04-17T09:03:33.540-0300] {dagbag.py:532} INFO - Filling up the DagBag from /home/pepino/.virtualenvs/apache_airflow/lib/python3.10/site-packages/airflow/example_dags/example_bash_operator.py
[2023-04-17T09:03:33.557-0300] {processor.py:753} INFO - DAG(s) dict_keys(['example_bash_operator']) retrieved from /home/pepino/.virtualenvs/apache_airflow/lib/python3.10/site-packages/airflow/example_dags/example_bash_operator.py
[2023-04-17T09:03:33.572-0300] {logging_mixin.py:137} INFO - [2023-04-17T09:03:33.572-0300] {dag.py:2705} INFO - Sync 1 DAGs
[2023-04-17T09:03:33.581-0300] {logging_mixin.py:137} INFO - [2023-04-17T09:03:33.581-0300] {dag.py:3452} INFO - Setting next_dagrun for example_bash_operator to 2023-04-16T00:00:00+00:00, run_after=2023-04-17T00:00:00+00:00
[2023-04-17T09:03:33.605-0300] {processor.py:175} INFO - Processing /home/pepino/.virtualenvs/apache_airflow/lib/python3.10/site-packages/airflow/example_dags/example_bash_operator.py took 0.072 seconds
[2023-04-17T09:04:17.598-0300] {processor.py:153} INFO - Started process (PID=82151) to work on /home/pepino/.virtualenvs/apache_airflow/lib/python3.10/site-packages/airflow/example_dags/example_bash_operator.py
[2023-04-17T09:04:17.607-0300] {processor.py:743} INFO - Processing file /home/pepino/.virtualenvs/apache_airflow/lib/python3.10/site-packages/airflow/example_dags/example_bash_operator.py for tasks to queue
[2023-04-17T09:04:17.607-0300] {logging_mixin.py:137} INFO - [2023-04-17T09:04:17.607-0300] {dagbag.py:532} INFO - Filling up the DagBag from /home/pepino/.virtualenvs/apache_airflow/lib/python3.10/site-packages/airflow/example_dags/example_bash_operator.py
[2023-04-17T09:04:17.625-0300] {processor.py:753} INFO - DAG(s) dict_keys(['example_bash_operator']) retrieved from /home/pepino/.virtualenvs/apache_airflow/lib/python3.10/site-packages/airflow/example_dags/example_bash_operator.py
[2023-04-17T09:04:17.642-0300] {logging_mixin.py:137} INFO - [2023-04-17T09:04:17.642-0300] {dag.py:2705} INFO - Sync 1 DAGs
[2023-04-17T09:04:17.653-0300] {logging_mixin.py:137} INFO - [2023-04-17T09:04:17.653-0300] {dag.py:3452} INFO - Setting next_dagrun for example_bash_operator to 2023-04-16T00:00:00+00:00, run_after=2023-04-17T00:00:00+00:00
[2023-04-17T09:04:17.672-0300] {processor.py:175} INFO - Processing /home/pepino/.virtualenvs/apache_airflow/lib/python3.10/site-packages/airflow/example_dags/example_bash_operator.py took 0.080 seconds
[2023-04-17T09:04:56.040-0300] {processor.py:153} INFO - Started process (PID=82271) to work on /home/pepino/.virtualenvs/apache_airflow/lib/python3.10/site-packages/airflow/example_dags/example_bash_operator.py
[2023-04-17T09:04:56.049-0300] {processor.py:743} INFO - Processing file /home/pepino/.virtualenvs/apache_airflow/lib/python3.10/site-packages/airflow/example_dags/example_bash_operator.py for tasks to queue
[2023-04-17T09:04:56.050-0300] {logging_mixin.py:137} INFO - [2023-04-17T09:04:56.050-0300] {dagbag.py:532} INFO - Filling up the DagBag from /home/pepino/.virtualenvs/apache_airflow/lib/python3.10/site-packages/airflow/example_dags/example_bash_operator.py
[2023-04-17T09:04:56.067-0300] {processor.py:753} INFO - DAG(s) dict_keys(['example_bash_operator']) retrieved from /home/pepino/.virtualenvs/apache_airflow/lib/python3.10/site-packages/airflow/example_dags/example_bash_operator.py
[2023-04-17T09:04:56.081-0300] {logging_mixin.py:137} INFO - [2023-04-17T09:04:56.081-0300] {dag.py:2705} INFO - Sync 1 DAGs
[2023-04-17T09:04:56.092-0300] {logging_mixin.py:137} INFO - [2023-04-17T09:04:56.092-0300] {dag.py:3452} INFO - Setting next_dagrun for example_bash_operator to 2023-04-16T00:00:00+00:00, run_after=2023-04-17T00:00:00+00:00
[2023-04-17T09:04:56.112-0300] {processor.py:175} INFO - Processing /home/pepino/.virtualenvs/apache_airflow/lib/python3.10/site-packages/airflow/example_dags/example_bash_operator.py took 0.076 seconds
[2023-04-17T09:05:36.029-0300] {processor.py:153} INFO - Started process (PID=82363) to work on /home/pepino/.virtualenvs/apache_airflow/lib/python3.10/site-packages/airflow/example_dags/example_bash_operator.py
[2023-04-17T09:05:36.030-0300] {processor.py:743} INFO - Processing file /home/pepino/.virtualenvs/apache_airflow/lib/python3.10/site-packages/airflow/example_dags/example_bash_operator.py for tasks to queue
[2023-04-17T09:05:36.031-0300] {logging_mixin.py:137} INFO - [2023-04-17T09:05:36.031-0300] {dagbag.py:532} INFO - Filling up the DagBag from /home/pepino/.virtualenvs/apache_airflow/lib/python3.10/site-packages/airflow/example_dags/example_bash_operator.py
[2023-04-17T09:05:36.046-0300] {processor.py:753} INFO - DAG(s) dict_keys(['example_bash_operator']) retrieved from /home/pepino/.virtualenvs/apache_airflow/lib/python3.10/site-packages/airflow/example_dags/example_bash_operator.py
[2023-04-17T09:05:36.060-0300] {logging_mixin.py:137} INFO - [2023-04-17T09:05:36.060-0300] {dag.py:2705} INFO - Sync 1 DAGs
[2023-04-17T09:05:36.071-0300] {logging_mixin.py:137} INFO - [2023-04-17T09:05:36.071-0300] {dag.py:3452} INFO - Setting next_dagrun for example_bash_operator to 2023-04-16T00:00:00+00:00, run_after=2023-04-17T00:00:00+00:00
[2023-04-17T09:05:36.147-0300] {processor.py:175} INFO - Processing /home/pepino/.virtualenvs/apache_airflow/lib/python3.10/site-packages/airflow/example_dags/example_bash_operator.py took 0.123 seconds
[2023-04-17T09:06:12.665-0300] {processor.py:153} INFO - Started process (PID=82462) to work on /home/pepino/.virtualenvs/apache_airflow/lib/python3.10/site-packages/airflow/example_dags/example_bash_operator.py
[2023-04-17T09:06:12.673-0300] {processor.py:743} INFO - Processing file /home/pepino/.virtualenvs/apache_airflow/lib/python3.10/site-packages/airflow/example_dags/example_bash_operator.py for tasks to queue
[2023-04-17T09:06:12.674-0300] {logging_mixin.py:137} INFO - [2023-04-17T09:06:12.674-0300] {dagbag.py:532} INFO - Filling up the DagBag from /home/pepino/.virtualenvs/apache_airflow/lib/python3.10/site-packages/airflow/example_dags/example_bash_operator.py
[2023-04-17T09:06:12.690-0300] {processor.py:753} INFO - DAG(s) dict_keys(['example_bash_operator']) retrieved from /home/pepino/.virtualenvs/apache_airflow/lib/python3.10/site-packages/airflow/example_dags/example_bash_operator.py
[2023-04-17T09:06:12.708-0300] {logging_mixin.py:137} INFO - [2023-04-17T09:06:12.707-0300] {dag.py:2705} INFO - Sync 1 DAGs
[2023-04-17T09:06:12.796-0300] {logging_mixin.py:137} INFO - [2023-04-17T09:06:12.796-0300] {dag.py:3452} INFO - Setting next_dagrun for example_bash_operator to 2023-04-16T00:00:00+00:00, run_after=2023-04-17T00:00:00+00:00
[2023-04-17T09:06:12.825-0300] {processor.py:175} INFO - Processing /home/pepino/.virtualenvs/apache_airflow/lib/python3.10/site-packages/airflow/example_dags/example_bash_operator.py took 0.163 seconds
[2023-04-17T09:06:52.633-0300] {processor.py:153} INFO - Started process (PID=82564) to work on /home/pepino/.virtualenvs/apache_airflow/lib/python3.10/site-packages/airflow/example_dags/example_bash_operator.py
[2023-04-17T09:06:52.634-0300] {processor.py:743} INFO - Processing file /home/pepino/.virtualenvs/apache_airflow/lib/python3.10/site-packages/airflow/example_dags/example_bash_operator.py for tasks to queue
[2023-04-17T09:06:52.635-0300] {logging_mixin.py:137} INFO - [2023-04-17T09:06:52.635-0300] {dagbag.py:532} INFO - Filling up the DagBag from /home/pepino/.virtualenvs/apache_airflow/lib/python3.10/site-packages/airflow/example_dags/example_bash_operator.py
[2023-04-17T09:06:52.649-0300] {processor.py:753} INFO - DAG(s) dict_keys(['example_bash_operator']) retrieved from /home/pepino/.virtualenvs/apache_airflow/lib/python3.10/site-packages/airflow/example_dags/example_bash_operator.py
[2023-04-17T09:06:52.666-0300] {logging_mixin.py:137} INFO - [2023-04-17T09:06:52.666-0300] {dag.py:2705} INFO - Sync 1 DAGs
[2023-04-17T09:06:52.742-0300] {logging_mixin.py:137} INFO - [2023-04-17T09:06:52.742-0300] {dag.py:3452} INFO - Setting next_dagrun for example_bash_operator to 2023-04-16T00:00:00+00:00, run_after=2023-04-17T00:00:00+00:00
[2023-04-17T09:06:52.760-0300] {processor.py:175} INFO - Processing /home/pepino/.virtualenvs/apache_airflow/lib/python3.10/site-packages/airflow/example_dags/example_bash_operator.py took 0.128 seconds
[2023-04-17T09:07:28.675-0300] {processor.py:153} INFO - Started process (PID=82632) to work on /home/pepino/.virtualenvs/apache_airflow/lib/python3.10/site-packages/airflow/example_dags/example_bash_operator.py
[2023-04-17T09:07:28.676-0300] {processor.py:743} INFO - Processing file /home/pepino/.virtualenvs/apache_airflow/lib/python3.10/site-packages/airflow/example_dags/example_bash_operator.py for tasks to queue
[2023-04-17T09:07:28.677-0300] {logging_mixin.py:137} INFO - [2023-04-17T09:07:28.677-0300] {dagbag.py:532} INFO - Filling up the DagBag from /home/pepino/.virtualenvs/apache_airflow/lib/python3.10/site-packages/airflow/example_dags/example_bash_operator.py
[2023-04-17T09:07:28.692-0300] {processor.py:753} INFO - DAG(s) dict_keys(['example_bash_operator']) retrieved from /home/pepino/.virtualenvs/apache_airflow/lib/python3.10/site-packages/airflow/example_dags/example_bash_operator.py
[2023-04-17T09:07:28.708-0300] {logging_mixin.py:137} INFO - [2023-04-17T09:07:28.708-0300] {dag.py:2705} INFO - Sync 1 DAGs
[2023-04-17T09:07:28.783-0300] {logging_mixin.py:137} INFO - [2023-04-17T09:07:28.783-0300] {dag.py:3452} INFO - Setting next_dagrun for example_bash_operator to 2023-04-16T00:00:00+00:00, run_after=2023-04-17T00:00:00+00:00
[2023-04-17T09:07:28.803-0300] {processor.py:175} INFO - Processing /home/pepino/.virtualenvs/apache_airflow/lib/python3.10/site-packages/airflow/example_dags/example_bash_operator.py took 0.132 seconds
[2023-04-17T09:08:03.759-0300] {processor.py:153} INFO - Started process (PID=82715) to work on /home/pepino/.virtualenvs/apache_airflow/lib/python3.10/site-packages/airflow/example_dags/example_bash_operator.py
[2023-04-17T09:08:03.767-0300] {processor.py:743} INFO - Processing file /home/pepino/.virtualenvs/apache_airflow/lib/python3.10/site-packages/airflow/example_dags/example_bash_operator.py for tasks to queue
[2023-04-17T09:08:03.768-0300] {logging_mixin.py:137} INFO - [2023-04-17T09:08:03.768-0300] {dagbag.py:532} INFO - Filling up the DagBag from /home/pepino/.virtualenvs/apache_airflow/lib/python3.10/site-packages/airflow/example_dags/example_bash_operator.py
[2023-04-17T09:08:03.788-0300] {processor.py:753} INFO - DAG(s) dict_keys(['example_bash_operator']) retrieved from /home/pepino/.virtualenvs/apache_airflow/lib/python3.10/site-packages/airflow/example_dags/example_bash_operator.py
[2023-04-17T09:08:03.868-0300] {logging_mixin.py:137} INFO - [2023-04-17T09:08:03.868-0300] {dag.py:2705} INFO - Sync 1 DAGs
[2023-04-17T09:08:03.879-0300] {logging_mixin.py:137} INFO - [2023-04-17T09:08:03.879-0300] {dag.py:3452} INFO - Setting next_dagrun for example_bash_operator to 2023-04-16T00:00:00+00:00, run_after=2023-04-17T00:00:00+00:00
[2023-04-17T09:08:03.906-0300] {processor.py:175} INFO - Processing /home/pepino/.virtualenvs/apache_airflow/lib/python3.10/site-packages/airflow/example_dags/example_bash_operator.py took 0.151 seconds
