[2023-04-17T08:59:58.751-0300] {processor.py:153} INFO - Started process (PID=81406) to work on /home/pepino/.virtualenvs/apache_airflow/lib/python3.10/site-packages/airflow/example_dags/example_complex.py
[2023-04-17T08:59:58.752-0300] {processor.py:743} INFO - Processing file /home/pepino/.virtualenvs/apache_airflow/lib/python3.10/site-packages/airflow/example_dags/example_complex.py for tasks to queue
[2023-04-17T08:59:58.752-0300] {logging_mixin.py:137} INFO - [2023-04-17T08:59:58.752-0300] {dagbag.py:532} INFO - Filling up the DagBag from /home/pepino/.virtualenvs/apache_airflow/lib/python3.10/site-packages/airflow/example_dags/example_complex.py
[2023-04-17T08:59:58.757-0300] {logging_mixin.py:137} INFO - [2023-04-17T08:59:58.757-0300] {taskmixin.py:211} WARNING - Dependency <Task(BashOperator): create_entry_group>, delete_entry_group already registered for DAG: example_complex
[2023-04-17T08:59:58.757-0300] {logging_mixin.py:137} INFO - [2023-04-17T08:59:58.757-0300] {taskmixin.py:211} WARNING - Dependency <Task(BashOperator): delete_entry_group>, create_entry_group already registered for DAG: example_complex
[2023-04-17T08:59:58.757-0300] {logging_mixin.py:137} INFO - [2023-04-17T08:59:58.757-0300] {taskmixin.py:211} WARNING - Dependency <Task(BashOperator): create_entry_gcs>, delete_entry already registered for DAG: example_complex
[2023-04-17T08:59:58.757-0300] {logging_mixin.py:137} INFO - [2023-04-17T08:59:58.757-0300] {taskmixin.py:211} WARNING - Dependency <Task(BashOperator): delete_entry>, create_entry_gcs already registered for DAG: example_complex
[2023-04-17T08:59:58.757-0300] {logging_mixin.py:137} INFO - [2023-04-17T08:59:58.757-0300] {taskmixin.py:211} WARNING - Dependency <Task(BashOperator): create_tag>, delete_tag already registered for DAG: example_complex
[2023-04-17T08:59:58.757-0300] {logging_mixin.py:137} INFO - [2023-04-17T08:59:58.757-0300] {taskmixin.py:211} WARNING - Dependency <Task(BashOperator): delete_tag>, create_tag already registered for DAG: example_complex
[2023-04-17T08:59:58.761-0300] {processor.py:753} INFO - DAG(s) dict_keys(['example_complex']) retrieved from /home/pepino/.virtualenvs/apache_airflow/lib/python3.10/site-packages/airflow/example_dags/example_complex.py
[2023-04-17T08:59:58.775-0300] {logging_mixin.py:137} INFO - [2023-04-17T08:59:58.775-0300] {dag.py:2705} INFO - Sync 1 DAGs
[2023-04-17T08:59:58.784-0300] {logging_mixin.py:137} INFO - [2023-04-17T08:59:58.784-0300] {dag.py:3452} INFO - Setting next_dagrun for example_complex to None, run_after=None
[2023-04-17T08:59:58.814-0300] {processor.py:175} INFO - Processing /home/pepino/.virtualenvs/apache_airflow/lib/python3.10/site-packages/airflow/example_dags/example_complex.py took 0.066 seconds
[2023-04-17T09:00:42.975-0300] {processor.py:153} INFO - Started process (PID=81661) to work on /home/pepino/.virtualenvs/apache_airflow/lib/python3.10/site-packages/airflow/example_dags/example_complex.py
[2023-04-17T09:00:42.984-0300] {processor.py:743} INFO - Processing file /home/pepino/.virtualenvs/apache_airflow/lib/python3.10/site-packages/airflow/example_dags/example_complex.py for tasks to queue
[2023-04-17T09:00:42.985-0300] {logging_mixin.py:137} INFO - [2023-04-17T09:00:42.984-0300] {dagbag.py:532} INFO - Filling up the DagBag from /home/pepino/.virtualenvs/apache_airflow/lib/python3.10/site-packages/airflow/example_dags/example_complex.py
[2023-04-17T09:00:42.999-0300] {logging_mixin.py:137} INFO - [2023-04-17T09:00:42.998-0300] {taskmixin.py:211} WARNING - Dependency <Task(BashOperator): create_entry_group>, delete_entry_group already registered for DAG: example_complex
[2023-04-17T09:00:42.999-0300] {logging_mixin.py:137} INFO - [2023-04-17T09:00:42.999-0300] {taskmixin.py:211} WARNING - Dependency <Task(BashOperator): delete_entry_group>, create_entry_group already registered for DAG: example_complex
[2023-04-17T09:00:42.999-0300] {logging_mixin.py:137} INFO - [2023-04-17T09:00:42.999-0300] {taskmixin.py:211} WARNING - Dependency <Task(BashOperator): create_entry_gcs>, delete_entry already registered for DAG: example_complex
[2023-04-17T09:00:42.999-0300] {logging_mixin.py:137} INFO - [2023-04-17T09:00:42.999-0300] {taskmixin.py:211} WARNING - Dependency <Task(BashOperator): delete_entry>, create_entry_gcs already registered for DAG: example_complex
[2023-04-17T09:00:42.999-0300] {logging_mixin.py:137} INFO - [2023-04-17T09:00:42.999-0300] {taskmixin.py:211} WARNING - Dependency <Task(BashOperator): create_tag>, delete_tag already registered for DAG: example_complex
[2023-04-17T09:00:42.999-0300] {logging_mixin.py:137} INFO - [2023-04-17T09:00:42.999-0300] {taskmixin.py:211} WARNING - Dependency <Task(BashOperator): delete_tag>, create_tag already registered for DAG: example_complex
[2023-04-17T09:00:43.003-0300] {processor.py:753} INFO - DAG(s) dict_keys(['example_complex']) retrieved from /home/pepino/.virtualenvs/apache_airflow/lib/python3.10/site-packages/airflow/example_dags/example_complex.py
[2023-04-17T09:00:43.018-0300] {logging_mixin.py:137} INFO - [2023-04-17T09:00:43.018-0300] {dag.py:2705} INFO - Sync 1 DAGs
[2023-04-17T09:00:43.028-0300] {logging_mixin.py:137} INFO - [2023-04-17T09:00:43.028-0300] {dag.py:3452} INFO - Setting next_dagrun for example_complex to None, run_after=None
[2023-04-17T09:00:43.048-0300] {processor.py:175} INFO - Processing /home/pepino/.virtualenvs/apache_airflow/lib/python3.10/site-packages/airflow/example_dags/example_complex.py took 0.078 seconds
[2023-04-17T09:01:25.381-0300] {processor.py:153} INFO - Started process (PID=81753) to work on /home/pepino/.virtualenvs/apache_airflow/lib/python3.10/site-packages/airflow/example_dags/example_complex.py
[2023-04-17T09:01:25.389-0300] {processor.py:743} INFO - Processing file /home/pepino/.virtualenvs/apache_airflow/lib/python3.10/site-packages/airflow/example_dags/example_complex.py for tasks to queue
[2023-04-17T09:01:25.390-0300] {logging_mixin.py:137} INFO - [2023-04-17T09:01:25.390-0300] {dagbag.py:532} INFO - Filling up the DagBag from /home/pepino/.virtualenvs/apache_airflow/lib/python3.10/site-packages/airflow/example_dags/example_complex.py
[2023-04-17T09:01:25.403-0300] {logging_mixin.py:137} INFO - [2023-04-17T09:01:25.403-0300] {taskmixin.py:211} WARNING - Dependency <Task(BashOperator): create_entry_group>, delete_entry_group already registered for DAG: example_complex
[2023-04-17T09:01:25.403-0300] {logging_mixin.py:137} INFO - [2023-04-17T09:01:25.403-0300] {taskmixin.py:211} WARNING - Dependency <Task(BashOperator): delete_entry_group>, create_entry_group already registered for DAG: example_complex
[2023-04-17T09:01:25.403-0300] {logging_mixin.py:137} INFO - [2023-04-17T09:01:25.403-0300] {taskmixin.py:211} WARNING - Dependency <Task(BashOperator): create_entry_gcs>, delete_entry already registered for DAG: example_complex
[2023-04-17T09:01:25.404-0300] {logging_mixin.py:137} INFO - [2023-04-17T09:01:25.404-0300] {taskmixin.py:211} WARNING - Dependency <Task(BashOperator): delete_entry>, create_entry_gcs already registered for DAG: example_complex
[2023-04-17T09:01:25.404-0300] {logging_mixin.py:137} INFO - [2023-04-17T09:01:25.404-0300] {taskmixin.py:211} WARNING - Dependency <Task(BashOperator): create_tag>, delete_tag already registered for DAG: example_complex
[2023-04-17T09:01:25.404-0300] {logging_mixin.py:137} INFO - [2023-04-17T09:01:25.404-0300] {taskmixin.py:211} WARNING - Dependency <Task(BashOperator): delete_tag>, create_tag already registered for DAG: example_complex
[2023-04-17T09:01:25.408-0300] {processor.py:753} INFO - DAG(s) dict_keys(['example_complex']) retrieved from /home/pepino/.virtualenvs/apache_airflow/lib/python3.10/site-packages/airflow/example_dags/example_complex.py
[2023-04-17T09:01:25.422-0300] {logging_mixin.py:137} INFO - [2023-04-17T09:01:25.422-0300] {dag.py:2705} INFO - Sync 1 DAGs
[2023-04-17T09:01:25.432-0300] {logging_mixin.py:137} INFO - [2023-04-17T09:01:25.432-0300] {dag.py:3452} INFO - Setting next_dagrun for example_complex to None, run_after=None
[2023-04-17T09:01:25.459-0300] {processor.py:175} INFO - Processing /home/pepino/.virtualenvs/apache_airflow/lib/python3.10/site-packages/airflow/example_dags/example_complex.py took 0.084 seconds
[2023-04-17T09:02:10.761-0300] {processor.py:153} INFO - Started process (PID=81855) to work on /home/pepino/.virtualenvs/apache_airflow/lib/python3.10/site-packages/airflow/example_dags/example_complex.py
[2023-04-17T09:02:10.763-0300] {processor.py:743} INFO - Processing file /home/pepino/.virtualenvs/apache_airflow/lib/python3.10/site-packages/airflow/example_dags/example_complex.py for tasks to queue
[2023-04-17T09:02:10.763-0300] {logging_mixin.py:137} INFO - [2023-04-17T09:02:10.763-0300] {dagbag.py:532} INFO - Filling up the DagBag from /home/pepino/.virtualenvs/apache_airflow/lib/python3.10/site-packages/airflow/example_dags/example_complex.py
[2023-04-17T09:02:10.768-0300] {logging_mixin.py:137} INFO - [2023-04-17T09:02:10.768-0300] {taskmixin.py:211} WARNING - Dependency <Task(BashOperator): create_entry_group>, delete_entry_group already registered for DAG: example_complex
[2023-04-17T09:02:10.768-0300] {logging_mixin.py:137} INFO - [2023-04-17T09:02:10.768-0300] {taskmixin.py:211} WARNING - Dependency <Task(BashOperator): delete_entry_group>, create_entry_group already registered for DAG: example_complex
[2023-04-17T09:02:10.768-0300] {logging_mixin.py:137} INFO - [2023-04-17T09:02:10.768-0300] {taskmixin.py:211} WARNING - Dependency <Task(BashOperator): create_entry_gcs>, delete_entry already registered for DAG: example_complex
[2023-04-17T09:02:10.768-0300] {logging_mixin.py:137} INFO - [2023-04-17T09:02:10.768-0300] {taskmixin.py:211} WARNING - Dependency <Task(BashOperator): delete_entry>, create_entry_gcs already registered for DAG: example_complex
[2023-04-17T09:02:10.768-0300] {logging_mixin.py:137} INFO - [2023-04-17T09:02:10.768-0300] {taskmixin.py:211} WARNING - Dependency <Task(BashOperator): create_tag>, delete_tag already registered for DAG: example_complex
[2023-04-17T09:02:10.768-0300] {logging_mixin.py:137} INFO - [2023-04-17T09:02:10.768-0300] {taskmixin.py:211} WARNING - Dependency <Task(BashOperator): delete_tag>, create_tag already registered for DAG: example_complex
[2023-04-17T09:02:10.772-0300] {processor.py:753} INFO - DAG(s) dict_keys(['example_complex']) retrieved from /home/pepino/.virtualenvs/apache_airflow/lib/python3.10/site-packages/airflow/example_dags/example_complex.py
[2023-04-17T09:02:10.785-0300] {logging_mixin.py:137} INFO - [2023-04-17T09:02:10.785-0300] {dag.py:2705} INFO - Sync 1 DAGs
[2023-04-17T09:02:10.795-0300] {logging_mixin.py:137} INFO - [2023-04-17T09:02:10.795-0300] {dag.py:3452} INFO - Setting next_dagrun for example_complex to None, run_after=None
[2023-04-17T09:02:10.813-0300] {processor.py:175} INFO - Processing /home/pepino/.virtualenvs/apache_airflow/lib/python3.10/site-packages/airflow/example_dags/example_complex.py took 0.054 seconds
[2023-04-17T09:02:51.862-0300] {processor.py:153} INFO - Started process (PID=81932) to work on /home/pepino/.virtualenvs/apache_airflow/lib/python3.10/site-packages/airflow/example_dags/example_complex.py
[2023-04-17T09:02:51.871-0300] {processor.py:743} INFO - Processing file /home/pepino/.virtualenvs/apache_airflow/lib/python3.10/site-packages/airflow/example_dags/example_complex.py for tasks to queue
[2023-04-17T09:02:51.871-0300] {logging_mixin.py:137} INFO - [2023-04-17T09:02:51.871-0300] {dagbag.py:532} INFO - Filling up the DagBag from /home/pepino/.virtualenvs/apache_airflow/lib/python3.10/site-packages/airflow/example_dags/example_complex.py
[2023-04-17T09:02:51.884-0300] {logging_mixin.py:137} INFO - [2023-04-17T09:02:51.884-0300] {taskmixin.py:211} WARNING - Dependency <Task(BashOperator): create_entry_group>, delete_entry_group already registered for DAG: example_complex
[2023-04-17T09:02:51.884-0300] {logging_mixin.py:137} INFO - [2023-04-17T09:02:51.884-0300] {taskmixin.py:211} WARNING - Dependency <Task(BashOperator): delete_entry_group>, create_entry_group already registered for DAG: example_complex
[2023-04-17T09:02:51.884-0300] {logging_mixin.py:137} INFO - [2023-04-17T09:02:51.884-0300] {taskmixin.py:211} WARNING - Dependency <Task(BashOperator): create_entry_gcs>, delete_entry already registered for DAG: example_complex
[2023-04-17T09:02:51.884-0300] {logging_mixin.py:137} INFO - [2023-04-17T09:02:51.884-0300] {taskmixin.py:211} WARNING - Dependency <Task(BashOperator): delete_entry>, create_entry_gcs already registered for DAG: example_complex
[2023-04-17T09:02:51.885-0300] {logging_mixin.py:137} INFO - [2023-04-17T09:02:51.884-0300] {taskmixin.py:211} WARNING - Dependency <Task(BashOperator): create_tag>, delete_tag already registered for DAG: example_complex
[2023-04-17T09:02:51.885-0300] {logging_mixin.py:137} INFO - [2023-04-17T09:02:51.885-0300] {taskmixin.py:211} WARNING - Dependency <Task(BashOperator): delete_tag>, create_tag already registered for DAG: example_complex
[2023-04-17T09:02:51.888-0300] {processor.py:753} INFO - DAG(s) dict_keys(['example_complex']) retrieved from /home/pepino/.virtualenvs/apache_airflow/lib/python3.10/site-packages/airflow/example_dags/example_complex.py
[2023-04-17T09:02:51.902-0300] {logging_mixin.py:137} INFO - [2023-04-17T09:02:51.902-0300] {dag.py:2705} INFO - Sync 1 DAGs
[2023-04-17T09:02:51.912-0300] {logging_mixin.py:137} INFO - [2023-04-17T09:02:51.911-0300] {dag.py:3452} INFO - Setting next_dagrun for example_complex to None, run_after=None
[2023-04-17T09:02:51.930-0300] {processor.py:175} INFO - Processing /home/pepino/.virtualenvs/apache_airflow/lib/python3.10/site-packages/airflow/example_dags/example_complex.py took 0.074 seconds
[2023-04-17T09:03:35.784-0300] {processor.py:153} INFO - Started process (PID=82047) to work on /home/pepino/.virtualenvs/apache_airflow/lib/python3.10/site-packages/airflow/example_dags/example_complex.py
[2023-04-17T09:03:35.793-0300] {processor.py:743} INFO - Processing file /home/pepino/.virtualenvs/apache_airflow/lib/python3.10/site-packages/airflow/example_dags/example_complex.py for tasks to queue
[2023-04-17T09:03:35.794-0300] {logging_mixin.py:137} INFO - [2023-04-17T09:03:35.794-0300] {dagbag.py:532} INFO - Filling up the DagBag from /home/pepino/.virtualenvs/apache_airflow/lib/python3.10/site-packages/airflow/example_dags/example_complex.py
[2023-04-17T09:03:35.805-0300] {logging_mixin.py:137} INFO - [2023-04-17T09:03:35.805-0300] {taskmixin.py:211} WARNING - Dependency <Task(BashOperator): create_entry_group>, delete_entry_group already registered for DAG: example_complex
[2023-04-17T09:03:35.805-0300] {logging_mixin.py:137} INFO - [2023-04-17T09:03:35.805-0300] {taskmixin.py:211} WARNING - Dependency <Task(BashOperator): delete_entry_group>, create_entry_group already registered for DAG: example_complex
[2023-04-17T09:03:35.806-0300] {logging_mixin.py:137} INFO - [2023-04-17T09:03:35.806-0300] {taskmixin.py:211} WARNING - Dependency <Task(BashOperator): create_entry_gcs>, delete_entry already registered for DAG: example_complex
[2023-04-17T09:03:35.806-0300] {logging_mixin.py:137} INFO - [2023-04-17T09:03:35.806-0300] {taskmixin.py:211} WARNING - Dependency <Task(BashOperator): delete_entry>, create_entry_gcs already registered for DAG: example_complex
[2023-04-17T09:03:35.806-0300] {logging_mixin.py:137} INFO - [2023-04-17T09:03:35.806-0300] {taskmixin.py:211} WARNING - Dependency <Task(BashOperator): create_tag>, delete_tag already registered for DAG: example_complex
[2023-04-17T09:03:35.806-0300] {logging_mixin.py:137} INFO - [2023-04-17T09:03:35.806-0300] {taskmixin.py:211} WARNING - Dependency <Task(BashOperator): delete_tag>, create_tag already registered for DAG: example_complex
[2023-04-17T09:03:35.810-0300] {processor.py:753} INFO - DAG(s) dict_keys(['example_complex']) retrieved from /home/pepino/.virtualenvs/apache_airflow/lib/python3.10/site-packages/airflow/example_dags/example_complex.py
[2023-04-17T09:03:35.825-0300] {logging_mixin.py:137} INFO - [2023-04-17T09:03:35.825-0300] {dag.py:2705} INFO - Sync 1 DAGs
[2023-04-17T09:03:35.834-0300] {logging_mixin.py:137} INFO - [2023-04-17T09:03:35.834-0300] {dag.py:3452} INFO - Setting next_dagrun for example_complex to None, run_after=None
[2023-04-17T09:03:35.873-0300] {processor.py:175} INFO - Processing /home/pepino/.virtualenvs/apache_airflow/lib/python3.10/site-packages/airflow/example_dags/example_complex.py took 0.095 seconds
[2023-04-17T09:04:19.878-0300] {processor.py:153} INFO - Started process (PID=82160) to work on /home/pepino/.virtualenvs/apache_airflow/lib/python3.10/site-packages/airflow/example_dags/example_complex.py
[2023-04-17T09:04:19.886-0300] {processor.py:743} INFO - Processing file /home/pepino/.virtualenvs/apache_airflow/lib/python3.10/site-packages/airflow/example_dags/example_complex.py for tasks to queue
[2023-04-17T09:04:19.887-0300] {logging_mixin.py:137} INFO - [2023-04-17T09:04:19.887-0300] {dagbag.py:532} INFO - Filling up the DagBag from /home/pepino/.virtualenvs/apache_airflow/lib/python3.10/site-packages/airflow/example_dags/example_complex.py
[2023-04-17T09:04:19.898-0300] {logging_mixin.py:137} INFO - [2023-04-17T09:04:19.898-0300] {taskmixin.py:211} WARNING - Dependency <Task(BashOperator): create_entry_group>, delete_entry_group already registered for DAG: example_complex
[2023-04-17T09:04:19.898-0300] {logging_mixin.py:137} INFO - [2023-04-17T09:04:19.898-0300] {taskmixin.py:211} WARNING - Dependency <Task(BashOperator): delete_entry_group>, create_entry_group already registered for DAG: example_complex
[2023-04-17T09:04:19.898-0300] {logging_mixin.py:137} INFO - [2023-04-17T09:04:19.898-0300] {taskmixin.py:211} WARNING - Dependency <Task(BashOperator): create_entry_gcs>, delete_entry already registered for DAG: example_complex
[2023-04-17T09:04:19.898-0300] {logging_mixin.py:137} INFO - [2023-04-17T09:04:19.898-0300] {taskmixin.py:211} WARNING - Dependency <Task(BashOperator): delete_entry>, create_entry_gcs already registered for DAG: example_complex
[2023-04-17T09:04:19.899-0300] {logging_mixin.py:137} INFO - [2023-04-17T09:04:19.899-0300] {taskmixin.py:211} WARNING - Dependency <Task(BashOperator): create_tag>, delete_tag already registered for DAG: example_complex
[2023-04-17T09:04:19.899-0300] {logging_mixin.py:137} INFO - [2023-04-17T09:04:19.899-0300] {taskmixin.py:211} WARNING - Dependency <Task(BashOperator): delete_tag>, create_tag already registered for DAG: example_complex
[2023-04-17T09:04:19.902-0300] {processor.py:753} INFO - DAG(s) dict_keys(['example_complex']) retrieved from /home/pepino/.virtualenvs/apache_airflow/lib/python3.10/site-packages/airflow/example_dags/example_complex.py
[2023-04-17T09:04:19.918-0300] {logging_mixin.py:137} INFO - [2023-04-17T09:04:19.918-0300] {dag.py:2705} INFO - Sync 1 DAGs
[2023-04-17T09:04:19.928-0300] {logging_mixin.py:137} INFO - [2023-04-17T09:04:19.928-0300] {dag.py:3452} INFO - Setting next_dagrun for example_complex to None, run_after=None
[2023-04-17T09:04:19.951-0300] {processor.py:175} INFO - Processing /home/pepino/.virtualenvs/apache_airflow/lib/python3.10/site-packages/airflow/example_dags/example_complex.py took 0.078 seconds
[2023-04-17T09:04:57.372-0300] {processor.py:153} INFO - Started process (PID=82274) to work on /home/pepino/.virtualenvs/apache_airflow/lib/python3.10/site-packages/airflow/example_dags/example_complex.py
[2023-04-17T09:04:57.381-0300] {processor.py:743} INFO - Processing file /home/pepino/.virtualenvs/apache_airflow/lib/python3.10/site-packages/airflow/example_dags/example_complex.py for tasks to queue
[2023-04-17T09:04:57.382-0300] {logging_mixin.py:137} INFO - [2023-04-17T09:04:57.382-0300] {dagbag.py:532} INFO - Filling up the DagBag from /home/pepino/.virtualenvs/apache_airflow/lib/python3.10/site-packages/airflow/example_dags/example_complex.py
[2023-04-17T09:04:57.395-0300] {logging_mixin.py:137} INFO - [2023-04-17T09:04:57.395-0300] {taskmixin.py:211} WARNING - Dependency <Task(BashOperator): create_entry_group>, delete_entry_group already registered for DAG: example_complex
[2023-04-17T09:04:57.396-0300] {logging_mixin.py:137} INFO - [2023-04-17T09:04:57.396-0300] {taskmixin.py:211} WARNING - Dependency <Task(BashOperator): delete_entry_group>, create_entry_group already registered for DAG: example_complex
[2023-04-17T09:04:57.396-0300] {logging_mixin.py:137} INFO - [2023-04-17T09:04:57.396-0300] {taskmixin.py:211} WARNING - Dependency <Task(BashOperator): create_entry_gcs>, delete_entry already registered for DAG: example_complex
[2023-04-17T09:04:57.396-0300] {logging_mixin.py:137} INFO - [2023-04-17T09:04:57.396-0300] {taskmixin.py:211} WARNING - Dependency <Task(BashOperator): delete_entry>, create_entry_gcs already registered for DAG: example_complex
[2023-04-17T09:04:57.396-0300] {logging_mixin.py:137} INFO - [2023-04-17T09:04:57.396-0300] {taskmixin.py:211} WARNING - Dependency <Task(BashOperator): create_tag>, delete_tag already registered for DAG: example_complex
[2023-04-17T09:04:57.396-0300] {logging_mixin.py:137} INFO - [2023-04-17T09:04:57.396-0300] {taskmixin.py:211} WARNING - Dependency <Task(BashOperator): delete_tag>, create_tag already registered for DAG: example_complex
[2023-04-17T09:04:57.400-0300] {processor.py:753} INFO - DAG(s) dict_keys(['example_complex']) retrieved from /home/pepino/.virtualenvs/apache_airflow/lib/python3.10/site-packages/airflow/example_dags/example_complex.py
[2023-04-17T09:04:57.413-0300] {logging_mixin.py:137} INFO - [2023-04-17T09:04:57.413-0300] {dag.py:2705} INFO - Sync 1 DAGs
[2023-04-17T09:04:57.422-0300] {logging_mixin.py:137} INFO - [2023-04-17T09:04:57.421-0300] {dag.py:3452} INFO - Setting next_dagrun for example_complex to None, run_after=None
[2023-04-17T09:04:57.453-0300] {processor.py:175} INFO - Processing /home/pepino/.virtualenvs/apache_airflow/lib/python3.10/site-packages/airflow/example_dags/example_complex.py took 0.085 seconds
[2023-04-17T09:05:37.749-0300] {processor.py:153} INFO - Started process (PID=82365) to work on /home/pepino/.virtualenvs/apache_airflow/lib/python3.10/site-packages/airflow/example_dags/example_complex.py
[2023-04-17T09:05:37.757-0300] {processor.py:743} INFO - Processing file /home/pepino/.virtualenvs/apache_airflow/lib/python3.10/site-packages/airflow/example_dags/example_complex.py for tasks to queue
[2023-04-17T09:05:37.758-0300] {logging_mixin.py:137} INFO - [2023-04-17T09:05:37.757-0300] {dagbag.py:532} INFO - Filling up the DagBag from /home/pepino/.virtualenvs/apache_airflow/lib/python3.10/site-packages/airflow/example_dags/example_complex.py
[2023-04-17T09:05:37.772-0300] {logging_mixin.py:137} INFO - [2023-04-17T09:05:37.771-0300] {taskmixin.py:211} WARNING - Dependency <Task(BashOperator): create_entry_group>, delete_entry_group already registered for DAG: example_complex
[2023-04-17T09:05:37.772-0300] {logging_mixin.py:137} INFO - [2023-04-17T09:05:37.772-0300] {taskmixin.py:211} WARNING - Dependency <Task(BashOperator): delete_entry_group>, create_entry_group already registered for DAG: example_complex
[2023-04-17T09:05:37.772-0300] {logging_mixin.py:137} INFO - [2023-04-17T09:05:37.772-0300] {taskmixin.py:211} WARNING - Dependency <Task(BashOperator): create_entry_gcs>, delete_entry already registered for DAG: example_complex
[2023-04-17T09:05:37.772-0300] {logging_mixin.py:137} INFO - [2023-04-17T09:05:37.772-0300] {taskmixin.py:211} WARNING - Dependency <Task(BashOperator): delete_entry>, create_entry_gcs already registered for DAG: example_complex
[2023-04-17T09:05:37.772-0300] {logging_mixin.py:137} INFO - [2023-04-17T09:05:37.772-0300] {taskmixin.py:211} WARNING - Dependency <Task(BashOperator): create_tag>, delete_tag already registered for DAG: example_complex
[2023-04-17T09:05:37.772-0300] {logging_mixin.py:137} INFO - [2023-04-17T09:05:37.772-0300] {taskmixin.py:211} WARNING - Dependency <Task(BashOperator): delete_tag>, create_tag already registered for DAG: example_complex
[2023-04-17T09:05:37.777-0300] {processor.py:753} INFO - DAG(s) dict_keys(['example_complex']) retrieved from /home/pepino/.virtualenvs/apache_airflow/lib/python3.10/site-packages/airflow/example_dags/example_complex.py
[2023-04-17T09:05:37.790-0300] {logging_mixin.py:137} INFO - [2023-04-17T09:05:37.790-0300] {dag.py:2705} INFO - Sync 1 DAGs
[2023-04-17T09:05:37.798-0300] {logging_mixin.py:137} INFO - [2023-04-17T09:05:37.798-0300] {dag.py:3452} INFO - Setting next_dagrun for example_complex to None, run_after=None
[2023-04-17T09:05:37.817-0300] {processor.py:175} INFO - Processing /home/pepino/.virtualenvs/apache_airflow/lib/python3.10/site-packages/airflow/example_dags/example_complex.py took 0.071 seconds
[2023-04-17T09:06:30.355-0300] {processor.py:153} INFO - Started process (PID=82507) to work on /home/pepino/.virtualenvs/apache_airflow/lib/python3.10/site-packages/airflow/example_dags/example_complex.py
[2023-04-17T09:06:30.364-0300] {processor.py:743} INFO - Processing file /home/pepino/.virtualenvs/apache_airflow/lib/python3.10/site-packages/airflow/example_dags/example_complex.py for tasks to queue
[2023-04-17T09:06:30.365-0300] {logging_mixin.py:137} INFO - [2023-04-17T09:06:30.365-0300] {dagbag.py:532} INFO - Filling up the DagBag from /home/pepino/.virtualenvs/apache_airflow/lib/python3.10/site-packages/airflow/example_dags/example_complex.py
[2023-04-17T09:06:30.378-0300] {logging_mixin.py:137} INFO - [2023-04-17T09:06:30.378-0300] {taskmixin.py:211} WARNING - Dependency <Task(BashOperator): create_entry_group>, delete_entry_group already registered for DAG: example_complex
[2023-04-17T09:06:30.378-0300] {logging_mixin.py:137} INFO - [2023-04-17T09:06:30.378-0300] {taskmixin.py:211} WARNING - Dependency <Task(BashOperator): delete_entry_group>, create_entry_group already registered for DAG: example_complex
[2023-04-17T09:06:30.378-0300] {logging_mixin.py:137} INFO - [2023-04-17T09:06:30.378-0300] {taskmixin.py:211} WARNING - Dependency <Task(BashOperator): create_entry_gcs>, delete_entry already registered for DAG: example_complex
[2023-04-17T09:06:30.378-0300] {logging_mixin.py:137} INFO - [2023-04-17T09:06:30.378-0300] {taskmixin.py:211} WARNING - Dependency <Task(BashOperator): delete_entry>, create_entry_gcs already registered for DAG: example_complex
[2023-04-17T09:06:30.378-0300] {logging_mixin.py:137} INFO - [2023-04-17T09:06:30.378-0300] {taskmixin.py:211} WARNING - Dependency <Task(BashOperator): create_tag>, delete_tag already registered for DAG: example_complex
[2023-04-17T09:06:30.379-0300] {logging_mixin.py:137} INFO - [2023-04-17T09:06:30.378-0300] {taskmixin.py:211} WARNING - Dependency <Task(BashOperator): delete_tag>, create_tag already registered for DAG: example_complex
[2023-04-17T09:06:30.383-0300] {processor.py:753} INFO - DAG(s) dict_keys(['example_complex']) retrieved from /home/pepino/.virtualenvs/apache_airflow/lib/python3.10/site-packages/airflow/example_dags/example_complex.py
[2023-04-17T09:06:30.408-0300] {logging_mixin.py:137} INFO - [2023-04-17T09:06:30.408-0300] {dag.py:2705} INFO - Sync 1 DAGs
[2023-04-17T09:06:30.441-0300] {logging_mixin.py:137} INFO - [2023-04-17T09:06:30.441-0300] {dag.py:3452} INFO - Setting next_dagrun for example_complex to None, run_after=None
[2023-04-17T09:06:30.537-0300] {processor.py:175} INFO - Processing /home/pepino/.virtualenvs/apache_airflow/lib/python3.10/site-packages/airflow/example_dags/example_complex.py took 0.186 seconds
[2023-04-17T09:07:10.041-0300] {processor.py:153} INFO - Started process (PID=82596) to work on /home/pepino/.virtualenvs/apache_airflow/lib/python3.10/site-packages/airflow/example_dags/example_complex.py
[2023-04-17T09:07:10.043-0300] {processor.py:743} INFO - Processing file /home/pepino/.virtualenvs/apache_airflow/lib/python3.10/site-packages/airflow/example_dags/example_complex.py for tasks to queue
[2023-04-17T09:07:10.044-0300] {logging_mixin.py:137} INFO - [2023-04-17T09:07:10.043-0300] {dagbag.py:532} INFO - Filling up the DagBag from /home/pepino/.virtualenvs/apache_airflow/lib/python3.10/site-packages/airflow/example_dags/example_complex.py
[2023-04-17T09:07:10.053-0300] {logging_mixin.py:137} INFO - [2023-04-17T09:07:10.053-0300] {taskmixin.py:211} WARNING - Dependency <Task(BashOperator): create_entry_group>, delete_entry_group already registered for DAG: example_complex
[2023-04-17T09:07:10.053-0300] {logging_mixin.py:137} INFO - [2023-04-17T09:07:10.053-0300] {taskmixin.py:211} WARNING - Dependency <Task(BashOperator): delete_entry_group>, create_entry_group already registered for DAG: example_complex
[2023-04-17T09:07:10.053-0300] {logging_mixin.py:137} INFO - [2023-04-17T09:07:10.053-0300] {taskmixin.py:211} WARNING - Dependency <Task(BashOperator): create_entry_gcs>, delete_entry already registered for DAG: example_complex
[2023-04-17T09:07:10.053-0300] {logging_mixin.py:137} INFO - [2023-04-17T09:07:10.053-0300] {taskmixin.py:211} WARNING - Dependency <Task(BashOperator): delete_entry>, create_entry_gcs already registered for DAG: example_complex
[2023-04-17T09:07:10.053-0300] {logging_mixin.py:137} INFO - [2023-04-17T09:07:10.053-0300] {taskmixin.py:211} WARNING - Dependency <Task(BashOperator): create_tag>, delete_tag already registered for DAG: example_complex
[2023-04-17T09:07:10.053-0300] {logging_mixin.py:137} INFO - [2023-04-17T09:07:10.053-0300] {taskmixin.py:211} WARNING - Dependency <Task(BashOperator): delete_tag>, create_tag already registered for DAG: example_complex
[2023-04-17T09:07:10.057-0300] {processor.py:753} INFO - DAG(s) dict_keys(['example_complex']) retrieved from /home/pepino/.virtualenvs/apache_airflow/lib/python3.10/site-packages/airflow/example_dags/example_complex.py
[2023-04-17T09:07:10.071-0300] {logging_mixin.py:137} INFO - [2023-04-17T09:07:10.071-0300] {dag.py:2705} INFO - Sync 1 DAGs
[2023-04-17T09:07:10.146-0300] {logging_mixin.py:137} INFO - [2023-04-17T09:07:10.145-0300] {dag.py:3452} INFO - Setting next_dagrun for example_complex to None, run_after=None
[2023-04-17T09:07:10.188-0300] {processor.py:175} INFO - Processing /home/pepino/.virtualenvs/apache_airflow/lib/python3.10/site-packages/airflow/example_dags/example_complex.py took 0.151 seconds
[2023-04-17T09:07:45.546-0300] {processor.py:153} INFO - Started process (PID=82664) to work on /home/pepino/.virtualenvs/apache_airflow/lib/python3.10/site-packages/airflow/example_dags/example_complex.py
[2023-04-17T09:07:45.547-0300] {processor.py:743} INFO - Processing file /home/pepino/.virtualenvs/apache_airflow/lib/python3.10/site-packages/airflow/example_dags/example_complex.py for tasks to queue
[2023-04-17T09:07:45.548-0300] {logging_mixin.py:137} INFO - [2023-04-17T09:07:45.548-0300] {dagbag.py:532} INFO - Filling up the DagBag from /home/pepino/.virtualenvs/apache_airflow/lib/python3.10/site-packages/airflow/example_dags/example_complex.py
[2023-04-17T09:07:45.556-0300] {logging_mixin.py:137} INFO - [2023-04-17T09:07:45.556-0300] {taskmixin.py:211} WARNING - Dependency <Task(BashOperator): create_entry_group>, delete_entry_group already registered for DAG: example_complex
[2023-04-17T09:07:45.556-0300] {logging_mixin.py:137} INFO - [2023-04-17T09:07:45.556-0300] {taskmixin.py:211} WARNING - Dependency <Task(BashOperator): delete_entry_group>, create_entry_group already registered for DAG: example_complex
[2023-04-17T09:07:45.556-0300] {logging_mixin.py:137} INFO - [2023-04-17T09:07:45.556-0300] {taskmixin.py:211} WARNING - Dependency <Task(BashOperator): create_entry_gcs>, delete_entry already registered for DAG: example_complex
[2023-04-17T09:07:45.557-0300] {logging_mixin.py:137} INFO - [2023-04-17T09:07:45.556-0300] {taskmixin.py:211} WARNING - Dependency <Task(BashOperator): delete_entry>, create_entry_gcs already registered for DAG: example_complex
[2023-04-17T09:07:45.557-0300] {logging_mixin.py:137} INFO - [2023-04-17T09:07:45.557-0300] {taskmixin.py:211} WARNING - Dependency <Task(BashOperator): create_tag>, delete_tag already registered for DAG: example_complex
[2023-04-17T09:07:45.557-0300] {logging_mixin.py:137} INFO - [2023-04-17T09:07:45.557-0300] {taskmixin.py:211} WARNING - Dependency <Task(BashOperator): delete_tag>, create_tag already registered for DAG: example_complex
[2023-04-17T09:07:45.560-0300] {processor.py:753} INFO - DAG(s) dict_keys(['example_complex']) retrieved from /home/pepino/.virtualenvs/apache_airflow/lib/python3.10/site-packages/airflow/example_dags/example_complex.py
[2023-04-17T09:07:45.575-0300] {logging_mixin.py:137} INFO - [2023-04-17T09:07:45.575-0300] {dag.py:2705} INFO - Sync 1 DAGs
[2023-04-17T09:07:45.657-0300] {logging_mixin.py:137} INFO - [2023-04-17T09:07:45.657-0300] {dag.py:3452} INFO - Setting next_dagrun for example_complex to None, run_after=None
[2023-04-17T09:07:45.700-0300] {processor.py:175} INFO - Processing /home/pepino/.virtualenvs/apache_airflow/lib/python3.10/site-packages/airflow/example_dags/example_complex.py took 0.158 seconds
[2023-04-17T09:08:19.580-0300] {processor.py:153} INFO - Started process (PID=82749) to work on /home/pepino/.virtualenvs/apache_airflow/lib/python3.10/site-packages/airflow/example_dags/example_complex.py
[2023-04-17T09:08:19.588-0300] {processor.py:743} INFO - Processing file /home/pepino/.virtualenvs/apache_airflow/lib/python3.10/site-packages/airflow/example_dags/example_complex.py for tasks to queue
[2023-04-17T09:08:19.589-0300] {logging_mixin.py:137} INFO - [2023-04-17T09:08:19.589-0300] {dagbag.py:532} INFO - Filling up the DagBag from /home/pepino/.virtualenvs/apache_airflow/lib/python3.10/site-packages/airflow/example_dags/example_complex.py
[2023-04-17T09:08:19.602-0300] {logging_mixin.py:137} INFO - [2023-04-17T09:08:19.602-0300] {taskmixin.py:211} WARNING - Dependency <Task(BashOperator): create_entry_group>, delete_entry_group already registered for DAG: example_complex
[2023-04-17T09:08:19.602-0300] {logging_mixin.py:137} INFO - [2023-04-17T09:08:19.602-0300] {taskmixin.py:211} WARNING - Dependency <Task(BashOperator): delete_entry_group>, create_entry_group already registered for DAG: example_complex
[2023-04-17T09:08:19.602-0300] {logging_mixin.py:137} INFO - [2023-04-17T09:08:19.602-0300] {taskmixin.py:211} WARNING - Dependency <Task(BashOperator): create_entry_gcs>, delete_entry already registered for DAG: example_complex
[2023-04-17T09:08:19.602-0300] {logging_mixin.py:137} INFO - [2023-04-17T09:08:19.602-0300] {taskmixin.py:211} WARNING - Dependency <Task(BashOperator): delete_entry>, create_entry_gcs already registered for DAG: example_complex
[2023-04-17T09:08:19.603-0300] {logging_mixin.py:137} INFO - [2023-04-17T09:08:19.602-0300] {taskmixin.py:211} WARNING - Dependency <Task(BashOperator): create_tag>, delete_tag already registered for DAG: example_complex
[2023-04-17T09:08:19.603-0300] {logging_mixin.py:137} INFO - [2023-04-17T09:08:19.603-0300] {taskmixin.py:211} WARNING - Dependency <Task(BashOperator): delete_tag>, create_tag already registered for DAG: example_complex
[2023-04-17T09:08:19.606-0300] {processor.py:753} INFO - DAG(s) dict_keys(['example_complex']) retrieved from /home/pepino/.virtualenvs/apache_airflow/lib/python3.10/site-packages/airflow/example_dags/example_complex.py
[2023-04-17T09:08:19.683-0300] {logging_mixin.py:137} INFO - [2023-04-17T09:08:19.683-0300] {dag.py:2705} INFO - Sync 1 DAGs
[2023-04-17T09:08:19.692-0300] {logging_mixin.py:137} INFO - [2023-04-17T09:08:19.692-0300] {dag.py:3452} INFO - Setting next_dagrun for example_complex to None, run_after=None
[2023-04-17T09:08:19.719-0300] {processor.py:175} INFO - Processing /home/pepino/.virtualenvs/apache_airflow/lib/python3.10/site-packages/airflow/example_dags/example_complex.py took 0.141 seconds
