[2023-04-17T09:00:26.908-0300] {processor.py:153} INFO - Started process (PID=81623) to work on /home/pepino/.virtualenvs/apache_airflow/lib/python3.10/site-packages/airflow/example_dags/example_branch_operator.py
[2023-04-17T09:00:26.909-0300] {processor.py:743} INFO - Processing file /home/pepino/.virtualenvs/apache_airflow/lib/python3.10/site-packages/airflow/example_dags/example_branch_operator.py for tasks to queue
[2023-04-17T09:00:26.909-0300] {logging_mixin.py:137} INFO - [2023-04-17T09:00:26.909-0300] {dagbag.py:532} INFO - Filling up the DagBag from /home/pepino/.virtualenvs/apache_airflow/lib/python3.10/site-packages/airflow/example_dags/example_branch_operator.py
[2023-04-17T09:00:26.923-0300] {processor.py:753} INFO - DAG(s) dict_keys(['example_branch_operator']) retrieved from /home/pepino/.virtualenvs/apache_airflow/lib/python3.10/site-packages/airflow/example_dags/example_branch_operator.py
[2023-04-17T09:00:26.938-0300] {logging_mixin.py:137} INFO - [2023-04-17T09:00:26.938-0300] {dag.py:2705} INFO - Sync 1 DAGs
[2023-04-17T09:00:26.951-0300] {logging_mixin.py:137} INFO - [2023-04-17T09:00:26.951-0300] {dag.py:3452} INFO - Setting next_dagrun for example_branch_operator to 2023-04-16T00:00:00+00:00, run_after=2023-04-17T00:00:00+00:00
[2023-04-17T09:00:26.974-0300] {processor.py:175} INFO - Processing /home/pepino/.virtualenvs/apache_airflow/lib/python3.10/site-packages/airflow/example_dags/example_branch_operator.py took 0.067 seconds
[2023-04-17T09:01:12.299-0300] {processor.py:153} INFO - Started process (PID=81730) to work on /home/pepino/.virtualenvs/apache_airflow/lib/python3.10/site-packages/airflow/example_dags/example_branch_operator.py
[2023-04-17T09:01:12.311-0300] {processor.py:743} INFO - Processing file /home/pepino/.virtualenvs/apache_airflow/lib/python3.10/site-packages/airflow/example_dags/example_branch_operator.py for tasks to queue
[2023-04-17T09:01:12.312-0300] {logging_mixin.py:137} INFO - [2023-04-17T09:01:12.312-0300] {dagbag.py:532} INFO - Filling up the DagBag from /home/pepino/.virtualenvs/apache_airflow/lib/python3.10/site-packages/airflow/example_dags/example_branch_operator.py
[2023-04-17T09:01:12.330-0300] {processor.py:753} INFO - DAG(s) dict_keys(['example_branch_operator']) retrieved from /home/pepino/.virtualenvs/apache_airflow/lib/python3.10/site-packages/airflow/example_dags/example_branch_operator.py
[2023-04-17T09:01:12.340-0300] {logging_mixin.py:137} INFO - [2023-04-17T09:01:12.340-0300] {dag.py:2705} INFO - Sync 1 DAGs
[2023-04-17T09:01:12.350-0300] {logging_mixin.py:137} INFO - [2023-04-17T09:01:12.350-0300] {dag.py:3452} INFO - Setting next_dagrun for example_branch_operator to 2023-04-16T00:00:00+00:00, run_after=2023-04-17T00:00:00+00:00
[2023-04-17T09:01:12.389-0300] {processor.py:175} INFO - Processing /home/pepino/.virtualenvs/apache_airflow/lib/python3.10/site-packages/airflow/example_dags/example_branch_operator.py took 0.091 seconds
[2023-04-17T09:01:57.668-0300] {processor.py:153} INFO - Started process (PID=81828) to work on /home/pepino/.virtualenvs/apache_airflow/lib/python3.10/site-packages/airflow/example_dags/example_branch_operator.py
[2023-04-17T09:01:57.677-0300] {processor.py:743} INFO - Processing file /home/pepino/.virtualenvs/apache_airflow/lib/python3.10/site-packages/airflow/example_dags/example_branch_operator.py for tasks to queue
[2023-04-17T09:01:57.678-0300] {logging_mixin.py:137} INFO - [2023-04-17T09:01:57.678-0300] {dagbag.py:532} INFO - Filling up the DagBag from /home/pepino/.virtualenvs/apache_airflow/lib/python3.10/site-packages/airflow/example_dags/example_branch_operator.py
[2023-04-17T09:01:57.695-0300] {processor.py:753} INFO - DAG(s) dict_keys(['example_branch_operator']) retrieved from /home/pepino/.virtualenvs/apache_airflow/lib/python3.10/site-packages/airflow/example_dags/example_branch_operator.py
[2023-04-17T09:01:57.706-0300] {logging_mixin.py:137} INFO - [2023-04-17T09:01:57.706-0300] {dag.py:2705} INFO - Sync 1 DAGs
[2023-04-17T09:01:57.716-0300] {logging_mixin.py:137} INFO - [2023-04-17T09:01:57.716-0300] {dag.py:3452} INFO - Setting next_dagrun for example_branch_operator to 2023-04-16T00:00:00+00:00, run_after=2023-04-17T00:00:00+00:00
[2023-04-17T09:01:57.735-0300] {processor.py:175} INFO - Processing /home/pepino/.virtualenvs/apache_airflow/lib/python3.10/site-packages/airflow/example_dags/example_branch_operator.py took 0.071 seconds
[2023-04-17T09:02:41.455-0300] {processor.py:153} INFO - Started process (PID=81911) to work on /home/pepino/.virtualenvs/apache_airflow/lib/python3.10/site-packages/airflow/example_dags/example_branch_operator.py
[2023-04-17T09:02:41.464-0300] {processor.py:743} INFO - Processing file /home/pepino/.virtualenvs/apache_airflow/lib/python3.10/site-packages/airflow/example_dags/example_branch_operator.py for tasks to queue
[2023-04-17T09:02:41.465-0300] {logging_mixin.py:137} INFO - [2023-04-17T09:02:41.464-0300] {dagbag.py:532} INFO - Filling up the DagBag from /home/pepino/.virtualenvs/apache_airflow/lib/python3.10/site-packages/airflow/example_dags/example_branch_operator.py
[2023-04-17T09:02:41.482-0300] {processor.py:753} INFO - DAG(s) dict_keys(['example_branch_operator']) retrieved from /home/pepino/.virtualenvs/apache_airflow/lib/python3.10/site-packages/airflow/example_dags/example_branch_operator.py
[2023-04-17T09:02:41.492-0300] {logging_mixin.py:137} INFO - [2023-04-17T09:02:41.492-0300] {dag.py:2705} INFO - Sync 1 DAGs
[2023-04-17T09:02:41.502-0300] {logging_mixin.py:137} INFO - [2023-04-17T09:02:41.502-0300] {dag.py:3452} INFO - Setting next_dagrun for example_branch_operator to 2023-04-16T00:00:00+00:00, run_after=2023-04-17T00:00:00+00:00
[2023-04-17T09:02:41.529-0300] {processor.py:175} INFO - Processing /home/pepino/.virtualenvs/apache_airflow/lib/python3.10/site-packages/airflow/example_dags/example_branch_operator.py took 0.076 seconds
[2023-04-17T09:03:24.512-0300] {processor.py:153} INFO - Started process (PID=82000) to work on /home/pepino/.virtualenvs/apache_airflow/lib/python3.10/site-packages/airflow/example_dags/example_branch_operator.py
[2023-04-17T09:03:24.513-0300] {processor.py:743} INFO - Processing file /home/pepino/.virtualenvs/apache_airflow/lib/python3.10/site-packages/airflow/example_dags/example_branch_operator.py for tasks to queue
[2023-04-17T09:03:24.514-0300] {logging_mixin.py:137} INFO - [2023-04-17T09:03:24.514-0300] {dagbag.py:532} INFO - Filling up the DagBag from /home/pepino/.virtualenvs/apache_airflow/lib/python3.10/site-packages/airflow/example_dags/example_branch_operator.py
[2023-04-17T09:03:24.528-0300] {processor.py:753} INFO - DAG(s) dict_keys(['example_branch_operator']) retrieved from /home/pepino/.virtualenvs/apache_airflow/lib/python3.10/site-packages/airflow/example_dags/example_branch_operator.py
[2023-04-17T09:03:24.539-0300] {logging_mixin.py:137} INFO - [2023-04-17T09:03:24.539-0300] {dag.py:2705} INFO - Sync 1 DAGs
[2023-04-17T09:03:24.557-0300] {logging_mixin.py:137} INFO - [2023-04-17T09:03:24.557-0300] {dag.py:3452} INFO - Setting next_dagrun for example_branch_operator to 2023-04-16T00:00:00+00:00, run_after=2023-04-17T00:00:00+00:00
[2023-04-17T09:03:24.582-0300] {processor.py:175} INFO - Processing /home/pepino/.virtualenvs/apache_airflow/lib/python3.10/site-packages/airflow/example_dags/example_branch_operator.py took 0.075 seconds
[2023-04-17T09:04:10.882-0300] {processor.py:153} INFO - Started process (PID=82142) to work on /home/pepino/.virtualenvs/apache_airflow/lib/python3.10/site-packages/airflow/example_dags/example_branch_operator.py
[2023-04-17T09:04:10.891-0300] {processor.py:743} INFO - Processing file /home/pepino/.virtualenvs/apache_airflow/lib/python3.10/site-packages/airflow/example_dags/example_branch_operator.py for tasks to queue
[2023-04-17T09:04:10.892-0300] {logging_mixin.py:137} INFO - [2023-04-17T09:04:10.892-0300] {dagbag.py:532} INFO - Filling up the DagBag from /home/pepino/.virtualenvs/apache_airflow/lib/python3.10/site-packages/airflow/example_dags/example_branch_operator.py
[2023-04-17T09:04:10.909-0300] {processor.py:753} INFO - DAG(s) dict_keys(['example_branch_operator']) retrieved from /home/pepino/.virtualenvs/apache_airflow/lib/python3.10/site-packages/airflow/example_dags/example_branch_operator.py
[2023-04-17T09:04:10.921-0300] {logging_mixin.py:137} INFO - [2023-04-17T09:04:10.921-0300] {dag.py:2705} INFO - Sync 1 DAGs
[2023-04-17T09:04:10.932-0300] {logging_mixin.py:137} INFO - [2023-04-17T09:04:10.932-0300] {dag.py:3452} INFO - Setting next_dagrun for example_branch_operator to 2023-04-16T00:00:00+00:00, run_after=2023-04-17T00:00:00+00:00
[2023-04-17T09:04:10.951-0300] {processor.py:175} INFO - Processing /home/pepino/.virtualenvs/apache_airflow/lib/python3.10/site-packages/airflow/example_dags/example_branch_operator.py took 0.072 seconds
[2023-04-17T09:05:01.370-0300] {processor.py:153} INFO - Started process (PID=82282) to work on /home/pepino/.virtualenvs/apache_airflow/lib/python3.10/site-packages/airflow/example_dags/example_branch_operator.py
[2023-04-17T09:05:01.372-0300] {processor.py:743} INFO - Processing file /home/pepino/.virtualenvs/apache_airflow/lib/python3.10/site-packages/airflow/example_dags/example_branch_operator.py for tasks to queue
[2023-04-17T09:05:01.373-0300] {logging_mixin.py:137} INFO - [2023-04-17T09:05:01.372-0300] {dagbag.py:532} INFO - Filling up the DagBag from /home/pepino/.virtualenvs/apache_airflow/lib/python3.10/site-packages/airflow/example_dags/example_branch_operator.py
[2023-04-17T09:05:01.386-0300] {processor.py:753} INFO - DAG(s) dict_keys(['example_branch_operator']) retrieved from /home/pepino/.virtualenvs/apache_airflow/lib/python3.10/site-packages/airflow/example_dags/example_branch_operator.py
[2023-04-17T09:05:01.398-0300] {logging_mixin.py:137} INFO - [2023-04-17T09:05:01.397-0300] {dag.py:2705} INFO - Sync 1 DAGs
[2023-04-17T09:05:01.409-0300] {logging_mixin.py:137} INFO - [2023-04-17T09:05:01.409-0300] {dag.py:3452} INFO - Setting next_dagrun for example_branch_operator to 2023-04-16T00:00:00+00:00, run_after=2023-04-17T00:00:00+00:00
[2023-04-17T09:05:01.432-0300] {processor.py:175} INFO - Processing /home/pepino/.virtualenvs/apache_airflow/lib/python3.10/site-packages/airflow/example_dags/example_branch_operator.py took 0.066 seconds
[2023-04-17T09:05:45.335-0300] {processor.py:153} INFO - Started process (PID=82381) to work on /home/pepino/.virtualenvs/apache_airflow/lib/python3.10/site-packages/airflow/example_dags/example_branch_operator.py
[2023-04-17T09:05:45.343-0300] {processor.py:743} INFO - Processing file /home/pepino/.virtualenvs/apache_airflow/lib/python3.10/site-packages/airflow/example_dags/example_branch_operator.py for tasks to queue
[2023-04-17T09:05:45.344-0300] {logging_mixin.py:137} INFO - [2023-04-17T09:05:45.344-0300] {dagbag.py:532} INFO - Filling up the DagBag from /home/pepino/.virtualenvs/apache_airflow/lib/python3.10/site-packages/airflow/example_dags/example_branch_operator.py
[2023-04-17T09:05:45.362-0300] {processor.py:753} INFO - DAG(s) dict_keys(['example_branch_operator']) retrieved from /home/pepino/.virtualenvs/apache_airflow/lib/python3.10/site-packages/airflow/example_dags/example_branch_operator.py
[2023-04-17T09:05:45.372-0300] {logging_mixin.py:137} INFO - [2023-04-17T09:05:45.372-0300] {dag.py:2705} INFO - Sync 1 DAGs
[2023-04-17T09:05:45.382-0300] {logging_mixin.py:137} INFO - [2023-04-17T09:05:45.382-0300] {dag.py:3452} INFO - Setting next_dagrun for example_branch_operator to 2023-04-16T00:00:00+00:00, run_after=2023-04-17T00:00:00+00:00
[2023-04-17T09:05:45.405-0300] {processor.py:175} INFO - Processing /home/pepino/.virtualenvs/apache_airflow/lib/python3.10/site-packages/airflow/example_dags/example_branch_operator.py took 0.072 seconds
[2023-04-17T09:06:46.729-0300] {processor.py:153} INFO - Started process (PID=82536) to work on /home/pepino/.virtualenvs/apache_airflow/lib/python3.10/site-packages/airflow/example_dags/example_branch_operator.py
[2023-04-17T09:06:46.737-0300] {processor.py:743} INFO - Processing file /home/pepino/.virtualenvs/apache_airflow/lib/python3.10/site-packages/airflow/example_dags/example_branch_operator.py for tasks to queue
[2023-04-17T09:06:46.738-0300] {logging_mixin.py:137} INFO - [2023-04-17T09:06:46.738-0300] {dagbag.py:532} INFO - Filling up the DagBag from /home/pepino/.virtualenvs/apache_airflow/lib/python3.10/site-packages/airflow/example_dags/example_branch_operator.py
[2023-04-17T09:06:46.754-0300] {processor.py:753} INFO - DAG(s) dict_keys(['example_branch_operator']) retrieved from /home/pepino/.virtualenvs/apache_airflow/lib/python3.10/site-packages/airflow/example_dags/example_branch_operator.py
[2023-04-17T09:06:46.764-0300] {logging_mixin.py:137} INFO - [2023-04-17T09:06:46.764-0300] {dag.py:2705} INFO - Sync 1 DAGs
[2023-04-17T09:06:46.839-0300] {logging_mixin.py:137} INFO - [2023-04-17T09:06:46.839-0300] {dag.py:3452} INFO - Setting next_dagrun for example_branch_operator to 2023-04-16T00:00:00+00:00, run_after=2023-04-17T00:00:00+00:00
[2023-04-17T09:06:46.864-0300] {processor.py:175} INFO - Processing /home/pepino/.virtualenvs/apache_airflow/lib/python3.10/site-packages/airflow/example_dags/example_branch_operator.py took 0.141 seconds
[2023-04-17T09:07:39.519-0300] {processor.py:153} INFO - Started process (PID=82651) to work on /home/pepino/.virtualenvs/apache_airflow/lib/python3.10/site-packages/airflow/example_dags/example_branch_operator.py
[2023-04-17T09:07:39.520-0300] {processor.py:743} INFO - Processing file /home/pepino/.virtualenvs/apache_airflow/lib/python3.10/site-packages/airflow/example_dags/example_branch_operator.py for tasks to queue
[2023-04-17T09:07:39.521-0300] {logging_mixin.py:137} INFO - [2023-04-17T09:07:39.521-0300] {dagbag.py:532} INFO - Filling up the DagBag from /home/pepino/.virtualenvs/apache_airflow/lib/python3.10/site-packages/airflow/example_dags/example_branch_operator.py
[2023-04-17T09:07:39.532-0300] {processor.py:753} INFO - DAG(s) dict_keys(['example_branch_operator']) retrieved from /home/pepino/.virtualenvs/apache_airflow/lib/python3.10/site-packages/airflow/example_dags/example_branch_operator.py
[2023-04-17T09:07:39.545-0300] {logging_mixin.py:137} INFO - [2023-04-17T09:07:39.545-0300] {dag.py:2705} INFO - Sync 1 DAGs
[2023-04-17T09:07:39.627-0300] {logging_mixin.py:137} INFO - [2023-04-17T09:07:39.627-0300] {dag.py:3452} INFO - Setting next_dagrun for example_branch_operator to 2023-04-16T00:00:00+00:00, run_after=2023-04-17T00:00:00+00:00
[2023-04-17T09:07:39.645-0300] {processor.py:175} INFO - Processing /home/pepino/.virtualenvs/apache_airflow/lib/python3.10/site-packages/airflow/example_dags/example_branch_operator.py took 0.131 seconds
[2023-04-17T09:08:30.545-0300] {processor.py:153} INFO - Started process (PID=82767) to work on /home/pepino/.virtualenvs/apache_airflow/lib/python3.10/site-packages/airflow/example_dags/example_branch_operator.py
[2023-04-17T09:08:30.553-0300] {processor.py:743} INFO - Processing file /home/pepino/.virtualenvs/apache_airflow/lib/python3.10/site-packages/airflow/example_dags/example_branch_operator.py for tasks to queue
[2023-04-17T09:08:30.553-0300] {logging_mixin.py:137} INFO - [2023-04-17T09:08:30.553-0300] {dagbag.py:532} INFO - Filling up the DagBag from /home/pepino/.virtualenvs/apache_airflow/lib/python3.10/site-packages/airflow/example_dags/example_branch_operator.py
[2023-04-17T09:08:30.563-0300] {processor.py:753} INFO - DAG(s) dict_keys(['example_branch_operator']) retrieved from /home/pepino/.virtualenvs/apache_airflow/lib/python3.10/site-packages/airflow/example_dags/example_branch_operator.py
[2023-04-17T09:08:30.643-0300] {logging_mixin.py:137} INFO - [2023-04-17T09:08:30.643-0300] {dag.py:2705} INFO - Sync 1 DAGs
[2023-04-17T09:08:30.652-0300] {logging_mixin.py:137} INFO - [2023-04-17T09:08:30.652-0300] {dag.py:3452} INFO - Setting next_dagrun for example_branch_operator to 2023-04-16T00:00:00+00:00, run_after=2023-04-17T00:00:00+00:00
[2023-04-17T09:08:30.677-0300] {processor.py:175} INFO - Processing /home/pepino/.virtualenvs/apache_airflow/lib/python3.10/site-packages/airflow/example_dags/example_branch_operator.py took 0.134 seconds
