[2023-04-17T09:00:07.985-0300] {processor.py:153} INFO - Started process (PID=81483) to work on /home/pepino/.virtualenvs/apache_airflow/lib/python3.10/site-packages/airflow/example_dags/example_dag_decorator.py
[2023-04-17T09:00:07.986-0300] {processor.py:743} INFO - Processing file /home/pepino/.virtualenvs/apache_airflow/lib/python3.10/site-packages/airflow/example_dags/example_dag_decorator.py for tasks to queue
[2023-04-17T09:00:07.987-0300] {logging_mixin.py:137} INFO - [2023-04-17T09:00:07.987-0300] {dagbag.py:532} INFO - Filling up the DagBag from /home/pepino/.virtualenvs/apache_airflow/lib/python3.10/site-packages/airflow/example_dags/example_dag_decorator.py
[2023-04-17T09:00:07.997-0300] {logging_mixin.py:137} INFO - [2023-04-17T09:00:07.997-0300] {taskmixin.py:211} WARNING - Dependency <Task(_PythonDecoratedOperator): prepare_email>, send_email already registered for DAG: example_dag_decorator
[2023-04-17T09:00:07.997-0300] {logging_mixin.py:137} INFO - [2023-04-17T09:00:07.997-0300] {taskmixin.py:211} WARNING - Dependency <Task(EmailOperator): send_email>, prepare_email already registered for DAG: example_dag_decorator
[2023-04-17T09:00:08.002-0300] {processor.py:753} INFO - DAG(s) dict_keys(['example_dag_decorator']) retrieved from /home/pepino/.virtualenvs/apache_airflow/lib/python3.10/site-packages/airflow/example_dags/example_dag_decorator.py
[2023-04-17T09:00:08.025-0300] {logging_mixin.py:137} INFO - [2023-04-17T09:00:08.025-0300] {dag.py:2705} INFO - Sync 1 DAGs
[2023-04-17T09:00:08.034-0300] {logging_mixin.py:137} INFO - [2023-04-17T09:00:08.034-0300] {dag.py:3452} INFO - Setting next_dagrun for example_dag_decorator to None, run_after=None
[2023-04-17T09:00:08.051-0300] {processor.py:175} INFO - Processing /home/pepino/.virtualenvs/apache_airflow/lib/python3.10/site-packages/airflow/example_dags/example_dag_decorator.py took 0.068 seconds
[2023-04-17T09:00:51.972-0300] {processor.py:153} INFO - Started process (PID=81687) to work on /home/pepino/.virtualenvs/apache_airflow/lib/python3.10/site-packages/airflow/example_dags/example_dag_decorator.py
[2023-04-17T09:00:51.981-0300] {processor.py:743} INFO - Processing file /home/pepino/.virtualenvs/apache_airflow/lib/python3.10/site-packages/airflow/example_dags/example_dag_decorator.py for tasks to queue
[2023-04-17T09:00:51.982-0300] {logging_mixin.py:137} INFO - [2023-04-17T09:00:51.982-0300] {dagbag.py:532} INFO - Filling up the DagBag from /home/pepino/.virtualenvs/apache_airflow/lib/python3.10/site-packages/airflow/example_dags/example_dag_decorator.py
[2023-04-17T09:00:52.002-0300] {logging_mixin.py:137} INFO - [2023-04-17T09:00:52.002-0300] {taskmixin.py:211} WARNING - Dependency <Task(_PythonDecoratedOperator): prepare_email>, send_email already registered for DAG: example_dag_decorator
[2023-04-17T09:00:52.002-0300] {logging_mixin.py:137} INFO - [2023-04-17T09:00:52.002-0300] {taskmixin.py:211} WARNING - Dependency <Task(EmailOperator): send_email>, prepare_email already registered for DAG: example_dag_decorator
[2023-04-17T09:00:52.007-0300] {processor.py:753} INFO - DAG(s) dict_keys(['example_dag_decorator']) retrieved from /home/pepino/.virtualenvs/apache_airflow/lib/python3.10/site-packages/airflow/example_dags/example_dag_decorator.py
[2023-04-17T09:00:52.030-0300] {logging_mixin.py:137} INFO - [2023-04-17T09:00:52.030-0300] {dag.py:2705} INFO - Sync 1 DAGs
[2023-04-17T09:00:52.038-0300] {logging_mixin.py:137} INFO - [2023-04-17T09:00:52.038-0300] {dag.py:3452} INFO - Setting next_dagrun for example_dag_decorator to None, run_after=None
[2023-04-17T09:00:52.060-0300] {processor.py:175} INFO - Processing /home/pepino/.virtualenvs/apache_airflow/lib/python3.10/site-packages/airflow/example_dags/example_dag_decorator.py took 0.091 seconds
[2023-04-17T09:01:36.866-0300] {processor.py:153} INFO - Started process (PID=81774) to work on /home/pepino/.virtualenvs/apache_airflow/lib/python3.10/site-packages/airflow/example_dags/example_dag_decorator.py
[2023-04-17T09:01:36.874-0300] {processor.py:743} INFO - Processing file /home/pepino/.virtualenvs/apache_airflow/lib/python3.10/site-packages/airflow/example_dags/example_dag_decorator.py for tasks to queue
[2023-04-17T09:01:36.875-0300] {logging_mixin.py:137} INFO - [2023-04-17T09:01:36.875-0300] {dagbag.py:532} INFO - Filling up the DagBag from /home/pepino/.virtualenvs/apache_airflow/lib/python3.10/site-packages/airflow/example_dags/example_dag_decorator.py
[2023-04-17T09:01:36.888-0300] {logging_mixin.py:137} INFO - [2023-04-17T09:01:36.888-0300] {taskmixin.py:211} WARNING - Dependency <Task(_PythonDecoratedOperator): prepare_email>, send_email already registered for DAG: example_dag_decorator
[2023-04-17T09:01:36.888-0300] {logging_mixin.py:137} INFO - [2023-04-17T09:01:36.888-0300] {taskmixin.py:211} WARNING - Dependency <Task(EmailOperator): send_email>, prepare_email already registered for DAG: example_dag_decorator
[2023-04-17T09:01:36.894-0300] {processor.py:753} INFO - DAG(s) dict_keys(['example_dag_decorator']) retrieved from /home/pepino/.virtualenvs/apache_airflow/lib/python3.10/site-packages/airflow/example_dags/example_dag_decorator.py
[2023-04-17T09:01:36.918-0300] {logging_mixin.py:137} INFO - [2023-04-17T09:01:36.918-0300] {dag.py:2705} INFO - Sync 1 DAGs
[2023-04-17T09:01:36.926-0300] {logging_mixin.py:137} INFO - [2023-04-17T09:01:36.926-0300] {dag.py:3452} INFO - Setting next_dagrun for example_dag_decorator to None, run_after=None
[2023-04-17T09:01:36.945-0300] {processor.py:175} INFO - Processing /home/pepino/.virtualenvs/apache_airflow/lib/python3.10/site-packages/airflow/example_dags/example_dag_decorator.py took 0.084 seconds
[2023-04-17T09:02:21.096-0300] {processor.py:153} INFO - Started process (PID=81872) to work on /home/pepino/.virtualenvs/apache_airflow/lib/python3.10/site-packages/airflow/example_dags/example_dag_decorator.py
[2023-04-17T09:02:21.104-0300] {processor.py:743} INFO - Processing file /home/pepino/.virtualenvs/apache_airflow/lib/python3.10/site-packages/airflow/example_dags/example_dag_decorator.py for tasks to queue
[2023-04-17T09:02:21.106-0300] {logging_mixin.py:137} INFO - [2023-04-17T09:02:21.105-0300] {dagbag.py:532} INFO - Filling up the DagBag from /home/pepino/.virtualenvs/apache_airflow/lib/python3.10/site-packages/airflow/example_dags/example_dag_decorator.py
[2023-04-17T09:02:21.124-0300] {logging_mixin.py:137} INFO - [2023-04-17T09:02:21.124-0300] {taskmixin.py:211} WARNING - Dependency <Task(_PythonDecoratedOperator): prepare_email>, send_email already registered for DAG: example_dag_decorator
[2023-04-17T09:02:21.124-0300] {logging_mixin.py:137} INFO - [2023-04-17T09:02:21.124-0300] {taskmixin.py:211} WARNING - Dependency <Task(EmailOperator): send_email>, prepare_email already registered for DAG: example_dag_decorator
[2023-04-17T09:02:21.129-0300] {processor.py:753} INFO - DAG(s) dict_keys(['example_dag_decorator']) retrieved from /home/pepino/.virtualenvs/apache_airflow/lib/python3.10/site-packages/airflow/example_dags/example_dag_decorator.py
[2023-04-17T09:02:21.152-0300] {logging_mixin.py:137} INFO - [2023-04-17T09:02:21.152-0300] {dag.py:2705} INFO - Sync 1 DAGs
[2023-04-17T09:02:21.160-0300] {logging_mixin.py:137} INFO - [2023-04-17T09:02:21.159-0300] {dag.py:3452} INFO - Setting next_dagrun for example_dag_decorator to None, run_after=None
[2023-04-17T09:02:21.199-0300] {processor.py:175} INFO - Processing /home/pepino/.virtualenvs/apache_airflow/lib/python3.10/site-packages/airflow/example_dags/example_dag_decorator.py took 0.107 seconds
[2023-04-17T09:03:02.523-0300] {processor.py:153} INFO - Started process (PID=81950) to work on /home/pepino/.virtualenvs/apache_airflow/lib/python3.10/site-packages/airflow/example_dags/example_dag_decorator.py
[2023-04-17T09:03:02.527-0300] {processor.py:743} INFO - Processing file /home/pepino/.virtualenvs/apache_airflow/lib/python3.10/site-packages/airflow/example_dags/example_dag_decorator.py for tasks to queue
[2023-04-17T09:03:02.528-0300] {logging_mixin.py:137} INFO - [2023-04-17T09:03:02.528-0300] {dagbag.py:532} INFO - Filling up the DagBag from /home/pepino/.virtualenvs/apache_airflow/lib/python3.10/site-packages/airflow/example_dags/example_dag_decorator.py
[2023-04-17T09:03:02.546-0300] {logging_mixin.py:137} INFO - [2023-04-17T09:03:02.546-0300] {taskmixin.py:211} WARNING - Dependency <Task(_PythonDecoratedOperator): prepare_email>, send_email already registered for DAG: example_dag_decorator
[2023-04-17T09:03:02.546-0300] {logging_mixin.py:137} INFO - [2023-04-17T09:03:02.546-0300] {taskmixin.py:211} WARNING - Dependency <Task(EmailOperator): send_email>, prepare_email already registered for DAG: example_dag_decorator
[2023-04-17T09:03:02.551-0300] {processor.py:753} INFO - DAG(s) dict_keys(['example_dag_decorator']) retrieved from /home/pepino/.virtualenvs/apache_airflow/lib/python3.10/site-packages/airflow/example_dags/example_dag_decorator.py
[2023-04-17T09:03:02.574-0300] {logging_mixin.py:137} INFO - [2023-04-17T09:03:02.574-0300] {dag.py:2705} INFO - Sync 1 DAGs
[2023-04-17T09:03:02.582-0300] {logging_mixin.py:137} INFO - [2023-04-17T09:03:02.581-0300] {dag.py:3452} INFO - Setting next_dagrun for example_dag_decorator to None, run_after=None
[2023-04-17T09:03:02.600-0300] {processor.py:175} INFO - Processing /home/pepino/.virtualenvs/apache_airflow/lib/python3.10/site-packages/airflow/example_dags/example_dag_decorator.py took 0.080 seconds
[2023-04-17T09:03:48.198-0300] {processor.py:153} INFO - Started process (PID=82083) to work on /home/pepino/.virtualenvs/apache_airflow/lib/python3.10/site-packages/airflow/example_dags/example_dag_decorator.py
[2023-04-17T09:03:48.198-0300] {processor.py:743} INFO - Processing file /home/pepino/.virtualenvs/apache_airflow/lib/python3.10/site-packages/airflow/example_dags/example_dag_decorator.py for tasks to queue
[2023-04-17T09:03:48.199-0300] {logging_mixin.py:137} INFO - [2023-04-17T09:03:48.199-0300] {dagbag.py:532} INFO - Filling up the DagBag from /home/pepino/.virtualenvs/apache_airflow/lib/python3.10/site-packages/airflow/example_dags/example_dag_decorator.py
[2023-04-17T09:03:48.210-0300] {logging_mixin.py:137} INFO - [2023-04-17T09:03:48.210-0300] {taskmixin.py:211} WARNING - Dependency <Task(_PythonDecoratedOperator): prepare_email>, send_email already registered for DAG: example_dag_decorator
[2023-04-17T09:03:48.210-0300] {logging_mixin.py:137} INFO - [2023-04-17T09:03:48.210-0300] {taskmixin.py:211} WARNING - Dependency <Task(EmailOperator): send_email>, prepare_email already registered for DAG: example_dag_decorator
[2023-04-17T09:03:48.217-0300] {processor.py:753} INFO - DAG(s) dict_keys(['example_dag_decorator']) retrieved from /home/pepino/.virtualenvs/apache_airflow/lib/python3.10/site-packages/airflow/example_dags/example_dag_decorator.py
[2023-04-17T09:03:48.242-0300] {logging_mixin.py:137} INFO - [2023-04-17T09:03:48.242-0300] {dag.py:2705} INFO - Sync 1 DAGs
[2023-04-17T09:03:48.252-0300] {logging_mixin.py:137} INFO - [2023-04-17T09:03:48.252-0300] {dag.py:3452} INFO - Setting next_dagrun for example_dag_decorator to None, run_after=None
[2023-04-17T09:03:48.341-0300] {processor.py:175} INFO - Processing /home/pepino/.virtualenvs/apache_airflow/lib/python3.10/site-packages/airflow/example_dags/example_dag_decorator.py took 0.145 seconds
[2023-04-17T09:04:30.386-0300] {processor.py:153} INFO - Started process (PID=82187) to work on /home/pepino/.virtualenvs/apache_airflow/lib/python3.10/site-packages/airflow/example_dags/example_dag_decorator.py
[2023-04-17T09:04:30.395-0300] {processor.py:743} INFO - Processing file /home/pepino/.virtualenvs/apache_airflow/lib/python3.10/site-packages/airflow/example_dags/example_dag_decorator.py for tasks to queue
[2023-04-17T09:04:30.396-0300] {logging_mixin.py:137} INFO - [2023-04-17T09:04:30.395-0300] {dagbag.py:532} INFO - Filling up the DagBag from /home/pepino/.virtualenvs/apache_airflow/lib/python3.10/site-packages/airflow/example_dags/example_dag_decorator.py
[2023-04-17T09:04:30.413-0300] {logging_mixin.py:137} INFO - [2023-04-17T09:04:30.413-0300] {taskmixin.py:211} WARNING - Dependency <Task(_PythonDecoratedOperator): prepare_email>, send_email already registered for DAG: example_dag_decorator
[2023-04-17T09:04:30.413-0300] {logging_mixin.py:137} INFO - [2023-04-17T09:04:30.413-0300] {taskmixin.py:211} WARNING - Dependency <Task(EmailOperator): send_email>, prepare_email already registered for DAG: example_dag_decorator
[2023-04-17T09:04:30.419-0300] {processor.py:753} INFO - DAG(s) dict_keys(['example_dag_decorator']) retrieved from /home/pepino/.virtualenvs/apache_airflow/lib/python3.10/site-packages/airflow/example_dags/example_dag_decorator.py
[2023-04-17T09:04:30.441-0300] {logging_mixin.py:137} INFO - [2023-04-17T09:04:30.441-0300] {dag.py:2705} INFO - Sync 1 DAGs
[2023-04-17T09:04:30.507-0300] {logging_mixin.py:137} INFO - [2023-04-17T09:04:30.507-0300] {dag.py:3452} INFO - Setting next_dagrun for example_dag_decorator to None, run_after=None
[2023-04-17T09:04:30.524-0300] {processor.py:175} INFO - Processing /home/pepino/.virtualenvs/apache_airflow/lib/python3.10/site-packages/airflow/example_dags/example_dag_decorator.py took 0.143 seconds
[2023-04-17T09:05:10.788-0300] {processor.py:153} INFO - Started process (PID=82310) to work on /home/pepino/.virtualenvs/apache_airflow/lib/python3.10/site-packages/airflow/example_dags/example_dag_decorator.py
[2023-04-17T09:05:10.797-0300] {processor.py:743} INFO - Processing file /home/pepino/.virtualenvs/apache_airflow/lib/python3.10/site-packages/airflow/example_dags/example_dag_decorator.py for tasks to queue
[2023-04-17T09:05:10.798-0300] {logging_mixin.py:137} INFO - [2023-04-17T09:05:10.798-0300] {dagbag.py:532} INFO - Filling up the DagBag from /home/pepino/.virtualenvs/apache_airflow/lib/python3.10/site-packages/airflow/example_dags/example_dag_decorator.py
[2023-04-17T09:05:10.815-0300] {logging_mixin.py:137} INFO - [2023-04-17T09:05:10.814-0300] {taskmixin.py:211} WARNING - Dependency <Task(_PythonDecoratedOperator): prepare_email>, send_email already registered for DAG: example_dag_decorator
[2023-04-17T09:05:10.815-0300] {logging_mixin.py:137} INFO - [2023-04-17T09:05:10.815-0300] {taskmixin.py:211} WARNING - Dependency <Task(EmailOperator): send_email>, prepare_email already registered for DAG: example_dag_decorator
[2023-04-17T09:05:10.821-0300] {processor.py:753} INFO - DAG(s) dict_keys(['example_dag_decorator']) retrieved from /home/pepino/.virtualenvs/apache_airflow/lib/python3.10/site-packages/airflow/example_dags/example_dag_decorator.py
[2023-04-17T09:05:10.929-0300] {logging_mixin.py:137} INFO - [2023-04-17T09:05:10.929-0300] {dag.py:2705} INFO - Sync 1 DAGs
[2023-04-17T09:05:10.949-0300] {logging_mixin.py:137} INFO - [2023-04-17T09:05:10.949-0300] {dag.py:3452} INFO - Setting next_dagrun for example_dag_decorator to None, run_after=None
[2023-04-17T09:05:11.208-0300] {processor.py:175} INFO - Processing /home/pepino/.virtualenvs/apache_airflow/lib/python3.10/site-packages/airflow/example_dags/example_dag_decorator.py took 0.423 seconds
[2023-04-17T09:05:54.723-0300] {processor.py:153} INFO - Started process (PID=82407) to work on /home/pepino/.virtualenvs/apache_airflow/lib/python3.10/site-packages/airflow/example_dags/example_dag_decorator.py
[2023-04-17T09:05:54.731-0300] {processor.py:743} INFO - Processing file /home/pepino/.virtualenvs/apache_airflow/lib/python3.10/site-packages/airflow/example_dags/example_dag_decorator.py for tasks to queue
[2023-04-17T09:05:54.732-0300] {logging_mixin.py:137} INFO - [2023-04-17T09:05:54.732-0300] {dagbag.py:532} INFO - Filling up the DagBag from /home/pepino/.virtualenvs/apache_airflow/lib/python3.10/site-packages/airflow/example_dags/example_dag_decorator.py
[2023-04-17T09:05:54.746-0300] {logging_mixin.py:137} INFO - [2023-04-17T09:05:54.746-0300] {taskmixin.py:211} WARNING - Dependency <Task(_PythonDecoratedOperator): prepare_email>, send_email already registered for DAG: example_dag_decorator
[2023-04-17T09:05:54.746-0300] {logging_mixin.py:137} INFO - [2023-04-17T09:05:54.746-0300] {taskmixin.py:211} WARNING - Dependency <Task(EmailOperator): send_email>, prepare_email already registered for DAG: example_dag_decorator
[2023-04-17T09:05:54.753-0300] {processor.py:753} INFO - DAG(s) dict_keys(['example_dag_decorator']) retrieved from /home/pepino/.virtualenvs/apache_airflow/lib/python3.10/site-packages/airflow/example_dags/example_dag_decorator.py
[2023-04-17T09:05:54.844-0300] {logging_mixin.py:137} INFO - [2023-04-17T09:05:54.844-0300] {dag.py:2705} INFO - Sync 1 DAGs
[2023-04-17T09:05:54.854-0300] {logging_mixin.py:137} INFO - [2023-04-17T09:05:54.854-0300] {dag.py:3452} INFO - Setting next_dagrun for example_dag_decorator to None, run_after=None
[2023-04-17T09:05:54.883-0300] {processor.py:175} INFO - Processing /home/pepino/.virtualenvs/apache_airflow/lib/python3.10/site-packages/airflow/example_dags/example_dag_decorator.py took 0.161 seconds
[2023-04-17T09:06:40.602-0300] {processor.py:153} INFO - Started process (PID=82523) to work on /home/pepino/.virtualenvs/apache_airflow/lib/python3.10/site-packages/airflow/example_dags/example_dag_decorator.py
[2023-04-17T09:06:40.610-0300] {processor.py:743} INFO - Processing file /home/pepino/.virtualenvs/apache_airflow/lib/python3.10/site-packages/airflow/example_dags/example_dag_decorator.py for tasks to queue
[2023-04-17T09:06:40.611-0300] {logging_mixin.py:137} INFO - [2023-04-17T09:06:40.611-0300] {dagbag.py:532} INFO - Filling up the DagBag from /home/pepino/.virtualenvs/apache_airflow/lib/python3.10/site-packages/airflow/example_dags/example_dag_decorator.py
[2023-04-17T09:06:40.627-0300] {logging_mixin.py:137} INFO - [2023-04-17T09:06:40.627-0300] {taskmixin.py:211} WARNING - Dependency <Task(_PythonDecoratedOperator): prepare_email>, send_email already registered for DAG: example_dag_decorator
[2023-04-17T09:06:40.627-0300] {logging_mixin.py:137} INFO - [2023-04-17T09:06:40.627-0300] {taskmixin.py:211} WARNING - Dependency <Task(EmailOperator): send_email>, prepare_email already registered for DAG: example_dag_decorator
[2023-04-17T09:06:40.633-0300] {processor.py:753} INFO - DAG(s) dict_keys(['example_dag_decorator']) retrieved from /home/pepino/.virtualenvs/apache_airflow/lib/python3.10/site-packages/airflow/example_dags/example_dag_decorator.py
[2023-04-17T09:06:40.727-0300] {logging_mixin.py:137} INFO - [2023-04-17T09:06:40.727-0300] {dag.py:2705} INFO - Sync 1 DAGs
[2023-04-17T09:06:40.737-0300] {logging_mixin.py:137} INFO - [2023-04-17T09:06:40.737-0300] {dag.py:3452} INFO - Setting next_dagrun for example_dag_decorator to None, run_after=None
[2023-04-17T09:06:40.765-0300] {processor.py:175} INFO - Processing /home/pepino/.virtualenvs/apache_airflow/lib/python3.10/site-packages/airflow/example_dags/example_dag_decorator.py took 0.167 seconds
[2023-04-17T09:07:33.003-0300] {processor.py:153} INFO - Started process (PID=82636) to work on /home/pepino/.virtualenvs/apache_airflow/lib/python3.10/site-packages/airflow/example_dags/example_dag_decorator.py
[2023-04-17T09:07:33.012-0300] {processor.py:743} INFO - Processing file /home/pepino/.virtualenvs/apache_airflow/lib/python3.10/site-packages/airflow/example_dags/example_dag_decorator.py for tasks to queue
[2023-04-17T09:07:33.013-0300] {logging_mixin.py:137} INFO - [2023-04-17T09:07:33.013-0300] {dagbag.py:532} INFO - Filling up the DagBag from /home/pepino/.virtualenvs/apache_airflow/lib/python3.10/site-packages/airflow/example_dags/example_dag_decorator.py
[2023-04-17T09:07:33.029-0300] {logging_mixin.py:137} INFO - [2023-04-17T09:07:33.029-0300] {taskmixin.py:211} WARNING - Dependency <Task(_PythonDecoratedOperator): prepare_email>, send_email already registered for DAG: example_dag_decorator
[2023-04-17T09:07:33.029-0300] {logging_mixin.py:137} INFO - [2023-04-17T09:07:33.029-0300] {taskmixin.py:211} WARNING - Dependency <Task(EmailOperator): send_email>, prepare_email already registered for DAG: example_dag_decorator
[2023-04-17T09:07:33.035-0300] {processor.py:753} INFO - DAG(s) dict_keys(['example_dag_decorator']) retrieved from /home/pepino/.virtualenvs/apache_airflow/lib/python3.10/site-packages/airflow/example_dags/example_dag_decorator.py
[2023-04-17T09:07:33.122-0300] {logging_mixin.py:137} INFO - [2023-04-17T09:07:33.122-0300] {dag.py:2705} INFO - Sync 1 DAGs
[2023-04-17T09:07:33.130-0300] {logging_mixin.py:137} INFO - [2023-04-17T09:07:33.130-0300] {dag.py:3452} INFO - Setting next_dagrun for example_dag_decorator to None, run_after=None
[2023-04-17T09:07:33.162-0300] {processor.py:175} INFO - Processing /home/pepino/.virtualenvs/apache_airflow/lib/python3.10/site-packages/airflow/example_dags/example_dag_decorator.py took 0.164 seconds
[2023-04-17T09:08:23.592-0300] {processor.py:153} INFO - Started process (PID=82754) to work on /home/pepino/.virtualenvs/apache_airflow/lib/python3.10/site-packages/airflow/example_dags/example_dag_decorator.py
[2023-04-17T09:08:23.601-0300] {processor.py:743} INFO - Processing file /home/pepino/.virtualenvs/apache_airflow/lib/python3.10/site-packages/airflow/example_dags/example_dag_decorator.py for tasks to queue
[2023-04-17T09:08:23.602-0300] {logging_mixin.py:137} INFO - [2023-04-17T09:08:23.602-0300] {dagbag.py:532} INFO - Filling up the DagBag from /home/pepino/.virtualenvs/apache_airflow/lib/python3.10/site-packages/airflow/example_dags/example_dag_decorator.py
[2023-04-17T09:08:23.614-0300] {logging_mixin.py:137} INFO - [2023-04-17T09:08:23.614-0300] {taskmixin.py:211} WARNING - Dependency <Task(_PythonDecoratedOperator): prepare_email>, send_email already registered for DAG: example_dag_decorator
[2023-04-17T09:08:23.614-0300] {logging_mixin.py:137} INFO - [2023-04-17T09:08:23.614-0300] {taskmixin.py:211} WARNING - Dependency <Task(EmailOperator): send_email>, prepare_email already registered for DAG: example_dag_decorator
[2023-04-17T09:08:23.677-0300] {processor.py:753} INFO - DAG(s) dict_keys(['example_dag_decorator']) retrieved from /home/pepino/.virtualenvs/apache_airflow/lib/python3.10/site-packages/airflow/example_dags/example_dag_decorator.py
[2023-04-17T09:08:23.697-0300] {logging_mixin.py:137} INFO - [2023-04-17T09:08:23.697-0300] {dag.py:2705} INFO - Sync 1 DAGs
[2023-04-17T09:08:23.705-0300] {logging_mixin.py:137} INFO - [2023-04-17T09:08:23.705-0300] {dag.py:3452} INFO - Setting next_dagrun for example_dag_decorator to None, run_after=None
[2023-04-17T09:08:23.730-0300] {processor.py:175} INFO - Processing /home/pepino/.virtualenvs/apache_airflow/lib/python3.10/site-packages/airflow/example_dags/example_dag_decorator.py took 0.139 seconds
