[2023-04-17T09:00:06.251-0300] {processor.py:153} INFO - Started process (PID=81480) to work on /home/pepino/.virtualenvs/apache_airflow/lib/python3.10/site-packages/airflow/example_dags/example_latest_only_with_trigger.py
[2023-04-17T09:00:06.252-0300] {processor.py:743} INFO - Processing file /home/pepino/.virtualenvs/apache_airflow/lib/python3.10/site-packages/airflow/example_dags/example_latest_only_with_trigger.py for tasks to queue
[2023-04-17T09:00:06.252-0300] {logging_mixin.py:137} INFO - [2023-04-17T09:00:06.252-0300] {dagbag.py:532} INFO - Filling up the DagBag from /home/pepino/.virtualenvs/apache_airflow/lib/python3.10/site-packages/airflow/example_dags/example_latest_only_with_trigger.py
[2023-04-17T09:00:06.260-0300] {processor.py:753} INFO - DAG(s) dict_keys(['latest_only_with_trigger']) retrieved from /home/pepino/.virtualenvs/apache_airflow/lib/python3.10/site-packages/airflow/example_dags/example_latest_only_with_trigger.py
[2023-04-17T09:00:06.273-0300] {logging_mixin.py:137} INFO - [2023-04-17T09:00:06.273-0300] {dag.py:2705} INFO - Sync 1 DAGs
[2023-04-17T09:00:06.285-0300] {logging_mixin.py:137} INFO - [2023-04-17T09:00:06.284-0300] {dag.py:3452} INFO - Setting next_dagrun for latest_only_with_trigger to 2023-04-17T08:00:06.284793+00:00, run_after=2023-04-17T12:00:06.284793+00:00
[2023-04-17T09:00:06.313-0300] {processor.py:175} INFO - Processing /home/pepino/.virtualenvs/apache_airflow/lib/python3.10/site-packages/airflow/example_dags/example_latest_only_with_trigger.py took 0.064 seconds
[2023-04-17T09:00:49.346-0300] {processor.py:153} INFO - Started process (PID=81681) to work on /home/pepino/.virtualenvs/apache_airflow/lib/python3.10/site-packages/airflow/example_dags/example_latest_only_with_trigger.py
[2023-04-17T09:00:49.355-0300] {processor.py:743} INFO - Processing file /home/pepino/.virtualenvs/apache_airflow/lib/python3.10/site-packages/airflow/example_dags/example_latest_only_with_trigger.py for tasks to queue
[2023-04-17T09:00:49.355-0300] {logging_mixin.py:137} INFO - [2023-04-17T09:00:49.355-0300] {dagbag.py:532} INFO - Filling up the DagBag from /home/pepino/.virtualenvs/apache_airflow/lib/python3.10/site-packages/airflow/example_dags/example_latest_only_with_trigger.py
[2023-04-17T09:00:49.365-0300] {processor.py:753} INFO - DAG(s) dict_keys(['latest_only_with_trigger']) retrieved from /home/pepino/.virtualenvs/apache_airflow/lib/python3.10/site-packages/airflow/example_dags/example_latest_only_with_trigger.py
[2023-04-17T09:00:49.376-0300] {logging_mixin.py:137} INFO - [2023-04-17T09:00:49.376-0300] {dag.py:2705} INFO - Sync 1 DAGs
[2023-04-17T09:00:49.386-0300] {logging_mixin.py:137} INFO - [2023-04-17T09:00:49.385-0300] {dag.py:3452} INFO - Setting next_dagrun for latest_only_with_trigger to 2023-04-17T08:00:49.385816+00:00, run_after=2023-04-17T12:00:49.385816+00:00
[2023-04-17T09:00:49.404-0300] {processor.py:175} INFO - Processing /home/pepino/.virtualenvs/apache_airflow/lib/python3.10/site-packages/airflow/example_dags/example_latest_only_with_trigger.py took 0.059 seconds
[2023-04-17T09:01:34.093-0300] {processor.py:153} INFO - Started process (PID=81770) to work on /home/pepino/.virtualenvs/apache_airflow/lib/python3.10/site-packages/airflow/example_dags/example_latest_only_with_trigger.py
[2023-04-17T09:01:34.102-0300] {processor.py:743} INFO - Processing file /home/pepino/.virtualenvs/apache_airflow/lib/python3.10/site-packages/airflow/example_dags/example_latest_only_with_trigger.py for tasks to queue
[2023-04-17T09:01:34.104-0300] {logging_mixin.py:137} INFO - [2023-04-17T09:01:34.103-0300] {dagbag.py:532} INFO - Filling up the DagBag from /home/pepino/.virtualenvs/apache_airflow/lib/python3.10/site-packages/airflow/example_dags/example_latest_only_with_trigger.py
[2023-04-17T09:01:34.120-0300] {processor.py:753} INFO - DAG(s) dict_keys(['latest_only_with_trigger']) retrieved from /home/pepino/.virtualenvs/apache_airflow/lib/python3.10/site-packages/airflow/example_dags/example_latest_only_with_trigger.py
[2023-04-17T09:01:34.130-0300] {logging_mixin.py:137} INFO - [2023-04-17T09:01:34.130-0300] {dag.py:2705} INFO - Sync 1 DAGs
[2023-04-17T09:01:34.139-0300] {logging_mixin.py:137} INFO - [2023-04-17T09:01:34.138-0300] {dag.py:3452} INFO - Setting next_dagrun for latest_only_with_trigger to 2023-04-17T08:01:34.138881+00:00, run_after=2023-04-17T12:01:34.138881+00:00
[2023-04-17T09:01:34.172-0300] {processor.py:175} INFO - Processing /home/pepino/.virtualenvs/apache_airflow/lib/python3.10/site-packages/airflow/example_dags/example_latest_only_with_trigger.py took 0.083 seconds
[2023-04-17T09:02:15.929-0300] {processor.py:153} INFO - Started process (PID=81866) to work on /home/pepino/.virtualenvs/apache_airflow/lib/python3.10/site-packages/airflow/example_dags/example_latest_only_with_trigger.py
[2023-04-17T09:02:15.930-0300] {processor.py:743} INFO - Processing file /home/pepino/.virtualenvs/apache_airflow/lib/python3.10/site-packages/airflow/example_dags/example_latest_only_with_trigger.py for tasks to queue
[2023-04-17T09:02:15.931-0300] {logging_mixin.py:137} INFO - [2023-04-17T09:02:15.931-0300] {dagbag.py:532} INFO - Filling up the DagBag from /home/pepino/.virtualenvs/apache_airflow/lib/python3.10/site-packages/airflow/example_dags/example_latest_only_with_trigger.py
[2023-04-17T09:02:15.942-0300] {processor.py:753} INFO - DAG(s) dict_keys(['latest_only_with_trigger']) retrieved from /home/pepino/.virtualenvs/apache_airflow/lib/python3.10/site-packages/airflow/example_dags/example_latest_only_with_trigger.py
[2023-04-17T09:02:15.951-0300] {logging_mixin.py:137} INFO - [2023-04-17T09:02:15.951-0300] {dag.py:2705} INFO - Sync 1 DAGs
[2023-04-17T09:02:15.960-0300] {logging_mixin.py:137} INFO - [2023-04-17T09:02:15.960-0300] {dag.py:3452} INFO - Setting next_dagrun for latest_only_with_trigger to 2023-04-17T08:02:15.960359+00:00, run_after=2023-04-17T12:02:15.960359+00:00
[2023-04-17T09:02:15.978-0300] {processor.py:175} INFO - Processing /home/pepino/.virtualenvs/apache_airflow/lib/python3.10/site-packages/airflow/example_dags/example_latest_only_with_trigger.py took 0.053 seconds
[2023-04-17T09:02:57.357-0300] {processor.py:153} INFO - Started process (PID=81944) to work on /home/pepino/.virtualenvs/apache_airflow/lib/python3.10/site-packages/airflow/example_dags/example_latest_only_with_trigger.py
[2023-04-17T09:02:57.358-0300] {processor.py:743} INFO - Processing file /home/pepino/.virtualenvs/apache_airflow/lib/python3.10/site-packages/airflow/example_dags/example_latest_only_with_trigger.py for tasks to queue
[2023-04-17T09:02:57.359-0300] {logging_mixin.py:137} INFO - [2023-04-17T09:02:57.359-0300] {dagbag.py:532} INFO - Filling up the DagBag from /home/pepino/.virtualenvs/apache_airflow/lib/python3.10/site-packages/airflow/example_dags/example_latest_only_with_trigger.py
[2023-04-17T09:02:57.366-0300] {processor.py:753} INFO - DAG(s) dict_keys(['latest_only_with_trigger']) retrieved from /home/pepino/.virtualenvs/apache_airflow/lib/python3.10/site-packages/airflow/example_dags/example_latest_only_with_trigger.py
[2023-04-17T09:02:57.375-0300] {logging_mixin.py:137} INFO - [2023-04-17T09:02:57.375-0300] {dag.py:2705} INFO - Sync 1 DAGs
[2023-04-17T09:02:57.384-0300] {logging_mixin.py:137} INFO - [2023-04-17T09:02:57.384-0300] {dag.py:3452} INFO - Setting next_dagrun for latest_only_with_trigger to 2023-04-17T08:02:57.384069+00:00, run_after=2023-04-17T12:02:57.384069+00:00
[2023-04-17T09:02:57.416-0300] {processor.py:175} INFO - Processing /home/pepino/.virtualenvs/apache_airflow/lib/python3.10/site-packages/airflow/example_dags/example_latest_only_with_trigger.py took 0.061 seconds
[2023-04-17T09:03:42.051-0300] {processor.py:153} INFO - Started process (PID=82068) to work on /home/pepino/.virtualenvs/apache_airflow/lib/python3.10/site-packages/airflow/example_dags/example_latest_only_with_trigger.py
[2023-04-17T09:03:42.059-0300] {processor.py:743} INFO - Processing file /home/pepino/.virtualenvs/apache_airflow/lib/python3.10/site-packages/airflow/example_dags/example_latest_only_with_trigger.py for tasks to queue
[2023-04-17T09:03:42.060-0300] {logging_mixin.py:137} INFO - [2023-04-17T09:03:42.060-0300] {dagbag.py:532} INFO - Filling up the DagBag from /home/pepino/.virtualenvs/apache_airflow/lib/python3.10/site-packages/airflow/example_dags/example_latest_only_with_trigger.py
[2023-04-17T09:03:42.075-0300] {processor.py:753} INFO - DAG(s) dict_keys(['latest_only_with_trigger']) retrieved from /home/pepino/.virtualenvs/apache_airflow/lib/python3.10/site-packages/airflow/example_dags/example_latest_only_with_trigger.py
[2023-04-17T09:03:42.085-0300] {logging_mixin.py:137} INFO - [2023-04-17T09:03:42.085-0300] {dag.py:2705} INFO - Sync 1 DAGs
[2023-04-17T09:03:42.094-0300] {logging_mixin.py:137} INFO - [2023-04-17T09:03:42.094-0300] {dag.py:3452} INFO - Setting next_dagrun for latest_only_with_trigger to 2023-04-17T08:03:42.094625+00:00, run_after=2023-04-17T12:03:42.094625+00:00
[2023-04-17T09:03:42.116-0300] {processor.py:175} INFO - Processing /home/pepino/.virtualenvs/apache_airflow/lib/python3.10/site-packages/airflow/example_dags/example_latest_only_with_trigger.py took 0.068 seconds
[2023-04-17T09:04:25.217-0300] {processor.py:153} INFO - Started process (PID=82169) to work on /home/pepino/.virtualenvs/apache_airflow/lib/python3.10/site-packages/airflow/example_dags/example_latest_only_with_trigger.py
[2023-04-17T09:04:25.217-0300] {processor.py:743} INFO - Processing file /home/pepino/.virtualenvs/apache_airflow/lib/python3.10/site-packages/airflow/example_dags/example_latest_only_with_trigger.py for tasks to queue
[2023-04-17T09:04:25.218-0300] {logging_mixin.py:137} INFO - [2023-04-17T09:04:25.218-0300] {dagbag.py:532} INFO - Filling up the DagBag from /home/pepino/.virtualenvs/apache_airflow/lib/python3.10/site-packages/airflow/example_dags/example_latest_only_with_trigger.py
[2023-04-17T09:04:25.225-0300] {processor.py:753} INFO - DAG(s) dict_keys(['latest_only_with_trigger']) retrieved from /home/pepino/.virtualenvs/apache_airflow/lib/python3.10/site-packages/airflow/example_dags/example_latest_only_with_trigger.py
[2023-04-17T09:04:25.234-0300] {logging_mixin.py:137} INFO - [2023-04-17T09:04:25.234-0300] {dag.py:2705} INFO - Sync 1 DAGs
[2023-04-17T09:04:25.243-0300] {logging_mixin.py:137} INFO - [2023-04-17T09:04:25.243-0300] {dag.py:3452} INFO - Setting next_dagrun for latest_only_with_trigger to 2023-04-17T08:04:25.243358+00:00, run_after=2023-04-17T12:04:25.243358+00:00
[2023-04-17T09:04:25.263-0300] {processor.py:175} INFO - Processing /home/pepino/.virtualenvs/apache_airflow/lib/python3.10/site-packages/airflow/example_dags/example_latest_only_with_trigger.py took 0.049 seconds
[2023-04-17T09:05:07.715-0300] {processor.py:153} INFO - Started process (PID=82305) to work on /home/pepino/.virtualenvs/apache_airflow/lib/python3.10/site-packages/airflow/example_dags/example_latest_only_with_trigger.py
[2023-04-17T09:05:07.724-0300] {processor.py:743} INFO - Processing file /home/pepino/.virtualenvs/apache_airflow/lib/python3.10/site-packages/airflow/example_dags/example_latest_only_with_trigger.py for tasks to queue
[2023-04-17T09:05:07.726-0300] {logging_mixin.py:137} INFO - [2023-04-17T09:05:07.726-0300] {dagbag.py:532} INFO - Filling up the DagBag from /home/pepino/.virtualenvs/apache_airflow/lib/python3.10/site-packages/airflow/example_dags/example_latest_only_with_trigger.py
[2023-04-17T09:05:07.739-0300] {processor.py:753} INFO - DAG(s) dict_keys(['latest_only_with_trigger']) retrieved from /home/pepino/.virtualenvs/apache_airflow/lib/python3.10/site-packages/airflow/example_dags/example_latest_only_with_trigger.py
[2023-04-17T09:05:07.750-0300] {logging_mixin.py:137} INFO - [2023-04-17T09:05:07.750-0300] {dag.py:2705} INFO - Sync 1 DAGs
[2023-04-17T09:05:07.760-0300] {logging_mixin.py:137} INFO - [2023-04-17T09:05:07.760-0300] {dag.py:3452} INFO - Setting next_dagrun for latest_only_with_trigger to 2023-04-17T08:05:07.759933+00:00, run_after=2023-04-17T12:05:07.759933+00:00
[2023-04-17T09:05:07.782-0300] {processor.py:175} INFO - Processing /home/pepino/.virtualenvs/apache_airflow/lib/python3.10/site-packages/airflow/example_dags/example_latest_only_with_trigger.py took 0.071 seconds
[2023-04-17T09:05:51.866-0300] {processor.py:153} INFO - Started process (PID=82396) to work on /home/pepino/.virtualenvs/apache_airflow/lib/python3.10/site-packages/airflow/example_dags/example_latest_only_with_trigger.py
[2023-04-17T09:05:51.874-0300] {processor.py:743} INFO - Processing file /home/pepino/.virtualenvs/apache_airflow/lib/python3.10/site-packages/airflow/example_dags/example_latest_only_with_trigger.py for tasks to queue
[2023-04-17T09:05:51.875-0300] {logging_mixin.py:137} INFO - [2023-04-17T09:05:51.874-0300] {dagbag.py:532} INFO - Filling up the DagBag from /home/pepino/.virtualenvs/apache_airflow/lib/python3.10/site-packages/airflow/example_dags/example_latest_only_with_trigger.py
[2023-04-17T09:05:51.890-0300] {processor.py:753} INFO - DAG(s) dict_keys(['latest_only_with_trigger']) retrieved from /home/pepino/.virtualenvs/apache_airflow/lib/python3.10/site-packages/airflow/example_dags/example_latest_only_with_trigger.py
[2023-04-17T09:05:51.899-0300] {logging_mixin.py:137} INFO - [2023-04-17T09:05:51.899-0300] {dag.py:2705} INFO - Sync 1 DAGs
[2023-04-17T09:05:51.909-0300] {logging_mixin.py:137} INFO - [2023-04-17T09:05:51.909-0300] {dag.py:3452} INFO - Setting next_dagrun for latest_only_with_trigger to 2023-04-17T08:05:51.909033+00:00, run_after=2023-04-17T12:05:51.909033+00:00
[2023-04-17T09:05:51.999-0300] {processor.py:175} INFO - Processing /home/pepino/.virtualenvs/apache_airflow/lib/python3.10/site-packages/airflow/example_dags/example_latest_only_with_trigger.py took 0.135 seconds
[2023-04-17T09:06:37.849-0300] {processor.py:153} INFO - Started process (PID=82513) to work on /home/pepino/.virtualenvs/apache_airflow/lib/python3.10/site-packages/airflow/example_dags/example_latest_only_with_trigger.py
[2023-04-17T09:06:37.858-0300] {processor.py:743} INFO - Processing file /home/pepino/.virtualenvs/apache_airflow/lib/python3.10/site-packages/airflow/example_dags/example_latest_only_with_trigger.py for tasks to queue
[2023-04-17T09:06:37.859-0300] {logging_mixin.py:137} INFO - [2023-04-17T09:06:37.859-0300] {dagbag.py:532} INFO - Filling up the DagBag from /home/pepino/.virtualenvs/apache_airflow/lib/python3.10/site-packages/airflow/example_dags/example_latest_only_with_trigger.py
[2023-04-17T09:06:37.873-0300] {processor.py:753} INFO - DAG(s) dict_keys(['latest_only_with_trigger']) retrieved from /home/pepino/.virtualenvs/apache_airflow/lib/python3.10/site-packages/airflow/example_dags/example_latest_only_with_trigger.py
[2023-04-17T09:06:37.884-0300] {logging_mixin.py:137} INFO - [2023-04-17T09:06:37.884-0300] {dag.py:2705} INFO - Sync 1 DAGs
[2023-04-17T09:06:37.961-0300] {logging_mixin.py:137} INFO - [2023-04-17T09:06:37.961-0300] {dag.py:3452} INFO - Setting next_dagrun for latest_only_with_trigger to 2023-04-17T08:06:37.961254+00:00, run_after=2023-04-17T12:06:37.961254+00:00
[2023-04-17T09:06:37.990-0300] {processor.py:175} INFO - Processing /home/pepino/.virtualenvs/apache_airflow/lib/python3.10/site-packages/airflow/example_dags/example_latest_only_with_trigger.py took 0.145 seconds
[2023-04-17T09:07:29.276-0300] {processor.py:153} INFO - Started process (PID=82633) to work on /home/pepino/.virtualenvs/apache_airflow/lib/python3.10/site-packages/airflow/example_dags/example_latest_only_with_trigger.py
[2023-04-17T09:07:29.278-0300] {processor.py:743} INFO - Processing file /home/pepino/.virtualenvs/apache_airflow/lib/python3.10/site-packages/airflow/example_dags/example_latest_only_with_trigger.py for tasks to queue
[2023-04-17T09:07:29.278-0300] {logging_mixin.py:137} INFO - [2023-04-17T09:07:29.278-0300] {dagbag.py:532} INFO - Filling up the DagBag from /home/pepino/.virtualenvs/apache_airflow/lib/python3.10/site-packages/airflow/example_dags/example_latest_only_with_trigger.py
[2023-04-17T09:07:29.290-0300] {processor.py:753} INFO - DAG(s) dict_keys(['latest_only_with_trigger']) retrieved from /home/pepino/.virtualenvs/apache_airflow/lib/python3.10/site-packages/airflow/example_dags/example_latest_only_with_trigger.py
[2023-04-17T09:07:29.299-0300] {logging_mixin.py:137} INFO - [2023-04-17T09:07:29.299-0300] {dag.py:2705} INFO - Sync 1 DAGs
[2023-04-17T09:07:29.373-0300] {logging_mixin.py:137} INFO - [2023-04-17T09:07:29.373-0300] {dag.py:3452} INFO - Setting next_dagrun for latest_only_with_trigger to 2023-04-17T08:07:29.373083+00:00, run_after=2023-04-17T12:07:29.373083+00:00
[2023-04-17T09:07:29.389-0300] {processor.py:175} INFO - Processing /home/pepino/.virtualenvs/apache_airflow/lib/python3.10/site-packages/airflow/example_dags/example_latest_only_with_trigger.py took 0.117 seconds
[2023-04-17T09:08:07.895-0300] {processor.py:153} INFO - Started process (PID=82728) to work on /home/pepino/.virtualenvs/apache_airflow/lib/python3.10/site-packages/airflow/example_dags/example_latest_only_with_trigger.py
[2023-04-17T09:08:07.904-0300] {processor.py:743} INFO - Processing file /home/pepino/.virtualenvs/apache_airflow/lib/python3.10/site-packages/airflow/example_dags/example_latest_only_with_trigger.py for tasks to queue
[2023-04-17T09:08:07.905-0300] {logging_mixin.py:137} INFO - [2023-04-17T09:08:07.905-0300] {dagbag.py:532} INFO - Filling up the DagBag from /home/pepino/.virtualenvs/apache_airflow/lib/python3.10/site-packages/airflow/example_dags/example_latest_only_with_trigger.py
[2023-04-17T09:08:07.920-0300] {processor.py:753} INFO - DAG(s) dict_keys(['latest_only_with_trigger']) retrieved from /home/pepino/.virtualenvs/apache_airflow/lib/python3.10/site-packages/airflow/example_dags/example_latest_only_with_trigger.py
[2023-04-17T09:08:07.993-0300] {logging_mixin.py:137} INFO - [2023-04-17T09:08:07.993-0300] {dag.py:2705} INFO - Sync 1 DAGs
[2023-04-17T09:08:08.002-0300] {logging_mixin.py:137} INFO - [2023-04-17T09:08:08.002-0300] {dag.py:3452} INFO - Setting next_dagrun for latest_only_with_trigger to 2023-04-17T08:08:08.002121+00:00, run_after=2023-04-17T12:08:08.002121+00:00
[2023-04-17T09:08:08.030-0300] {processor.py:175} INFO - Processing /home/pepino/.virtualenvs/apache_airflow/lib/python3.10/site-packages/airflow/example_dags/example_latest_only_with_trigger.py took 0.139 seconds
