[2023-04-17T08:59:56.064-0300] {processor.py:153} INFO - Started process (PID=81403) to work on /home/pepino/.virtualenvs/apache_airflow/lib/python3.10/site-packages/airflow/example_dags/example_branch_labels.py
[2023-04-17T08:59:56.064-0300] {processor.py:743} INFO - Processing file /home/pepino/.virtualenvs/apache_airflow/lib/python3.10/site-packages/airflow/example_dags/example_branch_labels.py for tasks to queue
[2023-04-17T08:59:56.064-0300] {logging_mixin.py:137} INFO - [2023-04-17T08:59:56.064-0300] {dagbag.py:532} INFO - Filling up the DagBag from /home/pepino/.virtualenvs/apache_airflow/lib/python3.10/site-packages/airflow/example_dags/example_branch_labels.py
[2023-04-17T08:59:56.071-0300] {processor.py:753} INFO - DAG(s) dict_keys(['example_branch_labels']) retrieved from /home/pepino/.virtualenvs/apache_airflow/lib/python3.10/site-packages/airflow/example_dags/example_branch_labels.py
[2023-04-17T08:59:56.082-0300] {logging_mixin.py:137} INFO - [2023-04-17T08:59:56.082-0300] {dag.py:2705} INFO - Sync 1 DAGs
[2023-04-17T08:59:56.093-0300] {logging_mixin.py:137} INFO - [2023-04-17T08:59:56.093-0300] {dag.py:3452} INFO - Setting next_dagrun for example_branch_labels to 2023-04-16T00:00:00+00:00, run_after=2023-04-17T00:00:00+00:00
[2023-04-17T08:59:56.110-0300] {processor.py:175} INFO - Processing /home/pepino/.virtualenvs/apache_airflow/lib/python3.10/site-packages/airflow/example_dags/example_branch_labels.py took 0.048 seconds
[2023-04-17T09:00:40.098-0300] {processor.py:153} INFO - Started process (PID=81658) to work on /home/pepino/.virtualenvs/apache_airflow/lib/python3.10/site-packages/airflow/example_dags/example_branch_labels.py
[2023-04-17T09:00:40.106-0300] {processor.py:743} INFO - Processing file /home/pepino/.virtualenvs/apache_airflow/lib/python3.10/site-packages/airflow/example_dags/example_branch_labels.py for tasks to queue
[2023-04-17T09:00:40.106-0300] {logging_mixin.py:137} INFO - [2023-04-17T09:00:40.106-0300] {dagbag.py:532} INFO - Filling up the DagBag from /home/pepino/.virtualenvs/apache_airflow/lib/python3.10/site-packages/airflow/example_dags/example_branch_labels.py
[2023-04-17T09:00:40.116-0300] {processor.py:753} INFO - DAG(s) dict_keys(['example_branch_labels']) retrieved from /home/pepino/.virtualenvs/apache_airflow/lib/python3.10/site-packages/airflow/example_dags/example_branch_labels.py
[2023-04-17T09:00:40.126-0300] {logging_mixin.py:137} INFO - [2023-04-17T09:00:40.126-0300] {dag.py:2705} INFO - Sync 1 DAGs
[2023-04-17T09:00:40.137-0300] {logging_mixin.py:137} INFO - [2023-04-17T09:00:40.137-0300] {dag.py:3452} INFO - Setting next_dagrun for example_branch_labels to 2023-04-16T00:00:00+00:00, run_after=2023-04-17T00:00:00+00:00
[2023-04-17T09:00:40.159-0300] {processor.py:175} INFO - Processing /home/pepino/.virtualenvs/apache_airflow/lib/python3.10/site-packages/airflow/example_dags/example_branch_labels.py took 0.063 seconds
[2023-04-17T09:01:22.865-0300] {processor.py:153} INFO - Started process (PID=81749) to work on /home/pepino/.virtualenvs/apache_airflow/lib/python3.10/site-packages/airflow/example_dags/example_branch_labels.py
[2023-04-17T09:01:22.874-0300] {processor.py:743} INFO - Processing file /home/pepino/.virtualenvs/apache_airflow/lib/python3.10/site-packages/airflow/example_dags/example_branch_labels.py for tasks to queue
[2023-04-17T09:01:22.874-0300] {logging_mixin.py:137} INFO - [2023-04-17T09:01:22.874-0300] {dagbag.py:532} INFO - Filling up the DagBag from /home/pepino/.virtualenvs/apache_airflow/lib/python3.10/site-packages/airflow/example_dags/example_branch_labels.py
[2023-04-17T09:01:22.887-0300] {processor.py:753} INFO - DAG(s) dict_keys(['example_branch_labels']) retrieved from /home/pepino/.virtualenvs/apache_airflow/lib/python3.10/site-packages/airflow/example_dags/example_branch_labels.py
[2023-04-17T09:01:22.897-0300] {logging_mixin.py:137} INFO - [2023-04-17T09:01:22.896-0300] {dag.py:2705} INFO - Sync 1 DAGs
[2023-04-17T09:01:22.906-0300] {logging_mixin.py:137} INFO - [2023-04-17T09:01:22.906-0300] {dag.py:3452} INFO - Setting next_dagrun for example_branch_labels to 2023-04-16T00:00:00+00:00, run_after=2023-04-17T00:00:00+00:00
[2023-04-17T09:01:22.923-0300] {processor.py:175} INFO - Processing /home/pepino/.virtualenvs/apache_airflow/lib/python3.10/site-packages/airflow/example_dags/example_branch_labels.py took 0.061 seconds
[2023-04-17T09:02:07.713-0300] {processor.py:153} INFO - Started process (PID=81847) to work on /home/pepino/.virtualenvs/apache_airflow/lib/python3.10/site-packages/airflow/example_dags/example_branch_labels.py
[2023-04-17T09:02:07.722-0300] {processor.py:743} INFO - Processing file /home/pepino/.virtualenvs/apache_airflow/lib/python3.10/site-packages/airflow/example_dags/example_branch_labels.py for tasks to queue
[2023-04-17T09:02:07.723-0300] {logging_mixin.py:137} INFO - [2023-04-17T09:02:07.722-0300] {dagbag.py:532} INFO - Filling up the DagBag from /home/pepino/.virtualenvs/apache_airflow/lib/python3.10/site-packages/airflow/example_dags/example_branch_labels.py
[2023-04-17T09:02:07.732-0300] {processor.py:753} INFO - DAG(s) dict_keys(['example_branch_labels']) retrieved from /home/pepino/.virtualenvs/apache_airflow/lib/python3.10/site-packages/airflow/example_dags/example_branch_labels.py
[2023-04-17T09:02:07.743-0300] {logging_mixin.py:137} INFO - [2023-04-17T09:02:07.743-0300] {dag.py:2705} INFO - Sync 1 DAGs
[2023-04-17T09:02:07.754-0300] {logging_mixin.py:137} INFO - [2023-04-17T09:02:07.754-0300] {dag.py:3452} INFO - Setting next_dagrun for example_branch_labels to 2023-04-16T00:00:00+00:00, run_after=2023-04-17T00:00:00+00:00
[2023-04-17T09:02:07.778-0300] {processor.py:175} INFO - Processing /home/pepino/.virtualenvs/apache_airflow/lib/python3.10/site-packages/airflow/example_dags/example_branch_labels.py took 0.067 seconds
[2023-04-17T09:02:49.333-0300] {processor.py:153} INFO - Started process (PID=81929) to work on /home/pepino/.virtualenvs/apache_airflow/lib/python3.10/site-packages/airflow/example_dags/example_branch_labels.py
[2023-04-17T09:02:49.342-0300] {processor.py:743} INFO - Processing file /home/pepino/.virtualenvs/apache_airflow/lib/python3.10/site-packages/airflow/example_dags/example_branch_labels.py for tasks to queue
[2023-04-17T09:02:49.343-0300] {logging_mixin.py:137} INFO - [2023-04-17T09:02:49.343-0300] {dagbag.py:532} INFO - Filling up the DagBag from /home/pepino/.virtualenvs/apache_airflow/lib/python3.10/site-packages/airflow/example_dags/example_branch_labels.py
[2023-04-17T09:02:49.353-0300] {processor.py:753} INFO - DAG(s) dict_keys(['example_branch_labels']) retrieved from /home/pepino/.virtualenvs/apache_airflow/lib/python3.10/site-packages/airflow/example_dags/example_branch_labels.py
[2023-04-17T09:02:49.363-0300] {logging_mixin.py:137} INFO - [2023-04-17T09:02:49.363-0300] {dag.py:2705} INFO - Sync 1 DAGs
[2023-04-17T09:02:49.373-0300] {logging_mixin.py:137} INFO - [2023-04-17T09:02:49.373-0300] {dag.py:3452} INFO - Setting next_dagrun for example_branch_labels to 2023-04-16T00:00:00+00:00, run_after=2023-04-17T00:00:00+00:00
[2023-04-17T09:02:49.389-0300] {processor.py:175} INFO - Processing /home/pepino/.virtualenvs/apache_airflow/lib/python3.10/site-packages/airflow/example_dags/example_branch_labels.py took 0.058 seconds
[2023-04-17T09:03:32.967-0300] {processor.py:153} INFO - Started process (PID=82017) to work on /home/pepino/.virtualenvs/apache_airflow/lib/python3.10/site-packages/airflow/example_dags/example_branch_labels.py
[2023-04-17T09:03:32.976-0300] {processor.py:743} INFO - Processing file /home/pepino/.virtualenvs/apache_airflow/lib/python3.10/site-packages/airflow/example_dags/example_branch_labels.py for tasks to queue
[2023-04-17T09:03:32.977-0300] {logging_mixin.py:137} INFO - [2023-04-17T09:03:32.977-0300] {dagbag.py:532} INFO - Filling up the DagBag from /home/pepino/.virtualenvs/apache_airflow/lib/python3.10/site-packages/airflow/example_dags/example_branch_labels.py
[2023-04-17T09:03:32.993-0300] {processor.py:753} INFO - DAG(s) dict_keys(['example_branch_labels']) retrieved from /home/pepino/.virtualenvs/apache_airflow/lib/python3.10/site-packages/airflow/example_dags/example_branch_labels.py
[2023-04-17T09:03:33.002-0300] {logging_mixin.py:137} INFO - [2023-04-17T09:03:33.002-0300] {dag.py:2705} INFO - Sync 1 DAGs
[2023-04-17T09:03:33.012-0300] {logging_mixin.py:137} INFO - [2023-04-17T09:03:33.012-0300] {dag.py:3452} INFO - Setting next_dagrun for example_branch_labels to 2023-04-16T00:00:00+00:00, run_after=2023-04-17T00:00:00+00:00
[2023-04-17T09:03:33.030-0300] {processor.py:175} INFO - Processing /home/pepino/.virtualenvs/apache_airflow/lib/python3.10/site-packages/airflow/example_dags/example_branch_labels.py took 0.067 seconds
[2023-04-17T09:04:16.457-0300] {processor.py:153} INFO - Started process (PID=82150) to work on /home/pepino/.virtualenvs/apache_airflow/lib/python3.10/site-packages/airflow/example_dags/example_branch_labels.py
[2023-04-17T09:04:16.466-0300] {processor.py:743} INFO - Processing file /home/pepino/.virtualenvs/apache_airflow/lib/python3.10/site-packages/airflow/example_dags/example_branch_labels.py for tasks to queue
[2023-04-17T09:04:16.467-0300] {logging_mixin.py:137} INFO - [2023-04-17T09:04:16.466-0300] {dagbag.py:532} INFO - Filling up the DagBag from /home/pepino/.virtualenvs/apache_airflow/lib/python3.10/site-packages/airflow/example_dags/example_branch_labels.py
[2023-04-17T09:04:16.480-0300] {processor.py:753} INFO - DAG(s) dict_keys(['example_branch_labels']) retrieved from /home/pepino/.virtualenvs/apache_airflow/lib/python3.10/site-packages/airflow/example_dags/example_branch_labels.py
[2023-04-17T09:04:16.492-0300] {logging_mixin.py:137} INFO - [2023-04-17T09:04:16.492-0300] {dag.py:2705} INFO - Sync 1 DAGs
[2023-04-17T09:04:16.504-0300] {logging_mixin.py:137} INFO - [2023-04-17T09:04:16.504-0300] {dag.py:3452} INFO - Setting next_dagrun for example_branch_labels to 2023-04-16T00:00:00+00:00, run_after=2023-04-17T00:00:00+00:00
[2023-04-17T09:04:16.522-0300] {processor.py:175} INFO - Processing /home/pepino/.virtualenvs/apache_airflow/lib/python3.10/site-packages/airflow/example_dags/example_branch_labels.py took 0.071 seconds
[2023-04-17T09:04:55.529-0300] {processor.py:153} INFO - Started process (PID=82270) to work on /home/pepino/.virtualenvs/apache_airflow/lib/python3.10/site-packages/airflow/example_dags/example_branch_labels.py
[2023-04-17T09:04:55.538-0300] {processor.py:743} INFO - Processing file /home/pepino/.virtualenvs/apache_airflow/lib/python3.10/site-packages/airflow/example_dags/example_branch_labels.py for tasks to queue
[2023-04-17T09:04:55.539-0300] {logging_mixin.py:137} INFO - [2023-04-17T09:04:55.539-0300] {dagbag.py:532} INFO - Filling up the DagBag from /home/pepino/.virtualenvs/apache_airflow/lib/python3.10/site-packages/airflow/example_dags/example_branch_labels.py
[2023-04-17T09:04:55.555-0300] {processor.py:753} INFO - DAG(s) dict_keys(['example_branch_labels']) retrieved from /home/pepino/.virtualenvs/apache_airflow/lib/python3.10/site-packages/airflow/example_dags/example_branch_labels.py
[2023-04-17T09:04:55.564-0300] {logging_mixin.py:137} INFO - [2023-04-17T09:04:55.564-0300] {dag.py:2705} INFO - Sync 1 DAGs
[2023-04-17T09:04:55.574-0300] {logging_mixin.py:137} INFO - [2023-04-17T09:04:55.573-0300] {dag.py:3452} INFO - Setting next_dagrun for example_branch_labels to 2023-04-16T00:00:00+00:00, run_after=2023-04-17T00:00:00+00:00
[2023-04-17T09:04:55.591-0300] {processor.py:175} INFO - Processing /home/pepino/.virtualenvs/apache_airflow/lib/python3.10/site-packages/airflow/example_dags/example_branch_labels.py took 0.067 seconds
[2023-04-17T09:05:34.881-0300] {processor.py:153} INFO - Started process (PID=82357) to work on /home/pepino/.virtualenvs/apache_airflow/lib/python3.10/site-packages/airflow/example_dags/example_branch_labels.py
[2023-04-17T09:05:34.890-0300] {processor.py:743} INFO - Processing file /home/pepino/.virtualenvs/apache_airflow/lib/python3.10/site-packages/airflow/example_dags/example_branch_labels.py for tasks to queue
[2023-04-17T09:05:34.892-0300] {logging_mixin.py:137} INFO - [2023-04-17T09:05:34.891-0300] {dagbag.py:532} INFO - Filling up the DagBag from /home/pepino/.virtualenvs/apache_airflow/lib/python3.10/site-packages/airflow/example_dags/example_branch_labels.py
[2023-04-17T09:05:34.907-0300] {processor.py:753} INFO - DAG(s) dict_keys(['example_branch_labels']) retrieved from /home/pepino/.virtualenvs/apache_airflow/lib/python3.10/site-packages/airflow/example_dags/example_branch_labels.py
[2023-04-17T09:05:34.918-0300] {logging_mixin.py:137} INFO - [2023-04-17T09:05:34.918-0300] {dag.py:2705} INFO - Sync 1 DAGs
[2023-04-17T09:05:34.929-0300] {logging_mixin.py:137} INFO - [2023-04-17T09:05:34.928-0300] {dag.py:3452} INFO - Setting next_dagrun for example_branch_labels to 2023-04-16T00:00:00+00:00, run_after=2023-04-17T00:00:00+00:00
[2023-04-17T09:05:34.946-0300] {processor.py:175} INFO - Processing /home/pepino/.virtualenvs/apache_airflow/lib/python3.10/site-packages/airflow/example_dags/example_branch_labels.py took 0.067 seconds
[2023-04-17T09:06:10.730-0300] {processor.py:153} INFO - Started process (PID=82452) to work on /home/pepino/.virtualenvs/apache_airflow/lib/python3.10/site-packages/airflow/example_dags/example_branch_labels.py
[2023-04-17T09:06:10.731-0300] {processor.py:743} INFO - Processing file /home/pepino/.virtualenvs/apache_airflow/lib/python3.10/site-packages/airflow/example_dags/example_branch_labels.py for tasks to queue
[2023-04-17T09:06:10.731-0300] {logging_mixin.py:137} INFO - [2023-04-17T09:06:10.731-0300] {dagbag.py:532} INFO - Filling up the DagBag from /home/pepino/.virtualenvs/apache_airflow/lib/python3.10/site-packages/airflow/example_dags/example_branch_labels.py
[2023-04-17T09:06:10.742-0300] {processor.py:753} INFO - DAG(s) dict_keys(['example_branch_labels']) retrieved from /home/pepino/.virtualenvs/apache_airflow/lib/python3.10/site-packages/airflow/example_dags/example_branch_labels.py
[2023-04-17T09:06:10.756-0300] {logging_mixin.py:137} INFO - [2023-04-17T09:06:10.756-0300] {dag.py:2705} INFO - Sync 1 DAGs
[2023-04-17T09:06:10.767-0300] {logging_mixin.py:137} INFO - [2023-04-17T09:06:10.767-0300] {dag.py:3452} INFO - Setting next_dagrun for example_branch_labels to 2023-04-16T00:00:00+00:00, run_after=2023-04-17T00:00:00+00:00
[2023-04-17T09:06:10.861-0300] {processor.py:175} INFO - Processing /home/pepino/.virtualenvs/apache_airflow/lib/python3.10/site-packages/airflow/example_dags/example_branch_labels.py took 0.132 seconds
[2023-04-17T09:06:52.302-0300] {processor.py:153} INFO - Started process (PID=82561) to work on /home/pepino/.virtualenvs/apache_airflow/lib/python3.10/site-packages/airflow/example_dags/example_branch_labels.py
[2023-04-17T09:06:52.303-0300] {processor.py:743} INFO - Processing file /home/pepino/.virtualenvs/apache_airflow/lib/python3.10/site-packages/airflow/example_dags/example_branch_labels.py for tasks to queue
[2023-04-17T09:06:52.304-0300] {logging_mixin.py:137} INFO - [2023-04-17T09:06:52.304-0300] {dagbag.py:532} INFO - Filling up the DagBag from /home/pepino/.virtualenvs/apache_airflow/lib/python3.10/site-packages/airflow/example_dags/example_branch_labels.py
[2023-04-17T09:06:52.316-0300] {processor.py:753} INFO - DAG(s) dict_keys(['example_branch_labels']) retrieved from /home/pepino/.virtualenvs/apache_airflow/lib/python3.10/site-packages/airflow/example_dags/example_branch_labels.py
[2023-04-17T09:06:52.329-0300] {logging_mixin.py:137} INFO - [2023-04-17T09:06:52.328-0300] {dag.py:2705} INFO - Sync 1 DAGs
[2023-04-17T09:06:52.435-0300] {logging_mixin.py:137} INFO - [2023-04-17T09:06:52.434-0300] {dag.py:3452} INFO - Setting next_dagrun for example_branch_labels to 2023-04-16T00:00:00+00:00, run_after=2023-04-17T00:00:00+00:00
[2023-04-17T09:06:52.462-0300] {processor.py:175} INFO - Processing /home/pepino/.virtualenvs/apache_airflow/lib/python3.10/site-packages/airflow/example_dags/example_branch_labels.py took 0.164 seconds
[2023-04-17T09:07:27.689-0300] {processor.py:153} INFO - Started process (PID=82631) to work on /home/pepino/.virtualenvs/apache_airflow/lib/python3.10/site-packages/airflow/example_dags/example_branch_labels.py
[2023-04-17T09:07:27.698-0300] {processor.py:743} INFO - Processing file /home/pepino/.virtualenvs/apache_airflow/lib/python3.10/site-packages/airflow/example_dags/example_branch_labels.py for tasks to queue
[2023-04-17T09:07:27.699-0300] {logging_mixin.py:137} INFO - [2023-04-17T09:07:27.698-0300] {dagbag.py:532} INFO - Filling up the DagBag from /home/pepino/.virtualenvs/apache_airflow/lib/python3.10/site-packages/airflow/example_dags/example_branch_labels.py
[2023-04-17T09:07:27.715-0300] {processor.py:753} INFO - DAG(s) dict_keys(['example_branch_labels']) retrieved from /home/pepino/.virtualenvs/apache_airflow/lib/python3.10/site-packages/airflow/example_dags/example_branch_labels.py
[2023-04-17T09:07:27.725-0300] {logging_mixin.py:137} INFO - [2023-04-17T09:07:27.725-0300] {dag.py:2705} INFO - Sync 1 DAGs
[2023-04-17T09:07:27.800-0300] {logging_mixin.py:137} INFO - [2023-04-17T09:07:27.800-0300] {dag.py:3452} INFO - Setting next_dagrun for example_branch_labels to 2023-04-16T00:00:00+00:00, run_after=2023-04-17T00:00:00+00:00
[2023-04-17T09:07:27.832-0300] {processor.py:175} INFO - Processing /home/pepino/.virtualenvs/apache_airflow/lib/python3.10/site-packages/airflow/example_dags/example_branch_labels.py took 0.147 seconds
[2023-04-17T09:08:02.512-0300] {processor.py:153} INFO - Started process (PID=82714) to work on /home/pepino/.virtualenvs/apache_airflow/lib/python3.10/site-packages/airflow/example_dags/example_branch_labels.py
[2023-04-17T09:08:02.520-0300] {processor.py:743} INFO - Processing file /home/pepino/.virtualenvs/apache_airflow/lib/python3.10/site-packages/airflow/example_dags/example_branch_labels.py for tasks to queue
[2023-04-17T09:08:02.521-0300] {logging_mixin.py:137} INFO - [2023-04-17T09:08:02.521-0300] {dagbag.py:532} INFO - Filling up the DagBag from /home/pepino/.virtualenvs/apache_airflow/lib/python3.10/site-packages/airflow/example_dags/example_branch_labels.py
[2023-04-17T09:08:02.536-0300] {processor.py:753} INFO - DAG(s) dict_keys(['example_branch_labels']) retrieved from /home/pepino/.virtualenvs/apache_airflow/lib/python3.10/site-packages/airflow/example_dags/example_branch_labels.py
[2023-04-17T09:08:02.546-0300] {logging_mixin.py:137} INFO - [2023-04-17T09:08:02.546-0300] {dag.py:2705} INFO - Sync 1 DAGs
[2023-04-17T09:08:02.620-0300] {logging_mixin.py:137} INFO - [2023-04-17T09:08:02.620-0300] {dag.py:3452} INFO - Setting next_dagrun for example_branch_labels to 2023-04-16T00:00:00+00:00, run_after=2023-04-17T00:00:00+00:00
[2023-04-17T09:08:02.649-0300] {processor.py:175} INFO - Processing /home/pepino/.virtualenvs/apache_airflow/lib/python3.10/site-packages/airflow/example_dags/example_branch_labels.py took 0.142 seconds
[2023-04-17T09:08:36.804-0300] {processor.py:153} INFO - Started process (PID=82800) to work on /home/pepino/.virtualenvs/apache_airflow/lib/python3.10/site-packages/airflow/example_dags/example_branch_labels.py
[2023-04-17T09:08:36.805-0300] {processor.py:743} INFO - Processing file /home/pepino/.virtualenvs/apache_airflow/lib/python3.10/site-packages/airflow/example_dags/example_branch_labels.py for tasks to queue
[2023-04-17T09:08:36.806-0300] {logging_mixin.py:137} INFO - [2023-04-17T09:08:36.806-0300] {dagbag.py:532} INFO - Filling up the DagBag from /home/pepino/.virtualenvs/apache_airflow/lib/python3.10/site-packages/airflow/example_dags/example_branch_labels.py
[2023-04-17T09:08:36.818-0300] {processor.py:753} INFO - DAG(s) dict_keys(['example_branch_labels']) retrieved from /home/pepino/.virtualenvs/apache_airflow/lib/python3.10/site-packages/airflow/example_dags/example_branch_labels.py
[2023-04-17T09:08:36.885-0300] {logging_mixin.py:137} INFO - [2023-04-17T09:08:36.885-0300] {dag.py:2705} INFO - Sync 1 DAGs
[2023-04-17T09:08:36.894-0300] {logging_mixin.py:137} INFO - [2023-04-17T09:08:36.894-0300] {dag.py:3452} INFO - Setting next_dagrun for example_branch_labels to 2023-04-16T00:00:00+00:00, run_after=2023-04-17T00:00:00+00:00
[2023-04-17T09:08:36.912-0300] {processor.py:175} INFO - Processing /home/pepino/.virtualenvs/apache_airflow/lib/python3.10/site-packages/airflow/example_dags/example_branch_labels.py took 0.113 seconds
