[2023-04-17T09:00:20.589-0300] {processor.py:153} INFO - Started process (PID=81592) to work on /home/pepino/.virtualenvs/apache_airflow/lib/python3.10/site-packages/airflow/example_dags/example_trigger_target_dag.py
[2023-04-17T09:00:20.590-0300] {processor.py:743} INFO - Processing file /home/pepino/.virtualenvs/apache_airflow/lib/python3.10/site-packages/airflow/example_dags/example_trigger_target_dag.py for tasks to queue
[2023-04-17T09:00:20.590-0300] {logging_mixin.py:137} INFO - [2023-04-17T09:00:20.590-0300] {dagbag.py:532} INFO - Filling up the DagBag from /home/pepino/.virtualenvs/apache_airflow/lib/python3.10/site-packages/airflow/example_dags/example_trigger_target_dag.py
[2023-04-17T09:00:20.608-0300] {processor.py:753} INFO - DAG(s) dict_keys(['example_trigger_target_dag']) retrieved from /home/pepino/.virtualenvs/apache_airflow/lib/python3.10/site-packages/airflow/example_dags/example_trigger_target_dag.py
[2023-04-17T09:00:20.620-0300] {logging_mixin.py:137} INFO - [2023-04-17T09:00:20.619-0300] {dag.py:2705} INFO - Sync 1 DAGs
[2023-04-17T09:00:20.636-0300] {logging_mixin.py:137} INFO - [2023-04-17T09:00:20.636-0300] {dag.py:3452} INFO - Setting next_dagrun for example_trigger_target_dag to None, run_after=None
[2023-04-17T09:00:20.663-0300] {processor.py:175} INFO - Processing /home/pepino/.virtualenvs/apache_airflow/lib/python3.10/site-packages/airflow/example_dags/example_trigger_target_dag.py took 0.075 seconds
[2023-04-17T09:01:04.852-0300] {processor.py:153} INFO - Started process (PID=81714) to work on /home/pepino/.virtualenvs/apache_airflow/lib/python3.10/site-packages/airflow/example_dags/example_trigger_target_dag.py
[2023-04-17T09:01:04.861-0300] {processor.py:743} INFO - Processing file /home/pepino/.virtualenvs/apache_airflow/lib/python3.10/site-packages/airflow/example_dags/example_trigger_target_dag.py for tasks to queue
[2023-04-17T09:01:04.862-0300] {logging_mixin.py:137} INFO - [2023-04-17T09:01:04.862-0300] {dagbag.py:532} INFO - Filling up the DagBag from /home/pepino/.virtualenvs/apache_airflow/lib/python3.10/site-packages/airflow/example_dags/example_trigger_target_dag.py
[2023-04-17T09:01:04.881-0300] {processor.py:753} INFO - DAG(s) dict_keys(['example_trigger_target_dag']) retrieved from /home/pepino/.virtualenvs/apache_airflow/lib/python3.10/site-packages/airflow/example_dags/example_trigger_target_dag.py
[2023-04-17T09:01:04.891-0300] {logging_mixin.py:137} INFO - [2023-04-17T09:01:04.891-0300] {dag.py:2705} INFO - Sync 1 DAGs
[2023-04-17T09:01:04.899-0300] {logging_mixin.py:137} INFO - [2023-04-17T09:01:04.899-0300] {dag.py:3452} INFO - Setting next_dagrun for example_trigger_target_dag to None, run_after=None
[2023-04-17T09:01:04.926-0300] {processor.py:175} INFO - Processing /home/pepino/.virtualenvs/apache_airflow/lib/python3.10/site-packages/airflow/example_dags/example_trigger_target_dag.py took 0.079 seconds
[2023-04-17T09:01:51.241-0300] {processor.py:153} INFO - Started process (PID=81821) to work on /home/pepino/.virtualenvs/apache_airflow/lib/python3.10/site-packages/airflow/example_dags/example_trigger_target_dag.py
[2023-04-17T09:01:51.250-0300] {processor.py:743} INFO - Processing file /home/pepino/.virtualenvs/apache_airflow/lib/python3.10/site-packages/airflow/example_dags/example_trigger_target_dag.py for tasks to queue
[2023-04-17T09:01:51.251-0300] {logging_mixin.py:137} INFO - [2023-04-17T09:01:51.251-0300] {dagbag.py:532} INFO - Filling up the DagBag from /home/pepino/.virtualenvs/apache_airflow/lib/python3.10/site-packages/airflow/example_dags/example_trigger_target_dag.py
[2023-04-17T09:01:51.270-0300] {processor.py:753} INFO - DAG(s) dict_keys(['example_trigger_target_dag']) retrieved from /home/pepino/.virtualenvs/apache_airflow/lib/python3.10/site-packages/airflow/example_dags/example_trigger_target_dag.py
[2023-04-17T09:01:51.280-0300] {logging_mixin.py:137} INFO - [2023-04-17T09:01:51.279-0300] {dag.py:2705} INFO - Sync 1 DAGs
[2023-04-17T09:01:51.289-0300] {logging_mixin.py:137} INFO - [2023-04-17T09:01:51.289-0300] {dag.py:3452} INFO - Setting next_dagrun for example_trigger_target_dag to None, run_after=None
[2023-04-17T09:01:51.318-0300] {processor.py:175} INFO - Processing /home/pepino/.virtualenvs/apache_airflow/lib/python3.10/site-packages/airflow/example_dags/example_trigger_target_dag.py took 0.081 seconds
[2023-04-17T09:02:34.928-0300] {processor.py:153} INFO - Started process (PID=81901) to work on /home/pepino/.virtualenvs/apache_airflow/lib/python3.10/site-packages/airflow/example_dags/example_trigger_target_dag.py
[2023-04-17T09:02:34.937-0300] {processor.py:743} INFO - Processing file /home/pepino/.virtualenvs/apache_airflow/lib/python3.10/site-packages/airflow/example_dags/example_trigger_target_dag.py for tasks to queue
[2023-04-17T09:02:34.937-0300] {logging_mixin.py:137} INFO - [2023-04-17T09:02:34.937-0300] {dagbag.py:532} INFO - Filling up the DagBag from /home/pepino/.virtualenvs/apache_airflow/lib/python3.10/site-packages/airflow/example_dags/example_trigger_target_dag.py
[2023-04-17T09:02:34.958-0300] {processor.py:753} INFO - DAG(s) dict_keys(['example_trigger_target_dag']) retrieved from /home/pepino/.virtualenvs/apache_airflow/lib/python3.10/site-packages/airflow/example_dags/example_trigger_target_dag.py
[2023-04-17T09:02:34.967-0300] {logging_mixin.py:137} INFO - [2023-04-17T09:02:34.967-0300] {dag.py:2705} INFO - Sync 1 DAGs
[2023-04-17T09:02:34.976-0300] {logging_mixin.py:137} INFO - [2023-04-17T09:02:34.976-0300] {dag.py:3452} INFO - Setting next_dagrun for example_trigger_target_dag to None, run_after=None
[2023-04-17T09:02:34.993-0300] {processor.py:175} INFO - Processing /home/pepino/.virtualenvs/apache_airflow/lib/python3.10/site-packages/airflow/example_dags/example_trigger_target_dag.py took 0.068 seconds
[2023-04-17T09:03:17.985-0300] {processor.py:153} INFO - Started process (PID=81987) to work on /home/pepino/.virtualenvs/apache_airflow/lib/python3.10/site-packages/airflow/example_dags/example_trigger_target_dag.py
[2023-04-17T09:03:17.986-0300] {processor.py:743} INFO - Processing file /home/pepino/.virtualenvs/apache_airflow/lib/python3.10/site-packages/airflow/example_dags/example_trigger_target_dag.py for tasks to queue
[2023-04-17T09:03:17.987-0300] {logging_mixin.py:137} INFO - [2023-04-17T09:03:17.987-0300] {dagbag.py:532} INFO - Filling up the DagBag from /home/pepino/.virtualenvs/apache_airflow/lib/python3.10/site-packages/airflow/example_dags/example_trigger_target_dag.py
[2023-04-17T09:03:18.002-0300] {processor.py:753} INFO - DAG(s) dict_keys(['example_trigger_target_dag']) retrieved from /home/pepino/.virtualenvs/apache_airflow/lib/python3.10/site-packages/airflow/example_dags/example_trigger_target_dag.py
[2023-04-17T09:03:18.012-0300] {logging_mixin.py:137} INFO - [2023-04-17T09:03:18.012-0300] {dag.py:2705} INFO - Sync 1 DAGs
[2023-04-17T09:03:18.021-0300] {logging_mixin.py:137} INFO - [2023-04-17T09:03:18.021-0300] {dag.py:3452} INFO - Setting next_dagrun for example_trigger_target_dag to None, run_after=None
[2023-04-17T09:03:18.039-0300] {processor.py:175} INFO - Processing /home/pepino/.virtualenvs/apache_airflow/lib/python3.10/site-packages/airflow/example_dags/example_trigger_target_dag.py took 0.059 seconds
[2023-04-17T09:04:04.553-0300] {processor.py:153} INFO - Started process (PID=82121) to work on /home/pepino/.virtualenvs/apache_airflow/lib/python3.10/site-packages/airflow/example_dags/example_trigger_target_dag.py
[2023-04-17T09:04:04.562-0300] {processor.py:743} INFO - Processing file /home/pepino/.virtualenvs/apache_airflow/lib/python3.10/site-packages/airflow/example_dags/example_trigger_target_dag.py for tasks to queue
[2023-04-17T09:04:04.563-0300] {logging_mixin.py:137} INFO - [2023-04-17T09:04:04.563-0300] {dagbag.py:532} INFO - Filling up the DagBag from /home/pepino/.virtualenvs/apache_airflow/lib/python3.10/site-packages/airflow/example_dags/example_trigger_target_dag.py
[2023-04-17T09:04:04.582-0300] {processor.py:753} INFO - DAG(s) dict_keys(['example_trigger_target_dag']) retrieved from /home/pepino/.virtualenvs/apache_airflow/lib/python3.10/site-packages/airflow/example_dags/example_trigger_target_dag.py
[2023-04-17T09:04:04.593-0300] {logging_mixin.py:137} INFO - [2023-04-17T09:04:04.593-0300] {dag.py:2705} INFO - Sync 1 DAGs
[2023-04-17T09:04:04.603-0300] {logging_mixin.py:137} INFO - [2023-04-17T09:04:04.603-0300] {dag.py:3452} INFO - Setting next_dagrun for example_trigger_target_dag to None, run_after=None
[2023-04-17T09:04:04.622-0300] {processor.py:175} INFO - Processing /home/pepino/.virtualenvs/apache_airflow/lib/python3.10/site-packages/airflow/example_dags/example_trigger_target_dag.py took 0.071 seconds
[2023-04-17T09:04:45.365-0300] {processor.py:153} INFO - Started process (PID=82214) to work on /home/pepino/.virtualenvs/apache_airflow/lib/python3.10/site-packages/airflow/example_dags/example_trigger_target_dag.py
[2023-04-17T09:04:45.373-0300] {processor.py:743} INFO - Processing file /home/pepino/.virtualenvs/apache_airflow/lib/python3.10/site-packages/airflow/example_dags/example_trigger_target_dag.py for tasks to queue
[2023-04-17T09:04:45.374-0300] {logging_mixin.py:137} INFO - [2023-04-17T09:04:45.374-0300] {dagbag.py:532} INFO - Filling up the DagBag from /home/pepino/.virtualenvs/apache_airflow/lib/python3.10/site-packages/airflow/example_dags/example_trigger_target_dag.py
[2023-04-17T09:04:45.388-0300] {processor.py:753} INFO - DAG(s) dict_keys(['example_trigger_target_dag']) retrieved from /home/pepino/.virtualenvs/apache_airflow/lib/python3.10/site-packages/airflow/example_dags/example_trigger_target_dag.py
[2023-04-17T09:04:45.397-0300] {logging_mixin.py:137} INFO - [2023-04-17T09:04:45.397-0300] {dag.py:2705} INFO - Sync 1 DAGs
[2023-04-17T09:04:45.406-0300] {logging_mixin.py:137} INFO - [2023-04-17T09:04:45.406-0300] {dag.py:3452} INFO - Setting next_dagrun for example_trigger_target_dag to None, run_after=None
[2023-04-17T09:04:45.424-0300] {processor.py:175} INFO - Processing /home/pepino/.virtualenvs/apache_airflow/lib/python3.10/site-packages/airflow/example_dags/example_trigger_target_dag.py took 0.061 seconds
[2023-04-17T09:05:27.294-0300] {processor.py:153} INFO - Started process (PID=82347) to work on /home/pepino/.virtualenvs/apache_airflow/lib/python3.10/site-packages/airflow/example_dags/example_trigger_target_dag.py
[2023-04-17T09:05:27.295-0300] {processor.py:743} INFO - Processing file /home/pepino/.virtualenvs/apache_airflow/lib/python3.10/site-packages/airflow/example_dags/example_trigger_target_dag.py for tasks to queue
[2023-04-17T09:05:27.295-0300] {logging_mixin.py:137} INFO - [2023-04-17T09:05:27.295-0300] {dagbag.py:532} INFO - Filling up the DagBag from /home/pepino/.virtualenvs/apache_airflow/lib/python3.10/site-packages/airflow/example_dags/example_trigger_target_dag.py
[2023-04-17T09:05:27.307-0300] {processor.py:753} INFO - DAG(s) dict_keys(['example_trigger_target_dag']) retrieved from /home/pepino/.virtualenvs/apache_airflow/lib/python3.10/site-packages/airflow/example_dags/example_trigger_target_dag.py
[2023-04-17T09:05:27.316-0300] {logging_mixin.py:137} INFO - [2023-04-17T09:05:27.316-0300] {dag.py:2705} INFO - Sync 1 DAGs
[2023-04-17T09:05:27.326-0300] {logging_mixin.py:137} INFO - [2023-04-17T09:05:27.326-0300] {dag.py:3452} INFO - Setting next_dagrun for example_trigger_target_dag to None, run_after=None
[2023-04-17T09:05:27.402-0300] {processor.py:175} INFO - Processing /home/pepino/.virtualenvs/apache_airflow/lib/python3.10/site-packages/airflow/example_dags/example_trigger_target_dag.py took 0.112 seconds
[2023-04-17T09:06:22.290-0300] {processor.py:153} INFO - Started process (PID=82491) to work on /home/pepino/.virtualenvs/apache_airflow/lib/python3.10/site-packages/airflow/example_dags/example_trigger_target_dag.py
[2023-04-17T09:06:22.296-0300] {processor.py:743} INFO - Processing file /home/pepino/.virtualenvs/apache_airflow/lib/python3.10/site-packages/airflow/example_dags/example_trigger_target_dag.py for tasks to queue
[2023-04-17T09:06:22.298-0300] {logging_mixin.py:137} INFO - [2023-04-17T09:06:22.298-0300] {dagbag.py:532} INFO - Filling up the DagBag from /home/pepino/.virtualenvs/apache_airflow/lib/python3.10/site-packages/airflow/example_dags/example_trigger_target_dag.py
[2023-04-17T09:06:22.316-0300] {processor.py:753} INFO - DAG(s) dict_keys(['example_trigger_target_dag']) retrieved from /home/pepino/.virtualenvs/apache_airflow/lib/python3.10/site-packages/airflow/example_dags/example_trigger_target_dag.py
[2023-04-17T09:06:22.326-0300] {logging_mixin.py:137} INFO - [2023-04-17T09:06:22.326-0300] {dag.py:2705} INFO - Sync 1 DAGs
[2023-04-17T09:06:22.410-0300] {logging_mixin.py:137} INFO - [2023-04-17T09:06:22.410-0300] {dag.py:3452} INFO - Setting next_dagrun for example_trigger_target_dag to None, run_after=None
[2023-04-17T09:06:22.441-0300] {processor.py:175} INFO - Processing /home/pepino/.virtualenvs/apache_airflow/lib/python3.10/site-packages/airflow/example_dags/example_trigger_target_dag.py took 0.155 seconds
[2023-04-17T09:07:18.238-0300] {processor.py:153} INFO - Started process (PID=82615) to work on /home/pepino/.virtualenvs/apache_airflow/lib/python3.10/site-packages/airflow/example_dags/example_trigger_target_dag.py
[2023-04-17T09:07:18.239-0300] {processor.py:743} INFO - Processing file /home/pepino/.virtualenvs/apache_airflow/lib/python3.10/site-packages/airflow/example_dags/example_trigger_target_dag.py for tasks to queue
[2023-04-17T09:07:18.240-0300] {logging_mixin.py:137} INFO - [2023-04-17T09:07:18.239-0300] {dagbag.py:532} INFO - Filling up the DagBag from /home/pepino/.virtualenvs/apache_airflow/lib/python3.10/site-packages/airflow/example_dags/example_trigger_target_dag.py
[2023-04-17T09:07:18.256-0300] {processor.py:753} INFO - DAG(s) dict_keys(['example_trigger_target_dag']) retrieved from /home/pepino/.virtualenvs/apache_airflow/lib/python3.10/site-packages/airflow/example_dags/example_trigger_target_dag.py
[2023-04-17T09:07:18.266-0300] {logging_mixin.py:137} INFO - [2023-04-17T09:07:18.266-0300] {dag.py:2705} INFO - Sync 1 DAGs
[2023-04-17T09:07:18.337-0300] {logging_mixin.py:137} INFO - [2023-04-17T09:07:18.337-0300] {dag.py:3452} INFO - Setting next_dagrun for example_trigger_target_dag to None, run_after=None
[2023-04-17T09:07:18.359-0300] {processor.py:175} INFO - Processing /home/pepino/.virtualenvs/apache_airflow/lib/python3.10/site-packages/airflow/example_dags/example_trigger_target_dag.py took 0.124 seconds
[2023-04-17T09:08:10.653-0300] {processor.py:153} INFO - Started process (PID=82734) to work on /home/pepino/.virtualenvs/apache_airflow/lib/python3.10/site-packages/airflow/example_dags/example_trigger_target_dag.py
[2023-04-17T09:08:10.654-0300] {processor.py:743} INFO - Processing file /home/pepino/.virtualenvs/apache_airflow/lib/python3.10/site-packages/airflow/example_dags/example_trigger_target_dag.py for tasks to queue
[2023-04-17T09:08:10.655-0300] {logging_mixin.py:137} INFO - [2023-04-17T09:08:10.655-0300] {dagbag.py:532} INFO - Filling up the DagBag from /home/pepino/.virtualenvs/apache_airflow/lib/python3.10/site-packages/airflow/example_dags/example_trigger_target_dag.py
[2023-04-17T09:08:10.671-0300] {processor.py:753} INFO - DAG(s) dict_keys(['example_trigger_target_dag']) retrieved from /home/pepino/.virtualenvs/apache_airflow/lib/python3.10/site-packages/airflow/example_dags/example_trigger_target_dag.py
[2023-04-17T09:08:10.743-0300] {logging_mixin.py:137} INFO - [2023-04-17T09:08:10.743-0300] {dag.py:2705} INFO - Sync 1 DAGs
[2023-04-17T09:08:10.751-0300] {logging_mixin.py:137} INFO - [2023-04-17T09:08:10.751-0300] {dag.py:3452} INFO - Setting next_dagrun for example_trigger_target_dag to None, run_after=None
[2023-04-17T09:08:10.776-0300] {processor.py:175} INFO - Processing /home/pepino/.virtualenvs/apache_airflow/lib/python3.10/site-packages/airflow/example_dags/example_trigger_target_dag.py took 0.127 seconds
