[2023-04-17T09:00:30.915-0300] {processor.py:153} INFO - Started process (PID=81635) to work on /home/pepino/.virtualenvs/apache_airflow/lib/python3.10/site-packages/airflow/example_dags/example_short_circuit_operator.py
[2023-04-17T09:00:30.917-0300] {processor.py:743} INFO - Processing file /home/pepino/.virtualenvs/apache_airflow/lib/python3.10/site-packages/airflow/example_dags/example_short_circuit_operator.py for tasks to queue
[2023-04-17T09:00:30.917-0300] {logging_mixin.py:137} INFO - [2023-04-17T09:00:30.917-0300] {dagbag.py:532} INFO - Filling up the DagBag from /home/pepino/.virtualenvs/apache_airflow/lib/python3.10/site-packages/airflow/example_dags/example_short_circuit_operator.py
[2023-04-17T09:00:30.931-0300] {processor.py:753} INFO - DAG(s) dict_keys(['example_short_circuit_operator']) retrieved from /home/pepino/.virtualenvs/apache_airflow/lib/python3.10/site-packages/airflow/example_dags/example_short_circuit_operator.py
[2023-04-17T09:00:30.941-0300] {logging_mixin.py:137} INFO - [2023-04-17T09:00:30.941-0300] {dag.py:2705} INFO - Sync 1 DAGs
[2023-04-17T09:00:30.950-0300] {logging_mixin.py:137} INFO - [2023-04-17T09:00:30.950-0300] {dag.py:3452} INFO - Setting next_dagrun for example_short_circuit_operator to 2023-04-16T12:00:30.950010+00:00, run_after=2023-04-17T12:00:30.950010+00:00
[2023-04-17T09:00:30.967-0300] {processor.py:175} INFO - Processing /home/pepino/.virtualenvs/apache_airflow/lib/python3.10/site-packages/airflow/example_dags/example_short_circuit_operator.py took 0.056 seconds
[2023-04-17T09:01:16.178-0300] {processor.py:153} INFO - Started process (PID=81734) to work on /home/pepino/.virtualenvs/apache_airflow/lib/python3.10/site-packages/airflow/example_dags/example_short_circuit_operator.py
[2023-04-17T09:01:16.187-0300] {processor.py:743} INFO - Processing file /home/pepino/.virtualenvs/apache_airflow/lib/python3.10/site-packages/airflow/example_dags/example_short_circuit_operator.py for tasks to queue
[2023-04-17T09:01:16.188-0300] {logging_mixin.py:137} INFO - [2023-04-17T09:01:16.188-0300] {dagbag.py:532} INFO - Filling up the DagBag from /home/pepino/.virtualenvs/apache_airflow/lib/python3.10/site-packages/airflow/example_dags/example_short_circuit_operator.py
[2023-04-17T09:01:16.204-0300] {processor.py:753} INFO - DAG(s) dict_keys(['example_short_circuit_operator']) retrieved from /home/pepino/.virtualenvs/apache_airflow/lib/python3.10/site-packages/airflow/example_dags/example_short_circuit_operator.py
[2023-04-17T09:01:16.215-0300] {logging_mixin.py:137} INFO - [2023-04-17T09:01:16.214-0300] {dag.py:2705} INFO - Sync 1 DAGs
[2023-04-17T09:01:16.223-0300] {logging_mixin.py:137} INFO - [2023-04-17T09:01:16.223-0300] {dag.py:3452} INFO - Setting next_dagrun for example_short_circuit_operator to 2023-04-16T12:01:16.223679+00:00, run_after=2023-04-17T12:01:16.223679+00:00
[2023-04-17T09:01:16.250-0300] {processor.py:175} INFO - Processing /home/pepino/.virtualenvs/apache_airflow/lib/python3.10/site-packages/airflow/example_dags/example_short_circuit_operator.py took 0.073 seconds
[2023-04-17T09:02:01.601-0300] {processor.py:153} INFO - Started process (PID=81840) to work on /home/pepino/.virtualenvs/apache_airflow/lib/python3.10/site-packages/airflow/example_dags/example_short_circuit_operator.py
[2023-04-17T09:02:01.610-0300] {processor.py:743} INFO - Processing file /home/pepino/.virtualenvs/apache_airflow/lib/python3.10/site-packages/airflow/example_dags/example_short_circuit_operator.py for tasks to queue
[2023-04-17T09:02:01.611-0300] {logging_mixin.py:137} INFO - [2023-04-17T09:02:01.611-0300] {dagbag.py:532} INFO - Filling up the DagBag from /home/pepino/.virtualenvs/apache_airflow/lib/python3.10/site-packages/airflow/example_dags/example_short_circuit_operator.py
[2023-04-17T09:02:01.627-0300] {processor.py:753} INFO - DAG(s) dict_keys(['example_short_circuit_operator']) retrieved from /home/pepino/.virtualenvs/apache_airflow/lib/python3.10/site-packages/airflow/example_dags/example_short_circuit_operator.py
[2023-04-17T09:02:01.637-0300] {logging_mixin.py:137} INFO - [2023-04-17T09:02:01.636-0300] {dag.py:2705} INFO - Sync 1 DAGs
[2023-04-17T09:02:01.646-0300] {logging_mixin.py:137} INFO - [2023-04-17T09:02:01.646-0300] {dag.py:3452} INFO - Setting next_dagrun for example_short_circuit_operator to 2023-04-16T12:02:01.646129+00:00, run_after=2023-04-17T12:02:01.646129+00:00
[2023-04-17T09:02:01.664-0300] {processor.py:175} INFO - Processing /home/pepino/.virtualenvs/apache_airflow/lib/python3.10/site-packages/airflow/example_dags/example_short_circuit_operator.py took 0.068 seconds
[2023-04-17T09:02:45.077-0300] {processor.py:153} INFO - Started process (PID=81922) to work on /home/pepino/.virtualenvs/apache_airflow/lib/python3.10/site-packages/airflow/example_dags/example_short_circuit_operator.py
[2023-04-17T09:02:45.077-0300] {processor.py:743} INFO - Processing file /home/pepino/.virtualenvs/apache_airflow/lib/python3.10/site-packages/airflow/example_dags/example_short_circuit_operator.py for tasks to queue
[2023-04-17T09:02:45.078-0300] {logging_mixin.py:137} INFO - [2023-04-17T09:02:45.077-0300] {dagbag.py:532} INFO - Filling up the DagBag from /home/pepino/.virtualenvs/apache_airflow/lib/python3.10/site-packages/airflow/example_dags/example_short_circuit_operator.py
[2023-04-17T09:02:45.085-0300] {processor.py:753} INFO - DAG(s) dict_keys(['example_short_circuit_operator']) retrieved from /home/pepino/.virtualenvs/apache_airflow/lib/python3.10/site-packages/airflow/example_dags/example_short_circuit_operator.py
[2023-04-17T09:02:45.095-0300] {logging_mixin.py:137} INFO - [2023-04-17T09:02:45.095-0300] {dag.py:2705} INFO - Sync 1 DAGs
[2023-04-17T09:02:45.104-0300] {logging_mixin.py:137} INFO - [2023-04-17T09:02:45.104-0300] {dag.py:3452} INFO - Setting next_dagrun for example_short_circuit_operator to 2023-04-16T12:02:45.104525+00:00, run_after=2023-04-17T12:02:45.104525+00:00
[2023-04-17T09:02:45.131-0300] {processor.py:175} INFO - Processing /home/pepino/.virtualenvs/apache_airflow/lib/python3.10/site-packages/airflow/example_dags/example_short_circuit_operator.py took 0.057 seconds
[2023-04-17T09:03:43.205-0300] {processor.py:153} INFO - Started process (PID=82069) to work on /home/pepino/.virtualenvs/apache_airflow/lib/python3.10/site-packages/airflow/example_dags/example_short_circuit_operator.py
[2023-04-17T09:03:43.214-0300] {processor.py:743} INFO - Processing file /home/pepino/.virtualenvs/apache_airflow/lib/python3.10/site-packages/airflow/example_dags/example_short_circuit_operator.py for tasks to queue
[2023-04-17T09:03:43.215-0300] {logging_mixin.py:137} INFO - [2023-04-17T09:03:43.215-0300] {dagbag.py:532} INFO - Filling up the DagBag from /home/pepino/.virtualenvs/apache_airflow/lib/python3.10/site-packages/airflow/example_dags/example_short_circuit_operator.py
[2023-04-17T09:03:43.230-0300] {processor.py:753} INFO - DAG(s) dict_keys(['example_short_circuit_operator']) retrieved from /home/pepino/.virtualenvs/apache_airflow/lib/python3.10/site-packages/airflow/example_dags/example_short_circuit_operator.py
[2023-04-17T09:03:43.240-0300] {logging_mixin.py:137} INFO - [2023-04-17T09:03:43.240-0300] {dag.py:2705} INFO - Sync 1 DAGs
[2023-04-17T09:03:43.250-0300] {logging_mixin.py:137} INFO - [2023-04-17T09:03:43.249-0300] {dag.py:3452} INFO - Setting next_dagrun for example_short_circuit_operator to 2023-04-16T12:03:43.249841+00:00, run_after=2023-04-17T12:03:43.249841+00:00
[2023-04-17T09:03:43.289-0300] {processor.py:175} INFO - Processing /home/pepino/.virtualenvs/apache_airflow/lib/python3.10/site-packages/airflow/example_dags/example_short_circuit_operator.py took 0.089 seconds
[2023-04-17T09:04:25.455-0300] {processor.py:153} INFO - Started process (PID=82170) to work on /home/pepino/.virtualenvs/apache_airflow/lib/python3.10/site-packages/airflow/example_dags/example_short_circuit_operator.py
[2023-04-17T09:04:25.457-0300] {processor.py:743} INFO - Processing file /home/pepino/.virtualenvs/apache_airflow/lib/python3.10/site-packages/airflow/example_dags/example_short_circuit_operator.py for tasks to queue
[2023-04-17T09:04:25.458-0300] {logging_mixin.py:137} INFO - [2023-04-17T09:04:25.457-0300] {dagbag.py:532} INFO - Filling up the DagBag from /home/pepino/.virtualenvs/apache_airflow/lib/python3.10/site-packages/airflow/example_dags/example_short_circuit_operator.py
[2023-04-17T09:04:25.470-0300] {processor.py:753} INFO - DAG(s) dict_keys(['example_short_circuit_operator']) retrieved from /home/pepino/.virtualenvs/apache_airflow/lib/python3.10/site-packages/airflow/example_dags/example_short_circuit_operator.py
[2023-04-17T09:04:25.480-0300] {logging_mixin.py:137} INFO - [2023-04-17T09:04:25.480-0300] {dag.py:2705} INFO - Sync 1 DAGs
[2023-04-17T09:04:25.489-0300] {logging_mixin.py:137} INFO - [2023-04-17T09:04:25.489-0300] {dag.py:3452} INFO - Setting next_dagrun for example_short_circuit_operator to 2023-04-16T12:04:25.489621+00:00, run_after=2023-04-17T12:04:25.489621+00:00
[2023-04-17T09:04:25.507-0300] {processor.py:175} INFO - Processing /home/pepino/.virtualenvs/apache_airflow/lib/python3.10/site-packages/airflow/example_dags/example_short_circuit_operator.py took 0.056 seconds
[2023-04-17T09:05:16.872-0300] {processor.py:153} INFO - Started process (PID=82325) to work on /home/pepino/.virtualenvs/apache_airflow/lib/python3.10/site-packages/airflow/example_dags/example_short_circuit_operator.py
[2023-04-17T09:05:16.874-0300] {processor.py:743} INFO - Processing file /home/pepino/.virtualenvs/apache_airflow/lib/python3.10/site-packages/airflow/example_dags/example_short_circuit_operator.py for tasks to queue
[2023-04-17T09:05:16.875-0300] {logging_mixin.py:137} INFO - [2023-04-17T09:05:16.874-0300] {dagbag.py:532} INFO - Filling up the DagBag from /home/pepino/.virtualenvs/apache_airflow/lib/python3.10/site-packages/airflow/example_dags/example_short_circuit_operator.py
[2023-04-17T09:05:16.887-0300] {processor.py:753} INFO - DAG(s) dict_keys(['example_short_circuit_operator']) retrieved from /home/pepino/.virtualenvs/apache_airflow/lib/python3.10/site-packages/airflow/example_dags/example_short_circuit_operator.py
[2023-04-17T09:05:16.897-0300] {logging_mixin.py:137} INFO - [2023-04-17T09:05:16.897-0300] {dag.py:2705} INFO - Sync 1 DAGs
[2023-04-17T09:05:16.907-0300] {logging_mixin.py:137} INFO - [2023-04-17T09:05:16.906-0300] {dag.py:3452} INFO - Setting next_dagrun for example_short_circuit_operator to 2023-04-16T12:05:16.906842+00:00, run_after=2023-04-17T12:05:16.906842+00:00
[2023-04-17T09:05:16.953-0300] {processor.py:175} INFO - Processing /home/pepino/.virtualenvs/apache_airflow/lib/python3.10/site-packages/airflow/example_dags/example_short_circuit_operator.py took 0.085 seconds
[2023-04-17T09:06:05.141-0300] {processor.py:153} INFO - Started process (PID=82431) to work on /home/pepino/.virtualenvs/apache_airflow/lib/python3.10/site-packages/airflow/example_dags/example_short_circuit_operator.py
[2023-04-17T09:06:05.150-0300] {processor.py:743} INFO - Processing file /home/pepino/.virtualenvs/apache_airflow/lib/python3.10/site-packages/airflow/example_dags/example_short_circuit_operator.py for tasks to queue
[2023-04-17T09:06:05.150-0300] {logging_mixin.py:137} INFO - [2023-04-17T09:06:05.150-0300] {dagbag.py:532} INFO - Filling up the DagBag from /home/pepino/.virtualenvs/apache_airflow/lib/python3.10/site-packages/airflow/example_dags/example_short_circuit_operator.py
[2023-04-17T09:06:05.161-0300] {processor.py:753} INFO - DAG(s) dict_keys(['example_short_circuit_operator']) retrieved from /home/pepino/.virtualenvs/apache_airflow/lib/python3.10/site-packages/airflow/example_dags/example_short_circuit_operator.py
[2023-04-17T09:06:05.172-0300] {logging_mixin.py:137} INFO - [2023-04-17T09:06:05.172-0300] {dag.py:2705} INFO - Sync 1 DAGs
[2023-04-17T09:06:05.183-0300] {logging_mixin.py:137} INFO - [2023-04-17T09:06:05.182-0300] {dag.py:3452} INFO - Setting next_dagrun for example_short_circuit_operator to 2023-04-16T12:06:05.182706+00:00, run_after=2023-04-17T12:06:05.182706+00:00
[2023-04-17T09:06:05.273-0300] {processor.py:175} INFO - Processing /home/pepino/.virtualenvs/apache_airflow/lib/python3.10/site-packages/airflow/example_dags/example_short_circuit_operator.py took 0.134 seconds
[2023-04-17T09:07:06.449-0300] {processor.py:153} INFO - Started process (PID=82591) to work on /home/pepino/.virtualenvs/apache_airflow/lib/python3.10/site-packages/airflow/example_dags/example_short_circuit_operator.py
[2023-04-17T09:07:06.450-0300] {processor.py:743} INFO - Processing file /home/pepino/.virtualenvs/apache_airflow/lib/python3.10/site-packages/airflow/example_dags/example_short_circuit_operator.py for tasks to queue
[2023-04-17T09:07:06.451-0300] {logging_mixin.py:137} INFO - [2023-04-17T09:07:06.451-0300] {dagbag.py:532} INFO - Filling up the DagBag from /home/pepino/.virtualenvs/apache_airflow/lib/python3.10/site-packages/airflow/example_dags/example_short_circuit_operator.py
[2023-04-17T09:07:06.462-0300] {processor.py:753} INFO - DAG(s) dict_keys(['example_short_circuit_operator']) retrieved from /home/pepino/.virtualenvs/apache_airflow/lib/python3.10/site-packages/airflow/example_dags/example_short_circuit_operator.py
[2023-04-17T09:07:06.473-0300] {logging_mixin.py:137} INFO - [2023-04-17T09:07:06.473-0300] {dag.py:2705} INFO - Sync 1 DAGs
[2023-04-17T09:07:06.547-0300] {logging_mixin.py:137} INFO - [2023-04-17T09:07:06.547-0300] {dag.py:3452} INFO - Setting next_dagrun for example_short_circuit_operator to 2023-04-16T12:07:06.547164+00:00, run_after=2023-04-17T12:07:06.547164+00:00
[2023-04-17T09:07:06.566-0300] {processor.py:175} INFO - Processing /home/pepino/.virtualenvs/apache_airflow/lib/python3.10/site-packages/airflow/example_dags/example_short_circuit_operator.py took 0.122 seconds
[2023-04-17T09:07:59.521-0300] {processor.py:153} INFO - Started process (PID=82693) to work on /home/pepino/.virtualenvs/apache_airflow/lib/python3.10/site-packages/airflow/example_dags/example_short_circuit_operator.py
[2023-04-17T09:07:59.530-0300] {processor.py:743} INFO - Processing file /home/pepino/.virtualenvs/apache_airflow/lib/python3.10/site-packages/airflow/example_dags/example_short_circuit_operator.py for tasks to queue
[2023-04-17T09:07:59.531-0300] {logging_mixin.py:137} INFO - [2023-04-17T09:07:59.530-0300] {dagbag.py:532} INFO - Filling up the DagBag from /home/pepino/.virtualenvs/apache_airflow/lib/python3.10/site-packages/airflow/example_dags/example_short_circuit_operator.py
[2023-04-17T09:07:59.545-0300] {processor.py:753} INFO - DAG(s) dict_keys(['example_short_circuit_operator']) retrieved from /home/pepino/.virtualenvs/apache_airflow/lib/python3.10/site-packages/airflow/example_dags/example_short_circuit_operator.py
[2023-04-17T09:07:59.625-0300] {logging_mixin.py:137} INFO - [2023-04-17T09:07:59.625-0300] {dag.py:2705} INFO - Sync 1 DAGs
[2023-04-17T09:07:59.634-0300] {logging_mixin.py:137} INFO - [2023-04-17T09:07:59.634-0300] {dag.py:3452} INFO - Setting next_dagrun for example_short_circuit_operator to 2023-04-16T12:07:59.634311+00:00, run_after=2023-04-17T12:07:59.634311+00:00
[2023-04-17T09:07:59.661-0300] {processor.py:175} INFO - Processing /home/pepino/.virtualenvs/apache_airflow/lib/python3.10/site-packages/airflow/example_dags/example_short_circuit_operator.py took 0.143 seconds
