[2023-04-17T09:00:28.643-0300] {processor.py:153} INFO - Started process (PID=81625) to work on /home/pepino/.virtualenvs/apache_airflow/lib/python3.10/site-packages/airflow/example_dags/example_python_operator.py
[2023-04-17T09:00:28.644-0300] {processor.py:743} INFO - Processing file /home/pepino/.virtualenvs/apache_airflow/lib/python3.10/site-packages/airflow/example_dags/example_python_operator.py for tasks to queue
[2023-04-17T09:00:28.645-0300] {logging_mixin.py:137} INFO - [2023-04-17T09:00:28.645-0300] {dagbag.py:532} INFO - Filling up the DagBag from /home/pepino/.virtualenvs/apache_airflow/lib/python3.10/site-packages/airflow/example_dags/example_python_operator.py
[2023-04-17T09:00:28.660-0300] {logging_mixin.py:137} INFO - [2023-04-17T09:00:28.660-0300] {taskmixin.py:211} WARNING - Dependency <Task(_PythonDecoratedOperator): print_the_context>, log_sql_query already registered for DAG: example_python_operator
[2023-04-17T09:00:28.660-0300] {logging_mixin.py:137} INFO - [2023-04-17T09:00:28.660-0300] {taskmixin.py:211} WARNING - Dependency <Task(_PythonDecoratedOperator): log_sql_query>, print_the_context already registered for DAG: example_python_operator
[2023-04-17T09:00:28.660-0300] {logging_mixin.py:137} INFO - [2023-04-17T09:00:28.660-0300] {taskmixin.py:211} WARNING - Dependency <Task(_PythonDecoratedOperator): print_the_context>, log_sql_query already registered for DAG: example_python_operator
[2023-04-17T09:00:28.660-0300] {logging_mixin.py:137} INFO - [2023-04-17T09:00:28.660-0300] {taskmixin.py:211} WARNING - Dependency <Task(_PythonDecoratedOperator): log_sql_query>, print_the_context already registered for DAG: example_python_operator
[2023-04-17T09:00:28.661-0300] {logging_mixin.py:137} INFO - [2023-04-17T09:00:28.661-0300] {taskmixin.py:211} WARNING - Dependency <Task(_PythonDecoratedOperator): print_the_context>, log_sql_query already registered for DAG: example_python_operator
[2023-04-17T09:00:28.661-0300] {logging_mixin.py:137} INFO - [2023-04-17T09:00:28.661-0300] {taskmixin.py:211} WARNING - Dependency <Task(_PythonDecoratedOperator): log_sql_query>, print_the_context already registered for DAG: example_python_operator
[2023-04-17T09:00:28.661-0300] {logging_mixin.py:137} INFO - [2023-04-17T09:00:28.661-0300] {taskmixin.py:211} WARNING - Dependency <Task(_PythonDecoratedOperator): print_the_context>, log_sql_query already registered for DAG: example_python_operator
[2023-04-17T09:00:28.661-0300] {logging_mixin.py:137} INFO - [2023-04-17T09:00:28.661-0300] {taskmixin.py:211} WARNING - Dependency <Task(_PythonDecoratedOperator): log_sql_query>, print_the_context already registered for DAG: example_python_operator
[2023-04-17T09:00:28.664-0300] {processor.py:753} INFO - DAG(s) dict_keys(['example_python_operator']) retrieved from /home/pepino/.virtualenvs/apache_airflow/lib/python3.10/site-packages/airflow/example_dags/example_python_operator.py
[2023-04-17T09:00:28.689-0300] {logging_mixin.py:137} INFO - [2023-04-17T09:00:28.689-0300] {dag.py:2705} INFO - Sync 1 DAGs
[2023-04-17T09:00:28.701-0300] {logging_mixin.py:137} INFO - [2023-04-17T09:00:28.701-0300] {dag.py:3452} INFO - Setting next_dagrun for example_python_operator to None, run_after=None
[2023-04-17T09:00:28.721-0300] {processor.py:175} INFO - Processing /home/pepino/.virtualenvs/apache_airflow/lib/python3.10/site-packages/airflow/example_dags/example_python_operator.py took 0.083 seconds
[2023-04-17T09:01:13.867-0300] {processor.py:153} INFO - Started process (PID=81732) to work on /home/pepino/.virtualenvs/apache_airflow/lib/python3.10/site-packages/airflow/example_dags/example_python_operator.py
[2023-04-17T09:01:13.875-0300] {processor.py:743} INFO - Processing file /home/pepino/.virtualenvs/apache_airflow/lib/python3.10/site-packages/airflow/example_dags/example_python_operator.py for tasks to queue
[2023-04-17T09:01:13.875-0300] {logging_mixin.py:137} INFO - [2023-04-17T09:01:13.875-0300] {dagbag.py:532} INFO - Filling up the DagBag from /home/pepino/.virtualenvs/apache_airflow/lib/python3.10/site-packages/airflow/example_dags/example_python_operator.py
[2023-04-17T09:01:13.891-0300] {logging_mixin.py:137} INFO - [2023-04-17T09:01:13.891-0300] {taskmixin.py:211} WARNING - Dependency <Task(_PythonDecoratedOperator): print_the_context>, log_sql_query already registered for DAG: example_python_operator
[2023-04-17T09:01:13.891-0300] {logging_mixin.py:137} INFO - [2023-04-17T09:01:13.891-0300] {taskmixin.py:211} WARNING - Dependency <Task(_PythonDecoratedOperator): log_sql_query>, print_the_context already registered for DAG: example_python_operator
[2023-04-17T09:01:13.891-0300] {logging_mixin.py:137} INFO - [2023-04-17T09:01:13.891-0300] {taskmixin.py:211} WARNING - Dependency <Task(_PythonDecoratedOperator): print_the_context>, log_sql_query already registered for DAG: example_python_operator
[2023-04-17T09:01:13.891-0300] {logging_mixin.py:137} INFO - [2023-04-17T09:01:13.891-0300] {taskmixin.py:211} WARNING - Dependency <Task(_PythonDecoratedOperator): log_sql_query>, print_the_context already registered for DAG: example_python_operator
[2023-04-17T09:01:13.892-0300] {logging_mixin.py:137} INFO - [2023-04-17T09:01:13.892-0300] {taskmixin.py:211} WARNING - Dependency <Task(_PythonDecoratedOperator): print_the_context>, log_sql_query already registered for DAG: example_python_operator
[2023-04-17T09:01:13.892-0300] {logging_mixin.py:137} INFO - [2023-04-17T09:01:13.892-0300] {taskmixin.py:211} WARNING - Dependency <Task(_PythonDecoratedOperator): log_sql_query>, print_the_context already registered for DAG: example_python_operator
[2023-04-17T09:01:13.892-0300] {logging_mixin.py:137} INFO - [2023-04-17T09:01:13.892-0300] {taskmixin.py:211} WARNING - Dependency <Task(_PythonDecoratedOperator): print_the_context>, log_sql_query already registered for DAG: example_python_operator
[2023-04-17T09:01:13.892-0300] {logging_mixin.py:137} INFO - [2023-04-17T09:01:13.892-0300] {taskmixin.py:211} WARNING - Dependency <Task(_PythonDecoratedOperator): log_sql_query>, print_the_context already registered for DAG: example_python_operator
[2023-04-17T09:01:13.895-0300] {processor.py:753} INFO - DAG(s) dict_keys(['example_python_operator']) retrieved from /home/pepino/.virtualenvs/apache_airflow/lib/python3.10/site-packages/airflow/example_dags/example_python_operator.py
[2023-04-17T09:01:13.905-0300] {logging_mixin.py:137} INFO - [2023-04-17T09:01:13.905-0300] {dag.py:2705} INFO - Sync 1 DAGs
[2023-04-17T09:01:13.915-0300] {logging_mixin.py:137} INFO - [2023-04-17T09:01:13.914-0300] {dag.py:3452} INFO - Setting next_dagrun for example_python_operator to None, run_after=None
[2023-04-17T09:01:13.933-0300] {processor.py:175} INFO - Processing /home/pepino/.virtualenvs/apache_airflow/lib/python3.10/site-packages/airflow/example_dags/example_python_operator.py took 0.067 seconds
[2023-04-17T09:01:59.955-0300] {processor.py:153} INFO - Started process (PID=81832) to work on /home/pepino/.virtualenvs/apache_airflow/lib/python3.10/site-packages/airflow/example_dags/example_python_operator.py
[2023-04-17T09:01:59.957-0300] {processor.py:743} INFO - Processing file /home/pepino/.virtualenvs/apache_airflow/lib/python3.10/site-packages/airflow/example_dags/example_python_operator.py for tasks to queue
[2023-04-17T09:01:59.957-0300] {logging_mixin.py:137} INFO - [2023-04-17T09:01:59.957-0300] {dagbag.py:532} INFO - Filling up the DagBag from /home/pepino/.virtualenvs/apache_airflow/lib/python3.10/site-packages/airflow/example_dags/example_python_operator.py
[2023-04-17T09:01:59.966-0300] {logging_mixin.py:137} INFO - [2023-04-17T09:01:59.966-0300] {taskmixin.py:211} WARNING - Dependency <Task(_PythonDecoratedOperator): print_the_context>, log_sql_query already registered for DAG: example_python_operator
[2023-04-17T09:01:59.966-0300] {logging_mixin.py:137} INFO - [2023-04-17T09:01:59.966-0300] {taskmixin.py:211} WARNING - Dependency <Task(_PythonDecoratedOperator): log_sql_query>, print_the_context already registered for DAG: example_python_operator
[2023-04-17T09:01:59.966-0300] {logging_mixin.py:137} INFO - [2023-04-17T09:01:59.966-0300] {taskmixin.py:211} WARNING - Dependency <Task(_PythonDecoratedOperator): print_the_context>, log_sql_query already registered for DAG: example_python_operator
[2023-04-17T09:01:59.966-0300] {logging_mixin.py:137} INFO - [2023-04-17T09:01:59.966-0300] {taskmixin.py:211} WARNING - Dependency <Task(_PythonDecoratedOperator): log_sql_query>, print_the_context already registered for DAG: example_python_operator
[2023-04-17T09:01:59.967-0300] {logging_mixin.py:137} INFO - [2023-04-17T09:01:59.967-0300] {taskmixin.py:211} WARNING - Dependency <Task(_PythonDecoratedOperator): print_the_context>, log_sql_query already registered for DAG: example_python_operator
[2023-04-17T09:01:59.967-0300] {logging_mixin.py:137} INFO - [2023-04-17T09:01:59.967-0300] {taskmixin.py:211} WARNING - Dependency <Task(_PythonDecoratedOperator): log_sql_query>, print_the_context already registered for DAG: example_python_operator
[2023-04-17T09:01:59.967-0300] {logging_mixin.py:137} INFO - [2023-04-17T09:01:59.967-0300] {taskmixin.py:211} WARNING - Dependency <Task(_PythonDecoratedOperator): print_the_context>, log_sql_query already registered for DAG: example_python_operator
[2023-04-17T09:01:59.967-0300] {logging_mixin.py:137} INFO - [2023-04-17T09:01:59.967-0300] {taskmixin.py:211} WARNING - Dependency <Task(_PythonDecoratedOperator): log_sql_query>, print_the_context already registered for DAG: example_python_operator
[2023-04-17T09:01:59.970-0300] {processor.py:753} INFO - DAG(s) dict_keys(['example_python_operator']) retrieved from /home/pepino/.virtualenvs/apache_airflow/lib/python3.10/site-packages/airflow/example_dags/example_python_operator.py
[2023-04-17T09:01:59.980-0300] {logging_mixin.py:137} INFO - [2023-04-17T09:01:59.980-0300] {dag.py:2705} INFO - Sync 1 DAGs
[2023-04-17T09:01:59.989-0300] {logging_mixin.py:137} INFO - [2023-04-17T09:01:59.989-0300] {dag.py:3452} INFO - Setting next_dagrun for example_python_operator to None, run_after=None
[2023-04-17T09:02:00.026-0300] {processor.py:175} INFO - Processing /home/pepino/.virtualenvs/apache_airflow/lib/python3.10/site-packages/airflow/example_dags/example_python_operator.py took 0.072 seconds
[2023-04-17T09:02:43.031-0300] {processor.py:153} INFO - Started process (PID=81915) to work on /home/pepino/.virtualenvs/apache_airflow/lib/python3.10/site-packages/airflow/example_dags/example_python_operator.py
[2023-04-17T09:02:43.039-0300] {processor.py:743} INFO - Processing file /home/pepino/.virtualenvs/apache_airflow/lib/python3.10/site-packages/airflow/example_dags/example_python_operator.py for tasks to queue
[2023-04-17T09:02:43.040-0300] {logging_mixin.py:137} INFO - [2023-04-17T09:02:43.040-0300] {dagbag.py:532} INFO - Filling up the DagBag from /home/pepino/.virtualenvs/apache_airflow/lib/python3.10/site-packages/airflow/example_dags/example_python_operator.py
[2023-04-17T09:02:43.054-0300] {logging_mixin.py:137} INFO - [2023-04-17T09:02:43.054-0300] {taskmixin.py:211} WARNING - Dependency <Task(_PythonDecoratedOperator): print_the_context>, log_sql_query already registered for DAG: example_python_operator
[2023-04-17T09:02:43.054-0300] {logging_mixin.py:137} INFO - [2023-04-17T09:02:43.054-0300] {taskmixin.py:211} WARNING - Dependency <Task(_PythonDecoratedOperator): log_sql_query>, print_the_context already registered for DAG: example_python_operator
[2023-04-17T09:02:43.054-0300] {logging_mixin.py:137} INFO - [2023-04-17T09:02:43.054-0300] {taskmixin.py:211} WARNING - Dependency <Task(_PythonDecoratedOperator): print_the_context>, log_sql_query already registered for DAG: example_python_operator
[2023-04-17T09:02:43.054-0300] {logging_mixin.py:137} INFO - [2023-04-17T09:02:43.054-0300] {taskmixin.py:211} WARNING - Dependency <Task(_PythonDecoratedOperator): log_sql_query>, print_the_context already registered for DAG: example_python_operator
[2023-04-17T09:02:43.054-0300] {logging_mixin.py:137} INFO - [2023-04-17T09:02:43.054-0300] {taskmixin.py:211} WARNING - Dependency <Task(_PythonDecoratedOperator): print_the_context>, log_sql_query already registered for DAG: example_python_operator
[2023-04-17T09:02:43.054-0300] {logging_mixin.py:137} INFO - [2023-04-17T09:02:43.054-0300] {taskmixin.py:211} WARNING - Dependency <Task(_PythonDecoratedOperator): log_sql_query>, print_the_context already registered for DAG: example_python_operator
[2023-04-17T09:02:43.055-0300] {logging_mixin.py:137} INFO - [2023-04-17T09:02:43.055-0300] {taskmixin.py:211} WARNING - Dependency <Task(_PythonDecoratedOperator): print_the_context>, log_sql_query already registered for DAG: example_python_operator
[2023-04-17T09:02:43.055-0300] {logging_mixin.py:137} INFO - [2023-04-17T09:02:43.055-0300] {taskmixin.py:211} WARNING - Dependency <Task(_PythonDecoratedOperator): log_sql_query>, print_the_context already registered for DAG: example_python_operator
[2023-04-17T09:02:43.058-0300] {processor.py:753} INFO - DAG(s) dict_keys(['example_python_operator']) retrieved from /home/pepino/.virtualenvs/apache_airflow/lib/python3.10/site-packages/airflow/example_dags/example_python_operator.py
[2023-04-17T09:02:43.068-0300] {logging_mixin.py:137} INFO - [2023-04-17T09:02:43.068-0300] {dag.py:2705} INFO - Sync 1 DAGs
[2023-04-17T09:02:43.077-0300] {logging_mixin.py:137} INFO - [2023-04-17T09:02:43.077-0300] {dag.py:3452} INFO - Setting next_dagrun for example_python_operator to None, run_after=None
[2023-04-17T09:02:43.094-0300] {processor.py:175} INFO - Processing /home/pepino/.virtualenvs/apache_airflow/lib/python3.10/site-packages/airflow/example_dags/example_python_operator.py took 0.065 seconds
[2023-04-17T09:03:26.775-0300] {processor.py:153} INFO - Started process (PID=82007) to work on /home/pepino/.virtualenvs/apache_airflow/lib/python3.10/site-packages/airflow/example_dags/example_python_operator.py
[2023-04-17T09:03:26.776-0300] {processor.py:743} INFO - Processing file /home/pepino/.virtualenvs/apache_airflow/lib/python3.10/site-packages/airflow/example_dags/example_python_operator.py for tasks to queue
[2023-04-17T09:03:26.777-0300] {logging_mixin.py:137} INFO - [2023-04-17T09:03:26.777-0300] {dagbag.py:532} INFO - Filling up the DagBag from /home/pepino/.virtualenvs/apache_airflow/lib/python3.10/site-packages/airflow/example_dags/example_python_operator.py
[2023-04-17T09:03:26.790-0300] {logging_mixin.py:137} INFO - [2023-04-17T09:03:26.790-0300] {taskmixin.py:211} WARNING - Dependency <Task(_PythonDecoratedOperator): print_the_context>, log_sql_query already registered for DAG: example_python_operator
[2023-04-17T09:03:26.790-0300] {logging_mixin.py:137} INFO - [2023-04-17T09:03:26.790-0300] {taskmixin.py:211} WARNING - Dependency <Task(_PythonDecoratedOperator): log_sql_query>, print_the_context already registered for DAG: example_python_operator
[2023-04-17T09:03:26.791-0300] {logging_mixin.py:137} INFO - [2023-04-17T09:03:26.791-0300] {taskmixin.py:211} WARNING - Dependency <Task(_PythonDecoratedOperator): print_the_context>, log_sql_query already registered for DAG: example_python_operator
[2023-04-17T09:03:26.791-0300] {logging_mixin.py:137} INFO - [2023-04-17T09:03:26.791-0300] {taskmixin.py:211} WARNING - Dependency <Task(_PythonDecoratedOperator): log_sql_query>, print_the_context already registered for DAG: example_python_operator
[2023-04-17T09:03:26.791-0300] {logging_mixin.py:137} INFO - [2023-04-17T09:03:26.791-0300] {taskmixin.py:211} WARNING - Dependency <Task(_PythonDecoratedOperator): print_the_context>, log_sql_query already registered for DAG: example_python_operator
[2023-04-17T09:03:26.791-0300] {logging_mixin.py:137} INFO - [2023-04-17T09:03:26.791-0300] {taskmixin.py:211} WARNING - Dependency <Task(_PythonDecoratedOperator): log_sql_query>, print_the_context already registered for DAG: example_python_operator
[2023-04-17T09:03:26.791-0300] {logging_mixin.py:137} INFO - [2023-04-17T09:03:26.791-0300] {taskmixin.py:211} WARNING - Dependency <Task(_PythonDecoratedOperator): print_the_context>, log_sql_query already registered for DAG: example_python_operator
[2023-04-17T09:03:26.791-0300] {logging_mixin.py:137} INFO - [2023-04-17T09:03:26.791-0300] {taskmixin.py:211} WARNING - Dependency <Task(_PythonDecoratedOperator): log_sql_query>, print_the_context already registered for DAG: example_python_operator
[2023-04-17T09:03:26.794-0300] {processor.py:753} INFO - DAG(s) dict_keys(['example_python_operator']) retrieved from /home/pepino/.virtualenvs/apache_airflow/lib/python3.10/site-packages/airflow/example_dags/example_python_operator.py
[2023-04-17T09:03:26.806-0300] {logging_mixin.py:137} INFO - [2023-04-17T09:03:26.806-0300] {dag.py:2705} INFO - Sync 1 DAGs
[2023-04-17T09:03:26.816-0300] {logging_mixin.py:137} INFO - [2023-04-17T09:03:26.816-0300] {dag.py:3452} INFO - Setting next_dagrun for example_python_operator to None, run_after=None
[2023-04-17T09:03:26.835-0300] {processor.py:175} INFO - Processing /home/pepino/.virtualenvs/apache_airflow/lib/python3.10/site-packages/airflow/example_dags/example_python_operator.py took 0.064 seconds
[2023-04-17T09:04:13.167-0300] {processor.py:153} INFO - Started process (PID=82145) to work on /home/pepino/.virtualenvs/apache_airflow/lib/python3.10/site-packages/airflow/example_dags/example_python_operator.py
[2023-04-17T09:04:13.175-0300] {processor.py:743} INFO - Processing file /home/pepino/.virtualenvs/apache_airflow/lib/python3.10/site-packages/airflow/example_dags/example_python_operator.py for tasks to queue
[2023-04-17T09:04:13.176-0300] {logging_mixin.py:137} INFO - [2023-04-17T09:04:13.176-0300] {dagbag.py:532} INFO - Filling up the DagBag from /home/pepino/.virtualenvs/apache_airflow/lib/python3.10/site-packages/airflow/example_dags/example_python_operator.py
[2023-04-17T09:04:13.193-0300] {logging_mixin.py:137} INFO - [2023-04-17T09:04:13.193-0300] {taskmixin.py:211} WARNING - Dependency <Task(_PythonDecoratedOperator): print_the_context>, log_sql_query already registered for DAG: example_python_operator
[2023-04-17T09:04:13.193-0300] {logging_mixin.py:137} INFO - [2023-04-17T09:04:13.193-0300] {taskmixin.py:211} WARNING - Dependency <Task(_PythonDecoratedOperator): log_sql_query>, print_the_context already registered for DAG: example_python_operator
[2023-04-17T09:04:13.194-0300] {logging_mixin.py:137} INFO - [2023-04-17T09:04:13.194-0300] {taskmixin.py:211} WARNING - Dependency <Task(_PythonDecoratedOperator): print_the_context>, log_sql_query already registered for DAG: example_python_operator
[2023-04-17T09:04:13.194-0300] {logging_mixin.py:137} INFO - [2023-04-17T09:04:13.194-0300] {taskmixin.py:211} WARNING - Dependency <Task(_PythonDecoratedOperator): log_sql_query>, print_the_context already registered for DAG: example_python_operator
[2023-04-17T09:04:13.194-0300] {logging_mixin.py:137} INFO - [2023-04-17T09:04:13.194-0300] {taskmixin.py:211} WARNING - Dependency <Task(_PythonDecoratedOperator): print_the_context>, log_sql_query already registered for DAG: example_python_operator
[2023-04-17T09:04:13.194-0300] {logging_mixin.py:137} INFO - [2023-04-17T09:04:13.194-0300] {taskmixin.py:211} WARNING - Dependency <Task(_PythonDecoratedOperator): log_sql_query>, print_the_context already registered for DAG: example_python_operator
[2023-04-17T09:04:13.195-0300] {logging_mixin.py:137} INFO - [2023-04-17T09:04:13.195-0300] {taskmixin.py:211} WARNING - Dependency <Task(_PythonDecoratedOperator): print_the_context>, log_sql_query already registered for DAG: example_python_operator
[2023-04-17T09:04:13.195-0300] {logging_mixin.py:137} INFO - [2023-04-17T09:04:13.195-0300] {taskmixin.py:211} WARNING - Dependency <Task(_PythonDecoratedOperator): log_sql_query>, print_the_context already registered for DAG: example_python_operator
[2023-04-17T09:04:13.199-0300] {processor.py:753} INFO - DAG(s) dict_keys(['example_python_operator']) retrieved from /home/pepino/.virtualenvs/apache_airflow/lib/python3.10/site-packages/airflow/example_dags/example_python_operator.py
[2023-04-17T09:04:13.210-0300] {logging_mixin.py:137} INFO - [2023-04-17T09:04:13.210-0300] {dag.py:2705} INFO - Sync 1 DAGs
[2023-04-17T09:04:13.220-0300] {logging_mixin.py:137} INFO - [2023-04-17T09:04:13.219-0300] {dag.py:3452} INFO - Setting next_dagrun for example_python_operator to None, run_after=None
[2023-04-17T09:04:13.246-0300] {processor.py:175} INFO - Processing /home/pepino/.virtualenvs/apache_airflow/lib/python3.10/site-packages/airflow/example_dags/example_python_operator.py took 0.085 seconds
[2023-04-17T09:05:03.679-0300] {processor.py:153} INFO - Started process (PID=82291) to work on /home/pepino/.virtualenvs/apache_airflow/lib/python3.10/site-packages/airflow/example_dags/example_python_operator.py
[2023-04-17T09:05:03.688-0300] {processor.py:743} INFO - Processing file /home/pepino/.virtualenvs/apache_airflow/lib/python3.10/site-packages/airflow/example_dags/example_python_operator.py for tasks to queue
[2023-04-17T09:05:03.689-0300] {logging_mixin.py:137} INFO - [2023-04-17T09:05:03.688-0300] {dagbag.py:532} INFO - Filling up the DagBag from /home/pepino/.virtualenvs/apache_airflow/lib/python3.10/site-packages/airflow/example_dags/example_python_operator.py
[2023-04-17T09:05:03.707-0300] {logging_mixin.py:137} INFO - [2023-04-17T09:05:03.707-0300] {taskmixin.py:211} WARNING - Dependency <Task(_PythonDecoratedOperator): print_the_context>, log_sql_query already registered for DAG: example_python_operator
[2023-04-17T09:05:03.708-0300] {logging_mixin.py:137} INFO - [2023-04-17T09:05:03.707-0300] {taskmixin.py:211} WARNING - Dependency <Task(_PythonDecoratedOperator): log_sql_query>, print_the_context already registered for DAG: example_python_operator
[2023-04-17T09:05:03.708-0300] {logging_mixin.py:137} INFO - [2023-04-17T09:05:03.708-0300] {taskmixin.py:211} WARNING - Dependency <Task(_PythonDecoratedOperator): print_the_context>, log_sql_query already registered for DAG: example_python_operator
[2023-04-17T09:05:03.708-0300] {logging_mixin.py:137} INFO - [2023-04-17T09:05:03.708-0300] {taskmixin.py:211} WARNING - Dependency <Task(_PythonDecoratedOperator): log_sql_query>, print_the_context already registered for DAG: example_python_operator
[2023-04-17T09:05:03.708-0300] {logging_mixin.py:137} INFO - [2023-04-17T09:05:03.708-0300] {taskmixin.py:211} WARNING - Dependency <Task(_PythonDecoratedOperator): print_the_context>, log_sql_query already registered for DAG: example_python_operator
[2023-04-17T09:05:03.708-0300] {logging_mixin.py:137} INFO - [2023-04-17T09:05:03.708-0300] {taskmixin.py:211} WARNING - Dependency <Task(_PythonDecoratedOperator): log_sql_query>, print_the_context already registered for DAG: example_python_operator
[2023-04-17T09:05:03.708-0300] {logging_mixin.py:137} INFO - [2023-04-17T09:05:03.708-0300] {taskmixin.py:211} WARNING - Dependency <Task(_PythonDecoratedOperator): print_the_context>, log_sql_query already registered for DAG: example_python_operator
[2023-04-17T09:05:03.709-0300] {logging_mixin.py:137} INFO - [2023-04-17T09:05:03.709-0300] {taskmixin.py:211} WARNING - Dependency <Task(_PythonDecoratedOperator): log_sql_query>, print_the_context already registered for DAG: example_python_operator
[2023-04-17T09:05:03.711-0300] {processor.py:753} INFO - DAG(s) dict_keys(['example_python_operator']) retrieved from /home/pepino/.virtualenvs/apache_airflow/lib/python3.10/site-packages/airflow/example_dags/example_python_operator.py
[2023-04-17T09:05:03.722-0300] {logging_mixin.py:137} INFO - [2023-04-17T09:05:03.722-0300] {dag.py:2705} INFO - Sync 1 DAGs
[2023-04-17T09:05:03.730-0300] {logging_mixin.py:137} INFO - [2023-04-17T09:05:03.730-0300] {dag.py:3452} INFO - Setting next_dagrun for example_python_operator to None, run_after=None
[2023-04-17T09:05:03.749-0300] {processor.py:175} INFO - Processing /home/pepino/.virtualenvs/apache_airflow/lib/python3.10/site-packages/airflow/example_dags/example_python_operator.py took 0.072 seconds
[2023-04-17T09:06:02.389-0300] {processor.py:153} INFO - Started process (PID=82428) to work on /home/pepino/.virtualenvs/apache_airflow/lib/python3.10/site-packages/airflow/example_dags/example_python_operator.py
[2023-04-17T09:06:02.391-0300] {processor.py:743} INFO - Processing file /home/pepino/.virtualenvs/apache_airflow/lib/python3.10/site-packages/airflow/example_dags/example_python_operator.py for tasks to queue
[2023-04-17T09:06:02.392-0300] {logging_mixin.py:137} INFO - [2023-04-17T09:06:02.391-0300] {dagbag.py:532} INFO - Filling up the DagBag from /home/pepino/.virtualenvs/apache_airflow/lib/python3.10/site-packages/airflow/example_dags/example_python_operator.py
[2023-04-17T09:06:02.403-0300] {logging_mixin.py:137} INFO - [2023-04-17T09:06:02.403-0300] {taskmixin.py:211} WARNING - Dependency <Task(_PythonDecoratedOperator): print_the_context>, log_sql_query already registered for DAG: example_python_operator
[2023-04-17T09:06:02.403-0300] {logging_mixin.py:137} INFO - [2023-04-17T09:06:02.403-0300] {taskmixin.py:211} WARNING - Dependency <Task(_PythonDecoratedOperator): log_sql_query>, print_the_context already registered for DAG: example_python_operator
[2023-04-17T09:06:02.404-0300] {logging_mixin.py:137} INFO - [2023-04-17T09:06:02.404-0300] {taskmixin.py:211} WARNING - Dependency <Task(_PythonDecoratedOperator): print_the_context>, log_sql_query already registered for DAG: example_python_operator
[2023-04-17T09:06:02.404-0300] {logging_mixin.py:137} INFO - [2023-04-17T09:06:02.404-0300] {taskmixin.py:211} WARNING - Dependency <Task(_PythonDecoratedOperator): log_sql_query>, print_the_context already registered for DAG: example_python_operator
[2023-04-17T09:06:02.404-0300] {logging_mixin.py:137} INFO - [2023-04-17T09:06:02.404-0300] {taskmixin.py:211} WARNING - Dependency <Task(_PythonDecoratedOperator): print_the_context>, log_sql_query already registered for DAG: example_python_operator
[2023-04-17T09:06:02.404-0300] {logging_mixin.py:137} INFO - [2023-04-17T09:06:02.404-0300] {taskmixin.py:211} WARNING - Dependency <Task(_PythonDecoratedOperator): log_sql_query>, print_the_context already registered for DAG: example_python_operator
[2023-04-17T09:06:02.404-0300] {logging_mixin.py:137} INFO - [2023-04-17T09:06:02.404-0300] {taskmixin.py:211} WARNING - Dependency <Task(_PythonDecoratedOperator): print_the_context>, log_sql_query already registered for DAG: example_python_operator
[2023-04-17T09:06:02.404-0300] {logging_mixin.py:137} INFO - [2023-04-17T09:06:02.404-0300] {taskmixin.py:211} WARNING - Dependency <Task(_PythonDecoratedOperator): log_sql_query>, print_the_context already registered for DAG: example_python_operator
[2023-04-17T09:06:02.408-0300] {processor.py:753} INFO - DAG(s) dict_keys(['example_python_operator']) retrieved from /home/pepino/.virtualenvs/apache_airflow/lib/python3.10/site-packages/airflow/example_dags/example_python_operator.py
[2023-04-17T09:06:02.508-0300] {logging_mixin.py:137} INFO - [2023-04-17T09:06:02.508-0300] {dag.py:2705} INFO - Sync 1 DAGs
[2023-04-17T09:06:02.603-0300] {logging_mixin.py:137} INFO - [2023-04-17T09:06:02.603-0300] {dag.py:3452} INFO - Setting next_dagrun for example_python_operator to None, run_after=None
[2023-04-17T09:06:02.635-0300] {processor.py:175} INFO - Processing /home/pepino/.virtualenvs/apache_airflow/lib/python3.10/site-packages/airflow/example_dags/example_python_operator.py took 0.247 seconds
[2023-04-17T09:07:03.949-0300] {processor.py:153} INFO - Started process (PID=82588) to work on /home/pepino/.virtualenvs/apache_airflow/lib/python3.10/site-packages/airflow/example_dags/example_python_operator.py
[2023-04-17T09:07:03.958-0300] {processor.py:743} INFO - Processing file /home/pepino/.virtualenvs/apache_airflow/lib/python3.10/site-packages/airflow/example_dags/example_python_operator.py for tasks to queue
[2023-04-17T09:07:03.959-0300] {logging_mixin.py:137} INFO - [2023-04-17T09:07:03.959-0300] {dagbag.py:532} INFO - Filling up the DagBag from /home/pepino/.virtualenvs/apache_airflow/lib/python3.10/site-packages/airflow/example_dags/example_python_operator.py
[2023-04-17T09:07:03.977-0300] {logging_mixin.py:137} INFO - [2023-04-17T09:07:03.977-0300] {taskmixin.py:211} WARNING - Dependency <Task(_PythonDecoratedOperator): print_the_context>, log_sql_query already registered for DAG: example_python_operator
[2023-04-17T09:07:03.977-0300] {logging_mixin.py:137} INFO - [2023-04-17T09:07:03.977-0300] {taskmixin.py:211} WARNING - Dependency <Task(_PythonDecoratedOperator): log_sql_query>, print_the_context already registered for DAG: example_python_operator
[2023-04-17T09:07:03.978-0300] {logging_mixin.py:137} INFO - [2023-04-17T09:07:03.977-0300] {taskmixin.py:211} WARNING - Dependency <Task(_PythonDecoratedOperator): print_the_context>, log_sql_query already registered for DAG: example_python_operator
[2023-04-17T09:07:03.978-0300] {logging_mixin.py:137} INFO - [2023-04-17T09:07:03.978-0300] {taskmixin.py:211} WARNING - Dependency <Task(_PythonDecoratedOperator): log_sql_query>, print_the_context already registered for DAG: example_python_operator
[2023-04-17T09:07:03.978-0300] {logging_mixin.py:137} INFO - [2023-04-17T09:07:03.978-0300] {taskmixin.py:211} WARNING - Dependency <Task(_PythonDecoratedOperator): print_the_context>, log_sql_query already registered for DAG: example_python_operator
[2023-04-17T09:07:03.978-0300] {logging_mixin.py:137} INFO - [2023-04-17T09:07:03.978-0300] {taskmixin.py:211} WARNING - Dependency <Task(_PythonDecoratedOperator): log_sql_query>, print_the_context already registered for DAG: example_python_operator
[2023-04-17T09:07:03.978-0300] {logging_mixin.py:137} INFO - [2023-04-17T09:07:03.978-0300] {taskmixin.py:211} WARNING - Dependency <Task(_PythonDecoratedOperator): print_the_context>, log_sql_query already registered for DAG: example_python_operator
[2023-04-17T09:07:03.978-0300] {logging_mixin.py:137} INFO - [2023-04-17T09:07:03.978-0300] {taskmixin.py:211} WARNING - Dependency <Task(_PythonDecoratedOperator): log_sql_query>, print_the_context already registered for DAG: example_python_operator
[2023-04-17T09:07:03.983-0300] {processor.py:753} INFO - DAG(s) dict_keys(['example_python_operator']) retrieved from /home/pepino/.virtualenvs/apache_airflow/lib/python3.10/site-packages/airflow/example_dags/example_python_operator.py
[2023-04-17T09:07:03.994-0300] {logging_mixin.py:137} INFO - [2023-04-17T09:07:03.994-0300] {dag.py:2705} INFO - Sync 1 DAGs
[2023-04-17T09:07:04.069-0300] {logging_mixin.py:137} INFO - [2023-04-17T09:07:04.069-0300] {dag.py:3452} INFO - Setting next_dagrun for example_python_operator to None, run_after=None
[2023-04-17T09:07:04.099-0300] {processor.py:175} INFO - Processing /home/pepino/.virtualenvs/apache_airflow/lib/python3.10/site-packages/airflow/example_dags/example_python_operator.py took 0.155 seconds
[2023-04-17T09:07:57.029-0300] {processor.py:153} INFO - Started process (PID=82690) to work on /home/pepino/.virtualenvs/apache_airflow/lib/python3.10/site-packages/airflow/example_dags/example_python_operator.py
[2023-04-17T09:07:57.038-0300] {processor.py:743} INFO - Processing file /home/pepino/.virtualenvs/apache_airflow/lib/python3.10/site-packages/airflow/example_dags/example_python_operator.py for tasks to queue
[2023-04-17T09:07:57.039-0300] {logging_mixin.py:137} INFO - [2023-04-17T09:07:57.038-0300] {dagbag.py:532} INFO - Filling up the DagBag from /home/pepino/.virtualenvs/apache_airflow/lib/python3.10/site-packages/airflow/example_dags/example_python_operator.py
[2023-04-17T09:07:57.055-0300] {logging_mixin.py:137} INFO - [2023-04-17T09:07:57.055-0300] {taskmixin.py:211} WARNING - Dependency <Task(_PythonDecoratedOperator): print_the_context>, log_sql_query already registered for DAG: example_python_operator
[2023-04-17T09:07:57.055-0300] {logging_mixin.py:137} INFO - [2023-04-17T09:07:57.055-0300] {taskmixin.py:211} WARNING - Dependency <Task(_PythonDecoratedOperator): log_sql_query>, print_the_context already registered for DAG: example_python_operator
[2023-04-17T09:07:57.055-0300] {logging_mixin.py:137} INFO - [2023-04-17T09:07:57.055-0300] {taskmixin.py:211} WARNING - Dependency <Task(_PythonDecoratedOperator): print_the_context>, log_sql_query already registered for DAG: example_python_operator
[2023-04-17T09:07:57.055-0300] {logging_mixin.py:137} INFO - [2023-04-17T09:07:57.055-0300] {taskmixin.py:211} WARNING - Dependency <Task(_PythonDecoratedOperator): log_sql_query>, print_the_context already registered for DAG: example_python_operator
[2023-04-17T09:07:57.056-0300] {logging_mixin.py:137} INFO - [2023-04-17T09:07:57.056-0300] {taskmixin.py:211} WARNING - Dependency <Task(_PythonDecoratedOperator): print_the_context>, log_sql_query already registered for DAG: example_python_operator
[2023-04-17T09:07:57.056-0300] {logging_mixin.py:137} INFO - [2023-04-17T09:07:57.056-0300] {taskmixin.py:211} WARNING - Dependency <Task(_PythonDecoratedOperator): log_sql_query>, print_the_context already registered for DAG: example_python_operator
[2023-04-17T09:07:57.056-0300] {logging_mixin.py:137} INFO - [2023-04-17T09:07:57.056-0300] {taskmixin.py:211} WARNING - Dependency <Task(_PythonDecoratedOperator): print_the_context>, log_sql_query already registered for DAG: example_python_operator
[2023-04-17T09:07:57.056-0300] {logging_mixin.py:137} INFO - [2023-04-17T09:07:57.056-0300] {taskmixin.py:211} WARNING - Dependency <Task(_PythonDecoratedOperator): log_sql_query>, print_the_context already registered for DAG: example_python_operator
[2023-04-17T09:07:57.059-0300] {processor.py:753} INFO - DAG(s) dict_keys(['example_python_operator']) retrieved from /home/pepino/.virtualenvs/apache_airflow/lib/python3.10/site-packages/airflow/example_dags/example_python_operator.py
[2023-04-17T09:07:57.136-0300] {logging_mixin.py:137} INFO - [2023-04-17T09:07:57.136-0300] {dag.py:2705} INFO - Sync 1 DAGs
[2023-04-17T09:07:57.145-0300] {logging_mixin.py:137} INFO - [2023-04-17T09:07:57.145-0300] {dag.py:3452} INFO - Setting next_dagrun for example_python_operator to None, run_after=None
[2023-04-17T09:07:57.172-0300] {processor.py:175} INFO - Processing /home/pepino/.virtualenvs/apache_airflow/lib/python3.10/site-packages/airflow/example_dags/example_python_operator.py took 0.146 seconds
