[2023-04-17T09:00:11.986-0300] {processor.py:153} INFO - Started process (PID=81532) to work on /home/pepino/.virtualenvs/apache_airflow/lib/python3.10/site-packages/airflow/example_dags/example_task_group_decorator.py
[2023-04-17T09:00:11.987-0300] {processor.py:743} INFO - Processing file /home/pepino/.virtualenvs/apache_airflow/lib/python3.10/site-packages/airflow/example_dags/example_task_group_decorator.py for tasks to queue
[2023-04-17T09:00:11.988-0300] {logging_mixin.py:137} INFO - [2023-04-17T09:00:11.988-0300] {dagbag.py:532} INFO - Filling up the DagBag from /home/pepino/.virtualenvs/apache_airflow/lib/python3.10/site-packages/airflow/example_dags/example_task_group_decorator.py
[2023-04-17T09:00:12.009-0300] {processor.py:753} INFO - DAG(s) dict_keys(['example_task_group_decorator']) retrieved from /home/pepino/.virtualenvs/apache_airflow/lib/python3.10/site-packages/airflow/example_dags/example_task_group_decorator.py
[2023-04-17T09:00:12.020-0300] {logging_mixin.py:137} INFO - [2023-04-17T09:00:12.020-0300] {dag.py:2705} INFO - Sync 1 DAGs
[2023-04-17T09:00:12.029-0300] {logging_mixin.py:137} INFO - [2023-04-17T09:00:12.029-0300] {dag.py:3452} INFO - Setting next_dagrun for example_task_group_decorator to 2023-04-16T12:00:12.029143+00:00, run_after=2023-04-17T12:00:12.029143+00:00
[2023-04-17T09:00:12.046-0300] {processor.py:175} INFO - Processing /home/pepino/.virtualenvs/apache_airflow/lib/python3.10/site-packages/airflow/example_dags/example_task_group_decorator.py took 0.062 seconds
[2023-04-17T09:00:56.797-0300] {processor.py:153} INFO - Started process (PID=81698) to work on /home/pepino/.virtualenvs/apache_airflow/lib/python3.10/site-packages/airflow/example_dags/example_task_group_decorator.py
[2023-04-17T09:00:56.805-0300] {processor.py:743} INFO - Processing file /home/pepino/.virtualenvs/apache_airflow/lib/python3.10/site-packages/airflow/example_dags/example_task_group_decorator.py for tasks to queue
[2023-04-17T09:00:56.807-0300] {logging_mixin.py:137} INFO - [2023-04-17T09:00:56.806-0300] {dagbag.py:532} INFO - Filling up the DagBag from /home/pepino/.virtualenvs/apache_airflow/lib/python3.10/site-packages/airflow/example_dags/example_task_group_decorator.py
[2023-04-17T09:00:56.830-0300] {processor.py:753} INFO - DAG(s) dict_keys(['example_task_group_decorator']) retrieved from /home/pepino/.virtualenvs/apache_airflow/lib/python3.10/site-packages/airflow/example_dags/example_task_group_decorator.py
[2023-04-17T09:00:56.841-0300] {logging_mixin.py:137} INFO - [2023-04-17T09:00:56.841-0300] {dag.py:2705} INFO - Sync 1 DAGs
[2023-04-17T09:00:56.850-0300] {logging_mixin.py:137} INFO - [2023-04-17T09:00:56.850-0300] {dag.py:3452} INFO - Setting next_dagrun for example_task_group_decorator to 2023-04-16T12:00:56.850317+00:00, run_after=2023-04-17T12:00:56.850317+00:00
[2023-04-17T09:00:56.876-0300] {processor.py:175} INFO - Processing /home/pepino/.virtualenvs/apache_airflow/lib/python3.10/site-packages/airflow/example_dags/example_task_group_decorator.py took 0.081 seconds
[2023-04-17T09:01:42.032-0300] {processor.py:153} INFO - Started process (PID=81785) to work on /home/pepino/.virtualenvs/apache_airflow/lib/python3.10/site-packages/airflow/example_dags/example_task_group_decorator.py
[2023-04-17T09:01:42.033-0300] {processor.py:743} INFO - Processing file /home/pepino/.virtualenvs/apache_airflow/lib/python3.10/site-packages/airflow/example_dags/example_task_group_decorator.py for tasks to queue
[2023-04-17T09:01:42.033-0300] {logging_mixin.py:137} INFO - [2023-04-17T09:01:42.033-0300] {dagbag.py:532} INFO - Filling up the DagBag from /home/pepino/.virtualenvs/apache_airflow/lib/python3.10/site-packages/airflow/example_dags/example_task_group_decorator.py
[2023-04-17T09:01:42.051-0300] {processor.py:753} INFO - DAG(s) dict_keys(['example_task_group_decorator']) retrieved from /home/pepino/.virtualenvs/apache_airflow/lib/python3.10/site-packages/airflow/example_dags/example_task_group_decorator.py
[2023-04-17T09:01:42.061-0300] {logging_mixin.py:137} INFO - [2023-04-17T09:01:42.061-0300] {dag.py:2705} INFO - Sync 1 DAGs
[2023-04-17T09:01:42.070-0300] {logging_mixin.py:137} INFO - [2023-04-17T09:01:42.070-0300] {dag.py:3452} INFO - Setting next_dagrun for example_task_group_decorator to 2023-04-16T12:01:42.070519+00:00, run_after=2023-04-17T12:01:42.070519+00:00
[2023-04-17T09:01:42.088-0300] {processor.py:175} INFO - Processing /home/pepino/.virtualenvs/apache_airflow/lib/python3.10/site-packages/airflow/example_dags/example_task_group_decorator.py took 0.058 seconds
[2023-04-17T09:02:25.933-0300] {processor.py:153} INFO - Started process (PID=81884) to work on /home/pepino/.virtualenvs/apache_airflow/lib/python3.10/site-packages/airflow/example_dags/example_task_group_decorator.py
[2023-04-17T09:02:25.941-0300] {processor.py:743} INFO - Processing file /home/pepino/.virtualenvs/apache_airflow/lib/python3.10/site-packages/airflow/example_dags/example_task_group_decorator.py for tasks to queue
[2023-04-17T09:02:25.942-0300] {logging_mixin.py:137} INFO - [2023-04-17T09:02:25.942-0300] {dagbag.py:532} INFO - Filling up the DagBag from /home/pepino/.virtualenvs/apache_airflow/lib/python3.10/site-packages/airflow/example_dags/example_task_group_decorator.py
[2023-04-17T09:02:25.965-0300] {processor.py:753} INFO - DAG(s) dict_keys(['example_task_group_decorator']) retrieved from /home/pepino/.virtualenvs/apache_airflow/lib/python3.10/site-packages/airflow/example_dags/example_task_group_decorator.py
[2023-04-17T09:02:25.976-0300] {logging_mixin.py:137} INFO - [2023-04-17T09:02:25.976-0300] {dag.py:2705} INFO - Sync 1 DAGs
[2023-04-17T09:02:25.985-0300] {logging_mixin.py:137} INFO - [2023-04-17T09:02:25.985-0300] {dag.py:3452} INFO - Setting next_dagrun for example_task_group_decorator to 2023-04-16T12:02:25.985308+00:00, run_after=2023-04-17T12:02:25.985308+00:00
[2023-04-17T09:02:26.020-0300] {processor.py:175} INFO - Processing /home/pepino/.virtualenvs/apache_airflow/lib/python3.10/site-packages/airflow/example_dags/example_task_group_decorator.py took 0.091 seconds
[2023-04-17T09:03:07.645-0300] {processor.py:153} INFO - Started process (PID=81961) to work on /home/pepino/.virtualenvs/apache_airflow/lib/python3.10/site-packages/airflow/example_dags/example_task_group_decorator.py
[2023-04-17T09:03:07.654-0300] {processor.py:743} INFO - Processing file /home/pepino/.virtualenvs/apache_airflow/lib/python3.10/site-packages/airflow/example_dags/example_task_group_decorator.py for tasks to queue
[2023-04-17T09:03:07.654-0300] {logging_mixin.py:137} INFO - [2023-04-17T09:03:07.654-0300] {dagbag.py:532} INFO - Filling up the DagBag from /home/pepino/.virtualenvs/apache_airflow/lib/python3.10/site-packages/airflow/example_dags/example_task_group_decorator.py
[2023-04-17T09:03:07.677-0300] {processor.py:753} INFO - DAG(s) dict_keys(['example_task_group_decorator']) retrieved from /home/pepino/.virtualenvs/apache_airflow/lib/python3.10/site-packages/airflow/example_dags/example_task_group_decorator.py
[2023-04-17T09:03:07.688-0300] {logging_mixin.py:137} INFO - [2023-04-17T09:03:07.688-0300] {dag.py:2705} INFO - Sync 1 DAGs
[2023-04-17T09:03:07.697-0300] {logging_mixin.py:137} INFO - [2023-04-17T09:03:07.697-0300] {dag.py:3452} INFO - Setting next_dagrun for example_task_group_decorator to 2023-04-16T12:03:07.697181+00:00, run_after=2023-04-17T12:03:07.697181+00:00
[2023-04-17T09:03:07.717-0300] {processor.py:175} INFO - Processing /home/pepino/.virtualenvs/apache_airflow/lib/python3.10/site-packages/airflow/example_dags/example_task_group_decorator.py took 0.073 seconds
[2023-04-17T09:03:53.145-0300] {processor.py:153} INFO - Started process (PID=82091) to work on /home/pepino/.virtualenvs/apache_airflow/lib/python3.10/site-packages/airflow/example_dags/example_task_group_decorator.py
[2023-04-17T09:03:53.153-0300] {processor.py:743} INFO - Processing file /home/pepino/.virtualenvs/apache_airflow/lib/python3.10/site-packages/airflow/example_dags/example_task_group_decorator.py for tasks to queue
[2023-04-17T09:03:53.154-0300] {logging_mixin.py:137} INFO - [2023-04-17T09:03:53.154-0300] {dagbag.py:532} INFO - Filling up the DagBag from /home/pepino/.virtualenvs/apache_airflow/lib/python3.10/site-packages/airflow/example_dags/example_task_group_decorator.py
[2023-04-17T09:03:53.174-0300] {processor.py:753} INFO - DAG(s) dict_keys(['example_task_group_decorator']) retrieved from /home/pepino/.virtualenvs/apache_airflow/lib/python3.10/site-packages/airflow/example_dags/example_task_group_decorator.py
[2023-04-17T09:03:53.186-0300] {logging_mixin.py:137} INFO - [2023-04-17T09:03:53.186-0300] {dag.py:2705} INFO - Sync 1 DAGs
[2023-04-17T09:03:53.195-0300] {logging_mixin.py:137} INFO - [2023-04-17T09:03:53.195-0300] {dag.py:3452} INFO - Setting next_dagrun for example_task_group_decorator to 2023-04-16T12:03:53.195470+00:00, run_after=2023-04-17T12:03:53.195470+00:00
[2023-04-17T09:03:53.215-0300] {processor.py:175} INFO - Processing /home/pepino/.virtualenvs/apache_airflow/lib/python3.10/site-packages/airflow/example_dags/example_task_group_decorator.py took 0.072 seconds
[2023-04-17T09:04:35.597-0300] {processor.py:153} INFO - Started process (PID=82194) to work on /home/pepino/.virtualenvs/apache_airflow/lib/python3.10/site-packages/airflow/example_dags/example_task_group_decorator.py
[2023-04-17T09:04:35.598-0300] {processor.py:743} INFO - Processing file /home/pepino/.virtualenvs/apache_airflow/lib/python3.10/site-packages/airflow/example_dags/example_task_group_decorator.py for tasks to queue
[2023-04-17T09:04:35.599-0300] {logging_mixin.py:137} INFO - [2023-04-17T09:04:35.599-0300] {dagbag.py:532} INFO - Filling up the DagBag from /home/pepino/.virtualenvs/apache_airflow/lib/python3.10/site-packages/airflow/example_dags/example_task_group_decorator.py
[2023-04-17T09:04:35.613-0300] {processor.py:753} INFO - DAG(s) dict_keys(['example_task_group_decorator']) retrieved from /home/pepino/.virtualenvs/apache_airflow/lib/python3.10/site-packages/airflow/example_dags/example_task_group_decorator.py
[2023-04-17T09:04:35.623-0300] {logging_mixin.py:137} INFO - [2023-04-17T09:04:35.623-0300] {dag.py:2705} INFO - Sync 1 DAGs
[2023-04-17T09:04:35.632-0300] {logging_mixin.py:137} INFO - [2023-04-17T09:04:35.632-0300] {dag.py:3452} INFO - Setting next_dagrun for example_task_group_decorator to 2023-04-16T12:04:35.632213+00:00, run_after=2023-04-17T12:04:35.632213+00:00
[2023-04-17T09:04:35.650-0300] {processor.py:175} INFO - Processing /home/pepino/.virtualenvs/apache_airflow/lib/python3.10/site-packages/airflow/example_dags/example_task_group_decorator.py took 0.055 seconds
[2023-04-17T09:05:16.340-0300] {processor.py:153} INFO - Started process (PID=82324) to work on /home/pepino/.virtualenvs/apache_airflow/lib/python3.10/site-packages/airflow/example_dags/example_task_group_decorator.py
[2023-04-17T09:05:16.349-0300] {processor.py:743} INFO - Processing file /home/pepino/.virtualenvs/apache_airflow/lib/python3.10/site-packages/airflow/example_dags/example_task_group_decorator.py for tasks to queue
[2023-04-17T09:05:16.350-0300] {logging_mixin.py:137} INFO - [2023-04-17T09:05:16.349-0300] {dagbag.py:532} INFO - Filling up the DagBag from /home/pepino/.virtualenvs/apache_airflow/lib/python3.10/site-packages/airflow/example_dags/example_task_group_decorator.py
[2023-04-17T09:05:16.368-0300] {processor.py:753} INFO - DAG(s) dict_keys(['example_task_group_decorator']) retrieved from /home/pepino/.virtualenvs/apache_airflow/lib/python3.10/site-packages/airflow/example_dags/example_task_group_decorator.py
[2023-04-17T09:05:16.380-0300] {logging_mixin.py:137} INFO - [2023-04-17T09:05:16.380-0300] {dag.py:2705} INFO - Sync 1 DAGs
[2023-04-17T09:05:16.390-0300] {logging_mixin.py:137} INFO - [2023-04-17T09:05:16.390-0300] {dag.py:3452} INFO - Setting next_dagrun for example_task_group_decorator to 2023-04-16T12:05:16.390077+00:00, run_after=2023-04-17T12:05:16.390077+00:00
[2023-04-17T09:05:16.487-0300] {processor.py:175} INFO - Processing /home/pepino/.virtualenvs/apache_airflow/lib/python3.10/site-packages/airflow/example_dags/example_task_group_decorator.py took 0.151 seconds
[2023-04-17T09:05:59.976-0300] {processor.py:153} INFO - Started process (PID=82424) to work on /home/pepino/.virtualenvs/apache_airflow/lib/python3.10/site-packages/airflow/example_dags/example_task_group_decorator.py
[2023-04-17T09:05:59.984-0300] {processor.py:743} INFO - Processing file /home/pepino/.virtualenvs/apache_airflow/lib/python3.10/site-packages/airflow/example_dags/example_task_group_decorator.py for tasks to queue
[2023-04-17T09:05:59.985-0300] {logging_mixin.py:137} INFO - [2023-04-17T09:05:59.984-0300] {dagbag.py:532} INFO - Filling up the DagBag from /home/pepino/.virtualenvs/apache_airflow/lib/python3.10/site-packages/airflow/example_dags/example_task_group_decorator.py
[2023-04-17T09:06:00.006-0300] {processor.py:753} INFO - DAG(s) dict_keys(['example_task_group_decorator']) retrieved from /home/pepino/.virtualenvs/apache_airflow/lib/python3.10/site-packages/airflow/example_dags/example_task_group_decorator.py
[2023-04-17T09:06:00.018-0300] {logging_mixin.py:137} INFO - [2023-04-17T09:06:00.017-0300] {dag.py:2705} INFO - Sync 1 DAGs
[2023-04-17T09:06:00.097-0300] {logging_mixin.py:137} INFO - [2023-04-17T09:06:00.097-0300] {dag.py:3452} INFO - Setting next_dagrun for example_task_group_decorator to 2023-04-16T12:06:00.097521+00:00, run_after=2023-04-17T12:06:00.097521+00:00
[2023-04-17T09:06:00.126-0300] {processor.py:175} INFO - Processing /home/pepino/.virtualenvs/apache_airflow/lib/python3.10/site-packages/airflow/example_dags/example_task_group_decorator.py took 0.152 seconds
[2023-04-17T09:06:56.245-0300] {processor.py:153} INFO - Started process (PID=82569) to work on /home/pepino/.virtualenvs/apache_airflow/lib/python3.10/site-packages/airflow/example_dags/example_task_group_decorator.py
[2023-04-17T09:06:56.246-0300] {processor.py:743} INFO - Processing file /home/pepino/.virtualenvs/apache_airflow/lib/python3.10/site-packages/airflow/example_dags/example_task_group_decorator.py for tasks to queue
[2023-04-17T09:06:56.247-0300] {logging_mixin.py:137} INFO - [2023-04-17T09:06:56.247-0300] {dagbag.py:532} INFO - Filling up the DagBag from /home/pepino/.virtualenvs/apache_airflow/lib/python3.10/site-packages/airflow/example_dags/example_task_group_decorator.py
[2023-04-17T09:06:56.265-0300] {processor.py:753} INFO - DAG(s) dict_keys(['example_task_group_decorator']) retrieved from /home/pepino/.virtualenvs/apache_airflow/lib/python3.10/site-packages/airflow/example_dags/example_task_group_decorator.py
[2023-04-17T09:06:56.279-0300] {logging_mixin.py:137} INFO - [2023-04-17T09:06:56.279-0300] {dag.py:2705} INFO - Sync 1 DAGs
[2023-04-17T09:06:56.368-0300] {logging_mixin.py:137} INFO - [2023-04-17T09:06:56.368-0300] {dag.py:3452} INFO - Setting next_dagrun for example_task_group_decorator to 2023-04-16T12:06:56.368756+00:00, run_after=2023-04-17T12:06:56.368756+00:00
[2023-04-17T09:06:56.397-0300] {processor.py:175} INFO - Processing /home/pepino/.virtualenvs/apache_airflow/lib/python3.10/site-packages/airflow/example_dags/example_task_group_decorator.py took 0.157 seconds
[2023-04-17T09:07:49.544-0300] {processor.py:153} INFO - Started process (PID=82674) to work on /home/pepino/.virtualenvs/apache_airflow/lib/python3.10/site-packages/airflow/example_dags/example_task_group_decorator.py
[2023-04-17T09:07:49.545-0300] {processor.py:743} INFO - Processing file /home/pepino/.virtualenvs/apache_airflow/lib/python3.10/site-packages/airflow/example_dags/example_task_group_decorator.py for tasks to queue
[2023-04-17T09:07:49.546-0300] {logging_mixin.py:137} INFO - [2023-04-17T09:07:49.546-0300] {dagbag.py:532} INFO - Filling up the DagBag from /home/pepino/.virtualenvs/apache_airflow/lib/python3.10/site-packages/airflow/example_dags/example_task_group_decorator.py
[2023-04-17T09:07:49.562-0300] {processor.py:753} INFO - DAG(s) dict_keys(['example_task_group_decorator']) retrieved from /home/pepino/.virtualenvs/apache_airflow/lib/python3.10/site-packages/airflow/example_dags/example_task_group_decorator.py
[2023-04-17T09:07:49.636-0300] {logging_mixin.py:137} INFO - [2023-04-17T09:07:49.636-0300] {dag.py:2705} INFO - Sync 1 DAGs
[2023-04-17T09:07:49.644-0300] {logging_mixin.py:137} INFO - [2023-04-17T09:07:49.644-0300] {dag.py:3452} INFO - Setting next_dagrun for example_task_group_decorator to 2023-04-16T12:07:49.644692+00:00, run_after=2023-04-17T12:07:49.644692+00:00
[2023-04-17T09:07:49.661-0300] {processor.py:175} INFO - Processing /home/pepino/.virtualenvs/apache_airflow/lib/python3.10/site-packages/airflow/example_dags/example_task_group_decorator.py took 0.121 seconds
