[2023-04-17T09:00:32.066-0300] {processor.py:153} INFO - Started process (PID=81636) to work on /home/pepino/.virtualenvs/apache_airflow/lib/python3.10/site-packages/airflow/example_dags/example_trigger_controller_dag.py
[2023-04-17T09:00:32.068-0300] {processor.py:743} INFO - Processing file /home/pepino/.virtualenvs/apache_airflow/lib/python3.10/site-packages/airflow/example_dags/example_trigger_controller_dag.py for tasks to queue
[2023-04-17T09:00:32.068-0300] {logging_mixin.py:137} INFO - [2023-04-17T09:00:32.068-0300] {dagbag.py:532} INFO - Filling up the DagBag from /home/pepino/.virtualenvs/apache_airflow/lib/python3.10/site-packages/airflow/example_dags/example_trigger_controller_dag.py
[2023-04-17T09:00:32.080-0300] {processor.py:753} INFO - DAG(s) dict_keys(['example_trigger_controller_dag']) retrieved from /home/pepino/.virtualenvs/apache_airflow/lib/python3.10/site-packages/airflow/example_dags/example_trigger_controller_dag.py
[2023-04-17T09:00:32.089-0300] {logging_mixin.py:137} INFO - [2023-04-17T09:00:32.089-0300] {dag.py:2705} INFO - Sync 1 DAGs
[2023-04-17T09:00:32.099-0300] {logging_mixin.py:137} INFO - [2023-04-17T09:00:32.099-0300] {dag.py:3452} INFO - Setting next_dagrun for example_trigger_controller_dag to 2021-01-01T00:00:00+00:00, run_after=2021-01-01T00:00:00+00:00
[2023-04-17T09:00:32.118-0300] {processor.py:175} INFO - Processing /home/pepino/.virtualenvs/apache_airflow/lib/python3.10/site-packages/airflow/example_dags/example_trigger_controller_dag.py took 0.056 seconds
[2023-04-17T09:01:17.310-0300] {processor.py:153} INFO - Started process (PID=81742) to work on /home/pepino/.virtualenvs/apache_airflow/lib/python3.10/site-packages/airflow/example_dags/example_trigger_controller_dag.py
[2023-04-17T09:01:17.318-0300] {processor.py:743} INFO - Processing file /home/pepino/.virtualenvs/apache_airflow/lib/python3.10/site-packages/airflow/example_dags/example_trigger_controller_dag.py for tasks to queue
[2023-04-17T09:01:17.320-0300] {logging_mixin.py:137} INFO - [2023-04-17T09:01:17.319-0300] {dagbag.py:532} INFO - Filling up the DagBag from /home/pepino/.virtualenvs/apache_airflow/lib/python3.10/site-packages/airflow/example_dags/example_trigger_controller_dag.py
[2023-04-17T09:01:17.332-0300] {processor.py:753} INFO - DAG(s) dict_keys(['example_trigger_controller_dag']) retrieved from /home/pepino/.virtualenvs/apache_airflow/lib/python3.10/site-packages/airflow/example_dags/example_trigger_controller_dag.py
[2023-04-17T09:01:17.342-0300] {logging_mixin.py:137} INFO - [2023-04-17T09:01:17.342-0300] {dag.py:2705} INFO - Sync 1 DAGs
[2023-04-17T09:01:17.350-0300] {logging_mixin.py:137} INFO - [2023-04-17T09:01:17.350-0300] {dag.py:3452} INFO - Setting next_dagrun for example_trigger_controller_dag to 2021-01-01T00:00:00+00:00, run_after=2021-01-01T00:00:00+00:00
[2023-04-17T09:01:17.368-0300] {processor.py:175} INFO - Processing /home/pepino/.virtualenvs/apache_airflow/lib/python3.10/site-packages/airflow/example_dags/example_trigger_controller_dag.py took 0.062 seconds
[2023-04-17T09:02:02.733-0300] {processor.py:153} INFO - Started process (PID=81841) to work on /home/pepino/.virtualenvs/apache_airflow/lib/python3.10/site-packages/airflow/example_dags/example_trigger_controller_dag.py
[2023-04-17T09:02:02.734-0300] {processor.py:743} INFO - Processing file /home/pepino/.virtualenvs/apache_airflow/lib/python3.10/site-packages/airflow/example_dags/example_trigger_controller_dag.py for tasks to queue
[2023-04-17T09:02:02.734-0300] {logging_mixin.py:137} INFO - [2023-04-17T09:02:02.734-0300] {dagbag.py:532} INFO - Filling up the DagBag from /home/pepino/.virtualenvs/apache_airflow/lib/python3.10/site-packages/airflow/example_dags/example_trigger_controller_dag.py
[2023-04-17T09:02:02.743-0300] {processor.py:753} INFO - DAG(s) dict_keys(['example_trigger_controller_dag']) retrieved from /home/pepino/.virtualenvs/apache_airflow/lib/python3.10/site-packages/airflow/example_dags/example_trigger_controller_dag.py
[2023-04-17T09:02:02.752-0300] {logging_mixin.py:137} INFO - [2023-04-17T09:02:02.752-0300] {dag.py:2705} INFO - Sync 1 DAGs
[2023-04-17T09:02:02.761-0300] {logging_mixin.py:137} INFO - [2023-04-17T09:02:02.761-0300] {dag.py:3452} INFO - Setting next_dagrun for example_trigger_controller_dag to 2021-01-01T00:00:00+00:00, run_after=2021-01-01T00:00:00+00:00
[2023-04-17T09:02:02.804-0300] {processor.py:175} INFO - Processing /home/pepino/.virtualenvs/apache_airflow/lib/python3.10/site-packages/airflow/example_dags/example_trigger_controller_dag.py took 0.072 seconds
[2023-04-17T09:02:58.530-0300] {processor.py:153} INFO - Started process (PID=81945) to work on /home/pepino/.virtualenvs/apache_airflow/lib/python3.10/site-packages/airflow/example_dags/example_trigger_controller_dag.py
[2023-04-17T09:02:58.538-0300] {processor.py:743} INFO - Processing file /home/pepino/.virtualenvs/apache_airflow/lib/python3.10/site-packages/airflow/example_dags/example_trigger_controller_dag.py for tasks to queue
[2023-04-17T09:02:58.539-0300] {logging_mixin.py:137} INFO - [2023-04-17T09:02:58.539-0300] {dagbag.py:532} INFO - Filling up the DagBag from /home/pepino/.virtualenvs/apache_airflow/lib/python3.10/site-packages/airflow/example_dags/example_trigger_controller_dag.py
[2023-04-17T09:02:58.552-0300] {processor.py:753} INFO - DAG(s) dict_keys(['example_trigger_controller_dag']) retrieved from /home/pepino/.virtualenvs/apache_airflow/lib/python3.10/site-packages/airflow/example_dags/example_trigger_controller_dag.py
[2023-04-17T09:02:58.562-0300] {logging_mixin.py:137} INFO - [2023-04-17T09:02:58.561-0300] {dag.py:2705} INFO - Sync 1 DAGs
[2023-04-17T09:02:58.571-0300] {logging_mixin.py:137} INFO - [2023-04-17T09:02:58.571-0300] {dag.py:3452} INFO - Setting next_dagrun for example_trigger_controller_dag to 2021-01-01T00:00:00+00:00, run_after=2021-01-01T00:00:00+00:00
[2023-04-17T09:02:58.590-0300] {processor.py:175} INFO - Processing /home/pepino/.virtualenvs/apache_airflow/lib/python3.10/site-packages/airflow/example_dags/example_trigger_controller_dag.py took 0.062 seconds
[2023-04-17T09:03:43.780-0300] {processor.py:153} INFO - Started process (PID=82070) to work on /home/pepino/.virtualenvs/apache_airflow/lib/python3.10/site-packages/airflow/example_dags/example_trigger_controller_dag.py
[2023-04-17T09:03:43.789-0300] {processor.py:743} INFO - Processing file /home/pepino/.virtualenvs/apache_airflow/lib/python3.10/site-packages/airflow/example_dags/example_trigger_controller_dag.py for tasks to queue
[2023-04-17T09:03:43.790-0300] {logging_mixin.py:137} INFO - [2023-04-17T09:03:43.790-0300] {dagbag.py:532} INFO - Filling up the DagBag from /home/pepino/.virtualenvs/apache_airflow/lib/python3.10/site-packages/airflow/example_dags/example_trigger_controller_dag.py
[2023-04-17T09:03:43.803-0300] {processor.py:753} INFO - DAG(s) dict_keys(['example_trigger_controller_dag']) retrieved from /home/pepino/.virtualenvs/apache_airflow/lib/python3.10/site-packages/airflow/example_dags/example_trigger_controller_dag.py
[2023-04-17T09:03:43.813-0300] {logging_mixin.py:137} INFO - [2023-04-17T09:03:43.812-0300] {dag.py:2705} INFO - Sync 1 DAGs
[2023-04-17T09:03:43.821-0300] {logging_mixin.py:137} INFO - [2023-04-17T09:03:43.821-0300] {dag.py:3452} INFO - Setting next_dagrun for example_trigger_controller_dag to 2021-01-01T00:00:00+00:00, run_after=2021-01-01T00:00:00+00:00
[2023-04-17T09:03:43.841-0300] {processor.py:175} INFO - Processing /home/pepino/.virtualenvs/apache_airflow/lib/python3.10/site-packages/airflow/example_dags/example_trigger_controller_dag.py took 0.066 seconds
[2023-04-17T09:04:26.605-0300] {processor.py:153} INFO - Started process (PID=82171) to work on /home/pepino/.virtualenvs/apache_airflow/lib/python3.10/site-packages/airflow/example_dags/example_trigger_controller_dag.py
[2023-04-17T09:04:26.613-0300] {processor.py:743} INFO - Processing file /home/pepino/.virtualenvs/apache_airflow/lib/python3.10/site-packages/airflow/example_dags/example_trigger_controller_dag.py for tasks to queue
[2023-04-17T09:04:26.614-0300] {logging_mixin.py:137} INFO - [2023-04-17T09:04:26.614-0300] {dagbag.py:532} INFO - Filling up the DagBag from /home/pepino/.virtualenvs/apache_airflow/lib/python3.10/site-packages/airflow/example_dags/example_trigger_controller_dag.py
[2023-04-17T09:04:26.627-0300] {processor.py:753} INFO - DAG(s) dict_keys(['example_trigger_controller_dag']) retrieved from /home/pepino/.virtualenvs/apache_airflow/lib/python3.10/site-packages/airflow/example_dags/example_trigger_controller_dag.py
[2023-04-17T09:04:26.637-0300] {logging_mixin.py:137} INFO - [2023-04-17T09:04:26.637-0300] {dag.py:2705} INFO - Sync 1 DAGs
[2023-04-17T09:04:26.646-0300] {logging_mixin.py:137} INFO - [2023-04-17T09:04:26.646-0300] {dag.py:3452} INFO - Setting next_dagrun for example_trigger_controller_dag to 2021-01-01T00:00:00+00:00, run_after=2021-01-01T00:00:00+00:00
[2023-04-17T09:04:26.673-0300] {processor.py:175} INFO - Processing /home/pepino/.virtualenvs/apache_airflow/lib/python3.10/site-packages/airflow/example_dags/example_trigger_controller_dag.py took 0.069 seconds
[2023-04-17T09:05:18.030-0300] {processor.py:153} INFO - Started process (PID=82327) to work on /home/pepino/.virtualenvs/apache_airflow/lib/python3.10/site-packages/airflow/example_dags/example_trigger_controller_dag.py
[2023-04-17T09:05:18.038-0300] {processor.py:743} INFO - Processing file /home/pepino/.virtualenvs/apache_airflow/lib/python3.10/site-packages/airflow/example_dags/example_trigger_controller_dag.py for tasks to queue
[2023-04-17T09:05:18.039-0300] {logging_mixin.py:137} INFO - [2023-04-17T09:05:18.039-0300] {dagbag.py:532} INFO - Filling up the DagBag from /home/pepino/.virtualenvs/apache_airflow/lib/python3.10/site-packages/airflow/example_dags/example_trigger_controller_dag.py
[2023-04-17T09:05:18.048-0300] {processor.py:753} INFO - DAG(s) dict_keys(['example_trigger_controller_dag']) retrieved from /home/pepino/.virtualenvs/apache_airflow/lib/python3.10/site-packages/airflow/example_dags/example_trigger_controller_dag.py
[2023-04-17T09:05:18.058-0300] {logging_mixin.py:137} INFO - [2023-04-17T09:05:18.058-0300] {dag.py:2705} INFO - Sync 1 DAGs
[2023-04-17T09:05:18.068-0300] {logging_mixin.py:137} INFO - [2023-04-17T09:05:18.068-0300] {dag.py:3452} INFO - Setting next_dagrun for example_trigger_controller_dag to 2021-01-01T00:00:00+00:00, run_after=2021-01-01T00:00:00+00:00
[2023-04-17T09:05:18.087-0300] {processor.py:175} INFO - Processing /home/pepino/.virtualenvs/apache_airflow/lib/python3.10/site-packages/airflow/example_dags/example_trigger_controller_dag.py took 0.058 seconds
[2023-04-17T09:06:26.289-0300] {processor.py:153} INFO - Started process (PID=82497) to work on /home/pepino/.virtualenvs/apache_airflow/lib/python3.10/site-packages/airflow/example_dags/example_trigger_controller_dag.py
[2023-04-17T09:06:26.298-0300] {processor.py:743} INFO - Processing file /home/pepino/.virtualenvs/apache_airflow/lib/python3.10/site-packages/airflow/example_dags/example_trigger_controller_dag.py for tasks to queue
[2023-04-17T09:06:26.299-0300] {logging_mixin.py:137} INFO - [2023-04-17T09:06:26.299-0300] {dagbag.py:532} INFO - Filling up the DagBag from /home/pepino/.virtualenvs/apache_airflow/lib/python3.10/site-packages/airflow/example_dags/example_trigger_controller_dag.py
[2023-04-17T09:06:26.312-0300] {processor.py:753} INFO - DAG(s) dict_keys(['example_trigger_controller_dag']) retrieved from /home/pepino/.virtualenvs/apache_airflow/lib/python3.10/site-packages/airflow/example_dags/example_trigger_controller_dag.py
[2023-04-17T09:06:26.323-0300] {logging_mixin.py:137} INFO - [2023-04-17T09:06:26.323-0300] {dag.py:2705} INFO - Sync 1 DAGs
[2023-04-17T09:06:26.332-0300] {logging_mixin.py:137} INFO - [2023-04-17T09:06:26.332-0300] {dag.py:3452} INFO - Setting next_dagrun for example_trigger_controller_dag to 2021-01-01T00:00:00+00:00, run_after=2021-01-01T00:00:00+00:00
[2023-04-17T09:06:26.417-0300] {processor.py:175} INFO - Processing /home/pepino/.virtualenvs/apache_airflow/lib/python3.10/site-packages/airflow/example_dags/example_trigger_controller_dag.py took 0.132 seconds
[2023-04-17T09:07:22.769-0300] {processor.py:153} INFO - Started process (PID=82620) to work on /home/pepino/.virtualenvs/apache_airflow/lib/python3.10/site-packages/airflow/example_dags/example_trigger_controller_dag.py
[2023-04-17T09:07:22.770-0300] {processor.py:743} INFO - Processing file /home/pepino/.virtualenvs/apache_airflow/lib/python3.10/site-packages/airflow/example_dags/example_trigger_controller_dag.py for tasks to queue
[2023-04-17T09:07:22.770-0300] {logging_mixin.py:137} INFO - [2023-04-17T09:07:22.770-0300] {dagbag.py:532} INFO - Filling up the DagBag from /home/pepino/.virtualenvs/apache_airflow/lib/python3.10/site-packages/airflow/example_dags/example_trigger_controller_dag.py
[2023-04-17T09:07:22.780-0300] {processor.py:753} INFO - DAG(s) dict_keys(['example_trigger_controller_dag']) retrieved from /home/pepino/.virtualenvs/apache_airflow/lib/python3.10/site-packages/airflow/example_dags/example_trigger_controller_dag.py
[2023-04-17T09:07:22.792-0300] {logging_mixin.py:137} INFO - [2023-04-17T09:07:22.792-0300] {dag.py:2705} INFO - Sync 1 DAGs
[2023-04-17T09:07:22.874-0300] {logging_mixin.py:137} INFO - [2023-04-17T09:07:22.874-0300] {dag.py:3452} INFO - Setting next_dagrun for example_trigger_controller_dag to 2021-01-01T00:00:00+00:00, run_after=2021-01-01T00:00:00+00:00
[2023-04-17T09:07:22.895-0300] {processor.py:175} INFO - Processing /home/pepino/.virtualenvs/apache_airflow/lib/python3.10/site-packages/airflow/example_dags/example_trigger_controller_dag.py took 0.128 seconds
[2023-04-17T09:08:14.758-0300] {processor.py:153} INFO - Started process (PID=82739) to work on /home/pepino/.virtualenvs/apache_airflow/lib/python3.10/site-packages/airflow/example_dags/example_trigger_controller_dag.py
[2023-04-17T09:08:14.766-0300] {processor.py:743} INFO - Processing file /home/pepino/.virtualenvs/apache_airflow/lib/python3.10/site-packages/airflow/example_dags/example_trigger_controller_dag.py for tasks to queue
[2023-04-17T09:08:14.768-0300] {logging_mixin.py:137} INFO - [2023-04-17T09:08:14.768-0300] {dagbag.py:532} INFO - Filling up the DagBag from /home/pepino/.virtualenvs/apache_airflow/lib/python3.10/site-packages/airflow/example_dags/example_trigger_controller_dag.py
[2023-04-17T09:08:14.780-0300] {processor.py:753} INFO - DAG(s) dict_keys(['example_trigger_controller_dag']) retrieved from /home/pepino/.virtualenvs/apache_airflow/lib/python3.10/site-packages/airflow/example_dags/example_trigger_controller_dag.py
[2023-04-17T09:08:14.790-0300] {logging_mixin.py:137} INFO - [2023-04-17T09:08:14.790-0300] {dag.py:2705} INFO - Sync 1 DAGs
[2023-04-17T09:08:14.860-0300] {logging_mixin.py:137} INFO - [2023-04-17T09:08:14.860-0300] {dag.py:3452} INFO - Setting next_dagrun for example_trigger_controller_dag to 2021-01-01T00:00:00+00:00, run_after=2021-01-01T00:00:00+00:00
[2023-04-17T09:08:14.878-0300] {processor.py:175} INFO - Processing /home/pepino/.virtualenvs/apache_airflow/lib/python3.10/site-packages/airflow/example_dags/example_trigger_controller_dag.py took 0.123 seconds
