[2023-04-17T09:00:15.441-0300] {processor.py:153} INFO - Started process (PID=81535) to work on /home/pepino/.virtualenvs/apache_airflow/lib/python3.10/site-packages/airflow/example_dags/example_sla_dag.py
[2023-04-17T09:00:15.441-0300] {processor.py:743} INFO - Processing file /home/pepino/.virtualenvs/apache_airflow/lib/python3.10/site-packages/airflow/example_dags/example_sla_dag.py for tasks to queue
[2023-04-17T09:00:15.442-0300] {logging_mixin.py:137} INFO - [2023-04-17T09:00:15.441-0300] {dagbag.py:532} INFO - Filling up the DagBag from /home/pepino/.virtualenvs/apache_airflow/lib/python3.10/site-packages/airflow/example_dags/example_sla_dag.py
[2023-04-17T09:00:15.460-0300] {processor.py:753} INFO - DAG(s) dict_keys(['example_sla_dag']) retrieved from /home/pepino/.virtualenvs/apache_airflow/lib/python3.10/site-packages/airflow/example_dags/example_sla_dag.py
[2023-04-17T09:00:15.471-0300] {logging_mixin.py:137} INFO - [2023-04-17T09:00:15.471-0300] {dag.py:2705} INFO - Sync 1 DAGs
[2023-04-17T09:00:15.486-0300] {logging_mixin.py:137} INFO - [2023-04-17T09:00:15.486-0300] {dag.py:3452} INFO - Setting next_dagrun for example_sla_dag to 2023-04-17T11:58:00+00:00, run_after=2023-04-17T12:00:00+00:00
[2023-04-17T09:00:15.509-0300] {processor.py:175} INFO - Processing /home/pepino/.virtualenvs/apache_airflow/lib/python3.10/site-packages/airflow/example_dags/example_sla_dag.py took 0.070 seconds
[2023-04-17T09:00:59.675-0300] {processor.py:153} INFO - Started process (PID=81701) to work on /home/pepino/.virtualenvs/apache_airflow/lib/python3.10/site-packages/airflow/example_dags/example_sla_dag.py
[2023-04-17T09:00:59.684-0300] {processor.py:743} INFO - Processing file /home/pepino/.virtualenvs/apache_airflow/lib/python3.10/site-packages/airflow/example_dags/example_sla_dag.py for tasks to queue
[2023-04-17T09:00:59.685-0300] {logging_mixin.py:137} INFO - [2023-04-17T09:00:59.685-0300] {dagbag.py:532} INFO - Filling up the DagBag from /home/pepino/.virtualenvs/apache_airflow/lib/python3.10/site-packages/airflow/example_dags/example_sla_dag.py
[2023-04-17T09:00:59.705-0300] {processor.py:753} INFO - DAG(s) dict_keys(['example_sla_dag']) retrieved from /home/pepino/.virtualenvs/apache_airflow/lib/python3.10/site-packages/airflow/example_dags/example_sla_dag.py
[2023-04-17T09:00:59.715-0300] {logging_mixin.py:137} INFO - [2023-04-17T09:00:59.715-0300] {dag.py:2705} INFO - Sync 1 DAGs
[2023-04-17T09:00:59.725-0300] {logging_mixin.py:137} INFO - [2023-04-17T09:00:59.725-0300] {dag.py:3452} INFO - Setting next_dagrun for example_sla_dag to 2023-04-17T11:58:00+00:00, run_after=2023-04-17T12:00:00+00:00
[2023-04-17T09:00:59.743-0300] {processor.py:175} INFO - Processing /home/pepino/.virtualenvs/apache_airflow/lib/python3.10/site-packages/airflow/example_dags/example_sla_dag.py took 0.073 seconds
[2023-04-17T09:01:44.886-0300] {processor.py:153} INFO - Started process (PID=81795) to work on /home/pepino/.virtualenvs/apache_airflow/lib/python3.10/site-packages/airflow/example_dags/example_sla_dag.py
[2023-04-17T09:01:44.887-0300] {processor.py:743} INFO - Processing file /home/pepino/.virtualenvs/apache_airflow/lib/python3.10/site-packages/airflow/example_dags/example_sla_dag.py for tasks to queue
[2023-04-17T09:01:44.888-0300] {logging_mixin.py:137} INFO - [2023-04-17T09:01:44.888-0300] {dagbag.py:532} INFO - Filling up the DagBag from /home/pepino/.virtualenvs/apache_airflow/lib/python3.10/site-packages/airflow/example_dags/example_sla_dag.py
[2023-04-17T09:01:44.905-0300] {processor.py:753} INFO - DAG(s) dict_keys(['example_sla_dag']) retrieved from /home/pepino/.virtualenvs/apache_airflow/lib/python3.10/site-packages/airflow/example_dags/example_sla_dag.py
[2023-04-17T09:01:44.914-0300] {logging_mixin.py:137} INFO - [2023-04-17T09:01:44.914-0300] {dag.py:2705} INFO - Sync 1 DAGs
[2023-04-17T09:01:44.926-0300] {logging_mixin.py:137} INFO - [2023-04-17T09:01:44.926-0300] {dag.py:3452} INFO - Setting next_dagrun for example_sla_dag to 2023-04-17T11:58:00+00:00, run_after=2023-04-17T12:00:00+00:00
[2023-04-17T09:01:44.944-0300] {processor.py:175} INFO - Processing /home/pepino/.virtualenvs/apache_airflow/lib/python3.10/site-packages/airflow/example_dags/example_sla_dag.py took 0.061 seconds
[2023-04-17T09:02:28.662-0300] {processor.py:153} INFO - Started process (PID=81887) to work on /home/pepino/.virtualenvs/apache_airflow/lib/python3.10/site-packages/airflow/example_dags/example_sla_dag.py
[2023-04-17T09:02:28.670-0300] {processor.py:743} INFO - Processing file /home/pepino/.virtualenvs/apache_airflow/lib/python3.10/site-packages/airflow/example_dags/example_sla_dag.py for tasks to queue
[2023-04-17T09:02:28.671-0300] {logging_mixin.py:137} INFO - [2023-04-17T09:02:28.671-0300] {dagbag.py:532} INFO - Filling up the DagBag from /home/pepino/.virtualenvs/apache_airflow/lib/python3.10/site-packages/airflow/example_dags/example_sla_dag.py
[2023-04-17T09:02:28.693-0300] {processor.py:753} INFO - DAG(s) dict_keys(['example_sla_dag']) retrieved from /home/pepino/.virtualenvs/apache_airflow/lib/python3.10/site-packages/airflow/example_dags/example_sla_dag.py
[2023-04-17T09:02:28.702-0300] {logging_mixin.py:137} INFO - [2023-04-17T09:02:28.701-0300] {dag.py:2705} INFO - Sync 1 DAGs
[2023-04-17T09:02:28.712-0300] {logging_mixin.py:137} INFO - [2023-04-17T09:02:28.712-0300] {dag.py:3452} INFO - Setting next_dagrun for example_sla_dag to 2023-04-17T12:00:00+00:00, run_after=2023-04-17T12:02:00+00:00
[2023-04-17T09:02:28.746-0300] {processor.py:175} INFO - Processing /home/pepino/.virtualenvs/apache_airflow/lib/python3.10/site-packages/airflow/example_dags/example_sla_dag.py took 0.085 seconds
[2023-04-17T09:03:10.597-0300] {processor.py:153} INFO - Started process (PID=81968) to work on /home/pepino/.virtualenvs/apache_airflow/lib/python3.10/site-packages/airflow/example_dags/example_sla_dag.py
[2023-04-17T09:03:10.606-0300] {processor.py:743} INFO - Processing file /home/pepino/.virtualenvs/apache_airflow/lib/python3.10/site-packages/airflow/example_dags/example_sla_dag.py for tasks to queue
[2023-04-17T09:03:10.606-0300] {logging_mixin.py:137} INFO - [2023-04-17T09:03:10.606-0300] {dagbag.py:532} INFO - Filling up the DagBag from /home/pepino/.virtualenvs/apache_airflow/lib/python3.10/site-packages/airflow/example_dags/example_sla_dag.py
[2023-04-17T09:03:10.624-0300] {processor.py:753} INFO - DAG(s) dict_keys(['example_sla_dag']) retrieved from /home/pepino/.virtualenvs/apache_airflow/lib/python3.10/site-packages/airflow/example_dags/example_sla_dag.py
[2023-04-17T09:03:10.635-0300] {logging_mixin.py:137} INFO - [2023-04-17T09:03:10.635-0300] {dag.py:2705} INFO - Sync 1 DAGs
[2023-04-17T09:03:10.646-0300] {logging_mixin.py:137} INFO - [2023-04-17T09:03:10.646-0300] {dag.py:3452} INFO - Setting next_dagrun for example_sla_dag to 2023-04-17T12:00:00+00:00, run_after=2023-04-17T12:02:00+00:00
[2023-04-17T09:03:10.665-0300] {processor.py:175} INFO - Processing /home/pepino/.virtualenvs/apache_airflow/lib/python3.10/site-packages/airflow/example_dags/example_sla_dag.py took 0.072 seconds
[2023-04-17T09:03:54.922-0300] {processor.py:153} INFO - Started process (PID=82095) to work on /home/pepino/.virtualenvs/apache_airflow/lib/python3.10/site-packages/airflow/example_dags/example_sla_dag.py
[2023-04-17T09:03:54.931-0300] {processor.py:743} INFO - Processing file /home/pepino/.virtualenvs/apache_airflow/lib/python3.10/site-packages/airflow/example_dags/example_sla_dag.py for tasks to queue
[2023-04-17T09:03:54.932-0300] {logging_mixin.py:137} INFO - [2023-04-17T09:03:54.932-0300] {dagbag.py:532} INFO - Filling up the DagBag from /home/pepino/.virtualenvs/apache_airflow/lib/python3.10/site-packages/airflow/example_dags/example_sla_dag.py
[2023-04-17T09:03:54.952-0300] {processor.py:753} INFO - DAG(s) dict_keys(['example_sla_dag']) retrieved from /home/pepino/.virtualenvs/apache_airflow/lib/python3.10/site-packages/airflow/example_dags/example_sla_dag.py
[2023-04-17T09:03:54.961-0300] {logging_mixin.py:137} INFO - [2023-04-17T09:03:54.961-0300] {dag.py:2705} INFO - Sync 1 DAGs
[2023-04-17T09:03:54.971-0300] {logging_mixin.py:137} INFO - [2023-04-17T09:03:54.971-0300] {dag.py:3452} INFO - Setting next_dagrun for example_sla_dag to 2023-04-17T12:00:00+00:00, run_after=2023-04-17T12:02:00+00:00
[2023-04-17T09:03:54.996-0300] {processor.py:175} INFO - Processing /home/pepino/.virtualenvs/apache_airflow/lib/python3.10/site-packages/airflow/example_dags/example_sla_dag.py took 0.078 seconds
[2023-04-17T09:04:39.054-0300] {processor.py:153} INFO - Started process (PID=82198) to work on /home/pepino/.virtualenvs/apache_airflow/lib/python3.10/site-packages/airflow/example_dags/example_sla_dag.py
[2023-04-17T09:04:39.063-0300] {processor.py:743} INFO - Processing file /home/pepino/.virtualenvs/apache_airflow/lib/python3.10/site-packages/airflow/example_dags/example_sla_dag.py for tasks to queue
[2023-04-17T09:04:39.064-0300] {logging_mixin.py:137} INFO - [2023-04-17T09:04:39.064-0300] {dagbag.py:532} INFO - Filling up the DagBag from /home/pepino/.virtualenvs/apache_airflow/lib/python3.10/site-packages/airflow/example_dags/example_sla_dag.py
[2023-04-17T09:04:39.084-0300] {processor.py:753} INFO - DAG(s) dict_keys(['example_sla_dag']) retrieved from /home/pepino/.virtualenvs/apache_airflow/lib/python3.10/site-packages/airflow/example_dags/example_sla_dag.py
[2023-04-17T09:04:39.092-0300] {logging_mixin.py:137} INFO - [2023-04-17T09:04:39.092-0300] {dag.py:2705} INFO - Sync 1 DAGs
[2023-04-17T09:04:39.102-0300] {logging_mixin.py:137} INFO - [2023-04-17T09:04:39.102-0300] {dag.py:3452} INFO - Setting next_dagrun for example_sla_dag to 2023-04-17T12:02:00+00:00, run_after=2023-04-17T12:04:00+00:00
[2023-04-17T09:04:39.128-0300] {processor.py:175} INFO - Processing /home/pepino/.virtualenvs/apache_airflow/lib/python3.10/site-packages/airflow/example_dags/example_sla_dag.py took 0.079 seconds
[2023-04-17T09:05:22.029-0300] {processor.py:153} INFO - Started process (PID=82332) to work on /home/pepino/.virtualenvs/apache_airflow/lib/python3.10/site-packages/airflow/example_dags/example_sla_dag.py
[2023-04-17T09:05:22.037-0300] {processor.py:743} INFO - Processing file /home/pepino/.virtualenvs/apache_airflow/lib/python3.10/site-packages/airflow/example_dags/example_sla_dag.py for tasks to queue
[2023-04-17T09:05:22.038-0300] {logging_mixin.py:137} INFO - [2023-04-17T09:05:22.038-0300] {dagbag.py:532} INFO - Filling up the DagBag from /home/pepino/.virtualenvs/apache_airflow/lib/python3.10/site-packages/airflow/example_dags/example_sla_dag.py
[2023-04-17T09:05:22.058-0300] {processor.py:753} INFO - DAG(s) dict_keys(['example_sla_dag']) retrieved from /home/pepino/.virtualenvs/apache_airflow/lib/python3.10/site-packages/airflow/example_dags/example_sla_dag.py
[2023-04-17T09:05:22.068-0300] {logging_mixin.py:137} INFO - [2023-04-17T09:05:22.068-0300] {dag.py:2705} INFO - Sync 1 DAGs
[2023-04-17T09:05:22.079-0300] {logging_mixin.py:137} INFO - [2023-04-17T09:05:22.079-0300] {dag.py:3452} INFO - Setting next_dagrun for example_sla_dag to 2023-04-17T12:02:00+00:00, run_after=2023-04-17T12:04:00+00:00
[2023-04-17T09:05:22.168-0300] {processor.py:175} INFO - Processing /home/pepino/.virtualenvs/apache_airflow/lib/python3.10/site-packages/airflow/example_dags/example_sla_dag.py took 0.142 seconds
[2023-04-17T09:06:17.015-0300] {processor.py:153} INFO - Started process (PID=82475) to work on /home/pepino/.virtualenvs/apache_airflow/lib/python3.10/site-packages/airflow/example_dags/example_sla_dag.py
[2023-04-17T09:06:17.023-0300] {processor.py:743} INFO - Processing file /home/pepino/.virtualenvs/apache_airflow/lib/python3.10/site-packages/airflow/example_dags/example_sla_dag.py for tasks to queue
[2023-04-17T09:06:17.024-0300] {logging_mixin.py:137} INFO - [2023-04-17T09:06:17.024-0300] {dagbag.py:532} INFO - Filling up the DagBag from /home/pepino/.virtualenvs/apache_airflow/lib/python3.10/site-packages/airflow/example_dags/example_sla_dag.py
[2023-04-17T09:06:17.043-0300] {processor.py:753} INFO - DAG(s) dict_keys(['example_sla_dag']) retrieved from /home/pepino/.virtualenvs/apache_airflow/lib/python3.10/site-packages/airflow/example_dags/example_sla_dag.py
[2023-04-17T09:06:17.055-0300] {logging_mixin.py:137} INFO - [2023-04-17T09:06:17.055-0300] {dag.py:2705} INFO - Sync 1 DAGs
[2023-04-17T09:06:17.131-0300] {logging_mixin.py:137} INFO - [2023-04-17T09:06:17.131-0300] {dag.py:3452} INFO - Setting next_dagrun for example_sla_dag to 2023-04-17T12:04:00+00:00, run_after=2023-04-17T12:06:00+00:00
[2023-04-17T09:06:17.160-0300] {processor.py:175} INFO - Processing /home/pepino/.virtualenvs/apache_airflow/lib/python3.10/site-packages/airflow/example_dags/example_sla_dag.py took 0.150 seconds
[2023-04-17T09:06:59.788-0300] {processor.py:153} INFO - Started process (PID=82578) to work on /home/pepino/.virtualenvs/apache_airflow/lib/python3.10/site-packages/airflow/example_dags/example_sla_dag.py
[2023-04-17T09:06:59.796-0300] {processor.py:743} INFO - Processing file /home/pepino/.virtualenvs/apache_airflow/lib/python3.10/site-packages/airflow/example_dags/example_sla_dag.py for tasks to queue
[2023-04-17T09:06:59.797-0300] {logging_mixin.py:137} INFO - [2023-04-17T09:06:59.797-0300] {dagbag.py:532} INFO - Filling up the DagBag from /home/pepino/.virtualenvs/apache_airflow/lib/python3.10/site-packages/airflow/example_dags/example_sla_dag.py
[2023-04-17T09:06:59.819-0300] {processor.py:753} INFO - DAG(s) dict_keys(['example_sla_dag']) retrieved from /home/pepino/.virtualenvs/apache_airflow/lib/python3.10/site-packages/airflow/example_dags/example_sla_dag.py
[2023-04-17T09:06:59.828-0300] {logging_mixin.py:137} INFO - [2023-04-17T09:06:59.828-0300] {dag.py:2705} INFO - Sync 1 DAGs
[2023-04-17T09:06:59.905-0300] {logging_mixin.py:137} INFO - [2023-04-17T09:06:59.905-0300] {dag.py:3452} INFO - Setting next_dagrun for example_sla_dag to 2023-04-17T12:04:00+00:00, run_after=2023-04-17T12:06:00+00:00
[2023-04-17T09:06:59.935-0300] {processor.py:175} INFO - Processing /home/pepino/.virtualenvs/apache_airflow/lib/python3.10/site-packages/airflow/example_dags/example_sla_dag.py took 0.152 seconds
[2023-04-17T09:07:52.881-0300] {processor.py:153} INFO - Started process (PID=82678) to work on /home/pepino/.virtualenvs/apache_airflow/lib/python3.10/site-packages/airflow/example_dags/example_sla_dag.py
[2023-04-17T09:07:52.889-0300] {processor.py:743} INFO - Processing file /home/pepino/.virtualenvs/apache_airflow/lib/python3.10/site-packages/airflow/example_dags/example_sla_dag.py for tasks to queue
[2023-04-17T09:07:52.890-0300] {logging_mixin.py:137} INFO - [2023-04-17T09:07:52.890-0300] {dagbag.py:532} INFO - Filling up the DagBag from /home/pepino/.virtualenvs/apache_airflow/lib/python3.10/site-packages/airflow/example_dags/example_sla_dag.py
[2023-04-17T09:07:52.909-0300] {processor.py:753} INFO - DAG(s) dict_keys(['example_sla_dag']) retrieved from /home/pepino/.virtualenvs/apache_airflow/lib/python3.10/site-packages/airflow/example_dags/example_sla_dag.py
[2023-04-17T09:07:52.983-0300] {logging_mixin.py:137} INFO - [2023-04-17T09:07:52.983-0300] {dag.py:2705} INFO - Sync 1 DAGs
[2023-04-17T09:07:52.993-0300] {logging_mixin.py:137} INFO - [2023-04-17T09:07:52.993-0300] {dag.py:3452} INFO - Setting next_dagrun for example_sla_dag to 2023-04-17T12:04:00+00:00, run_after=2023-04-17T12:06:00+00:00
[2023-04-17T09:07:53.018-0300] {processor.py:175} INFO - Processing /home/pepino/.virtualenvs/apache_airflow/lib/python3.10/site-packages/airflow/example_dags/example_sla_dag.py took 0.141 seconds
