[2023-04-17T09:00:02.835-0300] {processor.py:153} INFO - Started process (PID=81471) to work on /home/pepino/.virtualenvs/apache_airflow/lib/python3.10/site-packages/airflow/example_dags/example_xcomargs.py
[2023-04-17T09:00:02.837-0300] {processor.py:743} INFO - Processing file /home/pepino/.virtualenvs/apache_airflow/lib/python3.10/site-packages/airflow/example_dags/example_xcomargs.py for tasks to queue
[2023-04-17T09:00:02.837-0300] {logging_mixin.py:137} INFO - [2023-04-17T09:00:02.837-0300] {dagbag.py:532} INFO - Filling up the DagBag from /home/pepino/.virtualenvs/apache_airflow/lib/python3.10/site-packages/airflow/example_dags/example_xcomargs.py
[2023-04-17T09:00:02.855-0300] {processor.py:753} INFO - DAG(s) dict_keys(['example_xcom_args_with_operators', 'example_xcom_args']) retrieved from /home/pepino/.virtualenvs/apache_airflow/lib/python3.10/site-packages/airflow/example_dags/example_xcomargs.py
[2023-04-17T09:00:02.866-0300] {logging_mixin.py:137} INFO - [2023-04-17T09:00:02.865-0300] {dag.py:2705} INFO - Sync 2 DAGs
[2023-04-17T09:00:02.875-0300] {logging_mixin.py:137} INFO - [2023-04-17T09:00:02.875-0300] {dag.py:3452} INFO - Setting next_dagrun for example_xcom_args to None, run_after=None
[2023-04-17T09:00:02.876-0300] {logging_mixin.py:137} INFO - [2023-04-17T09:00:02.876-0300] {dag.py:3452} INFO - Setting next_dagrun for example_xcom_args_with_operators to None, run_after=None
[2023-04-17T09:00:02.893-0300] {processor.py:175} INFO - Processing /home/pepino/.virtualenvs/apache_airflow/lib/python3.10/site-packages/airflow/example_dags/example_xcomargs.py took 0.063 seconds
[2023-04-17T09:00:46.408-0300] {processor.py:153} INFO - Started process (PID=81673) to work on /home/pepino/.virtualenvs/apache_airflow/lib/python3.10/site-packages/airflow/example_dags/example_xcomargs.py
[2023-04-17T09:00:46.416-0300] {processor.py:743} INFO - Processing file /home/pepino/.virtualenvs/apache_airflow/lib/python3.10/site-packages/airflow/example_dags/example_xcomargs.py for tasks to queue
[2023-04-17T09:00:46.417-0300] {logging_mixin.py:137} INFO - [2023-04-17T09:00:46.417-0300] {dagbag.py:532} INFO - Filling up the DagBag from /home/pepino/.virtualenvs/apache_airflow/lib/python3.10/site-packages/airflow/example_dags/example_xcomargs.py
[2023-04-17T09:00:46.440-0300] {processor.py:753} INFO - DAG(s) dict_keys(['example_xcom_args_with_operators', 'example_xcom_args']) retrieved from /home/pepino/.virtualenvs/apache_airflow/lib/python3.10/site-packages/airflow/example_dags/example_xcomargs.py
[2023-04-17T09:00:46.451-0300] {logging_mixin.py:137} INFO - [2023-04-17T09:00:46.451-0300] {dag.py:2705} INFO - Sync 2 DAGs
[2023-04-17T09:00:46.459-0300] {logging_mixin.py:137} INFO - [2023-04-17T09:00:46.459-0300] {dag.py:3452} INFO - Setting next_dagrun for example_xcom_args to None, run_after=None
[2023-04-17T09:00:46.461-0300] {logging_mixin.py:137} INFO - [2023-04-17T09:00:46.461-0300] {dag.py:3452} INFO - Setting next_dagrun for example_xcom_args_with_operators to None, run_after=None
[2023-04-17T09:00:46.500-0300] {processor.py:175} INFO - Processing /home/pepino/.virtualenvs/apache_airflow/lib/python3.10/site-packages/airflow/example_dags/example_xcomargs.py took 0.094 seconds
[2023-04-17T09:01:28.804-0300] {processor.py:153} INFO - Started process (PID=81762) to work on /home/pepino/.virtualenvs/apache_airflow/lib/python3.10/site-packages/airflow/example_dags/example_xcomargs.py
[2023-04-17T09:01:28.813-0300] {processor.py:743} INFO - Processing file /home/pepino/.virtualenvs/apache_airflow/lib/python3.10/site-packages/airflow/example_dags/example_xcomargs.py for tasks to queue
[2023-04-17T09:01:28.814-0300] {logging_mixin.py:137} INFO - [2023-04-17T09:01:28.814-0300] {dagbag.py:532} INFO - Filling up the DagBag from /home/pepino/.virtualenvs/apache_airflow/lib/python3.10/site-packages/airflow/example_dags/example_xcomargs.py
[2023-04-17T09:01:28.834-0300] {processor.py:753} INFO - DAG(s) dict_keys(['example_xcom_args_with_operators', 'example_xcom_args']) retrieved from /home/pepino/.virtualenvs/apache_airflow/lib/python3.10/site-packages/airflow/example_dags/example_xcomargs.py
[2023-04-17T09:01:28.845-0300] {logging_mixin.py:137} INFO - [2023-04-17T09:01:28.845-0300] {dag.py:2705} INFO - Sync 2 DAGs
[2023-04-17T09:01:28.855-0300] {logging_mixin.py:137} INFO - [2023-04-17T09:01:28.854-0300] {dag.py:3452} INFO - Setting next_dagrun for example_xcom_args to None, run_after=None
[2023-04-17T09:01:28.856-0300] {logging_mixin.py:137} INFO - [2023-04-17T09:01:28.856-0300] {dag.py:3452} INFO - Setting next_dagrun for example_xcom_args_with_operators to None, run_after=None
[2023-04-17T09:01:28.873-0300] {processor.py:175} INFO - Processing /home/pepino/.virtualenvs/apache_airflow/lib/python3.10/site-packages/airflow/example_dags/example_xcomargs.py took 0.074 seconds
[2023-04-17T09:02:13.507-0300] {processor.py:153} INFO - Started process (PID=81863) to work on /home/pepino/.virtualenvs/apache_airflow/lib/python3.10/site-packages/airflow/example_dags/example_xcomargs.py
[2023-04-17T09:02:13.515-0300] {processor.py:743} INFO - Processing file /home/pepino/.virtualenvs/apache_airflow/lib/python3.10/site-packages/airflow/example_dags/example_xcomargs.py for tasks to queue
[2023-04-17T09:02:13.515-0300] {logging_mixin.py:137} INFO - [2023-04-17T09:02:13.515-0300] {dagbag.py:532} INFO - Filling up the DagBag from /home/pepino/.virtualenvs/apache_airflow/lib/python3.10/site-packages/airflow/example_dags/example_xcomargs.py
[2023-04-17T09:02:13.529-0300] {processor.py:753} INFO - DAG(s) dict_keys(['example_xcom_args', 'example_xcom_args_with_operators']) retrieved from /home/pepino/.virtualenvs/apache_airflow/lib/python3.10/site-packages/airflow/example_dags/example_xcomargs.py
[2023-04-17T09:02:13.540-0300] {logging_mixin.py:137} INFO - [2023-04-17T09:02:13.540-0300] {dag.py:2705} INFO - Sync 2 DAGs
[2023-04-17T09:02:13.551-0300] {logging_mixin.py:137} INFO - [2023-04-17T09:02:13.551-0300] {dag.py:3452} INFO - Setting next_dagrun for example_xcom_args to None, run_after=None
[2023-04-17T09:02:13.552-0300] {logging_mixin.py:137} INFO - [2023-04-17T09:02:13.552-0300] {dag.py:3452} INFO - Setting next_dagrun for example_xcom_args_with_operators to None, run_after=None
[2023-04-17T09:02:13.573-0300] {processor.py:175} INFO - Processing /home/pepino/.virtualenvs/apache_airflow/lib/python3.10/site-packages/airflow/example_dags/example_xcomargs.py took 0.068 seconds
[2023-04-17T09:02:54.073-0300] {processor.py:153} INFO - Started process (PID=81941) to work on /home/pepino/.virtualenvs/apache_airflow/lib/python3.10/site-packages/airflow/example_dags/example_xcomargs.py
[2023-04-17T09:02:54.081-0300] {processor.py:743} INFO - Processing file /home/pepino/.virtualenvs/apache_airflow/lib/python3.10/site-packages/airflow/example_dags/example_xcomargs.py for tasks to queue
[2023-04-17T09:02:54.082-0300] {logging_mixin.py:137} INFO - [2023-04-17T09:02:54.082-0300] {dagbag.py:532} INFO - Filling up the DagBag from /home/pepino/.virtualenvs/apache_airflow/lib/python3.10/site-packages/airflow/example_dags/example_xcomargs.py
[2023-04-17T09:02:54.096-0300] {processor.py:753} INFO - DAG(s) dict_keys(['example_xcom_args', 'example_xcom_args_with_operators']) retrieved from /home/pepino/.virtualenvs/apache_airflow/lib/python3.10/site-packages/airflow/example_dags/example_xcomargs.py
[2023-04-17T09:02:54.107-0300] {logging_mixin.py:137} INFO - [2023-04-17T09:02:54.107-0300] {dag.py:2705} INFO - Sync 2 DAGs
[2023-04-17T09:02:54.115-0300] {logging_mixin.py:137} INFO - [2023-04-17T09:02:54.115-0300] {dag.py:3452} INFO - Setting next_dagrun for example_xcom_args to None, run_after=None
[2023-04-17T09:02:54.117-0300] {logging_mixin.py:137} INFO - [2023-04-17T09:02:54.117-0300] {dag.py:3452} INFO - Setting next_dagrun for example_xcom_args_with_operators to None, run_after=None
[2023-04-17T09:02:54.135-0300] {processor.py:175} INFO - Processing /home/pepino/.virtualenvs/apache_airflow/lib/python3.10/site-packages/airflow/example_dags/example_xcomargs.py took 0.064 seconds
[2023-04-17T09:03:38.600-0300] {processor.py:153} INFO - Started process (PID=82060) to work on /home/pepino/.virtualenvs/apache_airflow/lib/python3.10/site-packages/airflow/example_dags/example_xcomargs.py
[2023-04-17T09:03:38.608-0300] {processor.py:743} INFO - Processing file /home/pepino/.virtualenvs/apache_airflow/lib/python3.10/site-packages/airflow/example_dags/example_xcomargs.py for tasks to queue
[2023-04-17T09:03:38.609-0300] {logging_mixin.py:137} INFO - [2023-04-17T09:03:38.609-0300] {dagbag.py:532} INFO - Filling up the DagBag from /home/pepino/.virtualenvs/apache_airflow/lib/python3.10/site-packages/airflow/example_dags/example_xcomargs.py
[2023-04-17T09:03:38.630-0300] {processor.py:753} INFO - DAG(s) dict_keys(['example_xcom_args', 'example_xcom_args_with_operators']) retrieved from /home/pepino/.virtualenvs/apache_airflow/lib/python3.10/site-packages/airflow/example_dags/example_xcomargs.py
[2023-04-17T09:03:38.641-0300] {logging_mixin.py:137} INFO - [2023-04-17T09:03:38.641-0300] {dag.py:2705} INFO - Sync 2 DAGs
[2023-04-17T09:03:38.650-0300] {logging_mixin.py:137} INFO - [2023-04-17T09:03:38.650-0300] {dag.py:3452} INFO - Setting next_dagrun for example_xcom_args to None, run_after=None
[2023-04-17T09:03:38.652-0300] {logging_mixin.py:137} INFO - [2023-04-17T09:03:38.652-0300] {dag.py:3452} INFO - Setting next_dagrun for example_xcom_args_with_operators to None, run_after=None
[2023-04-17T09:03:38.669-0300] {processor.py:175} INFO - Processing /home/pepino/.virtualenvs/apache_airflow/lib/python3.10/site-packages/airflow/example_dags/example_xcomargs.py took 0.071 seconds
[2023-04-17T09:04:22.464-0300] {processor.py:153} INFO - Started process (PID=82165) to work on /home/pepino/.virtualenvs/apache_airflow/lib/python3.10/site-packages/airflow/example_dags/example_xcomargs.py
[2023-04-17T09:04:22.473-0300] {processor.py:743} INFO - Processing file /home/pepino/.virtualenvs/apache_airflow/lib/python3.10/site-packages/airflow/example_dags/example_xcomargs.py for tasks to queue
[2023-04-17T09:04:22.474-0300] {logging_mixin.py:137} INFO - [2023-04-17T09:04:22.474-0300] {dagbag.py:532} INFO - Filling up the DagBag from /home/pepino/.virtualenvs/apache_airflow/lib/python3.10/site-packages/airflow/example_dags/example_xcomargs.py
[2023-04-17T09:04:22.490-0300] {processor.py:753} INFO - DAG(s) dict_keys(['example_xcom_args', 'example_xcom_args_with_operators']) retrieved from /home/pepino/.virtualenvs/apache_airflow/lib/python3.10/site-packages/airflow/example_dags/example_xcomargs.py
[2023-04-17T09:04:22.501-0300] {logging_mixin.py:137} INFO - [2023-04-17T09:04:22.501-0300] {dag.py:2705} INFO - Sync 2 DAGs
[2023-04-17T09:04:22.510-0300] {logging_mixin.py:137} INFO - [2023-04-17T09:04:22.510-0300] {dag.py:3452} INFO - Setting next_dagrun for example_xcom_args to None, run_after=None
[2023-04-17T09:04:22.511-0300] {logging_mixin.py:137} INFO - [2023-04-17T09:04:22.511-0300] {dag.py:3452} INFO - Setting next_dagrun for example_xcom_args_with_operators to None, run_after=None
[2023-04-17T09:04:22.540-0300] {processor.py:175} INFO - Processing /home/pepino/.virtualenvs/apache_airflow/lib/python3.10/site-packages/airflow/example_dags/example_xcomargs.py took 0.080 seconds
[2023-04-17T09:05:00.781-0300] {processor.py:153} INFO - Started process (PID=82277) to work on /home/pepino/.virtualenvs/apache_airflow/lib/python3.10/site-packages/airflow/example_dags/example_xcomargs.py
[2023-04-17T09:05:00.789-0300] {processor.py:743} INFO - Processing file /home/pepino/.virtualenvs/apache_airflow/lib/python3.10/site-packages/airflow/example_dags/example_xcomargs.py for tasks to queue
[2023-04-17T09:05:00.790-0300] {logging_mixin.py:137} INFO - [2023-04-17T09:05:00.790-0300] {dagbag.py:532} INFO - Filling up the DagBag from /home/pepino/.virtualenvs/apache_airflow/lib/python3.10/site-packages/airflow/example_dags/example_xcomargs.py
[2023-04-17T09:05:00.804-0300] {processor.py:753} INFO - DAG(s) dict_keys(['example_xcom_args_with_operators', 'example_xcom_args']) retrieved from /home/pepino/.virtualenvs/apache_airflow/lib/python3.10/site-packages/airflow/example_dags/example_xcomargs.py
[2023-04-17T09:05:00.814-0300] {logging_mixin.py:137} INFO - [2023-04-17T09:05:00.814-0300] {dag.py:2705} INFO - Sync 2 DAGs
[2023-04-17T09:05:00.823-0300] {logging_mixin.py:137} INFO - [2023-04-17T09:05:00.823-0300] {dag.py:3452} INFO - Setting next_dagrun for example_xcom_args to None, run_after=None
[2023-04-17T09:05:00.824-0300] {logging_mixin.py:137} INFO - [2023-04-17T09:05:00.824-0300] {dag.py:3452} INFO - Setting next_dagrun for example_xcom_args_with_operators to None, run_after=None
[2023-04-17T09:05:00.908-0300] {processor.py:175} INFO - Processing /home/pepino/.virtualenvs/apache_airflow/lib/python3.10/site-packages/airflow/example_dags/example_xcomargs.py took 0.128 seconds
[2023-04-17T09:05:40.937-0300] {processor.py:153} INFO - Started process (PID=82369) to work on /home/pepino/.virtualenvs/apache_airflow/lib/python3.10/site-packages/airflow/example_dags/example_xcomargs.py
[2023-04-17T09:05:40.938-0300] {processor.py:743} INFO - Processing file /home/pepino/.virtualenvs/apache_airflow/lib/python3.10/site-packages/airflow/example_dags/example_xcomargs.py for tasks to queue
[2023-04-17T09:05:40.939-0300] {logging_mixin.py:137} INFO - [2023-04-17T09:05:40.939-0300] {dagbag.py:532} INFO - Filling up the DagBag from /home/pepino/.virtualenvs/apache_airflow/lib/python3.10/site-packages/airflow/example_dags/example_xcomargs.py
[2023-04-17T09:05:40.954-0300] {processor.py:753} INFO - DAG(s) dict_keys(['example_xcom_args', 'example_xcom_args_with_operators']) retrieved from /home/pepino/.virtualenvs/apache_airflow/lib/python3.10/site-packages/airflow/example_dags/example_xcomargs.py
[2023-04-17T09:05:40.965-0300] {logging_mixin.py:137} INFO - [2023-04-17T09:05:40.965-0300] {dag.py:2705} INFO - Sync 2 DAGs
[2023-04-17T09:05:41.039-0300] {logging_mixin.py:137} INFO - [2023-04-17T09:05:41.039-0300] {dag.py:3452} INFO - Setting next_dagrun for example_xcom_args to None, run_after=None
[2023-04-17T09:05:41.041-0300] {logging_mixin.py:137} INFO - [2023-04-17T09:05:41.041-0300] {dag.py:3452} INFO - Setting next_dagrun for example_xcom_args_with_operators to None, run_after=None
[2023-04-17T09:05:41.067-0300] {processor.py:175} INFO - Processing /home/pepino/.virtualenvs/apache_airflow/lib/python3.10/site-packages/airflow/example_dags/example_xcomargs.py took 0.134 seconds
[2023-04-17T09:06:34.086-0300] {processor.py:153} INFO - Started process (PID=82510) to work on /home/pepino/.virtualenvs/apache_airflow/lib/python3.10/site-packages/airflow/example_dags/example_xcomargs.py
[2023-04-17T09:06:34.095-0300] {processor.py:743} INFO - Processing file /home/pepino/.virtualenvs/apache_airflow/lib/python3.10/site-packages/airflow/example_dags/example_xcomargs.py for tasks to queue
[2023-04-17T09:06:34.096-0300] {logging_mixin.py:137} INFO - [2023-04-17T09:06:34.095-0300] {dagbag.py:532} INFO - Filling up the DagBag from /home/pepino/.virtualenvs/apache_airflow/lib/python3.10/site-packages/airflow/example_dags/example_xcomargs.py
[2023-04-17T09:06:34.116-0300] {processor.py:753} INFO - DAG(s) dict_keys(['example_xcom_args_with_operators', 'example_xcom_args']) retrieved from /home/pepino/.virtualenvs/apache_airflow/lib/python3.10/site-packages/airflow/example_dags/example_xcomargs.py
[2023-04-17T09:06:34.127-0300] {logging_mixin.py:137} INFO - [2023-04-17T09:06:34.127-0300] {dag.py:2705} INFO - Sync 2 DAGs
[2023-04-17T09:06:34.201-0300] {logging_mixin.py:137} INFO - [2023-04-17T09:06:34.201-0300] {dag.py:3452} INFO - Setting next_dagrun for example_xcom_args to None, run_after=None
[2023-04-17T09:06:34.202-0300] {logging_mixin.py:137} INFO - [2023-04-17T09:06:34.202-0300] {dag.py:3452} INFO - Setting next_dagrun for example_xcom_args_with_operators to None, run_after=None
[2023-04-17T09:06:34.228-0300] {processor.py:175} INFO - Processing /home/pepino/.virtualenvs/apache_airflow/lib/python3.10/site-packages/airflow/example_dags/example_xcomargs.py took 0.147 seconds
[2023-04-17T09:07:12.975-0300] {processor.py:153} INFO - Started process (PID=82599) to work on /home/pepino/.virtualenvs/apache_airflow/lib/python3.10/site-packages/airflow/example_dags/example_xcomargs.py
[2023-04-17T09:07:12.977-0300] {processor.py:743} INFO - Processing file /home/pepino/.virtualenvs/apache_airflow/lib/python3.10/site-packages/airflow/example_dags/example_xcomargs.py for tasks to queue
[2023-04-17T09:07:12.978-0300] {logging_mixin.py:137} INFO - [2023-04-17T09:07:12.977-0300] {dagbag.py:532} INFO - Filling up the DagBag from /home/pepino/.virtualenvs/apache_airflow/lib/python3.10/site-packages/airflow/example_dags/example_xcomargs.py
[2023-04-17T09:07:12.995-0300] {processor.py:753} INFO - DAG(s) dict_keys(['example_xcom_args_with_operators', 'example_xcom_args']) retrieved from /home/pepino/.virtualenvs/apache_airflow/lib/python3.10/site-packages/airflow/example_dags/example_xcomargs.py
[2023-04-17T09:07:13.095-0300] {logging_mixin.py:137} INFO - [2023-04-17T09:07:13.095-0300] {dag.py:2705} INFO - Sync 2 DAGs
[2023-04-17T09:07:13.105-0300] {logging_mixin.py:137} INFO - [2023-04-17T09:07:13.105-0300] {dag.py:3452} INFO - Setting next_dagrun for example_xcom_args to None, run_after=None
[2023-04-17T09:07:13.106-0300] {logging_mixin.py:137} INFO - [2023-04-17T09:07:13.106-0300] {dag.py:3452} INFO - Setting next_dagrun for example_xcom_args_with_operators to None, run_after=None
[2023-04-17T09:07:13.131-0300] {processor.py:175} INFO - Processing /home/pepino/.virtualenvs/apache_airflow/lib/python3.10/site-packages/airflow/example_dags/example_xcomargs.py took 0.160 seconds
[2023-04-17T09:08:05.005-0300] {processor.py:153} INFO - Started process (PID=82716) to work on /home/pepino/.virtualenvs/apache_airflow/lib/python3.10/site-packages/airflow/example_dags/example_xcomargs.py
[2023-04-17T09:08:05.006-0300] {processor.py:743} INFO - Processing file /home/pepino/.virtualenvs/apache_airflow/lib/python3.10/site-packages/airflow/example_dags/example_xcomargs.py for tasks to queue
[2023-04-17T09:08:05.007-0300] {logging_mixin.py:137} INFO - [2023-04-17T09:08:05.007-0300] {dagbag.py:532} INFO - Filling up the DagBag from /home/pepino/.virtualenvs/apache_airflow/lib/python3.10/site-packages/airflow/example_dags/example_xcomargs.py
[2023-04-17T09:08:05.025-0300] {processor.py:753} INFO - DAG(s) dict_keys(['example_xcom_args', 'example_xcom_args_with_operators']) retrieved from /home/pepino/.virtualenvs/apache_airflow/lib/python3.10/site-packages/airflow/example_dags/example_xcomargs.py
[2023-04-17T09:08:05.107-0300] {logging_mixin.py:137} INFO - [2023-04-17T09:08:05.107-0300] {dag.py:2705} INFO - Sync 2 DAGs
[2023-04-17T09:08:05.116-0300] {logging_mixin.py:137} INFO - [2023-04-17T09:08:05.116-0300] {dag.py:3452} INFO - Setting next_dagrun for example_xcom_args to None, run_after=None
[2023-04-17T09:08:05.118-0300] {logging_mixin.py:137} INFO - [2023-04-17T09:08:05.118-0300] {dag.py:3452} INFO - Setting next_dagrun for example_xcom_args_with_operators to None, run_after=None
[2023-04-17T09:08:05.182-0300] {processor.py:175} INFO - Processing /home/pepino/.virtualenvs/apache_airflow/lib/python3.10/site-packages/airflow/example_dags/example_xcomargs.py took 0.181 seconds
