[2023-04-17T09:00:10.262-0300] {processor.py:153} INFO - Started process (PID=81493) to work on /home/pepino/.virtualenvs/apache_airflow/lib/python3.10/site-packages/airflow/example_dags/tutorial_dag.py
[2023-04-17T09:00:10.262-0300] {processor.py:743} INFO - Processing file /home/pepino/.virtualenvs/apache_airflow/lib/python3.10/site-packages/airflow/example_dags/tutorial_dag.py for tasks to queue
[2023-04-17T09:00:10.263-0300] {logging_mixin.py:137} INFO - [2023-04-17T09:00:10.263-0300] {dagbag.py:532} INFO - Filling up the DagBag from /home/pepino/.virtualenvs/apache_airflow/lib/python3.10/site-packages/airflow/example_dags/tutorial_dag.py
[2023-04-17T09:00:10.270-0300] {processor.py:753} INFO - DAG(s) dict_keys(['tutorial_dag']) retrieved from /home/pepino/.virtualenvs/apache_airflow/lib/python3.10/site-packages/airflow/example_dags/tutorial_dag.py
[2023-04-17T09:00:10.285-0300] {logging_mixin.py:137} INFO - [2023-04-17T09:00:10.285-0300] {dag.py:2705} INFO - Sync 1 DAGs
[2023-04-17T09:00:10.301-0300] {logging_mixin.py:137} INFO - [2023-04-17T09:00:10.300-0300] {dag.py:3452} INFO - Setting next_dagrun for tutorial_dag to None, run_after=None
[2023-04-17T09:00:10.326-0300] {processor.py:175} INFO - Processing /home/pepino/.virtualenvs/apache_airflow/lib/python3.10/site-packages/airflow/example_dags/tutorial_dag.py took 0.066 seconds
[2023-04-17T09:00:53.349-0300] {processor.py:153} INFO - Started process (PID=81689) to work on /home/pepino/.virtualenvs/apache_airflow/lib/python3.10/site-packages/airflow/example_dags/tutorial_dag.py
[2023-04-17T09:00:53.357-0300] {processor.py:743} INFO - Processing file /home/pepino/.virtualenvs/apache_airflow/lib/python3.10/site-packages/airflow/example_dags/tutorial_dag.py for tasks to queue
[2023-04-17T09:00:53.358-0300] {logging_mixin.py:137} INFO - [2023-04-17T09:00:53.358-0300] {dagbag.py:532} INFO - Filling up the DagBag from /home/pepino/.virtualenvs/apache_airflow/lib/python3.10/site-packages/airflow/example_dags/tutorial_dag.py
[2023-04-17T09:00:53.375-0300] {processor.py:753} INFO - DAG(s) dict_keys(['tutorial_dag']) retrieved from /home/pepino/.virtualenvs/apache_airflow/lib/python3.10/site-packages/airflow/example_dags/tutorial_dag.py
[2023-04-17T09:00:53.384-0300] {logging_mixin.py:137} INFO - [2023-04-17T09:00:53.384-0300] {dag.py:2705} INFO - Sync 1 DAGs
[2023-04-17T09:00:53.393-0300] {logging_mixin.py:137} INFO - [2023-04-17T09:00:53.393-0300] {dag.py:3452} INFO - Setting next_dagrun for tutorial_dag to None, run_after=None
[2023-04-17T09:00:53.428-0300] {processor.py:175} INFO - Processing /home/pepino/.virtualenvs/apache_airflow/lib/python3.10/site-packages/airflow/example_dags/tutorial_dag.py took 0.081 seconds
[2023-04-17T09:01:38.564-0300] {processor.py:153} INFO - Started process (PID=81782) to work on /home/pepino/.virtualenvs/apache_airflow/lib/python3.10/site-packages/airflow/example_dags/tutorial_dag.py
[2023-04-17T09:01:38.573-0300] {processor.py:743} INFO - Processing file /home/pepino/.virtualenvs/apache_airflow/lib/python3.10/site-packages/airflow/example_dags/tutorial_dag.py for tasks to queue
[2023-04-17T09:01:38.574-0300] {logging_mixin.py:137} INFO - [2023-04-17T09:01:38.574-0300] {dagbag.py:532} INFO - Filling up the DagBag from /home/pepino/.virtualenvs/apache_airflow/lib/python3.10/site-packages/airflow/example_dags/tutorial_dag.py
[2023-04-17T09:01:38.588-0300] {processor.py:753} INFO - DAG(s) dict_keys(['tutorial_dag']) retrieved from /home/pepino/.virtualenvs/apache_airflow/lib/python3.10/site-packages/airflow/example_dags/tutorial_dag.py
[2023-04-17T09:01:38.598-0300] {logging_mixin.py:137} INFO - [2023-04-17T09:01:38.598-0300] {dag.py:2705} INFO - Sync 1 DAGs
[2023-04-17T09:01:38.608-0300] {logging_mixin.py:137} INFO - [2023-04-17T09:01:38.608-0300] {dag.py:3452} INFO - Setting next_dagrun for tutorial_dag to None, run_after=None
[2023-04-17T09:01:38.628-0300] {processor.py:175} INFO - Processing /home/pepino/.virtualenvs/apache_airflow/lib/python3.10/site-packages/airflow/example_dags/tutorial_dag.py took 0.067 seconds
[2023-04-17T09:02:22.862-0300] {processor.py:153} INFO - Started process (PID=81881) to work on /home/pepino/.virtualenvs/apache_airflow/lib/python3.10/site-packages/airflow/example_dags/tutorial_dag.py
[2023-04-17T09:02:22.870-0300] {processor.py:743} INFO - Processing file /home/pepino/.virtualenvs/apache_airflow/lib/python3.10/site-packages/airflow/example_dags/tutorial_dag.py for tasks to queue
[2023-04-17T09:02:22.870-0300] {logging_mixin.py:137} INFO - [2023-04-17T09:02:22.870-0300] {dagbag.py:532} INFO - Filling up the DagBag from /home/pepino/.virtualenvs/apache_airflow/lib/python3.10/site-packages/airflow/example_dags/tutorial_dag.py
[2023-04-17T09:02:22.883-0300] {processor.py:753} INFO - DAG(s) dict_keys(['tutorial_dag']) retrieved from /home/pepino/.virtualenvs/apache_airflow/lib/python3.10/site-packages/airflow/example_dags/tutorial_dag.py
[2023-04-17T09:02:22.892-0300] {logging_mixin.py:137} INFO - [2023-04-17T09:02:22.892-0300] {dag.py:2705} INFO - Sync 1 DAGs
[2023-04-17T09:02:22.901-0300] {logging_mixin.py:137} INFO - [2023-04-17T09:02:22.901-0300] {dag.py:3452} INFO - Setting next_dagrun for tutorial_dag to None, run_after=None
[2023-04-17T09:02:22.919-0300] {processor.py:175} INFO - Processing /home/pepino/.virtualenvs/apache_airflow/lib/python3.10/site-packages/airflow/example_dags/tutorial_dag.py took 0.059 seconds
[2023-04-17T09:03:04.217-0300] {processor.py:153} INFO - Started process (PID=81958) to work on /home/pepino/.virtualenvs/apache_airflow/lib/python3.10/site-packages/airflow/example_dags/tutorial_dag.py
[2023-04-17T09:03:04.226-0300] {processor.py:743} INFO - Processing file /home/pepino/.virtualenvs/apache_airflow/lib/python3.10/site-packages/airflow/example_dags/tutorial_dag.py for tasks to queue
[2023-04-17T09:03:04.226-0300] {logging_mixin.py:137} INFO - [2023-04-17T09:03:04.226-0300] {dagbag.py:532} INFO - Filling up the DagBag from /home/pepino/.virtualenvs/apache_airflow/lib/python3.10/site-packages/airflow/example_dags/tutorial_dag.py
[2023-04-17T09:03:04.236-0300] {processor.py:753} INFO - DAG(s) dict_keys(['tutorial_dag']) retrieved from /home/pepino/.virtualenvs/apache_airflow/lib/python3.10/site-packages/airflow/example_dags/tutorial_dag.py
[2023-04-17T09:03:04.245-0300] {logging_mixin.py:137} INFO - [2023-04-17T09:03:04.245-0300] {dag.py:2705} INFO - Sync 1 DAGs
[2023-04-17T09:03:04.254-0300] {logging_mixin.py:137} INFO - [2023-04-17T09:03:04.254-0300] {dag.py:3452} INFO - Setting next_dagrun for tutorial_dag to None, run_after=None
[2023-04-17T09:03:04.278-0300] {processor.py:175} INFO - Processing /home/pepino/.virtualenvs/apache_airflow/lib/python3.10/site-packages/airflow/example_dags/tutorial_dag.py took 0.062 seconds
[2023-04-17T09:03:50.110-0300] {processor.py:153} INFO - Started process (PID=82086) to work on /home/pepino/.virtualenvs/apache_airflow/lib/python3.10/site-packages/airflow/example_dags/tutorial_dag.py
[2023-04-17T09:03:50.114-0300] {processor.py:743} INFO - Processing file /home/pepino/.virtualenvs/apache_airflow/lib/python3.10/site-packages/airflow/example_dags/tutorial_dag.py for tasks to queue
[2023-04-17T09:03:50.115-0300] {logging_mixin.py:137} INFO - [2023-04-17T09:03:50.115-0300] {dagbag.py:532} INFO - Filling up the DagBag from /home/pepino/.virtualenvs/apache_airflow/lib/python3.10/site-packages/airflow/example_dags/tutorial_dag.py
[2023-04-17T09:03:50.123-0300] {processor.py:753} INFO - DAG(s) dict_keys(['tutorial_dag']) retrieved from /home/pepino/.virtualenvs/apache_airflow/lib/python3.10/site-packages/airflow/example_dags/tutorial_dag.py
[2023-04-17T09:03:50.135-0300] {logging_mixin.py:137} INFO - [2023-04-17T09:03:50.135-0300] {dag.py:2705} INFO - Sync 1 DAGs
[2023-04-17T09:03:50.145-0300] {logging_mixin.py:137} INFO - [2023-04-17T09:03:50.145-0300] {dag.py:3452} INFO - Setting next_dagrun for tutorial_dag to None, run_after=None
[2023-04-17T09:03:50.169-0300] {processor.py:175} INFO - Processing /home/pepino/.virtualenvs/apache_airflow/lib/python3.10/site-packages/airflow/example_dags/tutorial_dag.py took 0.061 seconds
[2023-04-17T09:04:32.797-0300] {processor.py:153} INFO - Started process (PID=82189) to work on /home/pepino/.virtualenvs/apache_airflow/lib/python3.10/site-packages/airflow/example_dags/tutorial_dag.py
[2023-04-17T09:04:32.806-0300] {processor.py:743} INFO - Processing file /home/pepino/.virtualenvs/apache_airflow/lib/python3.10/site-packages/airflow/example_dags/tutorial_dag.py for tasks to queue
[2023-04-17T09:04:32.806-0300] {logging_mixin.py:137} INFO - [2023-04-17T09:04:32.806-0300] {dagbag.py:532} INFO - Filling up the DagBag from /home/pepino/.virtualenvs/apache_airflow/lib/python3.10/site-packages/airflow/example_dags/tutorial_dag.py
[2023-04-17T09:04:32.820-0300] {processor.py:753} INFO - DAG(s) dict_keys(['tutorial_dag']) retrieved from /home/pepino/.virtualenvs/apache_airflow/lib/python3.10/site-packages/airflow/example_dags/tutorial_dag.py
[2023-04-17T09:04:32.830-0300] {logging_mixin.py:137} INFO - [2023-04-17T09:04:32.829-0300] {dag.py:2705} INFO - Sync 1 DAGs
[2023-04-17T09:04:32.838-0300] {logging_mixin.py:137} INFO - [2023-04-17T09:04:32.838-0300] {dag.py:3452} INFO - Setting next_dagrun for tutorial_dag to None, run_after=None
[2023-04-17T09:04:32.857-0300] {processor.py:175} INFO - Processing /home/pepino/.virtualenvs/apache_airflow/lib/python3.10/site-packages/airflow/example_dags/tutorial_dag.py took 0.065 seconds
[2023-04-17T09:05:12.861-0300] {processor.py:153} INFO - Started process (PID=82315) to work on /home/pepino/.virtualenvs/apache_airflow/lib/python3.10/site-packages/airflow/example_dags/tutorial_dag.py
[2023-04-17T09:05:12.870-0300] {processor.py:743} INFO - Processing file /home/pepino/.virtualenvs/apache_airflow/lib/python3.10/site-packages/airflow/example_dags/tutorial_dag.py for tasks to queue
[2023-04-17T09:05:12.870-0300] {logging_mixin.py:137} INFO - [2023-04-17T09:05:12.870-0300] {dagbag.py:532} INFO - Filling up the DagBag from /home/pepino/.virtualenvs/apache_airflow/lib/python3.10/site-packages/airflow/example_dags/tutorial_dag.py
[2023-04-17T09:05:12.883-0300] {processor.py:753} INFO - DAG(s) dict_keys(['tutorial_dag']) retrieved from /home/pepino/.virtualenvs/apache_airflow/lib/python3.10/site-packages/airflow/example_dags/tutorial_dag.py
[2023-04-17T09:05:12.900-0300] {logging_mixin.py:137} INFO - [2023-04-17T09:05:12.899-0300] {dag.py:2705} INFO - Sync 1 DAGs
[2023-04-17T09:05:12.914-0300] {logging_mixin.py:137} INFO - [2023-04-17T09:05:12.914-0300] {dag.py:3452} INFO - Setting next_dagrun for tutorial_dag to None, run_after=None
[2023-04-17T09:05:12.935-0300] {processor.py:175} INFO - Processing /home/pepino/.virtualenvs/apache_airflow/lib/python3.10/site-packages/airflow/example_dags/tutorial_dag.py took 0.076 seconds
[2023-04-17T09:05:57.110-0300] {processor.py:153} INFO - Started process (PID=82417) to work on /home/pepino/.virtualenvs/apache_airflow/lib/python3.10/site-packages/airflow/example_dags/tutorial_dag.py
[2023-04-17T09:05:57.118-0300] {processor.py:743} INFO - Processing file /home/pepino/.virtualenvs/apache_airflow/lib/python3.10/site-packages/airflow/example_dags/tutorial_dag.py for tasks to queue
[2023-04-17T09:05:57.119-0300] {logging_mixin.py:137} INFO - [2023-04-17T09:05:57.119-0300] {dagbag.py:532} INFO - Filling up the DagBag from /home/pepino/.virtualenvs/apache_airflow/lib/python3.10/site-packages/airflow/example_dags/tutorial_dag.py
[2023-04-17T09:05:57.128-0300] {processor.py:753} INFO - DAG(s) dict_keys(['tutorial_dag']) retrieved from /home/pepino/.virtualenvs/apache_airflow/lib/python3.10/site-packages/airflow/example_dags/tutorial_dag.py
[2023-04-17T09:05:57.138-0300] {logging_mixin.py:137} INFO - [2023-04-17T09:05:57.138-0300] {dag.py:2705} INFO - Sync 1 DAGs
[2023-04-17T09:05:57.148-0300] {logging_mixin.py:137} INFO - [2023-04-17T09:05:57.148-0300] {dag.py:3452} INFO - Setting next_dagrun for tutorial_dag to None, run_after=None
[2023-04-17T09:05:57.233-0300] {processor.py:175} INFO - Processing /home/pepino/.virtualenvs/apache_airflow/lib/python3.10/site-packages/airflow/example_dags/tutorial_dag.py took 0.127 seconds
[2023-04-17T09:06:41.850-0300] {processor.py:153} INFO - Started process (PID=82525) to work on /home/pepino/.virtualenvs/apache_airflow/lib/python3.10/site-packages/airflow/example_dags/tutorial_dag.py
[2023-04-17T09:06:41.851-0300] {processor.py:743} INFO - Processing file /home/pepino/.virtualenvs/apache_airflow/lib/python3.10/site-packages/airflow/example_dags/tutorial_dag.py for tasks to queue
[2023-04-17T09:06:41.852-0300] {logging_mixin.py:137} INFO - [2023-04-17T09:06:41.851-0300] {dagbag.py:532} INFO - Filling up the DagBag from /home/pepino/.virtualenvs/apache_airflow/lib/python3.10/site-packages/airflow/example_dags/tutorial_dag.py
[2023-04-17T09:06:41.861-0300] {processor.py:753} INFO - DAG(s) dict_keys(['tutorial_dag']) retrieved from /home/pepino/.virtualenvs/apache_airflow/lib/python3.10/site-packages/airflow/example_dags/tutorial_dag.py
[2023-04-17T09:06:41.871-0300] {logging_mixin.py:137} INFO - [2023-04-17T09:06:41.871-0300] {dag.py:2705} INFO - Sync 1 DAGs
[2023-04-17T09:06:41.881-0300] {logging_mixin.py:137} INFO - [2023-04-17T09:06:41.881-0300] {dag.py:3452} INFO - Setting next_dagrun for tutorial_dag to None, run_after=None
[2023-04-17T09:06:41.964-0300] {processor.py:175} INFO - Processing /home/pepino/.virtualenvs/apache_airflow/lib/python3.10/site-packages/airflow/example_dags/tutorial_dag.py took 0.119 seconds
[2023-04-17T09:07:35.215-0300] {processor.py:153} INFO - Started process (PID=82646) to work on /home/pepino/.virtualenvs/apache_airflow/lib/python3.10/site-packages/airflow/example_dags/tutorial_dag.py
[2023-04-17T09:07:35.224-0300] {processor.py:743} INFO - Processing file /home/pepino/.virtualenvs/apache_airflow/lib/python3.10/site-packages/airflow/example_dags/tutorial_dag.py for tasks to queue
[2023-04-17T09:07:35.225-0300] {logging_mixin.py:137} INFO - [2023-04-17T09:07:35.225-0300] {dagbag.py:532} INFO - Filling up the DagBag from /home/pepino/.virtualenvs/apache_airflow/lib/python3.10/site-packages/airflow/example_dags/tutorial_dag.py
[2023-04-17T09:07:35.237-0300] {processor.py:753} INFO - DAG(s) dict_keys(['tutorial_dag']) retrieved from /home/pepino/.virtualenvs/apache_airflow/lib/python3.10/site-packages/airflow/example_dags/tutorial_dag.py
[2023-04-17T09:07:35.246-0300] {logging_mixin.py:137} INFO - [2023-04-17T09:07:35.246-0300] {dag.py:2705} INFO - Sync 1 DAGs
[2023-04-17T09:07:35.322-0300] {logging_mixin.py:137} INFO - [2023-04-17T09:07:35.322-0300] {dag.py:3452} INFO - Setting next_dagrun for tutorial_dag to None, run_after=None
[2023-04-17T09:07:35.340-0300] {processor.py:175} INFO - Processing /home/pepino/.virtualenvs/apache_airflow/lib/python3.10/site-packages/airflow/example_dags/tutorial_dag.py took 0.130 seconds
[2023-04-17T09:08:26.065-0300] {processor.py:153} INFO - Started process (PID=82756) to work on /home/pepino/.virtualenvs/apache_airflow/lib/python3.10/site-packages/airflow/example_dags/tutorial_dag.py
[2023-04-17T09:08:26.074-0300] {processor.py:743} INFO - Processing file /home/pepino/.virtualenvs/apache_airflow/lib/python3.10/site-packages/airflow/example_dags/tutorial_dag.py for tasks to queue
[2023-04-17T09:08:26.075-0300] {logging_mixin.py:137} INFO - [2023-04-17T09:08:26.075-0300] {dagbag.py:532} INFO - Filling up the DagBag from /home/pepino/.virtualenvs/apache_airflow/lib/python3.10/site-packages/airflow/example_dags/tutorial_dag.py
[2023-04-17T09:08:26.091-0300] {processor.py:753} INFO - DAG(s) dict_keys(['tutorial_dag']) retrieved from /home/pepino/.virtualenvs/apache_airflow/lib/python3.10/site-packages/airflow/example_dags/tutorial_dag.py
[2023-04-17T09:08:26.162-0300] {logging_mixin.py:137} INFO - [2023-04-17T09:08:26.162-0300] {dag.py:2705} INFO - Sync 1 DAGs
[2023-04-17T09:08:26.170-0300] {logging_mixin.py:137} INFO - [2023-04-17T09:08:26.170-0300] {dag.py:3452} INFO - Setting next_dagrun for tutorial_dag to None, run_after=None
[2023-04-17T09:08:26.201-0300] {processor.py:175} INFO - Processing /home/pepino/.virtualenvs/apache_airflow/lib/python3.10/site-packages/airflow/example_dags/tutorial_dag.py took 0.138 seconds
