[2023-04-17T09:00:22.319-0300] {processor.py:153} INFO - Started process (PID=81601) to work on /home/pepino/.virtualenvs/apache_airflow/lib/python3.10/site-packages/airflow/example_dags/tutorial.py
[2023-04-17T09:00:22.320-0300] {processor.py:743} INFO - Processing file /home/pepino/.virtualenvs/apache_airflow/lib/python3.10/site-packages/airflow/example_dags/tutorial.py for tasks to queue
[2023-04-17T09:00:22.320-0300] {logging_mixin.py:137} INFO - [2023-04-17T09:00:22.320-0300] {dagbag.py:532} INFO - Filling up the DagBag from /home/pepino/.virtualenvs/apache_airflow/lib/python3.10/site-packages/airflow/example_dags/tutorial.py
[2023-04-17T09:00:22.329-0300] {processor.py:753} INFO - DAG(s) dict_keys(['tutorial']) retrieved from /home/pepino/.virtualenvs/apache_airflow/lib/python3.10/site-packages/airflow/example_dags/tutorial.py
[2023-04-17T09:00:22.340-0300] {logging_mixin.py:137} INFO - [2023-04-17T09:00:22.340-0300] {dag.py:2705} INFO - Sync 1 DAGs
[2023-04-17T09:00:22.351-0300] {logging_mixin.py:137} INFO - [2023-04-17T09:00:22.351-0300] {dag.py:3452} INFO - Setting next_dagrun for tutorial to 2023-04-16T12:00:22.351585+00:00, run_after=2023-04-17T12:00:22.351585+00:00
[2023-04-17T09:00:22.371-0300] {processor.py:175} INFO - Processing /home/pepino/.virtualenvs/apache_airflow/lib/python3.10/site-packages/airflow/example_dags/tutorial.py took 0.054 seconds
[2023-04-17T09:01:08.252-0300] {processor.py:153} INFO - Started process (PID=81724) to work on /home/pepino/.virtualenvs/apache_airflow/lib/python3.10/site-packages/airflow/example_dags/tutorial.py
[2023-04-17T09:01:08.261-0300] {processor.py:743} INFO - Processing file /home/pepino/.virtualenvs/apache_airflow/lib/python3.10/site-packages/airflow/example_dags/tutorial.py for tasks to queue
[2023-04-17T09:01:08.261-0300] {logging_mixin.py:137} INFO - [2023-04-17T09:01:08.261-0300] {dagbag.py:532} INFO - Filling up the DagBag from /home/pepino/.virtualenvs/apache_airflow/lib/python3.10/site-packages/airflow/example_dags/tutorial.py
[2023-04-17T09:01:08.277-0300] {processor.py:753} INFO - DAG(s) dict_keys(['tutorial']) retrieved from /home/pepino/.virtualenvs/apache_airflow/lib/python3.10/site-packages/airflow/example_dags/tutorial.py
[2023-04-17T09:01:08.286-0300] {logging_mixin.py:137} INFO - [2023-04-17T09:01:08.286-0300] {dag.py:2705} INFO - Sync 1 DAGs
[2023-04-17T09:01:08.295-0300] {logging_mixin.py:137} INFO - [2023-04-17T09:01:08.295-0300] {dag.py:3452} INFO - Setting next_dagrun for tutorial to 2023-04-16T12:01:08.294985+00:00, run_after=2023-04-17T12:01:08.294985+00:00
[2023-04-17T09:01:08.327-0300] {processor.py:175} INFO - Processing /home/pepino/.virtualenvs/apache_airflow/lib/python3.10/site-packages/airflow/example_dags/tutorial.py took 0.077 seconds
[2023-04-17T09:01:53.226-0300] {processor.py:153} INFO - Started process (PID=81824) to work on /home/pepino/.virtualenvs/apache_airflow/lib/python3.10/site-packages/airflow/example_dags/tutorial.py
[2023-04-17T09:01:53.241-0300] {processor.py:743} INFO - Processing file /home/pepino/.virtualenvs/apache_airflow/lib/python3.10/site-packages/airflow/example_dags/tutorial.py for tasks to queue
[2023-04-17T09:01:53.241-0300] {logging_mixin.py:137} INFO - [2023-04-17T09:01:53.241-0300] {dagbag.py:532} INFO - Filling up the DagBag from /home/pepino/.virtualenvs/apache_airflow/lib/python3.10/site-packages/airflow/example_dags/tutorial.py
[2023-04-17T09:01:53.252-0300] {processor.py:753} INFO - DAG(s) dict_keys(['tutorial']) retrieved from /home/pepino/.virtualenvs/apache_airflow/lib/python3.10/site-packages/airflow/example_dags/tutorial.py
[2023-04-17T09:01:53.268-0300] {logging_mixin.py:137} INFO - [2023-04-17T09:01:53.267-0300] {dag.py:2705} INFO - Sync 1 DAGs
[2023-04-17T09:01:53.281-0300] {logging_mixin.py:137} INFO - [2023-04-17T09:01:53.281-0300] {dag.py:3452} INFO - Setting next_dagrun for tutorial to 2023-04-16T12:01:53.281314+00:00, run_after=2023-04-17T12:01:53.281314+00:00
[2023-04-17T09:01:53.308-0300] {processor.py:175} INFO - Processing /home/pepino/.virtualenvs/apache_airflow/lib/python3.10/site-packages/airflow/example_dags/tutorial.py took 0.083 seconds
[2023-04-17T09:02:37.868-0300] {processor.py:153} INFO - Started process (PID=81907) to work on /home/pepino/.virtualenvs/apache_airflow/lib/python3.10/site-packages/airflow/example_dags/tutorial.py
[2023-04-17T09:02:37.876-0300] {processor.py:743} INFO - Processing file /home/pepino/.virtualenvs/apache_airflow/lib/python3.10/site-packages/airflow/example_dags/tutorial.py for tasks to queue
[2023-04-17T09:02:37.877-0300] {logging_mixin.py:137} INFO - [2023-04-17T09:02:37.877-0300] {dagbag.py:532} INFO - Filling up the DagBag from /home/pepino/.virtualenvs/apache_airflow/lib/python3.10/site-packages/airflow/example_dags/tutorial.py
[2023-04-17T09:02:37.893-0300] {processor.py:753} INFO - DAG(s) dict_keys(['tutorial']) retrieved from /home/pepino/.virtualenvs/apache_airflow/lib/python3.10/site-packages/airflow/example_dags/tutorial.py
[2023-04-17T09:02:37.902-0300] {logging_mixin.py:137} INFO - [2023-04-17T09:02:37.902-0300] {dag.py:2705} INFO - Sync 1 DAGs
[2023-04-17T09:02:37.912-0300] {logging_mixin.py:137} INFO - [2023-04-17T09:02:37.911-0300] {dag.py:3452} INFO - Setting next_dagrun for tutorial to 2023-04-16T12:02:37.911805+00:00, run_after=2023-04-17T12:02:37.911805+00:00
[2023-04-17T09:02:37.954-0300] {processor.py:175} INFO - Processing /home/pepino/.virtualenvs/apache_airflow/lib/python3.10/site-packages/airflow/example_dags/tutorial.py took 0.089 seconds
[2023-04-17T09:03:21.539-0300] {processor.py:153} INFO - Started process (PID=81993) to work on /home/pepino/.virtualenvs/apache_airflow/lib/python3.10/site-packages/airflow/example_dags/tutorial.py
[2023-04-17T09:03:21.548-0300] {processor.py:743} INFO - Processing file /home/pepino/.virtualenvs/apache_airflow/lib/python3.10/site-packages/airflow/example_dags/tutorial.py for tasks to queue
[2023-04-17T09:03:21.548-0300] {logging_mixin.py:137} INFO - [2023-04-17T09:03:21.548-0300] {dagbag.py:532} INFO - Filling up the DagBag from /home/pepino/.virtualenvs/apache_airflow/lib/python3.10/site-packages/airflow/example_dags/tutorial.py
[2023-04-17T09:03:21.564-0300] {processor.py:753} INFO - DAG(s) dict_keys(['tutorial']) retrieved from /home/pepino/.virtualenvs/apache_airflow/lib/python3.10/site-packages/airflow/example_dags/tutorial.py
[2023-04-17T09:03:21.573-0300] {logging_mixin.py:137} INFO - [2023-04-17T09:03:21.573-0300] {dag.py:2705} INFO - Sync 1 DAGs
[2023-04-17T09:03:21.582-0300] {logging_mixin.py:137} INFO - [2023-04-17T09:03:21.582-0300] {dag.py:3452} INFO - Setting next_dagrun for tutorial to 2023-04-16T12:03:21.582110+00:00, run_after=2023-04-17T12:03:21.582110+00:00
[2023-04-17T09:03:21.603-0300] {processor.py:175} INFO - Processing /home/pepino/.virtualenvs/apache_airflow/lib/python3.10/site-packages/airflow/example_dags/tutorial.py took 0.065 seconds
[2023-04-17T09:04:07.452-0300] {processor.py:153} INFO - Started process (PID=82128) to work on /home/pepino/.virtualenvs/apache_airflow/lib/python3.10/site-packages/airflow/example_dags/tutorial.py
[2023-04-17T09:04:07.461-0300] {processor.py:743} INFO - Processing file /home/pepino/.virtualenvs/apache_airflow/lib/python3.10/site-packages/airflow/example_dags/tutorial.py for tasks to queue
[2023-04-17T09:04:07.461-0300] {logging_mixin.py:137} INFO - [2023-04-17T09:04:07.461-0300] {dagbag.py:532} INFO - Filling up the DagBag from /home/pepino/.virtualenvs/apache_airflow/lib/python3.10/site-packages/airflow/example_dags/tutorial.py
[2023-04-17T09:04:07.477-0300] {processor.py:753} INFO - DAG(s) dict_keys(['tutorial']) retrieved from /home/pepino/.virtualenvs/apache_airflow/lib/python3.10/site-packages/airflow/example_dags/tutorial.py
[2023-04-17T09:04:07.487-0300] {logging_mixin.py:137} INFO - [2023-04-17T09:04:07.487-0300] {dag.py:2705} INFO - Sync 1 DAGs
[2023-04-17T09:04:07.496-0300] {logging_mixin.py:137} INFO - [2023-04-17T09:04:07.496-0300] {dag.py:3452} INFO - Setting next_dagrun for tutorial to 2023-04-16T12:04:07.496382+00:00, run_after=2023-04-17T12:04:07.496382+00:00
[2023-04-17T09:04:07.529-0300] {processor.py:175} INFO - Processing /home/pepino/.virtualenvs/apache_airflow/lib/python3.10/site-packages/airflow/example_dags/tutorial.py took 0.080 seconds
[2023-04-17T09:04:48.162-0300] {processor.py:153} INFO - Started process (PID=82250) to work on /home/pepino/.virtualenvs/apache_airflow/lib/python3.10/site-packages/airflow/example_dags/tutorial.py
[2023-04-17T09:04:48.170-0300] {processor.py:743} INFO - Processing file /home/pepino/.virtualenvs/apache_airflow/lib/python3.10/site-packages/airflow/example_dags/tutorial.py for tasks to queue
[2023-04-17T09:04:48.170-0300] {logging_mixin.py:137} INFO - [2023-04-17T09:04:48.170-0300] {dagbag.py:532} INFO - Filling up the DagBag from /home/pepino/.virtualenvs/apache_airflow/lib/python3.10/site-packages/airflow/example_dags/tutorial.py
[2023-04-17T09:04:48.178-0300] {processor.py:753} INFO - DAG(s) dict_keys(['tutorial']) retrieved from /home/pepino/.virtualenvs/apache_airflow/lib/python3.10/site-packages/airflow/example_dags/tutorial.py
[2023-04-17T09:04:48.188-0300] {logging_mixin.py:137} INFO - [2023-04-17T09:04:48.188-0300] {dag.py:2705} INFO - Sync 1 DAGs
[2023-04-17T09:04:48.199-0300] {logging_mixin.py:137} INFO - [2023-04-17T09:04:48.199-0300] {dag.py:3452} INFO - Setting next_dagrun for tutorial to 2023-04-16T12:04:48.199405+00:00, run_after=2023-04-17T12:04:48.199405+00:00
[2023-04-17T09:04:48.220-0300] {processor.py:175} INFO - Processing /home/pepino/.virtualenvs/apache_airflow/lib/python3.10/site-packages/airflow/example_dags/tutorial.py took 0.060 seconds
[2023-04-17T09:05:30.962-0300] {processor.py:153} INFO - Started process (PID=82352) to work on /home/pepino/.virtualenvs/apache_airflow/lib/python3.10/site-packages/airflow/example_dags/tutorial.py
[2023-04-17T09:05:30.970-0300] {processor.py:743} INFO - Processing file /home/pepino/.virtualenvs/apache_airflow/lib/python3.10/site-packages/airflow/example_dags/tutorial.py for tasks to queue
[2023-04-17T09:05:30.971-0300] {logging_mixin.py:137} INFO - [2023-04-17T09:05:30.971-0300] {dagbag.py:532} INFO - Filling up the DagBag from /home/pepino/.virtualenvs/apache_airflow/lib/python3.10/site-packages/airflow/example_dags/tutorial.py
[2023-04-17T09:05:30.987-0300] {processor.py:753} INFO - DAG(s) dict_keys(['tutorial']) retrieved from /home/pepino/.virtualenvs/apache_airflow/lib/python3.10/site-packages/airflow/example_dags/tutorial.py
[2023-04-17T09:05:30.997-0300] {logging_mixin.py:137} INFO - [2023-04-17T09:05:30.996-0300] {dag.py:2705} INFO - Sync 1 DAGs
[2023-04-17T09:05:31.005-0300] {logging_mixin.py:137} INFO - [2023-04-17T09:05:31.005-0300] {dag.py:3452} INFO - Setting next_dagrun for tutorial to 2023-04-16T12:05:31.005647+00:00, run_after=2023-04-17T12:05:31.005647+00:00
[2023-04-17T09:05:31.024-0300] {processor.py:175} INFO - Processing /home/pepino/.virtualenvs/apache_airflow/lib/python3.10/site-packages/airflow/example_dags/tutorial.py took 0.067 seconds
[2023-04-17T09:06:25.743-0300] {processor.py:153} INFO - Started process (PID=82496) to work on /home/pepino/.virtualenvs/apache_airflow/lib/python3.10/site-packages/airflow/example_dags/tutorial.py
[2023-04-17T09:06:25.752-0300] {processor.py:743} INFO - Processing file /home/pepino/.virtualenvs/apache_airflow/lib/python3.10/site-packages/airflow/example_dags/tutorial.py for tasks to queue
[2023-04-17T09:06:25.753-0300] {logging_mixin.py:137} INFO - [2023-04-17T09:06:25.753-0300] {dagbag.py:532} INFO - Filling up the DagBag from /home/pepino/.virtualenvs/apache_airflow/lib/python3.10/site-packages/airflow/example_dags/tutorial.py
[2023-04-17T09:06:25.767-0300] {processor.py:753} INFO - DAG(s) dict_keys(['tutorial']) retrieved from /home/pepino/.virtualenvs/apache_airflow/lib/python3.10/site-packages/airflow/example_dags/tutorial.py
[2023-04-17T09:06:25.776-0300] {logging_mixin.py:137} INFO - [2023-04-17T09:06:25.776-0300] {dag.py:2705} INFO - Sync 1 DAGs
[2023-04-17T09:06:25.787-0300] {logging_mixin.py:137} INFO - [2023-04-17T09:06:25.787-0300] {dag.py:3452} INFO - Setting next_dagrun for tutorial to 2023-04-16T12:06:25.787453+00:00, run_after=2023-04-17T12:06:25.787453+00:00
[2023-04-17T09:06:25.880-0300] {processor.py:175} INFO - Processing /home/pepino/.virtualenvs/apache_airflow/lib/python3.10/site-packages/airflow/example_dags/tutorial.py took 0.140 seconds
[2023-04-17T09:07:21.524-0300] {processor.py:153} INFO - Started process (PID=82619) to work on /home/pepino/.virtualenvs/apache_airflow/lib/python3.10/site-packages/airflow/example_dags/tutorial.py
[2023-04-17T09:07:21.532-0300] {processor.py:743} INFO - Processing file /home/pepino/.virtualenvs/apache_airflow/lib/python3.10/site-packages/airflow/example_dags/tutorial.py for tasks to queue
[2023-04-17T09:07:21.533-0300] {logging_mixin.py:137} INFO - [2023-04-17T09:07:21.533-0300] {dagbag.py:532} INFO - Filling up the DagBag from /home/pepino/.virtualenvs/apache_airflow/lib/python3.10/site-packages/airflow/example_dags/tutorial.py
[2023-04-17T09:07:21.548-0300] {processor.py:753} INFO - DAG(s) dict_keys(['tutorial']) retrieved from /home/pepino/.virtualenvs/apache_airflow/lib/python3.10/site-packages/airflow/example_dags/tutorial.py
[2023-04-17T09:07:21.558-0300] {logging_mixin.py:137} INFO - [2023-04-17T09:07:21.558-0300] {dag.py:2705} INFO - Sync 1 DAGs
[2023-04-17T09:07:21.630-0300] {logging_mixin.py:137} INFO - [2023-04-17T09:07:21.630-0300] {dag.py:3452} INFO - Setting next_dagrun for tutorial to 2023-04-16T12:07:21.630652+00:00, run_after=2023-04-17T12:07:21.630652+00:00
[2023-04-17T09:07:21.657-0300] {processor.py:175} INFO - Processing /home/pepino/.virtualenvs/apache_airflow/lib/python3.10/site-packages/airflow/example_dags/tutorial.py took 0.138 seconds
[2023-04-17T09:08:13.519-0300] {processor.py:153} INFO - Started process (PID=82737) to work on /home/pepino/.virtualenvs/apache_airflow/lib/python3.10/site-packages/airflow/example_dags/tutorial.py
[2023-04-17T09:08:13.527-0300] {processor.py:743} INFO - Processing file /home/pepino/.virtualenvs/apache_airflow/lib/python3.10/site-packages/airflow/example_dags/tutorial.py for tasks to queue
[2023-04-17T09:08:13.527-0300] {logging_mixin.py:137} INFO - [2023-04-17T09:08:13.527-0300] {dagbag.py:532} INFO - Filling up the DagBag from /home/pepino/.virtualenvs/apache_airflow/lib/python3.10/site-packages/airflow/example_dags/tutorial.py
[2023-04-17T09:08:13.539-0300] {processor.py:753} INFO - DAG(s) dict_keys(['tutorial']) retrieved from /home/pepino/.virtualenvs/apache_airflow/lib/python3.10/site-packages/airflow/example_dags/tutorial.py
[2023-04-17T09:08:13.613-0300] {logging_mixin.py:137} INFO - [2023-04-17T09:08:13.613-0300] {dag.py:2705} INFO - Sync 1 DAGs
[2023-04-17T09:08:13.623-0300] {logging_mixin.py:137} INFO - [2023-04-17T09:08:13.623-0300] {dag.py:3452} INFO - Setting next_dagrun for tutorial to 2023-04-16T12:08:13.623030+00:00, run_after=2023-04-17T12:08:13.623030+00:00
[2023-04-17T09:08:13.644-0300] {processor.py:175} INFO - Processing /home/pepino/.virtualenvs/apache_airflow/lib/python3.10/site-packages/airflow/example_dags/tutorial.py took 0.127 seconds
