[2023-04-17T09:00:18.324-0300] {processor.py:153} INFO - Started process (PID=81577) to work on /home/pepino/.virtualenvs/apache_airflow/lib/python3.10/site-packages/airflow/example_dags/tutorial_taskflow_api.py
[2023-04-17T09:00:18.324-0300] {processor.py:743} INFO - Processing file /home/pepino/.virtualenvs/apache_airflow/lib/python3.10/site-packages/airflow/example_dags/tutorial_taskflow_api.py for tasks to queue
[2023-04-17T09:00:18.325-0300] {logging_mixin.py:137} INFO - [2023-04-17T09:00:18.325-0300] {dagbag.py:532} INFO - Filling up the DagBag from /home/pepino/.virtualenvs/apache_airflow/lib/python3.10/site-packages/airflow/example_dags/tutorial_taskflow_api.py
[2023-04-17T09:00:18.341-0300] {processor.py:753} INFO - DAG(s) dict_keys(['tutorial_taskflow_api']) retrieved from /home/pepino/.virtualenvs/apache_airflow/lib/python3.10/site-packages/airflow/example_dags/tutorial_taskflow_api.py
[2023-04-17T09:00:18.354-0300] {logging_mixin.py:137} INFO - [2023-04-17T09:00:18.354-0300] {dag.py:2705} INFO - Sync 1 DAGs
[2023-04-17T09:00:18.370-0300] {logging_mixin.py:137} INFO - [2023-04-17T09:00:18.370-0300] {dag.py:3452} INFO - Setting next_dagrun for tutorial_taskflow_api to None, run_after=None
[2023-04-17T09:00:18.390-0300] {processor.py:175} INFO - Processing /home/pepino/.virtualenvs/apache_airflow/lib/python3.10/site-packages/airflow/example_dags/tutorial_taskflow_api.py took 0.069 seconds
[2023-04-17T09:01:02.557-0300] {processor.py:153} INFO - Started process (PID=81709) to work on /home/pepino/.virtualenvs/apache_airflow/lib/python3.10/site-packages/airflow/example_dags/tutorial_taskflow_api.py
[2023-04-17T09:01:02.566-0300] {processor.py:743} INFO - Processing file /home/pepino/.virtualenvs/apache_airflow/lib/python3.10/site-packages/airflow/example_dags/tutorial_taskflow_api.py for tasks to queue
[2023-04-17T09:01:02.566-0300] {logging_mixin.py:137} INFO - [2023-04-17T09:01:02.566-0300] {dagbag.py:532} INFO - Filling up the DagBag from /home/pepino/.virtualenvs/apache_airflow/lib/python3.10/site-packages/airflow/example_dags/tutorial_taskflow_api.py
[2023-04-17T09:01:02.584-0300] {processor.py:753} INFO - DAG(s) dict_keys(['tutorial_taskflow_api']) retrieved from /home/pepino/.virtualenvs/apache_airflow/lib/python3.10/site-packages/airflow/example_dags/tutorial_taskflow_api.py
[2023-04-17T09:01:02.593-0300] {logging_mixin.py:137} INFO - [2023-04-17T09:01:02.593-0300] {dag.py:2705} INFO - Sync 1 DAGs
[2023-04-17T09:01:02.602-0300] {logging_mixin.py:137} INFO - [2023-04-17T09:01:02.602-0300] {dag.py:3452} INFO - Setting next_dagrun for tutorial_taskflow_api to None, run_after=None
[2023-04-17T09:01:02.619-0300] {processor.py:175} INFO - Processing /home/pepino/.virtualenvs/apache_airflow/lib/python3.10/site-packages/airflow/example_dags/tutorial_taskflow_api.py took 0.065 seconds
[2023-04-17T09:01:48.339-0300] {processor.py:153} INFO - Started process (PID=81811) to work on /home/pepino/.virtualenvs/apache_airflow/lib/python3.10/site-packages/airflow/example_dags/tutorial_taskflow_api.py
[2023-04-17T09:01:48.340-0300] {processor.py:743} INFO - Processing file /home/pepino/.virtualenvs/apache_airflow/lib/python3.10/site-packages/airflow/example_dags/tutorial_taskflow_api.py for tasks to queue
[2023-04-17T09:01:48.341-0300] {logging_mixin.py:137} INFO - [2023-04-17T09:01:48.341-0300] {dagbag.py:532} INFO - Filling up the DagBag from /home/pepino/.virtualenvs/apache_airflow/lib/python3.10/site-packages/airflow/example_dags/tutorial_taskflow_api.py
[2023-04-17T09:01:48.355-0300] {processor.py:753} INFO - DAG(s) dict_keys(['tutorial_taskflow_api']) retrieved from /home/pepino/.virtualenvs/apache_airflow/lib/python3.10/site-packages/airflow/example_dags/tutorial_taskflow_api.py
[2023-04-17T09:01:48.364-0300] {logging_mixin.py:137} INFO - [2023-04-17T09:01:48.364-0300] {dag.py:2705} INFO - Sync 1 DAGs
[2023-04-17T09:01:48.374-0300] {logging_mixin.py:137} INFO - [2023-04-17T09:01:48.374-0300] {dag.py:3452} INFO - Setting next_dagrun for tutorial_taskflow_api to None, run_after=None
[2023-04-17T09:01:48.436-0300] {processor.py:175} INFO - Processing /home/pepino/.virtualenvs/apache_airflow/lib/python3.10/site-packages/airflow/example_dags/tutorial_taskflow_api.py took 0.103 seconds
[2023-04-17T09:02:31.529-0300] {processor.py:153} INFO - Started process (PID=81892) to work on /home/pepino/.virtualenvs/apache_airflow/lib/python3.10/site-packages/airflow/example_dags/tutorial_taskflow_api.py
[2023-04-17T09:02:31.532-0300] {processor.py:743} INFO - Processing file /home/pepino/.virtualenvs/apache_airflow/lib/python3.10/site-packages/airflow/example_dags/tutorial_taskflow_api.py for tasks to queue
[2023-04-17T09:02:31.532-0300] {logging_mixin.py:137} INFO - [2023-04-17T09:02:31.532-0300] {dagbag.py:532} INFO - Filling up the DagBag from /home/pepino/.virtualenvs/apache_airflow/lib/python3.10/site-packages/airflow/example_dags/tutorial_taskflow_api.py
[2023-04-17T09:02:31.549-0300] {processor.py:753} INFO - DAG(s) dict_keys(['tutorial_taskflow_api']) retrieved from /home/pepino/.virtualenvs/apache_airflow/lib/python3.10/site-packages/airflow/example_dags/tutorial_taskflow_api.py
[2023-04-17T09:02:31.558-0300] {logging_mixin.py:137} INFO - [2023-04-17T09:02:31.558-0300] {dag.py:2705} INFO - Sync 1 DAGs
[2023-04-17T09:02:31.567-0300] {logging_mixin.py:137} INFO - [2023-04-17T09:02:31.567-0300] {dag.py:3452} INFO - Setting next_dagrun for tutorial_taskflow_api to None, run_after=None
[2023-04-17T09:02:31.601-0300] {processor.py:175} INFO - Processing /home/pepino/.virtualenvs/apache_airflow/lib/python3.10/site-packages/airflow/example_dags/tutorial_taskflow_api.py took 0.076 seconds
[2023-04-17T09:03:16.654-0300] {processor.py:153} INFO - Started process (PID=81985) to work on /home/pepino/.virtualenvs/apache_airflow/lib/python3.10/site-packages/airflow/example_dags/tutorial_taskflow_api.py
[2023-04-17T09:03:16.663-0300] {processor.py:743} INFO - Processing file /home/pepino/.virtualenvs/apache_airflow/lib/python3.10/site-packages/airflow/example_dags/tutorial_taskflow_api.py for tasks to queue
[2023-04-17T09:03:16.664-0300] {logging_mixin.py:137} INFO - [2023-04-17T09:03:16.664-0300] {dagbag.py:532} INFO - Filling up the DagBag from /home/pepino/.virtualenvs/apache_airflow/lib/python3.10/site-packages/airflow/example_dags/tutorial_taskflow_api.py
[2023-04-17T09:03:16.683-0300] {processor.py:753} INFO - DAG(s) dict_keys(['tutorial_taskflow_api']) retrieved from /home/pepino/.virtualenvs/apache_airflow/lib/python3.10/site-packages/airflow/example_dags/tutorial_taskflow_api.py
[2023-04-17T09:03:16.693-0300] {logging_mixin.py:137} INFO - [2023-04-17T09:03:16.692-0300] {dag.py:2705} INFO - Sync 1 DAGs
[2023-04-17T09:03:16.701-0300] {logging_mixin.py:137} INFO - [2023-04-17T09:03:16.701-0300] {dag.py:3452} INFO - Setting next_dagrun for tutorial_taskflow_api to None, run_after=None
[2023-04-17T09:03:16.719-0300] {processor.py:175} INFO - Processing /home/pepino/.virtualenvs/apache_airflow/lib/python3.10/site-packages/airflow/example_dags/tutorial_taskflow_api.py took 0.069 seconds
[2023-04-17T09:04:02.831-0300] {processor.py:153} INFO - Started process (PID=82118) to work on /home/pepino/.virtualenvs/apache_airflow/lib/python3.10/site-packages/airflow/example_dags/tutorial_taskflow_api.py
[2023-04-17T09:04:02.840-0300] {processor.py:743} INFO - Processing file /home/pepino/.virtualenvs/apache_airflow/lib/python3.10/site-packages/airflow/example_dags/tutorial_taskflow_api.py for tasks to queue
[2023-04-17T09:04:02.841-0300] {logging_mixin.py:137} INFO - [2023-04-17T09:04:02.840-0300] {dagbag.py:532} INFO - Filling up the DagBag from /home/pepino/.virtualenvs/apache_airflow/lib/python3.10/site-packages/airflow/example_dags/tutorial_taskflow_api.py
[2023-04-17T09:04:02.861-0300] {processor.py:753} INFO - DAG(s) dict_keys(['tutorial_taskflow_api']) retrieved from /home/pepino/.virtualenvs/apache_airflow/lib/python3.10/site-packages/airflow/example_dags/tutorial_taskflow_api.py
[2023-04-17T09:04:02.872-0300] {logging_mixin.py:137} INFO - [2023-04-17T09:04:02.872-0300] {dag.py:2705} INFO - Sync 1 DAGs
[2023-04-17T09:04:02.882-0300] {logging_mixin.py:137} INFO - [2023-04-17T09:04:02.882-0300] {dag.py:3452} INFO - Setting next_dagrun for tutorial_taskflow_api to None, run_after=None
[2023-04-17T09:04:02.901-0300] {processor.py:175} INFO - Processing /home/pepino/.virtualenvs/apache_airflow/lib/python3.10/site-packages/airflow/example_dags/tutorial_taskflow_api.py took 0.075 seconds
[2023-04-17T09:04:43.081-0300] {processor.py:153} INFO - Started process (PID=82212) to work on /home/pepino/.virtualenvs/apache_airflow/lib/python3.10/site-packages/airflow/example_dags/tutorial_taskflow_api.py
[2023-04-17T09:04:43.089-0300] {processor.py:743} INFO - Processing file /home/pepino/.virtualenvs/apache_airflow/lib/python3.10/site-packages/airflow/example_dags/tutorial_taskflow_api.py for tasks to queue
[2023-04-17T09:04:43.090-0300] {logging_mixin.py:137} INFO - [2023-04-17T09:04:43.090-0300] {dagbag.py:532} INFO - Filling up the DagBag from /home/pepino/.virtualenvs/apache_airflow/lib/python3.10/site-packages/airflow/example_dags/tutorial_taskflow_api.py
[2023-04-17T09:04:43.101-0300] {processor.py:753} INFO - DAG(s) dict_keys(['tutorial_taskflow_api']) retrieved from /home/pepino/.virtualenvs/apache_airflow/lib/python3.10/site-packages/airflow/example_dags/tutorial_taskflow_api.py
[2023-04-17T09:04:43.110-0300] {logging_mixin.py:137} INFO - [2023-04-17T09:04:43.110-0300] {dag.py:2705} INFO - Sync 1 DAGs
[2023-04-17T09:04:43.119-0300] {logging_mixin.py:137} INFO - [2023-04-17T09:04:43.119-0300] {dag.py:3452} INFO - Setting next_dagrun for tutorial_taskflow_api to None, run_after=None
[2023-04-17T09:04:43.141-0300] {processor.py:175} INFO - Processing /home/pepino/.virtualenvs/apache_airflow/lib/python3.10/site-packages/airflow/example_dags/tutorial_taskflow_api.py took 0.061 seconds
[2023-04-17T09:05:25.803-0300] {processor.py:153} INFO - Started process (PID=82342) to work on /home/pepino/.virtualenvs/apache_airflow/lib/python3.10/site-packages/airflow/example_dags/tutorial_taskflow_api.py
[2023-04-17T09:05:25.812-0300] {processor.py:743} INFO - Processing file /home/pepino/.virtualenvs/apache_airflow/lib/python3.10/site-packages/airflow/example_dags/tutorial_taskflow_api.py for tasks to queue
[2023-04-17T09:05:25.813-0300] {logging_mixin.py:137} INFO - [2023-04-17T09:05:25.813-0300] {dagbag.py:532} INFO - Filling up the DagBag from /home/pepino/.virtualenvs/apache_airflow/lib/python3.10/site-packages/airflow/example_dags/tutorial_taskflow_api.py
[2023-04-17T09:05:25.832-0300] {processor.py:753} INFO - DAG(s) dict_keys(['tutorial_taskflow_api']) retrieved from /home/pepino/.virtualenvs/apache_airflow/lib/python3.10/site-packages/airflow/example_dags/tutorial_taskflow_api.py
[2023-04-17T09:05:25.841-0300] {logging_mixin.py:137} INFO - [2023-04-17T09:05:25.841-0300] {dag.py:2705} INFO - Sync 1 DAGs
[2023-04-17T09:05:25.851-0300] {logging_mixin.py:137} INFO - [2023-04-17T09:05:25.851-0300] {dag.py:3452} INFO - Setting next_dagrun for tutorial_taskflow_api to None, run_after=None
[2023-04-17T09:05:25.939-0300] {processor.py:175} INFO - Processing /home/pepino/.virtualenvs/apache_airflow/lib/python3.10/site-packages/airflow/example_dags/tutorial_taskflow_api.py took 0.140 seconds
[2023-04-17T09:06:20.101-0300] {processor.py:153} INFO - Started process (PID=82488) to work on /home/pepino/.virtualenvs/apache_airflow/lib/python3.10/site-packages/airflow/example_dags/tutorial_taskflow_api.py
[2023-04-17T09:06:20.110-0300] {processor.py:743} INFO - Processing file /home/pepino/.virtualenvs/apache_airflow/lib/python3.10/site-packages/airflow/example_dags/tutorial_taskflow_api.py for tasks to queue
[2023-04-17T09:06:20.111-0300] {logging_mixin.py:137} INFO - [2023-04-17T09:06:20.110-0300] {dagbag.py:532} INFO - Filling up the DagBag from /home/pepino/.virtualenvs/apache_airflow/lib/python3.10/site-packages/airflow/example_dags/tutorial_taskflow_api.py
[2023-04-17T09:06:20.130-0300] {processor.py:753} INFO - DAG(s) dict_keys(['tutorial_taskflow_api']) retrieved from /home/pepino/.virtualenvs/apache_airflow/lib/python3.10/site-packages/airflow/example_dags/tutorial_taskflow_api.py
[2023-04-17T09:06:20.140-0300] {logging_mixin.py:137} INFO - [2023-04-17T09:06:20.140-0300] {dag.py:2705} INFO - Sync 1 DAGs
[2023-04-17T09:06:20.216-0300] {logging_mixin.py:137} INFO - [2023-04-17T09:06:20.216-0300] {dag.py:3452} INFO - Setting next_dagrun for tutorial_taskflow_api to None, run_after=None
[2023-04-17T09:06:20.241-0300] {processor.py:175} INFO - Processing /home/pepino/.virtualenvs/apache_airflow/lib/python3.10/site-packages/airflow/example_dags/tutorial_taskflow_api.py took 0.145 seconds
[2023-04-17T09:07:16.735-0300] {processor.py:153} INFO - Started process (PID=82609) to work on /home/pepino/.virtualenvs/apache_airflow/lib/python3.10/site-packages/airflow/example_dags/tutorial_taskflow_api.py
[2023-04-17T09:07:16.744-0300] {processor.py:743} INFO - Processing file /home/pepino/.virtualenvs/apache_airflow/lib/python3.10/site-packages/airflow/example_dags/tutorial_taskflow_api.py for tasks to queue
[2023-04-17T09:07:16.745-0300] {logging_mixin.py:137} INFO - [2023-04-17T09:07:16.745-0300] {dagbag.py:532} INFO - Filling up the DagBag from /home/pepino/.virtualenvs/apache_airflow/lib/python3.10/site-packages/airflow/example_dags/tutorial_taskflow_api.py
[2023-04-17T09:07:16.765-0300] {processor.py:753} INFO - DAG(s) dict_keys(['tutorial_taskflow_api']) retrieved from /home/pepino/.virtualenvs/apache_airflow/lib/python3.10/site-packages/airflow/example_dags/tutorial_taskflow_api.py
[2023-04-17T09:07:16.776-0300] {logging_mixin.py:137} INFO - [2023-04-17T09:07:16.776-0300] {dag.py:2705} INFO - Sync 1 DAGs
[2023-04-17T09:07:16.848-0300] {logging_mixin.py:137} INFO - [2023-04-17T09:07:16.848-0300] {dag.py:3452} INFO - Setting next_dagrun for tutorial_taskflow_api to None, run_after=None
[2023-04-17T09:07:16.883-0300] {processor.py:175} INFO - Processing /home/pepino/.virtualenvs/apache_airflow/lib/python3.10/site-packages/airflow/example_dags/tutorial_taskflow_api.py took 0.152 seconds
[2023-04-17T09:08:09.145-0300] {processor.py:153} INFO - Started process (PID=82729) to work on /home/pepino/.virtualenvs/apache_airflow/lib/python3.10/site-packages/airflow/example_dags/tutorial_taskflow_api.py
[2023-04-17T09:08:09.153-0300] {processor.py:743} INFO - Processing file /home/pepino/.virtualenvs/apache_airflow/lib/python3.10/site-packages/airflow/example_dags/tutorial_taskflow_api.py for tasks to queue
[2023-04-17T09:08:09.155-0300] {logging_mixin.py:137} INFO - [2023-04-17T09:08:09.154-0300] {dagbag.py:532} INFO - Filling up the DagBag from /home/pepino/.virtualenvs/apache_airflow/lib/python3.10/site-packages/airflow/example_dags/tutorial_taskflow_api.py
[2023-04-17T09:08:09.173-0300] {processor.py:753} INFO - DAG(s) dict_keys(['tutorial_taskflow_api']) retrieved from /home/pepino/.virtualenvs/apache_airflow/lib/python3.10/site-packages/airflow/example_dags/tutorial_taskflow_api.py
[2023-04-17T09:08:09.249-0300] {logging_mixin.py:137} INFO - [2023-04-17T09:08:09.249-0300] {dag.py:2705} INFO - Sync 1 DAGs
[2023-04-17T09:08:09.259-0300] {logging_mixin.py:137} INFO - [2023-04-17T09:08:09.259-0300] {dag.py:3452} INFO - Setting next_dagrun for tutorial_taskflow_api to None, run_after=None
[2023-04-17T09:08:09.286-0300] {processor.py:175} INFO - Processing /home/pepino/.virtualenvs/apache_airflow/lib/python3.10/site-packages/airflow/example_dags/tutorial_taskflow_api.py took 0.145 seconds
