[2023-04-17T09:00:06.454-0300] {processor.py:153} INFO - Started process (PID=81481) to work on /home/pepino/.virtualenvs/apache_airflow/lib/python3.10/site-packages/airflow/example_dags/tutorial_taskflow_api_virtualenv.py
[2023-04-17T09:00:06.454-0300] {processor.py:743} INFO - Processing file /home/pepino/.virtualenvs/apache_airflow/lib/python3.10/site-packages/airflow/example_dags/tutorial_taskflow_api_virtualenv.py for tasks to queue
[2023-04-17T09:00:06.454-0300] {logging_mixin.py:137} INFO - [2023-04-17T09:00:06.454-0300] {dagbag.py:532} INFO - Filling up the DagBag from /home/pepino/.virtualenvs/apache_airflow/lib/python3.10/site-packages/airflow/example_dags/tutorial_taskflow_api_virtualenv.py
[2023-04-17T09:00:06.468-0300] {processor.py:753} INFO - DAG(s) dict_keys(['tutorial_taskflow_api_virtualenv']) retrieved from /home/pepino/.virtualenvs/apache_airflow/lib/python3.10/site-packages/airflow/example_dags/tutorial_taskflow_api_virtualenv.py
[2023-04-17T09:00:06.479-0300] {logging_mixin.py:137} INFO - [2023-04-17T09:00:06.478-0300] {dag.py:2705} INFO - Sync 1 DAGs
[2023-04-17T09:00:06.490-0300] {logging_mixin.py:137} INFO - [2023-04-17T09:00:06.490-0300] {dag.py:3452} INFO - Setting next_dagrun for tutorial_taskflow_api_virtualenv to None, run_after=None
[2023-04-17T09:00:06.508-0300] {processor.py:175} INFO - Processing /home/pepino/.virtualenvs/apache_airflow/lib/python3.10/site-packages/airflow/example_dags/tutorial_taskflow_api_virtualenv.py took 0.056 seconds
[2023-04-17T09:00:50.499-0300] {processor.py:153} INFO - Started process (PID=81682) to work on /home/pepino/.virtualenvs/apache_airflow/lib/python3.10/site-packages/airflow/example_dags/tutorial_taskflow_api_virtualenv.py
[2023-04-17T09:00:50.508-0300] {processor.py:743} INFO - Processing file /home/pepino/.virtualenvs/apache_airflow/lib/python3.10/site-packages/airflow/example_dags/tutorial_taskflow_api_virtualenv.py for tasks to queue
[2023-04-17T09:00:50.509-0300] {logging_mixin.py:137} INFO - [2023-04-17T09:00:50.509-0300] {dagbag.py:532} INFO - Filling up the DagBag from /home/pepino/.virtualenvs/apache_airflow/lib/python3.10/site-packages/airflow/example_dags/tutorial_taskflow_api_virtualenv.py
[2023-04-17T09:00:50.530-0300] {processor.py:753} INFO - DAG(s) dict_keys(['tutorial_taskflow_api_virtualenv']) retrieved from /home/pepino/.virtualenvs/apache_airflow/lib/python3.10/site-packages/airflow/example_dags/tutorial_taskflow_api_virtualenv.py
[2023-04-17T09:00:50.540-0300] {logging_mixin.py:137} INFO - [2023-04-17T09:00:50.540-0300] {dag.py:2705} INFO - Sync 1 DAGs
[2023-04-17T09:00:50.549-0300] {logging_mixin.py:137} INFO - [2023-04-17T09:00:50.549-0300] {dag.py:3452} INFO - Setting next_dagrun for tutorial_taskflow_api_virtualenv to None, run_after=None
[2023-04-17T09:00:50.598-0300] {processor.py:175} INFO - Processing /home/pepino/.virtualenvs/apache_airflow/lib/python3.10/site-packages/airflow/example_dags/tutorial_taskflow_api_virtualenv.py took 0.103 seconds
[2023-04-17T09:01:34.561-0300] {processor.py:153} INFO - Started process (PID=81772) to work on /home/pepino/.virtualenvs/apache_airflow/lib/python3.10/site-packages/airflow/example_dags/tutorial_taskflow_api_virtualenv.py
[2023-04-17T09:01:34.570-0300] {processor.py:743} INFO - Processing file /home/pepino/.virtualenvs/apache_airflow/lib/python3.10/site-packages/airflow/example_dags/tutorial_taskflow_api_virtualenv.py for tasks to queue
[2023-04-17T09:01:34.571-0300] {logging_mixin.py:137} INFO - [2023-04-17T09:01:34.571-0300] {dagbag.py:532} INFO - Filling up the DagBag from /home/pepino/.virtualenvs/apache_airflow/lib/python3.10/site-packages/airflow/example_dags/tutorial_taskflow_api_virtualenv.py
[2023-04-17T09:01:34.592-0300] {processor.py:753} INFO - DAG(s) dict_keys(['tutorial_taskflow_api_virtualenv']) retrieved from /home/pepino/.virtualenvs/apache_airflow/lib/python3.10/site-packages/airflow/example_dags/tutorial_taskflow_api_virtualenv.py
[2023-04-17T09:01:34.601-0300] {logging_mixin.py:137} INFO - [2023-04-17T09:01:34.601-0300] {dag.py:2705} INFO - Sync 1 DAGs
[2023-04-17T09:01:34.611-0300] {logging_mixin.py:137} INFO - [2023-04-17T09:01:34.611-0300] {dag.py:3452} INFO - Setting next_dagrun for tutorial_taskflow_api_virtualenv to None, run_after=None
[2023-04-17T09:01:34.635-0300] {processor.py:175} INFO - Processing /home/pepino/.virtualenvs/apache_airflow/lib/python3.10/site-packages/airflow/example_dags/tutorial_taskflow_api_virtualenv.py took 0.078 seconds
[2023-04-17T09:02:19.467-0300] {processor.py:153} INFO - Started process (PID=81870) to work on /home/pepino/.virtualenvs/apache_airflow/lib/python3.10/site-packages/airflow/example_dags/tutorial_taskflow_api_virtualenv.py
[2023-04-17T09:02:19.476-0300] {processor.py:743} INFO - Processing file /home/pepino/.virtualenvs/apache_airflow/lib/python3.10/site-packages/airflow/example_dags/tutorial_taskflow_api_virtualenv.py for tasks to queue
[2023-04-17T09:02:19.477-0300] {logging_mixin.py:137} INFO - [2023-04-17T09:02:19.477-0300] {dagbag.py:532} INFO - Filling up the DagBag from /home/pepino/.virtualenvs/apache_airflow/lib/python3.10/site-packages/airflow/example_dags/tutorial_taskflow_api_virtualenv.py
[2023-04-17T09:02:19.497-0300] {processor.py:753} INFO - DAG(s) dict_keys(['tutorial_taskflow_api_virtualenv']) retrieved from /home/pepino/.virtualenvs/apache_airflow/lib/python3.10/site-packages/airflow/example_dags/tutorial_taskflow_api_virtualenv.py
[2023-04-17T09:02:19.507-0300] {logging_mixin.py:137} INFO - [2023-04-17T09:02:19.507-0300] {dag.py:2705} INFO - Sync 1 DAGs
[2023-04-17T09:02:19.516-0300] {logging_mixin.py:137} INFO - [2023-04-17T09:02:19.516-0300] {dag.py:3452} INFO - Setting next_dagrun for tutorial_taskflow_api_virtualenv to None, run_after=None
[2023-04-17T09:02:19.535-0300] {processor.py:175} INFO - Processing /home/pepino/.virtualenvs/apache_airflow/lib/python3.10/site-packages/airflow/example_dags/tutorial_taskflow_api_virtualenv.py took 0.072 seconds
[2023-04-17T09:03:00.817-0300] {processor.py:153} INFO - Started process (PID=81948) to work on /home/pepino/.virtualenvs/apache_airflow/lib/python3.10/site-packages/airflow/example_dags/tutorial_taskflow_api_virtualenv.py
[2023-04-17T09:03:00.826-0300] {processor.py:743} INFO - Processing file /home/pepino/.virtualenvs/apache_airflow/lib/python3.10/site-packages/airflow/example_dags/tutorial_taskflow_api_virtualenv.py for tasks to queue
[2023-04-17T09:03:00.827-0300] {logging_mixin.py:137} INFO - [2023-04-17T09:03:00.827-0300] {dagbag.py:532} INFO - Filling up the DagBag from /home/pepino/.virtualenvs/apache_airflow/lib/python3.10/site-packages/airflow/example_dags/tutorial_taskflow_api_virtualenv.py
[2023-04-17T09:03:00.849-0300] {processor.py:753} INFO - DAG(s) dict_keys(['tutorial_taskflow_api_virtualenv']) retrieved from /home/pepino/.virtualenvs/apache_airflow/lib/python3.10/site-packages/airflow/example_dags/tutorial_taskflow_api_virtualenv.py
[2023-04-17T09:03:00.859-0300] {logging_mixin.py:137} INFO - [2023-04-17T09:03:00.859-0300] {dag.py:2705} INFO - Sync 1 DAGs
[2023-04-17T09:03:00.868-0300] {logging_mixin.py:137} INFO - [2023-04-17T09:03:00.867-0300] {dag.py:3452} INFO - Setting next_dagrun for tutorial_taskflow_api_virtualenv to None, run_after=None
[2023-04-17T09:03:00.885-0300] {processor.py:175} INFO - Processing /home/pepino/.virtualenvs/apache_airflow/lib/python3.10/site-packages/airflow/example_dags/tutorial_taskflow_api_virtualenv.py took 0.070 seconds
[2023-04-17T09:03:45.921-0300] {processor.py:153} INFO - Started process (PID=82072) to work on /home/pepino/.virtualenvs/apache_airflow/lib/python3.10/site-packages/airflow/example_dags/tutorial_taskflow_api_virtualenv.py
[2023-04-17T09:03:45.930-0300] {processor.py:743} INFO - Processing file /home/pepino/.virtualenvs/apache_airflow/lib/python3.10/site-packages/airflow/example_dags/tutorial_taskflow_api_virtualenv.py for tasks to queue
[2023-04-17T09:03:45.931-0300] {logging_mixin.py:137} INFO - [2023-04-17T09:03:45.931-0300] {dagbag.py:532} INFO - Filling up the DagBag from /home/pepino/.virtualenvs/apache_airflow/lib/python3.10/site-packages/airflow/example_dags/tutorial_taskflow_api_virtualenv.py
[2023-04-17T09:03:45.950-0300] {processor.py:753} INFO - DAG(s) dict_keys(['tutorial_taskflow_api_virtualenv']) retrieved from /home/pepino/.virtualenvs/apache_airflow/lib/python3.10/site-packages/airflow/example_dags/tutorial_taskflow_api_virtualenv.py
[2023-04-17T09:03:45.961-0300] {logging_mixin.py:137} INFO - [2023-04-17T09:03:45.961-0300] {dag.py:2705} INFO - Sync 1 DAGs
[2023-04-17T09:03:45.971-0300] {logging_mixin.py:137} INFO - [2023-04-17T09:03:45.971-0300] {dag.py:3452} INFO - Setting next_dagrun for tutorial_taskflow_api_virtualenv to None, run_after=None
[2023-04-17T09:03:46.006-0300] {processor.py:175} INFO - Processing /home/pepino/.virtualenvs/apache_airflow/lib/python3.10/site-packages/airflow/example_dags/tutorial_taskflow_api_virtualenv.py took 0.089 seconds
[2023-04-17T09:04:28.895-0300] {processor.py:153} INFO - Started process (PID=82175) to work on /home/pepino/.virtualenvs/apache_airflow/lib/python3.10/site-packages/airflow/example_dags/tutorial_taskflow_api_virtualenv.py
[2023-04-17T09:04:28.904-0300] {processor.py:743} INFO - Processing file /home/pepino/.virtualenvs/apache_airflow/lib/python3.10/site-packages/airflow/example_dags/tutorial_taskflow_api_virtualenv.py for tasks to queue
[2023-04-17T09:04:28.905-0300] {logging_mixin.py:137} INFO - [2023-04-17T09:04:28.904-0300] {dagbag.py:532} INFO - Filling up the DagBag from /home/pepino/.virtualenvs/apache_airflow/lib/python3.10/site-packages/airflow/example_dags/tutorial_taskflow_api_virtualenv.py
[2023-04-17T09:04:28.924-0300] {processor.py:753} INFO - DAG(s) dict_keys(['tutorial_taskflow_api_virtualenv']) retrieved from /home/pepino/.virtualenvs/apache_airflow/lib/python3.10/site-packages/airflow/example_dags/tutorial_taskflow_api_virtualenv.py
[2023-04-17T09:04:28.933-0300] {logging_mixin.py:137} INFO - [2023-04-17T09:04:28.933-0300] {dag.py:2705} INFO - Sync 1 DAGs
[2023-04-17T09:04:28.942-0300] {logging_mixin.py:137} INFO - [2023-04-17T09:04:28.942-0300] {dag.py:3452} INFO - Setting next_dagrun for tutorial_taskflow_api_virtualenv to None, run_after=None
[2023-04-17T09:04:28.959-0300] {processor.py:175} INFO - Processing /home/pepino/.virtualenvs/apache_airflow/lib/python3.10/site-packages/airflow/example_dags/tutorial_taskflow_api_virtualenv.py took 0.069 seconds
[2023-04-17T09:05:08.853-0300] {processor.py:153} INFO - Started process (PID=82308) to work on /home/pepino/.virtualenvs/apache_airflow/lib/python3.10/site-packages/airflow/example_dags/tutorial_taskflow_api_virtualenv.py
[2023-04-17T09:05:08.863-0300] {processor.py:743} INFO - Processing file /home/pepino/.virtualenvs/apache_airflow/lib/python3.10/site-packages/airflow/example_dags/tutorial_taskflow_api_virtualenv.py for tasks to queue
[2023-04-17T09:05:08.863-0300] {logging_mixin.py:137} INFO - [2023-04-17T09:05:08.863-0300] {dagbag.py:532} INFO - Filling up the DagBag from /home/pepino/.virtualenvs/apache_airflow/lib/python3.10/site-packages/airflow/example_dags/tutorial_taskflow_api_virtualenv.py
[2023-04-17T09:05:08.880-0300] {processor.py:753} INFO - DAG(s) dict_keys(['tutorial_taskflow_api_virtualenv']) retrieved from /home/pepino/.virtualenvs/apache_airflow/lib/python3.10/site-packages/airflow/example_dags/tutorial_taskflow_api_virtualenv.py
[2023-04-17T09:05:08.892-0300] {logging_mixin.py:137} INFO - [2023-04-17T09:05:08.892-0300] {dag.py:2705} INFO - Sync 1 DAGs
[2023-04-17T09:05:08.902-0300] {logging_mixin.py:137} INFO - [2023-04-17T09:05:08.902-0300] {dag.py:3452} INFO - Setting next_dagrun for tutorial_taskflow_api_virtualenv to None, run_after=None
[2023-04-17T09:05:08.924-0300] {processor.py:175} INFO - Processing /home/pepino/.virtualenvs/apache_airflow/lib/python3.10/site-packages/airflow/example_dags/tutorial_taskflow_api_virtualenv.py took 0.076 seconds
[2023-04-17T09:05:52.390-0300] {processor.py:153} INFO - Started process (PID=82397) to work on /home/pepino/.virtualenvs/apache_airflow/lib/python3.10/site-packages/airflow/example_dags/tutorial_taskflow_api_virtualenv.py
[2023-04-17T09:05:52.391-0300] {processor.py:743} INFO - Processing file /home/pepino/.virtualenvs/apache_airflow/lib/python3.10/site-packages/airflow/example_dags/tutorial_taskflow_api_virtualenv.py for tasks to queue
[2023-04-17T09:05:52.391-0300] {logging_mixin.py:137} INFO - [2023-04-17T09:05:52.391-0300] {dagbag.py:532} INFO - Filling up the DagBag from /home/pepino/.virtualenvs/apache_airflow/lib/python3.10/site-packages/airflow/example_dags/tutorial_taskflow_api_virtualenv.py
[2023-04-17T09:05:52.406-0300] {processor.py:753} INFO - DAG(s) dict_keys(['tutorial_taskflow_api_virtualenv']) retrieved from /home/pepino/.virtualenvs/apache_airflow/lib/python3.10/site-packages/airflow/example_dags/tutorial_taskflow_api_virtualenv.py
[2023-04-17T09:05:52.415-0300] {logging_mixin.py:137} INFO - [2023-04-17T09:05:52.415-0300] {dag.py:2705} INFO - Sync 1 DAGs
[2023-04-17T09:05:52.425-0300] {logging_mixin.py:137} INFO - [2023-04-17T09:05:52.425-0300] {dag.py:3452} INFO - Setting next_dagrun for tutorial_taskflow_api_virtualenv to None, run_after=None
[2023-04-17T09:05:52.505-0300] {processor.py:175} INFO - Processing /home/pepino/.virtualenvs/apache_airflow/lib/python3.10/site-packages/airflow/example_dags/tutorial_taskflow_api_virtualenv.py took 0.120 seconds
[2023-04-17T09:06:38.096-0300] {processor.py:153} INFO - Started process (PID=82514) to work on /home/pepino/.virtualenvs/apache_airflow/lib/python3.10/site-packages/airflow/example_dags/tutorial_taskflow_api_virtualenv.py
[2023-04-17T09:06:38.097-0300] {processor.py:743} INFO - Processing file /home/pepino/.virtualenvs/apache_airflow/lib/python3.10/site-packages/airflow/example_dags/tutorial_taskflow_api_virtualenv.py for tasks to queue
[2023-04-17T09:06:38.098-0300] {logging_mixin.py:137} INFO - [2023-04-17T09:06:38.098-0300] {dagbag.py:532} INFO - Filling up the DagBag from /home/pepino/.virtualenvs/apache_airflow/lib/python3.10/site-packages/airflow/example_dags/tutorial_taskflow_api_virtualenv.py
[2023-04-17T09:06:38.113-0300] {processor.py:753} INFO - DAG(s) dict_keys(['tutorial_taskflow_api_virtualenv']) retrieved from /home/pepino/.virtualenvs/apache_airflow/lib/python3.10/site-packages/airflow/example_dags/tutorial_taskflow_api_virtualenv.py
[2023-04-17T09:06:38.123-0300] {logging_mixin.py:137} INFO - [2023-04-17T09:06:38.123-0300] {dag.py:2705} INFO - Sync 1 DAGs
[2023-04-17T09:06:38.197-0300] {logging_mixin.py:137} INFO - [2023-04-17T09:06:38.197-0300] {dag.py:3452} INFO - Setting next_dagrun for tutorial_taskflow_api_virtualenv to None, run_after=None
[2023-04-17T09:06:38.238-0300] {processor.py:175} INFO - Processing /home/pepino/.virtualenvs/apache_airflow/lib/python3.10/site-packages/airflow/example_dags/tutorial_taskflow_api_virtualenv.py took 0.143 seconds
[2023-04-17T09:07:30.518-0300] {processor.py:153} INFO - Started process (PID=82634) to work on /home/pepino/.virtualenvs/apache_airflow/lib/python3.10/site-packages/airflow/example_dags/tutorial_taskflow_api_virtualenv.py
[2023-04-17T09:07:30.526-0300] {processor.py:743} INFO - Processing file /home/pepino/.virtualenvs/apache_airflow/lib/python3.10/site-packages/airflow/example_dags/tutorial_taskflow_api_virtualenv.py for tasks to queue
[2023-04-17T09:07:30.527-0300] {logging_mixin.py:137} INFO - [2023-04-17T09:07:30.527-0300] {dagbag.py:532} INFO - Filling up the DagBag from /home/pepino/.virtualenvs/apache_airflow/lib/python3.10/site-packages/airflow/example_dags/tutorial_taskflow_api_virtualenv.py
[2023-04-17T09:07:30.543-0300] {processor.py:753} INFO - DAG(s) dict_keys(['tutorial_taskflow_api_virtualenv']) retrieved from /home/pepino/.virtualenvs/apache_airflow/lib/python3.10/site-packages/airflow/example_dags/tutorial_taskflow_api_virtualenv.py
[2023-04-17T09:07:30.623-0300] {logging_mixin.py:137} INFO - [2023-04-17T09:07:30.623-0300] {dag.py:2705} INFO - Sync 1 DAGs
[2023-04-17T09:07:30.632-0300] {logging_mixin.py:137} INFO - [2023-04-17T09:07:30.632-0300] {dag.py:3452} INFO - Setting next_dagrun for tutorial_taskflow_api_virtualenv to None, run_after=None
[2023-04-17T09:07:30.658-0300] {processor.py:175} INFO - Processing /home/pepino/.virtualenvs/apache_airflow/lib/python3.10/site-packages/airflow/example_dags/tutorial_taskflow_api_virtualenv.py took 0.144 seconds
[2023-04-17T09:08:21.093-0300] {processor.py:153} INFO - Started process (PID=82752) to work on /home/pepino/.virtualenvs/apache_airflow/lib/python3.10/site-packages/airflow/example_dags/tutorial_taskflow_api_virtualenv.py
[2023-04-17T09:08:21.102-0300] {processor.py:743} INFO - Processing file /home/pepino/.virtualenvs/apache_airflow/lib/python3.10/site-packages/airflow/example_dags/tutorial_taskflow_api_virtualenv.py for tasks to queue
[2023-04-17T09:08:21.103-0300] {logging_mixin.py:137} INFO - [2023-04-17T09:08:21.103-0300] {dagbag.py:532} INFO - Filling up the DagBag from /home/pepino/.virtualenvs/apache_airflow/lib/python3.10/site-packages/airflow/example_dags/tutorial_taskflow_api_virtualenv.py
[2023-04-17T09:08:21.122-0300] {processor.py:753} INFO - DAG(s) dict_keys(['tutorial_taskflow_api_virtualenv']) retrieved from /home/pepino/.virtualenvs/apache_airflow/lib/python3.10/site-packages/airflow/example_dags/tutorial_taskflow_api_virtualenv.py
[2023-04-17T09:08:21.197-0300] {logging_mixin.py:137} INFO - [2023-04-17T09:08:21.197-0300] {dag.py:2705} INFO - Sync 1 DAGs
[2023-04-17T09:08:21.207-0300] {logging_mixin.py:137} INFO - [2023-04-17T09:08:21.207-0300] {dag.py:3452} INFO - Setting next_dagrun for tutorial_taskflow_api_virtualenv to None, run_after=None
[2023-04-17T09:08:21.261-0300] {processor.py:175} INFO - Processing /home/pepino/.virtualenvs/apache_airflow/lib/python3.10/site-packages/airflow/example_dags/tutorial_taskflow_api_virtualenv.py took 0.172 seconds
