[2023-04-15T10:34:05.719-0300] {processor.py:153} INFO - Started process (PID=12519) to work on /home/pepino/.virtualenvs/apache_airflow/lib/python3.10/site-packages/airflow/example_dags/plugins/event_listener.py
[2023-04-15T10:34:05.719-0300] {processor.py:743} INFO - Processing file /home/pepino/.virtualenvs/apache_airflow/lib/python3.10/site-packages/airflow/example_dags/plugins/event_listener.py for tasks to queue
[2023-04-15T10:34:05.720-0300] {logging_mixin.py:137} INFO - [2023-04-15T10:34:05.720-0300] {dagbag.py:532} INFO - Filling up the DagBag from /home/pepino/.virtualenvs/apache_airflow/lib/python3.10/site-packages/airflow/example_dags/plugins/event_listener.py
[2023-04-15T10:34:05.720-0300] {processor.py:755} WARNING - No viable dags retrieved from /home/pepino/.virtualenvs/apache_airflow/lib/python3.10/site-packages/airflow/example_dags/plugins/event_listener.py
[2023-04-15T10:34:05.725-0300] {processor.py:175} INFO - Processing /home/pepino/.virtualenvs/apache_airflow/lib/python3.10/site-packages/airflow/example_dags/plugins/event_listener.py took 0.009 seconds
[2023-04-15T10:34:52.090-0300] {processor.py:153} INFO - Started process (PID=12636) to work on /home/pepino/.virtualenvs/apache_airflow/lib/python3.10/site-packages/airflow/example_dags/plugins/event_listener.py
[2023-04-15T10:34:52.098-0300] {processor.py:743} INFO - Processing file /home/pepino/.virtualenvs/apache_airflow/lib/python3.10/site-packages/airflow/example_dags/plugins/event_listener.py for tasks to queue
[2023-04-15T10:34:52.099-0300] {logging_mixin.py:137} INFO - [2023-04-15T10:34:52.099-0300] {dagbag.py:532} INFO - Filling up the DagBag from /home/pepino/.virtualenvs/apache_airflow/lib/python3.10/site-packages/airflow/example_dags/plugins/event_listener.py
[2023-04-15T10:34:52.102-0300] {processor.py:755} WARNING - No viable dags retrieved from /home/pepino/.virtualenvs/apache_airflow/lib/python3.10/site-packages/airflow/example_dags/plugins/event_listener.py
[2023-04-15T10:34:52.107-0300] {processor.py:175} INFO - Processing /home/pepino/.virtualenvs/apache_airflow/lib/python3.10/site-packages/airflow/example_dags/plugins/event_listener.py took 0.018 seconds
[2023-04-15T10:35:33.743-0300] {processor.py:153} INFO - Started process (PID=12714) to work on /home/pepino/.virtualenvs/apache_airflow/lib/python3.10/site-packages/airflow/example_dags/plugins/event_listener.py
[2023-04-15T10:35:33.752-0300] {processor.py:743} INFO - Processing file /home/pepino/.virtualenvs/apache_airflow/lib/python3.10/site-packages/airflow/example_dags/plugins/event_listener.py for tasks to queue
[2023-04-15T10:35:33.753-0300] {logging_mixin.py:137} INFO - [2023-04-15T10:35:33.753-0300] {dagbag.py:532} INFO - Filling up the DagBag from /home/pepino/.virtualenvs/apache_airflow/lib/python3.10/site-packages/airflow/example_dags/plugins/event_listener.py
[2023-04-15T10:35:33.755-0300] {processor.py:755} WARNING - No viable dags retrieved from /home/pepino/.virtualenvs/apache_airflow/lib/python3.10/site-packages/airflow/example_dags/plugins/event_listener.py
[2023-04-15T10:35:33.766-0300] {processor.py:175} INFO - Processing /home/pepino/.virtualenvs/apache_airflow/lib/python3.10/site-packages/airflow/example_dags/plugins/event_listener.py took 0.027 seconds
[2023-04-15T10:36:15.461-0300] {processor.py:153} INFO - Started process (PID=12783) to work on /home/pepino/.virtualenvs/apache_airflow/lib/python3.10/site-packages/airflow/example_dags/plugins/event_listener.py
[2023-04-15T10:36:15.470-0300] {processor.py:743} INFO - Processing file /home/pepino/.virtualenvs/apache_airflow/lib/python3.10/site-packages/airflow/example_dags/plugins/event_listener.py for tasks to queue
[2023-04-15T10:36:15.471-0300] {logging_mixin.py:137} INFO - [2023-04-15T10:36:15.471-0300] {dagbag.py:532} INFO - Filling up the DagBag from /home/pepino/.virtualenvs/apache_airflow/lib/python3.10/site-packages/airflow/example_dags/plugins/event_listener.py
[2023-04-15T10:36:15.473-0300] {processor.py:755} WARNING - No viable dags retrieved from /home/pepino/.virtualenvs/apache_airflow/lib/python3.10/site-packages/airflow/example_dags/plugins/event_listener.py
[2023-04-15T10:36:15.479-0300] {processor.py:175} INFO - Processing /home/pepino/.virtualenvs/apache_airflow/lib/python3.10/site-packages/airflow/example_dags/plugins/event_listener.py took 0.020 seconds
[2023-04-15T10:37:02.215-0300] {processor.py:153} INFO - Started process (PID=12862) to work on /home/pepino/.virtualenvs/apache_airflow/lib/python3.10/site-packages/airflow/example_dags/plugins/event_listener.py
[2023-04-15T10:37:02.223-0300] {processor.py:743} INFO - Processing file /home/pepino/.virtualenvs/apache_airflow/lib/python3.10/site-packages/airflow/example_dags/plugins/event_listener.py for tasks to queue
[2023-04-15T10:37:02.224-0300] {logging_mixin.py:137} INFO - [2023-04-15T10:37:02.224-0300] {dagbag.py:532} INFO - Filling up the DagBag from /home/pepino/.virtualenvs/apache_airflow/lib/python3.10/site-packages/airflow/example_dags/plugins/event_listener.py
[2023-04-15T10:37:02.226-0300] {processor.py:755} WARNING - No viable dags retrieved from /home/pepino/.virtualenvs/apache_airflow/lib/python3.10/site-packages/airflow/example_dags/plugins/event_listener.py
[2023-04-15T10:37:02.236-0300] {processor.py:175} INFO - Processing /home/pepino/.virtualenvs/apache_airflow/lib/python3.10/site-packages/airflow/example_dags/plugins/event_listener.py took 0.024 seconds
[2023-04-15T10:37:47.843-0300] {processor.py:153} INFO - Started process (PID=12944) to work on /home/pepino/.virtualenvs/apache_airflow/lib/python3.10/site-packages/airflow/example_dags/plugins/event_listener.py
[2023-04-15T10:37:47.852-0300] {processor.py:743} INFO - Processing file /home/pepino/.virtualenvs/apache_airflow/lib/python3.10/site-packages/airflow/example_dags/plugins/event_listener.py for tasks to queue
[2023-04-15T10:37:47.853-0300] {logging_mixin.py:137} INFO - [2023-04-15T10:37:47.852-0300] {dagbag.py:532} INFO - Filling up the DagBag from /home/pepino/.virtualenvs/apache_airflow/lib/python3.10/site-packages/airflow/example_dags/plugins/event_listener.py
[2023-04-15T10:37:47.855-0300] {processor.py:755} WARNING - No viable dags retrieved from /home/pepino/.virtualenvs/apache_airflow/lib/python3.10/site-packages/airflow/example_dags/plugins/event_listener.py
[2023-04-15T10:37:47.866-0300] {processor.py:175} INFO - Processing /home/pepino/.virtualenvs/apache_airflow/lib/python3.10/site-packages/airflow/example_dags/plugins/event_listener.py took 0.024 seconds
[2023-04-15T10:38:26.571-0300] {processor.py:153} INFO - Started process (PID=13015) to work on /home/pepino/.virtualenvs/apache_airflow/lib/python3.10/site-packages/airflow/example_dags/plugins/event_listener.py
[2023-04-15T10:38:26.571-0300] {processor.py:743} INFO - Processing file /home/pepino/.virtualenvs/apache_airflow/lib/python3.10/site-packages/airflow/example_dags/plugins/event_listener.py for tasks to queue
[2023-04-15T10:38:26.572-0300] {logging_mixin.py:137} INFO - [2023-04-15T10:38:26.572-0300] {dagbag.py:532} INFO - Filling up the DagBag from /home/pepino/.virtualenvs/apache_airflow/lib/python3.10/site-packages/airflow/example_dags/plugins/event_listener.py
[2023-04-15T10:38:26.572-0300] {processor.py:755} WARNING - No viable dags retrieved from /home/pepino/.virtualenvs/apache_airflow/lib/python3.10/site-packages/airflow/example_dags/plugins/event_listener.py
[2023-04-15T10:38:26.581-0300] {processor.py:175} INFO - Processing /home/pepino/.virtualenvs/apache_airflow/lib/python3.10/site-packages/airflow/example_dags/plugins/event_listener.py took 0.011 seconds
[2023-04-15T10:39:09.020-0300] {processor.py:153} INFO - Started process (PID=13112) to work on /home/pepino/.virtualenvs/apache_airflow/lib/python3.10/site-packages/airflow/example_dags/plugins/event_listener.py
[2023-04-15T10:39:09.028-0300] {processor.py:743} INFO - Processing file /home/pepino/.virtualenvs/apache_airflow/lib/python3.10/site-packages/airflow/example_dags/plugins/event_listener.py for tasks to queue
[2023-04-15T10:39:09.029-0300] {logging_mixin.py:137} INFO - [2023-04-15T10:39:09.029-0300] {dagbag.py:532} INFO - Filling up the DagBag from /home/pepino/.virtualenvs/apache_airflow/lib/python3.10/site-packages/airflow/example_dags/plugins/event_listener.py
[2023-04-15T10:39:09.032-0300] {processor.py:755} WARNING - No viable dags retrieved from /home/pepino/.virtualenvs/apache_airflow/lib/python3.10/site-packages/airflow/example_dags/plugins/event_listener.py
[2023-04-15T10:39:09.037-0300] {processor.py:175} INFO - Processing /home/pepino/.virtualenvs/apache_airflow/lib/python3.10/site-packages/airflow/example_dags/plugins/event_listener.py took 0.018 seconds
[2023-04-15T10:39:52.389-0300] {processor.py:153} INFO - Started process (PID=13213) to work on /home/pepino/.virtualenvs/apache_airflow/lib/python3.10/site-packages/airflow/example_dags/plugins/event_listener.py
[2023-04-15T10:39:52.397-0300] {processor.py:743} INFO - Processing file /home/pepino/.virtualenvs/apache_airflow/lib/python3.10/site-packages/airflow/example_dags/plugins/event_listener.py for tasks to queue
[2023-04-15T10:39:52.398-0300] {logging_mixin.py:137} INFO - [2023-04-15T10:39:52.398-0300] {dagbag.py:532} INFO - Filling up the DagBag from /home/pepino/.virtualenvs/apache_airflow/lib/python3.10/site-packages/airflow/example_dags/plugins/event_listener.py
[2023-04-15T10:39:52.400-0300] {processor.py:755} WARNING - No viable dags retrieved from /home/pepino/.virtualenvs/apache_airflow/lib/python3.10/site-packages/airflow/example_dags/plugins/event_listener.py
[2023-04-15T10:39:52.411-0300] {processor.py:175} INFO - Processing /home/pepino/.virtualenvs/apache_airflow/lib/python3.10/site-packages/airflow/example_dags/plugins/event_listener.py took 0.024 seconds
[2023-04-15T10:40:37.904-0300] {processor.py:153} INFO - Started process (PID=13292) to work on /home/pepino/.virtualenvs/apache_airflow/lib/python3.10/site-packages/airflow/example_dags/plugins/event_listener.py
[2023-04-15T10:40:37.905-0300] {processor.py:743} INFO - Processing file /home/pepino/.virtualenvs/apache_airflow/lib/python3.10/site-packages/airflow/example_dags/plugins/event_listener.py for tasks to queue
[2023-04-15T10:40:37.906-0300] {logging_mixin.py:137} INFO - [2023-04-15T10:40:37.906-0300] {dagbag.py:532} INFO - Filling up the DagBag from /home/pepino/.virtualenvs/apache_airflow/lib/python3.10/site-packages/airflow/example_dags/plugins/event_listener.py
[2023-04-15T10:40:37.908-0300] {processor.py:755} WARNING - No viable dags retrieved from /home/pepino/.virtualenvs/apache_airflow/lib/python3.10/site-packages/airflow/example_dags/plugins/event_listener.py
[2023-04-15T10:40:37.916-0300] {processor.py:175} INFO - Processing /home/pepino/.virtualenvs/apache_airflow/lib/python3.10/site-packages/airflow/example_dags/plugins/event_listener.py took 0.016 seconds
[2023-04-15T10:41:21.874-0300] {processor.py:153} INFO - Started process (PID=13421) to work on /home/pepino/.virtualenvs/apache_airflow/lib/python3.10/site-packages/airflow/example_dags/plugins/event_listener.py
[2023-04-15T10:41:21.882-0300] {processor.py:743} INFO - Processing file /home/pepino/.virtualenvs/apache_airflow/lib/python3.10/site-packages/airflow/example_dags/plugins/event_listener.py for tasks to queue
[2023-04-15T10:41:21.883-0300] {logging_mixin.py:137} INFO - [2023-04-15T10:41:21.883-0300] {dagbag.py:532} INFO - Filling up the DagBag from /home/pepino/.virtualenvs/apache_airflow/lib/python3.10/site-packages/airflow/example_dags/plugins/event_listener.py
[2023-04-15T10:41:21.886-0300] {processor.py:755} WARNING - No viable dags retrieved from /home/pepino/.virtualenvs/apache_airflow/lib/python3.10/site-packages/airflow/example_dags/plugins/event_listener.py
[2023-04-15T10:41:21.896-0300] {processor.py:175} INFO - Processing /home/pepino/.virtualenvs/apache_airflow/lib/python3.10/site-packages/airflow/example_dags/plugins/event_listener.py took 0.024 seconds
[2023-04-15T10:42:05.276-0300] {processor.py:153} INFO - Started process (PID=13527) to work on /home/pepino/.virtualenvs/apache_airflow/lib/python3.10/site-packages/airflow/example_dags/plugins/event_listener.py
[2023-04-15T10:42:05.284-0300] {processor.py:743} INFO - Processing file /home/pepino/.virtualenvs/apache_airflow/lib/python3.10/site-packages/airflow/example_dags/plugins/event_listener.py for tasks to queue
[2023-04-15T10:42:05.285-0300] {logging_mixin.py:137} INFO - [2023-04-15T10:42:05.285-0300] {dagbag.py:532} INFO - Filling up the DagBag from /home/pepino/.virtualenvs/apache_airflow/lib/python3.10/site-packages/airflow/example_dags/plugins/event_listener.py
[2023-04-15T10:42:05.288-0300] {processor.py:755} WARNING - No viable dags retrieved from /home/pepino/.virtualenvs/apache_airflow/lib/python3.10/site-packages/airflow/example_dags/plugins/event_listener.py
[2023-04-15T10:42:05.299-0300] {processor.py:175} INFO - Processing /home/pepino/.virtualenvs/apache_airflow/lib/python3.10/site-packages/airflow/example_dags/plugins/event_listener.py took 0.026 seconds
[2023-04-15T10:42:50.846-0300] {processor.py:153} INFO - Started process (PID=13685) to work on /home/pepino/.virtualenvs/apache_airflow/lib/python3.10/site-packages/airflow/example_dags/plugins/event_listener.py
[2023-04-15T10:42:50.853-0300] {processor.py:743} INFO - Processing file /home/pepino/.virtualenvs/apache_airflow/lib/python3.10/site-packages/airflow/example_dags/plugins/event_listener.py for tasks to queue
[2023-04-15T10:42:50.854-0300] {logging_mixin.py:137} INFO - [2023-04-15T10:42:50.854-0300] {dagbag.py:532} INFO - Filling up the DagBag from /home/pepino/.virtualenvs/apache_airflow/lib/python3.10/site-packages/airflow/example_dags/plugins/event_listener.py
[2023-04-15T10:42:50.854-0300] {processor.py:755} WARNING - No viable dags retrieved from /home/pepino/.virtualenvs/apache_airflow/lib/python3.10/site-packages/airflow/example_dags/plugins/event_listener.py
[2023-04-15T10:42:50.859-0300] {processor.py:175} INFO - Processing /home/pepino/.virtualenvs/apache_airflow/lib/python3.10/site-packages/airflow/example_dags/plugins/event_listener.py took 0.015 seconds
[2023-04-15T10:43:33.069-0300] {processor.py:153} INFO - Started process (PID=13859) to work on /home/pepino/.virtualenvs/apache_airflow/lib/python3.10/site-packages/airflow/example_dags/plugins/event_listener.py
[2023-04-15T10:43:33.077-0300] {processor.py:743} INFO - Processing file /home/pepino/.virtualenvs/apache_airflow/lib/python3.10/site-packages/airflow/example_dags/plugins/event_listener.py for tasks to queue
[2023-04-15T10:43:33.078-0300] {logging_mixin.py:137} INFO - [2023-04-15T10:43:33.078-0300] {dagbag.py:532} INFO - Filling up the DagBag from /home/pepino/.virtualenvs/apache_airflow/lib/python3.10/site-packages/airflow/example_dags/plugins/event_listener.py
[2023-04-15T10:43:33.080-0300] {processor.py:755} WARNING - No viable dags retrieved from /home/pepino/.virtualenvs/apache_airflow/lib/python3.10/site-packages/airflow/example_dags/plugins/event_listener.py
[2023-04-15T10:43:33.090-0300] {processor.py:175} INFO - Processing /home/pepino/.virtualenvs/apache_airflow/lib/python3.10/site-packages/airflow/example_dags/plugins/event_listener.py took 0.023 seconds
[2023-04-15T10:44:19.459-0300] {processor.py:153} INFO - Started process (PID=14001) to work on /home/pepino/.virtualenvs/apache_airflow/lib/python3.10/site-packages/airflow/example_dags/plugins/event_listener.py
[2023-04-15T10:44:19.467-0300] {processor.py:743} INFO - Processing file /home/pepino/.virtualenvs/apache_airflow/lib/python3.10/site-packages/airflow/example_dags/plugins/event_listener.py for tasks to queue
[2023-04-15T10:44:19.468-0300] {logging_mixin.py:137} INFO - [2023-04-15T10:44:19.468-0300] {dagbag.py:532} INFO - Filling up the DagBag from /home/pepino/.virtualenvs/apache_airflow/lib/python3.10/site-packages/airflow/example_dags/plugins/event_listener.py
[2023-04-15T10:44:19.469-0300] {processor.py:755} WARNING - No viable dags retrieved from /home/pepino/.virtualenvs/apache_airflow/lib/python3.10/site-packages/airflow/example_dags/plugins/event_listener.py
[2023-04-15T10:44:19.476-0300] {processor.py:175} INFO - Processing /home/pepino/.virtualenvs/apache_airflow/lib/python3.10/site-packages/airflow/example_dags/plugins/event_listener.py took 0.018 seconds
[2023-04-15T10:45:01.565-0300] {processor.py:153} INFO - Started process (PID=14123) to work on /home/pepino/.virtualenvs/apache_airflow/lib/python3.10/site-packages/airflow/example_dags/plugins/event_listener.py
[2023-04-15T10:45:01.574-0300] {processor.py:743} INFO - Processing file /home/pepino/.virtualenvs/apache_airflow/lib/python3.10/site-packages/airflow/example_dags/plugins/event_listener.py for tasks to queue
[2023-04-15T10:45:01.575-0300] {logging_mixin.py:137} INFO - [2023-04-15T10:45:01.574-0300] {dagbag.py:532} INFO - Filling up the DagBag from /home/pepino/.virtualenvs/apache_airflow/lib/python3.10/site-packages/airflow/example_dags/plugins/event_listener.py
[2023-04-15T10:45:01.577-0300] {processor.py:755} WARNING - No viable dags retrieved from /home/pepino/.virtualenvs/apache_airflow/lib/python3.10/site-packages/airflow/example_dags/plugins/event_listener.py
[2023-04-15T10:45:01.587-0300] {processor.py:175} INFO - Processing /home/pepino/.virtualenvs/apache_airflow/lib/python3.10/site-packages/airflow/example_dags/plugins/event_listener.py took 0.024 seconds
[2023-04-15T10:45:44.984-0300] {processor.py:153} INFO - Started process (PID=14217) to work on /home/pepino/.virtualenvs/apache_airflow/lib/python3.10/site-packages/airflow/example_dags/plugins/event_listener.py
[2023-04-15T10:45:44.992-0300] {processor.py:743} INFO - Processing file /home/pepino/.virtualenvs/apache_airflow/lib/python3.10/site-packages/airflow/example_dags/plugins/event_listener.py for tasks to queue
[2023-04-15T10:45:44.993-0300] {logging_mixin.py:137} INFO - [2023-04-15T10:45:44.993-0300] {dagbag.py:532} INFO - Filling up the DagBag from /home/pepino/.virtualenvs/apache_airflow/lib/python3.10/site-packages/airflow/example_dags/plugins/event_listener.py
[2023-04-15T10:45:44.996-0300] {processor.py:755} WARNING - No viable dags retrieved from /home/pepino/.virtualenvs/apache_airflow/lib/python3.10/site-packages/airflow/example_dags/plugins/event_listener.py
[2023-04-15T10:45:45.002-0300] {processor.py:175} INFO - Processing /home/pepino/.virtualenvs/apache_airflow/lib/python3.10/site-packages/airflow/example_dags/plugins/event_listener.py took 0.019 seconds
[2023-04-15T10:46:31.565-0300] {processor.py:153} INFO - Started process (PID=14297) to work on /home/pepino/.virtualenvs/apache_airflow/lib/python3.10/site-packages/airflow/example_dags/plugins/event_listener.py
[2023-04-15T10:46:31.566-0300] {processor.py:743} INFO - Processing file /home/pepino/.virtualenvs/apache_airflow/lib/python3.10/site-packages/airflow/example_dags/plugins/event_listener.py for tasks to queue
[2023-04-15T10:46:31.566-0300] {logging_mixin.py:137} INFO - [2023-04-15T10:46:31.566-0300] {dagbag.py:532} INFO - Filling up the DagBag from /home/pepino/.virtualenvs/apache_airflow/lib/python3.10/site-packages/airflow/example_dags/plugins/event_listener.py
[2023-04-15T10:46:31.567-0300] {processor.py:755} WARNING - No viable dags retrieved from /home/pepino/.virtualenvs/apache_airflow/lib/python3.10/site-packages/airflow/example_dags/plugins/event_listener.py
[2023-04-15T10:46:31.571-0300] {processor.py:175} INFO - Processing /home/pepino/.virtualenvs/apache_airflow/lib/python3.10/site-packages/airflow/example_dags/plugins/event_listener.py took 0.008 seconds
[2023-04-15T10:47:19.186-0300] {processor.py:153} INFO - Started process (PID=14445) to work on /home/pepino/.virtualenvs/apache_airflow/lib/python3.10/site-packages/airflow/example_dags/plugins/event_listener.py
[2023-04-15T10:47:19.195-0300] {processor.py:743} INFO - Processing file /home/pepino/.virtualenvs/apache_airflow/lib/python3.10/site-packages/airflow/example_dags/plugins/event_listener.py for tasks to queue
[2023-04-15T10:47:19.196-0300] {logging_mixin.py:137} INFO - [2023-04-15T10:47:19.195-0300] {dagbag.py:532} INFO - Filling up the DagBag from /home/pepino/.virtualenvs/apache_airflow/lib/python3.10/site-packages/airflow/example_dags/plugins/event_listener.py
[2023-04-15T10:47:19.198-0300] {processor.py:755} WARNING - No viable dags retrieved from /home/pepino/.virtualenvs/apache_airflow/lib/python3.10/site-packages/airflow/example_dags/plugins/event_listener.py
[2023-04-15T10:47:19.209-0300] {processor.py:175} INFO - Processing /home/pepino/.virtualenvs/apache_airflow/lib/python3.10/site-packages/airflow/example_dags/plugins/event_listener.py took 0.026 seconds
[2023-04-15T10:48:03.637-0300] {processor.py:153} INFO - Started process (PID=14524) to work on /home/pepino/.virtualenvs/apache_airflow/lib/python3.10/site-packages/airflow/example_dags/plugins/event_listener.py
[2023-04-15T10:48:03.645-0300] {processor.py:743} INFO - Processing file /home/pepino/.virtualenvs/apache_airflow/lib/python3.10/site-packages/airflow/example_dags/plugins/event_listener.py for tasks to queue
[2023-04-15T10:48:03.646-0300] {logging_mixin.py:137} INFO - [2023-04-15T10:48:03.646-0300] {dagbag.py:532} INFO - Filling up the DagBag from /home/pepino/.virtualenvs/apache_airflow/lib/python3.10/site-packages/airflow/example_dags/plugins/event_listener.py
[2023-04-15T10:48:03.648-0300] {processor.py:755} WARNING - No viable dags retrieved from /home/pepino/.virtualenvs/apache_airflow/lib/python3.10/site-packages/airflow/example_dags/plugins/event_listener.py
[2023-04-15T10:48:03.659-0300] {processor.py:175} INFO - Processing /home/pepino/.virtualenvs/apache_airflow/lib/python3.10/site-packages/airflow/example_dags/plugins/event_listener.py took 0.025 seconds
[2023-04-15T10:48:57.186-0300] {processor.py:153} INFO - Started process (PID=14641) to work on /home/pepino/.virtualenvs/apache_airflow/lib/python3.10/site-packages/airflow/example_dags/plugins/event_listener.py
[2023-04-15T10:48:57.195-0300] {processor.py:743} INFO - Processing file /home/pepino/.virtualenvs/apache_airflow/lib/python3.10/site-packages/airflow/example_dags/plugins/event_listener.py for tasks to queue
[2023-04-15T10:48:57.196-0300] {logging_mixin.py:137} INFO - [2023-04-15T10:48:57.195-0300] {dagbag.py:532} INFO - Filling up the DagBag from /home/pepino/.virtualenvs/apache_airflow/lib/python3.10/site-packages/airflow/example_dags/plugins/event_listener.py
[2023-04-15T10:48:57.198-0300] {processor.py:755} WARNING - No viable dags retrieved from /home/pepino/.virtualenvs/apache_airflow/lib/python3.10/site-packages/airflow/example_dags/plugins/event_listener.py
[2023-04-15T10:48:57.209-0300] {processor.py:175} INFO - Processing /home/pepino/.virtualenvs/apache_airflow/lib/python3.10/site-packages/airflow/example_dags/plugins/event_listener.py took 0.026 seconds
[2023-04-15T10:49:49.666-0300] {processor.py:153} INFO - Started process (PID=14764) to work on /home/pepino/.virtualenvs/apache_airflow/lib/python3.10/site-packages/airflow/example_dags/plugins/event_listener.py
[2023-04-15T10:49:49.675-0300] {processor.py:743} INFO - Processing file /home/pepino/.virtualenvs/apache_airflow/lib/python3.10/site-packages/airflow/example_dags/plugins/event_listener.py for tasks to queue
[2023-04-15T10:49:49.676-0300] {logging_mixin.py:137} INFO - [2023-04-15T10:49:49.676-0300] {dagbag.py:532} INFO - Filling up the DagBag from /home/pepino/.virtualenvs/apache_airflow/lib/python3.10/site-packages/airflow/example_dags/plugins/event_listener.py
[2023-04-15T10:49:49.678-0300] {processor.py:755} WARNING - No viable dags retrieved from /home/pepino/.virtualenvs/apache_airflow/lib/python3.10/site-packages/airflow/example_dags/plugins/event_listener.py
[2023-04-15T10:49:49.688-0300] {processor.py:175} INFO - Processing /home/pepino/.virtualenvs/apache_airflow/lib/python3.10/site-packages/airflow/example_dags/plugins/event_listener.py took 0.027 seconds
[2023-04-15T10:50:43.247-0300] {processor.py:153} INFO - Started process (PID=14854) to work on /home/pepino/.virtualenvs/apache_airflow/lib/python3.10/site-packages/airflow/example_dags/plugins/event_listener.py
[2023-04-15T10:50:43.255-0300] {processor.py:743} INFO - Processing file /home/pepino/.virtualenvs/apache_airflow/lib/python3.10/site-packages/airflow/example_dags/plugins/event_listener.py for tasks to queue
[2023-04-15T10:50:43.256-0300] {logging_mixin.py:137} INFO - [2023-04-15T10:50:43.256-0300] {dagbag.py:532} INFO - Filling up the DagBag from /home/pepino/.virtualenvs/apache_airflow/lib/python3.10/site-packages/airflow/example_dags/plugins/event_listener.py
[2023-04-15T10:50:43.258-0300] {processor.py:755} WARNING - No viable dags retrieved from /home/pepino/.virtualenvs/apache_airflow/lib/python3.10/site-packages/airflow/example_dags/plugins/event_listener.py
[2023-04-15T10:50:43.270-0300] {processor.py:175} INFO - Processing /home/pepino/.virtualenvs/apache_airflow/lib/python3.10/site-packages/airflow/example_dags/plugins/event_listener.py took 0.026 seconds
[2023-04-15T10:51:26.427-0300] {processor.py:153} INFO - Started process (PID=14926) to work on /home/pepino/.virtualenvs/apache_airflow/lib/python3.10/site-packages/airflow/example_dags/plugins/event_listener.py
[2023-04-15T10:51:26.435-0300] {processor.py:743} INFO - Processing file /home/pepino/.virtualenvs/apache_airflow/lib/python3.10/site-packages/airflow/example_dags/plugins/event_listener.py for tasks to queue
[2023-04-15T10:51:26.436-0300] {logging_mixin.py:137} INFO - [2023-04-15T10:51:26.436-0300] {dagbag.py:532} INFO - Filling up the DagBag from /home/pepino/.virtualenvs/apache_airflow/lib/python3.10/site-packages/airflow/example_dags/plugins/event_listener.py
[2023-04-15T10:51:26.438-0300] {processor.py:755} WARNING - No viable dags retrieved from /home/pepino/.virtualenvs/apache_airflow/lib/python3.10/site-packages/airflow/example_dags/plugins/event_listener.py
[2023-04-15T10:51:26.449-0300] {processor.py:175} INFO - Processing /home/pepino/.virtualenvs/apache_airflow/lib/python3.10/site-packages/airflow/example_dags/plugins/event_listener.py took 0.024 seconds
[2023-04-15T11:16:31.981-0300] {processor.py:153} INFO - Started process (PID=15238) to work on /home/pepino/.virtualenvs/apache_airflow/lib/python3.10/site-packages/airflow/example_dags/plugins/event_listener.py
[2023-04-15T11:16:31.989-0300] {processor.py:743} INFO - Processing file /home/pepino/.virtualenvs/apache_airflow/lib/python3.10/site-packages/airflow/example_dags/plugins/event_listener.py for tasks to queue
[2023-04-15T11:16:31.990-0300] {logging_mixin.py:137} INFO - [2023-04-15T11:16:31.990-0300] {dagbag.py:532} INFO - Filling up the DagBag from /home/pepino/.virtualenvs/apache_airflow/lib/python3.10/site-packages/airflow/example_dags/plugins/event_listener.py
[2023-04-15T11:16:31.994-0300] {processor.py:755} WARNING - No viable dags retrieved from /home/pepino/.virtualenvs/apache_airflow/lib/python3.10/site-packages/airflow/example_dags/plugins/event_listener.py
[2023-04-15T11:16:32.004-0300] {processor.py:175} INFO - Processing /home/pepino/.virtualenvs/apache_airflow/lib/python3.10/site-packages/airflow/example_dags/plugins/event_listener.py took 0.024 seconds
[2023-04-15T11:17:22.631-0300] {processor.py:153} INFO - Started process (PID=15400) to work on /home/pepino/.virtualenvs/apache_airflow/lib/python3.10/site-packages/airflow/example_dags/plugins/event_listener.py
[2023-04-15T11:17:22.639-0300] {processor.py:743} INFO - Processing file /home/pepino/.virtualenvs/apache_airflow/lib/python3.10/site-packages/airflow/example_dags/plugins/event_listener.py for tasks to queue
[2023-04-15T11:17:22.640-0300] {logging_mixin.py:137} INFO - [2023-04-15T11:17:22.640-0300] {dagbag.py:532} INFO - Filling up the DagBag from /home/pepino/.virtualenvs/apache_airflow/lib/python3.10/site-packages/airflow/example_dags/plugins/event_listener.py
[2023-04-15T11:17:22.642-0300] {processor.py:755} WARNING - No viable dags retrieved from /home/pepino/.virtualenvs/apache_airflow/lib/python3.10/site-packages/airflow/example_dags/plugins/event_listener.py
[2023-04-15T11:17:22.652-0300] {processor.py:175} INFO - Processing /home/pepino/.virtualenvs/apache_airflow/lib/python3.10/site-packages/airflow/example_dags/plugins/event_listener.py took 0.024 seconds
[2023-04-15T11:18:16.346-0300] {processor.py:153} INFO - Started process (PID=15563) to work on /home/pepino/.virtualenvs/apache_airflow/lib/python3.10/site-packages/airflow/example_dags/plugins/event_listener.py
[2023-04-15T11:18:16.354-0300] {processor.py:743} INFO - Processing file /home/pepino/.virtualenvs/apache_airflow/lib/python3.10/site-packages/airflow/example_dags/plugins/event_listener.py for tasks to queue
[2023-04-15T11:18:16.355-0300] {logging_mixin.py:137} INFO - [2023-04-15T11:18:16.355-0300] {dagbag.py:532} INFO - Filling up the DagBag from /home/pepino/.virtualenvs/apache_airflow/lib/python3.10/site-packages/airflow/example_dags/plugins/event_listener.py
[2023-04-15T11:18:16.357-0300] {processor.py:755} WARNING - No viable dags retrieved from /home/pepino/.virtualenvs/apache_airflow/lib/python3.10/site-packages/airflow/example_dags/plugins/event_listener.py
[2023-04-15T11:18:16.368-0300] {processor.py:175} INFO - Processing /home/pepino/.virtualenvs/apache_airflow/lib/python3.10/site-packages/airflow/example_dags/plugins/event_listener.py took 0.025 seconds
[2023-04-15T11:18:59.835-0300] {processor.py:153} INFO - Started process (PID=15670) to work on /home/pepino/.virtualenvs/apache_airflow/lib/python3.10/site-packages/airflow/example_dags/plugins/event_listener.py
[2023-04-15T11:18:59.842-0300] {processor.py:743} INFO - Processing file /home/pepino/.virtualenvs/apache_airflow/lib/python3.10/site-packages/airflow/example_dags/plugins/event_listener.py for tasks to queue
[2023-04-15T11:18:59.843-0300] {logging_mixin.py:137} INFO - [2023-04-15T11:18:59.843-0300] {dagbag.py:532} INFO - Filling up the DagBag from /home/pepino/.virtualenvs/apache_airflow/lib/python3.10/site-packages/airflow/example_dags/plugins/event_listener.py
[2023-04-15T11:18:59.846-0300] {processor.py:755} WARNING - No viable dags retrieved from /home/pepino/.virtualenvs/apache_airflow/lib/python3.10/site-packages/airflow/example_dags/plugins/event_listener.py
[2023-04-15T11:18:59.856-0300] {processor.py:175} INFO - Processing /home/pepino/.virtualenvs/apache_airflow/lib/python3.10/site-packages/airflow/example_dags/plugins/event_listener.py took 0.024 seconds
[2023-04-15T11:19:52.701-0300] {processor.py:153} INFO - Started process (PID=15830) to work on /home/pepino/.virtualenvs/apache_airflow/lib/python3.10/site-packages/airflow/example_dags/plugins/event_listener.py
[2023-04-15T11:19:52.709-0300] {processor.py:743} INFO - Processing file /home/pepino/.virtualenvs/apache_airflow/lib/python3.10/site-packages/airflow/example_dags/plugins/event_listener.py for tasks to queue
[2023-04-15T11:19:52.710-0300] {logging_mixin.py:137} INFO - [2023-04-15T11:19:52.710-0300] {dagbag.py:532} INFO - Filling up the DagBag from /home/pepino/.virtualenvs/apache_airflow/lib/python3.10/site-packages/airflow/example_dags/plugins/event_listener.py
[2023-04-15T11:19:52.712-0300] {processor.py:755} WARNING - No viable dags retrieved from /home/pepino/.virtualenvs/apache_airflow/lib/python3.10/site-packages/airflow/example_dags/plugins/event_listener.py
[2023-04-15T11:19:52.723-0300] {processor.py:175} INFO - Processing /home/pepino/.virtualenvs/apache_airflow/lib/python3.10/site-packages/airflow/example_dags/plugins/event_listener.py took 0.024 seconds
[2023-04-15T11:20:34.895-0300] {processor.py:153} INFO - Started process (PID=15927) to work on /home/pepino/.virtualenvs/apache_airflow/lib/python3.10/site-packages/airflow/example_dags/plugins/event_listener.py
[2023-04-15T11:20:34.897-0300] {processor.py:743} INFO - Processing file /home/pepino/.virtualenvs/apache_airflow/lib/python3.10/site-packages/airflow/example_dags/plugins/event_listener.py for tasks to queue
[2023-04-15T11:20:34.897-0300] {logging_mixin.py:137} INFO - [2023-04-15T11:20:34.897-0300] {dagbag.py:532} INFO - Filling up the DagBag from /home/pepino/.virtualenvs/apache_airflow/lib/python3.10/site-packages/airflow/example_dags/plugins/event_listener.py
[2023-04-15T11:20:34.898-0300] {processor.py:755} WARNING - No viable dags retrieved from /home/pepino/.virtualenvs/apache_airflow/lib/python3.10/site-packages/airflow/example_dags/plugins/event_listener.py
[2023-04-15T11:20:34.907-0300] {processor.py:175} INFO - Processing /home/pepino/.virtualenvs/apache_airflow/lib/python3.10/site-packages/airflow/example_dags/plugins/event_listener.py took 0.014 seconds
[2023-04-15T11:21:26.193-0300] {processor.py:153} INFO - Started process (PID=16028) to work on /home/pepino/.virtualenvs/apache_airflow/lib/python3.10/site-packages/airflow/example_dags/plugins/event_listener.py
[2023-04-15T11:21:26.201-0300] {processor.py:743} INFO - Processing file /home/pepino/.virtualenvs/apache_airflow/lib/python3.10/site-packages/airflow/example_dags/plugins/event_listener.py for tasks to queue
[2023-04-15T11:21:26.202-0300] {logging_mixin.py:137} INFO - [2023-04-15T11:21:26.202-0300] {dagbag.py:532} INFO - Filling up the DagBag from /home/pepino/.virtualenvs/apache_airflow/lib/python3.10/site-packages/airflow/example_dags/plugins/event_listener.py
[2023-04-15T11:21:26.204-0300] {processor.py:755} WARNING - No viable dags retrieved from /home/pepino/.virtualenvs/apache_airflow/lib/python3.10/site-packages/airflow/example_dags/plugins/event_listener.py
[2023-04-15T11:21:26.214-0300] {processor.py:175} INFO - Processing /home/pepino/.virtualenvs/apache_airflow/lib/python3.10/site-packages/airflow/example_dags/plugins/event_listener.py took 0.023 seconds
[2023-04-15T11:22:23.521-0300] {processor.py:153} INFO - Started process (PID=16149) to work on /home/pepino/.virtualenvs/apache_airflow/lib/python3.10/site-packages/airflow/example_dags/plugins/event_listener.py
[2023-04-15T11:22:23.523-0300] {processor.py:743} INFO - Processing file /home/pepino/.virtualenvs/apache_airflow/lib/python3.10/site-packages/airflow/example_dags/plugins/event_listener.py for tasks to queue
[2023-04-15T11:22:23.523-0300] {logging_mixin.py:137} INFO - [2023-04-15T11:22:23.523-0300] {dagbag.py:532} INFO - Filling up the DagBag from /home/pepino/.virtualenvs/apache_airflow/lib/python3.10/site-packages/airflow/example_dags/plugins/event_listener.py
[2023-04-15T11:22:23.524-0300] {processor.py:755} WARNING - No viable dags retrieved from /home/pepino/.virtualenvs/apache_airflow/lib/python3.10/site-packages/airflow/example_dags/plugins/event_listener.py
[2023-04-15T11:22:23.530-0300] {processor.py:175} INFO - Processing /home/pepino/.virtualenvs/apache_airflow/lib/python3.10/site-packages/airflow/example_dags/plugins/event_listener.py took 0.010 seconds
[2023-04-15T11:23:16.653-0300] {processor.py:153} INFO - Started process (PID=16247) to work on /home/pepino/.virtualenvs/apache_airflow/lib/python3.10/site-packages/airflow/example_dags/plugins/event_listener.py
[2023-04-15T11:23:16.661-0300] {processor.py:743} INFO - Processing file /home/pepino/.virtualenvs/apache_airflow/lib/python3.10/site-packages/airflow/example_dags/plugins/event_listener.py for tasks to queue
[2023-04-15T11:23:16.663-0300] {logging_mixin.py:137} INFO - [2023-04-15T11:23:16.662-0300] {dagbag.py:532} INFO - Filling up the DagBag from /home/pepino/.virtualenvs/apache_airflow/lib/python3.10/site-packages/airflow/example_dags/plugins/event_listener.py
[2023-04-15T11:23:16.665-0300] {processor.py:755} WARNING - No viable dags retrieved from /home/pepino/.virtualenvs/apache_airflow/lib/python3.10/site-packages/airflow/example_dags/plugins/event_listener.py
[2023-04-15T11:23:16.676-0300] {processor.py:175} INFO - Processing /home/pepino/.virtualenvs/apache_airflow/lib/python3.10/site-packages/airflow/example_dags/plugins/event_listener.py took 0.026 seconds
[2023-04-15T11:24:09.421-0300] {processor.py:153} INFO - Started process (PID=16451) to work on /home/pepino/.virtualenvs/apache_airflow/lib/python3.10/site-packages/airflow/example_dags/plugins/event_listener.py
[2023-04-15T11:24:09.429-0300] {processor.py:743} INFO - Processing file /home/pepino/.virtualenvs/apache_airflow/lib/python3.10/site-packages/airflow/example_dags/plugins/event_listener.py for tasks to queue
[2023-04-15T11:24:09.430-0300] {logging_mixin.py:137} INFO - [2023-04-15T11:24:09.430-0300] {dagbag.py:532} INFO - Filling up the DagBag from /home/pepino/.virtualenvs/apache_airflow/lib/python3.10/site-packages/airflow/example_dags/plugins/event_listener.py
[2023-04-15T11:24:09.432-0300] {processor.py:755} WARNING - No viable dags retrieved from /home/pepino/.virtualenvs/apache_airflow/lib/python3.10/site-packages/airflow/example_dags/plugins/event_listener.py
[2023-04-15T11:24:09.443-0300] {processor.py:175} INFO - Processing /home/pepino/.virtualenvs/apache_airflow/lib/python3.10/site-packages/airflow/example_dags/plugins/event_listener.py took 0.027 seconds
[2023-04-15T11:24:52.175-0300] {processor.py:153} INFO - Started process (PID=16547) to work on /home/pepino/.virtualenvs/apache_airflow/lib/python3.10/site-packages/airflow/example_dags/plugins/event_listener.py
[2023-04-15T11:24:52.184-0300] {processor.py:743} INFO - Processing file /home/pepino/.virtualenvs/apache_airflow/lib/python3.10/site-packages/airflow/example_dags/plugins/event_listener.py for tasks to queue
[2023-04-15T11:24:52.185-0300] {logging_mixin.py:137} INFO - [2023-04-15T11:24:52.185-0300] {dagbag.py:532} INFO - Filling up the DagBag from /home/pepino/.virtualenvs/apache_airflow/lib/python3.10/site-packages/airflow/example_dags/plugins/event_listener.py
[2023-04-15T11:24:52.187-0300] {processor.py:755} WARNING - No viable dags retrieved from /home/pepino/.virtualenvs/apache_airflow/lib/python3.10/site-packages/airflow/example_dags/plugins/event_listener.py
[2023-04-15T11:24:52.199-0300] {processor.py:175} INFO - Processing /home/pepino/.virtualenvs/apache_airflow/lib/python3.10/site-packages/airflow/example_dags/plugins/event_listener.py took 0.026 seconds
[2023-04-15T11:25:36.469-0300] {processor.py:153} INFO - Started process (PID=16633) to work on /home/pepino/.virtualenvs/apache_airflow/lib/python3.10/site-packages/airflow/example_dags/plugins/event_listener.py
[2023-04-15T11:25:36.477-0300] {processor.py:743} INFO - Processing file /home/pepino/.virtualenvs/apache_airflow/lib/python3.10/site-packages/airflow/example_dags/plugins/event_listener.py for tasks to queue
[2023-04-15T11:25:36.478-0300] {logging_mixin.py:137} INFO - [2023-04-15T11:25:36.478-0300] {dagbag.py:532} INFO - Filling up the DagBag from /home/pepino/.virtualenvs/apache_airflow/lib/python3.10/site-packages/airflow/example_dags/plugins/event_listener.py
[2023-04-15T11:25:36.480-0300] {processor.py:755} WARNING - No viable dags retrieved from /home/pepino/.virtualenvs/apache_airflow/lib/python3.10/site-packages/airflow/example_dags/plugins/event_listener.py
[2023-04-15T11:25:36.492-0300] {processor.py:175} INFO - Processing /home/pepino/.virtualenvs/apache_airflow/lib/python3.10/site-packages/airflow/example_dags/plugins/event_listener.py took 0.024 seconds
[2023-04-15T11:26:32.809-0300] {processor.py:153} INFO - Started process (PID=16940) to work on /home/pepino/.virtualenvs/apache_airflow/lib/python3.10/site-packages/airflow/example_dags/plugins/event_listener.py
[2023-04-15T11:26:32.817-0300] {processor.py:743} INFO - Processing file /home/pepino/.virtualenvs/apache_airflow/lib/python3.10/site-packages/airflow/example_dags/plugins/event_listener.py for tasks to queue
[2023-04-15T11:26:32.818-0300] {logging_mixin.py:137} INFO - [2023-04-15T11:26:32.818-0300] {dagbag.py:532} INFO - Filling up the DagBag from /home/pepino/.virtualenvs/apache_airflow/lib/python3.10/site-packages/airflow/example_dags/plugins/event_listener.py
[2023-04-15T11:26:32.820-0300] {processor.py:755} WARNING - No viable dags retrieved from /home/pepino/.virtualenvs/apache_airflow/lib/python3.10/site-packages/airflow/example_dags/plugins/event_listener.py
[2023-04-15T11:26:32.826-0300] {processor.py:175} INFO - Processing /home/pepino/.virtualenvs/apache_airflow/lib/python3.10/site-packages/airflow/example_dags/plugins/event_listener.py took 0.019 seconds
[2023-04-15T11:27:17.184-0300] {processor.py:153} INFO - Started process (PID=17018) to work on /home/pepino/.virtualenvs/apache_airflow/lib/python3.10/site-packages/airflow/example_dags/plugins/event_listener.py
[2023-04-15T11:27:17.192-0300] {processor.py:743} INFO - Processing file /home/pepino/.virtualenvs/apache_airflow/lib/python3.10/site-packages/airflow/example_dags/plugins/event_listener.py for tasks to queue
[2023-04-15T11:27:17.193-0300] {logging_mixin.py:137} INFO - [2023-04-15T11:27:17.193-0300] {dagbag.py:532} INFO - Filling up the DagBag from /home/pepino/.virtualenvs/apache_airflow/lib/python3.10/site-packages/airflow/example_dags/plugins/event_listener.py
[2023-04-15T11:27:17.196-0300] {processor.py:755} WARNING - No viable dags retrieved from /home/pepino/.virtualenvs/apache_airflow/lib/python3.10/site-packages/airflow/example_dags/plugins/event_listener.py
[2023-04-15T11:27:17.206-0300] {processor.py:175} INFO - Processing /home/pepino/.virtualenvs/apache_airflow/lib/python3.10/site-packages/airflow/example_dags/plugins/event_listener.py took 0.023 seconds
[2023-04-15T11:28:14.653-0300] {processor.py:153} INFO - Started process (PID=17120) to work on /home/pepino/.virtualenvs/apache_airflow/lib/python3.10/site-packages/airflow/example_dags/plugins/event_listener.py
[2023-04-15T11:28:14.662-0300] {processor.py:743} INFO - Processing file /home/pepino/.virtualenvs/apache_airflow/lib/python3.10/site-packages/airflow/example_dags/plugins/event_listener.py for tasks to queue
[2023-04-15T11:28:14.663-0300] {logging_mixin.py:137} INFO - [2023-04-15T11:28:14.662-0300] {dagbag.py:532} INFO - Filling up the DagBag from /home/pepino/.virtualenvs/apache_airflow/lib/python3.10/site-packages/airflow/example_dags/plugins/event_listener.py
[2023-04-15T11:28:14.665-0300] {processor.py:755} WARNING - No viable dags retrieved from /home/pepino/.virtualenvs/apache_airflow/lib/python3.10/site-packages/airflow/example_dags/plugins/event_listener.py
[2023-04-15T11:28:14.675-0300] {processor.py:175} INFO - Processing /home/pepino/.virtualenvs/apache_airflow/lib/python3.10/site-packages/airflow/example_dags/plugins/event_listener.py took 0.024 seconds
[2023-04-15T11:29:08.977-0300] {processor.py:153} INFO - Started process (PID=17473) to work on /home/pepino/.virtualenvs/apache_airflow/lib/python3.10/site-packages/airflow/example_dags/plugins/event_listener.py
[2023-04-15T11:29:08.985-0300] {processor.py:743} INFO - Processing file /home/pepino/.virtualenvs/apache_airflow/lib/python3.10/site-packages/airflow/example_dags/plugins/event_listener.py for tasks to queue
[2023-04-15T11:29:08.986-0300] {logging_mixin.py:137} INFO - [2023-04-15T11:29:08.986-0300] {dagbag.py:532} INFO - Filling up the DagBag from /home/pepino/.virtualenvs/apache_airflow/lib/python3.10/site-packages/airflow/example_dags/plugins/event_listener.py
[2023-04-15T11:29:08.988-0300] {processor.py:755} WARNING - No viable dags retrieved from /home/pepino/.virtualenvs/apache_airflow/lib/python3.10/site-packages/airflow/example_dags/plugins/event_listener.py
[2023-04-15T11:29:08.998-0300] {processor.py:175} INFO - Processing /home/pepino/.virtualenvs/apache_airflow/lib/python3.10/site-packages/airflow/example_dags/plugins/event_listener.py took 0.026 seconds
[2023-04-15T11:29:59.702-0300] {processor.py:153} INFO - Started process (PID=17600) to work on /home/pepino/.virtualenvs/apache_airflow/lib/python3.10/site-packages/airflow/example_dags/plugins/event_listener.py
[2023-04-15T11:29:59.703-0300] {processor.py:743} INFO - Processing file /home/pepino/.virtualenvs/apache_airflow/lib/python3.10/site-packages/airflow/example_dags/plugins/event_listener.py for tasks to queue
[2023-04-15T11:29:59.703-0300] {logging_mixin.py:137} INFO - [2023-04-15T11:29:59.703-0300] {dagbag.py:532} INFO - Filling up the DagBag from /home/pepino/.virtualenvs/apache_airflow/lib/python3.10/site-packages/airflow/example_dags/plugins/event_listener.py
[2023-04-15T11:29:59.704-0300] {processor.py:755} WARNING - No viable dags retrieved from /home/pepino/.virtualenvs/apache_airflow/lib/python3.10/site-packages/airflow/example_dags/plugins/event_listener.py
[2023-04-15T11:29:59.708-0300] {processor.py:175} INFO - Processing /home/pepino/.virtualenvs/apache_airflow/lib/python3.10/site-packages/airflow/example_dags/plugins/event_listener.py took 0.008 seconds
[2023-04-15T11:30:47.203-0300] {processor.py:153} INFO - Started process (PID=17730) to work on /home/pepino/.virtualenvs/apache_airflow/lib/python3.10/site-packages/airflow/example_dags/plugins/event_listener.py
[2023-04-15T11:30:47.211-0300] {processor.py:743} INFO - Processing file /home/pepino/.virtualenvs/apache_airflow/lib/python3.10/site-packages/airflow/example_dags/plugins/event_listener.py for tasks to queue
[2023-04-15T11:30:47.212-0300] {logging_mixin.py:137} INFO - [2023-04-15T11:30:47.212-0300] {dagbag.py:532} INFO - Filling up the DagBag from /home/pepino/.virtualenvs/apache_airflow/lib/python3.10/site-packages/airflow/example_dags/plugins/event_listener.py
[2023-04-15T11:30:47.214-0300] {processor.py:755} WARNING - No viable dags retrieved from /home/pepino/.virtualenvs/apache_airflow/lib/python3.10/site-packages/airflow/example_dags/plugins/event_listener.py
[2023-04-15T11:30:47.225-0300] {processor.py:175} INFO - Processing /home/pepino/.virtualenvs/apache_airflow/lib/python3.10/site-packages/airflow/example_dags/plugins/event_listener.py took 0.025 seconds
[2023-04-15T11:31:35.935-0300] {processor.py:153} INFO - Started process (PID=17817) to work on /home/pepino/.virtualenvs/apache_airflow/lib/python3.10/site-packages/airflow/example_dags/plugins/event_listener.py
[2023-04-15T11:31:35.943-0300] {processor.py:743} INFO - Processing file /home/pepino/.virtualenvs/apache_airflow/lib/python3.10/site-packages/airflow/example_dags/plugins/event_listener.py for tasks to queue
[2023-04-15T11:31:35.944-0300] {logging_mixin.py:137} INFO - [2023-04-15T11:31:35.944-0300] {dagbag.py:532} INFO - Filling up the DagBag from /home/pepino/.virtualenvs/apache_airflow/lib/python3.10/site-packages/airflow/example_dags/plugins/event_listener.py
[2023-04-15T11:31:35.946-0300] {processor.py:755} WARNING - No viable dags retrieved from /home/pepino/.virtualenvs/apache_airflow/lib/python3.10/site-packages/airflow/example_dags/plugins/event_listener.py
[2023-04-15T11:31:35.956-0300] {processor.py:175} INFO - Processing /home/pepino/.virtualenvs/apache_airflow/lib/python3.10/site-packages/airflow/example_dags/plugins/event_listener.py took 0.024 seconds
[2023-04-15T11:32:25.292-0300] {processor.py:153} INFO - Started process (PID=17925) to work on /home/pepino/.virtualenvs/apache_airflow/lib/python3.10/site-packages/airflow/example_dags/plugins/event_listener.py
[2023-04-15T11:32:25.300-0300] {processor.py:743} INFO - Processing file /home/pepino/.virtualenvs/apache_airflow/lib/python3.10/site-packages/airflow/example_dags/plugins/event_listener.py for tasks to queue
[2023-04-15T11:32:25.301-0300] {logging_mixin.py:137} INFO - [2023-04-15T11:32:25.301-0300] {dagbag.py:532} INFO - Filling up the DagBag from /home/pepino/.virtualenvs/apache_airflow/lib/python3.10/site-packages/airflow/example_dags/plugins/event_listener.py
[2023-04-15T11:32:25.304-0300] {processor.py:755} WARNING - No viable dags retrieved from /home/pepino/.virtualenvs/apache_airflow/lib/python3.10/site-packages/airflow/example_dags/plugins/event_listener.py
[2023-04-15T11:32:25.314-0300] {processor.py:175} INFO - Processing /home/pepino/.virtualenvs/apache_airflow/lib/python3.10/site-packages/airflow/example_dags/plugins/event_listener.py took 0.025 seconds
[2023-04-15T11:33:14.042-0300] {processor.py:153} INFO - Started process (PID=18012) to work on /home/pepino/.virtualenvs/apache_airflow/lib/python3.10/site-packages/airflow/example_dags/plugins/event_listener.py
[2023-04-15T11:33:14.050-0300] {processor.py:743} INFO - Processing file /home/pepino/.virtualenvs/apache_airflow/lib/python3.10/site-packages/airflow/example_dags/plugins/event_listener.py for tasks to queue
[2023-04-15T11:33:14.051-0300] {logging_mixin.py:137} INFO - [2023-04-15T11:33:14.051-0300] {dagbag.py:532} INFO - Filling up the DagBag from /home/pepino/.virtualenvs/apache_airflow/lib/python3.10/site-packages/airflow/example_dags/plugins/event_listener.py
[2023-04-15T11:33:14.053-0300] {processor.py:755} WARNING - No viable dags retrieved from /home/pepino/.virtualenvs/apache_airflow/lib/python3.10/site-packages/airflow/example_dags/plugins/event_listener.py
[2023-04-15T11:33:14.064-0300] {processor.py:175} INFO - Processing /home/pepino/.virtualenvs/apache_airflow/lib/python3.10/site-packages/airflow/example_dags/plugins/event_listener.py took 0.024 seconds
[2023-04-15T11:33:56.930-0300] {processor.py:153} INFO - Started process (PID=18128) to work on /home/pepino/.virtualenvs/apache_airflow/lib/python3.10/site-packages/airflow/example_dags/plugins/event_listener.py
[2023-04-15T11:33:56.939-0300] {processor.py:743} INFO - Processing file /home/pepino/.virtualenvs/apache_airflow/lib/python3.10/site-packages/airflow/example_dags/plugins/event_listener.py for tasks to queue
[2023-04-15T11:33:56.940-0300] {logging_mixin.py:137} INFO - [2023-04-15T11:33:56.939-0300] {dagbag.py:532} INFO - Filling up the DagBag from /home/pepino/.virtualenvs/apache_airflow/lib/python3.10/site-packages/airflow/example_dags/plugins/event_listener.py
[2023-04-15T11:33:56.942-0300] {processor.py:755} WARNING - No viable dags retrieved from /home/pepino/.virtualenvs/apache_airflow/lib/python3.10/site-packages/airflow/example_dags/plugins/event_listener.py
[2023-04-15T11:33:56.953-0300] {processor.py:175} INFO - Processing /home/pepino/.virtualenvs/apache_airflow/lib/python3.10/site-packages/airflow/example_dags/plugins/event_listener.py took 0.026 seconds
[2023-04-15T11:34:43.522-0300] {processor.py:153} INFO - Started process (PID=18216) to work on /home/pepino/.virtualenvs/apache_airflow/lib/python3.10/site-packages/airflow/example_dags/plugins/event_listener.py
[2023-04-15T11:34:43.530-0300] {processor.py:743} INFO - Processing file /home/pepino/.virtualenvs/apache_airflow/lib/python3.10/site-packages/airflow/example_dags/plugins/event_listener.py for tasks to queue
[2023-04-15T11:34:43.531-0300] {logging_mixin.py:137} INFO - [2023-04-15T11:34:43.531-0300] {dagbag.py:532} INFO - Filling up the DagBag from /home/pepino/.virtualenvs/apache_airflow/lib/python3.10/site-packages/airflow/example_dags/plugins/event_listener.py
[2023-04-15T11:34:43.533-0300] {processor.py:755} WARNING - No viable dags retrieved from /home/pepino/.virtualenvs/apache_airflow/lib/python3.10/site-packages/airflow/example_dags/plugins/event_listener.py
[2023-04-15T11:34:43.543-0300] {processor.py:175} INFO - Processing /home/pepino/.virtualenvs/apache_airflow/lib/python3.10/site-packages/airflow/example_dags/plugins/event_listener.py took 0.026 seconds
[2023-04-15T11:35:29.461-0300] {processor.py:153} INFO - Started process (PID=18346) to work on /home/pepino/.virtualenvs/apache_airflow/lib/python3.10/site-packages/airflow/example_dags/plugins/event_listener.py
[2023-04-15T11:35:29.469-0300] {processor.py:743} INFO - Processing file /home/pepino/.virtualenvs/apache_airflow/lib/python3.10/site-packages/airflow/example_dags/plugins/event_listener.py for tasks to queue
[2023-04-15T11:35:29.470-0300] {logging_mixin.py:137} INFO - [2023-04-15T11:35:29.470-0300] {dagbag.py:532} INFO - Filling up the DagBag from /home/pepino/.virtualenvs/apache_airflow/lib/python3.10/site-packages/airflow/example_dags/plugins/event_listener.py
[2023-04-15T11:35:29.472-0300] {processor.py:755} WARNING - No viable dags retrieved from /home/pepino/.virtualenvs/apache_airflow/lib/python3.10/site-packages/airflow/example_dags/plugins/event_listener.py
[2023-04-15T11:35:29.483-0300] {processor.py:175} INFO - Processing /home/pepino/.virtualenvs/apache_airflow/lib/python3.10/site-packages/airflow/example_dags/plugins/event_listener.py took 0.026 seconds
[2023-04-15T11:36:15.266-0300] {processor.py:153} INFO - Started process (PID=18433) to work on /home/pepino/.virtualenvs/apache_airflow/lib/python3.10/site-packages/airflow/example_dags/plugins/event_listener.py
[2023-04-15T11:36:15.274-0300] {processor.py:743} INFO - Processing file /home/pepino/.virtualenvs/apache_airflow/lib/python3.10/site-packages/airflow/example_dags/plugins/event_listener.py for tasks to queue
[2023-04-15T11:36:15.275-0300] {logging_mixin.py:137} INFO - [2023-04-15T11:36:15.275-0300] {dagbag.py:532} INFO - Filling up the DagBag from /home/pepino/.virtualenvs/apache_airflow/lib/python3.10/site-packages/airflow/example_dags/plugins/event_listener.py
[2023-04-15T11:36:15.277-0300] {processor.py:755} WARNING - No viable dags retrieved from /home/pepino/.virtualenvs/apache_airflow/lib/python3.10/site-packages/airflow/example_dags/plugins/event_listener.py
[2023-04-15T11:36:15.288-0300] {processor.py:175} INFO - Processing /home/pepino/.virtualenvs/apache_airflow/lib/python3.10/site-packages/airflow/example_dags/plugins/event_listener.py took 0.025 seconds
[2023-04-15T11:37:00.244-0300] {processor.py:153} INFO - Started process (PID=18525) to work on /home/pepino/.virtualenvs/apache_airflow/lib/python3.10/site-packages/airflow/example_dags/plugins/event_listener.py
[2023-04-15T11:37:00.253-0300] {processor.py:743} INFO - Processing file /home/pepino/.virtualenvs/apache_airflow/lib/python3.10/site-packages/airflow/example_dags/plugins/event_listener.py for tasks to queue
[2023-04-15T11:37:00.254-0300] {logging_mixin.py:137} INFO - [2023-04-15T11:37:00.254-0300] {dagbag.py:532} INFO - Filling up the DagBag from /home/pepino/.virtualenvs/apache_airflow/lib/python3.10/site-packages/airflow/example_dags/plugins/event_listener.py
[2023-04-15T11:37:00.256-0300] {processor.py:755} WARNING - No viable dags retrieved from /home/pepino/.virtualenvs/apache_airflow/lib/python3.10/site-packages/airflow/example_dags/plugins/event_listener.py
[2023-04-15T11:37:00.261-0300] {processor.py:175} INFO - Processing /home/pepino/.virtualenvs/apache_airflow/lib/python3.10/site-packages/airflow/example_dags/plugins/event_listener.py took 0.018 seconds
[2023-04-15T11:37:46.576-0300] {processor.py:153} INFO - Started process (PID=18630) to work on /home/pepino/.virtualenvs/apache_airflow/lib/python3.10/site-packages/airflow/example_dags/plugins/event_listener.py
[2023-04-15T11:37:46.585-0300] {processor.py:743} INFO - Processing file /home/pepino/.virtualenvs/apache_airflow/lib/python3.10/site-packages/airflow/example_dags/plugins/event_listener.py for tasks to queue
[2023-04-15T11:37:46.586-0300] {logging_mixin.py:137} INFO - [2023-04-15T11:37:46.586-0300] {dagbag.py:532} INFO - Filling up the DagBag from /home/pepino/.virtualenvs/apache_airflow/lib/python3.10/site-packages/airflow/example_dags/plugins/event_listener.py
[2023-04-15T11:37:46.588-0300] {processor.py:755} WARNING - No viable dags retrieved from /home/pepino/.virtualenvs/apache_airflow/lib/python3.10/site-packages/airflow/example_dags/plugins/event_listener.py
[2023-04-15T11:37:46.599-0300] {processor.py:175} INFO - Processing /home/pepino/.virtualenvs/apache_airflow/lib/python3.10/site-packages/airflow/example_dags/plugins/event_listener.py took 0.025 seconds
[2023-04-15T11:38:29.173-0300] {processor.py:153} INFO - Started process (PID=18712) to work on /home/pepino/.virtualenvs/apache_airflow/lib/python3.10/site-packages/airflow/example_dags/plugins/event_listener.py
[2023-04-15T11:38:29.181-0300] {processor.py:743} INFO - Processing file /home/pepino/.virtualenvs/apache_airflow/lib/python3.10/site-packages/airflow/example_dags/plugins/event_listener.py for tasks to queue
[2023-04-15T11:38:29.182-0300] {logging_mixin.py:137} INFO - [2023-04-15T11:38:29.182-0300] {dagbag.py:532} INFO - Filling up the DagBag from /home/pepino/.virtualenvs/apache_airflow/lib/python3.10/site-packages/airflow/example_dags/plugins/event_listener.py
[2023-04-15T11:38:29.184-0300] {processor.py:755} WARNING - No viable dags retrieved from /home/pepino/.virtualenvs/apache_airflow/lib/python3.10/site-packages/airflow/example_dags/plugins/event_listener.py
[2023-04-15T11:38:29.195-0300] {processor.py:175} INFO - Processing /home/pepino/.virtualenvs/apache_airflow/lib/python3.10/site-packages/airflow/example_dags/plugins/event_listener.py took 0.026 seconds
[2023-04-15T11:39:16.524-0300] {processor.py:153} INFO - Started process (PID=18846) to work on /home/pepino/.virtualenvs/apache_airflow/lib/python3.10/site-packages/airflow/example_dags/plugins/event_listener.py
[2023-04-15T11:39:16.533-0300] {processor.py:743} INFO - Processing file /home/pepino/.virtualenvs/apache_airflow/lib/python3.10/site-packages/airflow/example_dags/plugins/event_listener.py for tasks to queue
[2023-04-15T11:39:16.534-0300] {logging_mixin.py:137} INFO - [2023-04-15T11:39:16.534-0300] {dagbag.py:532} INFO - Filling up the DagBag from /home/pepino/.virtualenvs/apache_airflow/lib/python3.10/site-packages/airflow/example_dags/plugins/event_listener.py
[2023-04-15T11:39:16.536-0300] {processor.py:755} WARNING - No viable dags retrieved from /home/pepino/.virtualenvs/apache_airflow/lib/python3.10/site-packages/airflow/example_dags/plugins/event_listener.py
[2023-04-15T11:39:16.543-0300] {processor.py:175} INFO - Processing /home/pepino/.virtualenvs/apache_airflow/lib/python3.10/site-packages/airflow/example_dags/plugins/event_listener.py took 0.020 seconds
[2023-04-15T11:40:08.938-0300] {processor.py:153} INFO - Started process (PID=18983) to work on /home/pepino/.virtualenvs/apache_airflow/lib/python3.10/site-packages/airflow/example_dags/plugins/event_listener.py
[2023-04-15T11:40:08.946-0300] {processor.py:743} INFO - Processing file /home/pepino/.virtualenvs/apache_airflow/lib/python3.10/site-packages/airflow/example_dags/plugins/event_listener.py for tasks to queue
[2023-04-15T11:40:08.947-0300] {logging_mixin.py:137} INFO - [2023-04-15T11:40:08.947-0300] {dagbag.py:532} INFO - Filling up the DagBag from /home/pepino/.virtualenvs/apache_airflow/lib/python3.10/site-packages/airflow/example_dags/plugins/event_listener.py
[2023-04-15T11:40:08.949-0300] {processor.py:755} WARNING - No viable dags retrieved from /home/pepino/.virtualenvs/apache_airflow/lib/python3.10/site-packages/airflow/example_dags/plugins/event_listener.py
[2023-04-15T11:40:08.960-0300] {processor.py:175} INFO - Processing /home/pepino/.virtualenvs/apache_airflow/lib/python3.10/site-packages/airflow/example_dags/plugins/event_listener.py took 0.025 seconds
[2023-04-15T11:41:00.197-0300] {processor.py:153} INFO - Started process (PID=19072) to work on /home/pepino/.virtualenvs/apache_airflow/lib/python3.10/site-packages/airflow/example_dags/plugins/event_listener.py
[2023-04-15T11:41:00.198-0300] {processor.py:743} INFO - Processing file /home/pepino/.virtualenvs/apache_airflow/lib/python3.10/site-packages/airflow/example_dags/plugins/event_listener.py for tasks to queue
[2023-04-15T11:41:00.198-0300] {logging_mixin.py:137} INFO - [2023-04-15T11:41:00.198-0300] {dagbag.py:532} INFO - Filling up the DagBag from /home/pepino/.virtualenvs/apache_airflow/lib/python3.10/site-packages/airflow/example_dags/plugins/event_listener.py
[2023-04-15T11:41:00.199-0300] {processor.py:755} WARNING - No viable dags retrieved from /home/pepino/.virtualenvs/apache_airflow/lib/python3.10/site-packages/airflow/example_dags/plugins/event_listener.py
[2023-04-15T11:41:00.203-0300] {processor.py:175} INFO - Processing /home/pepino/.virtualenvs/apache_airflow/lib/python3.10/site-packages/airflow/example_dags/plugins/event_listener.py took 0.009 seconds
[2023-04-15T11:41:43.001-0300] {processor.py:153} INFO - Started process (PID=19164) to work on /home/pepino/.virtualenvs/apache_airflow/lib/python3.10/site-packages/airflow/example_dags/plugins/event_listener.py
[2023-04-15T11:41:43.009-0300] {processor.py:743} INFO - Processing file /home/pepino/.virtualenvs/apache_airflow/lib/python3.10/site-packages/airflow/example_dags/plugins/event_listener.py for tasks to queue
[2023-04-15T11:41:43.010-0300] {logging_mixin.py:137} INFO - [2023-04-15T11:41:43.010-0300] {dagbag.py:532} INFO - Filling up the DagBag from /home/pepino/.virtualenvs/apache_airflow/lib/python3.10/site-packages/airflow/example_dags/plugins/event_listener.py
[2023-04-15T11:41:43.012-0300] {processor.py:755} WARNING - No viable dags retrieved from /home/pepino/.virtualenvs/apache_airflow/lib/python3.10/site-packages/airflow/example_dags/plugins/event_listener.py
[2023-04-15T11:41:43.023-0300] {processor.py:175} INFO - Processing /home/pepino/.virtualenvs/apache_airflow/lib/python3.10/site-packages/airflow/example_dags/plugins/event_listener.py took 0.025 seconds
[2023-04-15T11:42:29.363-0300] {processor.py:153} INFO - Started process (PID=19344) to work on /home/pepino/.virtualenvs/apache_airflow/lib/python3.10/site-packages/airflow/example_dags/plugins/event_listener.py
[2023-04-15T11:42:29.371-0300] {processor.py:743} INFO - Processing file /home/pepino/.virtualenvs/apache_airflow/lib/python3.10/site-packages/airflow/example_dags/plugins/event_listener.py for tasks to queue
[2023-04-15T11:42:29.372-0300] {logging_mixin.py:137} INFO - [2023-04-15T11:42:29.372-0300] {dagbag.py:532} INFO - Filling up the DagBag from /home/pepino/.virtualenvs/apache_airflow/lib/python3.10/site-packages/airflow/example_dags/plugins/event_listener.py
[2023-04-15T11:42:29.374-0300] {processor.py:755} WARNING - No viable dags retrieved from /home/pepino/.virtualenvs/apache_airflow/lib/python3.10/site-packages/airflow/example_dags/plugins/event_listener.py
[2023-04-15T11:42:29.385-0300] {processor.py:175} INFO - Processing /home/pepino/.virtualenvs/apache_airflow/lib/python3.10/site-packages/airflow/example_dags/plugins/event_listener.py took 0.025 seconds
[2023-04-15T11:43:11.809-0300] {processor.py:153} INFO - Started process (PID=19450) to work on /home/pepino/.virtualenvs/apache_airflow/lib/python3.10/site-packages/airflow/example_dags/plugins/event_listener.py
[2023-04-15T11:43:11.817-0300] {processor.py:743} INFO - Processing file /home/pepino/.virtualenvs/apache_airflow/lib/python3.10/site-packages/airflow/example_dags/plugins/event_listener.py for tasks to queue
[2023-04-15T11:43:11.818-0300] {logging_mixin.py:137} INFO - [2023-04-15T11:43:11.818-0300] {dagbag.py:532} INFO - Filling up the DagBag from /home/pepino/.virtualenvs/apache_airflow/lib/python3.10/site-packages/airflow/example_dags/plugins/event_listener.py
[2023-04-15T11:43:11.820-0300] {processor.py:755} WARNING - No viable dags retrieved from /home/pepino/.virtualenvs/apache_airflow/lib/python3.10/site-packages/airflow/example_dags/plugins/event_listener.py
[2023-04-15T11:43:11.831-0300] {processor.py:175} INFO - Processing /home/pepino/.virtualenvs/apache_airflow/lib/python3.10/site-packages/airflow/example_dags/plugins/event_listener.py took 0.026 seconds
[2023-04-15T11:44:02.408-0300] {processor.py:153} INFO - Started process (PID=19665) to work on /home/pepino/.virtualenvs/apache_airflow/lib/python3.10/site-packages/airflow/example_dags/plugins/event_listener.py
[2023-04-15T11:44:02.416-0300] {processor.py:743} INFO - Processing file /home/pepino/.virtualenvs/apache_airflow/lib/python3.10/site-packages/airflow/example_dags/plugins/event_listener.py for tasks to queue
[2023-04-15T11:44:02.417-0300] {logging_mixin.py:137} INFO - [2023-04-15T11:44:02.417-0300] {dagbag.py:532} INFO - Filling up the DagBag from /home/pepino/.virtualenvs/apache_airflow/lib/python3.10/site-packages/airflow/example_dags/plugins/event_listener.py
[2023-04-15T11:44:02.419-0300] {processor.py:755} WARNING - No viable dags retrieved from /home/pepino/.virtualenvs/apache_airflow/lib/python3.10/site-packages/airflow/example_dags/plugins/event_listener.py
[2023-04-15T11:44:02.429-0300] {processor.py:175} INFO - Processing /home/pepino/.virtualenvs/apache_airflow/lib/python3.10/site-packages/airflow/example_dags/plugins/event_listener.py took 0.028 seconds
[2023-04-15T12:17:27.103-0300] {processor.py:153} INFO - Started process (PID=22894) to work on /home/pepino/.virtualenvs/apache_airflow/lib/python3.10/site-packages/airflow/example_dags/plugins/event_listener.py
[2023-04-15T12:17:27.111-0300] {processor.py:743} INFO - Processing file /home/pepino/.virtualenvs/apache_airflow/lib/python3.10/site-packages/airflow/example_dags/plugins/event_listener.py for tasks to queue
[2023-04-15T12:17:27.112-0300] {logging_mixin.py:137} INFO - [2023-04-15T12:17:27.112-0300] {dagbag.py:532} INFO - Filling up the DagBag from /home/pepino/.virtualenvs/apache_airflow/lib/python3.10/site-packages/airflow/example_dags/plugins/event_listener.py
[2023-04-15T12:17:27.114-0300] {processor.py:755} WARNING - No viable dags retrieved from /home/pepino/.virtualenvs/apache_airflow/lib/python3.10/site-packages/airflow/example_dags/plugins/event_listener.py
[2023-04-15T12:17:27.125-0300] {processor.py:175} INFO - Processing /home/pepino/.virtualenvs/apache_airflow/lib/python3.10/site-packages/airflow/example_dags/plugins/event_listener.py took 0.024 seconds
[2023-04-15T12:18:15.510-0300] {processor.py:153} INFO - Started process (PID=23000) to work on /home/pepino/.virtualenvs/apache_airflow/lib/python3.10/site-packages/airflow/example_dags/plugins/event_listener.py
[2023-04-15T12:18:15.519-0300] {processor.py:743} INFO - Processing file /home/pepino/.virtualenvs/apache_airflow/lib/python3.10/site-packages/airflow/example_dags/plugins/event_listener.py for tasks to queue
[2023-04-15T12:18:15.521-0300] {logging_mixin.py:137} INFO - [2023-04-15T12:18:15.520-0300] {dagbag.py:532} INFO - Filling up the DagBag from /home/pepino/.virtualenvs/apache_airflow/lib/python3.10/site-packages/airflow/example_dags/plugins/event_listener.py
[2023-04-15T12:18:15.523-0300] {processor.py:755} WARNING - No viable dags retrieved from /home/pepino/.virtualenvs/apache_airflow/lib/python3.10/site-packages/airflow/example_dags/plugins/event_listener.py
[2023-04-15T12:18:15.533-0300] {processor.py:175} INFO - Processing /home/pepino/.virtualenvs/apache_airflow/lib/python3.10/site-packages/airflow/example_dags/plugins/event_listener.py took 0.027 seconds
[2023-04-15T12:19:08.140-0300] {processor.py:153} INFO - Started process (PID=23142) to work on /home/pepino/.virtualenvs/apache_airflow/lib/python3.10/site-packages/airflow/example_dags/plugins/event_listener.py
[2023-04-15T12:19:08.148-0300] {processor.py:743} INFO - Processing file /home/pepino/.virtualenvs/apache_airflow/lib/python3.10/site-packages/airflow/example_dags/plugins/event_listener.py for tasks to queue
[2023-04-15T12:19:08.149-0300] {logging_mixin.py:137} INFO - [2023-04-15T12:19:08.149-0300] {dagbag.py:532} INFO - Filling up the DagBag from /home/pepino/.virtualenvs/apache_airflow/lib/python3.10/site-packages/airflow/example_dags/plugins/event_listener.py
[2023-04-15T12:19:08.151-0300] {processor.py:755} WARNING - No viable dags retrieved from /home/pepino/.virtualenvs/apache_airflow/lib/python3.10/site-packages/airflow/example_dags/plugins/event_listener.py
[2023-04-15T12:19:08.161-0300] {processor.py:175} INFO - Processing /home/pepino/.virtualenvs/apache_airflow/lib/python3.10/site-packages/airflow/example_dags/plugins/event_listener.py took 0.025 seconds
[2023-04-15T12:19:59.013-0300] {processor.py:153} INFO - Started process (PID=23247) to work on /home/pepino/.virtualenvs/apache_airflow/lib/python3.10/site-packages/airflow/example_dags/plugins/event_listener.py
[2023-04-15T12:19:59.022-0300] {processor.py:743} INFO - Processing file /home/pepino/.virtualenvs/apache_airflow/lib/python3.10/site-packages/airflow/example_dags/plugins/event_listener.py for tasks to queue
[2023-04-15T12:19:59.023-0300] {logging_mixin.py:137} INFO - [2023-04-15T12:19:59.022-0300] {dagbag.py:532} INFO - Filling up the DagBag from /home/pepino/.virtualenvs/apache_airflow/lib/python3.10/site-packages/airflow/example_dags/plugins/event_listener.py
[2023-04-15T12:19:59.024-0300] {processor.py:755} WARNING - No viable dags retrieved from /home/pepino/.virtualenvs/apache_airflow/lib/python3.10/site-packages/airflow/example_dags/plugins/event_listener.py
[2023-04-15T12:19:59.035-0300] {processor.py:175} INFO - Processing /home/pepino/.virtualenvs/apache_airflow/lib/python3.10/site-packages/airflow/example_dags/plugins/event_listener.py took 0.027 seconds
[2023-04-15T12:20:45.352-0300] {processor.py:153} INFO - Started process (PID=23336) to work on /home/pepino/.virtualenvs/apache_airflow/lib/python3.10/site-packages/airflow/example_dags/plugins/event_listener.py
[2023-04-15T12:20:45.361-0300] {processor.py:743} INFO - Processing file /home/pepino/.virtualenvs/apache_airflow/lib/python3.10/site-packages/airflow/example_dags/plugins/event_listener.py for tasks to queue
[2023-04-15T12:20:45.362-0300] {logging_mixin.py:137} INFO - [2023-04-15T12:20:45.361-0300] {dagbag.py:532} INFO - Filling up the DagBag from /home/pepino/.virtualenvs/apache_airflow/lib/python3.10/site-packages/airflow/example_dags/plugins/event_listener.py
[2023-04-15T12:20:45.364-0300] {processor.py:755} WARNING - No viable dags retrieved from /home/pepino/.virtualenvs/apache_airflow/lib/python3.10/site-packages/airflow/example_dags/plugins/event_listener.py
[2023-04-15T12:20:45.374-0300] {processor.py:175} INFO - Processing /home/pepino/.virtualenvs/apache_airflow/lib/python3.10/site-packages/airflow/example_dags/plugins/event_listener.py took 0.027 seconds
[2023-04-15T12:22:14.572-0300] {processor.py:153} INFO - Started process (PID=23524) to work on /home/pepino/.virtualenvs/apache_airflow/lib/python3.10/site-packages/airflow/example_dags/plugins/event_listener.py
[2023-04-15T12:22:14.581-0300] {processor.py:743} INFO - Processing file /home/pepino/.virtualenvs/apache_airflow/lib/python3.10/site-packages/airflow/example_dags/plugins/event_listener.py for tasks to queue
[2023-04-15T12:22:14.582-0300] {logging_mixin.py:137} INFO - [2023-04-15T12:22:14.582-0300] {dagbag.py:532} INFO - Filling up the DagBag from /home/pepino/.virtualenvs/apache_airflow/lib/python3.10/site-packages/airflow/example_dags/plugins/event_listener.py
[2023-04-15T12:22:14.584-0300] {processor.py:755} WARNING - No viable dags retrieved from /home/pepino/.virtualenvs/apache_airflow/lib/python3.10/site-packages/airflow/example_dags/plugins/event_listener.py
[2023-04-15T12:22:14.594-0300] {processor.py:175} INFO - Processing /home/pepino/.virtualenvs/apache_airflow/lib/python3.10/site-packages/airflow/example_dags/plugins/event_listener.py took 0.025 seconds
[2023-04-15T12:22:56.599-0300] {processor.py:153} INFO - Started process (PID=23608) to work on /home/pepino/.virtualenvs/apache_airflow/lib/python3.10/site-packages/airflow/example_dags/plugins/event_listener.py
[2023-04-15T12:22:56.602-0300] {processor.py:743} INFO - Processing file /home/pepino/.virtualenvs/apache_airflow/lib/python3.10/site-packages/airflow/example_dags/plugins/event_listener.py for tasks to queue
[2023-04-15T12:22:56.602-0300] {logging_mixin.py:137} INFO - [2023-04-15T12:22:56.602-0300] {dagbag.py:532} INFO - Filling up the DagBag from /home/pepino/.virtualenvs/apache_airflow/lib/python3.10/site-packages/airflow/example_dags/plugins/event_listener.py
[2023-04-15T12:22:56.603-0300] {processor.py:755} WARNING - No viable dags retrieved from /home/pepino/.virtualenvs/apache_airflow/lib/python3.10/site-packages/airflow/example_dags/plugins/event_listener.py
[2023-04-15T12:22:56.670-0300] {processor.py:175} INFO - Processing /home/pepino/.virtualenvs/apache_airflow/lib/python3.10/site-packages/airflow/example_dags/plugins/event_listener.py took 0.072 seconds
[2023-04-15T12:23:46.759-0300] {processor.py:153} INFO - Started process (PID=23721) to work on /home/pepino/.virtualenvs/apache_airflow/lib/python3.10/site-packages/airflow/example_dags/plugins/event_listener.py
[2023-04-15T12:23:46.767-0300] {processor.py:743} INFO - Processing file /home/pepino/.virtualenvs/apache_airflow/lib/python3.10/site-packages/airflow/example_dags/plugins/event_listener.py for tasks to queue
[2023-04-15T12:23:46.768-0300] {logging_mixin.py:137} INFO - [2023-04-15T12:23:46.768-0300] {dagbag.py:532} INFO - Filling up the DagBag from /home/pepino/.virtualenvs/apache_airflow/lib/python3.10/site-packages/airflow/example_dags/plugins/event_listener.py
[2023-04-15T12:23:46.770-0300] {processor.py:755} WARNING - No viable dags retrieved from /home/pepino/.virtualenvs/apache_airflow/lib/python3.10/site-packages/airflow/example_dags/plugins/event_listener.py
[2023-04-15T12:23:46.782-0300] {processor.py:175} INFO - Processing /home/pepino/.virtualenvs/apache_airflow/lib/python3.10/site-packages/airflow/example_dags/plugins/event_listener.py took 0.024 seconds
[2023-04-15T12:24:37.435-0300] {processor.py:153} INFO - Started process (PID=23814) to work on /home/pepino/.virtualenvs/apache_airflow/lib/python3.10/site-packages/airflow/example_dags/plugins/event_listener.py
[2023-04-15T12:24:37.435-0300] {processor.py:743} INFO - Processing file /home/pepino/.virtualenvs/apache_airflow/lib/python3.10/site-packages/airflow/example_dags/plugins/event_listener.py for tasks to queue
[2023-04-15T12:24:37.436-0300] {logging_mixin.py:137} INFO - [2023-04-15T12:24:37.436-0300] {dagbag.py:532} INFO - Filling up the DagBag from /home/pepino/.virtualenvs/apache_airflow/lib/python3.10/site-packages/airflow/example_dags/plugins/event_listener.py
[2023-04-15T12:24:37.436-0300] {processor.py:755} WARNING - No viable dags retrieved from /home/pepino/.virtualenvs/apache_airflow/lib/python3.10/site-packages/airflow/example_dags/plugins/event_listener.py
[2023-04-15T12:24:37.441-0300] {processor.py:175} INFO - Processing /home/pepino/.virtualenvs/apache_airflow/lib/python3.10/site-packages/airflow/example_dags/plugins/event_listener.py took 0.007 seconds
[2023-04-15T12:25:42.405-0300] {processor.py:153} INFO - Started process (PID=24116) to work on /home/pepino/.virtualenvs/apache_airflow/lib/python3.10/site-packages/airflow/example_dags/plugins/event_listener.py
[2023-04-15T12:25:42.406-0300] {processor.py:743} INFO - Processing file /home/pepino/.virtualenvs/apache_airflow/lib/python3.10/site-packages/airflow/example_dags/plugins/event_listener.py for tasks to queue
[2023-04-15T12:25:42.406-0300] {logging_mixin.py:137} INFO - [2023-04-15T12:25:42.406-0300] {dagbag.py:532} INFO - Filling up the DagBag from /home/pepino/.virtualenvs/apache_airflow/lib/python3.10/site-packages/airflow/example_dags/plugins/event_listener.py
[2023-04-15T12:25:42.407-0300] {processor.py:755} WARNING - No viable dags retrieved from /home/pepino/.virtualenvs/apache_airflow/lib/python3.10/site-packages/airflow/example_dags/plugins/event_listener.py
[2023-04-15T12:25:42.413-0300] {processor.py:175} INFO - Processing /home/pepino/.virtualenvs/apache_airflow/lib/python3.10/site-packages/airflow/example_dags/plugins/event_listener.py took 0.011 seconds
[2023-04-15T12:27:09.430-0300] {processor.py:153} INFO - Started process (PID=24371) to work on /home/pepino/.virtualenvs/apache_airflow/lib/python3.10/site-packages/airflow/example_dags/plugins/event_listener.py
[2023-04-15T12:27:09.431-0300] {processor.py:743} INFO - Processing file /home/pepino/.virtualenvs/apache_airflow/lib/python3.10/site-packages/airflow/example_dags/plugins/event_listener.py for tasks to queue
[2023-04-15T12:27:09.431-0300] {logging_mixin.py:137} INFO - [2023-04-15T12:27:09.431-0300] {dagbag.py:532} INFO - Filling up the DagBag from /home/pepino/.virtualenvs/apache_airflow/lib/python3.10/site-packages/airflow/example_dags/plugins/event_listener.py
[2023-04-15T12:27:09.432-0300] {processor.py:755} WARNING - No viable dags retrieved from /home/pepino/.virtualenvs/apache_airflow/lib/python3.10/site-packages/airflow/example_dags/plugins/event_listener.py
[2023-04-15T12:27:09.439-0300] {processor.py:175} INFO - Processing /home/pepino/.virtualenvs/apache_airflow/lib/python3.10/site-packages/airflow/example_dags/plugins/event_listener.py took 0.012 seconds
[2023-04-15T12:27:56.508-0300] {processor.py:153} INFO - Started process (PID=24462) to work on /home/pepino/.virtualenvs/apache_airflow/lib/python3.10/site-packages/airflow/example_dags/plugins/event_listener.py
[2023-04-15T12:27:56.517-0300] {processor.py:743} INFO - Processing file /home/pepino/.virtualenvs/apache_airflow/lib/python3.10/site-packages/airflow/example_dags/plugins/event_listener.py for tasks to queue
[2023-04-15T12:27:56.518-0300] {logging_mixin.py:137} INFO - [2023-04-15T12:27:56.518-0300] {dagbag.py:532} INFO - Filling up the DagBag from /home/pepino/.virtualenvs/apache_airflow/lib/python3.10/site-packages/airflow/example_dags/plugins/event_listener.py
[2023-04-15T12:27:56.520-0300] {processor.py:755} WARNING - No viable dags retrieved from /home/pepino/.virtualenvs/apache_airflow/lib/python3.10/site-packages/airflow/example_dags/plugins/event_listener.py
[2023-04-15T12:27:56.531-0300] {processor.py:175} INFO - Processing /home/pepino/.virtualenvs/apache_airflow/lib/python3.10/site-packages/airflow/example_dags/plugins/event_listener.py took 0.025 seconds
[2023-04-15T12:28:42.932-0300] {processor.py:153} INFO - Started process (PID=24562) to work on /home/pepino/.virtualenvs/apache_airflow/lib/python3.10/site-packages/airflow/example_dags/plugins/event_listener.py
[2023-04-15T12:28:42.941-0300] {processor.py:743} INFO - Processing file /home/pepino/.virtualenvs/apache_airflow/lib/python3.10/site-packages/airflow/example_dags/plugins/event_listener.py for tasks to queue
[2023-04-15T12:28:42.942-0300] {logging_mixin.py:137} INFO - [2023-04-15T12:28:42.942-0300] {dagbag.py:532} INFO - Filling up the DagBag from /home/pepino/.virtualenvs/apache_airflow/lib/python3.10/site-packages/airflow/example_dags/plugins/event_listener.py
[2023-04-15T12:28:42.944-0300] {processor.py:755} WARNING - No viable dags retrieved from /home/pepino/.virtualenvs/apache_airflow/lib/python3.10/site-packages/airflow/example_dags/plugins/event_listener.py
[2023-04-15T12:28:42.954-0300] {processor.py:175} INFO - Processing /home/pepino/.virtualenvs/apache_airflow/lib/python3.10/site-packages/airflow/example_dags/plugins/event_listener.py took 0.026 seconds
[2023-04-15T12:29:34.218-0300] {processor.py:153} INFO - Started process (PID=24652) to work on /home/pepino/.virtualenvs/apache_airflow/lib/python3.10/site-packages/airflow/example_dags/plugins/event_listener.py
[2023-04-15T12:29:34.219-0300] {processor.py:743} INFO - Processing file /home/pepino/.virtualenvs/apache_airflow/lib/python3.10/site-packages/airflow/example_dags/plugins/event_listener.py for tasks to queue
[2023-04-15T12:29:34.219-0300] {logging_mixin.py:137} INFO - [2023-04-15T12:29:34.219-0300] {dagbag.py:532} INFO - Filling up the DagBag from /home/pepino/.virtualenvs/apache_airflow/lib/python3.10/site-packages/airflow/example_dags/plugins/event_listener.py
[2023-04-15T12:29:34.220-0300] {processor.py:755} WARNING - No viable dags retrieved from /home/pepino/.virtualenvs/apache_airflow/lib/python3.10/site-packages/airflow/example_dags/plugins/event_listener.py
[2023-04-15T12:29:34.224-0300] {processor.py:175} INFO - Processing /home/pepino/.virtualenvs/apache_airflow/lib/python3.10/site-packages/airflow/example_dags/plugins/event_listener.py took 0.009 seconds
[2023-04-15T12:30:23.829-0300] {processor.py:153} INFO - Started process (PID=24746) to work on /home/pepino/.virtualenvs/apache_airflow/lib/python3.10/site-packages/airflow/example_dags/plugins/event_listener.py
[2023-04-15T12:30:23.838-0300] {processor.py:743} INFO - Processing file /home/pepino/.virtualenvs/apache_airflow/lib/python3.10/site-packages/airflow/example_dags/plugins/event_listener.py for tasks to queue
[2023-04-15T12:30:23.839-0300] {logging_mixin.py:137} INFO - [2023-04-15T12:30:23.839-0300] {dagbag.py:532} INFO - Filling up the DagBag from /home/pepino/.virtualenvs/apache_airflow/lib/python3.10/site-packages/airflow/example_dags/plugins/event_listener.py
[2023-04-15T12:30:23.841-0300] {processor.py:755} WARNING - No viable dags retrieved from /home/pepino/.virtualenvs/apache_airflow/lib/python3.10/site-packages/airflow/example_dags/plugins/event_listener.py
[2023-04-15T12:30:23.850-0300] {processor.py:175} INFO - Processing /home/pepino/.virtualenvs/apache_airflow/lib/python3.10/site-packages/airflow/example_dags/plugins/event_listener.py took 0.026 seconds
[2023-04-15T12:31:06.648-0300] {processor.py:153} INFO - Started process (PID=24820) to work on /home/pepino/.virtualenvs/apache_airflow/lib/python3.10/site-packages/airflow/example_dags/plugins/event_listener.py
[2023-04-15T12:31:06.656-0300] {processor.py:743} INFO - Processing file /home/pepino/.virtualenvs/apache_airflow/lib/python3.10/site-packages/airflow/example_dags/plugins/event_listener.py for tasks to queue
[2023-04-15T12:31:06.658-0300] {logging_mixin.py:137} INFO - [2023-04-15T12:31:06.658-0300] {dagbag.py:532} INFO - Filling up the DagBag from /home/pepino/.virtualenvs/apache_airflow/lib/python3.10/site-packages/airflow/example_dags/plugins/event_listener.py
[2023-04-15T12:31:06.660-0300] {processor.py:755} WARNING - No viable dags retrieved from /home/pepino/.virtualenvs/apache_airflow/lib/python3.10/site-packages/airflow/example_dags/plugins/event_listener.py
[2023-04-15T12:31:06.670-0300] {processor.py:175} INFO - Processing /home/pepino/.virtualenvs/apache_airflow/lib/python3.10/site-packages/airflow/example_dags/plugins/event_listener.py took 0.025 seconds
[2023-04-15T12:31:55.043-0300] {processor.py:153} INFO - Started process (PID=24907) to work on /home/pepino/.virtualenvs/apache_airflow/lib/python3.10/site-packages/airflow/example_dags/plugins/event_listener.py
[2023-04-15T12:31:55.052-0300] {processor.py:743} INFO - Processing file /home/pepino/.virtualenvs/apache_airflow/lib/python3.10/site-packages/airflow/example_dags/plugins/event_listener.py for tasks to queue
[2023-04-15T12:31:55.053-0300] {logging_mixin.py:137} INFO - [2023-04-15T12:31:55.053-0300] {dagbag.py:532} INFO - Filling up the DagBag from /home/pepino/.virtualenvs/apache_airflow/lib/python3.10/site-packages/airflow/example_dags/plugins/event_listener.py
[2023-04-15T12:31:55.056-0300] {processor.py:755} WARNING - No viable dags retrieved from /home/pepino/.virtualenvs/apache_airflow/lib/python3.10/site-packages/airflow/example_dags/plugins/event_listener.py
[2023-04-15T12:31:55.061-0300] {processor.py:175} INFO - Processing /home/pepino/.virtualenvs/apache_airflow/lib/python3.10/site-packages/airflow/example_dags/plugins/event_listener.py took 0.019 seconds
[2023-04-15T12:32:51.398-0300] {processor.py:153} INFO - Started process (PID=25003) to work on /home/pepino/.virtualenvs/apache_airflow/lib/python3.10/site-packages/airflow/example_dags/plugins/event_listener.py
[2023-04-15T12:32:51.400-0300] {processor.py:743} INFO - Processing file /home/pepino/.virtualenvs/apache_airflow/lib/python3.10/site-packages/airflow/example_dags/plugins/event_listener.py for tasks to queue
[2023-04-15T12:32:51.401-0300] {logging_mixin.py:137} INFO - [2023-04-15T12:32:51.400-0300] {dagbag.py:532} INFO - Filling up the DagBag from /home/pepino/.virtualenvs/apache_airflow/lib/python3.10/site-packages/airflow/example_dags/plugins/event_listener.py
[2023-04-15T12:32:51.402-0300] {processor.py:755} WARNING - No viable dags retrieved from /home/pepino/.virtualenvs/apache_airflow/lib/python3.10/site-packages/airflow/example_dags/plugins/event_listener.py
[2023-04-15T12:32:51.411-0300] {processor.py:175} INFO - Processing /home/pepino/.virtualenvs/apache_airflow/lib/python3.10/site-packages/airflow/example_dags/plugins/event_listener.py took 0.017 seconds
[2023-04-15T12:33:48.387-0300] {processor.py:153} INFO - Started process (PID=25128) to work on /home/pepino/.virtualenvs/apache_airflow/lib/python3.10/site-packages/airflow/example_dags/plugins/event_listener.py
[2023-04-15T12:33:48.396-0300] {processor.py:743} INFO - Processing file /home/pepino/.virtualenvs/apache_airflow/lib/python3.10/site-packages/airflow/example_dags/plugins/event_listener.py for tasks to queue
[2023-04-15T12:33:48.397-0300] {logging_mixin.py:137} INFO - [2023-04-15T12:33:48.396-0300] {dagbag.py:532} INFO - Filling up the DagBag from /home/pepino/.virtualenvs/apache_airflow/lib/python3.10/site-packages/airflow/example_dags/plugins/event_listener.py
[2023-04-15T12:33:48.400-0300] {processor.py:755} WARNING - No viable dags retrieved from /home/pepino/.virtualenvs/apache_airflow/lib/python3.10/site-packages/airflow/example_dags/plugins/event_listener.py
[2023-04-15T12:33:48.410-0300] {processor.py:175} INFO - Processing /home/pepino/.virtualenvs/apache_airflow/lib/python3.10/site-packages/airflow/example_dags/plugins/event_listener.py took 0.025 seconds
[2023-04-15T12:34:33.596-0300] {processor.py:153} INFO - Started process (PID=25206) to work on /home/pepino/.virtualenvs/apache_airflow/lib/python3.10/site-packages/airflow/example_dags/plugins/event_listener.py
[2023-04-15T12:34:33.605-0300] {processor.py:743} INFO - Processing file /home/pepino/.virtualenvs/apache_airflow/lib/python3.10/site-packages/airflow/example_dags/plugins/event_listener.py for tasks to queue
[2023-04-15T12:34:33.606-0300] {logging_mixin.py:137} INFO - [2023-04-15T12:34:33.605-0300] {dagbag.py:532} INFO - Filling up the DagBag from /home/pepino/.virtualenvs/apache_airflow/lib/python3.10/site-packages/airflow/example_dags/plugins/event_listener.py
[2023-04-15T12:34:33.609-0300] {processor.py:755} WARNING - No viable dags retrieved from /home/pepino/.virtualenvs/apache_airflow/lib/python3.10/site-packages/airflow/example_dags/plugins/event_listener.py
[2023-04-15T12:34:33.614-0300] {processor.py:175} INFO - Processing /home/pepino/.virtualenvs/apache_airflow/lib/python3.10/site-packages/airflow/example_dags/plugins/event_listener.py took 0.019 seconds
[2023-04-15T12:35:18.476-0300] {processor.py:153} INFO - Started process (PID=25290) to work on /home/pepino/.virtualenvs/apache_airflow/lib/python3.10/site-packages/airflow/example_dags/plugins/event_listener.py
[2023-04-15T12:35:18.484-0300] {processor.py:743} INFO - Processing file /home/pepino/.virtualenvs/apache_airflow/lib/python3.10/site-packages/airflow/example_dags/plugins/event_listener.py for tasks to queue
[2023-04-15T12:35:18.485-0300] {logging_mixin.py:137} INFO - [2023-04-15T12:35:18.485-0300] {dagbag.py:532} INFO - Filling up the DagBag from /home/pepino/.virtualenvs/apache_airflow/lib/python3.10/site-packages/airflow/example_dags/plugins/event_listener.py
[2023-04-15T12:35:18.487-0300] {processor.py:755} WARNING - No viable dags retrieved from /home/pepino/.virtualenvs/apache_airflow/lib/python3.10/site-packages/airflow/example_dags/plugins/event_listener.py
[2023-04-15T12:35:18.497-0300] {processor.py:175} INFO - Processing /home/pepino/.virtualenvs/apache_airflow/lib/python3.10/site-packages/airflow/example_dags/plugins/event_listener.py took 0.023 seconds
[2023-04-15T12:36:05.780-0300] {processor.py:153} INFO - Started process (PID=25388) to work on /home/pepino/.virtualenvs/apache_airflow/lib/python3.10/site-packages/airflow/example_dags/plugins/event_listener.py
[2023-04-15T12:36:05.789-0300] {processor.py:743} INFO - Processing file /home/pepino/.virtualenvs/apache_airflow/lib/python3.10/site-packages/airflow/example_dags/plugins/event_listener.py for tasks to queue
[2023-04-15T12:36:05.790-0300] {logging_mixin.py:137} INFO - [2023-04-15T12:36:05.790-0300] {dagbag.py:532} INFO - Filling up the DagBag from /home/pepino/.virtualenvs/apache_airflow/lib/python3.10/site-packages/airflow/example_dags/plugins/event_listener.py
[2023-04-15T12:36:05.794-0300] {processor.py:755} WARNING - No viable dags retrieved from /home/pepino/.virtualenvs/apache_airflow/lib/python3.10/site-packages/airflow/example_dags/plugins/event_listener.py
[2023-04-15T12:36:05.802-0300] {processor.py:175} INFO - Processing /home/pepino/.virtualenvs/apache_airflow/lib/python3.10/site-packages/airflow/example_dags/plugins/event_listener.py took 0.026 seconds
[2023-04-15T12:36:47.435-0300] {processor.py:153} INFO - Started process (PID=25544) to work on /home/pepino/.virtualenvs/apache_airflow/lib/python3.10/site-packages/airflow/example_dags/plugins/event_listener.py
[2023-04-15T12:36:47.435-0300] {processor.py:743} INFO - Processing file /home/pepino/.virtualenvs/apache_airflow/lib/python3.10/site-packages/airflow/example_dags/plugins/event_listener.py for tasks to queue
[2023-04-15T12:36:47.436-0300] {logging_mixin.py:137} INFO - [2023-04-15T12:36:47.436-0300] {dagbag.py:532} INFO - Filling up the DagBag from /home/pepino/.virtualenvs/apache_airflow/lib/python3.10/site-packages/airflow/example_dags/plugins/event_listener.py
[2023-04-15T12:36:47.437-0300] {processor.py:755} WARNING - No viable dags retrieved from /home/pepino/.virtualenvs/apache_airflow/lib/python3.10/site-packages/airflow/example_dags/plugins/event_listener.py
[2023-04-15T12:36:47.441-0300] {processor.py:175} INFO - Processing /home/pepino/.virtualenvs/apache_airflow/lib/python3.10/site-packages/airflow/example_dags/plugins/event_listener.py took 0.008 seconds
[2023-04-15T12:37:38.957-0300] {processor.py:153} INFO - Started process (PID=25668) to work on /home/pepino/.virtualenvs/apache_airflow/lib/python3.10/site-packages/airflow/example_dags/plugins/event_listener.py
[2023-04-15T12:37:38.965-0300] {processor.py:743} INFO - Processing file /home/pepino/.virtualenvs/apache_airflow/lib/python3.10/site-packages/airflow/example_dags/plugins/event_listener.py for tasks to queue
[2023-04-15T12:37:38.966-0300] {logging_mixin.py:137} INFO - [2023-04-15T12:37:38.966-0300] {dagbag.py:532} INFO - Filling up the DagBag from /home/pepino/.virtualenvs/apache_airflow/lib/python3.10/site-packages/airflow/example_dags/plugins/event_listener.py
[2023-04-15T12:37:38.968-0300] {processor.py:755} WARNING - No viable dags retrieved from /home/pepino/.virtualenvs/apache_airflow/lib/python3.10/site-packages/airflow/example_dags/plugins/event_listener.py
[2023-04-15T12:37:38.978-0300] {processor.py:175} INFO - Processing /home/pepino/.virtualenvs/apache_airflow/lib/python3.10/site-packages/airflow/example_dags/plugins/event_listener.py took 0.023 seconds
