[2023-04-15T10:34:06.852-0300] {processor.py:153} INFO - Started process (PID=12520) to work on /home/pepino/.virtualenvs/apache_airflow/lib/python3.10/site-packages/airflow/example_dags/plugins/listener_plugin.py
[2023-04-15T10:34:06.853-0300] {processor.py:743} INFO - Processing file /home/pepino/.virtualenvs/apache_airflow/lib/python3.10/site-packages/airflow/example_dags/plugins/listener_plugin.py for tasks to queue
[2023-04-15T10:34:06.853-0300] {logging_mixin.py:137} INFO - [2023-04-15T10:34:06.853-0300] {dagbag.py:532} INFO - Filling up the DagBag from /home/pepino/.virtualenvs/apache_airflow/lib/python3.10/site-packages/airflow/example_dags/plugins/listener_plugin.py
[2023-04-15T10:34:06.854-0300] {processor.py:755} WARNING - No viable dags retrieved from /home/pepino/.virtualenvs/apache_airflow/lib/python3.10/site-packages/airflow/example_dags/plugins/listener_plugin.py
[2023-04-15T10:34:06.859-0300] {processor.py:175} INFO - Processing /home/pepino/.virtualenvs/apache_airflow/lib/python3.10/site-packages/airflow/example_dags/plugins/listener_plugin.py took 0.009 seconds
[2023-04-15T10:34:52.687-0300] {processor.py:153} INFO - Started process (PID=12637) to work on /home/pepino/.virtualenvs/apache_airflow/lib/python3.10/site-packages/airflow/example_dags/plugins/listener_plugin.py
[2023-04-15T10:34:52.695-0300] {processor.py:743} INFO - Processing file /home/pepino/.virtualenvs/apache_airflow/lib/python3.10/site-packages/airflow/example_dags/plugins/listener_plugin.py for tasks to queue
[2023-04-15T10:34:52.696-0300] {logging_mixin.py:137} INFO - [2023-04-15T10:34:52.696-0300] {dagbag.py:532} INFO - Filling up the DagBag from /home/pepino/.virtualenvs/apache_airflow/lib/python3.10/site-packages/airflow/example_dags/plugins/listener_plugin.py
[2023-04-15T10:34:52.699-0300] {processor.py:755} WARNING - No viable dags retrieved from /home/pepino/.virtualenvs/apache_airflow/lib/python3.10/site-packages/airflow/example_dags/plugins/listener_plugin.py
[2023-04-15T10:34:52.710-0300] {processor.py:175} INFO - Processing /home/pepino/.virtualenvs/apache_airflow/lib/python3.10/site-packages/airflow/example_dags/plugins/listener_plugin.py took 0.025 seconds
[2023-04-15T10:35:34.885-0300] {processor.py:153} INFO - Started process (PID=12715) to work on /home/pepino/.virtualenvs/apache_airflow/lib/python3.10/site-packages/airflow/example_dags/plugins/listener_plugin.py
[2023-04-15T10:35:34.893-0300] {processor.py:743} INFO - Processing file /home/pepino/.virtualenvs/apache_airflow/lib/python3.10/site-packages/airflow/example_dags/plugins/listener_plugin.py for tasks to queue
[2023-04-15T10:35:34.895-0300] {logging_mixin.py:137} INFO - [2023-04-15T10:35:34.894-0300] {dagbag.py:532} INFO - Filling up the DagBag from /home/pepino/.virtualenvs/apache_airflow/lib/python3.10/site-packages/airflow/example_dags/plugins/listener_plugin.py
[2023-04-15T10:35:34.898-0300] {processor.py:755} WARNING - No viable dags retrieved from /home/pepino/.virtualenvs/apache_airflow/lib/python3.10/site-packages/airflow/example_dags/plugins/listener_plugin.py
[2023-04-15T10:35:34.903-0300] {processor.py:175} INFO - Processing /home/pepino/.virtualenvs/apache_airflow/lib/python3.10/site-packages/airflow/example_dags/plugins/listener_plugin.py took 0.020 seconds
[2023-04-15T10:36:16.598-0300] {processor.py:153} INFO - Started process (PID=12784) to work on /home/pepino/.virtualenvs/apache_airflow/lib/python3.10/site-packages/airflow/example_dags/plugins/listener_plugin.py
[2023-04-15T10:36:16.606-0300] {processor.py:743} INFO - Processing file /home/pepino/.virtualenvs/apache_airflow/lib/python3.10/site-packages/airflow/example_dags/plugins/listener_plugin.py for tasks to queue
[2023-04-15T10:36:16.607-0300] {logging_mixin.py:137} INFO - [2023-04-15T10:36:16.607-0300] {dagbag.py:532} INFO - Filling up the DagBag from /home/pepino/.virtualenvs/apache_airflow/lib/python3.10/site-packages/airflow/example_dags/plugins/listener_plugin.py
[2023-04-15T10:36:16.609-0300] {processor.py:755} WARNING - No viable dags retrieved from /home/pepino/.virtualenvs/apache_airflow/lib/python3.10/site-packages/airflow/example_dags/plugins/listener_plugin.py
[2023-04-15T10:36:16.619-0300] {processor.py:175} INFO - Processing /home/pepino/.virtualenvs/apache_airflow/lib/python3.10/site-packages/airflow/example_dags/plugins/listener_plugin.py took 0.023 seconds
[2023-04-15T10:37:03.348-0300] {processor.py:153} INFO - Started process (PID=12864) to work on /home/pepino/.virtualenvs/apache_airflow/lib/python3.10/site-packages/airflow/example_dags/plugins/listener_plugin.py
[2023-04-15T10:37:03.357-0300] {processor.py:743} INFO - Processing file /home/pepino/.virtualenvs/apache_airflow/lib/python3.10/site-packages/airflow/example_dags/plugins/listener_plugin.py for tasks to queue
[2023-04-15T10:37:03.358-0300] {logging_mixin.py:137} INFO - [2023-04-15T10:37:03.357-0300] {dagbag.py:532} INFO - Filling up the DagBag from /home/pepino/.virtualenvs/apache_airflow/lib/python3.10/site-packages/airflow/example_dags/plugins/listener_plugin.py
[2023-04-15T10:37:03.361-0300] {processor.py:755} WARNING - No viable dags retrieved from /home/pepino/.virtualenvs/apache_airflow/lib/python3.10/site-packages/airflow/example_dags/plugins/listener_plugin.py
[2023-04-15T10:37:03.372-0300] {processor.py:175} INFO - Processing /home/pepino/.virtualenvs/apache_airflow/lib/python3.10/site-packages/airflow/example_dags/plugins/listener_plugin.py took 0.026 seconds
[2023-04-15T10:37:48.973-0300] {processor.py:153} INFO - Started process (PID=12945) to work on /home/pepino/.virtualenvs/apache_airflow/lib/python3.10/site-packages/airflow/example_dags/plugins/listener_plugin.py
[2023-04-15T10:37:48.981-0300] {processor.py:743} INFO - Processing file /home/pepino/.virtualenvs/apache_airflow/lib/python3.10/site-packages/airflow/example_dags/plugins/listener_plugin.py for tasks to queue
[2023-04-15T10:37:48.982-0300] {logging_mixin.py:137} INFO - [2023-04-15T10:37:48.982-0300] {dagbag.py:532} INFO - Filling up the DagBag from /home/pepino/.virtualenvs/apache_airflow/lib/python3.10/site-packages/airflow/example_dags/plugins/listener_plugin.py
[2023-04-15T10:37:48.986-0300] {processor.py:755} WARNING - No viable dags retrieved from /home/pepino/.virtualenvs/apache_airflow/lib/python3.10/site-packages/airflow/example_dags/plugins/listener_plugin.py
[2023-04-15T10:37:48.990-0300] {processor.py:175} INFO - Processing /home/pepino/.virtualenvs/apache_airflow/lib/python3.10/site-packages/airflow/example_dags/plugins/listener_plugin.py took 0.018 seconds
[2023-04-15T10:38:27.738-0300] {processor.py:153} INFO - Started process (PID=13017) to work on /home/pepino/.virtualenvs/apache_airflow/lib/python3.10/site-packages/airflow/example_dags/plugins/listener_plugin.py
[2023-04-15T10:38:27.746-0300] {processor.py:743} INFO - Processing file /home/pepino/.virtualenvs/apache_airflow/lib/python3.10/site-packages/airflow/example_dags/plugins/listener_plugin.py for tasks to queue
[2023-04-15T10:38:27.747-0300] {logging_mixin.py:137} INFO - [2023-04-15T10:38:27.747-0300] {dagbag.py:532} INFO - Filling up the DagBag from /home/pepino/.virtualenvs/apache_airflow/lib/python3.10/site-packages/airflow/example_dags/plugins/listener_plugin.py
[2023-04-15T10:38:27.751-0300] {processor.py:755} WARNING - No viable dags retrieved from /home/pepino/.virtualenvs/apache_airflow/lib/python3.10/site-packages/airflow/example_dags/plugins/listener_plugin.py
[2023-04-15T10:38:27.761-0300] {processor.py:175} INFO - Processing /home/pepino/.virtualenvs/apache_airflow/lib/python3.10/site-packages/airflow/example_dags/plugins/listener_plugin.py took 0.026 seconds
[2023-04-15T10:39:10.084-0300] {processor.py:153} INFO - Started process (PID=13113) to work on /home/pepino/.virtualenvs/apache_airflow/lib/python3.10/site-packages/airflow/example_dags/plugins/listener_plugin.py
[2023-04-15T10:39:10.092-0300] {processor.py:743} INFO - Processing file /home/pepino/.virtualenvs/apache_airflow/lib/python3.10/site-packages/airflow/example_dags/plugins/listener_plugin.py for tasks to queue
[2023-04-15T10:39:10.093-0300] {logging_mixin.py:137} INFO - [2023-04-15T10:39:10.093-0300] {dagbag.py:532} INFO - Filling up the DagBag from /home/pepino/.virtualenvs/apache_airflow/lib/python3.10/site-packages/airflow/example_dags/plugins/listener_plugin.py
[2023-04-15T10:39:10.096-0300] {processor.py:755} WARNING - No viable dags retrieved from /home/pepino/.virtualenvs/apache_airflow/lib/python3.10/site-packages/airflow/example_dags/plugins/listener_plugin.py
[2023-04-15T10:39:10.102-0300] {processor.py:175} INFO - Processing /home/pepino/.virtualenvs/apache_airflow/lib/python3.10/site-packages/airflow/example_dags/plugins/listener_plugin.py took 0.019 seconds
[2023-04-15T10:39:53.523-0300] {processor.py:153} INFO - Started process (PID=13214) to work on /home/pepino/.virtualenvs/apache_airflow/lib/python3.10/site-packages/airflow/example_dags/plugins/listener_plugin.py
[2023-04-15T10:39:53.531-0300] {processor.py:743} INFO - Processing file /home/pepino/.virtualenvs/apache_airflow/lib/python3.10/site-packages/airflow/example_dags/plugins/listener_plugin.py for tasks to queue
[2023-04-15T10:39:53.532-0300] {logging_mixin.py:137} INFO - [2023-04-15T10:39:53.532-0300] {dagbag.py:532} INFO - Filling up the DagBag from /home/pepino/.virtualenvs/apache_airflow/lib/python3.10/site-packages/airflow/example_dags/plugins/listener_plugin.py
[2023-04-15T10:39:53.536-0300] {processor.py:755} WARNING - No viable dags retrieved from /home/pepino/.virtualenvs/apache_airflow/lib/python3.10/site-packages/airflow/example_dags/plugins/listener_plugin.py
[2023-04-15T10:39:53.546-0300] {processor.py:175} INFO - Processing /home/pepino/.virtualenvs/apache_airflow/lib/python3.10/site-packages/airflow/example_dags/plugins/listener_plugin.py took 0.025 seconds
[2023-04-15T10:40:39.053-0300] {processor.py:153} INFO - Started process (PID=13295) to work on /home/pepino/.virtualenvs/apache_airflow/lib/python3.10/site-packages/airflow/example_dags/plugins/listener_plugin.py
[2023-04-15T10:40:39.061-0300] {processor.py:743} INFO - Processing file /home/pepino/.virtualenvs/apache_airflow/lib/python3.10/site-packages/airflow/example_dags/plugins/listener_plugin.py for tasks to queue
[2023-04-15T10:40:39.062-0300] {logging_mixin.py:137} INFO - [2023-04-15T10:40:39.062-0300] {dagbag.py:532} INFO - Filling up the DagBag from /home/pepino/.virtualenvs/apache_airflow/lib/python3.10/site-packages/airflow/example_dags/plugins/listener_plugin.py
[2023-04-15T10:40:39.065-0300] {processor.py:755} WARNING - No viable dags retrieved from /home/pepino/.virtualenvs/apache_airflow/lib/python3.10/site-packages/airflow/example_dags/plugins/listener_plugin.py
[2023-04-15T10:40:39.075-0300] {processor.py:175} INFO - Processing /home/pepino/.virtualenvs/apache_airflow/lib/python3.10/site-packages/airflow/example_dags/plugins/listener_plugin.py took 0.027 seconds
[2023-04-15T10:41:22.334-0300] {processor.py:153} INFO - Started process (PID=13428) to work on /home/pepino/.virtualenvs/apache_airflow/lib/python3.10/site-packages/airflow/example_dags/plugins/listener_plugin.py
[2023-04-15T10:41:22.343-0300] {processor.py:743} INFO - Processing file /home/pepino/.virtualenvs/apache_airflow/lib/python3.10/site-packages/airflow/example_dags/plugins/listener_plugin.py for tasks to queue
[2023-04-15T10:41:22.344-0300] {logging_mixin.py:137} INFO - [2023-04-15T10:41:22.344-0300] {dagbag.py:532} INFO - Filling up the DagBag from /home/pepino/.virtualenvs/apache_airflow/lib/python3.10/site-packages/airflow/example_dags/plugins/listener_plugin.py
[2023-04-15T10:41:22.347-0300] {processor.py:755} WARNING - No viable dags retrieved from /home/pepino/.virtualenvs/apache_airflow/lib/python3.10/site-packages/airflow/example_dags/plugins/listener_plugin.py
[2023-04-15T10:41:22.357-0300] {processor.py:175} INFO - Processing /home/pepino/.virtualenvs/apache_airflow/lib/python3.10/site-packages/airflow/example_dags/plugins/listener_plugin.py took 0.026 seconds
[2023-04-15T10:42:06.411-0300] {processor.py:153} INFO - Started process (PID=13528) to work on /home/pepino/.virtualenvs/apache_airflow/lib/python3.10/site-packages/airflow/example_dags/plugins/listener_plugin.py
[2023-04-15T10:42:06.419-0300] {processor.py:743} INFO - Processing file /home/pepino/.virtualenvs/apache_airflow/lib/python3.10/site-packages/airflow/example_dags/plugins/listener_plugin.py for tasks to queue
[2023-04-15T10:42:06.420-0300] {logging_mixin.py:137} INFO - [2023-04-15T10:42:06.420-0300] {dagbag.py:532} INFO - Filling up the DagBag from /home/pepino/.virtualenvs/apache_airflow/lib/python3.10/site-packages/airflow/example_dags/plugins/listener_plugin.py
[2023-04-15T10:42:06.423-0300] {processor.py:755} WARNING - No viable dags retrieved from /home/pepino/.virtualenvs/apache_airflow/lib/python3.10/site-packages/airflow/example_dags/plugins/listener_plugin.py
[2023-04-15T10:42:06.433-0300] {processor.py:175} INFO - Processing /home/pepino/.virtualenvs/apache_airflow/lib/python3.10/site-packages/airflow/example_dags/plugins/listener_plugin.py took 0.025 seconds
[2023-04-15T10:42:51.985-0300] {processor.py:153} INFO - Started process (PID=13697) to work on /home/pepino/.virtualenvs/apache_airflow/lib/python3.10/site-packages/airflow/example_dags/plugins/listener_plugin.py
[2023-04-15T10:42:51.990-0300] {processor.py:743} INFO - Processing file /home/pepino/.virtualenvs/apache_airflow/lib/python3.10/site-packages/airflow/example_dags/plugins/listener_plugin.py for tasks to queue
[2023-04-15T10:42:51.991-0300] {logging_mixin.py:137} INFO - [2023-04-15T10:42:51.991-0300] {dagbag.py:532} INFO - Filling up the DagBag from /home/pepino/.virtualenvs/apache_airflow/lib/python3.10/site-packages/airflow/example_dags/plugins/listener_plugin.py
[2023-04-15T10:42:51.994-0300] {processor.py:755} WARNING - No viable dags retrieved from /home/pepino/.virtualenvs/apache_airflow/lib/python3.10/site-packages/airflow/example_dags/plugins/listener_plugin.py
[2023-04-15T10:42:52.002-0300] {processor.py:175} INFO - Processing /home/pepino/.virtualenvs/apache_airflow/lib/python3.10/site-packages/airflow/example_dags/plugins/listener_plugin.py took 0.021 seconds
[2023-04-15T10:43:34.215-0300] {processor.py:153} INFO - Started process (PID=13881) to work on /home/pepino/.virtualenvs/apache_airflow/lib/python3.10/site-packages/airflow/example_dags/plugins/listener_plugin.py
[2023-04-15T10:43:34.223-0300] {processor.py:743} INFO - Processing file /home/pepino/.virtualenvs/apache_airflow/lib/python3.10/site-packages/airflow/example_dags/plugins/listener_plugin.py for tasks to queue
[2023-04-15T10:43:34.224-0300] {logging_mixin.py:137} INFO - [2023-04-15T10:43:34.224-0300] {dagbag.py:532} INFO - Filling up the DagBag from /home/pepino/.virtualenvs/apache_airflow/lib/python3.10/site-packages/airflow/example_dags/plugins/listener_plugin.py
[2023-04-15T10:43:34.227-0300] {processor.py:755} WARNING - No viable dags retrieved from /home/pepino/.virtualenvs/apache_airflow/lib/python3.10/site-packages/airflow/example_dags/plugins/listener_plugin.py
[2023-04-15T10:43:34.235-0300] {processor.py:175} INFO - Processing /home/pepino/.virtualenvs/apache_airflow/lib/python3.10/site-packages/airflow/example_dags/plugins/listener_plugin.py took 0.022 seconds
[2023-04-15T10:44:20.601-0300] {processor.py:153} INFO - Started process (PID=14002) to work on /home/pepino/.virtualenvs/apache_airflow/lib/python3.10/site-packages/airflow/example_dags/plugins/listener_plugin.py
[2023-04-15T10:44:20.610-0300] {processor.py:743} INFO - Processing file /home/pepino/.virtualenvs/apache_airflow/lib/python3.10/site-packages/airflow/example_dags/plugins/listener_plugin.py for tasks to queue
[2023-04-15T10:44:20.611-0300] {logging_mixin.py:137} INFO - [2023-04-15T10:44:20.610-0300] {dagbag.py:532} INFO - Filling up the DagBag from /home/pepino/.virtualenvs/apache_airflow/lib/python3.10/site-packages/airflow/example_dags/plugins/listener_plugin.py
[2023-04-15T10:44:20.614-0300] {processor.py:755} WARNING - No viable dags retrieved from /home/pepino/.virtualenvs/apache_airflow/lib/python3.10/site-packages/airflow/example_dags/plugins/listener_plugin.py
[2023-04-15T10:44:20.624-0300] {processor.py:175} INFO - Processing /home/pepino/.virtualenvs/apache_airflow/lib/python3.10/site-packages/airflow/example_dags/plugins/listener_plugin.py took 0.025 seconds
[2023-04-15T10:45:02.713-0300] {processor.py:153} INFO - Started process (PID=14124) to work on /home/pepino/.virtualenvs/apache_airflow/lib/python3.10/site-packages/airflow/example_dags/plugins/listener_plugin.py
[2023-04-15T10:45:02.721-0300] {processor.py:743} INFO - Processing file /home/pepino/.virtualenvs/apache_airflow/lib/python3.10/site-packages/airflow/example_dags/plugins/listener_plugin.py for tasks to queue
[2023-04-15T10:45:02.722-0300] {logging_mixin.py:137} INFO - [2023-04-15T10:45:02.722-0300] {dagbag.py:532} INFO - Filling up the DagBag from /home/pepino/.virtualenvs/apache_airflow/lib/python3.10/site-packages/airflow/example_dags/plugins/listener_plugin.py
[2023-04-15T10:45:02.725-0300] {processor.py:755} WARNING - No viable dags retrieved from /home/pepino/.virtualenvs/apache_airflow/lib/python3.10/site-packages/airflow/example_dags/plugins/listener_plugin.py
[2023-04-15T10:45:02.736-0300] {processor.py:175} INFO - Processing /home/pepino/.virtualenvs/apache_airflow/lib/python3.10/site-packages/airflow/example_dags/plugins/listener_plugin.py took 0.024 seconds
[2023-04-15T10:45:46.149-0300] {processor.py:153} INFO - Started process (PID=14218) to work on /home/pepino/.virtualenvs/apache_airflow/lib/python3.10/site-packages/airflow/example_dags/plugins/listener_plugin.py
[2023-04-15T10:45:46.158-0300] {processor.py:743} INFO - Processing file /home/pepino/.virtualenvs/apache_airflow/lib/python3.10/site-packages/airflow/example_dags/plugins/listener_plugin.py for tasks to queue
[2023-04-15T10:45:46.159-0300] {logging_mixin.py:137} INFO - [2023-04-15T10:45:46.158-0300] {dagbag.py:532} INFO - Filling up the DagBag from /home/pepino/.virtualenvs/apache_airflow/lib/python3.10/site-packages/airflow/example_dags/plugins/listener_plugin.py
[2023-04-15T10:45:46.162-0300] {processor.py:755} WARNING - No viable dags retrieved from /home/pepino/.virtualenvs/apache_airflow/lib/python3.10/site-packages/airflow/example_dags/plugins/listener_plugin.py
[2023-04-15T10:45:46.172-0300] {processor.py:175} INFO - Processing /home/pepino/.virtualenvs/apache_airflow/lib/python3.10/site-packages/airflow/example_dags/plugins/listener_plugin.py took 0.024 seconds
[2023-04-15T10:46:32.726-0300] {processor.py:153} INFO - Started process (PID=14298) to work on /home/pepino/.virtualenvs/apache_airflow/lib/python3.10/site-packages/airflow/example_dags/plugins/listener_plugin.py
[2023-04-15T10:46:32.734-0300] {processor.py:743} INFO - Processing file /home/pepino/.virtualenvs/apache_airflow/lib/python3.10/site-packages/airflow/example_dags/plugins/listener_plugin.py for tasks to queue
[2023-04-15T10:46:32.735-0300] {logging_mixin.py:137} INFO - [2023-04-15T10:46:32.735-0300] {dagbag.py:532} INFO - Filling up the DagBag from /home/pepino/.virtualenvs/apache_airflow/lib/python3.10/site-packages/airflow/example_dags/plugins/listener_plugin.py
[2023-04-15T10:46:32.738-0300] {processor.py:755} WARNING - No viable dags retrieved from /home/pepino/.virtualenvs/apache_airflow/lib/python3.10/site-packages/airflow/example_dags/plugins/listener_plugin.py
[2023-04-15T10:46:32.748-0300] {processor.py:175} INFO - Processing /home/pepino/.virtualenvs/apache_airflow/lib/python3.10/site-packages/airflow/example_dags/plugins/listener_plugin.py took 0.025 seconds
[2023-04-15T10:47:20.331-0300] {processor.py:153} INFO - Started process (PID=14446) to work on /home/pepino/.virtualenvs/apache_airflow/lib/python3.10/site-packages/airflow/example_dags/plugins/listener_plugin.py
[2023-04-15T10:47:20.339-0300] {processor.py:743} INFO - Processing file /home/pepino/.virtualenvs/apache_airflow/lib/python3.10/site-packages/airflow/example_dags/plugins/listener_plugin.py for tasks to queue
[2023-04-15T10:47:20.340-0300] {logging_mixin.py:137} INFO - [2023-04-15T10:47:20.340-0300] {dagbag.py:532} INFO - Filling up the DagBag from /home/pepino/.virtualenvs/apache_airflow/lib/python3.10/site-packages/airflow/example_dags/plugins/listener_plugin.py
[2023-04-15T10:47:20.343-0300] {processor.py:755} WARNING - No viable dags retrieved from /home/pepino/.virtualenvs/apache_airflow/lib/python3.10/site-packages/airflow/example_dags/plugins/listener_plugin.py
[2023-04-15T10:47:20.348-0300] {processor.py:175} INFO - Processing /home/pepino/.virtualenvs/apache_airflow/lib/python3.10/site-packages/airflow/example_dags/plugins/listener_plugin.py took 0.020 seconds
[2023-04-15T10:48:04.076-0300] {processor.py:153} INFO - Started process (PID=14525) to work on /home/pepino/.virtualenvs/apache_airflow/lib/python3.10/site-packages/airflow/example_dags/plugins/listener_plugin.py
[2023-04-15T10:48:04.084-0300] {processor.py:743} INFO - Processing file /home/pepino/.virtualenvs/apache_airflow/lib/python3.10/site-packages/airflow/example_dags/plugins/listener_plugin.py for tasks to queue
[2023-04-15T10:48:04.085-0300] {logging_mixin.py:137} INFO - [2023-04-15T10:48:04.085-0300] {dagbag.py:532} INFO - Filling up the DagBag from /home/pepino/.virtualenvs/apache_airflow/lib/python3.10/site-packages/airflow/example_dags/plugins/listener_plugin.py
[2023-04-15T10:48:04.088-0300] {processor.py:755} WARNING - No viable dags retrieved from /home/pepino/.virtualenvs/apache_airflow/lib/python3.10/site-packages/airflow/example_dags/plugins/listener_plugin.py
[2023-04-15T10:48:04.099-0300] {processor.py:175} INFO - Processing /home/pepino/.virtualenvs/apache_airflow/lib/python3.10/site-packages/airflow/example_dags/plugins/listener_plugin.py took 0.025 seconds
[2023-04-15T10:48:58.346-0300] {processor.py:153} INFO - Started process (PID=14642) to work on /home/pepino/.virtualenvs/apache_airflow/lib/python3.10/site-packages/airflow/example_dags/plugins/listener_plugin.py
[2023-04-15T10:48:58.355-0300] {processor.py:743} INFO - Processing file /home/pepino/.virtualenvs/apache_airflow/lib/python3.10/site-packages/airflow/example_dags/plugins/listener_plugin.py for tasks to queue
[2023-04-15T10:48:58.356-0300] {logging_mixin.py:137} INFO - [2023-04-15T10:48:58.355-0300] {dagbag.py:532} INFO - Filling up the DagBag from /home/pepino/.virtualenvs/apache_airflow/lib/python3.10/site-packages/airflow/example_dags/plugins/listener_plugin.py
[2023-04-15T10:48:58.359-0300] {processor.py:755} WARNING - No viable dags retrieved from /home/pepino/.virtualenvs/apache_airflow/lib/python3.10/site-packages/airflow/example_dags/plugins/listener_plugin.py
[2023-04-15T10:48:58.370-0300] {processor.py:175} INFO - Processing /home/pepino/.virtualenvs/apache_airflow/lib/python3.10/site-packages/airflow/example_dags/plugins/listener_plugin.py took 0.027 seconds
[2023-04-15T10:49:50.822-0300] {processor.py:153} INFO - Started process (PID=14765) to work on /home/pepino/.virtualenvs/apache_airflow/lib/python3.10/site-packages/airflow/example_dags/plugins/listener_plugin.py
[2023-04-15T10:49:50.830-0300] {processor.py:743} INFO - Processing file /home/pepino/.virtualenvs/apache_airflow/lib/python3.10/site-packages/airflow/example_dags/plugins/listener_plugin.py for tasks to queue
[2023-04-15T10:49:50.831-0300] {logging_mixin.py:137} INFO - [2023-04-15T10:49:50.830-0300] {dagbag.py:532} INFO - Filling up the DagBag from /home/pepino/.virtualenvs/apache_airflow/lib/python3.10/site-packages/airflow/example_dags/plugins/listener_plugin.py
[2023-04-15T10:49:50.834-0300] {processor.py:755} WARNING - No viable dags retrieved from /home/pepino/.virtualenvs/apache_airflow/lib/python3.10/site-packages/airflow/example_dags/plugins/listener_plugin.py
[2023-04-15T10:49:50.844-0300] {processor.py:175} INFO - Processing /home/pepino/.virtualenvs/apache_airflow/lib/python3.10/site-packages/airflow/example_dags/plugins/listener_plugin.py took 0.026 seconds
[2023-04-15T10:50:44.381-0300] {processor.py:153} INFO - Started process (PID=14855) to work on /home/pepino/.virtualenvs/apache_airflow/lib/python3.10/site-packages/airflow/example_dags/plugins/listener_plugin.py
[2023-04-15T10:50:44.389-0300] {processor.py:743} INFO - Processing file /home/pepino/.virtualenvs/apache_airflow/lib/python3.10/site-packages/airflow/example_dags/plugins/listener_plugin.py for tasks to queue
[2023-04-15T10:50:44.390-0300] {logging_mixin.py:137} INFO - [2023-04-15T10:50:44.390-0300] {dagbag.py:532} INFO - Filling up the DagBag from /home/pepino/.virtualenvs/apache_airflow/lib/python3.10/site-packages/airflow/example_dags/plugins/listener_plugin.py
[2023-04-15T10:50:44.394-0300] {processor.py:755} WARNING - No viable dags retrieved from /home/pepino/.virtualenvs/apache_airflow/lib/python3.10/site-packages/airflow/example_dags/plugins/listener_plugin.py
[2023-04-15T10:50:44.404-0300] {processor.py:175} INFO - Processing /home/pepino/.virtualenvs/apache_airflow/lib/python3.10/site-packages/airflow/example_dags/plugins/listener_plugin.py took 0.026 seconds
[2023-04-15T11:15:56.701-0300] {processor.py:153} INFO - Started process (PID=15154) to work on /home/pepino/.virtualenvs/apache_airflow/lib/python3.10/site-packages/airflow/example_dags/plugins/listener_plugin.py
[2023-04-15T11:15:56.703-0300] {processor.py:743} INFO - Processing file /home/pepino/.virtualenvs/apache_airflow/lib/python3.10/site-packages/airflow/example_dags/plugins/listener_plugin.py for tasks to queue
[2023-04-15T11:15:56.704-0300] {logging_mixin.py:137} INFO - [2023-04-15T11:15:56.704-0300] {dagbag.py:532} INFO - Filling up the DagBag from /home/pepino/.virtualenvs/apache_airflow/lib/python3.10/site-packages/airflow/example_dags/plugins/listener_plugin.py
[2023-04-15T11:15:56.707-0300] {processor.py:755} WARNING - No viable dags retrieved from /home/pepino/.virtualenvs/apache_airflow/lib/python3.10/site-packages/airflow/example_dags/plugins/listener_plugin.py
[2023-04-15T11:15:56.714-0300] {processor.py:175} INFO - Processing /home/pepino/.virtualenvs/apache_airflow/lib/python3.10/site-packages/airflow/example_dags/plugins/listener_plugin.py took 0.018 seconds
[2023-04-15T11:16:45.784-0300] {processor.py:153} INFO - Started process (PID=15334) to work on /home/pepino/.virtualenvs/apache_airflow/lib/python3.10/site-packages/airflow/example_dags/plugins/listener_plugin.py
[2023-04-15T11:16:45.793-0300] {processor.py:743} INFO - Processing file /home/pepino/.virtualenvs/apache_airflow/lib/python3.10/site-packages/airflow/example_dags/plugins/listener_plugin.py for tasks to queue
[2023-04-15T11:16:45.793-0300] {logging_mixin.py:137} INFO - [2023-04-15T11:16:45.793-0300] {dagbag.py:532} INFO - Filling up the DagBag from /home/pepino/.virtualenvs/apache_airflow/lib/python3.10/site-packages/airflow/example_dags/plugins/listener_plugin.py
[2023-04-15T11:16:45.797-0300] {processor.py:755} WARNING - No viable dags retrieved from /home/pepino/.virtualenvs/apache_airflow/lib/python3.10/site-packages/airflow/example_dags/plugins/listener_plugin.py
[2023-04-15T11:16:45.805-0300] {processor.py:175} INFO - Processing /home/pepino/.virtualenvs/apache_airflow/lib/python3.10/site-packages/airflow/example_dags/plugins/listener_plugin.py took 0.026 seconds
[2023-04-15T11:17:35.916-0300] {processor.py:153} INFO - Started process (PID=15442) to work on /home/pepino/.virtualenvs/apache_airflow/lib/python3.10/site-packages/airflow/example_dags/plugins/listener_plugin.py
[2023-04-15T11:17:35.924-0300] {processor.py:743} INFO - Processing file /home/pepino/.virtualenvs/apache_airflow/lib/python3.10/site-packages/airflow/example_dags/plugins/listener_plugin.py for tasks to queue
[2023-04-15T11:17:35.925-0300] {logging_mixin.py:137} INFO - [2023-04-15T11:17:35.925-0300] {dagbag.py:532} INFO - Filling up the DagBag from /home/pepino/.virtualenvs/apache_airflow/lib/python3.10/site-packages/airflow/example_dags/plugins/listener_plugin.py
[2023-04-15T11:17:35.928-0300] {processor.py:755} WARNING - No viable dags retrieved from /home/pepino/.virtualenvs/apache_airflow/lib/python3.10/site-packages/airflow/example_dags/plugins/listener_plugin.py
[2023-04-15T11:17:35.939-0300] {processor.py:175} INFO - Processing /home/pepino/.virtualenvs/apache_airflow/lib/python3.10/site-packages/airflow/example_dags/plugins/listener_plugin.py took 0.025 seconds
[2023-04-15T11:18:32.158-0300] {processor.py:153} INFO - Started process (PID=15599) to work on /home/pepino/.virtualenvs/apache_airflow/lib/python3.10/site-packages/airflow/example_dags/plugins/listener_plugin.py
[2023-04-15T11:18:32.166-0300] {processor.py:743} INFO - Processing file /home/pepino/.virtualenvs/apache_airflow/lib/python3.10/site-packages/airflow/example_dags/plugins/listener_plugin.py for tasks to queue
[2023-04-15T11:18:32.167-0300] {logging_mixin.py:137} INFO - [2023-04-15T11:18:32.167-0300] {dagbag.py:532} INFO - Filling up the DagBag from /home/pepino/.virtualenvs/apache_airflow/lib/python3.10/site-packages/airflow/example_dags/plugins/listener_plugin.py
[2023-04-15T11:18:32.171-0300] {processor.py:755} WARNING - No viable dags retrieved from /home/pepino/.virtualenvs/apache_airflow/lib/python3.10/site-packages/airflow/example_dags/plugins/listener_plugin.py
[2023-04-15T11:18:32.181-0300] {processor.py:175} INFO - Processing /home/pepino/.virtualenvs/apache_airflow/lib/python3.10/site-packages/airflow/example_dags/plugins/listener_plugin.py took 0.026 seconds
[2023-04-15T11:19:25.594-0300] {processor.py:153} INFO - Started process (PID=15760) to work on /home/pepino/.virtualenvs/apache_airflow/lib/python3.10/site-packages/airflow/example_dags/plugins/listener_plugin.py
[2023-04-15T11:19:25.603-0300] {processor.py:743} INFO - Processing file /home/pepino/.virtualenvs/apache_airflow/lib/python3.10/site-packages/airflow/example_dags/plugins/listener_plugin.py for tasks to queue
[2023-04-15T11:19:25.604-0300] {logging_mixin.py:137} INFO - [2023-04-15T11:19:25.603-0300] {dagbag.py:532} INFO - Filling up the DagBag from /home/pepino/.virtualenvs/apache_airflow/lib/python3.10/site-packages/airflow/example_dags/plugins/listener_plugin.py
[2023-04-15T11:19:25.607-0300] {processor.py:755} WARNING - No viable dags retrieved from /home/pepino/.virtualenvs/apache_airflow/lib/python3.10/site-packages/airflow/example_dags/plugins/listener_plugin.py
[2023-04-15T11:19:25.617-0300] {processor.py:175} INFO - Processing /home/pepino/.virtualenvs/apache_airflow/lib/python3.10/site-packages/airflow/example_dags/plugins/listener_plugin.py took 0.026 seconds
[2023-04-15T11:20:22.129-0300] {processor.py:153} INFO - Started process (PID=15907) to work on /home/pepino/.virtualenvs/apache_airflow/lib/python3.10/site-packages/airflow/example_dags/plugins/listener_plugin.py
[2023-04-15T11:20:22.137-0300] {processor.py:743} INFO - Processing file /home/pepino/.virtualenvs/apache_airflow/lib/python3.10/site-packages/airflow/example_dags/plugins/listener_plugin.py for tasks to queue
[2023-04-15T11:20:22.138-0300] {logging_mixin.py:137} INFO - [2023-04-15T11:20:22.138-0300] {dagbag.py:532} INFO - Filling up the DagBag from /home/pepino/.virtualenvs/apache_airflow/lib/python3.10/site-packages/airflow/example_dags/plugins/listener_plugin.py
[2023-04-15T11:20:22.139-0300] {processor.py:755} WARNING - No viable dags retrieved from /home/pepino/.virtualenvs/apache_airflow/lib/python3.10/site-packages/airflow/example_dags/plugins/listener_plugin.py
[2023-04-15T11:20:22.144-0300] {processor.py:175} INFO - Processing /home/pepino/.virtualenvs/apache_airflow/lib/python3.10/site-packages/airflow/example_dags/plugins/listener_plugin.py took 0.017 seconds
[2023-04-15T11:21:12.029-0300] {processor.py:153} INFO - Started process (PID=15988) to work on /home/pepino/.virtualenvs/apache_airflow/lib/python3.10/site-packages/airflow/example_dags/plugins/listener_plugin.py
[2023-04-15T11:21:12.037-0300] {processor.py:743} INFO - Processing file /home/pepino/.virtualenvs/apache_airflow/lib/python3.10/site-packages/airflow/example_dags/plugins/listener_plugin.py for tasks to queue
[2023-04-15T11:21:12.038-0300] {logging_mixin.py:137} INFO - [2023-04-15T11:21:12.038-0300] {dagbag.py:532} INFO - Filling up the DagBag from /home/pepino/.virtualenvs/apache_airflow/lib/python3.10/site-packages/airflow/example_dags/plugins/listener_plugin.py
[2023-04-15T11:21:12.043-0300] {processor.py:755} WARNING - No viable dags retrieved from /home/pepino/.virtualenvs/apache_airflow/lib/python3.10/site-packages/airflow/example_dags/plugins/listener_plugin.py
[2023-04-15T11:21:12.047-0300] {processor.py:175} INFO - Processing /home/pepino/.virtualenvs/apache_airflow/lib/python3.10/site-packages/airflow/example_dags/plugins/listener_plugin.py took 0.020 seconds
[2023-04-15T11:22:08.655-0300] {processor.py:153} INFO - Started process (PID=16118) to work on /home/pepino/.virtualenvs/apache_airflow/lib/python3.10/site-packages/airflow/example_dags/plugins/listener_plugin.py
[2023-04-15T11:22:08.656-0300] {processor.py:743} INFO - Processing file /home/pepino/.virtualenvs/apache_airflow/lib/python3.10/site-packages/airflow/example_dags/plugins/listener_plugin.py for tasks to queue
[2023-04-15T11:22:08.657-0300] {logging_mixin.py:137} INFO - [2023-04-15T11:22:08.657-0300] {dagbag.py:532} INFO - Filling up the DagBag from /home/pepino/.virtualenvs/apache_airflow/lib/python3.10/site-packages/airflow/example_dags/plugins/listener_plugin.py
[2023-04-15T11:22:08.660-0300] {processor.py:755} WARNING - No viable dags retrieved from /home/pepino/.virtualenvs/apache_airflow/lib/python3.10/site-packages/airflow/example_dags/plugins/listener_plugin.py
[2023-04-15T11:22:08.667-0300] {processor.py:175} INFO - Processing /home/pepino/.virtualenvs/apache_airflow/lib/python3.10/site-packages/airflow/example_dags/plugins/listener_plugin.py took 0.015 seconds
[2023-04-15T11:23:03.739-0300] {processor.py:153} INFO - Started process (PID=16216) to work on /home/pepino/.virtualenvs/apache_airflow/lib/python3.10/site-packages/airflow/example_dags/plugins/listener_plugin.py
[2023-04-15T11:23:03.747-0300] {processor.py:743} INFO - Processing file /home/pepino/.virtualenvs/apache_airflow/lib/python3.10/site-packages/airflow/example_dags/plugins/listener_plugin.py for tasks to queue
[2023-04-15T11:23:03.748-0300] {logging_mixin.py:137} INFO - [2023-04-15T11:23:03.748-0300] {dagbag.py:532} INFO - Filling up the DagBag from /home/pepino/.virtualenvs/apache_airflow/lib/python3.10/site-packages/airflow/example_dags/plugins/listener_plugin.py
[2023-04-15T11:23:03.752-0300] {processor.py:755} WARNING - No viable dags retrieved from /home/pepino/.virtualenvs/apache_airflow/lib/python3.10/site-packages/airflow/example_dags/plugins/listener_plugin.py
[2023-04-15T11:23:03.762-0300] {processor.py:175} INFO - Processing /home/pepino/.virtualenvs/apache_airflow/lib/python3.10/site-packages/airflow/example_dags/plugins/listener_plugin.py took 0.027 seconds
[2023-04-15T11:23:56.135-0300] {processor.py:153} INFO - Started process (PID=16417) to work on /home/pepino/.virtualenvs/apache_airflow/lib/python3.10/site-packages/airflow/example_dags/plugins/listener_plugin.py
[2023-04-15T11:23:56.143-0300] {processor.py:743} INFO - Processing file /home/pepino/.virtualenvs/apache_airflow/lib/python3.10/site-packages/airflow/example_dags/plugins/listener_plugin.py for tasks to queue
[2023-04-15T11:23:56.144-0300] {logging_mixin.py:137} INFO - [2023-04-15T11:23:56.144-0300] {dagbag.py:532} INFO - Filling up the DagBag from /home/pepino/.virtualenvs/apache_airflow/lib/python3.10/site-packages/airflow/example_dags/plugins/listener_plugin.py
[2023-04-15T11:23:56.148-0300] {processor.py:755} WARNING - No viable dags retrieved from /home/pepino/.virtualenvs/apache_airflow/lib/python3.10/site-packages/airflow/example_dags/plugins/listener_plugin.py
[2023-04-15T11:23:56.157-0300] {processor.py:175} INFO - Processing /home/pepino/.virtualenvs/apache_airflow/lib/python3.10/site-packages/airflow/example_dags/plugins/listener_plugin.py took 0.024 seconds
[2023-04-15T11:24:53.251-0300] {processor.py:153} INFO - Started process (PID=16549) to work on /home/pepino/.virtualenvs/apache_airflow/lib/python3.10/site-packages/airflow/example_dags/plugins/listener_plugin.py
[2023-04-15T11:24:53.259-0300] {processor.py:743} INFO - Processing file /home/pepino/.virtualenvs/apache_airflow/lib/python3.10/site-packages/airflow/example_dags/plugins/listener_plugin.py for tasks to queue
[2023-04-15T11:24:53.260-0300] {logging_mixin.py:137} INFO - [2023-04-15T11:24:53.260-0300] {dagbag.py:532} INFO - Filling up the DagBag from /home/pepino/.virtualenvs/apache_airflow/lib/python3.10/site-packages/airflow/example_dags/plugins/listener_plugin.py
[2023-04-15T11:24:53.264-0300] {processor.py:755} WARNING - No viable dags retrieved from /home/pepino/.virtualenvs/apache_airflow/lib/python3.10/site-packages/airflow/example_dags/plugins/listener_plugin.py
[2023-04-15T11:24:53.274-0300] {processor.py:175} INFO - Processing /home/pepino/.virtualenvs/apache_airflow/lib/python3.10/site-packages/airflow/example_dags/plugins/listener_plugin.py took 0.026 seconds
[2023-04-15T11:25:49.695-0300] {processor.py:153} INFO - Started process (PID=16662) to work on /home/pepino/.virtualenvs/apache_airflow/lib/python3.10/site-packages/airflow/example_dags/plugins/listener_plugin.py
[2023-04-15T11:25:49.704-0300] {processor.py:743} INFO - Processing file /home/pepino/.virtualenvs/apache_airflow/lib/python3.10/site-packages/airflow/example_dags/plugins/listener_plugin.py for tasks to queue
[2023-04-15T11:25:49.704-0300] {logging_mixin.py:137} INFO - [2023-04-15T11:25:49.704-0300] {dagbag.py:532} INFO - Filling up the DagBag from /home/pepino/.virtualenvs/apache_airflow/lib/python3.10/site-packages/airflow/example_dags/plugins/listener_plugin.py
[2023-04-15T11:25:49.707-0300] {processor.py:755} WARNING - No viable dags retrieved from /home/pepino/.virtualenvs/apache_airflow/lib/python3.10/site-packages/airflow/example_dags/plugins/listener_plugin.py
[2023-04-15T11:25:49.714-0300] {processor.py:175} INFO - Processing /home/pepino/.virtualenvs/apache_airflow/lib/python3.10/site-packages/airflow/example_dags/plugins/listener_plugin.py took 0.021 seconds
[2023-04-15T11:26:47.236-0300] {processor.py:153} INFO - Started process (PID=16967) to work on /home/pepino/.virtualenvs/apache_airflow/lib/python3.10/site-packages/airflow/example_dags/plugins/listener_plugin.py
[2023-04-15T11:26:47.237-0300] {processor.py:743} INFO - Processing file /home/pepino/.virtualenvs/apache_airflow/lib/python3.10/site-packages/airflow/example_dags/plugins/listener_plugin.py for tasks to queue
[2023-04-15T11:26:47.238-0300] {logging_mixin.py:137} INFO - [2023-04-15T11:26:47.238-0300] {dagbag.py:532} INFO - Filling up the DagBag from /home/pepino/.virtualenvs/apache_airflow/lib/python3.10/site-packages/airflow/example_dags/plugins/listener_plugin.py
[2023-04-15T11:26:47.240-0300] {processor.py:755} WARNING - No viable dags retrieved from /home/pepino/.virtualenvs/apache_airflow/lib/python3.10/site-packages/airflow/example_dags/plugins/listener_plugin.py
[2023-04-15T11:26:47.246-0300] {processor.py:175} INFO - Processing /home/pepino/.virtualenvs/apache_airflow/lib/python3.10/site-packages/airflow/example_dags/plugins/listener_plugin.py took 0.015 seconds
[2023-04-15T11:27:30.620-0300] {processor.py:153} INFO - Started process (PID=17042) to work on /home/pepino/.virtualenvs/apache_airflow/lib/python3.10/site-packages/airflow/example_dags/plugins/listener_plugin.py
[2023-04-15T11:27:30.629-0300] {processor.py:743} INFO - Processing file /home/pepino/.virtualenvs/apache_airflow/lib/python3.10/site-packages/airflow/example_dags/plugins/listener_plugin.py for tasks to queue
[2023-04-15T11:27:30.629-0300] {logging_mixin.py:137} INFO - [2023-04-15T11:27:30.629-0300] {dagbag.py:532} INFO - Filling up the DagBag from /home/pepino/.virtualenvs/apache_airflow/lib/python3.10/site-packages/airflow/example_dags/plugins/listener_plugin.py
[2023-04-15T11:27:30.633-0300] {processor.py:755} WARNING - No viable dags retrieved from /home/pepino/.virtualenvs/apache_airflow/lib/python3.10/site-packages/airflow/example_dags/plugins/listener_plugin.py
[2023-04-15T11:27:30.642-0300] {processor.py:175} INFO - Processing /home/pepino/.virtualenvs/apache_airflow/lib/python3.10/site-packages/airflow/example_dags/plugins/listener_plugin.py took 0.027 seconds
[2023-04-15T11:28:28.814-0300] {processor.py:153} INFO - Started process (PID=17154) to work on /home/pepino/.virtualenvs/apache_airflow/lib/python3.10/site-packages/airflow/example_dags/plugins/listener_plugin.py
[2023-04-15T11:28:28.822-0300] {processor.py:743} INFO - Processing file /home/pepino/.virtualenvs/apache_airflow/lib/python3.10/site-packages/airflow/example_dags/plugins/listener_plugin.py for tasks to queue
[2023-04-15T11:28:28.823-0300] {logging_mixin.py:137} INFO - [2023-04-15T11:28:28.823-0300] {dagbag.py:532} INFO - Filling up the DagBag from /home/pepino/.virtualenvs/apache_airflow/lib/python3.10/site-packages/airflow/example_dags/plugins/listener_plugin.py
[2023-04-15T11:28:28.826-0300] {processor.py:755} WARNING - No viable dags retrieved from /home/pepino/.virtualenvs/apache_airflow/lib/python3.10/site-packages/airflow/example_dags/plugins/listener_plugin.py
[2023-04-15T11:28:28.833-0300] {processor.py:175} INFO - Processing /home/pepino/.virtualenvs/apache_airflow/lib/python3.10/site-packages/airflow/example_dags/plugins/listener_plugin.py took 0.024 seconds
[2023-04-15T11:29:20.692-0300] {processor.py:153} INFO - Started process (PID=17494) to work on /home/pepino/.virtualenvs/apache_airflow/lib/python3.10/site-packages/airflow/example_dags/plugins/listener_plugin.py
[2023-04-15T11:29:20.700-0300] {processor.py:743} INFO - Processing file /home/pepino/.virtualenvs/apache_airflow/lib/python3.10/site-packages/airflow/example_dags/plugins/listener_plugin.py for tasks to queue
[2023-04-15T11:29:20.701-0300] {logging_mixin.py:137} INFO - [2023-04-15T11:29:20.701-0300] {dagbag.py:532} INFO - Filling up the DagBag from /home/pepino/.virtualenvs/apache_airflow/lib/python3.10/site-packages/airflow/example_dags/plugins/listener_plugin.py
[2023-04-15T11:29:20.705-0300] {processor.py:755} WARNING - No viable dags retrieved from /home/pepino/.virtualenvs/apache_airflow/lib/python3.10/site-packages/airflow/example_dags/plugins/listener_plugin.py
[2023-04-15T11:29:20.771-0300] {processor.py:175} INFO - Processing /home/pepino/.virtualenvs/apache_airflow/lib/python3.10/site-packages/airflow/example_dags/plugins/listener_plugin.py took 0.080 seconds
[2023-04-15T11:30:10.041-0300] {processor.py:153} INFO - Started process (PID=17621) to work on /home/pepino/.virtualenvs/apache_airflow/lib/python3.10/site-packages/airflow/example_dags/plugins/listener_plugin.py
[2023-04-15T11:30:10.049-0300] {processor.py:743} INFO - Processing file /home/pepino/.virtualenvs/apache_airflow/lib/python3.10/site-packages/airflow/example_dags/plugins/listener_plugin.py for tasks to queue
[2023-04-15T11:30:10.050-0300] {logging_mixin.py:137} INFO - [2023-04-15T11:30:10.050-0300] {dagbag.py:532} INFO - Filling up the DagBag from /home/pepino/.virtualenvs/apache_airflow/lib/python3.10/site-packages/airflow/example_dags/plugins/listener_plugin.py
[2023-04-15T11:30:10.053-0300] {processor.py:755} WARNING - No viable dags retrieved from /home/pepino/.virtualenvs/apache_airflow/lib/python3.10/site-packages/airflow/example_dags/plugins/listener_plugin.py
[2023-04-15T11:30:10.064-0300] {processor.py:175} INFO - Processing /home/pepino/.virtualenvs/apache_airflow/lib/python3.10/site-packages/airflow/example_dags/plugins/listener_plugin.py took 0.025 seconds
[2023-04-15T11:30:57.766-0300] {processor.py:153} INFO - Started process (PID=17748) to work on /home/pepino/.virtualenvs/apache_airflow/lib/python3.10/site-packages/airflow/example_dags/plugins/listener_plugin.py
[2023-04-15T11:30:57.767-0300] {processor.py:743} INFO - Processing file /home/pepino/.virtualenvs/apache_airflow/lib/python3.10/site-packages/airflow/example_dags/plugins/listener_plugin.py for tasks to queue
[2023-04-15T11:30:57.767-0300] {logging_mixin.py:137} INFO - [2023-04-15T11:30:57.767-0300] {dagbag.py:532} INFO - Filling up the DagBag from /home/pepino/.virtualenvs/apache_airflow/lib/python3.10/site-packages/airflow/example_dags/plugins/listener_plugin.py
[2023-04-15T11:30:57.768-0300] {processor.py:755} WARNING - No viable dags retrieved from /home/pepino/.virtualenvs/apache_airflow/lib/python3.10/site-packages/airflow/example_dags/plugins/listener_plugin.py
[2023-04-15T11:30:57.773-0300] {processor.py:175} INFO - Processing /home/pepino/.virtualenvs/apache_airflow/lib/python3.10/site-packages/airflow/example_dags/plugins/listener_plugin.py took 0.008 seconds
[2023-04-15T11:31:47.984-0300] {processor.py:153} INFO - Started process (PID=17850) to work on /home/pepino/.virtualenvs/apache_airflow/lib/python3.10/site-packages/airflow/example_dags/plugins/listener_plugin.py
[2023-04-15T11:31:47.985-0300] {processor.py:743} INFO - Processing file /home/pepino/.virtualenvs/apache_airflow/lib/python3.10/site-packages/airflow/example_dags/plugins/listener_plugin.py for tasks to queue
[2023-04-15T11:31:47.986-0300] {logging_mixin.py:137} INFO - [2023-04-15T11:31:47.985-0300] {dagbag.py:532} INFO - Filling up the DagBag from /home/pepino/.virtualenvs/apache_airflow/lib/python3.10/site-packages/airflow/example_dags/plugins/listener_plugin.py
[2023-04-15T11:31:47.989-0300] {processor.py:755} WARNING - No viable dags retrieved from /home/pepino/.virtualenvs/apache_airflow/lib/python3.10/site-packages/airflow/example_dags/plugins/listener_plugin.py
[2023-04-15T11:31:47.996-0300] {processor.py:175} INFO - Processing /home/pepino/.virtualenvs/apache_airflow/lib/python3.10/site-packages/airflow/example_dags/plugins/listener_plugin.py took 0.017 seconds
[2023-04-15T11:32:37.696-0300] {processor.py:153} INFO - Started process (PID=17943) to work on /home/pepino/.virtualenvs/apache_airflow/lib/python3.10/site-packages/airflow/example_dags/plugins/listener_plugin.py
[2023-04-15T11:32:37.704-0300] {processor.py:743} INFO - Processing file /home/pepino/.virtualenvs/apache_airflow/lib/python3.10/site-packages/airflow/example_dags/plugins/listener_plugin.py for tasks to queue
[2023-04-15T11:32:37.705-0300] {logging_mixin.py:137} INFO - [2023-04-15T11:32:37.705-0300] {dagbag.py:532} INFO - Filling up the DagBag from /home/pepino/.virtualenvs/apache_airflow/lib/python3.10/site-packages/airflow/example_dags/plugins/listener_plugin.py
[2023-04-15T11:32:37.708-0300] {processor.py:755} WARNING - No viable dags retrieved from /home/pepino/.virtualenvs/apache_airflow/lib/python3.10/site-packages/airflow/example_dags/plugins/listener_plugin.py
[2023-04-15T11:32:37.718-0300] {processor.py:175} INFO - Processing /home/pepino/.virtualenvs/apache_airflow/lib/python3.10/site-packages/airflow/example_dags/plugins/listener_plugin.py took 0.026 seconds
[2023-04-15T11:33:24.359-0300] {processor.py:153} INFO - Started process (PID=18029) to work on /home/pepino/.virtualenvs/apache_airflow/lib/python3.10/site-packages/airflow/example_dags/plugins/listener_plugin.py
[2023-04-15T11:33:24.367-0300] {processor.py:743} INFO - Processing file /home/pepino/.virtualenvs/apache_airflow/lib/python3.10/site-packages/airflow/example_dags/plugins/listener_plugin.py for tasks to queue
[2023-04-15T11:33:24.368-0300] {logging_mixin.py:137} INFO - [2023-04-15T11:33:24.368-0300] {dagbag.py:532} INFO - Filling up the DagBag from /home/pepino/.virtualenvs/apache_airflow/lib/python3.10/site-packages/airflow/example_dags/plugins/listener_plugin.py
[2023-04-15T11:33:24.372-0300] {processor.py:755} WARNING - No viable dags retrieved from /home/pepino/.virtualenvs/apache_airflow/lib/python3.10/site-packages/airflow/example_dags/plugins/listener_plugin.py
[2023-04-15T11:33:24.377-0300] {processor.py:175} INFO - Processing /home/pepino/.virtualenvs/apache_airflow/lib/python3.10/site-packages/airflow/example_dags/plugins/listener_plugin.py took 0.019 seconds
[2023-04-15T11:34:07.263-0300] {processor.py:153} INFO - Started process (PID=18145) to work on /home/pepino/.virtualenvs/apache_airflow/lib/python3.10/site-packages/airflow/example_dags/plugins/listener_plugin.py
[2023-04-15T11:34:07.272-0300] {processor.py:743} INFO - Processing file /home/pepino/.virtualenvs/apache_airflow/lib/python3.10/site-packages/airflow/example_dags/plugins/listener_plugin.py for tasks to queue
[2023-04-15T11:34:07.273-0300] {logging_mixin.py:137} INFO - [2023-04-15T11:34:07.273-0300] {dagbag.py:532} INFO - Filling up the DagBag from /home/pepino/.virtualenvs/apache_airflow/lib/python3.10/site-packages/airflow/example_dags/plugins/listener_plugin.py
[2023-04-15T11:34:07.276-0300] {processor.py:755} WARNING - No viable dags retrieved from /home/pepino/.virtualenvs/apache_airflow/lib/python3.10/site-packages/airflow/example_dags/plugins/listener_plugin.py
[2023-04-15T11:34:07.287-0300] {processor.py:175} INFO - Processing /home/pepino/.virtualenvs/apache_airflow/lib/python3.10/site-packages/airflow/example_dags/plugins/listener_plugin.py took 0.026 seconds
[2023-04-15T11:34:53.029-0300] {processor.py:153} INFO - Started process (PID=18265) to work on /home/pepino/.virtualenvs/apache_airflow/lib/python3.10/site-packages/airflow/example_dags/plugins/listener_plugin.py
[2023-04-15T11:34:53.037-0300] {processor.py:743} INFO - Processing file /home/pepino/.virtualenvs/apache_airflow/lib/python3.10/site-packages/airflow/example_dags/plugins/listener_plugin.py for tasks to queue
[2023-04-15T11:34:53.038-0300] {logging_mixin.py:137} INFO - [2023-04-15T11:34:53.038-0300] {dagbag.py:532} INFO - Filling up the DagBag from /home/pepino/.virtualenvs/apache_airflow/lib/python3.10/site-packages/airflow/example_dags/plugins/listener_plugin.py
[2023-04-15T11:34:53.042-0300] {processor.py:755} WARNING - No viable dags retrieved from /home/pepino/.virtualenvs/apache_airflow/lib/python3.10/site-packages/airflow/example_dags/plugins/listener_plugin.py
[2023-04-15T11:34:53.053-0300] {processor.py:175} INFO - Processing /home/pepino/.virtualenvs/apache_airflow/lib/python3.10/site-packages/airflow/example_dags/plugins/listener_plugin.py took 0.026 seconds
[2023-04-15T11:35:39.796-0300] {processor.py:153} INFO - Started process (PID=18364) to work on /home/pepino/.virtualenvs/apache_airflow/lib/python3.10/site-packages/airflow/example_dags/plugins/listener_plugin.py
[2023-04-15T11:35:39.805-0300] {processor.py:743} INFO - Processing file /home/pepino/.virtualenvs/apache_airflow/lib/python3.10/site-packages/airflow/example_dags/plugins/listener_plugin.py for tasks to queue
[2023-04-15T11:35:39.806-0300] {logging_mixin.py:137} INFO - [2023-04-15T11:35:39.805-0300] {dagbag.py:532} INFO - Filling up the DagBag from /home/pepino/.virtualenvs/apache_airflow/lib/python3.10/site-packages/airflow/example_dags/plugins/listener_plugin.py
[2023-04-15T11:35:39.809-0300] {processor.py:755} WARNING - No viable dags retrieved from /home/pepino/.virtualenvs/apache_airflow/lib/python3.10/site-packages/airflow/example_dags/plugins/listener_plugin.py
[2023-04-15T11:35:39.819-0300] {processor.py:175} INFO - Processing /home/pepino/.virtualenvs/apache_airflow/lib/python3.10/site-packages/airflow/example_dags/plugins/listener_plugin.py took 0.026 seconds
[2023-04-15T11:36:26.546-0300] {processor.py:153} INFO - Started process (PID=18451) to work on /home/pepino/.virtualenvs/apache_airflow/lib/python3.10/site-packages/airflow/example_dags/plugins/listener_plugin.py
[2023-04-15T11:36:26.547-0300] {processor.py:743} INFO - Processing file /home/pepino/.virtualenvs/apache_airflow/lib/python3.10/site-packages/airflow/example_dags/plugins/listener_plugin.py for tasks to queue
[2023-04-15T11:36:26.547-0300] {logging_mixin.py:137} INFO - [2023-04-15T11:36:26.547-0300] {dagbag.py:532} INFO - Filling up the DagBag from /home/pepino/.virtualenvs/apache_airflow/lib/python3.10/site-packages/airflow/example_dags/plugins/listener_plugin.py
[2023-04-15T11:36:26.548-0300] {processor.py:755} WARNING - No viable dags retrieved from /home/pepino/.virtualenvs/apache_airflow/lib/python3.10/site-packages/airflow/example_dags/plugins/listener_plugin.py
[2023-04-15T11:36:26.554-0300] {processor.py:175} INFO - Processing /home/pepino/.virtualenvs/apache_airflow/lib/python3.10/site-packages/airflow/example_dags/plugins/listener_plugin.py took 0.011 seconds
[2023-04-15T11:37:12.838-0300] {processor.py:153} INFO - Started process (PID=18549) to work on /home/pepino/.virtualenvs/apache_airflow/lib/python3.10/site-packages/airflow/example_dags/plugins/listener_plugin.py
[2023-04-15T11:37:12.847-0300] {processor.py:743} INFO - Processing file /home/pepino/.virtualenvs/apache_airflow/lib/python3.10/site-packages/airflow/example_dags/plugins/listener_plugin.py for tasks to queue
[2023-04-15T11:37:12.848-0300] {logging_mixin.py:137} INFO - [2023-04-15T11:37:12.848-0300] {dagbag.py:532} INFO - Filling up the DagBag from /home/pepino/.virtualenvs/apache_airflow/lib/python3.10/site-packages/airflow/example_dags/plugins/listener_plugin.py
[2023-04-15T11:37:12.851-0300] {processor.py:755} WARNING - No viable dags retrieved from /home/pepino/.virtualenvs/apache_airflow/lib/python3.10/site-packages/airflow/example_dags/plugins/listener_plugin.py
[2023-04-15T11:37:12.861-0300] {processor.py:175} INFO - Processing /home/pepino/.virtualenvs/apache_airflow/lib/python3.10/site-packages/airflow/example_dags/plugins/listener_plugin.py took 0.028 seconds
[2023-04-15T11:37:55.910-0300] {processor.py:153} INFO - Started process (PID=18647) to work on /home/pepino/.virtualenvs/apache_airflow/lib/python3.10/site-packages/airflow/example_dags/plugins/listener_plugin.py
[2023-04-15T11:37:55.918-0300] {processor.py:743} INFO - Processing file /home/pepino/.virtualenvs/apache_airflow/lib/python3.10/site-packages/airflow/example_dags/plugins/listener_plugin.py for tasks to queue
[2023-04-15T11:37:55.919-0300] {logging_mixin.py:137} INFO - [2023-04-15T11:37:55.919-0300] {dagbag.py:532} INFO - Filling up the DagBag from /home/pepino/.virtualenvs/apache_airflow/lib/python3.10/site-packages/airflow/example_dags/plugins/listener_plugin.py
[2023-04-15T11:37:55.924-0300] {processor.py:755} WARNING - No viable dags retrieved from /home/pepino/.virtualenvs/apache_airflow/lib/python3.10/site-packages/airflow/example_dags/plugins/listener_plugin.py
[2023-04-15T11:37:55.933-0300] {processor.py:175} INFO - Processing /home/pepino/.virtualenvs/apache_airflow/lib/python3.10/site-packages/airflow/example_dags/plugins/listener_plugin.py took 0.025 seconds
[2023-04-15T11:38:40.951-0300] {processor.py:153} INFO - Started process (PID=18760) to work on /home/pepino/.virtualenvs/apache_airflow/lib/python3.10/site-packages/airflow/example_dags/plugins/listener_plugin.py
[2023-04-15T11:38:40.960-0300] {processor.py:743} INFO - Processing file /home/pepino/.virtualenvs/apache_airflow/lib/python3.10/site-packages/airflow/example_dags/plugins/listener_plugin.py for tasks to queue
[2023-04-15T11:38:40.961-0300] {logging_mixin.py:137} INFO - [2023-04-15T11:38:40.961-0300] {dagbag.py:532} INFO - Filling up the DagBag from /home/pepino/.virtualenvs/apache_airflow/lib/python3.10/site-packages/airflow/example_dags/plugins/listener_plugin.py
[2023-04-15T11:38:40.964-0300] {processor.py:755} WARNING - No viable dags retrieved from /home/pepino/.virtualenvs/apache_airflow/lib/python3.10/site-packages/airflow/example_dags/plugins/listener_plugin.py
[2023-04-15T11:38:40.973-0300] {processor.py:175} INFO - Processing /home/pepino/.virtualenvs/apache_airflow/lib/python3.10/site-packages/airflow/example_dags/plugins/listener_plugin.py took 0.027 seconds
[2023-04-15T11:39:30.035-0300] {processor.py:153} INFO - Started process (PID=18865) to work on /home/pepino/.virtualenvs/apache_airflow/lib/python3.10/site-packages/airflow/example_dags/plugins/listener_plugin.py
[2023-04-15T11:39:30.043-0300] {processor.py:743} INFO - Processing file /home/pepino/.virtualenvs/apache_airflow/lib/python3.10/site-packages/airflow/example_dags/plugins/listener_plugin.py for tasks to queue
[2023-04-15T11:39:30.044-0300] {logging_mixin.py:137} INFO - [2023-04-15T11:39:30.044-0300] {dagbag.py:532} INFO - Filling up the DagBag from /home/pepino/.virtualenvs/apache_airflow/lib/python3.10/site-packages/airflow/example_dags/plugins/listener_plugin.py
[2023-04-15T11:39:30.048-0300] {processor.py:755} WARNING - No viable dags retrieved from /home/pepino/.virtualenvs/apache_airflow/lib/python3.10/site-packages/airflow/example_dags/plugins/listener_plugin.py
[2023-04-15T11:39:30.059-0300] {processor.py:175} INFO - Processing /home/pepino/.virtualenvs/apache_airflow/lib/python3.10/site-packages/airflow/example_dags/plugins/listener_plugin.py took 0.027 seconds
[2023-04-15T11:40:20.298-0300] {processor.py:153} INFO - Started process (PID=19000) to work on /home/pepino/.virtualenvs/apache_airflow/lib/python3.10/site-packages/airflow/example_dags/plugins/listener_plugin.py
[2023-04-15T11:40:20.299-0300] {processor.py:743} INFO - Processing file /home/pepino/.virtualenvs/apache_airflow/lib/python3.10/site-packages/airflow/example_dags/plugins/listener_plugin.py for tasks to queue
[2023-04-15T11:40:20.299-0300] {logging_mixin.py:137} INFO - [2023-04-15T11:40:20.299-0300] {dagbag.py:532} INFO - Filling up the DagBag from /home/pepino/.virtualenvs/apache_airflow/lib/python3.10/site-packages/airflow/example_dags/plugins/listener_plugin.py
[2023-04-15T11:40:20.300-0300] {processor.py:755} WARNING - No viable dags retrieved from /home/pepino/.virtualenvs/apache_airflow/lib/python3.10/site-packages/airflow/example_dags/plugins/listener_plugin.py
[2023-04-15T11:40:20.307-0300] {processor.py:175} INFO - Processing /home/pepino/.virtualenvs/apache_airflow/lib/python3.10/site-packages/airflow/example_dags/plugins/listener_plugin.py took 0.013 seconds
[2023-04-15T11:41:09.204-0300] {processor.py:153} INFO - Started process (PID=19089) to work on /home/pepino/.virtualenvs/apache_airflow/lib/python3.10/site-packages/airflow/example_dags/plugins/listener_plugin.py
[2023-04-15T11:41:09.212-0300] {processor.py:743} INFO - Processing file /home/pepino/.virtualenvs/apache_airflow/lib/python3.10/site-packages/airflow/example_dags/plugins/listener_plugin.py for tasks to queue
[2023-04-15T11:41:09.213-0300] {logging_mixin.py:137} INFO - [2023-04-15T11:41:09.213-0300] {dagbag.py:532} INFO - Filling up the DagBag from /home/pepino/.virtualenvs/apache_airflow/lib/python3.10/site-packages/airflow/example_dags/plugins/listener_plugin.py
[2023-04-15T11:41:09.216-0300] {processor.py:755} WARNING - No viable dags retrieved from /home/pepino/.virtualenvs/apache_airflow/lib/python3.10/site-packages/airflow/example_dags/plugins/listener_plugin.py
[2023-04-15T11:41:09.227-0300] {processor.py:175} INFO - Processing /home/pepino/.virtualenvs/apache_airflow/lib/python3.10/site-packages/airflow/example_dags/plugins/listener_plugin.py took 0.025 seconds
[2023-04-15T11:41:54.352-0300] {processor.py:153} INFO - Started process (PID=19188) to work on /home/pepino/.virtualenvs/apache_airflow/lib/python3.10/site-packages/airflow/example_dags/plugins/listener_plugin.py
[2023-04-15T11:41:54.353-0300] {processor.py:743} INFO - Processing file /home/pepino/.virtualenvs/apache_airflow/lib/python3.10/site-packages/airflow/example_dags/plugins/listener_plugin.py for tasks to queue
[2023-04-15T11:41:54.354-0300] {logging_mixin.py:137} INFO - [2023-04-15T11:41:54.354-0300] {dagbag.py:532} INFO - Filling up the DagBag from /home/pepino/.virtualenvs/apache_airflow/lib/python3.10/site-packages/airflow/example_dags/plugins/listener_plugin.py
[2023-04-15T11:41:54.357-0300] {processor.py:755} WARNING - No viable dags retrieved from /home/pepino/.virtualenvs/apache_airflow/lib/python3.10/site-packages/airflow/example_dags/plugins/listener_plugin.py
[2023-04-15T11:41:54.363-0300] {processor.py:175} INFO - Processing /home/pepino/.virtualenvs/apache_airflow/lib/python3.10/site-packages/airflow/example_dags/plugins/listener_plugin.py took 0.016 seconds
[2023-04-15T11:42:38.195-0300] {processor.py:153} INFO - Started process (PID=19361) to work on /home/pepino/.virtualenvs/apache_airflow/lib/python3.10/site-packages/airflow/example_dags/plugins/listener_plugin.py
[2023-04-15T11:42:38.196-0300] {processor.py:743} INFO - Processing file /home/pepino/.virtualenvs/apache_airflow/lib/python3.10/site-packages/airflow/example_dags/plugins/listener_plugin.py for tasks to queue
[2023-04-15T11:42:38.196-0300] {logging_mixin.py:137} INFO - [2023-04-15T11:42:38.196-0300] {dagbag.py:532} INFO - Filling up the DagBag from /home/pepino/.virtualenvs/apache_airflow/lib/python3.10/site-packages/airflow/example_dags/plugins/listener_plugin.py
[2023-04-15T11:42:38.198-0300] {processor.py:755} WARNING - No viable dags retrieved from /home/pepino/.virtualenvs/apache_airflow/lib/python3.10/site-packages/airflow/example_dags/plugins/listener_plugin.py
[2023-04-15T11:42:38.206-0300] {processor.py:175} INFO - Processing /home/pepino/.virtualenvs/apache_airflow/lib/python3.10/site-packages/airflow/example_dags/plugins/listener_plugin.py took 0.011 seconds
[2023-04-15T11:43:24.419-0300] {processor.py:153} INFO - Started process (PID=19487) to work on /home/pepino/.virtualenvs/apache_airflow/lib/python3.10/site-packages/airflow/example_dags/plugins/listener_plugin.py
[2023-04-15T11:43:24.428-0300] {processor.py:743} INFO - Processing file /home/pepino/.virtualenvs/apache_airflow/lib/python3.10/site-packages/airflow/example_dags/plugins/listener_plugin.py for tasks to queue
[2023-04-15T11:43:24.429-0300] {logging_mixin.py:137} INFO - [2023-04-15T11:43:24.429-0300] {dagbag.py:532} INFO - Filling up the DagBag from /home/pepino/.virtualenvs/apache_airflow/lib/python3.10/site-packages/airflow/example_dags/plugins/listener_plugin.py
[2023-04-15T11:43:24.432-0300] {processor.py:755} WARNING - No viable dags retrieved from /home/pepino/.virtualenvs/apache_airflow/lib/python3.10/site-packages/airflow/example_dags/plugins/listener_plugin.py
[2023-04-15T11:43:24.441-0300] {processor.py:175} INFO - Processing /home/pepino/.virtualenvs/apache_airflow/lib/python3.10/site-packages/airflow/example_dags/plugins/listener_plugin.py took 0.024 seconds
[2023-04-15T12:17:28.250-0300] {processor.py:153} INFO - Started process (PID=22895) to work on /home/pepino/.virtualenvs/apache_airflow/lib/python3.10/site-packages/airflow/example_dags/plugins/listener_plugin.py
[2023-04-15T12:17:28.259-0300] {processor.py:743} INFO - Processing file /home/pepino/.virtualenvs/apache_airflow/lib/python3.10/site-packages/airflow/example_dags/plugins/listener_plugin.py for tasks to queue
[2023-04-15T12:17:28.260-0300] {logging_mixin.py:137} INFO - [2023-04-15T12:17:28.259-0300] {dagbag.py:532} INFO - Filling up the DagBag from /home/pepino/.virtualenvs/apache_airflow/lib/python3.10/site-packages/airflow/example_dags/plugins/listener_plugin.py
[2023-04-15T12:17:28.263-0300] {processor.py:755} WARNING - No viable dags retrieved from /home/pepino/.virtualenvs/apache_airflow/lib/python3.10/site-packages/airflow/example_dags/plugins/listener_plugin.py
[2023-04-15T12:17:28.274-0300] {processor.py:175} INFO - Processing /home/pepino/.virtualenvs/apache_airflow/lib/python3.10/site-packages/airflow/example_dags/plugins/listener_plugin.py took 0.027 seconds
[2023-04-15T12:18:16.673-0300] {processor.py:153} INFO - Started process (PID=23002) to work on /home/pepino/.virtualenvs/apache_airflow/lib/python3.10/site-packages/airflow/example_dags/plugins/listener_plugin.py
[2023-04-15T12:18:16.682-0300] {processor.py:743} INFO - Processing file /home/pepino/.virtualenvs/apache_airflow/lib/python3.10/site-packages/airflow/example_dags/plugins/listener_plugin.py for tasks to queue
[2023-04-15T12:18:16.682-0300] {logging_mixin.py:137} INFO - [2023-04-15T12:18:16.682-0300] {dagbag.py:532} INFO - Filling up the DagBag from /home/pepino/.virtualenvs/apache_airflow/lib/python3.10/site-packages/airflow/example_dags/plugins/listener_plugin.py
[2023-04-15T12:18:16.683-0300] {processor.py:755} WARNING - No viable dags retrieved from /home/pepino/.virtualenvs/apache_airflow/lib/python3.10/site-packages/airflow/example_dags/plugins/listener_plugin.py
[2023-04-15T12:18:16.688-0300] {processor.py:175} INFO - Processing /home/pepino/.virtualenvs/apache_airflow/lib/python3.10/site-packages/airflow/example_dags/plugins/listener_plugin.py took 0.017 seconds
[2023-04-15T12:19:08.686-0300] {processor.py:153} INFO - Started process (PID=23143) to work on /home/pepino/.virtualenvs/apache_airflow/lib/python3.10/site-packages/airflow/example_dags/plugins/listener_plugin.py
[2023-04-15T12:19:08.695-0300] {processor.py:743} INFO - Processing file /home/pepino/.virtualenvs/apache_airflow/lib/python3.10/site-packages/airflow/example_dags/plugins/listener_plugin.py for tasks to queue
[2023-04-15T12:19:08.696-0300] {logging_mixin.py:137} INFO - [2023-04-15T12:19:08.696-0300] {dagbag.py:532} INFO - Filling up the DagBag from /home/pepino/.virtualenvs/apache_airflow/lib/python3.10/site-packages/airflow/example_dags/plugins/listener_plugin.py
[2023-04-15T12:19:08.699-0300] {processor.py:755} WARNING - No viable dags retrieved from /home/pepino/.virtualenvs/apache_airflow/lib/python3.10/site-packages/airflow/example_dags/plugins/listener_plugin.py
[2023-04-15T12:19:08.709-0300] {processor.py:175} INFO - Processing /home/pepino/.virtualenvs/apache_airflow/lib/python3.10/site-packages/airflow/example_dags/plugins/listener_plugin.py took 0.025 seconds
[2023-04-15T12:20:00.122-0300] {processor.py:153} INFO - Started process (PID=23248) to work on /home/pepino/.virtualenvs/apache_airflow/lib/python3.10/site-packages/airflow/example_dags/plugins/listener_plugin.py
[2023-04-15T12:20:00.130-0300] {processor.py:743} INFO - Processing file /home/pepino/.virtualenvs/apache_airflow/lib/python3.10/site-packages/airflow/example_dags/plugins/listener_plugin.py for tasks to queue
[2023-04-15T12:20:00.131-0300] {logging_mixin.py:137} INFO - [2023-04-15T12:20:00.131-0300] {dagbag.py:532} INFO - Filling up the DagBag from /home/pepino/.virtualenvs/apache_airflow/lib/python3.10/site-packages/airflow/example_dags/plugins/listener_plugin.py
[2023-04-15T12:20:00.135-0300] {processor.py:755} WARNING - No viable dags retrieved from /home/pepino/.virtualenvs/apache_airflow/lib/python3.10/site-packages/airflow/example_dags/plugins/listener_plugin.py
[2023-04-15T12:20:00.145-0300] {processor.py:175} INFO - Processing /home/pepino/.virtualenvs/apache_airflow/lib/python3.10/site-packages/airflow/example_dags/plugins/listener_plugin.py took 0.026 seconds
[2023-04-15T12:20:46.302-0300] {processor.py:153} INFO - Started process (PID=23337) to work on /home/pepino/.virtualenvs/apache_airflow/lib/python3.10/site-packages/airflow/example_dags/plugins/listener_plugin.py
[2023-04-15T12:20:46.311-0300] {processor.py:743} INFO - Processing file /home/pepino/.virtualenvs/apache_airflow/lib/python3.10/site-packages/airflow/example_dags/plugins/listener_plugin.py for tasks to queue
[2023-04-15T12:20:46.312-0300] {logging_mixin.py:137} INFO - [2023-04-15T12:20:46.311-0300] {dagbag.py:532} INFO - Filling up the DagBag from /home/pepino/.virtualenvs/apache_airflow/lib/python3.10/site-packages/airflow/example_dags/plugins/listener_plugin.py
[2023-04-15T12:20:46.315-0300] {processor.py:755} WARNING - No viable dags retrieved from /home/pepino/.virtualenvs/apache_airflow/lib/python3.10/site-packages/airflow/example_dags/plugins/listener_plugin.py
[2023-04-15T12:20:46.323-0300] {processor.py:175} INFO - Processing /home/pepino/.virtualenvs/apache_airflow/lib/python3.10/site-packages/airflow/example_dags/plugins/listener_plugin.py took 0.024 seconds
[2023-04-15T12:22:15.345-0300] {processor.py:153} INFO - Started process (PID=23525) to work on /home/pepino/.virtualenvs/apache_airflow/lib/python3.10/site-packages/airflow/example_dags/plugins/listener_plugin.py
[2023-04-15T12:22:15.345-0300] {processor.py:743} INFO - Processing file /home/pepino/.virtualenvs/apache_airflow/lib/python3.10/site-packages/airflow/example_dags/plugins/listener_plugin.py for tasks to queue
[2023-04-15T12:22:15.346-0300] {logging_mixin.py:137} INFO - [2023-04-15T12:22:15.346-0300] {dagbag.py:532} INFO - Filling up the DagBag from /home/pepino/.virtualenvs/apache_airflow/lib/python3.10/site-packages/airflow/example_dags/plugins/listener_plugin.py
[2023-04-15T12:22:15.347-0300] {processor.py:755} WARNING - No viable dags retrieved from /home/pepino/.virtualenvs/apache_airflow/lib/python3.10/site-packages/airflow/example_dags/plugins/listener_plugin.py
[2023-04-15T12:22:15.351-0300] {processor.py:175} INFO - Processing /home/pepino/.virtualenvs/apache_airflow/lib/python3.10/site-packages/airflow/example_dags/plugins/listener_plugin.py took 0.007 seconds
[2023-04-15T12:22:57.963-0300] {processor.py:153} INFO - Started process (PID=23610) to work on /home/pepino/.virtualenvs/apache_airflow/lib/python3.10/site-packages/airflow/example_dags/plugins/listener_plugin.py
[2023-04-15T12:22:57.964-0300] {processor.py:743} INFO - Processing file /home/pepino/.virtualenvs/apache_airflow/lib/python3.10/site-packages/airflow/example_dags/plugins/listener_plugin.py for tasks to queue
[2023-04-15T12:22:57.964-0300] {logging_mixin.py:137} INFO - [2023-04-15T12:22:57.964-0300] {dagbag.py:532} INFO - Filling up the DagBag from /home/pepino/.virtualenvs/apache_airflow/lib/python3.10/site-packages/airflow/example_dags/plugins/listener_plugin.py
[2023-04-15T12:22:57.967-0300] {processor.py:755} WARNING - No viable dags retrieved from /home/pepino/.virtualenvs/apache_airflow/lib/python3.10/site-packages/airflow/example_dags/plugins/listener_plugin.py
[2023-04-15T12:22:57.975-0300] {processor.py:175} INFO - Processing /home/pepino/.virtualenvs/apache_airflow/lib/python3.10/site-packages/airflow/example_dags/plugins/listener_plugin.py took 0.014 seconds
[2023-04-15T12:23:47.898-0300] {processor.py:153} INFO - Started process (PID=23722) to work on /home/pepino/.virtualenvs/apache_airflow/lib/python3.10/site-packages/airflow/example_dags/plugins/listener_plugin.py
[2023-04-15T12:23:47.906-0300] {processor.py:743} INFO - Processing file /home/pepino/.virtualenvs/apache_airflow/lib/python3.10/site-packages/airflow/example_dags/plugins/listener_plugin.py for tasks to queue
[2023-04-15T12:23:47.907-0300] {logging_mixin.py:137} INFO - [2023-04-15T12:23:47.906-0300] {dagbag.py:532} INFO - Filling up the DagBag from /home/pepino/.virtualenvs/apache_airflow/lib/python3.10/site-packages/airflow/example_dags/plugins/listener_plugin.py
[2023-04-15T12:23:47.910-0300] {processor.py:755} WARNING - No viable dags retrieved from /home/pepino/.virtualenvs/apache_airflow/lib/python3.10/site-packages/airflow/example_dags/plugins/listener_plugin.py
[2023-04-15T12:23:47.920-0300] {processor.py:175} INFO - Processing /home/pepino/.virtualenvs/apache_airflow/lib/python3.10/site-packages/airflow/example_dags/plugins/listener_plugin.py took 0.024 seconds
[2023-04-15T12:24:38.628-0300] {processor.py:153} INFO - Started process (PID=23816) to work on /home/pepino/.virtualenvs/apache_airflow/lib/python3.10/site-packages/airflow/example_dags/plugins/listener_plugin.py
[2023-04-15T12:24:38.630-0300] {processor.py:743} INFO - Processing file /home/pepino/.virtualenvs/apache_airflow/lib/python3.10/site-packages/airflow/example_dags/plugins/listener_plugin.py for tasks to queue
[2023-04-15T12:24:38.630-0300] {logging_mixin.py:137} INFO - [2023-04-15T12:24:38.630-0300] {dagbag.py:532} INFO - Filling up the DagBag from /home/pepino/.virtualenvs/apache_airflow/lib/python3.10/site-packages/airflow/example_dags/plugins/listener_plugin.py
[2023-04-15T12:24:38.633-0300] {processor.py:755} WARNING - No viable dags retrieved from /home/pepino/.virtualenvs/apache_airflow/lib/python3.10/site-packages/airflow/example_dags/plugins/listener_plugin.py
[2023-04-15T12:24:38.640-0300] {processor.py:175} INFO - Processing /home/pepino/.virtualenvs/apache_airflow/lib/python3.10/site-packages/airflow/example_dags/plugins/listener_plugin.py took 0.016 seconds
[2023-04-15T12:25:43.378-0300] {processor.py:153} INFO - Started process (PID=24117) to work on /home/pepino/.virtualenvs/apache_airflow/lib/python3.10/site-packages/airflow/example_dags/plugins/listener_plugin.py
[2023-04-15T12:25:43.379-0300] {processor.py:743} INFO - Processing file /home/pepino/.virtualenvs/apache_airflow/lib/python3.10/site-packages/airflow/example_dags/plugins/listener_plugin.py for tasks to queue
[2023-04-15T12:25:43.380-0300] {logging_mixin.py:137} INFO - [2023-04-15T12:25:43.380-0300] {dagbag.py:532} INFO - Filling up the DagBag from /home/pepino/.virtualenvs/apache_airflow/lib/python3.10/site-packages/airflow/example_dags/plugins/listener_plugin.py
[2023-04-15T12:25:43.383-0300] {processor.py:755} WARNING - No viable dags retrieved from /home/pepino/.virtualenvs/apache_airflow/lib/python3.10/site-packages/airflow/example_dags/plugins/listener_plugin.py
[2023-04-15T12:25:43.390-0300] {processor.py:175} INFO - Processing /home/pepino/.virtualenvs/apache_airflow/lib/python3.10/site-packages/airflow/example_dags/plugins/listener_plugin.py took 0.017 seconds
[2023-04-15T12:27:09.915-0300] {processor.py:153} INFO - Started process (PID=24372) to work on /home/pepino/.virtualenvs/apache_airflow/lib/python3.10/site-packages/airflow/example_dags/plugins/listener_plugin.py
[2023-04-15T12:27:09.924-0300] {processor.py:743} INFO - Processing file /home/pepino/.virtualenvs/apache_airflow/lib/python3.10/site-packages/airflow/example_dags/plugins/listener_plugin.py for tasks to queue
[2023-04-15T12:27:09.925-0300] {logging_mixin.py:137} INFO - [2023-04-15T12:27:09.924-0300] {dagbag.py:532} INFO - Filling up the DagBag from /home/pepino/.virtualenvs/apache_airflow/lib/python3.10/site-packages/airflow/example_dags/plugins/listener_plugin.py
[2023-04-15T12:27:09.928-0300] {processor.py:755} WARNING - No viable dags retrieved from /home/pepino/.virtualenvs/apache_airflow/lib/python3.10/site-packages/airflow/example_dags/plugins/listener_plugin.py
[2023-04-15T12:27:09.938-0300] {processor.py:175} INFO - Processing /home/pepino/.virtualenvs/apache_airflow/lib/python3.10/site-packages/airflow/example_dags/plugins/listener_plugin.py took 0.024 seconds
[2023-04-15T12:27:57.671-0300] {processor.py:153} INFO - Started process (PID=24463) to work on /home/pepino/.virtualenvs/apache_airflow/lib/python3.10/site-packages/airflow/example_dags/plugins/listener_plugin.py
[2023-04-15T12:27:57.679-0300] {processor.py:743} INFO - Processing file /home/pepino/.virtualenvs/apache_airflow/lib/python3.10/site-packages/airflow/example_dags/plugins/listener_plugin.py for tasks to queue
[2023-04-15T12:27:57.680-0300] {logging_mixin.py:137} INFO - [2023-04-15T12:27:57.680-0300] {dagbag.py:532} INFO - Filling up the DagBag from /home/pepino/.virtualenvs/apache_airflow/lib/python3.10/site-packages/airflow/example_dags/plugins/listener_plugin.py
[2023-04-15T12:27:57.684-0300] {processor.py:755} WARNING - No viable dags retrieved from /home/pepino/.virtualenvs/apache_airflow/lib/python3.10/site-packages/airflow/example_dags/plugins/listener_plugin.py
[2023-04-15T12:27:57.694-0300] {processor.py:175} INFO - Processing /home/pepino/.virtualenvs/apache_airflow/lib/python3.10/site-packages/airflow/example_dags/plugins/listener_plugin.py took 0.026 seconds
[2023-04-15T12:28:44.096-0300] {processor.py:153} INFO - Started process (PID=24565) to work on /home/pepino/.virtualenvs/apache_airflow/lib/python3.10/site-packages/airflow/example_dags/plugins/listener_plugin.py
[2023-04-15T12:28:44.105-0300] {processor.py:743} INFO - Processing file /home/pepino/.virtualenvs/apache_airflow/lib/python3.10/site-packages/airflow/example_dags/plugins/listener_plugin.py for tasks to queue
[2023-04-15T12:28:44.106-0300] {logging_mixin.py:137} INFO - [2023-04-15T12:28:44.106-0300] {dagbag.py:532} INFO - Filling up the DagBag from /home/pepino/.virtualenvs/apache_airflow/lib/python3.10/site-packages/airflow/example_dags/plugins/listener_plugin.py
[2023-04-15T12:28:44.109-0300] {processor.py:755} WARNING - No viable dags retrieved from /home/pepino/.virtualenvs/apache_airflow/lib/python3.10/site-packages/airflow/example_dags/plugins/listener_plugin.py
[2023-04-15T12:28:44.120-0300] {processor.py:175} INFO - Processing /home/pepino/.virtualenvs/apache_airflow/lib/python3.10/site-packages/airflow/example_dags/plugins/listener_plugin.py took 0.026 seconds
[2023-04-15T12:29:34.577-0300] {processor.py:153} INFO - Started process (PID=24653) to work on /home/pepino/.virtualenvs/apache_airflow/lib/python3.10/site-packages/airflow/example_dags/plugins/listener_plugin.py
[2023-04-15T12:29:34.586-0300] {processor.py:743} INFO - Processing file /home/pepino/.virtualenvs/apache_airflow/lib/python3.10/site-packages/airflow/example_dags/plugins/listener_plugin.py for tasks to queue
[2023-04-15T12:29:34.587-0300] {logging_mixin.py:137} INFO - [2023-04-15T12:29:34.587-0300] {dagbag.py:532} INFO - Filling up the DagBag from /home/pepino/.virtualenvs/apache_airflow/lib/python3.10/site-packages/airflow/example_dags/plugins/listener_plugin.py
[2023-04-15T12:29:34.590-0300] {processor.py:755} WARNING - No viable dags retrieved from /home/pepino/.virtualenvs/apache_airflow/lib/python3.10/site-packages/airflow/example_dags/plugins/listener_plugin.py
[2023-04-15T12:29:34.600-0300] {processor.py:175} INFO - Processing /home/pepino/.virtualenvs/apache_airflow/lib/python3.10/site-packages/airflow/example_dags/plugins/listener_plugin.py took 0.027 seconds
[2023-04-15T12:30:24.968-0300] {processor.py:153} INFO - Started process (PID=24747) to work on /home/pepino/.virtualenvs/apache_airflow/lib/python3.10/site-packages/airflow/example_dags/plugins/listener_plugin.py
[2023-04-15T12:30:24.976-0300] {processor.py:743} INFO - Processing file /home/pepino/.virtualenvs/apache_airflow/lib/python3.10/site-packages/airflow/example_dags/plugins/listener_plugin.py for tasks to queue
[2023-04-15T12:30:24.977-0300] {logging_mixin.py:137} INFO - [2023-04-15T12:30:24.977-0300] {dagbag.py:532} INFO - Filling up the DagBag from /home/pepino/.virtualenvs/apache_airflow/lib/python3.10/site-packages/airflow/example_dags/plugins/listener_plugin.py
[2023-04-15T12:30:24.980-0300] {processor.py:755} WARNING - No viable dags retrieved from /home/pepino/.virtualenvs/apache_airflow/lib/python3.10/site-packages/airflow/example_dags/plugins/listener_plugin.py
[2023-04-15T12:30:24.990-0300] {processor.py:175} INFO - Processing /home/pepino/.virtualenvs/apache_airflow/lib/python3.10/site-packages/airflow/example_dags/plugins/listener_plugin.py took 0.024 seconds
[2023-04-15T12:31:17.203-0300] {processor.py:153} INFO - Started process (PID=24839) to work on /home/pepino/.virtualenvs/apache_airflow/lib/python3.10/site-packages/airflow/example_dags/plugins/listener_plugin.py
[2023-04-15T12:31:17.211-0300] {processor.py:743} INFO - Processing file /home/pepino/.virtualenvs/apache_airflow/lib/python3.10/site-packages/airflow/example_dags/plugins/listener_plugin.py for tasks to queue
[2023-04-15T12:31:17.212-0300] {logging_mixin.py:137} INFO - [2023-04-15T12:31:17.212-0300] {dagbag.py:532} INFO - Filling up the DagBag from /home/pepino/.virtualenvs/apache_airflow/lib/python3.10/site-packages/airflow/example_dags/plugins/listener_plugin.py
[2023-04-15T12:31:17.216-0300] {processor.py:755} WARNING - No viable dags retrieved from /home/pepino/.virtualenvs/apache_airflow/lib/python3.10/site-packages/airflow/example_dags/plugins/listener_plugin.py
[2023-04-15T12:31:17.221-0300] {processor.py:175} INFO - Processing /home/pepino/.virtualenvs/apache_airflow/lib/python3.10/site-packages/airflow/example_dags/plugins/listener_plugin.py took 0.020 seconds
[2023-04-15T12:32:08.666-0300] {processor.py:153} INFO - Started process (PID=24926) to work on /home/pepino/.virtualenvs/apache_airflow/lib/python3.10/site-packages/airflow/example_dags/plugins/listener_plugin.py
[2023-04-15T12:32:08.674-0300] {processor.py:743} INFO - Processing file /home/pepino/.virtualenvs/apache_airflow/lib/python3.10/site-packages/airflow/example_dags/plugins/listener_plugin.py for tasks to queue
[2023-04-15T12:32:08.675-0300] {logging_mixin.py:137} INFO - [2023-04-15T12:32:08.675-0300] {dagbag.py:532} INFO - Filling up the DagBag from /home/pepino/.virtualenvs/apache_airflow/lib/python3.10/site-packages/airflow/example_dags/plugins/listener_plugin.py
[2023-04-15T12:32:08.678-0300] {processor.py:755} WARNING - No viable dags retrieved from /home/pepino/.virtualenvs/apache_airflow/lib/python3.10/site-packages/airflow/example_dags/plugins/listener_plugin.py
[2023-04-15T12:32:08.688-0300] {processor.py:175} INFO - Processing /home/pepino/.virtualenvs/apache_airflow/lib/python3.10/site-packages/airflow/example_dags/plugins/listener_plugin.py took 0.025 seconds
[2023-04-15T12:33:04.241-0300] {processor.py:153} INFO - Started process (PID=25022) to work on /home/pepino/.virtualenvs/apache_airflow/lib/python3.10/site-packages/airflow/example_dags/plugins/listener_plugin.py
[2023-04-15T12:33:04.249-0300] {processor.py:743} INFO - Processing file /home/pepino/.virtualenvs/apache_airflow/lib/python3.10/site-packages/airflow/example_dags/plugins/listener_plugin.py for tasks to queue
[2023-04-15T12:33:04.250-0300] {logging_mixin.py:137} INFO - [2023-04-15T12:33:04.250-0300] {dagbag.py:532} INFO - Filling up the DagBag from /home/pepino/.virtualenvs/apache_airflow/lib/python3.10/site-packages/airflow/example_dags/plugins/listener_plugin.py
[2023-04-15T12:33:04.254-0300] {processor.py:755} WARNING - No viable dags retrieved from /home/pepino/.virtualenvs/apache_airflow/lib/python3.10/site-packages/airflow/example_dags/plugins/listener_plugin.py
[2023-04-15T12:33:04.263-0300] {processor.py:175} INFO - Processing /home/pepino/.virtualenvs/apache_airflow/lib/python3.10/site-packages/airflow/example_dags/plugins/listener_plugin.py took 0.024 seconds
[2023-04-15T12:33:49.062-0300] {processor.py:153} INFO - Started process (PID=25134) to work on /home/pepino/.virtualenvs/apache_airflow/lib/python3.10/site-packages/airflow/example_dags/plugins/listener_plugin.py
[2023-04-15T12:33:49.070-0300] {processor.py:743} INFO - Processing file /home/pepino/.virtualenvs/apache_airflow/lib/python3.10/site-packages/airflow/example_dags/plugins/listener_plugin.py for tasks to queue
[2023-04-15T12:33:49.072-0300] {logging_mixin.py:137} INFO - [2023-04-15T12:33:49.071-0300] {dagbag.py:532} INFO - Filling up the DagBag from /home/pepino/.virtualenvs/apache_airflow/lib/python3.10/site-packages/airflow/example_dags/plugins/listener_plugin.py
[2023-04-15T12:33:49.075-0300] {processor.py:755} WARNING - No viable dags retrieved from /home/pepino/.virtualenvs/apache_airflow/lib/python3.10/site-packages/airflow/example_dags/plugins/listener_plugin.py
[2023-04-15T12:33:49.079-0300] {processor.py:175} INFO - Processing /home/pepino/.virtualenvs/apache_airflow/lib/python3.10/site-packages/airflow/example_dags/plugins/listener_plugin.py took 0.019 seconds
[2023-04-15T12:34:34.731-0300] {processor.py:153} INFO - Started process (PID=25207) to work on /home/pepino/.virtualenvs/apache_airflow/lib/python3.10/site-packages/airflow/example_dags/plugins/listener_plugin.py
[2023-04-15T12:34:34.739-0300] {processor.py:743} INFO - Processing file /home/pepino/.virtualenvs/apache_airflow/lib/python3.10/site-packages/airflow/example_dags/plugins/listener_plugin.py for tasks to queue
[2023-04-15T12:34:34.741-0300] {logging_mixin.py:137} INFO - [2023-04-15T12:34:34.741-0300] {dagbag.py:532} INFO - Filling up the DagBag from /home/pepino/.virtualenvs/apache_airflow/lib/python3.10/site-packages/airflow/example_dags/plugins/listener_plugin.py
[2023-04-15T12:34:34.745-0300] {processor.py:755} WARNING - No viable dags retrieved from /home/pepino/.virtualenvs/apache_airflow/lib/python3.10/site-packages/airflow/example_dags/plugins/listener_plugin.py
[2023-04-15T12:34:34.755-0300] {processor.py:175} INFO - Processing /home/pepino/.virtualenvs/apache_airflow/lib/python3.10/site-packages/airflow/example_dags/plugins/listener_plugin.py took 0.027 seconds
[2023-04-15T12:35:19.648-0300] {processor.py:153} INFO - Started process (PID=25291) to work on /home/pepino/.virtualenvs/apache_airflow/lib/python3.10/site-packages/airflow/example_dags/plugins/listener_plugin.py
[2023-04-15T12:35:19.656-0300] {processor.py:743} INFO - Processing file /home/pepino/.virtualenvs/apache_airflow/lib/python3.10/site-packages/airflow/example_dags/plugins/listener_plugin.py for tasks to queue
[2023-04-15T12:35:19.657-0300] {logging_mixin.py:137} INFO - [2023-04-15T12:35:19.657-0300] {dagbag.py:532} INFO - Filling up the DagBag from /home/pepino/.virtualenvs/apache_airflow/lib/python3.10/site-packages/airflow/example_dags/plugins/listener_plugin.py
[2023-04-15T12:35:19.661-0300] {processor.py:755} WARNING - No viable dags retrieved from /home/pepino/.virtualenvs/apache_airflow/lib/python3.10/site-packages/airflow/example_dags/plugins/listener_plugin.py
[2023-04-15T12:35:19.670-0300] {processor.py:175} INFO - Processing /home/pepino/.virtualenvs/apache_airflow/lib/python3.10/site-packages/airflow/example_dags/plugins/listener_plugin.py took 0.024 seconds
[2023-04-15T12:36:06.945-0300] {processor.py:153} INFO - Started process (PID=25389) to work on /home/pepino/.virtualenvs/apache_airflow/lib/python3.10/site-packages/airflow/example_dags/plugins/listener_plugin.py
[2023-04-15T12:36:06.953-0300] {processor.py:743} INFO - Processing file /home/pepino/.virtualenvs/apache_airflow/lib/python3.10/site-packages/airflow/example_dags/plugins/listener_plugin.py for tasks to queue
[2023-04-15T12:36:06.955-0300] {logging_mixin.py:137} INFO - [2023-04-15T12:36:06.955-0300] {dagbag.py:532} INFO - Filling up the DagBag from /home/pepino/.virtualenvs/apache_airflow/lib/python3.10/site-packages/airflow/example_dags/plugins/listener_plugin.py
[2023-04-15T12:36:06.958-0300] {processor.py:755} WARNING - No viable dags retrieved from /home/pepino/.virtualenvs/apache_airflow/lib/python3.10/site-packages/airflow/example_dags/plugins/listener_plugin.py
[2023-04-15T12:36:06.962-0300] {processor.py:175} INFO - Processing /home/pepino/.virtualenvs/apache_airflow/lib/python3.10/site-packages/airflow/example_dags/plugins/listener_plugin.py took 0.019 seconds
[2023-04-15T12:37:00.793-0300] {processor.py:153} INFO - Started process (PID=25574) to work on /home/pepino/.virtualenvs/apache_airflow/lib/python3.10/site-packages/airflow/example_dags/plugins/listener_plugin.py
[2023-04-15T12:37:00.803-0300] {processor.py:743} INFO - Processing file /home/pepino/.virtualenvs/apache_airflow/lib/python3.10/site-packages/airflow/example_dags/plugins/listener_plugin.py for tasks to queue
[2023-04-15T12:37:00.804-0300] {logging_mixin.py:137} INFO - [2023-04-15T12:37:00.804-0300] {dagbag.py:532} INFO - Filling up the DagBag from /home/pepino/.virtualenvs/apache_airflow/lib/python3.10/site-packages/airflow/example_dags/plugins/listener_plugin.py
[2023-04-15T12:37:00.808-0300] {processor.py:755} WARNING - No viable dags retrieved from /home/pepino/.virtualenvs/apache_airflow/lib/python3.10/site-packages/airflow/example_dags/plugins/listener_plugin.py
[2023-04-15T12:37:00.817-0300] {processor.py:175} INFO - Processing /home/pepino/.virtualenvs/apache_airflow/lib/python3.10/site-packages/airflow/example_dags/plugins/listener_plugin.py took 0.026 seconds
[2023-04-15T12:37:51.422-0300] {processor.py:153} INFO - Started process (PID=25705) to work on /home/pepino/.virtualenvs/apache_airflow/lib/python3.10/site-packages/airflow/example_dags/plugins/listener_plugin.py
[2023-04-15T12:37:51.431-0300] {processor.py:743} INFO - Processing file /home/pepino/.virtualenvs/apache_airflow/lib/python3.10/site-packages/airflow/example_dags/plugins/listener_plugin.py for tasks to queue
[2023-04-15T12:37:51.432-0300] {logging_mixin.py:137} INFO - [2023-04-15T12:37:51.432-0300] {dagbag.py:532} INFO - Filling up the DagBag from /home/pepino/.virtualenvs/apache_airflow/lib/python3.10/site-packages/airflow/example_dags/plugins/listener_plugin.py
[2023-04-15T12:37:51.435-0300] {processor.py:755} WARNING - No viable dags retrieved from /home/pepino/.virtualenvs/apache_airflow/lib/python3.10/site-packages/airflow/example_dags/plugins/listener_plugin.py
[2023-04-15T12:37:51.445-0300] {processor.py:175} INFO - Processing /home/pepino/.virtualenvs/apache_airflow/lib/python3.10/site-packages/airflow/example_dags/plugins/listener_plugin.py took 0.027 seconds
