[2023-04-23T16:20:50.999-0300] {taskinstance.py:1090} INFO - Dependencies all met for dep_context=non-requeueable deps ti=<TaskInstance: trabajo_practico.escritura manual__2023-04-23T19:20:47.175926+00:00 [queued]>
[2023-04-23T16:20:51.002-0300] {taskinstance.py:1090} INFO - Dependencies all met for dep_context=requeueable deps ti=<TaskInstance: trabajo_practico.escritura manual__2023-04-23T19:20:47.175926+00:00 [queued]>
[2023-04-23T16:20:51.002-0300] {taskinstance.py:1288} INFO - 
--------------------------------------------------------------------------------
[2023-04-23T16:20:51.002-0300] {taskinstance.py:1289} INFO - Starting attempt 1 of 2
[2023-04-23T16:20:51.002-0300] {taskinstance.py:1290} INFO - 
--------------------------------------------------------------------------------
[2023-04-23T16:20:51.038-0300] {taskinstance.py:1309} INFO - Executing <Task(PythonOperator): escritura> on 2023-04-23 19:20:47.175926+00:00
[2023-04-23T16:20:51.043-0300] {standard_task_runner.py:55} INFO - Started process 13699 to run task
[2023-04-23T16:20:51.046-0300] {standard_task_runner.py:82} INFO - Running: ['airflow', 'tasks', 'run', 'trabajo_practico', 'escritura', 'manual__2023-04-23T19:20:47.175926+00:00', '--job-id', '38', '--raw', '--subdir', 'DAGS_FOLDER/dag_tp.py', '--cfg-path', '/tmp/tmpjqeeqm_f']
[2023-04-23T16:20:51.047-0300] {standard_task_runner.py:83} INFO - Job 38: Subtask escritura
[2023-04-23T16:20:51.088-0300] {task_command.py:389} INFO - Running <TaskInstance: trabajo_practico.escritura manual__2023-04-23T19:20:47.175926+00:00 [running]> on host pepino-ThinkPad-E15-Gen-2
[2023-04-23T16:20:51.184-0300] {taskinstance.py:1516} INFO - Exporting the following env vars:
AIRFLOW_CTX_DAG_OWNER=airflow
AIRFLOW_CTX_DAG_ID=trabajo_practico
AIRFLOW_CTX_TASK_ID=escritura
AIRFLOW_CTX_EXECUTION_DATE=2023-04-23T19:20:47.175926+00:00
AIRFLOW_CTX_TRY_NUMBER=1
AIRFLOW_CTX_DAG_RUN_ID=manual__2023-04-23T19:20:47.175926+00:00
[2023-04-23T16:20:51.192-0300] {python.py:177} INFO - Done. Returned value was: None
[2023-04-23T16:20:51.194-0300] {taskinstance.py:1327} INFO - Marking task as SUCCESS. dag_id=trabajo_practico, task_id=escritura, execution_date=20230423T192047, start_date=20230423T192050, end_date=20230423T192051
[2023-04-23T16:20:51.218-0300] {local_task_job.py:212} INFO - Task exited with return code 0
[2023-04-23T16:20:51.224-0300] {taskinstance.py:2596} INFO - 0 downstream tasks scheduled from follow-on schedule check
