[2023-04-23T19:55:27.371-0300] {taskinstance.py:1090} INFO - Dependencies all met for dep_context=non-requeueable deps ti=<TaskInstance: trabajo_practico.DBWriting manual__2023-04-23T22:55:21.955726+00:00 [queued]>
[2023-04-23T19:55:27.374-0300] {taskinstance.py:1090} INFO - Dependencies all met for dep_context=requeueable deps ti=<TaskInstance: trabajo_practico.DBWriting manual__2023-04-23T22:55:21.955726+00:00 [queued]>
[2023-04-23T19:55:27.374-0300] {taskinstance.py:1288} INFO - 
--------------------------------------------------------------------------------
[2023-04-23T19:55:27.374-0300] {taskinstance.py:1289} INFO - Starting attempt 1 of 2
[2023-04-23T19:55:27.374-0300] {taskinstance.py:1290} INFO - 
--------------------------------------------------------------------------------
[2023-04-23T19:55:27.393-0300] {taskinstance.py:1309} INFO - Executing <Task(PythonOperator): DBWriting> on 2023-04-23 22:55:21.955726+00:00
[2023-04-23T19:55:27.396-0300] {standard_task_runner.py:55} INFO - Started process 41218 to run task
[2023-04-23T19:55:27.397-0300] {standard_task_runner.py:82} INFO - Running: ['airflow', 'tasks', 'run', 'trabajo_practico', 'DBWriting', 'manual__2023-04-23T22:55:21.955726+00:00', '--job-id', '96', '--raw', '--subdir', 'DAGS_FOLDER/dag_tp.py', '--cfg-path', '/tmp/tmprb9c1ova']
[2023-04-23T19:55:27.397-0300] {standard_task_runner.py:83} INFO - Job 96: Subtask DBWriting
[2023-04-23T19:55:27.427-0300] {task_command.py:389} INFO - Running <TaskInstance: trabajo_practico.DBWriting manual__2023-04-23T22:55:21.955726+00:00 [running]> on host pepino-ThinkPad-E15-Gen-2
[2023-04-23T19:55:27.521-0300] {taskinstance.py:1516} INFO - Exporting the following env vars:
AIRFLOW_CTX_DAG_OWNER=airflow
AIRFLOW_CTX_DAG_ID=trabajo_practico
AIRFLOW_CTX_TASK_ID=DBWriting
AIRFLOW_CTX_EXECUTION_DATE=2023-04-23T22:55:21.955726+00:00
AIRFLOW_CTX_TRY_NUMBER=1
AIRFLOW_CTX_DAG_RUN_ID=manual__2023-04-23T22:55:21.955726+00:00
[2023-04-23T19:55:27.525-0300] {python.py:177} INFO - Done. Returned value was: None
[2023-04-23T19:55:27.527-0300] {taskinstance.py:1327} INFO - Marking task as SUCCESS. dag_id=trabajo_practico, task_id=DBWriting, execution_date=20230423T225521, start_date=20230423T225527, end_date=20230423T225527
[2023-04-23T19:55:27.569-0300] {local_task_job.py:212} INFO - Task exited with return code 0
[2023-04-23T19:55:27.586-0300] {taskinstance.py:2596} INFO - 0 downstream tasks scheduled from follow-on schedule check
