[2023-04-17T09:00:32.644-0300] {processor.py:153} INFO - Started process (PID=81638) to work on /home/pepino/.virtualenvs/apache_airflow/lib/python3.10/site-packages/airflow/example_dags/plugins/event_listener.py
[2023-04-17T09:00:32.645-0300] {processor.py:743} INFO - Processing file /home/pepino/.virtualenvs/apache_airflow/lib/python3.10/site-packages/airflow/example_dags/plugins/event_listener.py for tasks to queue
[2023-04-17T09:00:32.646-0300] {logging_mixin.py:137} INFO - [2023-04-17T09:00:32.646-0300] {dagbag.py:532} INFO - Filling up the DagBag from /home/pepino/.virtualenvs/apache_airflow/lib/python3.10/site-packages/airflow/example_dags/plugins/event_listener.py
[2023-04-17T09:00:32.648-0300] {processor.py:755} WARNING - No viable dags retrieved from /home/pepino/.virtualenvs/apache_airflow/lib/python3.10/site-packages/airflow/example_dags/plugins/event_listener.py
[2023-04-17T09:00:32.655-0300] {processor.py:175} INFO - Processing /home/pepino/.virtualenvs/apache_airflow/lib/python3.10/site-packages/airflow/example_dags/plugins/event_listener.py took 0.016 seconds
[2023-04-17T09:01:18.450-0300] {processor.py:153} INFO - Started process (PID=81743) to work on /home/pepino/.virtualenvs/apache_airflow/lib/python3.10/site-packages/airflow/example_dags/plugins/event_listener.py
[2023-04-17T09:01:18.459-0300] {processor.py:743} INFO - Processing file /home/pepino/.virtualenvs/apache_airflow/lib/python3.10/site-packages/airflow/example_dags/plugins/event_listener.py for tasks to queue
[2023-04-17T09:01:18.460-0300] {logging_mixin.py:137} INFO - [2023-04-17T09:01:18.460-0300] {dagbag.py:532} INFO - Filling up the DagBag from /home/pepino/.virtualenvs/apache_airflow/lib/python3.10/site-packages/airflow/example_dags/plugins/event_listener.py
[2023-04-17T09:01:18.463-0300] {processor.py:755} WARNING - No viable dags retrieved from /home/pepino/.virtualenvs/apache_airflow/lib/python3.10/site-packages/airflow/example_dags/plugins/event_listener.py
[2023-04-17T09:01:18.472-0300] {processor.py:175} INFO - Processing /home/pepino/.virtualenvs/apache_airflow/lib/python3.10/site-packages/airflow/example_dags/plugins/event_listener.py took 0.025 seconds
[2023-04-17T09:02:03.366-0300] {processor.py:153} INFO - Started process (PID=81842) to work on /home/pepino/.virtualenvs/apache_airflow/lib/python3.10/site-packages/airflow/example_dags/plugins/event_listener.py
[2023-04-17T09:02:03.375-0300] {processor.py:743} INFO - Processing file /home/pepino/.virtualenvs/apache_airflow/lib/python3.10/site-packages/airflow/example_dags/plugins/event_listener.py for tasks to queue
[2023-04-17T09:02:03.375-0300] {logging_mixin.py:137} INFO - [2023-04-17T09:02:03.375-0300] {dagbag.py:532} INFO - Filling up the DagBag from /home/pepino/.virtualenvs/apache_airflow/lib/python3.10/site-packages/airflow/example_dags/plugins/event_listener.py
[2023-04-17T09:02:03.377-0300] {processor.py:755} WARNING - No viable dags retrieved from /home/pepino/.virtualenvs/apache_airflow/lib/python3.10/site-packages/airflow/example_dags/plugins/event_listener.py
[2023-04-17T09:02:03.384-0300] {processor.py:175} INFO - Processing /home/pepino/.virtualenvs/apache_airflow/lib/python3.10/site-packages/airflow/example_dags/plugins/event_listener.py took 0.020 seconds
[2023-04-17T09:02:59.673-0300] {processor.py:153} INFO - Started process (PID=81946) to work on /home/pepino/.virtualenvs/apache_airflow/lib/python3.10/site-packages/airflow/example_dags/plugins/event_listener.py
[2023-04-17T09:02:59.681-0300] {processor.py:743} INFO - Processing file /home/pepino/.virtualenvs/apache_airflow/lib/python3.10/site-packages/airflow/example_dags/plugins/event_listener.py for tasks to queue
[2023-04-17T09:02:59.683-0300] {logging_mixin.py:137} INFO - [2023-04-17T09:02:59.682-0300] {dagbag.py:532} INFO - Filling up the DagBag from /home/pepino/.virtualenvs/apache_airflow/lib/python3.10/site-packages/airflow/example_dags/plugins/event_listener.py
[2023-04-17T09:02:59.685-0300] {processor.py:755} WARNING - No viable dags retrieved from /home/pepino/.virtualenvs/apache_airflow/lib/python3.10/site-packages/airflow/example_dags/plugins/event_listener.py
[2023-04-17T09:02:59.695-0300] {processor.py:175} INFO - Processing /home/pepino/.virtualenvs/apache_airflow/lib/python3.10/site-packages/airflow/example_dags/plugins/event_listener.py took 0.025 seconds
[2023-04-17T09:03:57.205-0300] {processor.py:153} INFO - Started process (PID=82097) to work on /home/pepino/.virtualenvs/apache_airflow/lib/python3.10/site-packages/airflow/example_dags/plugins/event_listener.py
[2023-04-17T09:03:57.213-0300] {processor.py:743} INFO - Processing file /home/pepino/.virtualenvs/apache_airflow/lib/python3.10/site-packages/airflow/example_dags/plugins/event_listener.py for tasks to queue
[2023-04-17T09:03:57.214-0300] {logging_mixin.py:137} INFO - [2023-04-17T09:03:57.213-0300] {dagbag.py:532} INFO - Filling up the DagBag from /home/pepino/.virtualenvs/apache_airflow/lib/python3.10/site-packages/airflow/example_dags/plugins/event_listener.py
[2023-04-17T09:03:57.215-0300] {processor.py:755} WARNING - No viable dags retrieved from /home/pepino/.virtualenvs/apache_airflow/lib/python3.10/site-packages/airflow/example_dags/plugins/event_listener.py
[2023-04-17T09:03:57.223-0300] {processor.py:175} INFO - Processing /home/pepino/.virtualenvs/apache_airflow/lib/python3.10/site-packages/airflow/example_dags/plugins/event_listener.py took 0.020 seconds
[2023-04-17T09:04:40.367-0300] {processor.py:153} INFO - Started process (PID=82202) to work on /home/pepino/.virtualenvs/apache_airflow/lib/python3.10/site-packages/airflow/example_dags/plugins/event_listener.py
[2023-04-17T09:04:40.375-0300] {processor.py:743} INFO - Processing file /home/pepino/.virtualenvs/apache_airflow/lib/python3.10/site-packages/airflow/example_dags/plugins/event_listener.py for tasks to queue
[2023-04-17T09:04:40.376-0300] {logging_mixin.py:137} INFO - [2023-04-17T09:04:40.376-0300] {dagbag.py:532} INFO - Filling up the DagBag from /home/pepino/.virtualenvs/apache_airflow/lib/python3.10/site-packages/airflow/example_dags/plugins/event_listener.py
[2023-04-17T09:04:40.378-0300] {processor.py:755} WARNING - No viable dags retrieved from /home/pepino/.virtualenvs/apache_airflow/lib/python3.10/site-packages/airflow/example_dags/plugins/event_listener.py
[2023-04-17T09:04:40.389-0300] {processor.py:175} INFO - Processing /home/pepino/.virtualenvs/apache_airflow/lib/python3.10/site-packages/airflow/example_dags/plugins/event_listener.py took 0.025 seconds
[2023-04-17T09:05:32.093-0300] {processor.py:153} INFO - Started process (PID=82353) to work on /home/pepino/.virtualenvs/apache_airflow/lib/python3.10/site-packages/airflow/example_dags/plugins/event_listener.py
[2023-04-17T09:05:32.102-0300] {processor.py:743} INFO - Processing file /home/pepino/.virtualenvs/apache_airflow/lib/python3.10/site-packages/airflow/example_dags/plugins/event_listener.py for tasks to queue
[2023-04-17T09:05:32.103-0300] {logging_mixin.py:137} INFO - [2023-04-17T09:05:32.103-0300] {dagbag.py:532} INFO - Filling up the DagBag from /home/pepino/.virtualenvs/apache_airflow/lib/python3.10/site-packages/airflow/example_dags/plugins/event_listener.py
[2023-04-17T09:05:32.105-0300] {processor.py:755} WARNING - No viable dags retrieved from /home/pepino/.virtualenvs/apache_airflow/lib/python3.10/site-packages/airflow/example_dags/plugins/event_listener.py
[2023-04-17T09:05:32.115-0300] {processor.py:175} INFO - Processing /home/pepino/.virtualenvs/apache_airflow/lib/python3.10/site-packages/airflow/example_dags/plugins/event_listener.py took 0.024 seconds
[2023-04-17T09:06:27.564-0300] {processor.py:153} INFO - Started process (PID=82498) to work on /home/pepino/.virtualenvs/apache_airflow/lib/python3.10/site-packages/airflow/example_dags/plugins/event_listener.py
[2023-04-17T09:06:27.565-0300] {processor.py:743} INFO - Processing file /home/pepino/.virtualenvs/apache_airflow/lib/python3.10/site-packages/airflow/example_dags/plugins/event_listener.py for tasks to queue
[2023-04-17T09:06:27.565-0300] {logging_mixin.py:137} INFO - [2023-04-17T09:06:27.565-0300] {dagbag.py:532} INFO - Filling up the DagBag from /home/pepino/.virtualenvs/apache_airflow/lib/python3.10/site-packages/airflow/example_dags/plugins/event_listener.py
[2023-04-17T09:06:27.566-0300] {processor.py:755} WARNING - No viable dags retrieved from /home/pepino/.virtualenvs/apache_airflow/lib/python3.10/site-packages/airflow/example_dags/plugins/event_listener.py
[2023-04-17T09:06:27.572-0300] {processor.py:175} INFO - Processing /home/pepino/.virtualenvs/apache_airflow/lib/python3.10/site-packages/airflow/example_dags/plugins/event_listener.py took 0.011 seconds
[2023-04-17T09:07:23.509-0300] {processor.py:153} INFO - Started process (PID=82622) to work on /home/pepino/.virtualenvs/apache_airflow/lib/python3.10/site-packages/airflow/example_dags/plugins/event_listener.py
[2023-04-17T09:07:23.511-0300] {processor.py:743} INFO - Processing file /home/pepino/.virtualenvs/apache_airflow/lib/python3.10/site-packages/airflow/example_dags/plugins/event_listener.py for tasks to queue
[2023-04-17T09:07:23.511-0300] {logging_mixin.py:137} INFO - [2023-04-17T09:07:23.511-0300] {dagbag.py:532} INFO - Filling up the DagBag from /home/pepino/.virtualenvs/apache_airflow/lib/python3.10/site-packages/airflow/example_dags/plugins/event_listener.py
[2023-04-17T09:07:23.512-0300] {processor.py:755} WARNING - No viable dags retrieved from /home/pepino/.virtualenvs/apache_airflow/lib/python3.10/site-packages/airflow/example_dags/plugins/event_listener.py
[2023-04-17T09:07:23.518-0300] {processor.py:175} INFO - Processing /home/pepino/.virtualenvs/apache_airflow/lib/python3.10/site-packages/airflow/example_dags/plugins/event_listener.py took 0.012 seconds
[2023-04-17T09:08:15.924-0300] {processor.py:153} INFO - Started process (PID=82740) to work on /home/pepino/.virtualenvs/apache_airflow/lib/python3.10/site-packages/airflow/example_dags/plugins/event_listener.py
[2023-04-17T09:08:15.933-0300] {processor.py:743} INFO - Processing file /home/pepino/.virtualenvs/apache_airflow/lib/python3.10/site-packages/airflow/example_dags/plugins/event_listener.py for tasks to queue
[2023-04-17T09:08:15.934-0300] {logging_mixin.py:137} INFO - [2023-04-17T09:08:15.934-0300] {dagbag.py:532} INFO - Filling up the DagBag from /home/pepino/.virtualenvs/apache_airflow/lib/python3.10/site-packages/airflow/example_dags/plugins/event_listener.py
[2023-04-17T09:08:15.936-0300] {processor.py:755} WARNING - No viable dags retrieved from /home/pepino/.virtualenvs/apache_airflow/lib/python3.10/site-packages/airflow/example_dags/plugins/event_listener.py
[2023-04-17T09:08:15.946-0300] {processor.py:175} INFO - Processing /home/pepino/.virtualenvs/apache_airflow/lib/python3.10/site-packages/airflow/example_dags/plugins/event_listener.py took 0.027 seconds
