[2023-04-17T09:00:33.812-0300] {processor.py:153} INFO - Started process (PID=81644) to work on /home/pepino/.virtualenvs/apache_airflow/lib/python3.10/site-packages/airflow/example_dags/plugins/listener_plugin.py
[2023-04-17T09:00:33.813-0300] {processor.py:743} INFO - Processing file /home/pepino/.virtualenvs/apache_airflow/lib/python3.10/site-packages/airflow/example_dags/plugins/listener_plugin.py for tasks to queue
[2023-04-17T09:00:33.813-0300] {logging_mixin.py:137} INFO - [2023-04-17T09:00:33.813-0300] {dagbag.py:532} INFO - Filling up the DagBag from /home/pepino/.virtualenvs/apache_airflow/lib/python3.10/site-packages/airflow/example_dags/plugins/listener_plugin.py
[2023-04-17T09:00:33.816-0300] {processor.py:755} WARNING - No viable dags retrieved from /home/pepino/.virtualenvs/apache_airflow/lib/python3.10/site-packages/airflow/example_dags/plugins/listener_plugin.py
[2023-04-17T09:00:33.822-0300] {processor.py:175} INFO - Processing /home/pepino/.virtualenvs/apache_airflow/lib/python3.10/site-packages/airflow/example_dags/plugins/listener_plugin.py took 0.014 seconds
[2023-04-17T09:01:31.709-0300] {processor.py:153} INFO - Started process (PID=81767) to work on /home/pepino/.virtualenvs/apache_airflow/lib/python3.10/site-packages/airflow/example_dags/plugins/listener_plugin.py
[2023-04-17T09:01:31.710-0300] {processor.py:743} INFO - Processing file /home/pepino/.virtualenvs/apache_airflow/lib/python3.10/site-packages/airflow/example_dags/plugins/listener_plugin.py for tasks to queue
[2023-04-17T09:01:31.711-0300] {logging_mixin.py:137} INFO - [2023-04-17T09:01:31.711-0300] {dagbag.py:532} INFO - Filling up the DagBag from /home/pepino/.virtualenvs/apache_airflow/lib/python3.10/site-packages/airflow/example_dags/plugins/listener_plugin.py
[2023-04-17T09:01:31.714-0300] {processor.py:755} WARNING - No viable dags retrieved from /home/pepino/.virtualenvs/apache_airflow/lib/python3.10/site-packages/airflow/example_dags/plugins/listener_plugin.py
[2023-04-17T09:01:31.721-0300] {processor.py:175} INFO - Processing /home/pepino/.virtualenvs/apache_airflow/lib/python3.10/site-packages/airflow/example_dags/plugins/listener_plugin.py took 0.016 seconds
[2023-04-17T09:02:17.096-0300] {processor.py:153} INFO - Started process (PID=81868) to work on /home/pepino/.virtualenvs/apache_airflow/lib/python3.10/site-packages/airflow/example_dags/plugins/listener_plugin.py
[2023-04-17T09:02:17.105-0300] {processor.py:743} INFO - Processing file /home/pepino/.virtualenvs/apache_airflow/lib/python3.10/site-packages/airflow/example_dags/plugins/listener_plugin.py for tasks to queue
[2023-04-17T09:02:17.105-0300] {logging_mixin.py:137} INFO - [2023-04-17T09:02:17.105-0300] {dagbag.py:532} INFO - Filling up the DagBag from /home/pepino/.virtualenvs/apache_airflow/lib/python3.10/site-packages/airflow/example_dags/plugins/listener_plugin.py
[2023-04-17T09:02:17.108-0300] {processor.py:755} WARNING - No viable dags retrieved from /home/pepino/.virtualenvs/apache_airflow/lib/python3.10/site-packages/airflow/example_dags/plugins/listener_plugin.py
[2023-04-17T09:02:17.118-0300] {processor.py:175} INFO - Processing /home/pepino/.virtualenvs/apache_airflow/lib/python3.10/site-packages/airflow/example_dags/plugins/listener_plugin.py took 0.025 seconds
[2023-04-17T09:03:12.808-0300] {processor.py:153} INFO - Started process (PID=81970) to work on /home/pepino/.virtualenvs/apache_airflow/lib/python3.10/site-packages/airflow/example_dags/plugins/listener_plugin.py
[2023-04-17T09:03:12.816-0300] {processor.py:743} INFO - Processing file /home/pepino/.virtualenvs/apache_airflow/lib/python3.10/site-packages/airflow/example_dags/plugins/listener_plugin.py for tasks to queue
[2023-04-17T09:03:12.817-0300] {logging_mixin.py:137} INFO - [2023-04-17T09:03:12.817-0300] {dagbag.py:532} INFO - Filling up the DagBag from /home/pepino/.virtualenvs/apache_airflow/lib/python3.10/site-packages/airflow/example_dags/plugins/listener_plugin.py
[2023-04-17T09:03:12.820-0300] {processor.py:755} WARNING - No viable dags retrieved from /home/pepino/.virtualenvs/apache_airflow/lib/python3.10/site-packages/airflow/example_dags/plugins/listener_plugin.py
[2023-04-17T09:03:12.830-0300] {processor.py:175} INFO - Processing /home/pepino/.virtualenvs/apache_airflow/lib/python3.10/site-packages/airflow/example_dags/plugins/listener_plugin.py took 0.025 seconds
[2023-04-17T09:03:58.349-0300] {processor.py:153} INFO - Started process (PID=82109) to work on /home/pepino/.virtualenvs/apache_airflow/lib/python3.10/site-packages/airflow/example_dags/plugins/listener_plugin.py
[2023-04-17T09:03:58.350-0300] {processor.py:743} INFO - Processing file /home/pepino/.virtualenvs/apache_airflow/lib/python3.10/site-packages/airflow/example_dags/plugins/listener_plugin.py for tasks to queue
[2023-04-17T09:03:58.350-0300] {logging_mixin.py:137} INFO - [2023-04-17T09:03:58.350-0300] {dagbag.py:532} INFO - Filling up the DagBag from /home/pepino/.virtualenvs/apache_airflow/lib/python3.10/site-packages/airflow/example_dags/plugins/listener_plugin.py
[2023-04-17T09:03:58.352-0300] {processor.py:755} WARNING - No viable dags retrieved from /home/pepino/.virtualenvs/apache_airflow/lib/python3.10/site-packages/airflow/example_dags/plugins/listener_plugin.py
[2023-04-17T09:03:58.358-0300] {processor.py:175} INFO - Processing /home/pepino/.virtualenvs/apache_airflow/lib/python3.10/site-packages/airflow/example_dags/plugins/listener_plugin.py took 0.012 seconds
[2023-04-17T09:04:51.463-0300] {processor.py:153} INFO - Started process (PID=82265) to work on /home/pepino/.virtualenvs/apache_airflow/lib/python3.10/site-packages/airflow/example_dags/plugins/listener_plugin.py
[2023-04-17T09:04:51.471-0300] {processor.py:743} INFO - Processing file /home/pepino/.virtualenvs/apache_airflow/lib/python3.10/site-packages/airflow/example_dags/plugins/listener_plugin.py for tasks to queue
[2023-04-17T09:04:51.471-0300] {logging_mixin.py:137} INFO - [2023-04-17T09:04:51.471-0300] {dagbag.py:532} INFO - Filling up the DagBag from /home/pepino/.virtualenvs/apache_airflow/lib/python3.10/site-packages/airflow/example_dags/plugins/listener_plugin.py
[2023-04-17T09:04:51.473-0300] {processor.py:755} WARNING - No viable dags retrieved from /home/pepino/.virtualenvs/apache_airflow/lib/python3.10/site-packages/airflow/example_dags/plugins/listener_plugin.py
[2023-04-17T09:04:51.482-0300] {processor.py:175} INFO - Processing /home/pepino/.virtualenvs/apache_airflow/lib/python3.10/site-packages/airflow/example_dags/plugins/listener_plugin.py took 0.020 seconds
[2023-04-17T09:05:46.474-0300] {processor.py:153} INFO - Started process (PID=82387) to work on /home/pepino/.virtualenvs/apache_airflow/lib/python3.10/site-packages/airflow/example_dags/plugins/listener_plugin.py
[2023-04-17T09:05:46.482-0300] {processor.py:743} INFO - Processing file /home/pepino/.virtualenvs/apache_airflow/lib/python3.10/site-packages/airflow/example_dags/plugins/listener_plugin.py for tasks to queue
[2023-04-17T09:05:46.483-0300] {logging_mixin.py:137} INFO - [2023-04-17T09:05:46.483-0300] {dagbag.py:532} INFO - Filling up the DagBag from /home/pepino/.virtualenvs/apache_airflow/lib/python3.10/site-packages/airflow/example_dags/plugins/listener_plugin.py
[2023-04-17T09:05:46.486-0300] {processor.py:755} WARNING - No viable dags retrieved from /home/pepino/.virtualenvs/apache_airflow/lib/python3.10/site-packages/airflow/example_dags/plugins/listener_plugin.py
[2023-04-17T09:05:46.496-0300] {processor.py:175} INFO - Processing /home/pepino/.virtualenvs/apache_airflow/lib/python3.10/site-packages/airflow/example_dags/plugins/listener_plugin.py took 0.024 seconds
[2023-04-17T09:06:47.123-0300] {processor.py:153} INFO - Started process (PID=82537) to work on /home/pepino/.virtualenvs/apache_airflow/lib/python3.10/site-packages/airflow/example_dags/plugins/listener_plugin.py
[2023-04-17T09:06:47.132-0300] {processor.py:743} INFO - Processing file /home/pepino/.virtualenvs/apache_airflow/lib/python3.10/site-packages/airflow/example_dags/plugins/listener_plugin.py for tasks to queue
[2023-04-17T09:06:47.133-0300] {logging_mixin.py:137} INFO - [2023-04-17T09:06:47.133-0300] {dagbag.py:532} INFO - Filling up the DagBag from /home/pepino/.virtualenvs/apache_airflow/lib/python3.10/site-packages/airflow/example_dags/plugins/listener_plugin.py
[2023-04-17T09:06:47.137-0300] {processor.py:755} WARNING - No viable dags retrieved from /home/pepino/.virtualenvs/apache_airflow/lib/python3.10/site-packages/airflow/example_dags/plugins/listener_plugin.py
[2023-04-17T09:06:47.146-0300] {processor.py:175} INFO - Processing /home/pepino/.virtualenvs/apache_airflow/lib/python3.10/site-packages/airflow/example_dags/plugins/listener_plugin.py took 0.026 seconds
[2023-04-17T09:07:40.771-0300] {processor.py:153} INFO - Started process (PID=82653) to work on /home/pepino/.virtualenvs/apache_airflow/lib/python3.10/site-packages/airflow/example_dags/plugins/listener_plugin.py
[2023-04-17T09:07:40.780-0300] {processor.py:743} INFO - Processing file /home/pepino/.virtualenvs/apache_airflow/lib/python3.10/site-packages/airflow/example_dags/plugins/listener_plugin.py for tasks to queue
[2023-04-17T09:07:40.781-0300] {logging_mixin.py:137} INFO - [2023-04-17T09:07:40.781-0300] {dagbag.py:532} INFO - Filling up the DagBag from /home/pepino/.virtualenvs/apache_airflow/lib/python3.10/site-packages/airflow/example_dags/plugins/listener_plugin.py
[2023-04-17T09:07:40.785-0300] {processor.py:755} WARNING - No viable dags retrieved from /home/pepino/.virtualenvs/apache_airflow/lib/python3.10/site-packages/airflow/example_dags/plugins/listener_plugin.py
[2023-04-17T09:07:40.793-0300] {processor.py:175} INFO - Processing /home/pepino/.virtualenvs/apache_airflow/lib/python3.10/site-packages/airflow/example_dags/plugins/listener_plugin.py took 0.027 seconds
[2023-04-17T09:08:31.624-0300] {processor.py:153} INFO - Started process (PID=82768) to work on /home/pepino/.virtualenvs/apache_airflow/lib/python3.10/site-packages/airflow/example_dags/plugins/listener_plugin.py
[2023-04-17T09:08:31.625-0300] {processor.py:743} INFO - Processing file /home/pepino/.virtualenvs/apache_airflow/lib/python3.10/site-packages/airflow/example_dags/plugins/listener_plugin.py for tasks to queue
[2023-04-17T09:08:31.625-0300] {logging_mixin.py:137} INFO - [2023-04-17T09:08:31.625-0300] {dagbag.py:532} INFO - Filling up the DagBag from /home/pepino/.virtualenvs/apache_airflow/lib/python3.10/site-packages/airflow/example_dags/plugins/listener_plugin.py
[2023-04-17T09:08:31.626-0300] {processor.py:755} WARNING - No viable dags retrieved from /home/pepino/.virtualenvs/apache_airflow/lib/python3.10/site-packages/airflow/example_dags/plugins/listener_plugin.py
[2023-04-17T09:08:31.631-0300] {processor.py:175} INFO - Processing /home/pepino/.virtualenvs/apache_airflow/lib/python3.10/site-packages/airflow/example_dags/plugins/listener_plugin.py took 0.008 seconds
