[2023-04-17T09:00:34.956-0300] {processor.py:153} INFO - Started process (PID=81645) to work on /home/pepino/.virtualenvs/apache_airflow/lib/python3.10/site-packages/airflow/example_dags/plugins/workday.py
[2023-04-17T09:00:34.956-0300] {processor.py:743} INFO - Processing file /home/pepino/.virtualenvs/apache_airflow/lib/python3.10/site-packages/airflow/example_dags/plugins/workday.py for tasks to queue
[2023-04-17T09:00:34.957-0300] {logging_mixin.py:137} INFO - [2023-04-17T09:00:34.957-0300] {dagbag.py:532} INFO - Filling up the DagBag from /home/pepino/.virtualenvs/apache_airflow/lib/python3.10/site-packages/airflow/example_dags/plugins/workday.py
[2023-04-17T09:00:35.117-0300] {processor.py:755} WARNING - No viable dags retrieved from /home/pepino/.virtualenvs/apache_airflow/lib/python3.10/site-packages/airflow/example_dags/plugins/workday.py
[2023-04-17T09:00:35.121-0300] {processor.py:175} INFO - Processing /home/pepino/.virtualenvs/apache_airflow/lib/python3.10/site-packages/airflow/example_dags/plugins/workday.py took 0.167 seconds
[2023-04-17T09:01:32.848-0300] {processor.py:153} INFO - Started process (PID=81768) to work on /home/pepino/.virtualenvs/apache_airflow/lib/python3.10/site-packages/airflow/example_dags/plugins/workday.py
[2023-04-17T09:01:32.848-0300] {processor.py:743} INFO - Processing file /home/pepino/.virtualenvs/apache_airflow/lib/python3.10/site-packages/airflow/example_dags/plugins/workday.py for tasks to queue
[2023-04-17T09:01:32.849-0300] {logging_mixin.py:137} INFO - [2023-04-17T09:01:32.849-0300] {dagbag.py:532} INFO - Filling up the DagBag from /home/pepino/.virtualenvs/apache_airflow/lib/python3.10/site-packages/airflow/example_dags/plugins/workday.py
[2023-04-17T09:01:32.997-0300] {processor.py:755} WARNING - No viable dags retrieved from /home/pepino/.virtualenvs/apache_airflow/lib/python3.10/site-packages/airflow/example_dags/plugins/workday.py
[2023-04-17T09:01:33.000-0300] {processor.py:175} INFO - Processing /home/pepino/.virtualenvs/apache_airflow/lib/python3.10/site-packages/airflow/example_dags/plugins/workday.py took 0.155 seconds
[2023-04-17T09:02:18.236-0300] {processor.py:153} INFO - Started process (PID=81869) to work on /home/pepino/.virtualenvs/apache_airflow/lib/python3.10/site-packages/airflow/example_dags/plugins/workday.py
[2023-04-17T09:02:18.244-0300] {processor.py:743} INFO - Processing file /home/pepino/.virtualenvs/apache_airflow/lib/python3.10/site-packages/airflow/example_dags/plugins/workday.py for tasks to queue
[2023-04-17T09:02:18.245-0300] {logging_mixin.py:137} INFO - [2023-04-17T09:02:18.245-0300] {dagbag.py:532} INFO - Filling up the DagBag from /home/pepino/.virtualenvs/apache_airflow/lib/python3.10/site-packages/airflow/example_dags/plugins/workday.py
[2023-04-17T09:02:18.395-0300] {processor.py:755} WARNING - No viable dags retrieved from /home/pepino/.virtualenvs/apache_airflow/lib/python3.10/site-packages/airflow/example_dags/plugins/workday.py
[2023-04-17T09:02:18.399-0300] {processor.py:175} INFO - Processing /home/pepino/.virtualenvs/apache_airflow/lib/python3.10/site-packages/airflow/example_dags/plugins/workday.py took 0.164 seconds
[2023-04-17T09:03:13.990-0300] {processor.py:153} INFO - Started process (PID=81971) to work on /home/pepino/.virtualenvs/apache_airflow/lib/python3.10/site-packages/airflow/example_dags/plugins/workday.py
[2023-04-17T09:03:13.999-0300] {processor.py:743} INFO - Processing file /home/pepino/.virtualenvs/apache_airflow/lib/python3.10/site-packages/airflow/example_dags/plugins/workday.py for tasks to queue
[2023-04-17T09:03:14.000-0300] {logging_mixin.py:137} INFO - [2023-04-17T09:03:14.000-0300] {dagbag.py:532} INFO - Filling up the DagBag from /home/pepino/.virtualenvs/apache_airflow/lib/python3.10/site-packages/airflow/example_dags/plugins/workday.py
[2023-04-17T09:03:14.163-0300] {processor.py:755} WARNING - No viable dags retrieved from /home/pepino/.virtualenvs/apache_airflow/lib/python3.10/site-packages/airflow/example_dags/plugins/workday.py
[2023-04-17T09:03:14.167-0300] {processor.py:175} INFO - Processing /home/pepino/.virtualenvs/apache_airflow/lib/python3.10/site-packages/airflow/example_dags/plugins/workday.py took 0.183 seconds
[2023-04-17T09:03:59.276-0300] {processor.py:153} INFO - Started process (PID=82112) to work on /home/pepino/.virtualenvs/apache_airflow/lib/python3.10/site-packages/airflow/example_dags/plugins/workday.py
[2023-04-17T09:03:59.277-0300] {processor.py:743} INFO - Processing file /home/pepino/.virtualenvs/apache_airflow/lib/python3.10/site-packages/airflow/example_dags/plugins/workday.py for tasks to queue
[2023-04-17T09:03:59.277-0300] {logging_mixin.py:137} INFO - [2023-04-17T09:03:59.277-0300] {dagbag.py:532} INFO - Filling up the DagBag from /home/pepino/.virtualenvs/apache_airflow/lib/python3.10/site-packages/airflow/example_dags/plugins/workday.py
[2023-04-17T09:03:59.427-0300] {processor.py:755} WARNING - No viable dags retrieved from /home/pepino/.virtualenvs/apache_airflow/lib/python3.10/site-packages/airflow/example_dags/plugins/workday.py
[2023-04-17T09:03:59.431-0300] {processor.py:175} INFO - Processing /home/pepino/.virtualenvs/apache_airflow/lib/python3.10/site-packages/airflow/example_dags/plugins/workday.py took 0.156 seconds
[2023-04-17T09:04:52.141-0300] {processor.py:153} INFO - Started process (PID=82266) to work on /home/pepino/.virtualenvs/apache_airflow/lib/python3.10/site-packages/airflow/example_dags/plugins/workday.py
[2023-04-17T09:04:52.149-0300] {processor.py:743} INFO - Processing file /home/pepino/.virtualenvs/apache_airflow/lib/python3.10/site-packages/airflow/example_dags/plugins/workday.py for tasks to queue
[2023-04-17T09:04:52.150-0300] {logging_mixin.py:137} INFO - [2023-04-17T09:04:52.150-0300] {dagbag.py:532} INFO - Filling up the DagBag from /home/pepino/.virtualenvs/apache_airflow/lib/python3.10/site-packages/airflow/example_dags/plugins/workday.py
[2023-04-17T09:04:52.302-0300] {processor.py:755} WARNING - No viable dags retrieved from /home/pepino/.virtualenvs/apache_airflow/lib/python3.10/site-packages/airflow/example_dags/plugins/workday.py
[2023-04-17T09:04:52.305-0300] {processor.py:175} INFO - Processing /home/pepino/.virtualenvs/apache_airflow/lib/python3.10/site-packages/airflow/example_dags/plugins/workday.py took 0.166 seconds
[2023-04-17T09:05:46.968-0300] {processor.py:153} INFO - Started process (PID=82388) to work on /home/pepino/.virtualenvs/apache_airflow/lib/python3.10/site-packages/airflow/example_dags/plugins/workday.py
[2023-04-17T09:05:46.976-0300] {processor.py:743} INFO - Processing file /home/pepino/.virtualenvs/apache_airflow/lib/python3.10/site-packages/airflow/example_dags/plugins/workday.py for tasks to queue
[2023-04-17T09:05:46.977-0300] {logging_mixin.py:137} INFO - [2023-04-17T09:05:46.977-0300] {dagbag.py:532} INFO - Filling up the DagBag from /home/pepino/.virtualenvs/apache_airflow/lib/python3.10/site-packages/airflow/example_dags/plugins/workday.py
[2023-04-17T09:05:47.148-0300] {processor.py:755} WARNING - No viable dags retrieved from /home/pepino/.virtualenvs/apache_airflow/lib/python3.10/site-packages/airflow/example_dags/plugins/workday.py
[2023-04-17T09:05:47.151-0300] {processor.py:175} INFO - Processing /home/pepino/.virtualenvs/apache_airflow/lib/python3.10/site-packages/airflow/example_dags/plugins/workday.py took 0.188 seconds
[2023-04-17T09:06:48.292-0300] {processor.py:153} INFO - Started process (PID=82551) to work on /home/pepino/.virtualenvs/apache_airflow/lib/python3.10/site-packages/airflow/example_dags/plugins/workday.py
[2023-04-17T09:06:48.300-0300] {processor.py:743} INFO - Processing file /home/pepino/.virtualenvs/apache_airflow/lib/python3.10/site-packages/airflow/example_dags/plugins/workday.py for tasks to queue
[2023-04-17T09:06:48.301-0300] {logging_mixin.py:137} INFO - [2023-04-17T09:06:48.301-0300] {dagbag.py:532} INFO - Filling up the DagBag from /home/pepino/.virtualenvs/apache_airflow/lib/python3.10/site-packages/airflow/example_dags/plugins/workday.py
[2023-04-17T09:06:48.476-0300] {processor.py:755} WARNING - No viable dags retrieved from /home/pepino/.virtualenvs/apache_airflow/lib/python3.10/site-packages/airflow/example_dags/plugins/workday.py
[2023-04-17T09:06:48.480-0300] {processor.py:175} INFO - Processing /home/pepino/.virtualenvs/apache_airflow/lib/python3.10/site-packages/airflow/example_dags/plugins/workday.py took 0.189 seconds
[2023-04-17T09:07:41.682-0300] {processor.py:153} INFO - Started process (PID=82654) to work on /home/pepino/.virtualenvs/apache_airflow/lib/python3.10/site-packages/airflow/example_dags/plugins/workday.py
[2023-04-17T09:07:41.690-0300] {processor.py:743} INFO - Processing file /home/pepino/.virtualenvs/apache_airflow/lib/python3.10/site-packages/airflow/example_dags/plugins/workday.py for tasks to queue
[2023-04-17T09:07:41.691-0300] {logging_mixin.py:137} INFO - [2023-04-17T09:07:41.691-0300] {dagbag.py:532} INFO - Filling up the DagBag from /home/pepino/.virtualenvs/apache_airflow/lib/python3.10/site-packages/airflow/example_dags/plugins/workday.py
[2023-04-17T09:07:41.874-0300] {processor.py:755} WARNING - No viable dags retrieved from /home/pepino/.virtualenvs/apache_airflow/lib/python3.10/site-packages/airflow/example_dags/plugins/workday.py
[2023-04-17T09:07:41.877-0300] {processor.py:175} INFO - Processing /home/pepino/.virtualenvs/apache_airflow/lib/python3.10/site-packages/airflow/example_dags/plugins/workday.py took 0.199 seconds
[2023-04-17T09:08:32.803-0300] {processor.py:153} INFO - Started process (PID=82769) to work on /home/pepino/.virtualenvs/apache_airflow/lib/python3.10/site-packages/airflow/example_dags/plugins/workday.py
[2023-04-17T09:08:32.812-0300] {processor.py:743} INFO - Processing file /home/pepino/.virtualenvs/apache_airflow/lib/python3.10/site-packages/airflow/example_dags/plugins/workday.py for tasks to queue
[2023-04-17T09:08:32.812-0300] {logging_mixin.py:137} INFO - [2023-04-17T09:08:32.812-0300] {dagbag.py:532} INFO - Filling up the DagBag from /home/pepino/.virtualenvs/apache_airflow/lib/python3.10/site-packages/airflow/example_dags/plugins/workday.py
[2023-04-17T09:08:32.961-0300] {processor.py:755} WARNING - No viable dags retrieved from /home/pepino/.virtualenvs/apache_airflow/lib/python3.10/site-packages/airflow/example_dags/plugins/workday.py
[2023-04-17T09:08:32.964-0300] {processor.py:175} INFO - Processing /home/pepino/.virtualenvs/apache_airflow/lib/python3.10/site-packages/airflow/example_dags/plugins/workday.py took 0.166 seconds
