[2023-04-17T08:50:00.272-0300] {processor.py:153} INFO - Started process (PID=80491) to work on /home/pepino/.virtualenvs/apache_airflow/lib/python3.10/site-packages/airflow/example_dags/example_dag_decorator.py
[2023-04-17T08:50:00.273-0300] {processor.py:743} INFO - Processing file /home/pepino/.virtualenvs/apache_airflow/lib/python3.10/site-packages/airflow/example_dags/example_dag_decorator.py for tasks to queue
[2023-04-17T08:50:00.274-0300] {logging_mixin.py:137} INFO - [2023-04-17T08:50:00.274-0300] {dagbag.py:532} INFO - Filling up the DagBag from /home/pepino/.virtualenvs/apache_airflow/lib/python3.10/site-packages/airflow/example_dags/example_dag_decorator.py
[2023-04-17T08:50:00.286-0300] {logging_mixin.py:137} INFO - [2023-04-17T08:50:00.286-0300] {taskmixin.py:211} WARNING - Dependency <Task(_PythonDecoratedOperator): prepare_email>, send_email already registered for DAG: example_dag_decorator
[2023-04-17T08:50:00.286-0300] {logging_mixin.py:137} INFO - [2023-04-17T08:50:00.286-0300] {taskmixin.py:211} WARNING - Dependency <Task(EmailOperator): send_email>, prepare_email already registered for DAG: example_dag_decorator
[2023-04-17T08:50:00.292-0300] {processor.py:753} INFO - DAG(s) dict_keys(['example_dag_decorator']) retrieved from /home/pepino/.virtualenvs/apache_airflow/lib/python3.10/site-packages/airflow/example_dags/example_dag_decorator.py
[2023-04-17T08:50:00.423-0300] {logging_mixin.py:137} INFO - [2023-04-17T08:50:00.423-0300] {manager.py:504} INFO - Created Permission View: can read on DAG:example_dag_decorator
[2023-04-17T08:50:00.436-0300] {logging_mixin.py:137} INFO - [2023-04-17T08:50:00.436-0300] {manager.py:504} INFO - Created Permission View: can edit on DAG:example_dag_decorator
[2023-04-17T08:50:00.450-0300] {logging_mixin.py:137} INFO - [2023-04-17T08:50:00.449-0300] {manager.py:504} INFO - Created Permission View: can delete on DAG:example_dag_decorator
[2023-04-17T08:50:00.450-0300] {logging_mixin.py:137} INFO - [2023-04-17T08:50:00.450-0300] {dag.py:2705} INFO - Sync 1 DAGs
[2023-04-17T08:50:00.458-0300] {logging_mixin.py:137} INFO - [2023-04-17T08:50:00.458-0300] {dag.py:2726} INFO - Creating ORM DAG for example_dag_decorator
[2023-04-17T08:50:00.464-0300] {logging_mixin.py:137} INFO - [2023-04-17T08:50:00.464-0300] {dag.py:3452} INFO - Setting next_dagrun for example_dag_decorator to None, run_after=None
[2023-04-17T08:50:00.484-0300] {processor.py:175} INFO - Processing /home/pepino/.virtualenvs/apache_airflow/lib/python3.10/site-packages/airflow/example_dags/example_dag_decorator.py took 0.216 seconds
[2023-04-17T08:50:46.622-0300] {processor.py:153} INFO - Started process (PID=80581) to work on /home/pepino/.virtualenvs/apache_airflow/lib/python3.10/site-packages/airflow/example_dags/example_dag_decorator.py
[2023-04-17T08:50:46.630-0300] {processor.py:743} INFO - Processing file /home/pepino/.virtualenvs/apache_airflow/lib/python3.10/site-packages/airflow/example_dags/example_dag_decorator.py for tasks to queue
[2023-04-17T08:50:46.631-0300] {logging_mixin.py:137} INFO - [2023-04-17T08:50:46.630-0300] {dagbag.py:532} INFO - Filling up the DagBag from /home/pepino/.virtualenvs/apache_airflow/lib/python3.10/site-packages/airflow/example_dags/example_dag_decorator.py
[2023-04-17T08:50:46.645-0300] {logging_mixin.py:137} INFO - [2023-04-17T08:50:46.645-0300] {taskmixin.py:211} WARNING - Dependency <Task(_PythonDecoratedOperator): prepare_email>, send_email already registered for DAG: example_dag_decorator
[2023-04-17T08:50:46.645-0300] {logging_mixin.py:137} INFO - [2023-04-17T08:50:46.645-0300] {taskmixin.py:211} WARNING - Dependency <Task(EmailOperator): send_email>, prepare_email already registered for DAG: example_dag_decorator
[2023-04-17T08:50:46.653-0300] {processor.py:753} INFO - DAG(s) dict_keys(['example_dag_decorator']) retrieved from /home/pepino/.virtualenvs/apache_airflow/lib/python3.10/site-packages/airflow/example_dags/example_dag_decorator.py
[2023-04-17T08:50:46.756-0300] {logging_mixin.py:137} INFO - [2023-04-17T08:50:46.756-0300] {dag.py:2705} INFO - Sync 1 DAGs
[2023-04-17T08:50:46.764-0300] {logging_mixin.py:137} INFO - [2023-04-17T08:50:46.764-0300] {dag.py:3452} INFO - Setting next_dagrun for example_dag_decorator to None, run_after=None
[2023-04-17T08:50:46.793-0300] {processor.py:175} INFO - Processing /home/pepino/.virtualenvs/apache_airflow/lib/python3.10/site-packages/airflow/example_dags/example_dag_decorator.py took 0.173 seconds
[2023-04-17T08:52:00.210-0300] {processor.py:153} INFO - Started process (PID=80706) to work on /home/pepino/.virtualenvs/apache_airflow/lib/python3.10/site-packages/airflow/example_dags/example_dag_decorator.py
[2023-04-17T08:52:00.218-0300] {processor.py:743} INFO - Processing file /home/pepino/.virtualenvs/apache_airflow/lib/python3.10/site-packages/airflow/example_dags/example_dag_decorator.py for tasks to queue
[2023-04-17T08:52:00.218-0300] {logging_mixin.py:137} INFO - [2023-04-17T08:52:00.218-0300] {dagbag.py:532} INFO - Filling up the DagBag from /home/pepino/.virtualenvs/apache_airflow/lib/python3.10/site-packages/airflow/example_dags/example_dag_decorator.py
[2023-04-17T08:52:00.235-0300] {logging_mixin.py:137} INFO - [2023-04-17T08:52:00.235-0300] {taskmixin.py:211} WARNING - Dependency <Task(_PythonDecoratedOperator): prepare_email>, send_email already registered for DAG: example_dag_decorator
[2023-04-17T08:52:00.235-0300] {logging_mixin.py:137} INFO - [2023-04-17T08:52:00.235-0300] {taskmixin.py:211} WARNING - Dependency <Task(EmailOperator): send_email>, prepare_email already registered for DAG: example_dag_decorator
[2023-04-17T08:52:00.243-0300] {processor.py:753} INFO - DAG(s) dict_keys(['example_dag_decorator']) retrieved from /home/pepino/.virtualenvs/apache_airflow/lib/python3.10/site-packages/airflow/example_dags/example_dag_decorator.py
[2023-04-17T08:52:00.267-0300] {logging_mixin.py:137} INFO - [2023-04-17T08:52:00.267-0300] {dag.py:2705} INFO - Sync 1 DAGs
[2023-04-17T08:52:00.277-0300] {logging_mixin.py:137} INFO - [2023-04-17T08:52:00.276-0300] {dag.py:3452} INFO - Setting next_dagrun for example_dag_decorator to None, run_after=None
[2023-04-17T08:52:00.296-0300] {processor.py:175} INFO - Processing /home/pepino/.virtualenvs/apache_airflow/lib/python3.10/site-packages/airflow/example_dags/example_dag_decorator.py took 0.088 seconds
