[2023-04-17T08:49:52.634-0300] {processor.py:153} INFO - Started process (PID=80459) to work on /home/pepino/.virtualenvs/apache_airflow/lib/python3.10/site-packages/airflow/example_dags/example_xcomargs.py
[2023-04-17T08:49:52.636-0300] {processor.py:743} INFO - Processing file /home/pepino/.virtualenvs/apache_airflow/lib/python3.10/site-packages/airflow/example_dags/example_xcomargs.py for tasks to queue
[2023-04-17T08:49:52.636-0300] {logging_mixin.py:137} INFO - [2023-04-17T08:49:52.636-0300] {dagbag.py:532} INFO - Filling up the DagBag from /home/pepino/.virtualenvs/apache_airflow/lib/python3.10/site-packages/airflow/example_dags/example_xcomargs.py
[2023-04-17T08:49:52.658-0300] {processor.py:753} INFO - DAG(s) dict_keys(['example_xcom_args', 'example_xcom_args_with_operators']) retrieved from /home/pepino/.virtualenvs/apache_airflow/lib/python3.10/site-packages/airflow/example_dags/example_xcomargs.py
[2023-04-17T08:49:52.796-0300] {logging_mixin.py:137} INFO - [2023-04-17T08:49:52.796-0300] {manager.py:504} INFO - Created Permission View: can read on DAG:example_xcom_args
[2023-04-17T08:49:52.811-0300] {logging_mixin.py:137} INFO - [2023-04-17T08:49:52.810-0300] {manager.py:504} INFO - Created Permission View: can edit on DAG:example_xcom_args
[2023-04-17T08:49:52.825-0300] {logging_mixin.py:137} INFO - [2023-04-17T08:49:52.825-0300] {manager.py:504} INFO - Created Permission View: can delete on DAG:example_xcom_args
[2023-04-17T08:49:52.866-0300] {logging_mixin.py:137} INFO - [2023-04-17T08:49:52.865-0300] {manager.py:504} INFO - Created Permission View: can read on DAG:example_xcom_args_with_operators
[2023-04-17T08:49:52.889-0300] {logging_mixin.py:137} INFO - [2023-04-17T08:49:52.889-0300] {manager.py:504} INFO - Created Permission View: can edit on DAG:example_xcom_args_with_operators
[2023-04-17T08:49:52.904-0300] {logging_mixin.py:137} INFO - [2023-04-17T08:49:52.904-0300] {manager.py:504} INFO - Created Permission View: can delete on DAG:example_xcom_args_with_operators
[2023-04-17T08:49:52.905-0300] {logging_mixin.py:137} INFO - [2023-04-17T08:49:52.905-0300] {dag.py:2705} INFO - Sync 2 DAGs
[2023-04-17T08:49:52.913-0300] {logging_mixin.py:137} INFO - [2023-04-17T08:49:52.913-0300] {dag.py:2726} INFO - Creating ORM DAG for example_xcom_args
[2023-04-17T08:49:52.914-0300] {logging_mixin.py:137} INFO - [2023-04-17T08:49:52.913-0300] {dag.py:2726} INFO - Creating ORM DAG for example_xcom_args_with_operators
[2023-04-17T08:49:52.918-0300] {logging_mixin.py:137} INFO - [2023-04-17T08:49:52.918-0300] {dag.py:3452} INFO - Setting next_dagrun for example_xcom_args to None, run_after=None
[2023-04-17T08:49:52.919-0300] {logging_mixin.py:137} INFO - [2023-04-17T08:49:52.919-0300] {dag.py:3452} INFO - Setting next_dagrun for example_xcom_args_with_operators to None, run_after=None
[2023-04-17T08:49:52.941-0300] {processor.py:175} INFO - Processing /home/pepino/.virtualenvs/apache_airflow/lib/python3.10/site-packages/airflow/example_dags/example_xcomargs.py took 0.310 seconds
[2023-04-17T08:50:40.870-0300] {processor.py:153} INFO - Started process (PID=80569) to work on /home/pepino/.virtualenvs/apache_airflow/lib/python3.10/site-packages/airflow/example_dags/example_xcomargs.py
[2023-04-17T08:50:40.879-0300] {processor.py:743} INFO - Processing file /home/pepino/.virtualenvs/apache_airflow/lib/python3.10/site-packages/airflow/example_dags/example_xcomargs.py for tasks to queue
[2023-04-17T08:50:40.880-0300] {logging_mixin.py:137} INFO - [2023-04-17T08:50:40.880-0300] {dagbag.py:532} INFO - Filling up the DagBag from /home/pepino/.virtualenvs/apache_airflow/lib/python3.10/site-packages/airflow/example_dags/example_xcomargs.py
[2023-04-17T08:50:40.900-0300] {processor.py:753} INFO - DAG(s) dict_keys(['example_xcom_args', 'example_xcom_args_with_operators']) retrieved from /home/pepino/.virtualenvs/apache_airflow/lib/python3.10/site-packages/airflow/example_dags/example_xcomargs.py
[2023-04-17T08:50:40.912-0300] {logging_mixin.py:137} INFO - [2023-04-17T08:50:40.912-0300] {dag.py:2705} INFO - Sync 2 DAGs
[2023-04-17T08:50:40.923-0300] {logging_mixin.py:137} INFO - [2023-04-17T08:50:40.923-0300] {dag.py:3452} INFO - Setting next_dagrun for example_xcom_args to None, run_after=None
[2023-04-17T08:50:40.992-0300] {logging_mixin.py:137} INFO - [2023-04-17T08:50:40.991-0300] {dag.py:3452} INFO - Setting next_dagrun for example_xcom_args_with_operators to None, run_after=None
[2023-04-17T08:50:41.019-0300] {processor.py:175} INFO - Processing /home/pepino/.virtualenvs/apache_airflow/lib/python3.10/site-packages/airflow/example_dags/example_xcomargs.py took 0.154 seconds
[2023-04-17T08:51:54.949-0300] {processor.py:153} INFO - Started process (PID=80688) to work on /home/pepino/.virtualenvs/apache_airflow/lib/python3.10/site-packages/airflow/example_dags/example_xcomargs.py
[2023-04-17T08:51:54.950-0300] {processor.py:743} INFO - Processing file /home/pepino/.virtualenvs/apache_airflow/lib/python3.10/site-packages/airflow/example_dags/example_xcomargs.py for tasks to queue
[2023-04-17T08:51:54.951-0300] {logging_mixin.py:137} INFO - [2023-04-17T08:51:54.951-0300] {dagbag.py:532} INFO - Filling up the DagBag from /home/pepino/.virtualenvs/apache_airflow/lib/python3.10/site-packages/airflow/example_dags/example_xcomargs.py
[2023-04-17T08:51:54.969-0300] {processor.py:753} INFO - DAG(s) dict_keys(['example_xcom_args', 'example_xcom_args_with_operators']) retrieved from /home/pepino/.virtualenvs/apache_airflow/lib/python3.10/site-packages/airflow/example_dags/example_xcomargs.py
[2023-04-17T08:51:54.980-0300] {logging_mixin.py:137} INFO - [2023-04-17T08:51:54.980-0300] {dag.py:2705} INFO - Sync 2 DAGs
[2023-04-17T08:51:54.990-0300] {logging_mixin.py:137} INFO - [2023-04-17T08:51:54.990-0300] {dag.py:3452} INFO - Setting next_dagrun for example_xcom_args to None, run_after=None
[2023-04-17T08:51:54.991-0300] {logging_mixin.py:137} INFO - [2023-04-17T08:51:54.991-0300] {dag.py:3452} INFO - Setting next_dagrun for example_xcom_args_with_operators to None, run_after=None
[2023-04-17T08:51:55.009-0300] {processor.py:175} INFO - Processing /home/pepino/.virtualenvs/apache_airflow/lib/python3.10/site-packages/airflow/example_dags/example_xcomargs.py took 0.065 seconds
