[2023-04-17T08:50:27.127-0300] {processor.py:153} INFO - Started process (PID=80546) to work on /home/pepino/.virtualenvs/apache_airflow/lib/python3.10/site-packages/airflow/example_dags/example_external_task_marker_dag.py
[2023-04-17T08:50:27.128-0300] {processor.py:743} INFO - Processing file /home/pepino/.virtualenvs/apache_airflow/lib/python3.10/site-packages/airflow/example_dags/example_external_task_marker_dag.py for tasks to queue
[2023-04-17T08:50:27.129-0300] {logging_mixin.py:137} INFO - [2023-04-17T08:50:27.128-0300] {dagbag.py:532} INFO - Filling up the DagBag from /home/pepino/.virtualenvs/apache_airflow/lib/python3.10/site-packages/airflow/example_dags/example_external_task_marker_dag.py
[2023-04-17T08:50:27.140-0300] {processor.py:753} INFO - DAG(s) dict_keys(['example_external_task_marker_child', 'example_external_task_marker_parent']) retrieved from /home/pepino/.virtualenvs/apache_airflow/lib/python3.10/site-packages/airflow/example_dags/example_external_task_marker_dag.py
[2023-04-17T08:50:27.275-0300] {logging_mixin.py:137} INFO - [2023-04-17T08:50:27.275-0300] {manager.py:504} INFO - Created Permission View: can read on DAG:example_external_task_marker_child
[2023-04-17T08:50:27.286-0300] {logging_mixin.py:137} INFO - [2023-04-17T08:50:27.286-0300] {manager.py:504} INFO - Created Permission View: can edit on DAG:example_external_task_marker_child
[2023-04-17T08:50:27.297-0300] {logging_mixin.py:137} INFO - [2023-04-17T08:50:27.297-0300] {manager.py:504} INFO - Created Permission View: can delete on DAG:example_external_task_marker_child
[2023-04-17T08:50:27.329-0300] {logging_mixin.py:137} INFO - [2023-04-17T08:50:27.328-0300] {manager.py:504} INFO - Created Permission View: can read on DAG:example_external_task_marker_parent
[2023-04-17T08:50:27.355-0300] {logging_mixin.py:137} INFO - [2023-04-17T08:50:27.355-0300] {manager.py:504} INFO - Created Permission View: can edit on DAG:example_external_task_marker_parent
[2023-04-17T08:50:27.377-0300] {logging_mixin.py:137} INFO - [2023-04-17T08:50:27.377-0300] {manager.py:504} INFO - Created Permission View: can delete on DAG:example_external_task_marker_parent
[2023-04-17T08:50:27.378-0300] {logging_mixin.py:137} INFO - [2023-04-17T08:50:27.378-0300] {dag.py:2705} INFO - Sync 2 DAGs
[2023-04-17T08:50:27.389-0300] {logging_mixin.py:137} INFO - [2023-04-17T08:50:27.389-0300] {dag.py:2726} INFO - Creating ORM DAG for example_external_task_marker_parent
[2023-04-17T08:50:27.389-0300] {logging_mixin.py:137} INFO - [2023-04-17T08:50:27.389-0300] {dag.py:2726} INFO - Creating ORM DAG for example_external_task_marker_child
[2023-04-17T08:50:27.394-0300] {logging_mixin.py:137} INFO - [2023-04-17T08:50:27.394-0300] {dag.py:3452} INFO - Setting next_dagrun for example_external_task_marker_child to None, run_after=None
[2023-04-17T08:50:27.395-0300] {logging_mixin.py:137} INFO - [2023-04-17T08:50:27.395-0300] {dag.py:3452} INFO - Setting next_dagrun for example_external_task_marker_parent to None, run_after=None
[2023-04-17T08:50:27.414-0300] {processor.py:175} INFO - Processing /home/pepino/.virtualenvs/apache_airflow/lib/python3.10/site-packages/airflow/example_dags/example_external_task_marker_dag.py took 0.292 seconds
[2023-04-17T08:52:22.158-0300] {processor.py:153} INFO - Started process (PID=80771) to work on /home/pepino/.virtualenvs/apache_airflow/lib/python3.10/site-packages/airflow/example_dags/example_external_task_marker_dag.py
[2023-04-17T08:52:22.168-0300] {processor.py:743} INFO - Processing file /home/pepino/.virtualenvs/apache_airflow/lib/python3.10/site-packages/airflow/example_dags/example_external_task_marker_dag.py for tasks to queue
[2023-04-17T08:52:22.169-0300] {logging_mixin.py:137} INFO - [2023-04-17T08:52:22.169-0300] {dagbag.py:532} INFO - Filling up the DagBag from /home/pepino/.virtualenvs/apache_airflow/lib/python3.10/site-packages/airflow/example_dags/example_external_task_marker_dag.py
[2023-04-17T08:52:22.184-0300] {processor.py:753} INFO - DAG(s) dict_keys(['example_external_task_marker_parent', 'example_external_task_marker_child']) retrieved from /home/pepino/.virtualenvs/apache_airflow/lib/python3.10/site-packages/airflow/example_dags/example_external_task_marker_dag.py
[2023-04-17T08:52:22.196-0300] {logging_mixin.py:137} INFO - [2023-04-17T08:52:22.196-0300] {dag.py:2705} INFO - Sync 2 DAGs
[2023-04-17T08:52:22.207-0300] {logging_mixin.py:137} INFO - [2023-04-17T08:52:22.207-0300] {dag.py:3452} INFO - Setting next_dagrun for example_external_task_marker_child to None, run_after=None
[2023-04-17T08:52:22.208-0300] {logging_mixin.py:137} INFO - [2023-04-17T08:52:22.208-0300] {dag.py:3452} INFO - Setting next_dagrun for example_external_task_marker_parent to None, run_after=None
[2023-04-17T08:52:22.229-0300] {processor.py:175} INFO - Processing /home/pepino/.virtualenvs/apache_airflow/lib/python3.10/site-packages/airflow/example_dags/example_external_task_marker_dag.py took 0.076 seconds
