[2023-04-17T08:50:01.619-0300] {processor.py:153} INFO - Started process (PID=80494) to work on /home/pepino/.virtualenvs/apache_airflow/lib/python3.10/site-packages/airflow/example_dags/example_time_delta_sensor_async.py
[2023-04-17T08:50:01.621-0300] {processor.py:743} INFO - Processing file /home/pepino/.virtualenvs/apache_airflow/lib/python3.10/site-packages/airflow/example_dags/example_time_delta_sensor_async.py for tasks to queue
[2023-04-17T08:50:01.621-0300] {logging_mixin.py:137} INFO - [2023-04-17T08:50:01.621-0300] {dagbag.py:532} INFO - Filling up the DagBag from /home/pepino/.virtualenvs/apache_airflow/lib/python3.10/site-packages/airflow/example_dags/example_time_delta_sensor_async.py
[2023-04-17T08:50:01.632-0300] {processor.py:753} INFO - DAG(s) dict_keys(['example_time_delta_sensor_async']) retrieved from /home/pepino/.virtualenvs/apache_airflow/lib/python3.10/site-packages/airflow/example_dags/example_time_delta_sensor_async.py
[2023-04-17T08:50:01.785-0300] {logging_mixin.py:137} INFO - [2023-04-17T08:50:01.784-0300] {manager.py:504} INFO - Created Permission View: can read on DAG:example_time_delta_sensor_async
[2023-04-17T08:50:01.803-0300] {logging_mixin.py:137} INFO - [2023-04-17T08:50:01.803-0300] {manager.py:504} INFO - Created Permission View: can edit on DAG:example_time_delta_sensor_async
[2023-04-17T08:50:01.819-0300] {logging_mixin.py:137} INFO - [2023-04-17T08:50:01.818-0300] {manager.py:504} INFO - Created Permission View: can delete on DAG:example_time_delta_sensor_async
[2023-04-17T08:50:01.819-0300] {logging_mixin.py:137} INFO - [2023-04-17T08:50:01.819-0300] {dag.py:2705} INFO - Sync 1 DAGs
[2023-04-17T08:50:01.828-0300] {logging_mixin.py:137} INFO - [2023-04-17T08:50:01.828-0300] {dag.py:2726} INFO - Creating ORM DAG for example_time_delta_sensor_async
[2023-04-17T08:50:01.833-0300] {logging_mixin.py:137} INFO - [2023-04-17T08:50:01.833-0300] {dag.py:3452} INFO - Setting next_dagrun for example_time_delta_sensor_async to None, run_after=None
[2023-04-17T08:50:01.863-0300] {processor.py:175} INFO - Processing /home/pepino/.virtualenvs/apache_airflow/lib/python3.10/site-packages/airflow/example_dags/example_time_delta_sensor_async.py took 0.249 seconds
[2023-04-17T08:50:47.890-0300] {processor.py:153} INFO - Started process (PID=80590) to work on /home/pepino/.virtualenvs/apache_airflow/lib/python3.10/site-packages/airflow/example_dags/example_time_delta_sensor_async.py
[2023-04-17T08:50:47.890-0300] {processor.py:743} INFO - Processing file /home/pepino/.virtualenvs/apache_airflow/lib/python3.10/site-packages/airflow/example_dags/example_time_delta_sensor_async.py for tasks to queue
[2023-04-17T08:50:47.891-0300] {logging_mixin.py:137} INFO - [2023-04-17T08:50:47.891-0300] {dagbag.py:532} INFO - Filling up the DagBag from /home/pepino/.virtualenvs/apache_airflow/lib/python3.10/site-packages/airflow/example_dags/example_time_delta_sensor_async.py
[2023-04-17T08:50:47.899-0300] {processor.py:753} INFO - DAG(s) dict_keys(['example_time_delta_sensor_async']) retrieved from /home/pepino/.virtualenvs/apache_airflow/lib/python3.10/site-packages/airflow/example_dags/example_time_delta_sensor_async.py
[2023-04-17T08:50:47.912-0300] {logging_mixin.py:137} INFO - [2023-04-17T08:50:47.912-0300] {dag.py:2705} INFO - Sync 1 DAGs
[2023-04-17T08:50:47.925-0300] {logging_mixin.py:137} INFO - [2023-04-17T08:50:47.925-0300] {dag.py:3452} INFO - Setting next_dagrun for example_time_delta_sensor_async to None, run_after=None
[2023-04-17T08:50:47.954-0300] {processor.py:175} INFO - Processing /home/pepino/.virtualenvs/apache_airflow/lib/python3.10/site-packages/airflow/example_dags/example_time_delta_sensor_async.py took 0.066 seconds
[2023-04-17T08:52:01.351-0300] {processor.py:153} INFO - Started process (PID=80707) to work on /home/pepino/.virtualenvs/apache_airflow/lib/python3.10/site-packages/airflow/example_dags/example_time_delta_sensor_async.py
[2023-04-17T08:52:01.360-0300] {processor.py:743} INFO - Processing file /home/pepino/.virtualenvs/apache_airflow/lib/python3.10/site-packages/airflow/example_dags/example_time_delta_sensor_async.py for tasks to queue
[2023-04-17T08:52:01.361-0300] {logging_mixin.py:137} INFO - [2023-04-17T08:52:01.361-0300] {dagbag.py:532} INFO - Filling up the DagBag from /home/pepino/.virtualenvs/apache_airflow/lib/python3.10/site-packages/airflow/example_dags/example_time_delta_sensor_async.py
[2023-04-17T08:52:01.374-0300] {processor.py:753} INFO - DAG(s) dict_keys(['example_time_delta_sensor_async']) retrieved from /home/pepino/.virtualenvs/apache_airflow/lib/python3.10/site-packages/airflow/example_dags/example_time_delta_sensor_async.py
[2023-04-17T08:52:01.385-0300] {logging_mixin.py:137} INFO - [2023-04-17T08:52:01.385-0300] {dag.py:2705} INFO - Sync 1 DAGs
[2023-04-17T08:52:01.395-0300] {logging_mixin.py:137} INFO - [2023-04-17T08:52:01.395-0300] {dag.py:3452} INFO - Setting next_dagrun for example_time_delta_sensor_async to None, run_after=None
[2023-04-17T08:52:01.413-0300] {processor.py:175} INFO - Processing /home/pepino/.virtualenvs/apache_airflow/lib/python3.10/site-packages/airflow/example_dags/example_time_delta_sensor_async.py took 0.067 seconds
