[2023-04-17T08:49:47.356-0300] {processor.py:153} INFO - Started process (PID=80428) to work on /home/pepino/.virtualenvs/apache_airflow/lib/python3.10/site-packages/airflow/example_dags/example_task_group.py
[2023-04-17T08:49:47.357-0300] {processor.py:743} INFO - Processing file /home/pepino/.virtualenvs/apache_airflow/lib/python3.10/site-packages/airflow/example_dags/example_task_group.py for tasks to queue
[2023-04-17T08:49:47.358-0300] {logging_mixin.py:137} INFO - [2023-04-17T08:49:47.358-0300] {dagbag.py:532} INFO - Filling up the DagBag from /home/pepino/.virtualenvs/apache_airflow/lib/python3.10/site-packages/airflow/example_dags/example_task_group.py
[2023-04-17T08:49:47.371-0300] {processor.py:753} INFO - DAG(s) dict_keys(['example_task_group']) retrieved from /home/pepino/.virtualenvs/apache_airflow/lib/python3.10/site-packages/airflow/example_dags/example_task_group.py
[2023-04-17T08:49:47.506-0300] {logging_mixin.py:137} INFO - [2023-04-17T08:49:47.506-0300] {manager.py:504} INFO - Created Permission View: can read on DAG:example_task_group
[2023-04-17T08:49:47.520-0300] {logging_mixin.py:137} INFO - [2023-04-17T08:49:47.520-0300] {manager.py:504} INFO - Created Permission View: can edit on DAG:example_task_group
[2023-04-17T08:49:47.533-0300] {logging_mixin.py:137} INFO - [2023-04-17T08:49:47.533-0300] {manager.py:504} INFO - Created Permission View: can delete on DAG:example_task_group
[2023-04-17T08:49:47.534-0300] {logging_mixin.py:137} INFO - [2023-04-17T08:49:47.533-0300] {dag.py:2705} INFO - Sync 1 DAGs
[2023-04-17T08:49:47.547-0300] {logging_mixin.py:137} INFO - [2023-04-17T08:49:47.547-0300] {dag.py:2726} INFO - Creating ORM DAG for example_task_group
[2023-04-17T08:49:47.555-0300] {logging_mixin.py:137} INFO - [2023-04-17T08:49:47.555-0300] {dag.py:3452} INFO - Setting next_dagrun for example_task_group to 2023-04-16T11:49:47.554933+00:00, run_after=2023-04-17T11:49:47.554933+00:00
[2023-04-17T08:49:47.590-0300] {processor.py:175} INFO - Processing /home/pepino/.virtualenvs/apache_airflow/lib/python3.10/site-packages/airflow/example_dags/example_task_group.py took 0.239 seconds
[2023-04-17T08:50:36.286-0300] {processor.py:153} INFO - Started process (PID=80565) to work on /home/pepino/.virtualenvs/apache_airflow/lib/python3.10/site-packages/airflow/example_dags/example_task_group.py
[2023-04-17T08:50:36.295-0300] {processor.py:743} INFO - Processing file /home/pepino/.virtualenvs/apache_airflow/lib/python3.10/site-packages/airflow/example_dags/example_task_group.py for tasks to queue
[2023-04-17T08:50:36.297-0300] {logging_mixin.py:137} INFO - [2023-04-17T08:50:36.296-0300] {dagbag.py:532} INFO - Filling up the DagBag from /home/pepino/.virtualenvs/apache_airflow/lib/python3.10/site-packages/airflow/example_dags/example_task_group.py
[2023-04-17T08:50:36.312-0300] {processor.py:753} INFO - DAG(s) dict_keys(['example_task_group']) retrieved from /home/pepino/.virtualenvs/apache_airflow/lib/python3.10/site-packages/airflow/example_dags/example_task_group.py
[2023-04-17T08:50:36.323-0300] {logging_mixin.py:137} INFO - [2023-04-17T08:50:36.323-0300] {dag.py:2705} INFO - Sync 1 DAGs
[2023-04-17T08:50:36.332-0300] {logging_mixin.py:137} INFO - [2023-04-17T08:50:36.332-0300] {dag.py:3452} INFO - Setting next_dagrun for example_task_group to 2023-04-16T11:50:36.332447+00:00, run_after=2023-04-17T11:50:36.332447+00:00
[2023-04-17T08:50:36.350-0300] {processor.py:175} INFO - Processing /home/pepino/.virtualenvs/apache_airflow/lib/python3.10/site-packages/airflow/example_dags/example_task_group.py took 0.068 seconds
[2023-04-17T08:51:51.135-0300] {processor.py:153} INFO - Started process (PID=80684) to work on /home/pepino/.virtualenvs/apache_airflow/lib/python3.10/site-packages/airflow/example_dags/example_task_group.py
[2023-04-17T08:51:51.143-0300] {processor.py:743} INFO - Processing file /home/pepino/.virtualenvs/apache_airflow/lib/python3.10/site-packages/airflow/example_dags/example_task_group.py for tasks to queue
[2023-04-17T08:51:51.144-0300] {logging_mixin.py:137} INFO - [2023-04-17T08:51:51.144-0300] {dagbag.py:532} INFO - Filling up the DagBag from /home/pepino/.virtualenvs/apache_airflow/lib/python3.10/site-packages/airflow/example_dags/example_task_group.py
[2023-04-17T08:51:51.160-0300] {processor.py:753} INFO - DAG(s) dict_keys(['example_task_group']) retrieved from /home/pepino/.virtualenvs/apache_airflow/lib/python3.10/site-packages/airflow/example_dags/example_task_group.py
[2023-04-17T08:51:51.170-0300] {logging_mixin.py:137} INFO - [2023-04-17T08:51:51.170-0300] {dag.py:2705} INFO - Sync 1 DAGs
[2023-04-17T08:51:51.180-0300] {logging_mixin.py:137} INFO - [2023-04-17T08:51:51.180-0300] {dag.py:3452} INFO - Setting next_dagrun for example_task_group to 2023-04-16T11:51:51.180222+00:00, run_after=2023-04-17T11:51:51.180222+00:00
[2023-04-17T08:51:51.199-0300] {processor.py:175} INFO - Processing /home/pepino/.virtualenvs/apache_airflow/lib/python3.10/site-packages/airflow/example_dags/example_task_group.py took 0.068 seconds
