[2023-04-17T08:50:25.755-0300] {processor.py:153} INFO - Started process (PID=80544) to work on /home/pepino/.virtualenvs/apache_airflow/lib/python3.10/site-packages/airflow/example_dags/example_python_operator.py
[2023-04-17T08:50:25.756-0300] {processor.py:743} INFO - Processing file /home/pepino/.virtualenvs/apache_airflow/lib/python3.10/site-packages/airflow/example_dags/example_python_operator.py for tasks to queue
[2023-04-17T08:50:25.757-0300] {logging_mixin.py:137} INFO - [2023-04-17T08:50:25.757-0300] {dagbag.py:532} INFO - Filling up the DagBag from /home/pepino/.virtualenvs/apache_airflow/lib/python3.10/site-packages/airflow/example_dags/example_python_operator.py
[2023-04-17T08:50:25.774-0300] {logging_mixin.py:137} INFO - [2023-04-17T08:50:25.774-0300] {taskmixin.py:211} WARNING - Dependency <Task(_PythonDecoratedOperator): print_the_context>, log_sql_query already registered for DAG: example_python_operator
[2023-04-17T08:50:25.774-0300] {logging_mixin.py:137} INFO - [2023-04-17T08:50:25.774-0300] {taskmixin.py:211} WARNING - Dependency <Task(_PythonDecoratedOperator): log_sql_query>, print_the_context already registered for DAG: example_python_operator
[2023-04-17T08:50:25.774-0300] {logging_mixin.py:137} INFO - [2023-04-17T08:50:25.774-0300] {taskmixin.py:211} WARNING - Dependency <Task(_PythonDecoratedOperator): print_the_context>, log_sql_query already registered for DAG: example_python_operator
[2023-04-17T08:50:25.774-0300] {logging_mixin.py:137} INFO - [2023-04-17T08:50:25.774-0300] {taskmixin.py:211} WARNING - Dependency <Task(_PythonDecoratedOperator): log_sql_query>, print_the_context already registered for DAG: example_python_operator
[2023-04-17T08:50:25.775-0300] {logging_mixin.py:137} INFO - [2023-04-17T08:50:25.774-0300] {taskmixin.py:211} WARNING - Dependency <Task(_PythonDecoratedOperator): print_the_context>, log_sql_query already registered for DAG: example_python_operator
[2023-04-17T08:50:25.775-0300] {logging_mixin.py:137} INFO - [2023-04-17T08:50:25.775-0300] {taskmixin.py:211} WARNING - Dependency <Task(_PythonDecoratedOperator): log_sql_query>, print_the_context already registered for DAG: example_python_operator
[2023-04-17T08:50:25.775-0300] {logging_mixin.py:137} INFO - [2023-04-17T08:50:25.775-0300] {taskmixin.py:211} WARNING - Dependency <Task(_PythonDecoratedOperator): print_the_context>, log_sql_query already registered for DAG: example_python_operator
[2023-04-17T08:50:25.775-0300] {logging_mixin.py:137} INFO - [2023-04-17T08:50:25.775-0300] {taskmixin.py:211} WARNING - Dependency <Task(_PythonDecoratedOperator): log_sql_query>, print_the_context already registered for DAG: example_python_operator
[2023-04-17T08:50:25.779-0300] {processor.py:753} INFO - DAG(s) dict_keys(['example_python_operator']) retrieved from /home/pepino/.virtualenvs/apache_airflow/lib/python3.10/site-packages/airflow/example_dags/example_python_operator.py
[2023-04-17T08:50:25.936-0300] {logging_mixin.py:137} INFO - [2023-04-17T08:50:25.936-0300] {manager.py:504} INFO - Created Permission View: can read on DAG:example_python_operator
[2023-04-17T08:50:25.957-0300] {logging_mixin.py:137} INFO - [2023-04-17T08:50:25.957-0300] {manager.py:504} INFO - Created Permission View: can edit on DAG:example_python_operator
[2023-04-17T08:50:25.986-0300] {logging_mixin.py:137} INFO - [2023-04-17T08:50:25.985-0300] {manager.py:504} INFO - Created Permission View: can delete on DAG:example_python_operator
[2023-04-17T08:50:25.986-0300] {logging_mixin.py:137} INFO - [2023-04-17T08:50:25.986-0300] {dag.py:2705} INFO - Sync 1 DAGs
[2023-04-17T08:50:25.998-0300] {logging_mixin.py:137} INFO - [2023-04-17T08:50:25.998-0300] {dag.py:2726} INFO - Creating ORM DAG for example_python_operator
[2023-04-17T08:50:26.003-0300] {logging_mixin.py:137} INFO - [2023-04-17T08:50:26.003-0300] {dag.py:3452} INFO - Setting next_dagrun for example_python_operator to None, run_after=None
[2023-04-17T08:50:26.027-0300] {processor.py:175} INFO - Processing /home/pepino/.virtualenvs/apache_airflow/lib/python3.10/site-packages/airflow/example_dags/example_python_operator.py took 0.274 seconds
[2023-04-17T08:52:20.910-0300] {processor.py:153} INFO - Started process (PID=80770) to work on /home/pepino/.virtualenvs/apache_airflow/lib/python3.10/site-packages/airflow/example_dags/example_python_operator.py
[2023-04-17T08:52:20.919-0300] {processor.py:743} INFO - Processing file /home/pepino/.virtualenvs/apache_airflow/lib/python3.10/site-packages/airflow/example_dags/example_python_operator.py for tasks to queue
[2023-04-17T08:52:20.920-0300] {logging_mixin.py:137} INFO - [2023-04-17T08:52:20.919-0300] {dagbag.py:532} INFO - Filling up the DagBag from /home/pepino/.virtualenvs/apache_airflow/lib/python3.10/site-packages/airflow/example_dags/example_python_operator.py
[2023-04-17T08:52:20.939-0300] {logging_mixin.py:137} INFO - [2023-04-17T08:52:20.939-0300] {taskmixin.py:211} WARNING - Dependency <Task(_PythonDecoratedOperator): print_the_context>, log_sql_query already registered for DAG: example_python_operator
[2023-04-17T08:52:20.940-0300] {logging_mixin.py:137} INFO - [2023-04-17T08:52:20.940-0300] {taskmixin.py:211} WARNING - Dependency <Task(_PythonDecoratedOperator): log_sql_query>, print_the_context already registered for DAG: example_python_operator
[2023-04-17T08:52:20.940-0300] {logging_mixin.py:137} INFO - [2023-04-17T08:52:20.940-0300] {taskmixin.py:211} WARNING - Dependency <Task(_PythonDecoratedOperator): print_the_context>, log_sql_query already registered for DAG: example_python_operator
[2023-04-17T08:52:20.940-0300] {logging_mixin.py:137} INFO - [2023-04-17T08:52:20.940-0300] {taskmixin.py:211} WARNING - Dependency <Task(_PythonDecoratedOperator): log_sql_query>, print_the_context already registered for DAG: example_python_operator
[2023-04-17T08:52:20.940-0300] {logging_mixin.py:137} INFO - [2023-04-17T08:52:20.940-0300] {taskmixin.py:211} WARNING - Dependency <Task(_PythonDecoratedOperator): print_the_context>, log_sql_query already registered for DAG: example_python_operator
[2023-04-17T08:52:20.940-0300] {logging_mixin.py:137} INFO - [2023-04-17T08:52:20.940-0300] {taskmixin.py:211} WARNING - Dependency <Task(_PythonDecoratedOperator): log_sql_query>, print_the_context already registered for DAG: example_python_operator
[2023-04-17T08:52:20.941-0300] {logging_mixin.py:137} INFO - [2023-04-17T08:52:20.940-0300] {taskmixin.py:211} WARNING - Dependency <Task(_PythonDecoratedOperator): print_the_context>, log_sql_query already registered for DAG: example_python_operator
[2023-04-17T08:52:20.941-0300] {logging_mixin.py:137} INFO - [2023-04-17T08:52:20.941-0300] {taskmixin.py:211} WARNING - Dependency <Task(_PythonDecoratedOperator): log_sql_query>, print_the_context already registered for DAG: example_python_operator
[2023-04-17T08:52:20.944-0300] {processor.py:753} INFO - DAG(s) dict_keys(['example_python_operator']) retrieved from /home/pepino/.virtualenvs/apache_airflow/lib/python3.10/site-packages/airflow/example_dags/example_python_operator.py
[2023-04-17T08:52:20.969-0300] {logging_mixin.py:137} INFO - [2023-04-17T08:52:20.968-0300] {dag.py:2705} INFO - Sync 1 DAGs
[2023-04-17T08:52:20.978-0300] {logging_mixin.py:137} INFO - [2023-04-17T08:52:20.977-0300] {dag.py:3452} INFO - Setting next_dagrun for example_python_operator to None, run_after=None
[2023-04-17T08:52:21.006-0300] {processor.py:175} INFO - Processing /home/pepino/.virtualenvs/apache_airflow/lib/python3.10/site-packages/airflow/example_dags/example_python_operator.py took 0.100 seconds
