[2023-04-17T08:49:55.225-0300] {processor.py:153} INFO - Started process (PID=80481) to work on /home/pepino/.virtualenvs/apache_airflow/lib/python3.10/site-packages/airflow/example_dags/example_latest_only_with_trigger.py
[2023-04-17T08:49:55.225-0300] {processor.py:743} INFO - Processing file /home/pepino/.virtualenvs/apache_airflow/lib/python3.10/site-packages/airflow/example_dags/example_latest_only_with_trigger.py for tasks to queue
[2023-04-17T08:49:55.226-0300] {logging_mixin.py:137} INFO - [2023-04-17T08:49:55.226-0300] {dagbag.py:532} INFO - Filling up the DagBag from /home/pepino/.virtualenvs/apache_airflow/lib/python3.10/site-packages/airflow/example_dags/example_latest_only_with_trigger.py
[2023-04-17T08:49:55.238-0300] {processor.py:753} INFO - DAG(s) dict_keys(['latest_only_with_trigger']) retrieved from /home/pepino/.virtualenvs/apache_airflow/lib/python3.10/site-packages/airflow/example_dags/example_latest_only_with_trigger.py
[2023-04-17T08:49:55.412-0300] {logging_mixin.py:137} INFO - [2023-04-17T08:49:55.412-0300] {manager.py:504} INFO - Created Permission View: can read on DAG:latest_only_with_trigger
[2023-04-17T08:49:55.440-0300] {logging_mixin.py:137} INFO - [2023-04-17T08:49:55.439-0300] {manager.py:504} INFO - Created Permission View: can edit on DAG:latest_only_with_trigger
[2023-04-17T08:49:55.468-0300] {logging_mixin.py:137} INFO - [2023-04-17T08:49:55.467-0300] {manager.py:504} INFO - Created Permission View: can delete on DAG:latest_only_with_trigger
[2023-04-17T08:49:55.468-0300] {logging_mixin.py:137} INFO - [2023-04-17T08:49:55.468-0300] {dag.py:2705} INFO - Sync 1 DAGs
[2023-04-17T08:49:55.476-0300] {logging_mixin.py:137} INFO - [2023-04-17T08:49:55.476-0300] {dag.py:2726} INFO - Creating ORM DAG for latest_only_with_trigger
[2023-04-17T08:49:55.480-0300] {logging_mixin.py:137} INFO - [2023-04-17T08:49:55.480-0300] {dag.py:3452} INFO - Setting next_dagrun for latest_only_with_trigger to 2023-04-17T07:49:55.480674+00:00, run_after=2023-04-17T11:49:55.480674+00:00
[2023-04-17T08:49:55.513-0300] {processor.py:175} INFO - Processing /home/pepino/.virtualenvs/apache_airflow/lib/python3.10/site-packages/airflow/example_dags/example_latest_only_with_trigger.py took 0.290 seconds
[2023-04-17T08:50:43.488-0300] {processor.py:153} INFO - Started process (PID=80574) to work on /home/pepino/.virtualenvs/apache_airflow/lib/python3.10/site-packages/airflow/example_dags/example_latest_only_with_trigger.py
[2023-04-17T08:50:43.496-0300] {processor.py:743} INFO - Processing file /home/pepino/.virtualenvs/apache_airflow/lib/python3.10/site-packages/airflow/example_dags/example_latest_only_with_trigger.py for tasks to queue
[2023-04-17T08:50:43.497-0300] {logging_mixin.py:137} INFO - [2023-04-17T08:50:43.497-0300] {dagbag.py:532} INFO - Filling up the DagBag from /home/pepino/.virtualenvs/apache_airflow/lib/python3.10/site-packages/airflow/example_dags/example_latest_only_with_trigger.py
[2023-04-17T08:50:43.505-0300] {processor.py:753} INFO - DAG(s) dict_keys(['latest_only_with_trigger']) retrieved from /home/pepino/.virtualenvs/apache_airflow/lib/python3.10/site-packages/airflow/example_dags/example_latest_only_with_trigger.py
[2023-04-17T08:50:43.516-0300] {logging_mixin.py:137} INFO - [2023-04-17T08:50:43.516-0300] {dag.py:2705} INFO - Sync 1 DAGs
[2023-04-17T08:50:43.529-0300] {logging_mixin.py:137} INFO - [2023-04-17T08:50:43.529-0300] {dag.py:3452} INFO - Setting next_dagrun for latest_only_with_trigger to 2023-04-17T07:50:43.528888+00:00, run_after=2023-04-17T11:50:43.528888+00:00
[2023-04-17T08:50:43.548-0300] {processor.py:175} INFO - Processing /home/pepino/.virtualenvs/apache_airflow/lib/python3.10/site-packages/airflow/example_dags/example_latest_only_with_trigger.py took 0.062 seconds
[2023-04-17T08:51:57.665-0300] {processor.py:153} INFO - Started process (PID=80701) to work on /home/pepino/.virtualenvs/apache_airflow/lib/python3.10/site-packages/airflow/example_dags/example_latest_only_with_trigger.py
[2023-04-17T08:51:57.671-0300] {processor.py:743} INFO - Processing file /home/pepino/.virtualenvs/apache_airflow/lib/python3.10/site-packages/airflow/example_dags/example_latest_only_with_trigger.py for tasks to queue
[2023-04-17T08:51:57.672-0300] {logging_mixin.py:137} INFO - [2023-04-17T08:51:57.672-0300] {dagbag.py:532} INFO - Filling up the DagBag from /home/pepino/.virtualenvs/apache_airflow/lib/python3.10/site-packages/airflow/example_dags/example_latest_only_with_trigger.py
[2023-04-17T08:51:57.685-0300] {processor.py:753} INFO - DAG(s) dict_keys(['latest_only_with_trigger']) retrieved from /home/pepino/.virtualenvs/apache_airflow/lib/python3.10/site-packages/airflow/example_dags/example_latest_only_with_trigger.py
[2023-04-17T08:51:57.696-0300] {logging_mixin.py:137} INFO - [2023-04-17T08:51:57.696-0300] {dag.py:2705} INFO - Sync 1 DAGs
[2023-04-17T08:51:57.706-0300] {logging_mixin.py:137} INFO - [2023-04-17T08:51:57.706-0300] {dag.py:3452} INFO - Setting next_dagrun for latest_only_with_trigger to 2023-04-17T07:51:57.706155+00:00, run_after=2023-04-17T11:51:57.706155+00:00
[2023-04-17T08:51:57.742-0300] {processor.py:175} INFO - Processing /home/pepino/.virtualenvs/apache_airflow/lib/python3.10/site-packages/airflow/example_dags/example_latest_only_with_trigger.py took 0.082 seconds
