[2023-04-17T08:49:48.495-0300] {processor.py:153} INFO - Started process (PID=80447) to work on /home/pepino/.virtualenvs/apache_airflow/lib/python3.10/site-packages/airflow/example_dags/example_complex.py
[2023-04-17T08:49:48.495-0300] {processor.py:743} INFO - Processing file /home/pepino/.virtualenvs/apache_airflow/lib/python3.10/site-packages/airflow/example_dags/example_complex.py for tasks to queue
[2023-04-17T08:49:48.496-0300] {logging_mixin.py:137} INFO - [2023-04-17T08:49:48.496-0300] {dagbag.py:532} INFO - Filling up the DagBag from /home/pepino/.virtualenvs/apache_airflow/lib/python3.10/site-packages/airflow/example_dags/example_complex.py
[2023-04-17T08:49:48.505-0300] {logging_mixin.py:137} INFO - [2023-04-17T08:49:48.505-0300] {taskmixin.py:211} WARNING - Dependency <Task(BashOperator): create_entry_group>, delete_entry_group already registered for DAG: example_complex
[2023-04-17T08:49:48.505-0300] {logging_mixin.py:137} INFO - [2023-04-17T08:49:48.505-0300] {taskmixin.py:211} WARNING - Dependency <Task(BashOperator): delete_entry_group>, create_entry_group already registered for DAG: example_complex
[2023-04-17T08:49:48.505-0300] {logging_mixin.py:137} INFO - [2023-04-17T08:49:48.505-0300] {taskmixin.py:211} WARNING - Dependency <Task(BashOperator): create_entry_gcs>, delete_entry already registered for DAG: example_complex
[2023-04-17T08:49:48.506-0300] {logging_mixin.py:137} INFO - [2023-04-17T08:49:48.506-0300] {taskmixin.py:211} WARNING - Dependency <Task(BashOperator): delete_entry>, create_entry_gcs already registered for DAG: example_complex
[2023-04-17T08:49:48.506-0300] {logging_mixin.py:137} INFO - [2023-04-17T08:49:48.506-0300] {taskmixin.py:211} WARNING - Dependency <Task(BashOperator): create_tag>, delete_tag already registered for DAG: example_complex
[2023-04-17T08:49:48.506-0300] {logging_mixin.py:137} INFO - [2023-04-17T08:49:48.506-0300] {taskmixin.py:211} WARNING - Dependency <Task(BashOperator): delete_tag>, create_tag already registered for DAG: example_complex
[2023-04-17T08:49:48.511-0300] {processor.py:753} INFO - DAG(s) dict_keys(['example_complex']) retrieved from /home/pepino/.virtualenvs/apache_airflow/lib/python3.10/site-packages/airflow/example_dags/example_complex.py
[2023-04-17T08:49:48.650-0300] {logging_mixin.py:137} INFO - [2023-04-17T08:49:48.650-0300] {manager.py:504} INFO - Created Permission View: can read on DAG:example_complex
[2023-04-17T08:49:48.668-0300] {logging_mixin.py:137} INFO - [2023-04-17T08:49:48.667-0300] {manager.py:504} INFO - Created Permission View: can edit on DAG:example_complex
[2023-04-17T08:49:48.685-0300] {logging_mixin.py:137} INFO - [2023-04-17T08:49:48.685-0300] {manager.py:504} INFO - Created Permission View: can delete on DAG:example_complex
[2023-04-17T08:49:48.686-0300] {logging_mixin.py:137} INFO - [2023-04-17T08:49:48.685-0300] {dag.py:2705} INFO - Sync 1 DAGs
[2023-04-17T08:49:48.697-0300] {logging_mixin.py:137} INFO - [2023-04-17T08:49:48.696-0300] {dag.py:2726} INFO - Creating ORM DAG for example_complex
[2023-04-17T08:49:48.701-0300] {logging_mixin.py:137} INFO - [2023-04-17T08:49:48.701-0300] {dag.py:3452} INFO - Setting next_dagrun for example_complex to None, run_after=None
[2023-04-17T08:49:48.742-0300] {processor.py:175} INFO - Processing /home/pepino/.virtualenvs/apache_airflow/lib/python3.10/site-packages/airflow/example_dags/example_complex.py took 0.251 seconds
[2023-04-17T08:50:37.446-0300] {processor.py:153} INFO - Started process (PID=80566) to work on /home/pepino/.virtualenvs/apache_airflow/lib/python3.10/site-packages/airflow/example_dags/example_complex.py
[2023-04-17T08:50:37.455-0300] {processor.py:743} INFO - Processing file /home/pepino/.virtualenvs/apache_airflow/lib/python3.10/site-packages/airflow/example_dags/example_complex.py for tasks to queue
[2023-04-17T08:50:37.455-0300] {logging_mixin.py:137} INFO - [2023-04-17T08:50:37.455-0300] {dagbag.py:532} INFO - Filling up the DagBag from /home/pepino/.virtualenvs/apache_airflow/lib/python3.10/site-packages/airflow/example_dags/example_complex.py
[2023-04-17T08:50:37.463-0300] {logging_mixin.py:137} INFO - [2023-04-17T08:50:37.463-0300] {taskmixin.py:211} WARNING - Dependency <Task(BashOperator): create_entry_group>, delete_entry_group already registered for DAG: example_complex
[2023-04-17T08:50:37.463-0300] {logging_mixin.py:137} INFO - [2023-04-17T08:50:37.463-0300] {taskmixin.py:211} WARNING - Dependency <Task(BashOperator): delete_entry_group>, create_entry_group already registered for DAG: example_complex
[2023-04-17T08:50:37.463-0300] {logging_mixin.py:137} INFO - [2023-04-17T08:50:37.463-0300] {taskmixin.py:211} WARNING - Dependency <Task(BashOperator): create_entry_gcs>, delete_entry already registered for DAG: example_complex
[2023-04-17T08:50:37.463-0300] {logging_mixin.py:137} INFO - [2023-04-17T08:50:37.463-0300] {taskmixin.py:211} WARNING - Dependency <Task(BashOperator): delete_entry>, create_entry_gcs already registered for DAG: example_complex
[2023-04-17T08:50:37.463-0300] {logging_mixin.py:137} INFO - [2023-04-17T08:50:37.463-0300] {taskmixin.py:211} WARNING - Dependency <Task(BashOperator): create_tag>, delete_tag already registered for DAG: example_complex
[2023-04-17T08:50:37.463-0300] {logging_mixin.py:137} INFO - [2023-04-17T08:50:37.463-0300] {taskmixin.py:211} WARNING - Dependency <Task(BashOperator): delete_tag>, create_tag already registered for DAG: example_complex
[2023-04-17T08:50:37.467-0300] {processor.py:753} INFO - DAG(s) dict_keys(['example_complex']) retrieved from /home/pepino/.virtualenvs/apache_airflow/lib/python3.10/site-packages/airflow/example_dags/example_complex.py
[2023-04-17T08:50:37.481-0300] {logging_mixin.py:137} INFO - [2023-04-17T08:50:37.481-0300] {dag.py:2705} INFO - Sync 1 DAGs
[2023-04-17T08:50:37.492-0300] {logging_mixin.py:137} INFO - [2023-04-17T08:50:37.492-0300] {dag.py:3452} INFO - Setting next_dagrun for example_complex to None, run_after=None
[2023-04-17T08:50:37.521-0300] {processor.py:175} INFO - Processing /home/pepino/.virtualenvs/apache_airflow/lib/python3.10/site-packages/airflow/example_dags/example_complex.py took 0.076 seconds
[2023-04-17T08:51:52.278-0300] {processor.py:153} INFO - Started process (PID=80685) to work on /home/pepino/.virtualenvs/apache_airflow/lib/python3.10/site-packages/airflow/example_dags/example_complex.py
[2023-04-17T08:51:52.286-0300] {processor.py:743} INFO - Processing file /home/pepino/.virtualenvs/apache_airflow/lib/python3.10/site-packages/airflow/example_dags/example_complex.py for tasks to queue
[2023-04-17T08:51:52.288-0300] {logging_mixin.py:137} INFO - [2023-04-17T08:51:52.287-0300] {dagbag.py:532} INFO - Filling up the DagBag from /home/pepino/.virtualenvs/apache_airflow/lib/python3.10/site-packages/airflow/example_dags/example_complex.py
[2023-04-17T08:51:52.300-0300] {logging_mixin.py:137} INFO - [2023-04-17T08:51:52.300-0300] {taskmixin.py:211} WARNING - Dependency <Task(BashOperator): create_entry_group>, delete_entry_group already registered for DAG: example_complex
[2023-04-17T08:51:52.300-0300] {logging_mixin.py:137} INFO - [2023-04-17T08:51:52.300-0300] {taskmixin.py:211} WARNING - Dependency <Task(BashOperator): delete_entry_group>, create_entry_group already registered for DAG: example_complex
[2023-04-17T08:51:52.301-0300] {logging_mixin.py:137} INFO - [2023-04-17T08:51:52.300-0300] {taskmixin.py:211} WARNING - Dependency <Task(BashOperator): create_entry_gcs>, delete_entry already registered for DAG: example_complex
[2023-04-17T08:51:52.301-0300] {logging_mixin.py:137} INFO - [2023-04-17T08:51:52.301-0300] {taskmixin.py:211} WARNING - Dependency <Task(BashOperator): delete_entry>, create_entry_gcs already registered for DAG: example_complex
[2023-04-17T08:51:52.301-0300] {logging_mixin.py:137} INFO - [2023-04-17T08:51:52.301-0300] {taskmixin.py:211} WARNING - Dependency <Task(BashOperator): create_tag>, delete_tag already registered for DAG: example_complex
[2023-04-17T08:51:52.301-0300] {logging_mixin.py:137} INFO - [2023-04-17T08:51:52.301-0300] {taskmixin.py:211} WARNING - Dependency <Task(BashOperator): delete_tag>, create_tag already registered for DAG: example_complex
[2023-04-17T08:51:52.305-0300] {processor.py:753} INFO - DAG(s) dict_keys(['example_complex']) retrieved from /home/pepino/.virtualenvs/apache_airflow/lib/python3.10/site-packages/airflow/example_dags/example_complex.py
[2023-04-17T08:51:52.321-0300] {logging_mixin.py:137} INFO - [2023-04-17T08:51:52.321-0300] {dag.py:2705} INFO - Sync 1 DAGs
[2023-04-17T08:51:52.330-0300] {logging_mixin.py:137} INFO - [2023-04-17T08:51:52.330-0300] {dag.py:3452} INFO - Setting next_dagrun for example_complex to None, run_after=None
[2023-04-17T08:51:52.371-0300] {processor.py:175} INFO - Processing /home/pepino/.virtualenvs/apache_airflow/lib/python3.10/site-packages/airflow/example_dags/example_complex.py took 0.096 seconds
