[2023-04-17T08:49:57.896-0300] {processor.py:153} INFO - Started process (PID=80489) to work on /home/pepino/.virtualenvs/apache_airflow/lib/python3.10/site-packages/airflow/example_dags/example_datasets.py
[2023-04-17T08:49:57.897-0300] {processor.py:743} INFO - Processing file /home/pepino/.virtualenvs/apache_airflow/lib/python3.10/site-packages/airflow/example_dags/example_datasets.py for tasks to queue
[2023-04-17T08:49:57.898-0300] {logging_mixin.py:137} INFO - [2023-04-17T08:49:57.898-0300] {dagbag.py:532} INFO - Filling up the DagBag from /home/pepino/.virtualenvs/apache_airflow/lib/python3.10/site-packages/airflow/example_dags/example_datasets.py
[2023-04-17T08:49:57.912-0300] {processor.py:753} INFO - DAG(s) dict_keys(['dataset_produces_1', 'dataset_consumes_1_and_2', 'dataset_produces_2', 'dataset_consumes_unknown_never_scheduled', 'dataset_consumes_1_never_scheduled', 'dataset_consumes_1']) retrieved from /home/pepino/.virtualenvs/apache_airflow/lib/python3.10/site-packages/airflow/example_dags/example_datasets.py
[2023-04-17T08:49:58.042-0300] {logging_mixin.py:137} INFO - [2023-04-17T08:49:58.042-0300] {manager.py:504} INFO - Created Permission View: can read on DAG:dataset_produces_1
[2023-04-17T08:49:58.058-0300] {logging_mixin.py:137} INFO - [2023-04-17T08:49:58.058-0300] {manager.py:504} INFO - Created Permission View: can edit on DAG:dataset_produces_1
[2023-04-17T08:49:58.073-0300] {logging_mixin.py:137} INFO - [2023-04-17T08:49:58.073-0300] {manager.py:504} INFO - Created Permission View: can delete on DAG:dataset_produces_1
[2023-04-17T08:49:58.107-0300] {logging_mixin.py:137} INFO - [2023-04-17T08:49:58.107-0300] {manager.py:504} INFO - Created Permission View: can read on DAG:dataset_consumes_1_and_2
[2023-04-17T08:49:58.125-0300] {logging_mixin.py:137} INFO - [2023-04-17T08:49:58.125-0300] {manager.py:504} INFO - Created Permission View: can edit on DAG:dataset_consumes_1_and_2
[2023-04-17T08:49:58.154-0300] {logging_mixin.py:137} INFO - [2023-04-17T08:49:58.154-0300] {manager.py:504} INFO - Created Permission View: can delete on DAG:dataset_consumes_1_and_2
[2023-04-17T08:49:58.192-0300] {logging_mixin.py:137} INFO - [2023-04-17T08:49:58.192-0300] {manager.py:504} INFO - Created Permission View: can read on DAG:dataset_produces_2
[2023-04-17T08:49:58.336-0300] {logging_mixin.py:137} INFO - [2023-04-17T08:49:58.336-0300] {manager.py:504} INFO - Created Permission View: can edit on DAG:dataset_produces_2
[2023-04-17T08:49:58.384-0300] {logging_mixin.py:137} INFO - [2023-04-17T08:49:58.384-0300] {manager.py:504} INFO - Created Permission View: can delete on DAG:dataset_produces_2
[2023-04-17T08:49:58.438-0300] {logging_mixin.py:137} INFO - [2023-04-17T08:49:58.438-0300] {manager.py:504} INFO - Created Permission View: can read on DAG:dataset_consumes_unknown_never_scheduled
[2023-04-17T08:49:58.638-0300] {logging_mixin.py:137} INFO - [2023-04-17T08:49:58.638-0300] {manager.py:504} INFO - Created Permission View: can edit on DAG:dataset_consumes_unknown_never_scheduled
[2023-04-17T08:49:58.664-0300] {logging_mixin.py:137} INFO - [2023-04-17T08:49:58.664-0300] {manager.py:504} INFO - Created Permission View: can delete on DAG:dataset_consumes_unknown_never_scheduled
[2023-04-17T08:49:58.701-0300] {logging_mixin.py:137} INFO - [2023-04-17T08:49:58.700-0300] {manager.py:504} INFO - Created Permission View: can read on DAG:dataset_consumes_1_never_scheduled
[2023-04-17T08:49:58.717-0300] {logging_mixin.py:137} INFO - [2023-04-17T08:49:58.717-0300] {manager.py:504} INFO - Created Permission View: can edit on DAG:dataset_consumes_1_never_scheduled
[2023-04-17T08:49:58.735-0300] {logging_mixin.py:137} INFO - [2023-04-17T08:49:58.735-0300] {manager.py:504} INFO - Created Permission View: can delete on DAG:dataset_consumes_1_never_scheduled
[2023-04-17T08:49:58.779-0300] {logging_mixin.py:137} INFO - [2023-04-17T08:49:58.778-0300] {manager.py:504} INFO - Created Permission View: can read on DAG:dataset_consumes_1
[2023-04-17T08:49:58.791-0300] {logging_mixin.py:137} INFO - [2023-04-17T08:49:58.791-0300] {manager.py:504} INFO - Created Permission View: can edit on DAG:dataset_consumes_1
[2023-04-17T08:49:58.813-0300] {logging_mixin.py:137} INFO - [2023-04-17T08:49:58.813-0300] {manager.py:504} INFO - Created Permission View: can delete on DAG:dataset_consumes_1
[2023-04-17T08:49:58.813-0300] {logging_mixin.py:137} INFO - [2023-04-17T08:49:58.813-0300] {dag.py:2705} INFO - Sync 6 DAGs
[2023-04-17T08:49:58.826-0300] {logging_mixin.py:137} INFO - [2023-04-17T08:49:58.826-0300] {dag.py:2726} INFO - Creating ORM DAG for dataset_consumes_1
[2023-04-17T08:49:58.826-0300] {logging_mixin.py:137} INFO - [2023-04-17T08:49:58.826-0300] {dag.py:2726} INFO - Creating ORM DAG for dataset_produces_1
[2023-04-17T08:49:58.826-0300] {logging_mixin.py:137} INFO - [2023-04-17T08:49:58.826-0300] {dag.py:2726} INFO - Creating ORM DAG for dataset_produces_2
[2023-04-17T08:49:58.827-0300] {logging_mixin.py:137} INFO - [2023-04-17T08:49:58.827-0300] {dag.py:2726} INFO - Creating ORM DAG for dataset_consumes_1_and_2
[2023-04-17T08:49:58.827-0300] {logging_mixin.py:137} INFO - [2023-04-17T08:49:58.827-0300] {dag.py:2726} INFO - Creating ORM DAG for dataset_consumes_1_never_scheduled
[2023-04-17T08:49:58.827-0300] {logging_mixin.py:137} INFO - [2023-04-17T08:49:58.827-0300] {dag.py:2726} INFO - Creating ORM DAG for dataset_consumes_unknown_never_scheduled
[2023-04-17T08:49:58.832-0300] {logging_mixin.py:137} INFO - [2023-04-17T08:49:58.832-0300] {dag.py:3452} INFO - Setting next_dagrun for dataset_consumes_1 to None, run_after=None
[2023-04-17T08:49:58.833-0300] {logging_mixin.py:137} INFO - [2023-04-17T08:49:58.832-0300] {dag.py:3452} INFO - Setting next_dagrun for dataset_consumes_1_and_2 to None, run_after=None
[2023-04-17T08:49:58.833-0300] {logging_mixin.py:137} INFO - [2023-04-17T08:49:58.833-0300] {dag.py:3452} INFO - Setting next_dagrun for dataset_consumes_1_never_scheduled to None, run_after=None
[2023-04-17T08:49:58.833-0300] {logging_mixin.py:137} INFO - [2023-04-17T08:49:58.833-0300] {dag.py:3452} INFO - Setting next_dagrun for dataset_consumes_unknown_never_scheduled to None, run_after=None
[2023-04-17T08:49:58.834-0300] {logging_mixin.py:137} INFO - [2023-04-17T08:49:58.834-0300] {dag.py:3452} INFO - Setting next_dagrun for dataset_produces_1 to 2023-04-16T00:00:00+00:00, run_after=2023-04-17T00:00:00+00:00
[2023-04-17T08:49:58.834-0300] {logging_mixin.py:137} INFO - [2023-04-17T08:49:58.834-0300] {dag.py:3452} INFO - Setting next_dagrun for dataset_produces_2 to None, run_after=None
[2023-04-17T08:49:59.102-0300] {processor.py:175} INFO - Processing /home/pepino/.virtualenvs/apache_airflow/lib/python3.10/site-packages/airflow/example_dags/example_datasets.py took 1.209 seconds
[2023-04-17T08:50:45.898-0300] {processor.py:153} INFO - Started process (PID=80578) to work on /home/pepino/.virtualenvs/apache_airflow/lib/python3.10/site-packages/airflow/example_dags/example_datasets.py
[2023-04-17T08:50:45.907-0300] {processor.py:743} INFO - Processing file /home/pepino/.virtualenvs/apache_airflow/lib/python3.10/site-packages/airflow/example_dags/example_datasets.py for tasks to queue
[2023-04-17T08:50:45.908-0300] {logging_mixin.py:137} INFO - [2023-04-17T08:50:45.908-0300] {dagbag.py:532} INFO - Filling up the DagBag from /home/pepino/.virtualenvs/apache_airflow/lib/python3.10/site-packages/airflow/example_dags/example_datasets.py
[2023-04-17T08:50:45.923-0300] {processor.py:753} INFO - DAG(s) dict_keys(['dataset_consumes_1_and_2', 'dataset_produces_1', 'dataset_consumes_1_never_scheduled', 'dataset_consumes_unknown_never_scheduled', 'dataset_produces_2', 'dataset_consumes_1']) retrieved from /home/pepino/.virtualenvs/apache_airflow/lib/python3.10/site-packages/airflow/example_dags/example_datasets.py
[2023-04-17T08:50:45.939-0300] {logging_mixin.py:137} INFO - [2023-04-17T08:50:45.939-0300] {dag.py:2705} INFO - Sync 6 DAGs
[2023-04-17T08:50:45.951-0300] {logging_mixin.py:137} INFO - [2023-04-17T08:50:45.951-0300] {dag.py:3452} INFO - Setting next_dagrun for dataset_consumes_1 to None, run_after=None
[2023-04-17T08:50:45.953-0300] {logging_mixin.py:137} INFO - [2023-04-17T08:50:45.953-0300] {dag.py:3452} INFO - Setting next_dagrun for dataset_consumes_1_and_2 to None, run_after=None
[2023-04-17T08:50:45.953-0300] {logging_mixin.py:137} INFO - [2023-04-17T08:50:45.953-0300] {dag.py:3452} INFO - Setting next_dagrun for dataset_consumes_1_never_scheduled to None, run_after=None
[2023-04-17T08:50:45.954-0300] {logging_mixin.py:137} INFO - [2023-04-17T08:50:45.953-0300] {dag.py:3452} INFO - Setting next_dagrun for dataset_consumes_unknown_never_scheduled to None, run_after=None
[2023-04-17T08:50:45.955-0300] {logging_mixin.py:137} INFO - [2023-04-17T08:50:45.955-0300] {dag.py:3452} INFO - Setting next_dagrun for dataset_produces_1 to 2023-04-16T00:00:00+00:00, run_after=2023-04-17T00:00:00+00:00
[2023-04-17T08:50:45.955-0300] {logging_mixin.py:137} INFO - [2023-04-17T08:50:45.955-0300] {dag.py:3452} INFO - Setting next_dagrun for dataset_produces_2 to None, run_after=None
[2023-04-17T08:50:46.057-0300] {processor.py:175} INFO - Processing /home/pepino/.virtualenvs/apache_airflow/lib/python3.10/site-packages/airflow/example_dags/example_datasets.py took 0.161 seconds
[2023-04-17T08:51:58.982-0300] {processor.py:153} INFO - Started process (PID=80704) to work on /home/pepino/.virtualenvs/apache_airflow/lib/python3.10/site-packages/airflow/example_dags/example_datasets.py
[2023-04-17T08:51:58.990-0300] {processor.py:743} INFO - Processing file /home/pepino/.virtualenvs/apache_airflow/lib/python3.10/site-packages/airflow/example_dags/example_datasets.py for tasks to queue
[2023-04-17T08:51:58.991-0300] {logging_mixin.py:137} INFO - [2023-04-17T08:51:58.991-0300] {dagbag.py:532} INFO - Filling up the DagBag from /home/pepino/.virtualenvs/apache_airflow/lib/python3.10/site-packages/airflow/example_dags/example_datasets.py
[2023-04-17T08:51:59.005-0300] {processor.py:753} INFO - DAG(s) dict_keys(['dataset_consumes_1', 'dataset_consumes_1_and_2', 'dataset_consumes_1_never_scheduled', 'dataset_produces_2', 'dataset_consumes_unknown_never_scheduled', 'dataset_produces_1']) retrieved from /home/pepino/.virtualenvs/apache_airflow/lib/python3.10/site-packages/airflow/example_dags/example_datasets.py
[2023-04-17T08:51:59.039-0300] {logging_mixin.py:137} INFO - [2023-04-17T08:51:59.038-0300] {dag.py:2705} INFO - Sync 6 DAGs
[2023-04-17T08:51:59.047-0300] {logging_mixin.py:137} INFO - [2023-04-17T08:51:59.047-0300] {dag.py:3452} INFO - Setting next_dagrun for dataset_consumes_1 to None, run_after=None
[2023-04-17T08:51:59.049-0300] {logging_mixin.py:137} INFO - [2023-04-17T08:51:59.049-0300] {dag.py:3452} INFO - Setting next_dagrun for dataset_consumes_1_and_2 to None, run_after=None
[2023-04-17T08:51:59.050-0300] {logging_mixin.py:137} INFO - [2023-04-17T08:51:59.049-0300] {dag.py:3452} INFO - Setting next_dagrun for dataset_consumes_1_never_scheduled to None, run_after=None
[2023-04-17T08:51:59.050-0300] {logging_mixin.py:137} INFO - [2023-04-17T08:51:59.050-0300] {dag.py:3452} INFO - Setting next_dagrun for dataset_consumes_unknown_never_scheduled to None, run_after=None
[2023-04-17T08:51:59.052-0300] {logging_mixin.py:137} INFO - [2023-04-17T08:51:59.051-0300] {dag.py:3452} INFO - Setting next_dagrun for dataset_produces_1 to 2023-04-16T00:00:00+00:00, run_after=2023-04-17T00:00:00+00:00
[2023-04-17T08:51:59.052-0300] {logging_mixin.py:137} INFO - [2023-04-17T08:51:59.052-0300] {dag.py:3452} INFO - Setting next_dagrun for dataset_produces_2 to None, run_after=None
[2023-04-17T08:51:59.090-0300] {processor.py:175} INFO - Processing /home/pepino/.virtualenvs/apache_airflow/lib/python3.10/site-packages/airflow/example_dags/example_datasets.py took 0.113 seconds
