[2023-04-17T08:49:53.840-0300] {processor.py:153} INFO - Started process (PID=80471) to work on /home/pepino/.virtualenvs/apache_airflow/lib/python3.10/site-packages/airflow/example_dags/example_sensor_decorator.py
[2023-04-17T08:49:53.841-0300] {processor.py:743} INFO - Processing file /home/pepino/.virtualenvs/apache_airflow/lib/python3.10/site-packages/airflow/example_dags/example_sensor_decorator.py for tasks to queue
[2023-04-17T08:49:53.841-0300] {logging_mixin.py:137} INFO - [2023-04-17T08:49:53.841-0300] {dagbag.py:532} INFO - Filling up the DagBag from /home/pepino/.virtualenvs/apache_airflow/lib/python3.10/site-packages/airflow/example_dags/example_sensor_decorator.py
[2023-04-17T08:49:53.855-0300] {processor.py:753} INFO - DAG(s) dict_keys(['example_sensor_decorator']) retrieved from /home/pepino/.virtualenvs/apache_airflow/lib/python3.10/site-packages/airflow/example_dags/example_sensor_decorator.py
[2023-04-17T08:49:54.025-0300] {logging_mixin.py:137} INFO - [2023-04-17T08:49:54.025-0300] {manager.py:504} INFO - Created Permission View: can read on DAG:example_sensor_decorator
[2023-04-17T08:49:54.044-0300] {logging_mixin.py:137} INFO - [2023-04-17T08:49:54.044-0300] {manager.py:504} INFO - Created Permission View: can edit on DAG:example_sensor_decorator
[2023-04-17T08:49:54.070-0300] {logging_mixin.py:137} INFO - [2023-04-17T08:49:54.069-0300] {manager.py:504} INFO - Created Permission View: can delete on DAG:example_sensor_decorator
[2023-04-17T08:49:54.070-0300] {logging_mixin.py:137} INFO - [2023-04-17T08:49:54.070-0300] {dag.py:2705} INFO - Sync 1 DAGs
[2023-04-17T08:49:54.081-0300] {logging_mixin.py:137} INFO - [2023-04-17T08:49:54.080-0300] {dag.py:2726} INFO - Creating ORM DAG for example_sensor_decorator
[2023-04-17T08:49:54.086-0300] {logging_mixin.py:137} INFO - [2023-04-17T08:49:54.086-0300] {dag.py:3452} INFO - Setting next_dagrun for example_sensor_decorator to None, run_after=None
[2023-04-17T08:49:54.110-0300] {processor.py:175} INFO - Processing /home/pepino/.virtualenvs/apache_airflow/lib/python3.10/site-packages/airflow/example_dags/example_sensor_decorator.py took 0.272 seconds
[2023-04-17T08:50:42.630-0300] {processor.py:153} INFO - Started process (PID=80573) to work on /home/pepino/.virtualenvs/apache_airflow/lib/python3.10/site-packages/airflow/example_dags/example_sensor_decorator.py
[2023-04-17T08:50:42.639-0300] {processor.py:743} INFO - Processing file /home/pepino/.virtualenvs/apache_airflow/lib/python3.10/site-packages/airflow/example_dags/example_sensor_decorator.py for tasks to queue
[2023-04-17T08:50:42.640-0300] {logging_mixin.py:137} INFO - [2023-04-17T08:50:42.640-0300] {dagbag.py:532} INFO - Filling up the DagBag from /home/pepino/.virtualenvs/apache_airflow/lib/python3.10/site-packages/airflow/example_dags/example_sensor_decorator.py
[2023-04-17T08:50:42.659-0300] {processor.py:753} INFO - DAG(s) dict_keys(['example_sensor_decorator']) retrieved from /home/pepino/.virtualenvs/apache_airflow/lib/python3.10/site-packages/airflow/example_dags/example_sensor_decorator.py
[2023-04-17T08:50:42.669-0300] {logging_mixin.py:137} INFO - [2023-04-17T08:50:42.669-0300] {dag.py:2705} INFO - Sync 1 DAGs
[2023-04-17T08:50:42.678-0300] {logging_mixin.py:137} INFO - [2023-04-17T08:50:42.678-0300] {dag.py:3452} INFO - Setting next_dagrun for example_sensor_decorator to None, run_after=None
[2023-04-17T08:50:42.783-0300] {processor.py:175} INFO - Processing /home/pepino/.virtualenvs/apache_airflow/lib/python3.10/site-packages/airflow/example_dags/example_sensor_decorator.py took 0.157 seconds
[2023-04-17T08:51:57.237-0300] {processor.py:153} INFO - Started process (PID=80692) to work on /home/pepino/.virtualenvs/apache_airflow/lib/python3.10/site-packages/airflow/example_dags/example_sensor_decorator.py
[2023-04-17T08:51:57.247-0300] {processor.py:743} INFO - Processing file /home/pepino/.virtualenvs/apache_airflow/lib/python3.10/site-packages/airflow/example_dags/example_sensor_decorator.py for tasks to queue
[2023-04-17T08:51:57.248-0300] {logging_mixin.py:137} INFO - [2023-04-17T08:51:57.247-0300] {dagbag.py:532} INFO - Filling up the DagBag from /home/pepino/.virtualenvs/apache_airflow/lib/python3.10/site-packages/airflow/example_dags/example_sensor_decorator.py
[2023-04-17T08:51:57.270-0300] {processor.py:753} INFO - DAG(s) dict_keys(['example_sensor_decorator']) retrieved from /home/pepino/.virtualenvs/apache_airflow/lib/python3.10/site-packages/airflow/example_dags/example_sensor_decorator.py
[2023-04-17T08:51:57.279-0300] {logging_mixin.py:137} INFO - [2023-04-17T08:51:57.279-0300] {dag.py:2705} INFO - Sync 1 DAGs
[2023-04-17T08:51:57.289-0300] {logging_mixin.py:137} INFO - [2023-04-17T08:51:57.289-0300] {dag.py:3452} INFO - Setting next_dagrun for example_sensor_decorator to None, run_after=None
[2023-04-17T08:51:57.307-0300] {processor.py:175} INFO - Processing /home/pepino/.virtualenvs/apache_airflow/lib/python3.10/site-packages/airflow/example_dags/example_sensor_decorator.py took 0.074 seconds
