[2023-04-17T08:50:03.839-0300] {processor.py:153} INFO - Started process (PID=80503) to work on /home/pepino/.virtualenvs/apache_airflow/lib/python3.10/site-packages/airflow/example_dags/example_short_circuit_decorator.py
[2023-04-17T08:50:03.840-0300] {processor.py:743} INFO - Processing file /home/pepino/.virtualenvs/apache_airflow/lib/python3.10/site-packages/airflow/example_dags/example_short_circuit_decorator.py for tasks to queue
[2023-04-17T08:50:03.840-0300] {logging_mixin.py:137} INFO - [2023-04-17T08:50:03.840-0300] {dagbag.py:532} INFO - Filling up the DagBag from /home/pepino/.virtualenvs/apache_airflow/lib/python3.10/site-packages/airflow/example_dags/example_short_circuit_decorator.py
[2023-04-17T08:50:03.857-0300] {processor.py:753} INFO - DAG(s) dict_keys(['example_short_circuit_decorator']) retrieved from /home/pepino/.virtualenvs/apache_airflow/lib/python3.10/site-packages/airflow/example_dags/example_short_circuit_decorator.py
[2023-04-17T08:50:04.023-0300] {logging_mixin.py:137} INFO - [2023-04-17T08:50:04.023-0300] {manager.py:504} INFO - Created Permission View: can read on DAG:example_short_circuit_decorator
[2023-04-17T08:50:04.051-0300] {logging_mixin.py:137} INFO - [2023-04-17T08:50:04.051-0300] {manager.py:504} INFO - Created Permission View: can edit on DAG:example_short_circuit_decorator
[2023-04-17T08:50:04.075-0300] {logging_mixin.py:137} INFO - [2023-04-17T08:50:04.075-0300] {manager.py:504} INFO - Created Permission View: can delete on DAG:example_short_circuit_decorator
[2023-04-17T08:50:04.075-0300] {logging_mixin.py:137} INFO - [2023-04-17T08:50:04.075-0300] {dag.py:2705} INFO - Sync 1 DAGs
[2023-04-17T08:50:04.086-0300] {logging_mixin.py:137} INFO - [2023-04-17T08:50:04.086-0300] {dag.py:2726} INFO - Creating ORM DAG for example_short_circuit_decorator
[2023-04-17T08:50:04.092-0300] {logging_mixin.py:137} INFO - [2023-04-17T08:50:04.092-0300] {dag.py:3452} INFO - Setting next_dagrun for example_short_circuit_decorator to 2023-04-16T11:50:04.091854+00:00, run_after=2023-04-17T11:50:04.091854+00:00
[2023-04-17T08:50:04.113-0300] {processor.py:175} INFO - Processing /home/pepino/.virtualenvs/apache_airflow/lib/python3.10/site-packages/airflow/example_dags/example_short_circuit_decorator.py took 0.276 seconds
[2023-04-17T08:50:50.174-0300] {processor.py:153} INFO - Started process (PID=80592) to work on /home/pepino/.virtualenvs/apache_airflow/lib/python3.10/site-packages/airflow/example_dags/example_short_circuit_decorator.py
[2023-04-17T08:50:50.183-0300] {processor.py:743} INFO - Processing file /home/pepino/.virtualenvs/apache_airflow/lib/python3.10/site-packages/airflow/example_dags/example_short_circuit_decorator.py for tasks to queue
[2023-04-17T08:50:50.184-0300] {logging_mixin.py:137} INFO - [2023-04-17T08:50:50.184-0300] {dagbag.py:532} INFO - Filling up the DagBag from /home/pepino/.virtualenvs/apache_airflow/lib/python3.10/site-packages/airflow/example_dags/example_short_circuit_decorator.py
[2023-04-17T08:50:50.205-0300] {processor.py:753} INFO - DAG(s) dict_keys(['example_short_circuit_decorator']) retrieved from /home/pepino/.virtualenvs/apache_airflow/lib/python3.10/site-packages/airflow/example_dags/example_short_circuit_decorator.py
[2023-04-17T08:50:50.215-0300] {logging_mixin.py:137} INFO - [2023-04-17T08:50:50.215-0300] {dag.py:2705} INFO - Sync 1 DAGs
[2023-04-17T08:50:50.227-0300] {logging_mixin.py:137} INFO - [2023-04-17T08:50:50.227-0300] {dag.py:3452} INFO - Setting next_dagrun for example_short_circuit_decorator to 2023-04-16T11:50:50.227539+00:00, run_after=2023-04-17T11:50:50.227539+00:00
[2023-04-17T08:50:50.333-0300] {processor.py:175} INFO - Processing /home/pepino/.virtualenvs/apache_airflow/lib/python3.10/site-packages/airflow/example_dags/example_short_circuit_decorator.py took 0.162 seconds
[2023-04-17T08:52:02.661-0300] {processor.py:153} INFO - Started process (PID=80709) to work on /home/pepino/.virtualenvs/apache_airflow/lib/python3.10/site-packages/airflow/example_dags/example_short_circuit_decorator.py
[2023-04-17T08:52:02.662-0300] {processor.py:743} INFO - Processing file /home/pepino/.virtualenvs/apache_airflow/lib/python3.10/site-packages/airflow/example_dags/example_short_circuit_decorator.py for tasks to queue
[2023-04-17T08:52:02.662-0300] {logging_mixin.py:137} INFO - [2023-04-17T08:52:02.662-0300] {dagbag.py:532} INFO - Filling up the DagBag from /home/pepino/.virtualenvs/apache_airflow/lib/python3.10/site-packages/airflow/example_dags/example_short_circuit_decorator.py
[2023-04-17T08:52:02.685-0300] {processor.py:753} INFO - DAG(s) dict_keys(['example_short_circuit_decorator']) retrieved from /home/pepino/.virtualenvs/apache_airflow/lib/python3.10/site-packages/airflow/example_dags/example_short_circuit_decorator.py
[2023-04-17T08:52:02.696-0300] {logging_mixin.py:137} INFO - [2023-04-17T08:52:02.695-0300] {dag.py:2705} INFO - Sync 1 DAGs
[2023-04-17T08:52:02.708-0300] {logging_mixin.py:137} INFO - [2023-04-17T08:52:02.708-0300] {dag.py:3452} INFO - Setting next_dagrun for example_short_circuit_decorator to 2023-04-16T11:52:02.708265+00:00, run_after=2023-04-17T11:52:02.708265+00:00
[2023-04-17T08:52:02.726-0300] {processor.py:175} INFO - Processing /home/pepino/.virtualenvs/apache_airflow/lib/python3.10/site-packages/airflow/example_dags/example_short_circuit_decorator.py took 0.068 seconds
