[2023-04-17T08:49:44.657-0300] {processor.py:153} INFO - Started process (PID=80421) to work on /home/pepino/.virtualenvs/apache_airflow/lib/python3.10/site-packages/airflow/example_dags/example_branch_labels.py
[2023-04-17T08:49:44.658-0300] {processor.py:743} INFO - Processing file /home/pepino/.virtualenvs/apache_airflow/lib/python3.10/site-packages/airflow/example_dags/example_branch_labels.py for tasks to queue
[2023-04-17T08:49:44.659-0300] {logging_mixin.py:137} INFO - [2023-04-17T08:49:44.659-0300] {dagbag.py:532} INFO - Filling up the DagBag from /home/pepino/.virtualenvs/apache_airflow/lib/python3.10/site-packages/airflow/example_dags/example_branch_labels.py
[2023-04-17T08:49:44.671-0300] {processor.py:753} INFO - DAG(s) dict_keys(['example_branch_labels']) retrieved from /home/pepino/.virtualenvs/apache_airflow/lib/python3.10/site-packages/airflow/example_dags/example_branch_labels.py
[2023-04-17T08:49:44.810-0300] {logging_mixin.py:137} INFO - [2023-04-17T08:49:44.810-0300] {manager.py:504} INFO - Created Permission View: can read on DAG:example_branch_labels
[2023-04-17T08:49:44.835-0300] {logging_mixin.py:137} INFO - [2023-04-17T08:49:44.834-0300] {manager.py:504} INFO - Created Permission View: can edit on DAG:example_branch_labels
[2023-04-17T08:49:44.863-0300] {logging_mixin.py:137} INFO - [2023-04-17T08:49:44.863-0300] {manager.py:504} INFO - Created Permission View: can delete on DAG:example_branch_labels
[2023-04-17T08:49:44.864-0300] {logging_mixin.py:137} INFO - [2023-04-17T08:49:44.864-0300] {dag.py:2705} INFO - Sync 1 DAGs
[2023-04-17T08:49:44.876-0300] {logging_mixin.py:137} INFO - [2023-04-17T08:49:44.876-0300] {dag.py:2726} INFO - Creating ORM DAG for example_branch_labels
[2023-04-17T08:49:44.881-0300] {logging_mixin.py:137} INFO - [2023-04-17T08:49:44.881-0300] {dag.py:3452} INFO - Setting next_dagrun for example_branch_labels to 2023-04-16T00:00:00+00:00, run_after=2023-04-17T00:00:00+00:00
[2023-04-17T08:49:44.903-0300] {processor.py:175} INFO - Processing /home/pepino/.virtualenvs/apache_airflow/lib/python3.10/site-packages/airflow/example_dags/example_branch_labels.py took 0.250 seconds
[2023-04-17T08:50:34.595-0300] {processor.py:153} INFO - Started process (PID=80557) to work on /home/pepino/.virtualenvs/apache_airflow/lib/python3.10/site-packages/airflow/example_dags/example_branch_labels.py
[2023-04-17T08:50:34.603-0300] {processor.py:743} INFO - Processing file /home/pepino/.virtualenvs/apache_airflow/lib/python3.10/site-packages/airflow/example_dags/example_branch_labels.py for tasks to queue
[2023-04-17T08:50:34.604-0300] {logging_mixin.py:137} INFO - [2023-04-17T08:50:34.604-0300] {dagbag.py:532} INFO - Filling up the DagBag from /home/pepino/.virtualenvs/apache_airflow/lib/python3.10/site-packages/airflow/example_dags/example_branch_labels.py
[2023-04-17T08:50:34.614-0300] {processor.py:753} INFO - DAG(s) dict_keys(['example_branch_labels']) retrieved from /home/pepino/.virtualenvs/apache_airflow/lib/python3.10/site-packages/airflow/example_dags/example_branch_labels.py
[2023-04-17T08:50:34.625-0300] {logging_mixin.py:137} INFO - [2023-04-17T08:50:34.625-0300] {dag.py:2705} INFO - Sync 1 DAGs
[2023-04-17T08:50:34.636-0300] {logging_mixin.py:137} INFO - [2023-04-17T08:50:34.636-0300] {dag.py:3452} INFO - Setting next_dagrun for example_branch_labels to 2023-04-16T00:00:00+00:00, run_after=2023-04-17T00:00:00+00:00
[2023-04-17T08:50:34.657-0300] {processor.py:175} INFO - Processing /home/pepino/.virtualenvs/apache_airflow/lib/python3.10/site-packages/airflow/example_dags/example_branch_labels.py took 0.063 seconds
[2023-04-17T08:51:48.840-0300] {processor.py:153} INFO - Started process (PID=80682) to work on /home/pepino/.virtualenvs/apache_airflow/lib/python3.10/site-packages/airflow/example_dags/example_branch_labels.py
[2023-04-17T08:51:48.848-0300] {processor.py:743} INFO - Processing file /home/pepino/.virtualenvs/apache_airflow/lib/python3.10/site-packages/airflow/example_dags/example_branch_labels.py for tasks to queue
[2023-04-17T08:51:48.849-0300] {logging_mixin.py:137} INFO - [2023-04-17T08:51:48.849-0300] {dagbag.py:532} INFO - Filling up the DagBag from /home/pepino/.virtualenvs/apache_airflow/lib/python3.10/site-packages/airflow/example_dags/example_branch_labels.py
[2023-04-17T08:51:48.864-0300] {processor.py:753} INFO - DAG(s) dict_keys(['example_branch_labels']) retrieved from /home/pepino/.virtualenvs/apache_airflow/lib/python3.10/site-packages/airflow/example_dags/example_branch_labels.py
[2023-04-17T08:51:48.876-0300] {logging_mixin.py:137} INFO - [2023-04-17T08:51:48.876-0300] {dag.py:2705} INFO - Sync 1 DAGs
[2023-04-17T08:51:48.886-0300] {logging_mixin.py:137} INFO - [2023-04-17T08:51:48.886-0300] {dag.py:3452} INFO - Setting next_dagrun for example_branch_labels to 2023-04-16T00:00:00+00:00, run_after=2023-04-17T00:00:00+00:00
[2023-04-17T08:51:48.904-0300] {processor.py:175} INFO - Processing /home/pepino/.virtualenvs/apache_airflow/lib/python3.10/site-packages/airflow/example_dags/example_branch_labels.py took 0.069 seconds
