[2023-04-17T08:49:51.290-0300] {processor.py:153} INFO - Started process (PID=80451) to work on /home/pepino/.virtualenvs/apache_airflow/lib/python3.10/site-packages/airflow/example_dags/example_subdag_operator.py
[2023-04-17T08:49:51.291-0300] {processor.py:743} INFO - Processing file /home/pepino/.virtualenvs/apache_airflow/lib/python3.10/site-packages/airflow/example_dags/example_subdag_operator.py for tasks to queue
[2023-04-17T08:49:51.292-0300] {logging_mixin.py:137} INFO - [2023-04-17T08:49:51.292-0300] {dagbag.py:532} INFO - Filling up the DagBag from /home/pepino/.virtualenvs/apache_airflow/lib/python3.10/site-packages/airflow/example_dags/example_subdag_operator.py
[2023-04-17T08:49:51.310-0300] {processor.py:753} INFO - DAG(s) dict_keys(['example_subdag_operator.section-1', 'example_subdag_operator.section-2', 'example_subdag_operator']) retrieved from /home/pepino/.virtualenvs/apache_airflow/lib/python3.10/site-packages/airflow/example_dags/example_subdag_operator.py
[2023-04-17T08:49:51.444-0300] {logging_mixin.py:137} INFO - [2023-04-17T08:49:51.444-0300] {manager.py:504} INFO - Created Permission View: can read on DAG:example_subdag_operator
[2023-04-17T08:49:51.458-0300] {logging_mixin.py:137} INFO - [2023-04-17T08:49:51.458-0300] {manager.py:504} INFO - Created Permission View: can edit on DAG:example_subdag_operator
[2023-04-17T08:49:51.479-0300] {logging_mixin.py:137} INFO - [2023-04-17T08:49:51.479-0300] {manager.py:504} INFO - Created Permission View: can delete on DAG:example_subdag_operator
[2023-04-17T08:49:51.479-0300] {logging_mixin.py:137} INFO - [2023-04-17T08:49:51.479-0300] {dag.py:2705} INFO - Sync 3 DAGs
[2023-04-17T08:49:51.492-0300] {logging_mixin.py:137} INFO - [2023-04-17T08:49:51.492-0300] {dag.py:2726} INFO - Creating ORM DAG for example_subdag_operator.section-1
[2023-04-17T08:49:51.492-0300] {logging_mixin.py:137} INFO - [2023-04-17T08:49:51.492-0300] {dag.py:2726} INFO - Creating ORM DAG for example_subdag_operator
[2023-04-17T08:49:51.493-0300] {logging_mixin.py:137} INFO - [2023-04-17T08:49:51.493-0300] {dag.py:2726} INFO - Creating ORM DAG for example_subdag_operator.section-2
[2023-04-17T08:49:51.497-0300] {logging_mixin.py:137} INFO - [2023-04-17T08:49:51.497-0300] {dag.py:3452} INFO - Setting next_dagrun for example_subdag_operator to 2022-01-01T00:00:00+00:00, run_after=2022-01-01T00:00:00+00:00
[2023-04-17T08:49:51.498-0300] {logging_mixin.py:137} INFO - [2023-04-17T08:49:51.498-0300] {dag.py:3452} INFO - Setting next_dagrun for example_subdag_operator.section-1 to None, run_after=None
[2023-04-17T08:49:51.498-0300] {logging_mixin.py:137} INFO - [2023-04-17T08:49:51.498-0300] {dag.py:3452} INFO - Setting next_dagrun for example_subdag_operator.section-2 to None, run_after=None
[2023-04-17T08:49:51.502-0300] {logging_mixin.py:137} INFO - [2023-04-17T08:49:51.502-0300] {dag.py:2705} INFO - Sync 2 DAGs
[2023-04-17T08:49:51.504-0300] {logging_mixin.py:137} INFO - [2023-04-17T08:49:51.504-0300] {dag.py:3452} INFO - Setting next_dagrun for example_subdag_operator.section-1 to None, run_after=None
[2023-04-17T08:49:51.505-0300] {logging_mixin.py:137} INFO - [2023-04-17T08:49:51.505-0300] {dag.py:3452} INFO - Setting next_dagrun for example_subdag_operator.section-2 to None, run_after=None
[2023-04-17T08:49:51.525-0300] {processor.py:175} INFO - Processing /home/pepino/.virtualenvs/apache_airflow/lib/python3.10/site-packages/airflow/example_dags/example_subdag_operator.py took 0.239 seconds
[2023-04-17T08:50:39.720-0300] {processor.py:153} INFO - Started process (PID=80568) to work on /home/pepino/.virtualenvs/apache_airflow/lib/python3.10/site-packages/airflow/example_dags/example_subdag_operator.py
[2023-04-17T08:50:39.728-0300] {processor.py:743} INFO - Processing file /home/pepino/.virtualenvs/apache_airflow/lib/python3.10/site-packages/airflow/example_dags/example_subdag_operator.py for tasks to queue
[2023-04-17T08:50:39.729-0300] {logging_mixin.py:137} INFO - [2023-04-17T08:50:39.729-0300] {dagbag.py:532} INFO - Filling up the DagBag from /home/pepino/.virtualenvs/apache_airflow/lib/python3.10/site-packages/airflow/example_dags/example_subdag_operator.py
[2023-04-17T08:50:39.743-0300] {processor.py:753} INFO - DAG(s) dict_keys(['example_subdag_operator.section-1', 'example_subdag_operator.section-2', 'example_subdag_operator']) retrieved from /home/pepino/.virtualenvs/apache_airflow/lib/python3.10/site-packages/airflow/example_dags/example_subdag_operator.py
[2023-04-17T08:50:39.754-0300] {logging_mixin.py:137} INFO - [2023-04-17T08:50:39.753-0300] {dag.py:2705} INFO - Sync 3 DAGs
[2023-04-17T08:50:39.764-0300] {logging_mixin.py:137} INFO - [2023-04-17T08:50:39.764-0300] {dag.py:3452} INFO - Setting next_dagrun for example_subdag_operator to 2022-01-01T00:00:00+00:00, run_after=2022-01-01T00:00:00+00:00
[2023-04-17T08:50:39.765-0300] {logging_mixin.py:137} INFO - [2023-04-17T08:50:39.765-0300] {dag.py:3452} INFO - Setting next_dagrun for example_subdag_operator.section-1 to None, run_after=None
[2023-04-17T08:50:39.766-0300] {logging_mixin.py:137} INFO - [2023-04-17T08:50:39.766-0300] {dag.py:3452} INFO - Setting next_dagrun for example_subdag_operator.section-2 to None, run_after=None
[2023-04-17T08:50:39.769-0300] {logging_mixin.py:137} INFO - [2023-04-17T08:50:39.769-0300] {dag.py:2705} INFO - Sync 2 DAGs
[2023-04-17T08:50:39.771-0300] {logging_mixin.py:137} INFO - [2023-04-17T08:50:39.771-0300] {dag.py:3452} INFO - Setting next_dagrun for example_subdag_operator.section-1 to None, run_after=None
[2023-04-17T08:50:39.772-0300] {logging_mixin.py:137} INFO - [2023-04-17T08:50:39.772-0300] {dag.py:3452} INFO - Setting next_dagrun for example_subdag_operator.section-2 to None, run_after=None
[2023-04-17T08:50:39.789-0300] {processor.py:175} INFO - Processing /home/pepino/.virtualenvs/apache_airflow/lib/python3.10/site-packages/airflow/example_dags/example_subdag_operator.py took 0.070 seconds
[2023-04-17T08:51:53.817-0300] {processor.py:153} INFO - Started process (PID=80687) to work on /home/pepino/.virtualenvs/apache_airflow/lib/python3.10/site-packages/airflow/example_dags/example_subdag_operator.py
[2023-04-17T08:51:53.826-0300] {processor.py:743} INFO - Processing file /home/pepino/.virtualenvs/apache_airflow/lib/python3.10/site-packages/airflow/example_dags/example_subdag_operator.py for tasks to queue
[2023-04-17T08:51:53.827-0300] {logging_mixin.py:137} INFO - [2023-04-17T08:51:53.826-0300] {dagbag.py:532} INFO - Filling up the DagBag from /home/pepino/.virtualenvs/apache_airflow/lib/python3.10/site-packages/airflow/example_dags/example_subdag_operator.py
[2023-04-17T08:51:53.846-0300] {processor.py:753} INFO - DAG(s) dict_keys(['example_subdag_operator.section-1', 'example_subdag_operator.section-2', 'example_subdag_operator']) retrieved from /home/pepino/.virtualenvs/apache_airflow/lib/python3.10/site-packages/airflow/example_dags/example_subdag_operator.py
[2023-04-17T08:51:53.858-0300] {logging_mixin.py:137} INFO - [2023-04-17T08:51:53.858-0300] {dag.py:2705} INFO - Sync 3 DAGs
[2023-04-17T08:51:53.867-0300] {logging_mixin.py:137} INFO - [2023-04-17T08:51:53.867-0300] {dag.py:3452} INFO - Setting next_dagrun for example_subdag_operator to 2022-01-01T00:00:00+00:00, run_after=2022-01-01T00:00:00+00:00
[2023-04-17T08:51:53.868-0300] {logging_mixin.py:137} INFO - [2023-04-17T08:51:53.868-0300] {dag.py:3452} INFO - Setting next_dagrun for example_subdag_operator.section-1 to None, run_after=None
[2023-04-17T08:51:53.869-0300] {logging_mixin.py:137} INFO - [2023-04-17T08:51:53.869-0300] {dag.py:3452} INFO - Setting next_dagrun for example_subdag_operator.section-2 to None, run_after=None
[2023-04-17T08:51:53.872-0300] {logging_mixin.py:137} INFO - [2023-04-17T08:51:53.872-0300] {dag.py:2705} INFO - Sync 2 DAGs
[2023-04-17T08:51:53.874-0300] {logging_mixin.py:137} INFO - [2023-04-17T08:51:53.874-0300] {dag.py:3452} INFO - Setting next_dagrun for example_subdag_operator.section-1 to None, run_after=None
[2023-04-17T08:51:53.874-0300] {logging_mixin.py:137} INFO - [2023-04-17T08:51:53.874-0300] {dag.py:3452} INFO - Setting next_dagrun for example_subdag_operator.section-2 to None, run_after=None
[2023-04-17T08:51:53.899-0300] {processor.py:175} INFO - Processing /home/pepino/.virtualenvs/apache_airflow/lib/python3.10/site-packages/airflow/example_dags/example_subdag_operator.py took 0.087 seconds
