[2023-04-17T08:49:53.487-0300] {processor.py:153} INFO - Started process (PID=80470) to work on /home/pepino/.virtualenvs/apache_airflow/lib/python3.10/site-packages/airflow/example_dags/example_branch_day_of_week_operator.py
[2023-04-17T08:49:53.487-0300] {processor.py:743} INFO - Processing file /home/pepino/.virtualenvs/apache_airflow/lib/python3.10/site-packages/airflow/example_dags/example_branch_day_of_week_operator.py for tasks to queue
[2023-04-17T08:49:53.488-0300] {logging_mixin.py:137} INFO - [2023-04-17T08:49:53.488-0300] {dagbag.py:532} INFO - Filling up the DagBag from /home/pepino/.virtualenvs/apache_airflow/lib/python3.10/site-packages/airflow/example_dags/example_branch_day_of_week_operator.py
[2023-04-17T08:49:53.501-0300] {processor.py:753} INFO - DAG(s) dict_keys(['example_weekday_branch_operator']) retrieved from /home/pepino/.virtualenvs/apache_airflow/lib/python3.10/site-packages/airflow/example_dags/example_branch_day_of_week_operator.py
[2023-04-17T08:49:53.646-0300] {logging_mixin.py:137} INFO - [2023-04-17T08:49:53.646-0300] {manager.py:504} INFO - Created Permission View: can read on DAG:example_weekday_branch_operator
[2023-04-17T08:49:53.662-0300] {logging_mixin.py:137} INFO - [2023-04-17T08:49:53.661-0300] {manager.py:504} INFO - Created Permission View: can edit on DAG:example_weekday_branch_operator
[2023-04-17T08:49:53.676-0300] {logging_mixin.py:137} INFO - [2023-04-17T08:49:53.676-0300] {manager.py:504} INFO - Created Permission View: can delete on DAG:example_weekday_branch_operator
[2023-04-17T08:49:53.676-0300] {logging_mixin.py:137} INFO - [2023-04-17T08:49:53.676-0300] {dag.py:2705} INFO - Sync 1 DAGs
[2023-04-17T08:49:53.691-0300] {logging_mixin.py:137} INFO - [2023-04-17T08:49:53.691-0300] {dag.py:2726} INFO - Creating ORM DAG for example_weekday_branch_operator
[2023-04-17T08:49:53.698-0300] {logging_mixin.py:137} INFO - [2023-04-17T08:49:53.698-0300] {dag.py:3452} INFO - Setting next_dagrun for example_weekday_branch_operator to 2023-04-16T00:00:00+00:00, run_after=2023-04-17T00:00:00+00:00
[2023-04-17T08:49:53.733-0300] {processor.py:175} INFO - Processing /home/pepino/.virtualenvs/apache_airflow/lib/python3.10/site-packages/airflow/example_dags/example_branch_day_of_week_operator.py took 0.248 seconds
[2023-04-17T08:50:41.456-0300] {processor.py:153} INFO - Started process (PID=80572) to work on /home/pepino/.virtualenvs/apache_airflow/lib/python3.10/site-packages/airflow/example_dags/example_branch_day_of_week_operator.py
[2023-04-17T08:50:41.465-0300] {processor.py:743} INFO - Processing file /home/pepino/.virtualenvs/apache_airflow/lib/python3.10/site-packages/airflow/example_dags/example_branch_day_of_week_operator.py for tasks to queue
[2023-04-17T08:50:41.466-0300] {logging_mixin.py:137} INFO - [2023-04-17T08:50:41.465-0300] {dagbag.py:532} INFO - Filling up the DagBag from /home/pepino/.virtualenvs/apache_airflow/lib/python3.10/site-packages/airflow/example_dags/example_branch_day_of_week_operator.py
[2023-04-17T08:50:41.482-0300] {processor.py:753} INFO - DAG(s) dict_keys(['example_weekday_branch_operator']) retrieved from /home/pepino/.virtualenvs/apache_airflow/lib/python3.10/site-packages/airflow/example_dags/example_branch_day_of_week_operator.py
[2023-04-17T08:50:41.493-0300] {logging_mixin.py:137} INFO - [2023-04-17T08:50:41.493-0300] {dag.py:2705} INFO - Sync 1 DAGs
[2023-04-17T08:50:41.505-0300] {logging_mixin.py:137} INFO - [2023-04-17T08:50:41.504-0300] {dag.py:3452} INFO - Setting next_dagrun for example_weekday_branch_operator to 2023-04-16T00:00:00+00:00, run_after=2023-04-17T00:00:00+00:00
[2023-04-17T08:50:41.524-0300] {processor.py:175} INFO - Processing /home/pepino/.virtualenvs/apache_airflow/lib/python3.10/site-packages/airflow/example_dags/example_branch_day_of_week_operator.py took 0.073 seconds
[2023-04-17T08:51:56.092-0300] {processor.py:153} INFO - Started process (PID=80690) to work on /home/pepino/.virtualenvs/apache_airflow/lib/python3.10/site-packages/airflow/example_dags/example_branch_day_of_week_operator.py
[2023-04-17T08:51:56.100-0300] {processor.py:743} INFO - Processing file /home/pepino/.virtualenvs/apache_airflow/lib/python3.10/site-packages/airflow/example_dags/example_branch_day_of_week_operator.py for tasks to queue
[2023-04-17T08:51:56.102-0300] {logging_mixin.py:137} INFO - [2023-04-17T08:51:56.102-0300] {dagbag.py:532} INFO - Filling up the DagBag from /home/pepino/.virtualenvs/apache_airflow/lib/python3.10/site-packages/airflow/example_dags/example_branch_day_of_week_operator.py
[2023-04-17T08:51:56.117-0300] {processor.py:753} INFO - DAG(s) dict_keys(['example_weekday_branch_operator']) retrieved from /home/pepino/.virtualenvs/apache_airflow/lib/python3.10/site-packages/airflow/example_dags/example_branch_day_of_week_operator.py
[2023-04-17T08:51:56.129-0300] {logging_mixin.py:137} INFO - [2023-04-17T08:51:56.128-0300] {dag.py:2705} INFO - Sync 1 DAGs
[2023-04-17T08:51:56.140-0300] {logging_mixin.py:137} INFO - [2023-04-17T08:51:56.140-0300] {dag.py:3452} INFO - Setting next_dagrun for example_weekday_branch_operator to 2023-04-16T00:00:00+00:00, run_after=2023-04-17T00:00:00+00:00
[2023-04-17T08:51:56.158-0300] {processor.py:175} INFO - Processing /home/pepino/.virtualenvs/apache_airflow/lib/python3.10/site-packages/airflow/example_dags/example_branch_day_of_week_operator.py took 0.070 seconds
