[2023-04-17T08:49:49.856-0300] {processor.py:153} INFO - Started process (PID=80449) to work on /home/pepino/.virtualenvs/apache_airflow/lib/python3.10/site-packages/airflow/example_dags/example_branch_datetime_operator.py
[2023-04-17T08:49:49.857-0300] {processor.py:743} INFO - Processing file /home/pepino/.virtualenvs/apache_airflow/lib/python3.10/site-packages/airflow/example_dags/example_branch_datetime_operator.py for tasks to queue
[2023-04-17T08:49:49.857-0300] {logging_mixin.py:137} INFO - [2023-04-17T08:49:49.857-0300] {dagbag.py:532} INFO - Filling up the DagBag from /home/pepino/.virtualenvs/apache_airflow/lib/python3.10/site-packages/airflow/example_dags/example_branch_datetime_operator.py
[2023-04-17T08:49:49.872-0300] {processor.py:753} INFO - DAG(s) dict_keys(['example_branch_datetime_operator', 'example_branch_datetime_operator_2', 'example_branch_datetime_operator_3']) retrieved from /home/pepino/.virtualenvs/apache_airflow/lib/python3.10/site-packages/airflow/example_dags/example_branch_datetime_operator.py
[2023-04-17T08:49:50.005-0300] {logging_mixin.py:137} INFO - [2023-04-17T08:49:50.004-0300] {manager.py:504} INFO - Created Permission View: can read on DAG:example_branch_datetime_operator
[2023-04-17T08:49:50.019-0300] {logging_mixin.py:137} INFO - [2023-04-17T08:49:50.019-0300] {manager.py:504} INFO - Created Permission View: can edit on DAG:example_branch_datetime_operator
[2023-04-17T08:49:50.032-0300] {logging_mixin.py:137} INFO - [2023-04-17T08:49:50.032-0300] {manager.py:504} INFO - Created Permission View: can delete on DAG:example_branch_datetime_operator
[2023-04-17T08:49:50.066-0300] {logging_mixin.py:137} INFO - [2023-04-17T08:49:50.066-0300] {manager.py:504} INFO - Created Permission View: can read on DAG:example_branch_datetime_operator_2
[2023-04-17T08:49:50.096-0300] {logging_mixin.py:137} INFO - [2023-04-17T08:49:50.096-0300] {manager.py:504} INFO - Created Permission View: can edit on DAG:example_branch_datetime_operator_2
[2023-04-17T08:49:50.114-0300] {logging_mixin.py:137} INFO - [2023-04-17T08:49:50.114-0300] {manager.py:504} INFO - Created Permission View: can delete on DAG:example_branch_datetime_operator_2
[2023-04-17T08:49:50.152-0300] {logging_mixin.py:137} INFO - [2023-04-17T08:49:50.151-0300] {manager.py:504} INFO - Created Permission View: can read on DAG:example_branch_datetime_operator_3
[2023-04-17T08:49:50.170-0300] {logging_mixin.py:137} INFO - [2023-04-17T08:49:50.169-0300] {manager.py:504} INFO - Created Permission View: can edit on DAG:example_branch_datetime_operator_3
[2023-04-17T08:49:50.199-0300] {logging_mixin.py:137} INFO - [2023-04-17T08:49:50.199-0300] {manager.py:504} INFO - Created Permission View: can delete on DAG:example_branch_datetime_operator_3
[2023-04-17T08:49:50.200-0300] {logging_mixin.py:137} INFO - [2023-04-17T08:49:50.200-0300] {dag.py:2705} INFO - Sync 3 DAGs
[2023-04-17T08:49:50.210-0300] {logging_mixin.py:137} INFO - [2023-04-17T08:49:50.210-0300] {dag.py:2726} INFO - Creating ORM DAG for example_branch_datetime_operator
[2023-04-17T08:49:50.210-0300] {logging_mixin.py:137} INFO - [2023-04-17T08:49:50.210-0300] {dag.py:2726} INFO - Creating ORM DAG for example_branch_datetime_operator_3
[2023-04-17T08:49:50.210-0300] {logging_mixin.py:137} INFO - [2023-04-17T08:49:50.210-0300] {dag.py:2726} INFO - Creating ORM DAG for example_branch_datetime_operator_2
[2023-04-17T08:49:50.215-0300] {logging_mixin.py:137} INFO - [2023-04-17T08:49:50.215-0300] {dag.py:3452} INFO - Setting next_dagrun for example_branch_datetime_operator to 2023-04-16T00:00:00+00:00, run_after=2023-04-17T00:00:00+00:00
[2023-04-17T08:49:50.216-0300] {logging_mixin.py:137} INFO - [2023-04-17T08:49:50.216-0300] {dag.py:3452} INFO - Setting next_dagrun for example_branch_datetime_operator_2 to 2023-04-16T00:00:00+00:00, run_after=2023-04-17T00:00:00+00:00
[2023-04-17T08:49:50.217-0300] {logging_mixin.py:137} INFO - [2023-04-17T08:49:50.217-0300] {dag.py:3452} INFO - Setting next_dagrun for example_branch_datetime_operator_3 to 2023-04-16T00:00:00+00:00, run_after=2023-04-17T00:00:00+00:00
[2023-04-17T08:49:50.240-0300] {processor.py:175} INFO - Processing /home/pepino/.virtualenvs/apache_airflow/lib/python3.10/site-packages/airflow/example_dags/example_branch_datetime_operator.py took 0.389 seconds
[2023-04-17T08:50:38.586-0300] {processor.py:153} INFO - Started process (PID=80567) to work on /home/pepino/.virtualenvs/apache_airflow/lib/python3.10/site-packages/airflow/example_dags/example_branch_datetime_operator.py
[2023-04-17T08:50:38.594-0300] {processor.py:743} INFO - Processing file /home/pepino/.virtualenvs/apache_airflow/lib/python3.10/site-packages/airflow/example_dags/example_branch_datetime_operator.py for tasks to queue
[2023-04-17T08:50:38.595-0300] {logging_mixin.py:137} INFO - [2023-04-17T08:50:38.595-0300] {dagbag.py:532} INFO - Filling up the DagBag from /home/pepino/.virtualenvs/apache_airflow/lib/python3.10/site-packages/airflow/example_dags/example_branch_datetime_operator.py
[2023-04-17T08:50:38.613-0300] {processor.py:753} INFO - DAG(s) dict_keys(['example_branch_datetime_operator', 'example_branch_datetime_operator_2', 'example_branch_datetime_operator_3']) retrieved from /home/pepino/.virtualenvs/apache_airflow/lib/python3.10/site-packages/airflow/example_dags/example_branch_datetime_operator.py
[2023-04-17T08:50:38.627-0300] {logging_mixin.py:137} INFO - [2023-04-17T08:50:38.627-0300] {dag.py:2705} INFO - Sync 3 DAGs
[2023-04-17T08:50:38.637-0300] {logging_mixin.py:137} INFO - [2023-04-17T08:50:38.637-0300] {dag.py:3452} INFO - Setting next_dagrun for example_branch_datetime_operator to 2023-04-16T00:00:00+00:00, run_after=2023-04-17T00:00:00+00:00
[2023-04-17T08:50:38.639-0300] {logging_mixin.py:137} INFO - [2023-04-17T08:50:38.639-0300] {dag.py:3452} INFO - Setting next_dagrun for example_branch_datetime_operator_2 to 2023-04-16T00:00:00+00:00, run_after=2023-04-17T00:00:00+00:00
[2023-04-17T08:50:38.641-0300] {logging_mixin.py:137} INFO - [2023-04-17T08:50:38.640-0300] {dag.py:3452} INFO - Setting next_dagrun for example_branch_datetime_operator_3 to 2023-04-16T00:00:00+00:00, run_after=2023-04-17T00:00:00+00:00
[2023-04-17T08:50:38.664-0300] {processor.py:175} INFO - Processing /home/pepino/.virtualenvs/apache_airflow/lib/python3.10/site-packages/airflow/example_dags/example_branch_datetime_operator.py took 0.082 seconds
[2023-04-17T08:51:52.664-0300] {processor.py:153} INFO - Started process (PID=80686) to work on /home/pepino/.virtualenvs/apache_airflow/lib/python3.10/site-packages/airflow/example_dags/example_branch_datetime_operator.py
[2023-04-17T08:51:52.673-0300] {processor.py:743} INFO - Processing file /home/pepino/.virtualenvs/apache_airflow/lib/python3.10/site-packages/airflow/example_dags/example_branch_datetime_operator.py for tasks to queue
[2023-04-17T08:51:52.674-0300] {logging_mixin.py:137} INFO - [2023-04-17T08:51:52.674-0300] {dagbag.py:532} INFO - Filling up the DagBag from /home/pepino/.virtualenvs/apache_airflow/lib/python3.10/site-packages/airflow/example_dags/example_branch_datetime_operator.py
[2023-04-17T08:51:52.690-0300] {processor.py:753} INFO - DAG(s) dict_keys(['example_branch_datetime_operator_2', 'example_branch_datetime_operator_3', 'example_branch_datetime_operator']) retrieved from /home/pepino/.virtualenvs/apache_airflow/lib/python3.10/site-packages/airflow/example_dags/example_branch_datetime_operator.py
[2023-04-17T08:51:52.703-0300] {logging_mixin.py:137} INFO - [2023-04-17T08:51:52.703-0300] {dag.py:2705} INFO - Sync 3 DAGs
[2023-04-17T08:51:52.713-0300] {logging_mixin.py:137} INFO - [2023-04-17T08:51:52.713-0300] {dag.py:3452} INFO - Setting next_dagrun for example_branch_datetime_operator to 2023-04-16T00:00:00+00:00, run_after=2023-04-17T00:00:00+00:00
[2023-04-17T08:51:52.715-0300] {logging_mixin.py:137} INFO - [2023-04-17T08:51:52.715-0300] {dag.py:3452} INFO - Setting next_dagrun for example_branch_datetime_operator_2 to 2023-04-16T00:00:00+00:00, run_after=2023-04-17T00:00:00+00:00
[2023-04-17T08:51:52.716-0300] {logging_mixin.py:137} INFO - [2023-04-17T08:51:52.716-0300] {dag.py:3452} INFO - Setting next_dagrun for example_branch_datetime_operator_3 to 2023-04-16T00:00:00+00:00, run_after=2023-04-17T00:00:00+00:00
[2023-04-17T08:51:52.734-0300] {processor.py:175} INFO - Processing /home/pepino/.virtualenvs/apache_airflow/lib/python3.10/site-packages/airflow/example_dags/example_branch_datetime_operator.py took 0.074 seconds
