[2023-04-17T08:49:46.006-0300] {processor.py:153} INFO - Started process (PID=80423) to work on /home/pepino/.virtualenvs/apache_airflow/lib/python3.10/site-packages/airflow/example_dags/example_bash_operator.py
[2023-04-17T08:49:46.008-0300] {processor.py:743} INFO - Processing file /home/pepino/.virtualenvs/apache_airflow/lib/python3.10/site-packages/airflow/example_dags/example_bash_operator.py for tasks to queue
[2023-04-17T08:49:46.009-0300] {logging_mixin.py:137} INFO - [2023-04-17T08:49:46.008-0300] {dagbag.py:532} INFO - Filling up the DagBag from /home/pepino/.virtualenvs/apache_airflow/lib/python3.10/site-packages/airflow/example_dags/example_bash_operator.py
[2023-04-17T08:49:46.025-0300] {processor.py:753} INFO - DAG(s) dict_keys(['example_bash_operator']) retrieved from /home/pepino/.virtualenvs/apache_airflow/lib/python3.10/site-packages/airflow/example_dags/example_bash_operator.py
[2023-04-17T08:49:46.183-0300] {logging_mixin.py:137} INFO - [2023-04-17T08:49:46.182-0300] {manager.py:504} INFO - Created Permission View: can read on DAG:example_bash_operator
[2023-04-17T08:49:46.203-0300] {logging_mixin.py:137} INFO - [2023-04-17T08:49:46.203-0300] {manager.py:504} INFO - Created Permission View: can edit on DAG:example_bash_operator
[2023-04-17T08:49:46.229-0300] {logging_mixin.py:137} INFO - [2023-04-17T08:49:46.229-0300] {manager.py:504} INFO - Created Permission View: can delete on DAG:example_bash_operator
[2023-04-17T08:49:46.230-0300] {logging_mixin.py:137} INFO - [2023-04-17T08:49:46.230-0300] {dag.py:2705} INFO - Sync 1 DAGs
[2023-04-17T08:49:46.239-0300] {logging_mixin.py:137} INFO - [2023-04-17T08:49:46.239-0300] {dag.py:2726} INFO - Creating ORM DAG for example_bash_operator
[2023-04-17T08:49:46.245-0300] {logging_mixin.py:137} INFO - [2023-04-17T08:49:46.244-0300] {dag.py:3452} INFO - Setting next_dagrun for example_bash_operator to 2023-04-16T00:00:00+00:00, run_after=2023-04-17T00:00:00+00:00
[2023-04-17T08:49:46.265-0300] {processor.py:175} INFO - Processing /home/pepino/.virtualenvs/apache_airflow/lib/python3.10/site-packages/airflow/example_dags/example_bash_operator.py took 0.263 seconds
[2023-04-17T08:50:35.746-0300] {processor.py:153} INFO - Started process (PID=80559) to work on /home/pepino/.virtualenvs/apache_airflow/lib/python3.10/site-packages/airflow/example_dags/example_bash_operator.py
[2023-04-17T08:50:35.755-0300] {processor.py:743} INFO - Processing file /home/pepino/.virtualenvs/apache_airflow/lib/python3.10/site-packages/airflow/example_dags/example_bash_operator.py for tasks to queue
[2023-04-17T08:50:35.756-0300] {logging_mixin.py:137} INFO - [2023-04-17T08:50:35.756-0300] {dagbag.py:532} INFO - Filling up the DagBag from /home/pepino/.virtualenvs/apache_airflow/lib/python3.10/site-packages/airflow/example_dags/example_bash_operator.py
[2023-04-17T08:50:35.774-0300] {processor.py:753} INFO - DAG(s) dict_keys(['example_bash_operator']) retrieved from /home/pepino/.virtualenvs/apache_airflow/lib/python3.10/site-packages/airflow/example_dags/example_bash_operator.py
[2023-04-17T08:50:35.790-0300] {logging_mixin.py:137} INFO - [2023-04-17T08:50:35.790-0300] {dag.py:2705} INFO - Sync 1 DAGs
[2023-04-17T08:50:35.800-0300] {logging_mixin.py:137} INFO - [2023-04-17T08:50:35.800-0300] {dag.py:3452} INFO - Setting next_dagrun for example_bash_operator to 2023-04-16T00:00:00+00:00, run_after=2023-04-17T00:00:00+00:00
[2023-04-17T08:50:35.888-0300] {processor.py:175} INFO - Processing /home/pepino/.virtualenvs/apache_airflow/lib/python3.10/site-packages/airflow/example_dags/example_bash_operator.py took 0.146 seconds
[2023-04-17T08:51:49.989-0300] {processor.py:153} INFO - Started process (PID=80683) to work on /home/pepino/.virtualenvs/apache_airflow/lib/python3.10/site-packages/airflow/example_dags/example_bash_operator.py
[2023-04-17T08:51:49.998-0300] {processor.py:743} INFO - Processing file /home/pepino/.virtualenvs/apache_airflow/lib/python3.10/site-packages/airflow/example_dags/example_bash_operator.py for tasks to queue
[2023-04-17T08:51:49.999-0300] {logging_mixin.py:137} INFO - [2023-04-17T08:51:49.999-0300] {dagbag.py:532} INFO - Filling up the DagBag from /home/pepino/.virtualenvs/apache_airflow/lib/python3.10/site-packages/airflow/example_dags/example_bash_operator.py
[2023-04-17T08:51:50.020-0300] {processor.py:753} INFO - DAG(s) dict_keys(['example_bash_operator']) retrieved from /home/pepino/.virtualenvs/apache_airflow/lib/python3.10/site-packages/airflow/example_dags/example_bash_operator.py
[2023-04-17T08:51:50.035-0300] {logging_mixin.py:137} INFO - [2023-04-17T08:51:50.035-0300] {dag.py:2705} INFO - Sync 1 DAGs
[2023-04-17T08:51:50.046-0300] {logging_mixin.py:137} INFO - [2023-04-17T08:51:50.046-0300] {dag.py:3452} INFO - Setting next_dagrun for example_bash_operator to 2023-04-16T00:00:00+00:00, run_after=2023-04-17T00:00:00+00:00
[2023-04-17T08:51:50.068-0300] {processor.py:175} INFO - Processing /home/pepino/.virtualenvs/apache_airflow/lib/python3.10/site-packages/airflow/example_dags/example_bash_operator.py took 0.083 seconds
