[2023-04-17T08:50:02.964-0300] {processor.py:153} INFO - Started process (PID=80495) to work on /home/pepino/.virtualenvs/apache_airflow/lib/python3.10/site-packages/airflow/example_dags/tutorial_dag.py
[2023-04-17T08:50:02.965-0300] {processor.py:743} INFO - Processing file /home/pepino/.virtualenvs/apache_airflow/lib/python3.10/site-packages/airflow/example_dags/tutorial_dag.py for tasks to queue
[2023-04-17T08:50:02.966-0300] {logging_mixin.py:137} INFO - [2023-04-17T08:50:02.966-0300] {dagbag.py:532} INFO - Filling up the DagBag from /home/pepino/.virtualenvs/apache_airflow/lib/python3.10/site-packages/airflow/example_dags/tutorial_dag.py
[2023-04-17T08:50:02.978-0300] {processor.py:753} INFO - DAG(s) dict_keys(['tutorial_dag']) retrieved from /home/pepino/.virtualenvs/apache_airflow/lib/python3.10/site-packages/airflow/example_dags/tutorial_dag.py
[2023-04-17T08:50:03.141-0300] {logging_mixin.py:137} INFO - [2023-04-17T08:50:03.140-0300] {manager.py:504} INFO - Created Permission View: can read on DAG:tutorial_dag
[2023-04-17T08:50:03.162-0300] {logging_mixin.py:137} INFO - [2023-04-17T08:50:03.161-0300] {manager.py:504} INFO - Created Permission View: can edit on DAG:tutorial_dag
[2023-04-17T08:50:03.189-0300] {logging_mixin.py:137} INFO - [2023-04-17T08:50:03.188-0300] {manager.py:504} INFO - Created Permission View: can delete on DAG:tutorial_dag
[2023-04-17T08:50:03.189-0300] {logging_mixin.py:137} INFO - [2023-04-17T08:50:03.189-0300] {dag.py:2705} INFO - Sync 1 DAGs
[2023-04-17T08:50:03.195-0300] {logging_mixin.py:137} INFO - [2023-04-17T08:50:03.195-0300] {dag.py:2726} INFO - Creating ORM DAG for tutorial_dag
[2023-04-17T08:50:03.200-0300] {logging_mixin.py:137} INFO - [2023-04-17T08:50:03.200-0300] {dag.py:3452} INFO - Setting next_dagrun for tutorial_dag to None, run_after=None
[2023-04-17T08:50:03.220-0300] {processor.py:175} INFO - Processing /home/pepino/.virtualenvs/apache_airflow/lib/python3.10/site-packages/airflow/example_dags/tutorial_dag.py took 0.260 seconds
[2023-04-17T08:50:49.029-0300] {processor.py:153} INFO - Started process (PID=80591) to work on /home/pepino/.virtualenvs/apache_airflow/lib/python3.10/site-packages/airflow/example_dags/tutorial_dag.py
[2023-04-17T08:50:49.031-0300] {processor.py:743} INFO - Processing file /home/pepino/.virtualenvs/apache_airflow/lib/python3.10/site-packages/airflow/example_dags/tutorial_dag.py for tasks to queue
[2023-04-17T08:50:49.031-0300] {logging_mixin.py:137} INFO - [2023-04-17T08:50:49.031-0300] {dagbag.py:532} INFO - Filling up the DagBag from /home/pepino/.virtualenvs/apache_airflow/lib/python3.10/site-packages/airflow/example_dags/tutorial_dag.py
[2023-04-17T08:50:49.042-0300] {processor.py:753} INFO - DAG(s) dict_keys(['tutorial_dag']) retrieved from /home/pepino/.virtualenvs/apache_airflow/lib/python3.10/site-packages/airflow/example_dags/tutorial_dag.py
[2023-04-17T08:50:49.057-0300] {logging_mixin.py:137} INFO - [2023-04-17T08:50:49.057-0300] {dag.py:2705} INFO - Sync 1 DAGs
[2023-04-17T08:50:49.066-0300] {logging_mixin.py:137} INFO - [2023-04-17T08:50:49.066-0300] {dag.py:3452} INFO - Setting next_dagrun for tutorial_dag to None, run_after=None
[2023-04-17T08:50:49.089-0300] {processor.py:175} INFO - Processing /home/pepino/.virtualenvs/apache_airflow/lib/python3.10/site-packages/airflow/example_dags/tutorial_dag.py took 0.062 seconds
[2023-04-17T08:52:02.491-0300] {processor.py:153} INFO - Started process (PID=80708) to work on /home/pepino/.virtualenvs/apache_airflow/lib/python3.10/site-packages/airflow/example_dags/tutorial_dag.py
[2023-04-17T08:52:02.492-0300] {processor.py:743} INFO - Processing file /home/pepino/.virtualenvs/apache_airflow/lib/python3.10/site-packages/airflow/example_dags/tutorial_dag.py for tasks to queue
[2023-04-17T08:52:02.493-0300] {logging_mixin.py:137} INFO - [2023-04-17T08:52:02.493-0300] {dagbag.py:532} INFO - Filling up the DagBag from /home/pepino/.virtualenvs/apache_airflow/lib/python3.10/site-packages/airflow/example_dags/tutorial_dag.py
[2023-04-17T08:52:02.503-0300] {processor.py:753} INFO - DAG(s) dict_keys(['tutorial_dag']) retrieved from /home/pepino/.virtualenvs/apache_airflow/lib/python3.10/site-packages/airflow/example_dags/tutorial_dag.py
[2023-04-17T08:52:02.514-0300] {logging_mixin.py:137} INFO - [2023-04-17T08:52:02.514-0300] {dag.py:2705} INFO - Sync 1 DAGs
[2023-04-17T08:52:02.524-0300] {logging_mixin.py:137} INFO - [2023-04-17T08:52:02.524-0300] {dag.py:3452} INFO - Setting next_dagrun for tutorial_dag to None, run_after=None
[2023-04-17T08:52:02.551-0300] {processor.py:175} INFO - Processing /home/pepino/.virtualenvs/apache_airflow/lib/python3.10/site-packages/airflow/example_dags/tutorial_dag.py took 0.064 seconds
