[2023-04-17T08:49:56.556-0300] {processor.py:153} INFO - Started process (PID=80487) to work on /home/pepino/.virtualenvs/apache_airflow/lib/python3.10/site-packages/airflow/example_dags/tutorial_taskflow_api_virtualenv.py
[2023-04-17T08:49:56.557-0300] {processor.py:743} INFO - Processing file /home/pepino/.virtualenvs/apache_airflow/lib/python3.10/site-packages/airflow/example_dags/tutorial_taskflow_api_virtualenv.py for tasks to queue
[2023-04-17T08:49:56.557-0300] {logging_mixin.py:137} INFO - [2023-04-17T08:49:56.557-0300] {dagbag.py:532} INFO - Filling up the DagBag from /home/pepino/.virtualenvs/apache_airflow/lib/python3.10/site-packages/airflow/example_dags/tutorial_taskflow_api_virtualenv.py
[2023-04-17T08:49:56.575-0300] {processor.py:753} INFO - DAG(s) dict_keys(['tutorial_taskflow_api_virtualenv']) retrieved from /home/pepino/.virtualenvs/apache_airflow/lib/python3.10/site-packages/airflow/example_dags/tutorial_taskflow_api_virtualenv.py
[2023-04-17T08:49:56.773-0300] {logging_mixin.py:137} INFO - [2023-04-17T08:49:56.773-0300] {manager.py:504} INFO - Created Permission View: can read on DAG:tutorial_taskflow_api_virtualenv
[2023-04-17T08:49:56.795-0300] {logging_mixin.py:137} INFO - [2023-04-17T08:49:56.795-0300] {manager.py:504} INFO - Created Permission View: can edit on DAG:tutorial_taskflow_api_virtualenv
[2023-04-17T08:49:56.809-0300] {logging_mixin.py:137} INFO - [2023-04-17T08:49:56.809-0300] {manager.py:504} INFO - Created Permission View: can delete on DAG:tutorial_taskflow_api_virtualenv
[2023-04-17T08:49:56.809-0300] {logging_mixin.py:137} INFO - [2023-04-17T08:49:56.809-0300] {dag.py:2705} INFO - Sync 1 DAGs
[2023-04-17T08:49:56.816-0300] {logging_mixin.py:137} INFO - [2023-04-17T08:49:56.816-0300] {dag.py:2726} INFO - Creating ORM DAG for tutorial_taskflow_api_virtualenv
[2023-04-17T08:49:56.823-0300] {logging_mixin.py:137} INFO - [2023-04-17T08:49:56.822-0300] {dag.py:3452} INFO - Setting next_dagrun for tutorial_taskflow_api_virtualenv to None, run_after=None
[2023-04-17T08:49:56.845-0300] {processor.py:175} INFO - Processing /home/pepino/.virtualenvs/apache_airflow/lib/python3.10/site-packages/airflow/example_dags/tutorial_taskflow_api_virtualenv.py took 0.291 seconds
[2023-04-17T08:50:44.650-0300] {processor.py:153} INFO - Started process (PID=80576) to work on /home/pepino/.virtualenvs/apache_airflow/lib/python3.10/site-packages/airflow/example_dags/tutorial_taskflow_api_virtualenv.py
[2023-04-17T08:50:44.659-0300] {processor.py:743} INFO - Processing file /home/pepino/.virtualenvs/apache_airflow/lib/python3.10/site-packages/airflow/example_dags/tutorial_taskflow_api_virtualenv.py for tasks to queue
[2023-04-17T08:50:44.660-0300] {logging_mixin.py:137} INFO - [2023-04-17T08:50:44.660-0300] {dagbag.py:532} INFO - Filling up the DagBag from /home/pepino/.virtualenvs/apache_airflow/lib/python3.10/site-packages/airflow/example_dags/tutorial_taskflow_api_virtualenv.py
[2023-04-17T08:50:44.678-0300] {processor.py:753} INFO - DAG(s) dict_keys(['tutorial_taskflow_api_virtualenv']) retrieved from /home/pepino/.virtualenvs/apache_airflow/lib/python3.10/site-packages/airflow/example_dags/tutorial_taskflow_api_virtualenv.py
[2023-04-17T08:50:44.690-0300] {logging_mixin.py:137} INFO - [2023-04-17T08:50:44.690-0300] {dag.py:2705} INFO - Sync 1 DAGs
[2023-04-17T08:50:44.701-0300] {logging_mixin.py:137} INFO - [2023-04-17T08:50:44.701-0300] {dag.py:3452} INFO - Setting next_dagrun for tutorial_taskflow_api_virtualenv to None, run_after=None
[2023-04-17T08:50:44.799-0300] {processor.py:175} INFO - Processing /home/pepino/.virtualenvs/apache_airflow/lib/python3.10/site-packages/airflow/example_dags/tutorial_taskflow_api_virtualenv.py took 0.153 seconds
[2023-04-17T08:51:57.807-0300] {processor.py:153} INFO - Started process (PID=80702) to work on /home/pepino/.virtualenvs/apache_airflow/lib/python3.10/site-packages/airflow/example_dags/tutorial_taskflow_api_virtualenv.py
[2023-04-17T08:51:57.808-0300] {processor.py:743} INFO - Processing file /home/pepino/.virtualenvs/apache_airflow/lib/python3.10/site-packages/airflow/example_dags/tutorial_taskflow_api_virtualenv.py for tasks to queue
[2023-04-17T08:51:57.809-0300] {logging_mixin.py:137} INFO - [2023-04-17T08:51:57.809-0300] {dagbag.py:532} INFO - Filling up the DagBag from /home/pepino/.virtualenvs/apache_airflow/lib/python3.10/site-packages/airflow/example_dags/tutorial_taskflow_api_virtualenv.py
[2023-04-17T08:51:57.826-0300] {processor.py:753} INFO - DAG(s) dict_keys(['tutorial_taskflow_api_virtualenv']) retrieved from /home/pepino/.virtualenvs/apache_airflow/lib/python3.10/site-packages/airflow/example_dags/tutorial_taskflow_api_virtualenv.py
[2023-04-17T08:51:57.835-0300] {logging_mixin.py:137} INFO - [2023-04-17T08:51:57.835-0300] {dag.py:2705} INFO - Sync 1 DAGs
[2023-04-17T08:51:57.844-0300] {logging_mixin.py:137} INFO - [2023-04-17T08:51:57.844-0300] {dag.py:3452} INFO - Setting next_dagrun for tutorial_taskflow_api_virtualenv to None, run_after=None
[2023-04-17T08:51:57.863-0300] {processor.py:175} INFO - Processing /home/pepino/.virtualenvs/apache_airflow/lib/python3.10/site-packages/airflow/example_dags/tutorial_taskflow_api_virtualenv.py took 0.059 seconds
