[2023-04-17T08:59:54.927-0300] {processor.py:153} INFO - Started process (PID=81401) to work on /home/pepino/.virtualenvs/apache_airflow/lib/python3.10/site-packages/airflow/example_dags/subdags/subdag.py
[2023-04-17T08:59:54.927-0300] {processor.py:743} INFO - Processing file /home/pepino/.virtualenvs/apache_airflow/lib/python3.10/site-packages/airflow/example_dags/subdags/subdag.py for tasks to queue
[2023-04-17T08:59:54.927-0300] {logging_mixin.py:137} INFO - [2023-04-17T08:59:54.927-0300] {dagbag.py:532} INFO - Filling up the DagBag from /home/pepino/.virtualenvs/apache_airflow/lib/python3.10/site-packages/airflow/example_dags/subdags/subdag.py
[2023-04-17T08:59:54.929-0300] {processor.py:755} WARNING - No viable dags retrieved from /home/pepino/.virtualenvs/apache_airflow/lib/python3.10/site-packages/airflow/example_dags/subdags/subdag.py
[2023-04-17T08:59:54.936-0300] {processor.py:175} INFO - Processing /home/pepino/.virtualenvs/apache_airflow/lib/python3.10/site-packages/airflow/example_dags/subdags/subdag.py took 0.011 seconds
[2023-04-17T09:00:38.974-0300] {processor.py:153} INFO - Started process (PID=81657) to work on /home/pepino/.virtualenvs/apache_airflow/lib/python3.10/site-packages/airflow/example_dags/subdags/subdag.py
[2023-04-17T09:00:38.983-0300] {processor.py:743} INFO - Processing file /home/pepino/.virtualenvs/apache_airflow/lib/python3.10/site-packages/airflow/example_dags/subdags/subdag.py for tasks to queue
[2023-04-17T09:00:38.984-0300] {logging_mixin.py:137} INFO - [2023-04-17T09:00:38.984-0300] {dagbag.py:532} INFO - Filling up the DagBag from /home/pepino/.virtualenvs/apache_airflow/lib/python3.10/site-packages/airflow/example_dags/subdags/subdag.py
[2023-04-17T09:00:38.989-0300] {processor.py:755} WARNING - No viable dags retrieved from /home/pepino/.virtualenvs/apache_airflow/lib/python3.10/site-packages/airflow/example_dags/subdags/subdag.py
[2023-04-17T09:00:38.996-0300] {processor.py:175} INFO - Processing /home/pepino/.virtualenvs/apache_airflow/lib/python3.10/site-packages/airflow/example_dags/subdags/subdag.py took 0.026 seconds
[2023-04-17T09:01:22.255-0300] {processor.py:153} INFO - Started process (PID=81748) to work on /home/pepino/.virtualenvs/apache_airflow/lib/python3.10/site-packages/airflow/example_dags/subdags/subdag.py
[2023-04-17T09:01:22.263-0300] {processor.py:743} INFO - Processing file /home/pepino/.virtualenvs/apache_airflow/lib/python3.10/site-packages/airflow/example_dags/subdags/subdag.py for tasks to queue
[2023-04-17T09:01:22.264-0300] {logging_mixin.py:137} INFO - [2023-04-17T09:01:22.264-0300] {dagbag.py:532} INFO - Filling up the DagBag from /home/pepino/.virtualenvs/apache_airflow/lib/python3.10/site-packages/airflow/example_dags/subdags/subdag.py
[2023-04-17T09:01:22.270-0300] {processor.py:755} WARNING - No viable dags retrieved from /home/pepino/.virtualenvs/apache_airflow/lib/python3.10/site-packages/airflow/example_dags/subdags/subdag.py
[2023-04-17T09:01:22.276-0300] {processor.py:175} INFO - Processing /home/pepino/.virtualenvs/apache_airflow/lib/python3.10/site-packages/airflow/example_dags/subdags/subdag.py took 0.024 seconds
[2023-04-17T09:02:06.768-0300] {processor.py:153} INFO - Started process (PID=81846) to work on /home/pepino/.virtualenvs/apache_airflow/lib/python3.10/site-packages/airflow/example_dags/subdags/subdag.py
[2023-04-17T09:02:06.777-0300] {processor.py:743} INFO - Processing file /home/pepino/.virtualenvs/apache_airflow/lib/python3.10/site-packages/airflow/example_dags/subdags/subdag.py for tasks to queue
[2023-04-17T09:02:06.778-0300] {logging_mixin.py:137} INFO - [2023-04-17T09:02:06.778-0300] {dagbag.py:532} INFO - Filling up the DagBag from /home/pepino/.virtualenvs/apache_airflow/lib/python3.10/site-packages/airflow/example_dags/subdags/subdag.py
[2023-04-17T09:02:06.784-0300] {processor.py:755} WARNING - No viable dags retrieved from /home/pepino/.virtualenvs/apache_airflow/lib/python3.10/site-packages/airflow/example_dags/subdags/subdag.py
[2023-04-17T09:02:06.792-0300] {processor.py:175} INFO - Processing /home/pepino/.virtualenvs/apache_airflow/lib/python3.10/site-packages/airflow/example_dags/subdags/subdag.py took 0.025 seconds
[2023-04-17T09:02:48.188-0300] {processor.py:153} INFO - Started process (PID=81928) to work on /home/pepino/.virtualenvs/apache_airflow/lib/python3.10/site-packages/airflow/example_dags/subdags/subdag.py
[2023-04-17T09:02:48.196-0300] {processor.py:743} INFO - Processing file /home/pepino/.virtualenvs/apache_airflow/lib/python3.10/site-packages/airflow/example_dags/subdags/subdag.py for tasks to queue
[2023-04-17T09:02:48.197-0300] {logging_mixin.py:137} INFO - [2023-04-17T09:02:48.197-0300] {dagbag.py:532} INFO - Filling up the DagBag from /home/pepino/.virtualenvs/apache_airflow/lib/python3.10/site-packages/airflow/example_dags/subdags/subdag.py
[2023-04-17T09:02:48.203-0300] {processor.py:755} WARNING - No viable dags retrieved from /home/pepino/.virtualenvs/apache_airflow/lib/python3.10/site-packages/airflow/example_dags/subdags/subdag.py
[2023-04-17T09:02:48.212-0300] {processor.py:175} INFO - Processing /home/pepino/.virtualenvs/apache_airflow/lib/python3.10/site-packages/airflow/example_dags/subdags/subdag.py took 0.027 seconds
[2023-04-17T09:03:31.813-0300] {processor.py:153} INFO - Started process (PID=82015) to work on /home/pepino/.virtualenvs/apache_airflow/lib/python3.10/site-packages/airflow/example_dags/subdags/subdag.py
[2023-04-17T09:03:31.821-0300] {processor.py:743} INFO - Processing file /home/pepino/.virtualenvs/apache_airflow/lib/python3.10/site-packages/airflow/example_dags/subdags/subdag.py for tasks to queue
[2023-04-17T09:03:31.821-0300] {logging_mixin.py:137} INFO - [2023-04-17T09:03:31.821-0300] {dagbag.py:532} INFO - Filling up the DagBag from /home/pepino/.virtualenvs/apache_airflow/lib/python3.10/site-packages/airflow/example_dags/subdags/subdag.py
[2023-04-17T09:03:31.824-0300] {processor.py:755} WARNING - No viable dags retrieved from /home/pepino/.virtualenvs/apache_airflow/lib/python3.10/site-packages/airflow/example_dags/subdags/subdag.py
[2023-04-17T09:03:31.830-0300] {processor.py:175} INFO - Processing /home/pepino/.virtualenvs/apache_airflow/lib/python3.10/site-packages/airflow/example_dags/subdags/subdag.py took 0.021 seconds
[2023-04-17T09:04:15.299-0300] {processor.py:153} INFO - Started process (PID=82149) to work on /home/pepino/.virtualenvs/apache_airflow/lib/python3.10/site-packages/airflow/example_dags/subdags/subdag.py
[2023-04-17T09:04:15.331-0300] {processor.py:743} INFO - Processing file /home/pepino/.virtualenvs/apache_airflow/lib/python3.10/site-packages/airflow/example_dags/subdags/subdag.py for tasks to queue
[2023-04-17T09:04:15.333-0300] {logging_mixin.py:137} INFO - [2023-04-17T09:04:15.333-0300] {dagbag.py:532} INFO - Filling up the DagBag from /home/pepino/.virtualenvs/apache_airflow/lib/python3.10/site-packages/airflow/example_dags/subdags/subdag.py
[2023-04-17T09:04:15.339-0300] {processor.py:755} WARNING - No viable dags retrieved from /home/pepino/.virtualenvs/apache_airflow/lib/python3.10/site-packages/airflow/example_dags/subdags/subdag.py
[2023-04-17T09:04:15.348-0300] {processor.py:175} INFO - Processing /home/pepino/.virtualenvs/apache_airflow/lib/python3.10/site-packages/airflow/example_dags/subdags/subdag.py took 0.050 seconds
[2023-04-17T09:04:54.373-0300] {processor.py:153} INFO - Started process (PID=82268) to work on /home/pepino/.virtualenvs/apache_airflow/lib/python3.10/site-packages/airflow/example_dags/subdags/subdag.py
[2023-04-17T09:04:54.374-0300] {processor.py:743} INFO - Processing file /home/pepino/.virtualenvs/apache_airflow/lib/python3.10/site-packages/airflow/example_dags/subdags/subdag.py for tasks to queue
[2023-04-17T09:04:54.374-0300] {logging_mixin.py:137} INFO - [2023-04-17T09:04:54.374-0300] {dagbag.py:532} INFO - Filling up the DagBag from /home/pepino/.virtualenvs/apache_airflow/lib/python3.10/site-packages/airflow/example_dags/subdags/subdag.py
[2023-04-17T09:04:54.378-0300] {processor.py:755} WARNING - No viable dags retrieved from /home/pepino/.virtualenvs/apache_airflow/lib/python3.10/site-packages/airflow/example_dags/subdags/subdag.py
[2023-04-17T09:04:54.385-0300] {processor.py:175} INFO - Processing /home/pepino/.virtualenvs/apache_airflow/lib/python3.10/site-packages/airflow/example_dags/subdags/subdag.py took 0.014 seconds
[2023-04-17T09:05:33.749-0300] {processor.py:153} INFO - Started process (PID=82355) to work on /home/pepino/.virtualenvs/apache_airflow/lib/python3.10/site-packages/airflow/example_dags/subdags/subdag.py
[2023-04-17T09:05:33.758-0300] {processor.py:743} INFO - Processing file /home/pepino/.virtualenvs/apache_airflow/lib/python3.10/site-packages/airflow/example_dags/subdags/subdag.py for tasks to queue
[2023-04-17T09:05:33.759-0300] {logging_mixin.py:137} INFO - [2023-04-17T09:05:33.759-0300] {dagbag.py:532} INFO - Filling up the DagBag from /home/pepino/.virtualenvs/apache_airflow/lib/python3.10/site-packages/airflow/example_dags/subdags/subdag.py
[2023-04-17T09:05:33.764-0300] {processor.py:755} WARNING - No viable dags retrieved from /home/pepino/.virtualenvs/apache_airflow/lib/python3.10/site-packages/airflow/example_dags/subdags/subdag.py
[2023-04-17T09:05:33.773-0300] {processor.py:175} INFO - Processing /home/pepino/.virtualenvs/apache_airflow/lib/python3.10/site-packages/airflow/example_dags/subdags/subdag.py took 0.027 seconds
[2023-04-17T09:06:08.595-0300] {processor.py:153} INFO - Started process (PID=82440) to work on /home/pepino/.virtualenvs/apache_airflow/lib/python3.10/site-packages/airflow/example_dags/subdags/subdag.py
[2023-04-17T09:06:08.596-0300] {processor.py:743} INFO - Processing file /home/pepino/.virtualenvs/apache_airflow/lib/python3.10/site-packages/airflow/example_dags/subdags/subdag.py for tasks to queue
[2023-04-17T09:06:08.596-0300] {logging_mixin.py:137} INFO - [2023-04-17T09:06:08.596-0300] {dagbag.py:532} INFO - Filling up the DagBag from /home/pepino/.virtualenvs/apache_airflow/lib/python3.10/site-packages/airflow/example_dags/subdags/subdag.py
[2023-04-17T09:06:08.600-0300] {processor.py:755} WARNING - No viable dags retrieved from /home/pepino/.virtualenvs/apache_airflow/lib/python3.10/site-packages/airflow/example_dags/subdags/subdag.py
[2023-04-17T09:06:08.606-0300] {processor.py:175} INFO - Processing /home/pepino/.virtualenvs/apache_airflow/lib/python3.10/site-packages/airflow/example_dags/subdags/subdag.py took 0.014 seconds
[2023-04-17T09:06:52.025-0300] {processor.py:153} INFO - Started process (PID=82560) to work on /home/pepino/.virtualenvs/apache_airflow/lib/python3.10/site-packages/airflow/example_dags/subdags/subdag.py
[2023-04-17T09:06:52.033-0300] {processor.py:743} INFO - Processing file /home/pepino/.virtualenvs/apache_airflow/lib/python3.10/site-packages/airflow/example_dags/subdags/subdag.py for tasks to queue
[2023-04-17T09:06:52.035-0300] {logging_mixin.py:137} INFO - [2023-04-17T09:06:52.034-0300] {dagbag.py:532} INFO - Filling up the DagBag from /home/pepino/.virtualenvs/apache_airflow/lib/python3.10/site-packages/airflow/example_dags/subdags/subdag.py
[2023-04-17T09:06:52.039-0300] {processor.py:755} WARNING - No viable dags retrieved from /home/pepino/.virtualenvs/apache_airflow/lib/python3.10/site-packages/airflow/example_dags/subdags/subdag.py
[2023-04-17T09:06:52.046-0300] {processor.py:175} INFO - Processing /home/pepino/.virtualenvs/apache_airflow/lib/python3.10/site-packages/airflow/example_dags/subdags/subdag.py took 0.024 seconds
[2023-04-17T09:07:26.538-0300] {processor.py:153} INFO - Started process (PID=82630) to work on /home/pepino/.virtualenvs/apache_airflow/lib/python3.10/site-packages/airflow/example_dags/subdags/subdag.py
[2023-04-17T09:07:26.547-0300] {processor.py:743} INFO - Processing file /home/pepino/.virtualenvs/apache_airflow/lib/python3.10/site-packages/airflow/example_dags/subdags/subdag.py for tasks to queue
[2023-04-17T09:07:26.548-0300] {logging_mixin.py:137} INFO - [2023-04-17T09:07:26.547-0300] {dagbag.py:532} INFO - Filling up the DagBag from /home/pepino/.virtualenvs/apache_airflow/lib/python3.10/site-packages/airflow/example_dags/subdags/subdag.py
[2023-04-17T09:07:26.554-0300] {processor.py:755} WARNING - No viable dags retrieved from /home/pepino/.virtualenvs/apache_airflow/lib/python3.10/site-packages/airflow/example_dags/subdags/subdag.py
[2023-04-17T09:07:26.561-0300] {processor.py:175} INFO - Processing /home/pepino/.virtualenvs/apache_airflow/lib/python3.10/site-packages/airflow/example_dags/subdags/subdag.py took 0.028 seconds
[2023-04-17T09:08:01.369-0300] {processor.py:153} INFO - Started process (PID=82713) to work on /home/pepino/.virtualenvs/apache_airflow/lib/python3.10/site-packages/airflow/example_dags/subdags/subdag.py
[2023-04-17T09:08:01.370-0300] {processor.py:743} INFO - Processing file /home/pepino/.virtualenvs/apache_airflow/lib/python3.10/site-packages/airflow/example_dags/subdags/subdag.py for tasks to queue
[2023-04-17T09:08:01.370-0300] {logging_mixin.py:137} INFO - [2023-04-17T09:08:01.370-0300] {dagbag.py:532} INFO - Filling up the DagBag from /home/pepino/.virtualenvs/apache_airflow/lib/python3.10/site-packages/airflow/example_dags/subdags/subdag.py
[2023-04-17T09:08:01.373-0300] {processor.py:755} WARNING - No viable dags retrieved from /home/pepino/.virtualenvs/apache_airflow/lib/python3.10/site-packages/airflow/example_dags/subdags/subdag.py
[2023-04-17T09:08:01.379-0300] {processor.py:175} INFO - Processing /home/pepino/.virtualenvs/apache_airflow/lib/python3.10/site-packages/airflow/example_dags/subdags/subdag.py took 0.012 seconds
[2023-04-17T09:08:36.509-0300] {processor.py:153} INFO - Started process (PID=82799) to work on /home/pepino/.virtualenvs/apache_airflow/lib/python3.10/site-packages/airflow/example_dags/subdags/subdag.py
[2023-04-17T09:08:36.518-0300] {processor.py:743} INFO - Processing file /home/pepino/.virtualenvs/apache_airflow/lib/python3.10/site-packages/airflow/example_dags/subdags/subdag.py for tasks to queue
[2023-04-17T09:08:36.519-0300] {logging_mixin.py:137} INFO - [2023-04-17T09:08:36.519-0300] {dagbag.py:532} INFO - Filling up the DagBag from /home/pepino/.virtualenvs/apache_airflow/lib/python3.10/site-packages/airflow/example_dags/subdags/subdag.py
[2023-04-17T09:08:36.525-0300] {processor.py:755} WARNING - No viable dags retrieved from /home/pepino/.virtualenvs/apache_airflow/lib/python3.10/site-packages/airflow/example_dags/subdags/subdag.py
[2023-04-17T09:08:36.533-0300] {processor.py:175} INFO - Processing /home/pepino/.virtualenvs/apache_airflow/lib/python3.10/site-packages/airflow/example_dags/subdags/subdag.py took 0.028 seconds
