[2023-04-15T11:25:53.014-0300] {processor.py:153} INFO - Started process (PID=16665) to work on /home/pepino/Desktop/Maestría Udesa/Segundo Año/Programación Avanzada para grandes volúmenes de datos/airflow/dags/webserver_config.py
[2023-04-15T11:25:53.015-0300] {processor.py:743} INFO - Processing file /home/pepino/Desktop/Maestría Udesa/Segundo Año/Programación Avanzada para grandes volúmenes de datos/airflow/dags/webserver_config.py for tasks to queue
[2023-04-15T11:25:53.015-0300] {logging_mixin.py:137} INFO - [2023-04-15T11:25:53.015-0300] {dagbag.py:532} INFO - Filling up the DagBag from /home/pepino/Desktop/Maestría Udesa/Segundo Año/Programación Avanzada para grandes volúmenes de datos/airflow/dags/webserver_config.py
[2023-04-15T11:25:53.022-0300] {processor.py:753} INFO - DAG(s) dict_keys(['test']) retrieved from /home/pepino/Desktop/Maestría Udesa/Segundo Año/Programación Avanzada para grandes volúmenes de datos/airflow/dags/webserver_config.py
[2023-04-15T11:25:53.158-0300] {logging_mixin.py:137} INFO - [2023-04-15T11:25:53.157-0300] {manager.py:504} INFO - Created Permission View: can edit on DAG:test
[2023-04-15T11:25:53.177-0300] {logging_mixin.py:137} INFO - [2023-04-15T11:25:53.177-0300] {manager.py:504} INFO - Created Permission View: can delete on DAG:test
[2023-04-15T11:25:53.194-0300] {logging_mixin.py:137} INFO - [2023-04-15T11:25:53.193-0300] {manager.py:504} INFO - Created Permission View: can read on DAG:test
[2023-04-15T11:25:53.194-0300] {logging_mixin.py:137} INFO - [2023-04-15T11:25:53.194-0300] {dag.py:2705} INFO - Sync 1 DAGs
[2023-04-15T11:25:53.204-0300] {logging_mixin.py:137} INFO - [2023-04-15T11:25:53.204-0300] {dag.py:2726} INFO - Creating ORM DAG for test
[2023-04-15T11:25:53.209-0300] {logging_mixin.py:137} INFO - [2023-04-15T11:25:53.209-0300] {dag.py:3452} INFO - Setting next_dagrun for test to None, run_after=None
[2023-04-15T11:25:53.236-0300] {processor.py:175} INFO - Processing /home/pepino/Desktop/Maestría Udesa/Segundo Año/Programación Avanzada para grandes volúmenes de datos/airflow/dags/webserver_config.py took 0.223 seconds
[2023-04-15T11:26:33.831-0300] {processor.py:153} INFO - Started process (PID=16942) to work on /home/pepino/Desktop/Maestría Udesa/Segundo Año/Programación Avanzada para grandes volúmenes de datos/airflow/dags/webserver_config.py
[2023-04-15T11:26:33.839-0300] {processor.py:743} INFO - Processing file /home/pepino/Desktop/Maestría Udesa/Segundo Año/Programación Avanzada para grandes volúmenes de datos/airflow/dags/webserver_config.py for tasks to queue
[2023-04-15T11:26:33.840-0300] {logging_mixin.py:137} INFO - [2023-04-15T11:26:33.839-0300] {dagbag.py:532} INFO - Filling up the DagBag from /home/pepino/Desktop/Maestría Udesa/Segundo Año/Programación Avanzada para grandes volúmenes de datos/airflow/dags/webserver_config.py
[2023-04-15T11:26:33.851-0300] {processor.py:753} INFO - DAG(s) dict_keys(['test']) retrieved from /home/pepino/Desktop/Maestría Udesa/Segundo Año/Programación Avanzada para grandes volúmenes de datos/airflow/dags/webserver_config.py
[2023-04-15T11:26:33.861-0300] {logging_mixin.py:137} INFO - [2023-04-15T11:26:33.861-0300] {dag.py:2705} INFO - Sync 1 DAGs
[2023-04-15T11:26:33.943-0300] {logging_mixin.py:137} INFO - [2023-04-15T11:26:33.943-0300] {dag.py:3452} INFO - Setting next_dagrun for test to None, run_after=None
[2023-04-15T11:26:33.985-0300] {processor.py:175} INFO - Processing /home/pepino/Desktop/Maestría Udesa/Segundo Año/Programación Avanzada para grandes volúmenes de datos/airflow/dags/webserver_config.py took 0.158 seconds
[2023-04-15T11:27:17.554-0300] {processor.py:153} INFO - Started process (PID=17019) to work on /home/pepino/Desktop/Maestría Udesa/Segundo Año/Programación Avanzada para grandes volúmenes de datos/airflow/dags/webserver_config.py
[2023-04-15T11:27:17.563-0300] {processor.py:743} INFO - Processing file /home/pepino/Desktop/Maestría Udesa/Segundo Año/Programación Avanzada para grandes volúmenes de datos/airflow/dags/webserver_config.py for tasks to queue
[2023-04-15T11:27:17.565-0300] {logging_mixin.py:137} INFO - [2023-04-15T11:27:17.564-0300] {dagbag.py:532} INFO - Filling up the DagBag from /home/pepino/Desktop/Maestría Udesa/Segundo Año/Programación Avanzada para grandes volúmenes de datos/airflow/dags/webserver_config.py
[2023-04-15T11:27:17.582-0300] {processor.py:753} INFO - DAG(s) dict_keys(['test']) retrieved from /home/pepino/Desktop/Maestría Udesa/Segundo Año/Programación Avanzada para grandes volúmenes de datos/airflow/dags/webserver_config.py
[2023-04-15T11:27:17.595-0300] {logging_mixin.py:137} INFO - [2023-04-15T11:27:17.595-0300] {dag.py:2705} INFO - Sync 1 DAGs
[2023-04-15T11:27:17.663-0300] {logging_mixin.py:137} INFO - [2023-04-15T11:27:17.663-0300] {dag.py:3452} INFO - Setting next_dagrun for test to None, run_after=None
[2023-04-15T11:27:17.681-0300] {processor.py:175} INFO - Processing /home/pepino/Desktop/Maestría Udesa/Segundo Año/Programación Avanzada para grandes volúmenes de datos/airflow/dags/webserver_config.py took 0.131 seconds
[2023-04-15T11:27:59.698-0300] {processor.py:153} INFO - Started process (PID=17098) to work on /home/pepino/Desktop/Maestría Udesa/Segundo Año/Programación Avanzada para grandes volúmenes de datos/airflow/dags/webserver_config.py
[2023-04-15T11:27:59.699-0300] {processor.py:743} INFO - Processing file /home/pepino/Desktop/Maestría Udesa/Segundo Año/Programación Avanzada para grandes volúmenes de datos/airflow/dags/webserver_config.py for tasks to queue
[2023-04-15T11:27:59.700-0300] {logging_mixin.py:137} INFO - [2023-04-15T11:27:59.700-0300] {dagbag.py:532} INFO - Filling up the DagBag from /home/pepino/Desktop/Maestría Udesa/Segundo Año/Programación Avanzada para grandes volúmenes de datos/airflow/dags/webserver_config.py
[2023-04-15T11:27:59.713-0300] {processor.py:753} INFO - DAG(s) dict_keys(['test']) retrieved from /home/pepino/Desktop/Maestría Udesa/Segundo Año/Programación Avanzada para grandes volúmenes de datos/airflow/dags/webserver_config.py
[2023-04-15T11:27:59.780-0300] {logging_mixin.py:137} INFO - [2023-04-15T11:27:59.780-0300] {dag.py:2705} INFO - Sync 1 DAGs
[2023-04-15T11:27:59.788-0300] {logging_mixin.py:137} INFO - [2023-04-15T11:27:59.788-0300] {dag.py:3452} INFO - Setting next_dagrun for test to None, run_after=None
[2023-04-15T11:27:59.804-0300] {processor.py:175} INFO - Processing /home/pepino/Desktop/Maestría Udesa/Segundo Año/Programación Avanzada para grandes volúmenes de datos/airflow/dags/webserver_config.py took 0.111 seconds
