[2023-04-17T08:49:43.466-0300] {manager.py:487} INFO - Processing files using up to 1 processes at a time 
[2023-04-17T08:49:43.467-0300] {manager.py:488} INFO - Process each file at most once every 30 seconds
[2023-04-17T08:49:43.467-0300] {manager.py:489} INFO - Checking for new files in /home/pepino/Desktop/Maestría Udesa/Segundo Año/Programación Avanzada para grandes volúmenes de datos/airflow/airflow/dags every 300 seconds
[2023-04-17T08:49:43.467-0300] {manager.py:736} INFO - Searching for files in /home/pepino/Desktop/Maestría Udesa/Segundo Año/Programación Avanzada para grandes volúmenes de datos/airflow/airflow/dags
[2023-04-17T08:49:43.471-0300] {manager.py:739} INFO - There are 42 files in /home/pepino/Desktop/Maestría Udesa/Segundo Año/Programación Avanzada para grandes volúmenes de datos/airflow/airflow/dags
[2023-04-17T08:49:43.596-0300] {manager.py:864} INFO - 
================================================================================
DAG File Processing Stats

File Path                                                                                                                              PID    Runtime      # DAGs    # Errors  Last Runtime    Last Run
-------------------------------------------------------------------------------------------------------------------------------------  -----  ---------  --------  ----------  --------------  -------------------
/home/pepino/.virtualenvs/apache_airflow/lib/python3.10/site-packages/airflow/example_dags/example_branch_labels.py                                             0           0
/home/pepino/.virtualenvs/apache_airflow/lib/python3.10/site-packages/airflow/example_dags/example_bash_operator.py                                             0           0
/home/pepino/.virtualenvs/apache_airflow/lib/python3.10/site-packages/airflow/example_dags/example_task_group.py                                                0           0
/home/pepino/.virtualenvs/apache_airflow/lib/python3.10/site-packages/airflow/example_dags/example_complex.py                                                   0           0
/home/pepino/.virtualenvs/apache_airflow/lib/python3.10/site-packages/airflow/example_dags/example_branch_datetime_operator.py                                  0           0
/home/pepino/.virtualenvs/apache_airflow/lib/python3.10/site-packages/airflow/example_dags/example_subdag_operator.py                                           0           0
/home/pepino/.virtualenvs/apache_airflow/lib/python3.10/site-packages/airflow/example_dags/example_xcomargs.py                                                  0           0
/home/pepino/.virtualenvs/apache_airflow/lib/python3.10/site-packages/airflow/example_dags/example_branch_day_of_week_operator.py                               0           0
/home/pepino/.virtualenvs/apache_airflow/lib/python3.10/site-packages/airflow/example_dags/example_sensor_decorator.py                                          0           0
/home/pepino/.virtualenvs/apache_airflow/lib/python3.10/site-packages/airflow/example_dags/example_latest_only_with_trigger.py                                  0           0
/home/pepino/.virtualenvs/apache_airflow/lib/python3.10/site-packages/airflow/example_dags/tutorial_taskflow_api_virtualenv.py                                  0           0
/home/pepino/.virtualenvs/apache_airflow/lib/python3.10/site-packages/airflow/example_dags/example_datasets.py                                                  0           0
/home/pepino/.virtualenvs/apache_airflow/lib/python3.10/site-packages/airflow/example_dags/example_dag_decorator.py                                             0           0
/home/pepino/.virtualenvs/apache_airflow/lib/python3.10/site-packages/airflow/example_dags/example_time_delta_sensor_async.py                                   0           0
/home/pepino/.virtualenvs/apache_airflow/lib/python3.10/site-packages/airflow/example_dags/tutorial_dag.py                                                      0           0
/home/pepino/.virtualenvs/apache_airflow/lib/python3.10/site-packages/airflow/example_dags/example_short_circuit_decorator.py                                   0           0
/home/pepino/.virtualenvs/apache_airflow/lib/python3.10/site-packages/airflow/example_dags/example_nested_branch_dag.py                                         0           0
/home/pepino/.virtualenvs/apache_airflow/lib/python3.10/site-packages/airflow/example_dags/example_task_group_decorator.py                                      0           0
/home/pepino/.virtualenvs/apache_airflow/lib/python3.10/site-packages/airflow/example_dags/example_latest_only.py                                               0           0
/home/pepino/.virtualenvs/apache_airflow/lib/python3.10/site-packages/airflow/example_dags/example_branch_python_dop_operator_3.py                              0           0
/home/pepino/.virtualenvs/apache_airflow/lib/python3.10/site-packages/airflow/example_dags/example_sla_dag.py                                                   0           0
/home/pepino/.virtualenvs/apache_airflow/lib/python3.10/site-packages/airflow/example_dags/example_branch_operator_decorator.py                                 0           0
/home/pepino/.virtualenvs/apache_airflow/lib/python3.10/site-packages/airflow/example_dags/example_dynamic_task_mapping.py                                      0           0
/home/pepino/.virtualenvs/apache_airflow/lib/python3.10/site-packages/airflow/example_dags/tutorial_taskflow_api.py                                             0           0
/home/pepino/.virtualenvs/apache_airflow/lib/python3.10/site-packages/airflow/example_dags/example_sensors.py                                                   0           0
/home/pepino/.virtualenvs/apache_airflow/lib/python3.10/site-packages/airflow/example_dags/example_trigger_target_dag.py                                        0           0
/home/pepino/.virtualenvs/apache_airflow/lib/python3.10/site-packages/airflow/example_dags/example_params_ui_tutorial.py                                        0           0
/home/pepino/.virtualenvs/apache_airflow/lib/python3.10/site-packages/airflow/example_dags/example_skip_dag.py                                                  0           0
/home/pepino/.virtualenvs/apache_airflow/lib/python3.10/site-packages/airflow/example_dags/tutorial.py                                                          0           0
/home/pepino/.virtualenvs/apache_airflow/lib/python3.10/site-packages/airflow/example_dags/example_passing_params_via_test_command.py                           0           0
/home/pepino/.virtualenvs/apache_airflow/lib/python3.10/site-packages/airflow/example_dags/example_local_kubernetes_executor.py                                 0           0
/home/pepino/.virtualenvs/apache_airflow/lib/python3.10/site-packages/airflow/example_dags/example_xcom.py                                                      0           0
/home/pepino/.virtualenvs/apache_airflow/lib/python3.10/site-packages/airflow/example_dags/example_branch_operator.py                                           0           0
/home/pepino/.virtualenvs/apache_airflow/lib/python3.10/site-packages/airflow/example_dags/example_kubernetes_executor.py                                       0           0
/home/pepino/.virtualenvs/apache_airflow/lib/python3.10/site-packages/airflow/example_dags/example_python_operator.py                                           0           0
/home/pepino/.virtualenvs/apache_airflow/lib/python3.10/site-packages/airflow/example_dags/example_external_task_marker_dag.py                                  0           0
/home/pepino/.virtualenvs/apache_airflow/lib/python3.10/site-packages/airflow/example_dags/example_short_circuit_operator.py                                    0           0
/home/pepino/.virtualenvs/apache_airflow/lib/python3.10/site-packages/airflow/example_dags/example_trigger_controller_dag.py                                    0           0
/home/pepino/.virtualenvs/apache_airflow/lib/python3.10/site-packages/airflow/example_dags/plugins/event_listener.py                                            0           0
/home/pepino/.virtualenvs/apache_airflow/lib/python3.10/site-packages/airflow/example_dags/plugins/listener_plugin.py                                           0           0
/home/pepino/.virtualenvs/apache_airflow/lib/python3.10/site-packages/airflow/example_dags/plugins/workday.py                                                   0           0
/home/pepino/.virtualenvs/apache_airflow/lib/python3.10/site-packages/airflow/example_dags/subdags/subdag.py                                                    0           0  0.10s           2023-04-17T11:49:43
================================================================================
[2023-04-17T08:50:14.000-0300] {manager.py:864} INFO - 
================================================================================
DAG File Processing Stats

File Path                                                                                                                              PID    Runtime      # DAGs    # Errors  Last Runtime    Last Run
-------------------------------------------------------------------------------------------------------------------------------------  -----  ---------  --------  ----------  --------------  -------------------
/home/pepino/.virtualenvs/apache_airflow/lib/python3.10/site-packages/airflow/example_dags/example_sensors.py                                                   0           0
/home/pepino/.virtualenvs/apache_airflow/lib/python3.10/site-packages/airflow/example_dags/example_trigger_target_dag.py                                        0           0
/home/pepino/.virtualenvs/apache_airflow/lib/python3.10/site-packages/airflow/example_dags/example_params_ui_tutorial.py                                        0           0
/home/pepino/.virtualenvs/apache_airflow/lib/python3.10/site-packages/airflow/example_dags/example_skip_dag.py                                                  0           0
/home/pepino/.virtualenvs/apache_airflow/lib/python3.10/site-packages/airflow/example_dags/tutorial.py                                                          0           0
/home/pepino/.virtualenvs/apache_airflow/lib/python3.10/site-packages/airflow/example_dags/example_passing_params_via_test_command.py                           0           0
/home/pepino/.virtualenvs/apache_airflow/lib/python3.10/site-packages/airflow/example_dags/example_local_kubernetes_executor.py                                 0           0
/home/pepino/.virtualenvs/apache_airflow/lib/python3.10/site-packages/airflow/example_dags/example_xcom.py                                                      0           0
/home/pepino/.virtualenvs/apache_airflow/lib/python3.10/site-packages/airflow/example_dags/example_branch_operator.py                                           0           0
/home/pepino/.virtualenvs/apache_airflow/lib/python3.10/site-packages/airflow/example_dags/example_kubernetes_executor.py                                       0           0
/home/pepino/.virtualenvs/apache_airflow/lib/python3.10/site-packages/airflow/example_dags/example_python_operator.py                                           0           0
/home/pepino/.virtualenvs/apache_airflow/lib/python3.10/site-packages/airflow/example_dags/example_external_task_marker_dag.py                                  0           0
/home/pepino/.virtualenvs/apache_airflow/lib/python3.10/site-packages/airflow/example_dags/example_short_circuit_operator.py                                    0           0
/home/pepino/.virtualenvs/apache_airflow/lib/python3.10/site-packages/airflow/example_dags/example_trigger_controller_dag.py                                    0           0
/home/pepino/.virtualenvs/apache_airflow/lib/python3.10/site-packages/airflow/example_dags/plugins/event_listener.py                                            0           0
/home/pepino/.virtualenvs/apache_airflow/lib/python3.10/site-packages/airflow/example_dags/plugins/listener_plugin.py                                           0           0
/home/pepino/.virtualenvs/apache_airflow/lib/python3.10/site-packages/airflow/example_dags/plugins/workday.py                                                   0           0
/home/pepino/.virtualenvs/apache_airflow/lib/python3.10/site-packages/airflow/example_dags/subdags/subdag.py                                                    0           0  0.10s           2023-04-17T11:49:43
/home/pepino/.virtualenvs/apache_airflow/lib/python3.10/site-packages/airflow/example_dags/example_branch_labels.py                                             1           0  0.31s           2023-04-17T11:49:44
/home/pepino/.virtualenvs/apache_airflow/lib/python3.10/site-packages/airflow/example_dags/example_bash_operator.py                                             1           0  0.31s           2023-04-17T11:49:46
/home/pepino/.virtualenvs/apache_airflow/lib/python3.10/site-packages/airflow/example_dags/example_task_group.py                                                1           0  0.31s           2023-04-17T11:49:47
/home/pepino/.virtualenvs/apache_airflow/lib/python3.10/site-packages/airflow/example_dags/example_complex.py                                                   1           0  0.31s           2023-04-17T11:49:48
/home/pepino/.virtualenvs/apache_airflow/lib/python3.10/site-packages/airflow/example_dags/example_branch_day_of_week_operator.py                               1           0  0.31s           2023-04-17T11:49:53
/home/pepino/.virtualenvs/apache_airflow/lib/python3.10/site-packages/airflow/example_dags/example_sensor_decorator.py                                          1           0  0.30s           2023-04-17T11:49:54
/home/pepino/.virtualenvs/apache_airflow/lib/python3.10/site-packages/airflow/example_dags/example_latest_only_with_trigger.py                                  1           0  0.30s           2023-04-17T11:49:55
/home/pepino/.virtualenvs/apache_airflow/lib/python3.10/site-packages/airflow/example_dags/tutorial_taskflow_api_virtualenv.py                                  1           0  0.31s           2023-04-17T11:49:56
/home/pepino/.virtualenvs/apache_airflow/lib/python3.10/site-packages/airflow/example_dags/example_dag_decorator.py                                             1           0  0.31s           2023-04-17T11:50:00
/home/pepino/.virtualenvs/apache_airflow/lib/python3.10/site-packages/airflow/example_dags/example_time_delta_sensor_async.py                                   1           0  0.31s           2023-04-17T11:50:01
/home/pepino/.virtualenvs/apache_airflow/lib/python3.10/site-packages/airflow/example_dags/tutorial_dag.py                                                      1           0  0.31s           2023-04-17T11:50:03
/home/pepino/.virtualenvs/apache_airflow/lib/python3.10/site-packages/airflow/example_dags/example_short_circuit_decorator.py                                   1           0  0.30s           2023-04-17T11:50:04
/home/pepino/.virtualenvs/apache_airflow/lib/python3.10/site-packages/airflow/example_dags/example_nested_branch_dag.py                                         1           0  0.31s           2023-04-17T11:50:04
/home/pepino/.virtualenvs/apache_airflow/lib/python3.10/site-packages/airflow/example_dags/example_task_group_decorator.py                                      1           0  0.31s           2023-04-17T11:50:05
/home/pepino/.virtualenvs/apache_airflow/lib/python3.10/site-packages/airflow/example_dags/example_latest_only.py                                               1           0  0.31s           2023-04-17T11:50:07
/home/pepino/.virtualenvs/apache_airflow/lib/python3.10/site-packages/airflow/example_dags/example_branch_python_dop_operator_3.py                              1           0  0.31s           2023-04-17T11:50:08
/home/pepino/.virtualenvs/apache_airflow/lib/python3.10/site-packages/airflow/example_dags/example_sla_dag.py                                                   1           0  0.31s           2023-04-17T11:50:09
/home/pepino/.virtualenvs/apache_airflow/lib/python3.10/site-packages/airflow/example_dags/example_branch_operator_decorator.py                                 1           0  0.31s           2023-04-17T11:50:11
/home/pepino/.virtualenvs/apache_airflow/lib/python3.10/site-packages/airflow/example_dags/example_dynamic_task_mapping.py                                      1           0  0.30s           2023-04-17T11:50:12
/home/pepino/.virtualenvs/apache_airflow/lib/python3.10/site-packages/airflow/example_dags/tutorial_taskflow_api.py                                             1           0  0.31s           2023-04-17T11:50:13
/home/pepino/.virtualenvs/apache_airflow/lib/python3.10/site-packages/airflow/example_dags/example_xcomargs.py                                                  2           0  0.41s           2023-04-17T11:49:53
/home/pepino/.virtualenvs/apache_airflow/lib/python3.10/site-packages/airflow/example_dags/example_branch_datetime_operator.py                                  3           0  0.41s           2023-04-17T11:49:50
/home/pepino/.virtualenvs/apache_airflow/lib/python3.10/site-packages/airflow/example_dags/example_subdag_operator.py                                           3           0  0.31s           2023-04-17T11:49:51
/home/pepino/.virtualenvs/apache_airflow/lib/python3.10/site-packages/airflow/example_dags/example_datasets.py                                                  6           0  1.31s           2023-04-17T11:49:59
================================================================================
[2023-04-17T08:50:44.849-0300] {manager.py:864} INFO - 
================================================================================
DAG File Processing Stats

File Path                                                                                                                              PID    Runtime      # DAGs    # Errors  Last Runtime    Last Run
-------------------------------------------------------------------------------------------------------------------------------------  -----  ---------  --------  ----------  --------------  -------------------
/home/pepino/.virtualenvs/apache_airflow/lib/python3.10/site-packages/airflow/example_dags/example_local_kubernetes_executor.py                                 0           0  0.11s           2023-04-17T11:50:21
/home/pepino/.virtualenvs/apache_airflow/lib/python3.10/site-packages/airflow/example_dags/example_kubernetes_executor.py                                       0           0  0.11s           2023-04-17T11:50:25
/home/pepino/.virtualenvs/apache_airflow/lib/python3.10/site-packages/airflow/example_dags/plugins/event_listener.py                                            0           0  0.10s           2023-04-17T11:50:30
/home/pepino/.virtualenvs/apache_airflow/lib/python3.10/site-packages/airflow/example_dags/plugins/listener_plugin.py                                           0           0  0.11s           2023-04-17T11:50:31
/home/pepino/.virtualenvs/apache_airflow/lib/python3.10/site-packages/airflow/example_dags/plugins/workday.py                                                   0           0  0.20s           2023-04-17T11:50:32
/home/pepino/.virtualenvs/apache_airflow/lib/python3.10/site-packages/airflow/example_dags/subdags/subdag.py                                                    0           0  0.10s           2023-04-17T11:50:33
/home/pepino/.virtualenvs/apache_airflow/lib/python3.10/site-packages/airflow/example_dags/example_branch_labels.py                                             1           0  0.10s           2023-04-17T11:50:34
/home/pepino/.virtualenvs/apache_airflow/lib/python3.10/site-packages/airflow/example_dags/example_bash_operator.py                                             1           0  0.21s           2023-04-17T11:50:35
/home/pepino/.virtualenvs/apache_airflow/lib/python3.10/site-packages/airflow/example_dags/example_task_group.py                                                1           0  0.11s           2023-04-17T11:50:36
/home/pepino/.virtualenvs/apache_airflow/lib/python3.10/site-packages/airflow/example_dags/example_complex.py                                                   1           0  0.10s           2023-04-17T11:50:37
/home/pepino/.virtualenvs/apache_airflow/lib/python3.10/site-packages/airflow/example_dags/example_branch_day_of_week_operator.py                               1           0  0.11s           2023-04-17T11:50:41
/home/pepino/.virtualenvs/apache_airflow/lib/python3.10/site-packages/airflow/example_dags/example_sensor_decorator.py                                          1           0  0.21s           2023-04-17T11:50:42
/home/pepino/.virtualenvs/apache_airflow/lib/python3.10/site-packages/airflow/example_dags/example_latest_only_with_trigger.py                                  1           0  0.10s           2023-04-17T11:50:43
/home/pepino/.virtualenvs/apache_airflow/lib/python3.10/site-packages/airflow/example_dags/tutorial_taskflow_api_virtualenv.py                                  1           0  0.21s           2023-04-17T11:50:44
/home/pepino/.virtualenvs/apache_airflow/lib/python3.10/site-packages/airflow/example_dags/example_dag_decorator.py                                             1           0  0.31s           2023-04-17T11:50:00
/home/pepino/.virtualenvs/apache_airflow/lib/python3.10/site-packages/airflow/example_dags/example_time_delta_sensor_async.py                                   1           0  0.31s           2023-04-17T11:50:01
/home/pepino/.virtualenvs/apache_airflow/lib/python3.10/site-packages/airflow/example_dags/tutorial_dag.py                                                      1           0  0.31s           2023-04-17T11:50:03
/home/pepino/.virtualenvs/apache_airflow/lib/python3.10/site-packages/airflow/example_dags/example_short_circuit_decorator.py                                   1           0  0.30s           2023-04-17T11:50:04
/home/pepino/.virtualenvs/apache_airflow/lib/python3.10/site-packages/airflow/example_dags/example_nested_branch_dag.py                                         1           0  0.31s           2023-04-17T11:50:04
/home/pepino/.virtualenvs/apache_airflow/lib/python3.10/site-packages/airflow/example_dags/example_task_group_decorator.py                                      1           0  0.31s           2023-04-17T11:50:05
/home/pepino/.virtualenvs/apache_airflow/lib/python3.10/site-packages/airflow/example_dags/example_latest_only.py                                               1           0  0.31s           2023-04-17T11:50:07
/home/pepino/.virtualenvs/apache_airflow/lib/python3.10/site-packages/airflow/example_dags/example_branch_python_dop_operator_3.py                              1           0  0.31s           2023-04-17T11:50:08
/home/pepino/.virtualenvs/apache_airflow/lib/python3.10/site-packages/airflow/example_dags/example_sla_dag.py                                                   1           0  0.31s           2023-04-17T11:50:09
/home/pepino/.virtualenvs/apache_airflow/lib/python3.10/site-packages/airflow/example_dags/example_branch_operator_decorator.py                                 1           0  0.31s           2023-04-17T11:50:11
/home/pepino/.virtualenvs/apache_airflow/lib/python3.10/site-packages/airflow/example_dags/example_dynamic_task_mapping.py                                      1           0  0.30s           2023-04-17T11:50:12
/home/pepino/.virtualenvs/apache_airflow/lib/python3.10/site-packages/airflow/example_dags/tutorial_taskflow_api.py                                             1           0  0.31s           2023-04-17T11:50:13
/home/pepino/.virtualenvs/apache_airflow/lib/python3.10/site-packages/airflow/example_dags/example_sensors.py                                                   1           0  0.31s           2023-04-17T11:50:14
/home/pepino/.virtualenvs/apache_airflow/lib/python3.10/site-packages/airflow/example_dags/example_trigger_target_dag.py                                        1           0  0.31s           2023-04-17T11:50:15
/home/pepino/.virtualenvs/apache_airflow/lib/python3.10/site-packages/airflow/example_dags/example_params_ui_tutorial.py                                        1           0  0.31s           2023-04-17T11:50:16
/home/pepino/.virtualenvs/apache_airflow/lib/python3.10/site-packages/airflow/example_dags/example_skip_dag.py                                                  1           0  0.31s           2023-04-17T11:50:18
/home/pepino/.virtualenvs/apache_airflow/lib/python3.10/site-packages/airflow/example_dags/tutorial.py                                                          1           0  0.31s           2023-04-17T11:50:19
/home/pepino/.virtualenvs/apache_airflow/lib/python3.10/site-packages/airflow/example_dags/example_passing_params_via_test_command.py                           1           0  0.31s           2023-04-17T11:50:20
/home/pepino/.virtualenvs/apache_airflow/lib/python3.10/site-packages/airflow/example_dags/example_xcom.py                                                      1           0  0.31s           2023-04-17T11:50:23
/home/pepino/.virtualenvs/apache_airflow/lib/python3.10/site-packages/airflow/example_dags/example_branch_operator.py                                           1           0  0.31s           2023-04-17T11:50:24
/home/pepino/.virtualenvs/apache_airflow/lib/python3.10/site-packages/airflow/example_dags/example_python_operator.py                                           1           0  0.30s           2023-04-17T11:50:26
/home/pepino/.virtualenvs/apache_airflow/lib/python3.10/site-packages/airflow/example_dags/example_short_circuit_operator.py                                    1           0  0.31s           2023-04-17T11:50:28
/home/pepino/.virtualenvs/apache_airflow/lib/python3.10/site-packages/airflow/example_dags/example_trigger_controller_dag.py                                    1           0  0.31s           2023-04-17T11:50:29
/home/pepino/.virtualenvs/apache_airflow/lib/python3.10/site-packages/airflow/example_dags/example_xcomargs.py                                                  2           0  0.21s           2023-04-17T11:50:41
/home/pepino/.virtualenvs/apache_airflow/lib/python3.10/site-packages/airflow/example_dags/example_external_task_marker_dag.py                                  2           0  0.31s           2023-04-17T11:50:27
/home/pepino/.virtualenvs/apache_airflow/lib/python3.10/site-packages/airflow/example_dags/example_branch_datetime_operator.py                                  3           0  0.10s           2023-04-17T11:50:38
/home/pepino/.virtualenvs/apache_airflow/lib/python3.10/site-packages/airflow/example_dags/example_subdag_operator.py                                           3           0  0.10s           2023-04-17T11:50:39
/home/pepino/.virtualenvs/apache_airflow/lib/python3.10/site-packages/airflow/example_dags/example_datasets.py                                                  6           0  1.31s           2023-04-17T11:49:59
================================================================================
[2023-04-17T08:50:52.166-0300] {manager.py:469} INFO - Exiting gracefully upon receiving signal 15
[2023-04-17T08:51:47.633-0300] {manager.py:487} INFO - Processing files using up to 1 processes at a time 
[2023-04-17T08:51:47.634-0300] {manager.py:488} INFO - Process each file at most once every 30 seconds
[2023-04-17T08:51:47.634-0300] {manager.py:489} INFO - Checking for new files in /home/pepino/Desktop/Maestría Udesa/Segundo Año/Programación Avanzada para grandes volúmenes de datos/airflow/airflow/dags every 300 seconds
[2023-04-17T08:51:47.634-0300] {manager.py:736} INFO - Searching for files in /home/pepino/Desktop/Maestría Udesa/Segundo Año/Programación Avanzada para grandes volúmenes de datos/airflow/airflow/dags
[2023-04-17T08:51:47.639-0300] {manager.py:739} INFO - There are 42 files in /home/pepino/Desktop/Maestría Udesa/Segundo Año/Programación Avanzada para grandes volúmenes de datos/airflow/airflow/dags
[2023-04-17T08:51:47.771-0300] {manager.py:864} INFO - 
================================================================================
DAG File Processing Stats

File Path                                                                                                                              PID    Runtime      # DAGs    # Errors  Last Runtime    Last Run
-------------------------------------------------------------------------------------------------------------------------------------  -----  ---------  --------  ----------  --------------  -------------------
/home/pepino/.virtualenvs/apache_airflow/lib/python3.10/site-packages/airflow/example_dags/example_branch_labels.py                                             0           0
/home/pepino/.virtualenvs/apache_airflow/lib/python3.10/site-packages/airflow/example_dags/example_bash_operator.py                                             0           0
/home/pepino/.virtualenvs/apache_airflow/lib/python3.10/site-packages/airflow/example_dags/example_task_group.py                                                0           0
/home/pepino/.virtualenvs/apache_airflow/lib/python3.10/site-packages/airflow/example_dags/example_complex.py                                                   0           0
/home/pepino/.virtualenvs/apache_airflow/lib/python3.10/site-packages/airflow/example_dags/example_branch_datetime_operator.py                                  0           0
/home/pepino/.virtualenvs/apache_airflow/lib/python3.10/site-packages/airflow/example_dags/example_subdag_operator.py                                           0           0
/home/pepino/.virtualenvs/apache_airflow/lib/python3.10/site-packages/airflow/example_dags/example_xcomargs.py                                                  0           0
/home/pepino/.virtualenvs/apache_airflow/lib/python3.10/site-packages/airflow/example_dags/example_branch_day_of_week_operator.py                               0           0
/home/pepino/.virtualenvs/apache_airflow/lib/python3.10/site-packages/airflow/example_dags/example_sensor_decorator.py                                          0           0
/home/pepino/.virtualenvs/apache_airflow/lib/python3.10/site-packages/airflow/example_dags/example_latest_only_with_trigger.py                                  0           0
/home/pepino/.virtualenvs/apache_airflow/lib/python3.10/site-packages/airflow/example_dags/tutorial_taskflow_api_virtualenv.py                                  0           0
/home/pepino/.virtualenvs/apache_airflow/lib/python3.10/site-packages/airflow/example_dags/example_datasets.py                                                  0           0
/home/pepino/.virtualenvs/apache_airflow/lib/python3.10/site-packages/airflow/example_dags/example_dag_decorator.py                                             0           0
/home/pepino/.virtualenvs/apache_airflow/lib/python3.10/site-packages/airflow/example_dags/example_time_delta_sensor_async.py                                   0           0
/home/pepino/.virtualenvs/apache_airflow/lib/python3.10/site-packages/airflow/example_dags/tutorial_dag.py                                                      0           0
/home/pepino/.virtualenvs/apache_airflow/lib/python3.10/site-packages/airflow/example_dags/example_short_circuit_decorator.py                                   0           0
/home/pepino/.virtualenvs/apache_airflow/lib/python3.10/site-packages/airflow/example_dags/example_nested_branch_dag.py                                         0           0
/home/pepino/.virtualenvs/apache_airflow/lib/python3.10/site-packages/airflow/example_dags/example_task_group_decorator.py                                      0           0
/home/pepino/.virtualenvs/apache_airflow/lib/python3.10/site-packages/airflow/example_dags/example_latest_only.py                                               0           0
/home/pepino/.virtualenvs/apache_airflow/lib/python3.10/site-packages/airflow/example_dags/example_branch_python_dop_operator_3.py                              0           0
/home/pepino/.virtualenvs/apache_airflow/lib/python3.10/site-packages/airflow/example_dags/example_sla_dag.py                                                   0           0
/home/pepino/.virtualenvs/apache_airflow/lib/python3.10/site-packages/airflow/example_dags/example_branch_operator_decorator.py                                 0           0
/home/pepino/.virtualenvs/apache_airflow/lib/python3.10/site-packages/airflow/example_dags/example_dynamic_task_mapping.py                                      0           0
/home/pepino/.virtualenvs/apache_airflow/lib/python3.10/site-packages/airflow/example_dags/tutorial_taskflow_api.py                                             0           0
/home/pepino/.virtualenvs/apache_airflow/lib/python3.10/site-packages/airflow/example_dags/example_sensors.py                                                   0           0
/home/pepino/.virtualenvs/apache_airflow/lib/python3.10/site-packages/airflow/example_dags/example_trigger_target_dag.py                                        0           0
/home/pepino/.virtualenvs/apache_airflow/lib/python3.10/site-packages/airflow/example_dags/example_params_ui_tutorial.py                                        0           0
/home/pepino/.virtualenvs/apache_airflow/lib/python3.10/site-packages/airflow/example_dags/example_skip_dag.py                                                  0           0
/home/pepino/.virtualenvs/apache_airflow/lib/python3.10/site-packages/airflow/example_dags/tutorial.py                                                          0           0
/home/pepino/.virtualenvs/apache_airflow/lib/python3.10/site-packages/airflow/example_dags/example_passing_params_via_test_command.py                           0           0
/home/pepino/.virtualenvs/apache_airflow/lib/python3.10/site-packages/airflow/example_dags/example_local_kubernetes_executor.py                                 0           0
/home/pepino/.virtualenvs/apache_airflow/lib/python3.10/site-packages/airflow/example_dags/example_xcom.py                                                      0           0
/home/pepino/.virtualenvs/apache_airflow/lib/python3.10/site-packages/airflow/example_dags/example_branch_operator.py                                           0           0
/home/pepino/.virtualenvs/apache_airflow/lib/python3.10/site-packages/airflow/example_dags/example_kubernetes_executor.py                                       0           0
/home/pepino/.virtualenvs/apache_airflow/lib/python3.10/site-packages/airflow/example_dags/example_python_operator.py                                           0           0
/home/pepino/.virtualenvs/apache_airflow/lib/python3.10/site-packages/airflow/example_dags/example_external_task_marker_dag.py                                  0           0
/home/pepino/.virtualenvs/apache_airflow/lib/python3.10/site-packages/airflow/example_dags/example_short_circuit_operator.py                                    0           0
/home/pepino/.virtualenvs/apache_airflow/lib/python3.10/site-packages/airflow/example_dags/example_trigger_controller_dag.py                                    0           0
/home/pepino/.virtualenvs/apache_airflow/lib/python3.10/site-packages/airflow/example_dags/plugins/event_listener.py                                            0           0
/home/pepino/.virtualenvs/apache_airflow/lib/python3.10/site-packages/airflow/example_dags/plugins/listener_plugin.py                                           0           0
/home/pepino/.virtualenvs/apache_airflow/lib/python3.10/site-packages/airflow/example_dags/plugins/workday.py                                                   0           0
/home/pepino/.virtualenvs/apache_airflow/lib/python3.10/site-packages/airflow/example_dags/subdags/subdag.py                                                    0           0  0.10s           2023-04-17T11:51:47
================================================================================
[2023-04-17T08:52:17.907-0300] {manager.py:864} INFO - 
================================================================================
DAG File Processing Stats

File Path                                                                                                                              PID    Runtime      # DAGs    # Errors  Last Runtime    Last Run
-------------------------------------------------------------------------------------------------------------------------------------  -----  ---------  --------  ----------  --------------  -------------------
/home/pepino/.virtualenvs/apache_airflow/lib/python3.10/site-packages/airflow/example_dags/example_local_kubernetes_executor.py                                 0           0  0.11s           2023-04-17T11:52:16
/home/pepino/.virtualenvs/apache_airflow/lib/python3.10/site-packages/airflow/example_dags/example_branch_operator.py                                           0           0
/home/pepino/.virtualenvs/apache_airflow/lib/python3.10/site-packages/airflow/example_dags/example_kubernetes_executor.py                                       0           0
/home/pepino/.virtualenvs/apache_airflow/lib/python3.10/site-packages/airflow/example_dags/example_python_operator.py                                           0           0
/home/pepino/.virtualenvs/apache_airflow/lib/python3.10/site-packages/airflow/example_dags/example_external_task_marker_dag.py                                  0           0
/home/pepino/.virtualenvs/apache_airflow/lib/python3.10/site-packages/airflow/example_dags/example_short_circuit_operator.py                                    0           0
/home/pepino/.virtualenvs/apache_airflow/lib/python3.10/site-packages/airflow/example_dags/example_trigger_controller_dag.py                                    0           0
/home/pepino/.virtualenvs/apache_airflow/lib/python3.10/site-packages/airflow/example_dags/plugins/event_listener.py                                            0           0
/home/pepino/.virtualenvs/apache_airflow/lib/python3.10/site-packages/airflow/example_dags/plugins/listener_plugin.py                                           0           0
/home/pepino/.virtualenvs/apache_airflow/lib/python3.10/site-packages/airflow/example_dags/plugins/workday.py                                                   0           0
/home/pepino/.virtualenvs/apache_airflow/lib/python3.10/site-packages/airflow/example_dags/subdags/subdag.py                                                    0           0  0.10s           2023-04-17T11:51:47
/home/pepino/.virtualenvs/apache_airflow/lib/python3.10/site-packages/airflow/example_dags/example_branch_labels.py                                             1           0  0.11s           2023-04-17T11:51:48
/home/pepino/.virtualenvs/apache_airflow/lib/python3.10/site-packages/airflow/example_dags/example_bash_operator.py                                             1           0  0.11s           2023-04-17T11:51:50
/home/pepino/.virtualenvs/apache_airflow/lib/python3.10/site-packages/airflow/example_dags/example_task_group.py                                                1           0  0.11s           2023-04-17T11:51:51
/home/pepino/.virtualenvs/apache_airflow/lib/python3.10/site-packages/airflow/example_dags/example_complex.py                                                   1           0  0.11s           2023-04-17T11:51:52
/home/pepino/.virtualenvs/apache_airflow/lib/python3.10/site-packages/airflow/example_dags/example_branch_day_of_week_operator.py                               1           0  0.11s           2023-04-17T11:51:56
/home/pepino/.virtualenvs/apache_airflow/lib/python3.10/site-packages/airflow/example_dags/example_sensor_decorator.py                                          1           0  0.11s           2023-04-17T11:51:57
/home/pepino/.virtualenvs/apache_airflow/lib/python3.10/site-packages/airflow/example_dags/example_latest_only_with_trigger.py                                  1           0  0.11s           2023-04-17T11:51:57
/home/pepino/.virtualenvs/apache_airflow/lib/python3.10/site-packages/airflow/example_dags/tutorial_taskflow_api_virtualenv.py                                  1           0  0.10s           2023-04-17T11:51:57
/home/pepino/.virtualenvs/apache_airflow/lib/python3.10/site-packages/airflow/example_dags/example_dag_decorator.py                                             1           0  0.10s           2023-04-17T11:52:00
/home/pepino/.virtualenvs/apache_airflow/lib/python3.10/site-packages/airflow/example_dags/example_time_delta_sensor_async.py                                   1           0  0.11s           2023-04-17T11:52:01
/home/pepino/.virtualenvs/apache_airflow/lib/python3.10/site-packages/airflow/example_dags/tutorial_dag.py                                                      1           0  0.11s           2023-04-17T11:52:02
/home/pepino/.virtualenvs/apache_airflow/lib/python3.10/site-packages/airflow/example_dags/example_short_circuit_decorator.py                                   1           0  0.11s           2023-04-17T11:52:02
/home/pepino/.virtualenvs/apache_airflow/lib/python3.10/site-packages/airflow/example_dags/example_nested_branch_dag.py                                         1           0  0.11s           2023-04-17T11:52:03
/home/pepino/.virtualenvs/apache_airflow/lib/python3.10/site-packages/airflow/example_dags/example_task_group_decorator.py                                      1           0  0.11s           2023-04-17T11:52:04
/home/pepino/.virtualenvs/apache_airflow/lib/python3.10/site-packages/airflow/example_dags/example_latest_only.py                                               1           0  0.11s           2023-04-17T11:52:05
/home/pepino/.virtualenvs/apache_airflow/lib/python3.10/site-packages/airflow/example_dags/example_branch_python_dop_operator_3.py                              1           0  0.11s           2023-04-17T11:52:06
/home/pepino/.virtualenvs/apache_airflow/lib/python3.10/site-packages/airflow/example_dags/example_sla_dag.py                                                   1           0  0.11s           2023-04-17T11:52:07
/home/pepino/.virtualenvs/apache_airflow/lib/python3.10/site-packages/airflow/example_dags/example_branch_operator_decorator.py                                 1           0  0.11s           2023-04-17T11:52:07
/home/pepino/.virtualenvs/apache_airflow/lib/python3.10/site-packages/airflow/example_dags/example_dynamic_task_mapping.py                                      1           0  0.11s           2023-04-17T11:52:08
/home/pepino/.virtualenvs/apache_airflow/lib/python3.10/site-packages/airflow/example_dags/tutorial_taskflow_api.py                                             1           0  0.11s           2023-04-17T11:52:09
/home/pepino/.virtualenvs/apache_airflow/lib/python3.10/site-packages/airflow/example_dags/example_sensors.py                                                   1           0  0.11s           2023-04-17T11:52:10
/home/pepino/.virtualenvs/apache_airflow/lib/python3.10/site-packages/airflow/example_dags/example_trigger_target_dag.py                                        1           0  0.11s           2023-04-17T11:52:11
/home/pepino/.virtualenvs/apache_airflow/lib/python3.10/site-packages/airflow/example_dags/example_params_ui_tutorial.py                                        1           0  0.21s           2023-04-17T11:52:12
/home/pepino/.virtualenvs/apache_airflow/lib/python3.10/site-packages/airflow/example_dags/example_skip_dag.py                                                  1           0  0.10s           2023-04-17T11:52:13
/home/pepino/.virtualenvs/apache_airflow/lib/python3.10/site-packages/airflow/example_dags/tutorial.py                                                          1           0  0.10s           2023-04-17T11:52:14
/home/pepino/.virtualenvs/apache_airflow/lib/python3.10/site-packages/airflow/example_dags/example_passing_params_via_test_command.py                           1           0  0.21s           2023-04-17T11:52:15
/home/pepino/.virtualenvs/apache_airflow/lib/python3.10/site-packages/airflow/example_dags/example_xcom.py                                                      1           0  0.11s           2023-04-17T11:52:17
/home/pepino/.virtualenvs/apache_airflow/lib/python3.10/site-packages/airflow/example_dags/example_xcomargs.py                                                  2           0  0.11s           2023-04-17T11:51:55
/home/pepino/.virtualenvs/apache_airflow/lib/python3.10/site-packages/airflow/example_dags/example_branch_datetime_operator.py                                  3           0  0.11s           2023-04-17T11:51:52
/home/pepino/.virtualenvs/apache_airflow/lib/python3.10/site-packages/airflow/example_dags/example_subdag_operator.py                                           3           0  0.11s           2023-04-17T11:51:53
/home/pepino/.virtualenvs/apache_airflow/lib/python3.10/site-packages/airflow/example_dags/example_datasets.py                                                  6           0  0.21s           2023-04-17T11:51:59
================================================================================
[2023-04-17T08:57:03.676-0300] {manager.py:469} INFO - Exiting gracefully upon receiving signal 15
