[2023-04-23T16:17:53.500-0300] {taskinstance.py:1090} INFO - Dependencies all met for dep_context=non-requeueable deps ti=<TaskInstance: trabajo_practico.filtrado manual__2023-04-23T19:17:51.439852+00:00 [queued]>
[2023-04-23T16:17:53.503-0300] {taskinstance.py:1090} INFO - Dependencies all met for dep_context=requeueable deps ti=<TaskInstance: trabajo_practico.filtrado manual__2023-04-23T19:17:51.439852+00:00 [queued]>
[2023-04-23T16:17:53.503-0300] {taskinstance.py:1288} INFO - 
--------------------------------------------------------------------------------
[2023-04-23T16:17:53.504-0300] {taskinstance.py:1289} INFO - Starting attempt 1 of 2
[2023-04-23T16:17:53.504-0300] {taskinstance.py:1290} INFO - 
--------------------------------------------------------------------------------
[2023-04-23T16:17:53.517-0300] {taskinstance.py:1309} INFO - Executing <Task(PythonOperator): filtrado> on 2023-04-23 19:17:51.439852+00:00
[2023-04-23T16:17:53.519-0300] {standard_task_runner.py:55} INFO - Started process 13078 to run task
[2023-04-23T16:17:53.521-0300] {standard_task_runner.py:82} INFO - Running: ['airflow', 'tasks', 'run', 'trabajo_practico', 'filtrado', 'manual__2023-04-23T19:17:51.439852+00:00', '--job-id', '35', '--raw', '--subdir', 'DAGS_FOLDER/dag_tp.py', '--cfg-path', '/tmp/tmpixlmtx2e']
[2023-04-23T16:17:53.521-0300] {standard_task_runner.py:83} INFO - Job 35: Subtask filtrado
[2023-04-23T16:17:53.554-0300] {task_command.py:389} INFO - Running <TaskInstance: trabajo_practico.filtrado manual__2023-04-23T19:17:51.439852+00:00 [running]> on host pepino-ThinkPad-E15-Gen-2
[2023-04-23T16:17:53.647-0300] {taskinstance.py:1516} INFO - Exporting the following env vars:
AIRFLOW_CTX_DAG_OWNER=airflow
AIRFLOW_CTX_DAG_ID=trabajo_practico
AIRFLOW_CTX_TASK_ID=filtrado
AIRFLOW_CTX_EXECUTION_DATE=2023-04-23T19:17:51.439852+00:00
AIRFLOW_CTX_TRY_NUMBER=1
AIRFLOW_CTX_DAG_RUN_ID=manual__2023-04-23T19:17:51.439852+00:00
[2023-04-23T16:17:53.686-0300] {python.py:177} INFO - Done. Returned value was: {'advertiser_id': {}, 'product_id': {}, 'type': {}, 'date': {}}
[2023-04-23T16:17:53.700-0300] {taskinstance.py:1327} INFO - Marking task as SUCCESS. dag_id=trabajo_practico, task_id=filtrado, execution_date=20230423T191751, start_date=20230423T191753, end_date=20230423T191753
[2023-04-23T16:17:53.733-0300] {local_task_job.py:212} INFO - Task exited with return code 0
[2023-04-23T16:17:53.752-0300] {taskinstance.py:2596} INFO - 1 downstream tasks scheduled from follow-on schedule check
