[2023-04-17T08:59:53.780-0300] {processor.py:153} INFO - Started process (PID=81400) to work on /home/pepino/Desktop/Maestría Udesa/Segundo Año/Programación Avanzada para grandes volúmenes de datos/airflow/dags/dag.py
[2023-04-17T08:59:53.781-0300] {processor.py:743} INFO - Processing file /home/pepino/Desktop/Maestría Udesa/Segundo Año/Programación Avanzada para grandes volúmenes de datos/airflow/dags/dag.py for tasks to queue
[2023-04-17T08:59:53.782-0300] {logging_mixin.py:137} INFO - [2023-04-17T08:59:53.782-0300] {dagbag.py:532} INFO - Filling up the DagBag from /home/pepino/Desktop/Maestría Udesa/Segundo Año/Programación Avanzada para grandes volúmenes de datos/airflow/dags/dag.py
[2023-04-17T08:59:53.797-0300] {processor.py:753} INFO - DAG(s) dict_keys(['test_con_jota']) retrieved from /home/pepino/Desktop/Maestría Udesa/Segundo Año/Programación Avanzada para grandes volúmenes de datos/airflow/dags/dag.py
[2023-04-17T08:59:53.806-0300] {logging_mixin.py:137} INFO - [2023-04-17T08:59:53.806-0300] {dag.py:2705} INFO - Sync 1 DAGs
[2023-04-17T08:59:53.815-0300] {logging_mixin.py:137} INFO - [2023-04-17T08:59:53.815-0300] {dag.py:3452} INFO - Setting next_dagrun for test_con_jota to None, run_after=None
[2023-04-17T08:59:53.833-0300] {processor.py:175} INFO - Processing /home/pepino/Desktop/Maestría Udesa/Segundo Año/Programación Avanzada para grandes volúmenes de datos/airflow/dags/dag.py took 0.057 seconds
[2023-04-17T09:00:37.809-0300] {processor.py:153} INFO - Started process (PID=81649) to work on /home/pepino/Desktop/Maestría Udesa/Segundo Año/Programación Avanzada para grandes volúmenes de datos/airflow/dags/dag.py
[2023-04-17T09:00:37.812-0300] {processor.py:743} INFO - Processing file /home/pepino/Desktop/Maestría Udesa/Segundo Año/Programación Avanzada para grandes volúmenes de datos/airflow/dags/dag.py for tasks to queue
[2023-04-17T09:00:37.812-0300] {logging_mixin.py:137} INFO - [2023-04-17T09:00:37.812-0300] {dagbag.py:532} INFO - Filling up the DagBag from /home/pepino/Desktop/Maestría Udesa/Segundo Año/Programación Avanzada para grandes volúmenes de datos/airflow/dags/dag.py
[2023-04-17T09:00:37.827-0300] {processor.py:753} INFO - DAG(s) dict_keys(['test_con_jota']) retrieved from /home/pepino/Desktop/Maestría Udesa/Segundo Año/Programación Avanzada para grandes volúmenes de datos/airflow/dags/dag.py
[2023-04-17T09:00:37.843-0300] {logging_mixin.py:137} INFO - [2023-04-17T09:00:37.842-0300] {dag.py:2705} INFO - Sync 1 DAGs
[2023-04-17T09:00:37.853-0300] {logging_mixin.py:137} INFO - [2023-04-17T09:00:37.853-0300] {dag.py:3452} INFO - Setting next_dagrun for test_con_jota to None, run_after=None
[2023-04-17T09:00:37.877-0300] {processor.py:175} INFO - Processing /home/pepino/Desktop/Maestría Udesa/Segundo Año/Programación Avanzada para grandes volúmenes de datos/airflow/dags/dag.py took 0.071 seconds
[2023-04-17T09:01:21.351-0300] {processor.py:153} INFO - Started process (PID=81746) to work on /home/pepino/Desktop/Maestría Udesa/Segundo Año/Programación Avanzada para grandes volúmenes de datos/airflow/dags/dag.py
[2023-04-17T09:01:21.361-0300] {processor.py:743} INFO - Processing file /home/pepino/Desktop/Maestría Udesa/Segundo Año/Programación Avanzada para grandes volúmenes de datos/airflow/dags/dag.py for tasks to queue
[2023-04-17T09:01:21.361-0300] {logging_mixin.py:137} INFO - [2023-04-17T09:01:21.361-0300] {dagbag.py:532} INFO - Filling up the DagBag from /home/pepino/Desktop/Maestría Udesa/Segundo Año/Programación Avanzada para grandes volúmenes de datos/airflow/dags/dag.py
[2023-04-17T09:01:21.379-0300] {processor.py:753} INFO - DAG(s) dict_keys(['test_con_jota']) retrieved from /home/pepino/Desktop/Maestría Udesa/Segundo Año/Programación Avanzada para grandes volúmenes de datos/airflow/dags/dag.py
[2023-04-17T09:01:21.389-0300] {logging_mixin.py:137} INFO - [2023-04-17T09:01:21.389-0300] {dag.py:2705} INFO - Sync 1 DAGs
[2023-04-17T09:01:21.398-0300] {logging_mixin.py:137} INFO - [2023-04-17T09:01:21.398-0300] {dag.py:3452} INFO - Setting next_dagrun for test_con_jota to None, run_after=None
[2023-04-17T09:01:21.417-0300] {processor.py:175} INFO - Processing /home/pepino/Desktop/Maestría Udesa/Segundo Año/Programación Avanzada para grandes volúmenes de datos/airflow/dags/dag.py took 0.069 seconds
[2023-04-17T09:02:05.602-0300] {processor.py:153} INFO - Started process (PID=81844) to work on /home/pepino/Desktop/Maestría Udesa/Segundo Año/Programación Avanzada para grandes volúmenes de datos/airflow/dags/dag.py
[2023-04-17T09:02:05.603-0300] {processor.py:743} INFO - Processing file /home/pepino/Desktop/Maestría Udesa/Segundo Año/Programación Avanzada para grandes volúmenes de datos/airflow/dags/dag.py for tasks to queue
[2023-04-17T09:02:05.604-0300] {logging_mixin.py:137} INFO - [2023-04-17T09:02:05.604-0300] {dagbag.py:532} INFO - Filling up the DagBag from /home/pepino/Desktop/Maestría Udesa/Segundo Año/Programación Avanzada para grandes volúmenes de datos/airflow/dags/dag.py
[2023-04-17T09:02:05.618-0300] {processor.py:753} INFO - DAG(s) dict_keys(['test_con_jota']) retrieved from /home/pepino/Desktop/Maestría Udesa/Segundo Año/Programación Avanzada para grandes volúmenes de datos/airflow/dags/dag.py
[2023-04-17T09:02:05.621-0300] {logging_mixin.py:137} INFO - [2023-04-17T09:02:05.621-0300] {dag.py:2705} INFO - Sync 1 DAGs
[2023-04-17T09:02:05.630-0300] {logging_mixin.py:137} INFO - [2023-04-17T09:02:05.630-0300] {dag.py:3452} INFO - Setting next_dagrun for test_con_jota to None, run_after=None
[2023-04-17T09:02:05.648-0300] {processor.py:175} INFO - Processing /home/pepino/Desktop/Maestría Udesa/Segundo Año/Programación Avanzada para grandes volúmenes de datos/airflow/dags/dag.py took 0.051 seconds
[2023-04-17T09:02:47.032-0300] {processor.py:153} INFO - Started process (PID=81924) to work on /home/pepino/Desktop/Maestría Udesa/Segundo Año/Programación Avanzada para grandes volúmenes de datos/airflow/dags/dag.py
[2023-04-17T09:02:47.036-0300] {processor.py:743} INFO - Processing file /home/pepino/Desktop/Maestría Udesa/Segundo Año/Programación Avanzada para grandes volúmenes de datos/airflow/dags/dag.py for tasks to queue
[2023-04-17T09:02:47.037-0300] {logging_mixin.py:137} INFO - [2023-04-17T09:02:47.036-0300] {dagbag.py:532} INFO - Filling up the DagBag from /home/pepino/Desktop/Maestría Udesa/Segundo Año/Programación Avanzada para grandes volúmenes de datos/airflow/dags/dag.py
[2023-04-17T09:02:47.048-0300] {processor.py:753} INFO - DAG(s) dict_keys(['test_con_jota']) retrieved from /home/pepino/Desktop/Maestría Udesa/Segundo Año/Programación Avanzada para grandes volúmenes de datos/airflow/dags/dag.py
[2023-04-17T09:02:47.069-0300] {logging_mixin.py:137} INFO - [2023-04-17T09:02:47.069-0300] {dag.py:2705} INFO - Sync 1 DAGs
[2023-04-17T09:02:47.077-0300] {logging_mixin.py:137} INFO - [2023-04-17T09:02:47.077-0300] {dag.py:3452} INFO - Setting next_dagrun for test_con_jota to None, run_after=None
[2023-04-17T09:02:47.094-0300] {processor.py:175} INFO - Processing /home/pepino/Desktop/Maestría Udesa/Segundo Año/Programación Avanzada para grandes volúmenes de datos/airflow/dags/dag.py took 0.064 seconds
[2023-04-17T09:03:30.667-0300] {processor.py:153} INFO - Started process (PID=82012) to work on /home/pepino/Desktop/Maestría Udesa/Segundo Año/Programación Avanzada para grandes volúmenes de datos/airflow/dags/dag.py
[2023-04-17T09:03:30.675-0300] {processor.py:743} INFO - Processing file /home/pepino/Desktop/Maestría Udesa/Segundo Año/Programación Avanzada para grandes volúmenes de datos/airflow/dags/dag.py for tasks to queue
[2023-04-17T09:03:30.676-0300] {logging_mixin.py:137} INFO - [2023-04-17T09:03:30.676-0300] {dagbag.py:532} INFO - Filling up the DagBag from /home/pepino/Desktop/Maestría Udesa/Segundo Año/Programación Avanzada para grandes volúmenes de datos/airflow/dags/dag.py
[2023-04-17T09:03:30.693-0300] {processor.py:753} INFO - DAG(s) dict_keys(['test_con_jota']) retrieved from /home/pepino/Desktop/Maestría Udesa/Segundo Año/Programación Avanzada para grandes volúmenes de datos/airflow/dags/dag.py
[2023-04-17T09:03:30.697-0300] {logging_mixin.py:137} INFO - [2023-04-17T09:03:30.697-0300] {dag.py:2705} INFO - Sync 1 DAGs
[2023-04-17T09:03:30.706-0300] {logging_mixin.py:137} INFO - [2023-04-17T09:03:30.706-0300] {dag.py:3452} INFO - Setting next_dagrun for test_con_jota to None, run_after=None
[2023-04-17T09:03:30.724-0300] {processor.py:175} INFO - Processing /home/pepino/Desktop/Maestría Udesa/Segundo Año/Programación Avanzada para grandes volúmenes de datos/airflow/dags/dag.py took 0.058 seconds
[2023-04-17T09:04:14.880-0300] {processor.py:153} INFO - Started process (PID=82147) to work on /home/pepino/Desktop/Maestría Udesa/Segundo Año/Programación Avanzada para grandes volúmenes de datos/airflow/dags/dag.py
[2023-04-17T09:04:14.881-0300] {processor.py:743} INFO - Processing file /home/pepino/Desktop/Maestría Udesa/Segundo Año/Programación Avanzada para grandes volúmenes de datos/airflow/dags/dag.py for tasks to queue
[2023-04-17T09:04:14.882-0300] {logging_mixin.py:137} INFO - [2023-04-17T09:04:14.882-0300] {dagbag.py:532} INFO - Filling up the DagBag from /home/pepino/Desktop/Maestría Udesa/Segundo Año/Programación Avanzada para grandes volúmenes de datos/airflow/dags/dag.py
[2023-04-17T09:04:14.896-0300] {processor.py:753} INFO - DAG(s) dict_keys(['test_con_jota']) retrieved from /home/pepino/Desktop/Maestría Udesa/Segundo Año/Programación Avanzada para grandes volúmenes de datos/airflow/dags/dag.py
[2023-04-17T09:04:14.920-0300] {logging_mixin.py:137} INFO - [2023-04-17T09:04:14.920-0300] {dag.py:2705} INFO - Sync 1 DAGs
[2023-04-17T09:04:14.929-0300] {logging_mixin.py:137} INFO - [2023-04-17T09:04:14.928-0300] {dag.py:3452} INFO - Setting next_dagrun for test_con_jota to None, run_after=None
[2023-04-17T09:04:15.018-0300] {processor.py:175} INFO - Processing /home/pepino/Desktop/Maestría Udesa/Segundo Año/Programación Avanzada para grandes volúmenes de datos/airflow/dags/dag.py took 0.141 seconds
[2023-04-17T09:04:53.382-0300] {processor.py:153} INFO - Started process (PID=82267) to work on /home/pepino/Desktop/Maestría Udesa/Segundo Año/Programación Avanzada para grandes volúmenes de datos/airflow/dags/dag.py
[2023-04-17T09:04:53.391-0300] {processor.py:743} INFO - Processing file /home/pepino/Desktop/Maestría Udesa/Segundo Año/Programación Avanzada para grandes volúmenes de datos/airflow/dags/dag.py for tasks to queue
[2023-04-17T09:04:53.392-0300] {logging_mixin.py:137} INFO - [2023-04-17T09:04:53.392-0300] {dagbag.py:532} INFO - Filling up the DagBag from /home/pepino/Desktop/Maestría Udesa/Segundo Año/Programación Avanzada para grandes volúmenes de datos/airflow/dags/dag.py
[2023-04-17T09:04:53.411-0300] {processor.py:753} INFO - DAG(s) dict_keys(['test_con_jota']) retrieved from /home/pepino/Desktop/Maestría Udesa/Segundo Año/Programación Avanzada para grandes volúmenes de datos/airflow/dags/dag.py
[2023-04-17T09:04:53.421-0300] {logging_mixin.py:137} INFO - [2023-04-17T09:04:53.420-0300] {dag.py:2705} INFO - Sync 1 DAGs
[2023-04-17T09:04:53.429-0300] {logging_mixin.py:137} INFO - [2023-04-17T09:04:53.429-0300] {dag.py:3452} INFO - Setting next_dagrun for test_con_jota to None, run_after=None
[2023-04-17T09:04:53.446-0300] {processor.py:175} INFO - Processing /home/pepino/Desktop/Maestría Udesa/Segundo Año/Programación Avanzada para grandes volúmenes de datos/airflow/dags/dag.py took 0.068 seconds
[2023-04-17T09:05:32.565-0300] {processor.py:153} INFO - Started process (PID=82354) to work on /home/pepino/Desktop/Maestría Udesa/Segundo Año/Programación Avanzada para grandes volúmenes de datos/airflow/dags/dag.py
[2023-04-17T09:05:32.573-0300] {processor.py:743} INFO - Processing file /home/pepino/Desktop/Maestría Udesa/Segundo Año/Programación Avanzada para grandes volúmenes de datos/airflow/dags/dag.py for tasks to queue
[2023-04-17T09:05:32.574-0300] {logging_mixin.py:137} INFO - [2023-04-17T09:05:32.574-0300] {dagbag.py:532} INFO - Filling up the DagBag from /home/pepino/Desktop/Maestría Udesa/Segundo Año/Programación Avanzada para grandes volúmenes de datos/airflow/dags/dag.py
[2023-04-17T09:05:32.591-0300] {processor.py:753} INFO - DAG(s) dict_keys(['test_con_jota']) retrieved from /home/pepino/Desktop/Maestría Udesa/Segundo Año/Programación Avanzada para grandes volúmenes de datos/airflow/dags/dag.py
[2023-04-17T09:05:32.595-0300] {logging_mixin.py:137} INFO - [2023-04-17T09:05:32.595-0300] {dag.py:2705} INFO - Sync 1 DAGs
[2023-04-17T09:05:32.604-0300] {logging_mixin.py:137} INFO - [2023-04-17T09:05:32.604-0300] {dag.py:3452} INFO - Setting next_dagrun for test_con_jota to None, run_after=None
[2023-04-17T09:05:32.630-0300] {processor.py:175} INFO - Processing /home/pepino/Desktop/Maestría Udesa/Segundo Año/Programación Avanzada para grandes volúmenes de datos/airflow/dags/dag.py took 0.068 seconds
[2023-04-17T09:06:07.352-0300] {processor.py:153} INFO - Started process (PID=82434) to work on /home/pepino/Desktop/Maestría Udesa/Segundo Año/Programación Avanzada para grandes volúmenes de datos/airflow/dags/dag.py
[2023-04-17T09:06:07.360-0300] {processor.py:743} INFO - Processing file /home/pepino/Desktop/Maestría Udesa/Segundo Año/Programación Avanzada para grandes volúmenes de datos/airflow/dags/dag.py for tasks to queue
[2023-04-17T09:06:07.361-0300] {logging_mixin.py:137} INFO - [2023-04-17T09:06:07.361-0300] {dagbag.py:532} INFO - Filling up the DagBag from /home/pepino/Desktop/Maestría Udesa/Segundo Año/Programación Avanzada para grandes volúmenes de datos/airflow/dags/dag.py
[2023-04-17T09:06:07.376-0300] {processor.py:753} INFO - DAG(s) dict_keys(['test_con_jota']) retrieved from /home/pepino/Desktop/Maestría Udesa/Segundo Año/Programación Avanzada para grandes volúmenes de datos/airflow/dags/dag.py
[2023-04-17T09:06:07.475-0300] {logging_mixin.py:137} INFO - [2023-04-17T09:06:07.475-0300] {dag.py:2705} INFO - Sync 1 DAGs
[2023-04-17T09:06:07.484-0300] {logging_mixin.py:137} INFO - [2023-04-17T09:06:07.484-0300] {dag.py:3452} INFO - Setting next_dagrun for test_con_jota to None, run_after=None
[2023-04-17T09:06:07.518-0300] {processor.py:175} INFO - Processing /home/pepino/Desktop/Maestría Udesa/Segundo Año/Programación Avanzada para grandes volúmenes de datos/airflow/dags/dag.py took 0.172 seconds
[2023-04-17T09:06:50.787-0300] {processor.py:153} INFO - Started process (PID=82554) to work on /home/pepino/Desktop/Maestría Udesa/Segundo Año/Programación Avanzada para grandes volúmenes de datos/airflow/dags/dag.py
[2023-04-17T09:06:50.796-0300] {processor.py:743} INFO - Processing file /home/pepino/Desktop/Maestría Udesa/Segundo Año/Programación Avanzada para grandes volúmenes de datos/airflow/dags/dag.py for tasks to queue
[2023-04-17T09:06:50.797-0300] {logging_mixin.py:137} INFO - [2023-04-17T09:06:50.797-0300] {dagbag.py:532} INFO - Filling up the DagBag from /home/pepino/Desktop/Maestría Udesa/Segundo Año/Programación Avanzada para grandes volúmenes de datos/airflow/dags/dag.py
[2023-04-17T09:06:50.813-0300] {processor.py:753} INFO - DAG(s) dict_keys(['test_con_jota']) retrieved from /home/pepino/Desktop/Maestría Udesa/Segundo Año/Programación Avanzada para grandes volúmenes de datos/airflow/dags/dag.py
[2023-04-17T09:06:50.819-0300] {logging_mixin.py:137} INFO - [2023-04-17T09:06:50.819-0300] {dag.py:2705} INFO - Sync 1 DAGs
[2023-04-17T09:06:50.829-0300] {logging_mixin.py:137} INFO - [2023-04-17T09:06:50.829-0300] {dag.py:3452} INFO - Setting next_dagrun for test_con_jota to None, run_after=None
[2023-04-17T09:06:50.926-0300] {processor.py:175} INFO - Processing /home/pepino/Desktop/Maestría Udesa/Segundo Año/Programación Avanzada para grandes volúmenes de datos/airflow/dags/dag.py took 0.143 seconds
[2023-04-17T09:07:25.926-0300] {processor.py:153} INFO - Started process (PID=82629) to work on /home/pepino/Desktop/Maestría Udesa/Segundo Año/Programación Avanzada para grandes volúmenes de datos/airflow/dags/dag.py
[2023-04-17T09:07:25.935-0300] {processor.py:743} INFO - Processing file /home/pepino/Desktop/Maestría Udesa/Segundo Año/Programación Avanzada para grandes volúmenes de datos/airflow/dags/dag.py for tasks to queue
[2023-04-17T09:07:25.936-0300] {logging_mixin.py:137} INFO - [2023-04-17T09:07:25.936-0300] {dagbag.py:532} INFO - Filling up the DagBag from /home/pepino/Desktop/Maestría Udesa/Segundo Año/Programación Avanzada para grandes volúmenes de datos/airflow/dags/dag.py
[2023-04-17T09:07:25.953-0300] {processor.py:753} INFO - DAG(s) dict_keys(['test_con_jota']) retrieved from /home/pepino/Desktop/Maestría Udesa/Segundo Año/Programación Avanzada para grandes volúmenes de datos/airflow/dags/dag.py
[2023-04-17T09:07:26.060-0300] {logging_mixin.py:137} INFO - [2023-04-17T09:07:26.060-0300] {dag.py:2705} INFO - Sync 1 DAGs
[2023-04-17T09:07:26.075-0300] {logging_mixin.py:137} INFO - [2023-04-17T09:07:26.075-0300] {dag.py:3452} INFO - Setting next_dagrun for test_con_jota to None, run_after=None
[2023-04-17T09:07:26.108-0300] {processor.py:175} INFO - Processing /home/pepino/Desktop/Maestría Udesa/Segundo Año/Programación Avanzada para grandes volúmenes de datos/airflow/dags/dag.py took 0.187 seconds
[2023-04-17T09:08:00.086-0300] {processor.py:153} INFO - Started process (PID=82695) to work on /home/pepino/Desktop/Maestría Udesa/Segundo Año/Programación Avanzada para grandes volúmenes de datos/airflow/dags/dag.py
[2023-04-17T09:08:00.087-0300] {processor.py:743} INFO - Processing file /home/pepino/Desktop/Maestría Udesa/Segundo Año/Programación Avanzada para grandes volúmenes de datos/airflow/dags/dag.py for tasks to queue
[2023-04-17T09:08:00.088-0300] {logging_mixin.py:137} INFO - [2023-04-17T09:08:00.087-0300] {dagbag.py:532} INFO - Filling up the DagBag from /home/pepino/Desktop/Maestría Udesa/Segundo Año/Programación Avanzada para grandes volúmenes de datos/airflow/dags/dag.py
[2023-04-17T09:08:00.100-0300] {processor.py:753} INFO - DAG(s) dict_keys(['test_con_jota']) retrieved from /home/pepino/Desktop/Maestría Udesa/Segundo Año/Programación Avanzada para grandes volúmenes de datos/airflow/dags/dag.py
[2023-04-17T09:08:00.105-0300] {logging_mixin.py:137} INFO - [2023-04-17T09:08:00.105-0300] {dag.py:2705} INFO - Sync 1 DAGs
[2023-04-17T09:08:00.181-0300] {logging_mixin.py:137} INFO - [2023-04-17T09:08:00.181-0300] {dag.py:3452} INFO - Setting next_dagrun for test_con_jota to None, run_after=None
[2023-04-17T09:08:00.200-0300] {processor.py:175} INFO - Processing /home/pepino/Desktop/Maestría Udesa/Segundo Año/Programación Avanzada para grandes volúmenes de datos/airflow/dags/dag.py took 0.117 seconds
[2023-04-17T09:08:35.281-0300] {processor.py:153} INFO - Started process (PID=82797) to work on /home/pepino/Desktop/Maestría Udesa/Segundo Año/Programación Avanzada para grandes volúmenes de datos/airflow/dags/dag.py
[2023-04-17T09:08:35.283-0300] {processor.py:743} INFO - Processing file /home/pepino/Desktop/Maestría Udesa/Segundo Año/Programación Avanzada para grandes volúmenes de datos/airflow/dags/dag.py for tasks to queue
[2023-04-17T09:08:35.284-0300] {logging_mixin.py:137} INFO - [2023-04-17T09:08:35.283-0300] {dagbag.py:532} INFO - Filling up the DagBag from /home/pepino/Desktop/Maestría Udesa/Segundo Año/Programación Avanzada para grandes volúmenes de datos/airflow/dags/dag.py
[2023-04-17T09:08:35.306-0300] {processor.py:753} INFO - DAG(s) dict_keys(['test_con_jota']) retrieved from /home/pepino/Desktop/Maestría Udesa/Segundo Año/Programación Avanzada para grandes volúmenes de datos/airflow/dags/dag.py
[2023-04-17T09:08:35.404-0300] {logging_mixin.py:137} INFO - [2023-04-17T09:08:35.404-0300] {dag.py:2705} INFO - Sync 1 DAGs
[2023-04-17T09:08:35.413-0300] {logging_mixin.py:137} INFO - [2023-04-17T09:08:35.412-0300] {dag.py:3452} INFO - Setting next_dagrun for test_con_jota to None, run_after=None
[2023-04-17T09:08:35.441-0300] {processor.py:175} INFO - Processing /home/pepino/Desktop/Maestría Udesa/Segundo Año/Programación Avanzada para grandes volúmenes de datos/airflow/dags/dag.py took 0.164 seconds
