[2023-04-17T08:59:52.635-0300] {processor.py:153} INFO - Started process (PID=81399) to work on /home/pepino/Desktop/Maestría Udesa/Segundo Año/Programación Avanzada para grandes volúmenes de datos/airflow/dags/dag_luigi.py
[2023-04-17T08:59:52.636-0300] {processor.py:743} INFO - Processing file /home/pepino/Desktop/Maestría Udesa/Segundo Año/Programación Avanzada para grandes volúmenes de datos/airflow/dags/dag_luigi.py for tasks to queue
[2023-04-17T08:59:52.636-0300] {logging_mixin.py:137} INFO - [2023-04-17T08:59:52.636-0300] {dagbag.py:532} INFO - Filling up the DagBag from /home/pepino/Desktop/Maestría Udesa/Segundo Año/Programación Avanzada para grandes volúmenes de datos/airflow/dags/dag_luigi.py
[2023-04-17T08:59:52.637-0300] {logging_mixin.py:137} INFO - [2023-04-17T08:59:52.637-0300] {dagbag.py:341} ERROR - Failed to import: /home/pepino/Desktop/Maestría Udesa/Segundo Año/Programación Avanzada para grandes volúmenes de datos/airflow/dags/dag_luigi.py
Traceback (most recent call last):
  File "/home/pepino/.virtualenvs/apache_airflow/lib/python3.10/site-packages/airflow/models/dagbag.py", line 337, in parse
    loader.exec_module(new_module)
  File "<frozen importlib._bootstrap_external>", line 879, in exec_module
  File "<frozen importlib._bootstrap_external>", line 1017, in get_code
  File "<frozen importlib._bootstrap_external>", line 947, in source_to_code
  File "<frozen importlib._bootstrap>", line 241, in _call_with_frames_removed
  File "/home/pepino/Desktop/Maestría Udesa/Segundo Año/Programación Avanzada para grandes volúmenes de datos/airflow/dags/dag_luigi.py", line 23
    for i in 
             ^
SyntaxError: invalid syntax
[2023-04-17T08:59:52.638-0300] {processor.py:755} WARNING - No viable dags retrieved from /home/pepino/Desktop/Maestría Udesa/Segundo Año/Programación Avanzada para grandes volúmenes de datos/airflow/dags/dag_luigi.py
[2023-04-17T08:59:52.666-0300] {processor.py:175} INFO - Processing /home/pepino/Desktop/Maestría Udesa/Segundo Año/Programación Avanzada para grandes volúmenes de datos/airflow/dags/dag_luigi.py took 0.032 seconds
[2023-04-17T09:00:36.840-0300] {processor.py:153} INFO - Started process (PID=81648) to work on /home/pepino/Desktop/Maestría Udesa/Segundo Año/Programación Avanzada para grandes volúmenes de datos/airflow/dags/dag_luigi.py
[2023-04-17T09:00:36.841-0300] {processor.py:743} INFO - Processing file /home/pepino/Desktop/Maestría Udesa/Segundo Año/Programación Avanzada para grandes volúmenes de datos/airflow/dags/dag_luigi.py for tasks to queue
[2023-04-17T09:00:36.842-0300] {logging_mixin.py:137} INFO - [2023-04-17T09:00:36.841-0300] {dagbag.py:532} INFO - Filling up the DagBag from /home/pepino/Desktop/Maestría Udesa/Segundo Año/Programación Avanzada para grandes volúmenes de datos/airflow/dags/dag_luigi.py
[2023-04-17T09:00:36.843-0300] {logging_mixin.py:137} INFO - [2023-04-17T09:00:36.843-0300] {dagbag.py:341} ERROR - Failed to import: /home/pepino/Desktop/Maestría Udesa/Segundo Año/Programación Avanzada para grandes volúmenes de datos/airflow/dags/dag_luigi.py
Traceback (most recent call last):
  File "/home/pepino/.virtualenvs/apache_airflow/lib/python3.10/site-packages/airflow/models/dagbag.py", line 337, in parse
    loader.exec_module(new_module)
  File "<frozen importlib._bootstrap_external>", line 879, in exec_module
  File "<frozen importlib._bootstrap_external>", line 1017, in get_code
  File "<frozen importlib._bootstrap_external>", line 947, in source_to_code
  File "<frozen importlib._bootstrap>", line 241, in _call_with_frames_removed
  File "/home/pepino/Desktop/Maestría Udesa/Segundo Año/Programación Avanzada para grandes volúmenes de datos/airflow/dags/dag_luigi.py", line 23
    for i in 
             ^
SyntaxError: invalid syntax
[2023-04-17T09:00:36.844-0300] {processor.py:755} WARNING - No viable dags retrieved from /home/pepino/Desktop/Maestría Udesa/Segundo Año/Programación Avanzada para grandes volúmenes de datos/airflow/dags/dag_luigi.py
[2023-04-17T09:00:36.868-0300] {processor.py:175} INFO - Processing /home/pepino/Desktop/Maestría Udesa/Segundo Año/Programación Avanzada para grandes volúmenes de datos/airflow/dags/dag_luigi.py took 0.030 seconds
[2023-04-17T09:01:20.207-0300] {processor.py:153} INFO - Started process (PID=81745) to work on /home/pepino/Desktop/Maestría Udesa/Segundo Año/Programación Avanzada para grandes volúmenes de datos/airflow/dags/dag_luigi.py
[2023-04-17T09:01:20.215-0300] {processor.py:743} INFO - Processing file /home/pepino/Desktop/Maestría Udesa/Segundo Año/Programación Avanzada para grandes volúmenes de datos/airflow/dags/dag_luigi.py for tasks to queue
[2023-04-17T09:01:20.216-0300] {logging_mixin.py:137} INFO - [2023-04-17T09:01:20.216-0300] {dagbag.py:532} INFO - Filling up the DagBag from /home/pepino/Desktop/Maestría Udesa/Segundo Año/Programación Avanzada para grandes volúmenes de datos/airflow/dags/dag_luigi.py
[2023-04-17T09:01:20.219-0300] {logging_mixin.py:137} INFO - [2023-04-17T09:01:20.218-0300] {dagbag.py:341} ERROR - Failed to import: /home/pepino/Desktop/Maestría Udesa/Segundo Año/Programación Avanzada para grandes volúmenes de datos/airflow/dags/dag_luigi.py
Traceback (most recent call last):
  File "/home/pepino/.virtualenvs/apache_airflow/lib/python3.10/site-packages/airflow/models/dagbag.py", line 337, in parse
    loader.exec_module(new_module)
  File "<frozen importlib._bootstrap_external>", line 879, in exec_module
  File "<frozen importlib._bootstrap_external>", line 1017, in get_code
  File "<frozen importlib._bootstrap_external>", line 947, in source_to_code
  File "<frozen importlib._bootstrap>", line 241, in _call_with_frames_removed
  File "/home/pepino/Desktop/Maestría Udesa/Segundo Año/Programación Avanzada para grandes volúmenes de datos/airflow/dags/dag_luigi.py", line 23
    for i in 
             ^
SyntaxError: invalid syntax
[2023-04-17T09:01:20.220-0300] {processor.py:755} WARNING - No viable dags retrieved from /home/pepino/Desktop/Maestría Udesa/Segundo Año/Programación Avanzada para grandes volúmenes de datos/airflow/dags/dag_luigi.py
[2023-04-17T09:01:20.242-0300] {processor.py:175} INFO - Processing /home/pepino/Desktop/Maestría Udesa/Segundo Año/Programación Avanzada para grandes volúmenes de datos/airflow/dags/dag_luigi.py took 0.037 seconds
[2023-04-17T09:02:04.520-0300] {processor.py:153} INFO - Started process (PID=81843) to work on /home/pepino/Desktop/Maestría Udesa/Segundo Año/Programación Avanzada para grandes volúmenes de datos/airflow/dags/dag_luigi.py
[2023-04-17T09:02:04.529-0300] {processor.py:743} INFO - Processing file /home/pepino/Desktop/Maestría Udesa/Segundo Año/Programación Avanzada para grandes volúmenes de datos/airflow/dags/dag_luigi.py for tasks to queue
[2023-04-17T09:02:04.530-0300] {logging_mixin.py:137} INFO - [2023-04-17T09:02:04.530-0300] {dagbag.py:532} INFO - Filling up the DagBag from /home/pepino/Desktop/Maestría Udesa/Segundo Año/Programación Avanzada para grandes volúmenes de datos/airflow/dags/dag_luigi.py
[2023-04-17T09:02:04.547-0300] {processor.py:753} INFO - DAG(s) dict_keys(['test_con_jota']) retrieved from /home/pepino/Desktop/Maestría Udesa/Segundo Año/Programación Avanzada para grandes volúmenes de datos/airflow/dags/dag_luigi.py
[2023-04-17T09:02:04.568-0300] {logging_mixin.py:137} INFO - [2023-04-17T09:02:04.568-0300] {dag.py:2705} INFO - Sync 1 DAGs
[2023-04-17T09:02:04.576-0300] {logging_mixin.py:137} INFO - [2023-04-17T09:02:04.576-0300] {dag.py:3452} INFO - Setting next_dagrun for test_con_jota to None, run_after=None
[2023-04-17T09:02:04.606-0300] {processor.py:175} INFO - Processing /home/pepino/Desktop/Maestría Udesa/Segundo Año/Programación Avanzada para grandes volúmenes de datos/airflow/dags/dag_luigi.py took 0.088 seconds
[2023-04-17T09:02:46.207-0300] {processor.py:153} INFO - Started process (PID=81923) to work on /home/pepino/Desktop/Maestría Udesa/Segundo Año/Programación Avanzada para grandes volúmenes de datos/airflow/dags/dag_luigi.py
[2023-04-17T09:02:46.215-0300] {processor.py:743} INFO - Processing file /home/pepino/Desktop/Maestría Udesa/Segundo Año/Programación Avanzada para grandes volúmenes de datos/airflow/dags/dag_luigi.py for tasks to queue
[2023-04-17T09:02:46.216-0300] {logging_mixin.py:137} INFO - [2023-04-17T09:02:46.216-0300] {dagbag.py:532} INFO - Filling up the DagBag from /home/pepino/Desktop/Maestría Udesa/Segundo Año/Programación Avanzada para grandes volúmenes de datos/airflow/dags/dag_luigi.py
[2023-04-17T09:02:46.234-0300] {processor.py:753} INFO - DAG(s) dict_keys(['test_con_jota']) retrieved from /home/pepino/Desktop/Maestría Udesa/Segundo Año/Programación Avanzada para grandes volúmenes de datos/airflow/dags/dag_luigi.py
[2023-04-17T09:02:46.243-0300] {logging_mixin.py:137} INFO - [2023-04-17T09:02:46.243-0300] {dag.py:2705} INFO - Sync 1 DAGs
[2023-04-17T09:02:46.252-0300] {logging_mixin.py:137} INFO - [2023-04-17T09:02:46.252-0300] {dag.py:3452} INFO - Setting next_dagrun for test_con_jota to None, run_after=None
[2023-04-17T09:02:46.270-0300] {processor.py:175} INFO - Processing /home/pepino/Desktop/Maestría Udesa/Segundo Año/Programación Avanzada para grandes volúmenes de datos/airflow/dags/dag_luigi.py took 0.067 seconds
[2023-04-17T09:03:29.529-0300] {processor.py:153} INFO - Started process (PID=82010) to work on /home/pepino/Desktop/Maestría Udesa/Segundo Año/Programación Avanzada para grandes volúmenes de datos/airflow/dags/dag_luigi.py
[2023-04-17T09:03:29.537-0300] {processor.py:743} INFO - Processing file /home/pepino/Desktop/Maestría Udesa/Segundo Año/Programación Avanzada para grandes volúmenes de datos/airflow/dags/dag_luigi.py for tasks to queue
[2023-04-17T09:03:29.537-0300] {logging_mixin.py:137} INFO - [2023-04-17T09:03:29.537-0300] {dagbag.py:532} INFO - Filling up the DagBag from /home/pepino/Desktop/Maestría Udesa/Segundo Año/Programación Avanzada para grandes volúmenes de datos/airflow/dags/dag_luigi.py
[2023-04-17T09:03:29.548-0300] {processor.py:753} INFO - DAG(s) dict_keys(['test_con_jota']) retrieved from /home/pepino/Desktop/Maestría Udesa/Segundo Año/Programación Avanzada para grandes volúmenes de datos/airflow/dags/dag_luigi.py
[2023-04-17T09:03:29.574-0300] {logging_mixin.py:137} INFO - [2023-04-17T09:03:29.574-0300] {dag.py:2705} INFO - Sync 1 DAGs
[2023-04-17T09:03:29.584-0300] {logging_mixin.py:137} INFO - [2023-04-17T09:03:29.584-0300] {dag.py:3452} INFO - Setting next_dagrun for test_con_jota to None, run_after=None
[2023-04-17T09:03:29.612-0300] {processor.py:175} INFO - Processing /home/pepino/Desktop/Maestría Udesa/Segundo Año/Programación Avanzada para grandes volúmenes de datos/airflow/dags/dag_luigi.py took 0.085 seconds
[2023-04-17T09:04:00.552-0300] {processor.py:153} INFO - Started process (PID=82113) to work on /home/pepino/Desktop/Maestría Udesa/Segundo Año/Programación Avanzada para grandes volúmenes de datos/airflow/dags/dag_luigi.py
[2023-04-17T09:04:00.561-0300] {processor.py:743} INFO - Processing file /home/pepino/Desktop/Maestría Udesa/Segundo Año/Programación Avanzada para grandes volúmenes de datos/airflow/dags/dag_luigi.py for tasks to queue
[2023-04-17T09:04:00.561-0300] {logging_mixin.py:137} INFO - [2023-04-17T09:04:00.561-0300] {dagbag.py:532} INFO - Filling up the DagBag from /home/pepino/Desktop/Maestría Udesa/Segundo Año/Programación Avanzada para grandes volúmenes de datos/airflow/dags/dag_luigi.py
[2023-04-17T09:04:00.575-0300] {processor.py:753} INFO - DAG(s) dict_keys(['test_con_jota']) retrieved from /home/pepino/Desktop/Maestría Udesa/Segundo Año/Programación Avanzada para grandes volúmenes de datos/airflow/dags/dag_luigi.py
[2023-04-17T09:04:00.586-0300] {logging_mixin.py:137} INFO - [2023-04-17T09:04:00.586-0300] {dag.py:2705} INFO - Sync 1 DAGs
[2023-04-17T09:04:00.595-0300] {logging_mixin.py:137} INFO - [2023-04-17T09:04:00.595-0300] {dag.py:3452} INFO - Setting next_dagrun for test_con_jota to None, run_after=None
[2023-04-17T09:04:00.624-0300] {processor.py:175} INFO - Processing /home/pepino/Desktop/Maestría Udesa/Segundo Año/Programación Avanzada para grandes volúmenes de datos/airflow/dags/dag_luigi.py took 0.074 seconds
[2023-04-17T09:04:40.775-0300] {processor.py:153} INFO - Started process (PID=82208) to work on /home/pepino/Desktop/Maestría Udesa/Segundo Año/Programación Avanzada para grandes volúmenes de datos/airflow/dags/dag_luigi.py
[2023-04-17T09:04:40.776-0300] {processor.py:743} INFO - Processing file /home/pepino/Desktop/Maestría Udesa/Segundo Año/Programación Avanzada para grandes volúmenes de datos/airflow/dags/dag_luigi.py for tasks to queue
[2023-04-17T09:04:40.778-0300] {logging_mixin.py:137} INFO - [2023-04-17T09:04:40.777-0300] {dagbag.py:532} INFO - Filling up the DagBag from /home/pepino/Desktop/Maestría Udesa/Segundo Año/Programación Avanzada para grandes volúmenes de datos/airflow/dags/dag_luigi.py
[2023-04-17T09:04:40.792-0300] {processor.py:753} INFO - DAG(s) dict_keys(['test_con_jota']) retrieved from /home/pepino/Desktop/Maestría Udesa/Segundo Año/Programación Avanzada para grandes volúmenes de datos/airflow/dags/dag_luigi.py
[2023-04-17T09:04:40.797-0300] {logging_mixin.py:137} INFO - [2023-04-17T09:04:40.796-0300] {dag.py:2705} INFO - Sync 1 DAGs
[2023-04-17T09:04:40.806-0300] {logging_mixin.py:137} INFO - [2023-04-17T09:04:40.806-0300] {dag.py:3452} INFO - Setting next_dagrun for test_con_jota to None, run_after=None
[2023-04-17T09:04:40.833-0300] {processor.py:175} INFO - Processing /home/pepino/Desktop/Maestría Udesa/Segundo Año/Programación Avanzada para grandes volúmenes de datos/airflow/dags/dag_luigi.py took 0.063 seconds
[2023-04-17T09:05:19.183-0300] {processor.py:153} INFO - Started process (PID=82329) to work on /home/pepino/Desktop/Maestría Udesa/Segundo Año/Programación Avanzada para grandes volúmenes de datos/airflow/dags/dag_luigi.py
[2023-04-17T09:05:19.192-0300] {processor.py:743} INFO - Processing file /home/pepino/Desktop/Maestría Udesa/Segundo Año/Programación Avanzada para grandes volúmenes de datos/airflow/dags/dag_luigi.py for tasks to queue
[2023-04-17T09:05:19.193-0300] {logging_mixin.py:137} INFO - [2023-04-17T09:05:19.193-0300] {dagbag.py:532} INFO - Filling up the DagBag from /home/pepino/Desktop/Maestría Udesa/Segundo Año/Programación Avanzada para grandes volúmenes de datos/airflow/dags/dag_luigi.py
[2023-04-17T09:05:19.209-0300] {processor.py:753} INFO - DAG(s) dict_keys(['test_con_jota']) retrieved from /home/pepino/Desktop/Maestría Udesa/Segundo Año/Programación Avanzada para grandes volúmenes de datos/airflow/dags/dag_luigi.py
[2023-04-17T09:05:19.233-0300] {logging_mixin.py:137} INFO - [2023-04-17T09:05:19.233-0300] {dag.py:2705} INFO - Sync 1 DAGs
[2023-04-17T09:05:19.315-0300] {logging_mixin.py:137} INFO - [2023-04-17T09:05:19.315-0300] {dag.py:3452} INFO - Setting next_dagrun for test_con_jota to None, run_after=None
[2023-04-17T09:05:19.342-0300] {processor.py:175} INFO - Processing /home/pepino/Desktop/Maestría Udesa/Segundo Año/Programación Avanzada para grandes volúmenes de datos/airflow/dags/dag_luigi.py took 0.163 seconds
[2023-04-17T09:06:06.392-0300] {processor.py:153} INFO - Started process (PID=82432) to work on /home/pepino/Desktop/Maestría Udesa/Segundo Año/Programación Avanzada para grandes volúmenes de datos/airflow/dags/dag_luigi.py
[2023-04-17T09:06:06.401-0300] {processor.py:743} INFO - Processing file /home/pepino/Desktop/Maestría Udesa/Segundo Año/Programación Avanzada para grandes volúmenes de datos/airflow/dags/dag_luigi.py for tasks to queue
[2023-04-17T09:06:06.402-0300] {logging_mixin.py:137} INFO - [2023-04-17T09:06:06.402-0300] {dagbag.py:532} INFO - Filling up the DagBag from /home/pepino/Desktop/Maestría Udesa/Segundo Año/Programación Avanzada para grandes volúmenes de datos/airflow/dags/dag_luigi.py
[2023-04-17T09:06:06.419-0300] {processor.py:753} INFO - DAG(s) dict_keys(['test_con_jota']) retrieved from /home/pepino/Desktop/Maestría Udesa/Segundo Año/Programación Avanzada para grandes volúmenes de datos/airflow/dags/dag_luigi.py
[2023-04-17T09:06:06.428-0300] {logging_mixin.py:137} INFO - [2023-04-17T09:06:06.428-0300] {dag.py:2705} INFO - Sync 1 DAGs
[2023-04-17T09:06:06.438-0300] {logging_mixin.py:137} INFO - [2023-04-17T09:06:06.438-0300] {dag.py:3452} INFO - Setting next_dagrun for test_con_jota to None, run_after=None
[2023-04-17T09:06:06.527-0300] {processor.py:175} INFO - Processing /home/pepino/Desktop/Maestría Udesa/Segundo Año/Programación Avanzada para grandes volúmenes de datos/airflow/dags/dag_luigi.py took 0.139 seconds
[2023-04-17T09:06:49.535-0300] {processor.py:153} INFO - Started process (PID=82552) to work on /home/pepino/Desktop/Maestría Udesa/Segundo Año/Programación Avanzada para grandes volúmenes de datos/airflow/dags/dag_luigi.py
[2023-04-17T09:06:49.543-0300] {processor.py:743} INFO - Processing file /home/pepino/Desktop/Maestría Udesa/Segundo Año/Programación Avanzada para grandes volúmenes de datos/airflow/dags/dag_luigi.py for tasks to queue
[2023-04-17T09:06:49.544-0300] {logging_mixin.py:137} INFO - [2023-04-17T09:06:49.544-0300] {dagbag.py:532} INFO - Filling up the DagBag from /home/pepino/Desktop/Maestría Udesa/Segundo Año/Programación Avanzada para grandes volúmenes de datos/airflow/dags/dag_luigi.py
[2023-04-17T09:06:49.555-0300] {processor.py:753} INFO - DAG(s) dict_keys(['test_con_jota']) retrieved from /home/pepino/Desktop/Maestría Udesa/Segundo Año/Programación Avanzada para grandes volúmenes de datos/airflow/dags/dag_luigi.py
[2023-04-17T09:06:49.650-0300] {logging_mixin.py:137} INFO - [2023-04-17T09:06:49.650-0300] {dag.py:2705} INFO - Sync 1 DAGs
[2023-04-17T09:06:49.658-0300] {logging_mixin.py:137} INFO - [2023-04-17T09:06:49.658-0300] {dag.py:3452} INFO - Setting next_dagrun for test_con_jota to None, run_after=None
[2023-04-17T09:06:49.679-0300] {processor.py:175} INFO - Processing /home/pepino/Desktop/Maestría Udesa/Segundo Año/Programación Avanzada para grandes volúmenes de datos/airflow/dags/dag_luigi.py took 0.148 seconds
[2023-04-17T09:07:24.677-0300] {processor.py:153} INFO - Started process (PID=82628) to work on /home/pepino/Desktop/Maestría Udesa/Segundo Año/Programación Avanzada para grandes volúmenes de datos/airflow/dags/dag_luigi.py
[2023-04-17T09:07:24.678-0300] {processor.py:743} INFO - Processing file /home/pepino/Desktop/Maestría Udesa/Segundo Año/Programación Avanzada para grandes volúmenes de datos/airflow/dags/dag_luigi.py for tasks to queue
[2023-04-17T09:07:24.679-0300] {logging_mixin.py:137} INFO - [2023-04-17T09:07:24.679-0300] {dagbag.py:532} INFO - Filling up the DagBag from /home/pepino/Desktop/Maestría Udesa/Segundo Año/Programación Avanzada para grandes volúmenes de datos/airflow/dags/dag_luigi.py
[2023-04-17T09:07:24.692-0300] {processor.py:753} INFO - DAG(s) dict_keys(['test_con_jota']) retrieved from /home/pepino/Desktop/Maestría Udesa/Segundo Año/Programación Avanzada para grandes volúmenes de datos/airflow/dags/dag_luigi.py
[2023-04-17T09:07:24.702-0300] {logging_mixin.py:137} INFO - [2023-04-17T09:07:24.701-0300] {dag.py:2705} INFO - Sync 1 DAGs
[2023-04-17T09:07:24.778-0300] {logging_mixin.py:137} INFO - [2023-04-17T09:07:24.777-0300] {dag.py:3452} INFO - Setting next_dagrun for test_con_jota to None, run_after=None
[2023-04-17T09:07:24.798-0300] {processor.py:175} INFO - Processing /home/pepino/Desktop/Maestría Udesa/Segundo Año/Programación Avanzada para grandes volúmenes de datos/airflow/dags/dag_luigi.py took 0.126 seconds
[2023-04-17T09:07:59.817-0300] {processor.py:153} INFO - Started process (PID=82694) to work on /home/pepino/Desktop/Maestría Udesa/Segundo Año/Programación Avanzada para grandes volúmenes de datos/airflow/dags/dag_luigi.py
[2023-04-17T09:07:59.818-0300] {processor.py:743} INFO - Processing file /home/pepino/Desktop/Maestría Udesa/Segundo Año/Programación Avanzada para grandes volúmenes de datos/airflow/dags/dag_luigi.py for tasks to queue
[2023-04-17T09:07:59.819-0300] {logging_mixin.py:137} INFO - [2023-04-17T09:07:59.819-0300] {dagbag.py:532} INFO - Filling up the DagBag from /home/pepino/Desktop/Maestría Udesa/Segundo Año/Programación Avanzada para grandes volúmenes de datos/airflow/dags/dag_luigi.py
[2023-04-17T09:07:59.832-0300] {processor.py:753} INFO - DAG(s) dict_keys(['test_con_jota']) retrieved from /home/pepino/Desktop/Maestría Udesa/Segundo Año/Programación Avanzada para grandes volúmenes de datos/airflow/dags/dag_luigi.py
[2023-04-17T09:07:59.930-0300] {logging_mixin.py:137} INFO - [2023-04-17T09:07:59.930-0300] {dag.py:2705} INFO - Sync 1 DAGs
[2023-04-17T09:07:59.939-0300] {logging_mixin.py:137} INFO - [2023-04-17T09:07:59.939-0300] {dag.py:3452} INFO - Setting next_dagrun for test_con_jota to None, run_after=None
[2023-04-17T09:07:59.970-0300] {processor.py:175} INFO - Processing /home/pepino/Desktop/Maestría Udesa/Segundo Año/Programación Avanzada para grandes volúmenes de datos/airflow/dags/dag_luigi.py took 0.157 seconds
[2023-04-17T09:08:34.038-0300] {processor.py:153} INFO - Started process (PID=82796) to work on /home/pepino/Desktop/Maestría Udesa/Segundo Año/Programación Avanzada para grandes volúmenes de datos/airflow/dags/dag_luigi.py
[2023-04-17T09:08:34.047-0300] {processor.py:743} INFO - Processing file /home/pepino/Desktop/Maestría Udesa/Segundo Año/Programación Avanzada para grandes volúmenes de datos/airflow/dags/dag_luigi.py for tasks to queue
[2023-04-17T09:08:34.048-0300] {logging_mixin.py:137} INFO - [2023-04-17T09:08:34.047-0300] {dagbag.py:532} INFO - Filling up the DagBag from /home/pepino/Desktop/Maestría Udesa/Segundo Año/Programación Avanzada para grandes volúmenes de datos/airflow/dags/dag_luigi.py
[2023-04-17T09:08:34.065-0300] {processor.py:753} INFO - DAG(s) dict_keys(['test_con_jota']) retrieved from /home/pepino/Desktop/Maestría Udesa/Segundo Año/Programación Avanzada para grandes volúmenes de datos/airflow/dags/dag_luigi.py
[2023-04-17T09:08:34.130-0300] {logging_mixin.py:137} INFO - [2023-04-17T09:08:34.130-0300] {dag.py:2705} INFO - Sync 1 DAGs
[2023-04-17T09:08:34.138-0300] {logging_mixin.py:137} INFO - [2023-04-17T09:08:34.138-0300] {dag.py:3452} INFO - Setting next_dagrun for test_con_jota to None, run_after=None
[2023-04-17T09:08:34.156-0300] {processor.py:175} INFO - Processing /home/pepino/Desktop/Maestría Udesa/Segundo Año/Programación Avanzada para grandes volúmenes de datos/airflow/dags/dag_luigi.py took 0.121 seconds
