[2023-04-23T16:17:33.763-0300] {taskinstance.py:1090} INFO - Dependencies all met for dep_context=non-requeueable deps ti=<TaskInstance: trabajo_practico.filtrado scheduled__2023-04-22T19:17:06.312028+00:00 [queued]>
[2023-04-23T16:17:33.767-0300] {taskinstance.py:1090} INFO - Dependencies all met for dep_context=requeueable deps ti=<TaskInstance: trabajo_practico.filtrado scheduled__2023-04-22T19:17:06.312028+00:00 [queued]>
[2023-04-23T16:17:33.767-0300] {taskinstance.py:1288} INFO - 
--------------------------------------------------------------------------------
[2023-04-23T16:17:33.767-0300] {taskinstance.py:1289} INFO - Starting attempt 1 of 2
[2023-04-23T16:17:33.767-0300] {taskinstance.py:1290} INFO - 
--------------------------------------------------------------------------------
[2023-04-23T16:17:33.782-0300] {taskinstance.py:1309} INFO - Executing <Task(PythonOperator): filtrado> on 2023-04-22 19:17:06.312028+00:00
[2023-04-23T16:17:33.784-0300] {standard_task_runner.py:55} INFO - Started process 13026 to run task
[2023-04-23T16:17:33.786-0300] {standard_task_runner.py:82} INFO - Running: ['airflow', 'tasks', 'run', 'trabajo_practico', 'filtrado', 'scheduled__2023-04-22T19:17:06.312028+00:00', '--job-id', '33', '--raw', '--subdir', 'DAGS_FOLDER/dag_tp.py', '--cfg-path', '/tmp/tmp8gf6mhd1']
[2023-04-23T16:17:33.786-0300] {standard_task_runner.py:83} INFO - Job 33: Subtask filtrado
[2023-04-23T16:17:33.815-0300] {task_command.py:389} INFO - Running <TaskInstance: trabajo_practico.filtrado scheduled__2023-04-22T19:17:06.312028+00:00 [running]> on host pepino-ThinkPad-E15-Gen-2
[2023-04-23T16:17:33.910-0300] {taskinstance.py:1516} INFO - Exporting the following env vars:
AIRFLOW_CTX_DAG_OWNER=airflow
AIRFLOW_CTX_DAG_ID=trabajo_practico
AIRFLOW_CTX_TASK_ID=filtrado
AIRFLOW_CTX_EXECUTION_DATE=2023-04-22T19:17:06.312028+00:00
AIRFLOW_CTX_TRY_NUMBER=1
AIRFLOW_CTX_DAG_RUN_ID=scheduled__2023-04-22T19:17:06.312028+00:00
[2023-04-23T16:17:33.955-0300] {python.py:177} INFO - Done. Returned value was: {'advertiser_id': {}, 'product_id': {}, 'type': {}, 'date': {}}
[2023-04-23T16:17:33.969-0300] {taskinstance.py:1327} INFO - Marking task as SUCCESS. dag_id=trabajo_practico, task_id=filtrado, execution_date=20230422T191706, start_date=20230423T191733, end_date=20230423T191733
[2023-04-23T16:17:33.998-0300] {local_task_job.py:212} INFO - Task exited with return code 0
[2023-04-23T16:17:34.010-0300] {taskinstance.py:2596} INFO - 1 downstream tasks scheduled from follow-on schedule check
